[2024-08-16 10:38:47,143] {taskinstance.py:1159} INFO - Dependencies all met for <TaskInstance: clima_process_extractor.Creator_folder_with_datetime scheduled__2023-08-16T15:20:00+00:00 [queued]>
[2024-08-16 10:38:47,152] {taskinstance.py:1159} INFO - Dependencies all met for <TaskInstance: clima_process_extractor.Creator_folder_with_datetime scheduled__2023-08-16T15:20:00+00:00 [queued]>
[2024-08-16 10:38:47,152] {taskinstance.py:1356} INFO - 
--------------------------------------------------------------------------------
[2024-08-16 10:38:47,152] {taskinstance.py:1357} INFO - Starting attempt 1 of 1
[2024-08-16 10:38:47,152] {taskinstance.py:1358} INFO - 
--------------------------------------------------------------------------------
[2024-08-16 10:38:47,176] {taskinstance.py:1377} INFO - Executing <Task(BashOperator): Creator_folder_with_datetime> on 2023-08-16 15:20:00+00:00
[2024-08-16 10:38:47,180] {standard_task_runner.py:52} INFO - Started process 47061 to run task
[2024-08-16 10:38:47,182] {standard_task_runner.py:79} INFO - Running: ['airflow', 'tasks', 'run', 'clima_process_extractor', 'Creator_folder_with_datetime', 'scheduled__2023-08-16T15:20:00+00:00', '--job-id', '46', '--raw', '--subdir', 'DAGS_FOLDER/my_first_dag.py', '--cfg-path', '/tmp/tmp2zoobrh6', '--error-file', '/tmp/tmppl_6k98f']
[2024-08-16 10:38:47,183] {standard_task_runner.py:80} INFO - Job 46: Subtask Creator_folder_with_datetime
[2024-08-16 10:38:47,256] {task_command.py:370} INFO - Running <TaskInstance: clima_process_extractor.Creator_folder_with_datetime scheduled__2023-08-16T15:20:00+00:00 [running]> on host kaiwangairflow
[2024-08-16 10:38:47,306] {taskinstance.py:1569} INFO - Exporting the following env vars:
AIRFLOW_CTX_DAG_OWNER=airflow
AIRFLOW_CTX_DAG_ID=clima_process_extractor
AIRFLOW_CTX_TASK_ID=Creator_folder_with_datetime
AIRFLOW_CTX_EXECUTION_DATE=2023-08-16T15:20:00+00:00
AIRFLOW_CTX_TRY_NUMBER=1
AIRFLOW_CTX_DAG_RUN_ID=scheduled__2023-08-16T15:20:00+00:00
[2024-08-16 10:38:47,307] {subprocess.py:62} INFO - Tmp dir root location: 
 /tmp
[2024-08-16 10:38:47,308] {subprocess.py:74} INFO - Running command: ['bash', '-c', "mkdir -p '/home/kai/Documents/airflowalura/semana={data_interval}/'"]
[2024-08-16 10:38:47,320] {subprocess.py:85} INFO - Output:
[2024-08-16 10:38:47,321] {subprocess.py:96} INFO - Command exited with return code 0
[2024-08-16 10:38:47,341] {taskinstance.py:1395} INFO - Marking task as SUCCESS. dag_id=clima_process_extractor, task_id=Creator_folder_with_datetime, execution_date=20230816T152000, start_date=20240816T133847, end_date=20240816T133847
[2024-08-16 10:38:47,362] {local_task_job.py:156} INFO - Task exited with return code 0
[2024-08-16 10:38:47,382] {local_task_job.py:273} INFO - 1 downstream tasks scheduled from follow-on schedule check
