[2024-08-16 10:58:11,838] {taskinstance.py:1159} INFO - Dependencies all met for <TaskInstance: clima_process_extractor.Creator_folder_with_datetime scheduled__2024-07-29T00:00:00+00:00 [queued]>
[2024-08-16 10:58:11,847] {taskinstance.py:1159} INFO - Dependencies all met for <TaskInstance: clima_process_extractor.Creator_folder_with_datetime scheduled__2024-07-29T00:00:00+00:00 [queued]>
[2024-08-16 10:58:11,849] {taskinstance.py:1356} INFO - 
--------------------------------------------------------------------------------
[2024-08-16 10:58:11,849] {taskinstance.py:1357} INFO - Starting attempt 1 of 1
[2024-08-16 10:58:11,849] {taskinstance.py:1358} INFO - 
--------------------------------------------------------------------------------
[2024-08-16 10:58:11,867] {taskinstance.py:1377} INFO - Executing <Task(BashOperator): Creator_folder_with_datetime> on 2024-07-29 00:00:00+00:00
[2024-08-16 10:58:11,874] {standard_task_runner.py:52} INFO - Started process 59216 to run task
[2024-08-16 10:58:11,878] {standard_task_runner.py:79} INFO - Running: ['airflow', 'tasks', 'run', 'clima_process_extractor', 'Creator_folder_with_datetime', 'scheduled__2024-07-29T00:00:00+00:00', '--job-id', '201', '--raw', '--subdir', 'DAGS_FOLDER/my_first_dag.py', '--cfg-path', '/tmp/tmpd6geybb2', '--error-file', '/tmp/tmpczglijs4']
[2024-08-16 10:58:11,879] {standard_task_runner.py:80} INFO - Job 201: Subtask Creator_folder_with_datetime
[2024-08-16 10:58:11,945] {task_command.py:370} INFO - Running <TaskInstance: clima_process_extractor.Creator_folder_with_datetime scheduled__2024-07-29T00:00:00+00:00 [running]> on host kaiwangairflow
[2024-08-16 10:58:11,998] {taskinstance.py:1569} INFO - Exporting the following env vars:
AIRFLOW_CTX_DAG_OWNER=airflow
AIRFLOW_CTX_DAG_ID=clima_process_extractor
AIRFLOW_CTX_TASK_ID=Creator_folder_with_datetime
AIRFLOW_CTX_EXECUTION_DATE=2024-07-29T00:00:00+00:00
AIRFLOW_CTX_TRY_NUMBER=1
AIRFLOW_CTX_DAG_RUN_ID=scheduled__2024-07-29T00:00:00+00:00
[2024-08-16 10:58:12,001] {subprocess.py:62} INFO - Tmp dir root location: 
 /tmp
[2024-08-16 10:58:12,002] {subprocess.py:74} INFO - Running command: ['bash', '-c', "mkdir -p '/home/kai/Documents/airflowalura/semana=2024-08-05/'"]
[2024-08-16 10:58:12,014] {subprocess.py:85} INFO - Output:
[2024-08-16 10:58:12,017] {subprocess.py:96} INFO - Command exited with return code 0
[2024-08-16 10:58:12,043] {taskinstance.py:1395} INFO - Marking task as SUCCESS. dag_id=clima_process_extractor, task_id=Creator_folder_with_datetime, execution_date=20240729T000000, start_date=20240816T135811, end_date=20240816T135812
[2024-08-16 10:58:12,095] {local_task_job.py:156} INFO - Task exited with return code 0
[2024-08-16 10:58:12,117] {local_task_job.py:273} INFO - 1 downstream tasks scheduled from follow-on schedule check
[2024-08-16 11:14:14,979] {taskinstance.py:1159} INFO - Dependencies all met for <TaskInstance: clima_process_extractor.Creator_folder_with_datetime scheduled__2024-07-29T00:00:00+00:00 [queued]>
[2024-08-16 11:14:14,983] {taskinstance.py:1159} INFO - Dependencies all met for <TaskInstance: clima_process_extractor.Creator_folder_with_datetime scheduled__2024-07-29T00:00:00+00:00 [queued]>
[2024-08-16 11:14:14,984] {taskinstance.py:1356} INFO - 
--------------------------------------------------------------------------------
[2024-08-16 11:14:14,984] {taskinstance.py:1357} INFO - Starting attempt 1 of 1
[2024-08-16 11:14:14,985] {taskinstance.py:1358} INFO - 
--------------------------------------------------------------------------------
[2024-08-16 11:14:15,002] {taskinstance.py:1377} INFO - Executing <Task(BashOperator): Creator_folder_with_datetime> on 2024-07-29 00:00:00+00:00
[2024-08-16 11:14:15,006] {standard_task_runner.py:52} INFO - Started process 66357 to run task
[2024-08-16 11:14:15,008] {standard_task_runner.py:79} INFO - Running: ['airflow', 'tasks', 'run', 'clima_process_extractor', 'Creator_folder_with_datetime', 'scheduled__2024-07-29T00:00:00+00:00', '--job-id', '223', '--raw', '--subdir', 'DAGS_FOLDER/my_first_dag.py', '--cfg-path', '/tmp/tmpc6dd4_ts', '--error-file', '/tmp/tmp77mwx2ra']
[2024-08-16 11:14:15,009] {standard_task_runner.py:80} INFO - Job 223: Subtask Creator_folder_with_datetime
[2024-08-16 11:14:15,040] {task_command.py:370} INFO - Running <TaskInstance: clima_process_extractor.Creator_folder_with_datetime scheduled__2024-07-29T00:00:00+00:00 [running]> on host kaiwangairflow
[2024-08-16 11:14:15,096] {taskinstance.py:1569} INFO - Exporting the following env vars:
AIRFLOW_CTX_DAG_OWNER=airflow
AIRFLOW_CTX_DAG_ID=clima_process_extractor
AIRFLOW_CTX_TASK_ID=Creator_folder_with_datetime
AIRFLOW_CTX_EXECUTION_DATE=2024-07-29T00:00:00+00:00
AIRFLOW_CTX_TRY_NUMBER=1
AIRFLOW_CTX_DAG_RUN_ID=scheduled__2024-07-29T00:00:00+00:00
[2024-08-16 11:14:15,098] {subprocess.py:62} INFO - Tmp dir root location: 
 /tmp
[2024-08-16 11:14:15,099] {subprocess.py:74} INFO - Running command: ['bash', '-c', "mkdir -p '/home/kai/Documents/airflowalura/semana=2024-08-05/'"]
[2024-08-16 11:14:15,105] {subprocess.py:85} INFO - Output:
[2024-08-16 11:14:15,107] {subprocess.py:96} INFO - Command exited with return code 0
[2024-08-16 11:14:15,123] {taskinstance.py:1395} INFO - Marking task as SUCCESS. dag_id=clima_process_extractor, task_id=Creator_folder_with_datetime, execution_date=20240729T000000, start_date=20240816T141414, end_date=20240816T141415
[2024-08-16 11:14:15,143] {local_task_job.py:156} INFO - Task exited with return code 0
[2024-08-16 11:14:15,163] {local_task_job.py:273} INFO - 1 downstream tasks scheduled from follow-on schedule check
[2024-08-16 11:19:18,695] {taskinstance.py:1159} INFO - Dependencies all met for <TaskInstance: clima_process_extractor.Creator_folder_with_datetime scheduled__2024-07-29T00:00:00+00:00 [queued]>
[2024-08-16 11:19:18,704] {taskinstance.py:1159} INFO - Dependencies all met for <TaskInstance: clima_process_extractor.Creator_folder_with_datetime scheduled__2024-07-29T00:00:00+00:00 [queued]>
[2024-08-16 11:19:18,705] {taskinstance.py:1356} INFO - 
--------------------------------------------------------------------------------
[2024-08-16 11:19:18,705] {taskinstance.py:1357} INFO - Starting attempt 1 of 1
[2024-08-16 11:19:18,705] {taskinstance.py:1358} INFO - 
--------------------------------------------------------------------------------
[2024-08-16 11:19:18,725] {taskinstance.py:1377} INFO - Executing <Task(BashOperator): Creator_folder_with_datetime> on 2024-07-29 00:00:00+00:00
[2024-08-16 11:19:18,740] {standard_task_runner.py:52} INFO - Started process 69350 to run task
[2024-08-16 11:19:18,745] {standard_task_runner.py:79} INFO - Running: ['airflow', 'tasks', 'run', 'clima_process_extractor', 'Creator_folder_with_datetime', 'scheduled__2024-07-29T00:00:00+00:00', '--job-id', '225', '--raw', '--subdir', 'DAGS_FOLDER/my_first_dag.py', '--cfg-path', '/tmp/tmpo_2w04kr', '--error-file', '/tmp/tmpeiqel54i']
[2024-08-16 11:19:18,746] {standard_task_runner.py:80} INFO - Job 225: Subtask Creator_folder_with_datetime
[2024-08-16 11:19:18,828] {task_command.py:370} INFO - Running <TaskInstance: clima_process_extractor.Creator_folder_with_datetime scheduled__2024-07-29T00:00:00+00:00 [running]> on host kaiwangairflow
[2024-08-16 11:19:18,914] {taskinstance.py:1569} INFO - Exporting the following env vars:
AIRFLOW_CTX_DAG_OWNER=airflow
AIRFLOW_CTX_DAG_ID=clima_process_extractor
AIRFLOW_CTX_TASK_ID=Creator_folder_with_datetime
AIRFLOW_CTX_EXECUTION_DATE=2024-07-29T00:00:00+00:00
AIRFLOW_CTX_TRY_NUMBER=1
AIRFLOW_CTX_DAG_RUN_ID=scheduled__2024-07-29T00:00:00+00:00
[2024-08-16 11:19:18,915] {subprocess.py:62} INFO - Tmp dir root location: 
 /tmp
[2024-08-16 11:19:18,919] {subprocess.py:74} INFO - Running command: ['bash', '-c', "mkdir -p '/home/kai/Documents/airflowalura/semana=2024-08-05/'"]
[2024-08-16 11:19:18,929] {subprocess.py:85} INFO - Output:
[2024-08-16 11:19:18,933] {subprocess.py:96} INFO - Command exited with return code 0
[2024-08-16 11:19:18,950] {taskinstance.py:1395} INFO - Marking task as SUCCESS. dag_id=clima_process_extractor, task_id=Creator_folder_with_datetime, execution_date=20240729T000000, start_date=20240816T141918, end_date=20240816T141918
[2024-08-16 11:19:18,985] {local_task_job.py:156} INFO - Task exited with return code 0
[2024-08-16 11:19:19,009] {local_task_job.py:273} INFO - 1 downstream tasks scheduled from follow-on schedule check
[2024-08-16 11:22:20,052] {taskinstance.py:1159} INFO - Dependencies all met for <TaskInstance: clima_process_extractor.Creator_folder_with_datetime scheduled__2024-07-29T00:00:00+00:00 [queued]>
[2024-08-16 11:22:20,057] {taskinstance.py:1159} INFO - Dependencies all met for <TaskInstance: clima_process_extractor.Creator_folder_with_datetime scheduled__2024-07-29T00:00:00+00:00 [queued]>
[2024-08-16 11:22:20,057] {taskinstance.py:1356} INFO - 
--------------------------------------------------------------------------------
[2024-08-16 11:22:20,057] {taskinstance.py:1357} INFO - Starting attempt 1 of 1
[2024-08-16 11:22:20,058] {taskinstance.py:1358} INFO - 
--------------------------------------------------------------------------------
[2024-08-16 11:22:20,068] {taskinstance.py:1377} INFO - Executing <Task(BashOperator): Creator_folder_with_datetime> on 2024-07-29 00:00:00+00:00
[2024-08-16 11:22:20,071] {standard_task_runner.py:52} INFO - Started process 73166 to run task
[2024-08-16 11:22:20,073] {standard_task_runner.py:79} INFO - Running: ['airflow', 'tasks', 'run', 'clima_process_extractor', 'Creator_folder_with_datetime', 'scheduled__2024-07-29T00:00:00+00:00', '--job-id', '227', '--raw', '--subdir', 'DAGS_FOLDER/my_first_dag.py', '--cfg-path', '/tmp/tmpap7dn10p', '--error-file', '/tmp/tmp_7bl27ny']
[2024-08-16 11:22:20,074] {standard_task_runner.py:80} INFO - Job 227: Subtask Creator_folder_with_datetime
[2024-08-16 11:22:20,102] {task_command.py:370} INFO - Running <TaskInstance: clima_process_extractor.Creator_folder_with_datetime scheduled__2024-07-29T00:00:00+00:00 [running]> on host kaiwangairflow
[2024-08-16 11:22:20,139] {taskinstance.py:1569} INFO - Exporting the following env vars:
AIRFLOW_CTX_DAG_OWNER=airflow
AIRFLOW_CTX_DAG_ID=clima_process_extractor
AIRFLOW_CTX_TASK_ID=Creator_folder_with_datetime
AIRFLOW_CTX_EXECUTION_DATE=2024-07-29T00:00:00+00:00
AIRFLOW_CTX_TRY_NUMBER=1
AIRFLOW_CTX_DAG_RUN_ID=scheduled__2024-07-29T00:00:00+00:00
[2024-08-16 11:22:20,140] {subprocess.py:62} INFO - Tmp dir root location: 
 /tmp
[2024-08-16 11:22:20,141] {subprocess.py:74} INFO - Running command: ['bash', '-c', "mkdir -p '/home/kai/Documents/airflowalura/semana=2024-08-05/'"]
[2024-08-16 11:22:20,157] {subprocess.py:85} INFO - Output:
[2024-08-16 11:22:20,158] {subprocess.py:96} INFO - Command exited with return code 0
[2024-08-16 11:22:20,170] {taskinstance.py:1395} INFO - Marking task as SUCCESS. dag_id=clima_process_extractor, task_id=Creator_folder_with_datetime, execution_date=20240729T000000, start_date=20240816T142220, end_date=20240816T142220
[2024-08-16 11:22:20,208] {local_task_job.py:156} INFO - Task exited with return code 0
[2024-08-16 11:22:20,225] {local_task_job.py:273} INFO - 1 downstream tasks scheduled from follow-on schedule check
