[2024-08-16 10:38:52,102] {taskinstance.py:1159} INFO - Dependencies all met for <TaskInstance: clima_process_extractor.Creator_folder_with_datetime scheduled__2023-08-16T15:30:00+00:00 [queued]>
[2024-08-16 10:38:52,111] {taskinstance.py:1159} INFO - Dependencies all met for <TaskInstance: clima_process_extractor.Creator_folder_with_datetime scheduled__2023-08-16T15:30:00+00:00 [queued]>
[2024-08-16 10:38:52,111] {taskinstance.py:1356} INFO - 
--------------------------------------------------------------------------------
[2024-08-16 10:38:52,111] {taskinstance.py:1357} INFO - Starting attempt 1 of 1
[2024-08-16 10:38:52,111] {taskinstance.py:1358} INFO - 
--------------------------------------------------------------------------------
[2024-08-16 10:38:52,136] {taskinstance.py:1377} INFO - Executing <Task(BashOperator): Creator_folder_with_datetime> on 2023-08-16 15:30:00+00:00
[2024-08-16 10:38:52,141] {standard_task_runner.py:52} INFO - Started process 47144 to run task
[2024-08-16 10:38:52,144] {standard_task_runner.py:79} INFO - Running: ['airflow', 'tasks', 'run', 'clima_process_extractor', 'Creator_folder_with_datetime', 'scheduled__2023-08-16T15:30:00+00:00', '--job-id', '48', '--raw', '--subdir', 'DAGS_FOLDER/my_first_dag.py', '--cfg-path', '/tmp/tmpb8host_a', '--error-file', '/tmp/tmpn9m9ba11']
[2024-08-16 10:38:52,145] {standard_task_runner.py:80} INFO - Job 48: Subtask Creator_folder_with_datetime
[2024-08-16 10:38:52,199] {task_command.py:370} INFO - Running <TaskInstance: clima_process_extractor.Creator_folder_with_datetime scheduled__2023-08-16T15:30:00+00:00 [running]> on host kaiwangairflow
[2024-08-16 10:38:52,258] {taskinstance.py:1569} INFO - Exporting the following env vars:
AIRFLOW_CTX_DAG_OWNER=airflow
AIRFLOW_CTX_DAG_ID=clima_process_extractor
AIRFLOW_CTX_TASK_ID=Creator_folder_with_datetime
AIRFLOW_CTX_EXECUTION_DATE=2023-08-16T15:30:00+00:00
AIRFLOW_CTX_TRY_NUMBER=1
AIRFLOW_CTX_DAG_RUN_ID=scheduled__2023-08-16T15:30:00+00:00
[2024-08-16 10:38:52,260] {subprocess.py:62} INFO - Tmp dir root location: 
 /tmp
[2024-08-16 10:38:52,261] {subprocess.py:74} INFO - Running command: ['bash', '-c', "mkdir -p '/home/kai/Documents/airflowalura/semana={data_interval}/'"]
[2024-08-16 10:38:52,274] {subprocess.py:85} INFO - Output:
[2024-08-16 10:38:52,275] {subprocess.py:96} INFO - Command exited with return code 0
[2024-08-16 10:38:52,304] {taskinstance.py:1395} INFO - Marking task as SUCCESS. dag_id=clima_process_extractor, task_id=Creator_folder_with_datetime, execution_date=20230816T153000, start_date=20240816T133852, end_date=20240816T133852
[2024-08-16 10:38:52,349] {local_task_job.py:156} INFO - Task exited with return code 0
[2024-08-16 10:38:52,381] {local_task_job.py:273} INFO - 1 downstream tasks scheduled from follow-on schedule check
