[2024-08-12 22:18:18,771] {taskinstance.py:1159} INFO - Dependencies all met for <TaskInstance: example_bash_operator.this_will_skip scheduled__2024-08-12T00:00:00+00:00 [queued]>
[2024-08-12 22:18:18,776] {taskinstance.py:1159} INFO - Dependencies all met for <TaskInstance: example_bash_operator.this_will_skip scheduled__2024-08-12T00:00:00+00:00 [queued]>
[2024-08-12 22:18:18,776] {taskinstance.py:1356} INFO - 
--------------------------------------------------------------------------------
[2024-08-12 22:18:18,776] {taskinstance.py:1357} INFO - Starting attempt 1 of 1
[2024-08-12 22:18:18,776] {taskinstance.py:1358} INFO - 
--------------------------------------------------------------------------------
[2024-08-12 22:18:18,791] {taskinstance.py:1377} INFO - Executing <Task(BashOperator): this_will_skip> on 2024-08-12 00:00:00+00:00
[2024-08-12 22:18:18,794] {standard_task_runner.py:52} INFO - Started process 35777 to run task
[2024-08-12 22:18:18,796] {standard_task_runner.py:79} INFO - Running: ['airflow', 'tasks', 'run', 'example_bash_operator', 'this_will_skip', 'scheduled__2024-08-12T00:00:00+00:00', '--job-id', '19', '--raw', '--subdir', '/home/kai/Documents/airflowalura/venv/lib/python3.9/site-packages/airflow/example_dags/example_bash_operator.py', '--cfg-path', '/tmp/tmpe3y9av92', '--error-file', '/tmp/tmplkoid37s']
[2024-08-12 22:18:18,797] {standard_task_runner.py:80} INFO - Job 19: Subtask this_will_skip
[2024-08-12 22:18:18,836] {task_command.py:370} INFO - Running <TaskInstance: example_bash_operator.this_will_skip scheduled__2024-08-12T00:00:00+00:00 [running]> on host kaiwangairflow
[2024-08-12 22:18:18,870] {taskinstance.py:1569} INFO - Exporting the following env vars:
AIRFLOW_CTX_DAG_OWNER=airflow
AIRFLOW_CTX_DAG_ID=example_bash_operator
AIRFLOW_CTX_TASK_ID=this_will_skip
AIRFLOW_CTX_EXECUTION_DATE=2024-08-12T00:00:00+00:00
AIRFLOW_CTX_TRY_NUMBER=1
AIRFLOW_CTX_DAG_RUN_ID=scheduled__2024-08-12T00:00:00+00:00
[2024-08-12 22:18:18,871] {subprocess.py:62} INFO - Tmp dir root location: 
 /tmp
[2024-08-12 22:18:18,871] {subprocess.py:74} INFO - Running command: ['bash', '-c', 'echo "hello world"; exit 99;']
[2024-08-12 22:18:18,875] {subprocess.py:85} INFO - Output:
[2024-08-12 22:18:18,877] {subprocess.py:92} INFO - hello world
[2024-08-12 22:18:18,877] {subprocess.py:96} INFO - Command exited with return code 99
[2024-08-12 22:18:18,877] {taskinstance.py:1478} INFO - Bash command returned exit code 99. Skipping.
[2024-08-12 22:18:18,883] {taskinstance.py:1395} INFO - Marking task as SKIPPED. dag_id=example_bash_operator, task_id=this_will_skip, execution_date=20240812T000000, start_date=20240813T011818, end_date=20240813T011818
[2024-08-12 22:18:18,931] {local_task_job.py:156} INFO - Task exited with return code 0
[2024-08-12 22:18:18,952] {local_task_job.py:273} INFO - 0 downstream tasks scheduled from follow-on schedule check
