[2024-08-16 10:47:03,090] {taskinstance.py:1159} INFO - Dependencies all met for <TaskInstance: clima_process_extractor.Creator_folder_with_datetime scheduled__2023-08-25T08:30:00+00:00 [queued]>
[2024-08-16 10:47:03,097] {taskinstance.py:1159} INFO - Dependencies all met for <TaskInstance: clima_process_extractor.Creator_folder_with_datetime scheduled__2023-08-25T08:30:00+00:00 [queued]>
[2024-08-16 10:47:03,097] {taskinstance.py:1356} INFO - 
--------------------------------------------------------------------------------
[2024-08-16 10:47:03,097] {taskinstance.py:1357} INFO - Starting attempt 1 of 1
[2024-08-16 10:47:03,097] {taskinstance.py:1358} INFO - 
--------------------------------------------------------------------------------
[2024-08-16 10:47:03,107] {taskinstance.py:1377} INFO - Executing <Task(BashOperator): Creator_folder_with_datetime> on 2023-08-25 08:30:00+00:00
[2024-08-16 10:47:03,113] {standard_task_runner.py:52} INFO - Started process 51998 to run task
[2024-08-16 10:47:03,119] {standard_task_runner.py:79} INFO - Running: ['airflow', 'tasks', 'run', 'clima_process_extractor', 'Creator_folder_with_datetime', 'scheduled__2023-08-25T08:30:00+00:00', '--job-id', '149', '--raw', '--subdir', 'DAGS_FOLDER/my_first_dag.py', '--cfg-path', '/tmp/tmps83g_mcc', '--error-file', '/tmp/tmp012lu5yl']
[2024-08-16 10:47:03,119] {standard_task_runner.py:80} INFO - Job 149: Subtask Creator_folder_with_datetime
[2024-08-16 10:47:03,162] {task_command.py:370} INFO - Running <TaskInstance: clima_process_extractor.Creator_folder_with_datetime scheduled__2023-08-25T08:30:00+00:00 [running]> on host kaiwangairflow
[2024-08-16 10:47:03,201] {taskinstance.py:1569} INFO - Exporting the following env vars:
AIRFLOW_CTX_DAG_OWNER=airflow
AIRFLOW_CTX_DAG_ID=clima_process_extractor
AIRFLOW_CTX_TASK_ID=Creator_folder_with_datetime
AIRFLOW_CTX_EXECUTION_DATE=2023-08-25T08:30:00+00:00
AIRFLOW_CTX_TRY_NUMBER=1
AIRFLOW_CTX_DAG_RUN_ID=scheduled__2023-08-25T08:30:00+00:00
[2024-08-16 10:47:03,201] {subprocess.py:62} INFO - Tmp dir root location: 
 /tmp
[2024-08-16 10:47:03,202] {subprocess.py:74} INFO - Running command: ['bash', '-c', "mkdir -p '/home/kai/Documents/airflowalura/semana=2023-08-25/'"]
[2024-08-16 10:47:03,209] {subprocess.py:85} INFO - Output:
[2024-08-16 10:47:03,211] {subprocess.py:96} INFO - Command exited with return code 0
[2024-08-16 10:47:03,224] {taskinstance.py:1395} INFO - Marking task as SUCCESS. dag_id=clima_process_extractor, task_id=Creator_folder_with_datetime, execution_date=20230825T083000, start_date=20240816T134703, end_date=20240816T134703
[2024-08-16 10:47:03,263] {local_task_job.py:156} INFO - Task exited with return code 0
[2024-08-16 10:47:03,283] {local_task_job.py:273} INFO - 1 downstream tasks scheduled from follow-on schedule check
