[2024-08-16 10:57:39,891] {taskinstance.py:1159} INFO - Dependencies all met for <TaskInstance: clima_process_extractor.Creator_folder_with_datetime scheduled__2024-06-10T00:00:00+00:00 [queued]>
[2024-08-16 10:57:39,896] {taskinstance.py:1159} INFO - Dependencies all met for <TaskInstance: clima_process_extractor.Creator_folder_with_datetime scheduled__2024-06-10T00:00:00+00:00 [queued]>
[2024-08-16 10:57:39,896] {taskinstance.py:1356} INFO - 
--------------------------------------------------------------------------------
[2024-08-16 10:57:39,896] {taskinstance.py:1357} INFO - Starting attempt 1 of 1
[2024-08-16 10:57:39,896] {taskinstance.py:1358} INFO - 
--------------------------------------------------------------------------------
[2024-08-16 10:57:39,907] {taskinstance.py:1377} INFO - Executing <Task(BashOperator): Creator_folder_with_datetime> on 2024-06-10 00:00:00+00:00
[2024-08-16 10:57:39,917] {standard_task_runner.py:52} INFO - Started process 58593 to run task
[2024-08-16 10:57:39,930] {standard_task_runner.py:79} INFO - Running: ['airflow', 'tasks', 'run', 'clima_process_extractor', 'Creator_folder_with_datetime', 'scheduled__2024-06-10T00:00:00+00:00', '--job-id', '188', '--raw', '--subdir', 'DAGS_FOLDER/my_first_dag.py', '--cfg-path', '/tmp/tmpc15th91b', '--error-file', '/tmp/tmpdi_1ui1_']
[2024-08-16 10:57:39,931] {standard_task_runner.py:80} INFO - Job 188: Subtask Creator_folder_with_datetime
[2024-08-16 10:57:40,150] {task_command.py:370} INFO - Running <TaskInstance: clima_process_extractor.Creator_folder_with_datetime scheduled__2024-06-10T00:00:00+00:00 [running]> on host kaiwangairflow
[2024-08-16 10:57:40,401] {taskinstance.py:1569} INFO - Exporting the following env vars:
AIRFLOW_CTX_DAG_OWNER=airflow
AIRFLOW_CTX_DAG_ID=clima_process_extractor
AIRFLOW_CTX_TASK_ID=Creator_folder_with_datetime
AIRFLOW_CTX_EXECUTION_DATE=2024-06-10T00:00:00+00:00
AIRFLOW_CTX_TRY_NUMBER=1
AIRFLOW_CTX_DAG_RUN_ID=scheduled__2024-06-10T00:00:00+00:00
[2024-08-16 10:57:40,402] {subprocess.py:62} INFO - Tmp dir root location: 
 /tmp
[2024-08-16 10:57:40,416] {subprocess.py:74} INFO - Running command: ['bash', '-c', "mkdir -p '/home/kai/Documents/airflowalura/semana=2024-06-17/'"]
[2024-08-16 10:57:40,432] {subprocess.py:85} INFO - Output:
[2024-08-16 10:57:40,433] {subprocess.py:96} INFO - Command exited with return code 0
[2024-08-16 10:57:40,496] {taskinstance.py:1395} INFO - Marking task as SUCCESS. dag_id=clima_process_extractor, task_id=Creator_folder_with_datetime, execution_date=20240610T000000, start_date=20240816T135739, end_date=20240816T135740
[2024-08-16 10:57:40,516] {local_task_job.py:156} INFO - Task exited with return code 0
[2024-08-16 10:57:40,561] {local_task_job.py:273} INFO - 1 downstream tasks scheduled from follow-on schedule check
[2024-08-16 11:13:49,340] {taskinstance.py:1159} INFO - Dependencies all met for <TaskInstance: clima_process_extractor.Creator_folder_with_datetime scheduled__2024-06-10T00:00:00+00:00 [queued]>
[2024-08-16 11:13:49,350] {taskinstance.py:1159} INFO - Dependencies all met for <TaskInstance: clima_process_extractor.Creator_folder_with_datetime scheduled__2024-06-10T00:00:00+00:00 [queued]>
[2024-08-16 11:13:49,350] {taskinstance.py:1356} INFO - 
--------------------------------------------------------------------------------
[2024-08-16 11:13:49,350] {taskinstance.py:1357} INFO - Starting attempt 1 of 1
[2024-08-16 11:13:49,350] {taskinstance.py:1358} INFO - 
--------------------------------------------------------------------------------
[2024-08-16 11:13:49,367] {taskinstance.py:1377} INFO - Executing <Task(BashOperator): Creator_folder_with_datetime> on 2024-06-10 00:00:00+00:00
[2024-08-16 11:13:49,370] {standard_task_runner.py:52} INFO - Started process 65884 to run task
[2024-08-16 11:13:49,373] {standard_task_runner.py:79} INFO - Running: ['airflow', 'tasks', 'run', 'clima_process_extractor', 'Creator_folder_with_datetime', 'scheduled__2024-06-10T00:00:00+00:00', '--job-id', '210', '--raw', '--subdir', 'DAGS_FOLDER/my_first_dag.py', '--cfg-path', '/tmp/tmpnx0i2a1r', '--error-file', '/tmp/tmp3wv4bmqe']
[2024-08-16 11:13:49,373] {standard_task_runner.py:80} INFO - Job 210: Subtask Creator_folder_with_datetime
[2024-08-16 11:13:49,413] {task_command.py:370} INFO - Running <TaskInstance: clima_process_extractor.Creator_folder_with_datetime scheduled__2024-06-10T00:00:00+00:00 [running]> on host kaiwangairflow
[2024-08-16 11:13:49,472] {taskinstance.py:1569} INFO - Exporting the following env vars:
AIRFLOW_CTX_DAG_OWNER=airflow
AIRFLOW_CTX_DAG_ID=clima_process_extractor
AIRFLOW_CTX_TASK_ID=Creator_folder_with_datetime
AIRFLOW_CTX_EXECUTION_DATE=2024-06-10T00:00:00+00:00
AIRFLOW_CTX_TRY_NUMBER=1
AIRFLOW_CTX_DAG_RUN_ID=scheduled__2024-06-10T00:00:00+00:00
[2024-08-16 11:13:49,474] {subprocess.py:62} INFO - Tmp dir root location: 
 /tmp
[2024-08-16 11:13:49,474] {subprocess.py:74} INFO - Running command: ['bash', '-c', "mkdir -p '/home/kai/Documents/airflowalura/semana=2024-06-17/'"]
[2024-08-16 11:13:49,483] {subprocess.py:85} INFO - Output:
[2024-08-16 11:13:49,484] {subprocess.py:96} INFO - Command exited with return code 0
[2024-08-16 11:13:49,502] {taskinstance.py:1395} INFO - Marking task as SUCCESS. dag_id=clima_process_extractor, task_id=Creator_folder_with_datetime, execution_date=20240610T000000, start_date=20240816T141349, end_date=20240816T141349
[2024-08-16 11:13:49,548] {local_task_job.py:156} INFO - Task exited with return code 0
[2024-08-16 11:13:49,579] {local_task_job.py:273} INFO - 1 downstream tasks scheduled from follow-on schedule check
[2024-08-16 11:18:48,656] {taskinstance.py:1159} INFO - Dependencies all met for <TaskInstance: clima_process_extractor.Creator_folder_with_datetime scheduled__2024-06-10T00:00:00+00:00 [queued]>
[2024-08-16 11:18:48,660] {taskinstance.py:1159} INFO - Dependencies all met for <TaskInstance: clima_process_extractor.Creator_folder_with_datetime scheduled__2024-06-10T00:00:00+00:00 [queued]>
[2024-08-16 11:18:48,660] {taskinstance.py:1356} INFO - 
--------------------------------------------------------------------------------
[2024-08-16 11:18:48,660] {taskinstance.py:1357} INFO - Starting attempt 1 of 1
[2024-08-16 11:18:48,660] {taskinstance.py:1358} INFO - 
--------------------------------------------------------------------------------
[2024-08-16 11:18:48,668] {taskinstance.py:1377} INFO - Executing <Task(BashOperator): Creator_folder_with_datetime> on 2024-06-10 00:00:00+00:00
[2024-08-16 11:18:48,671] {standard_task_runner.py:52} INFO - Started process 68816 to run task
[2024-08-16 11:18:48,673] {standard_task_runner.py:79} INFO - Running: ['airflow', 'tasks', 'run', 'clima_process_extractor', 'Creator_folder_with_datetime', 'scheduled__2024-06-10T00:00:00+00:00', '--job-id', '212', '--raw', '--subdir', 'DAGS_FOLDER/my_first_dag.py', '--cfg-path', '/tmp/tmpg9rl2s1k', '--error-file', '/tmp/tmpbnj1tdfc']
[2024-08-16 11:18:48,674] {standard_task_runner.py:80} INFO - Job 212: Subtask Creator_folder_with_datetime
[2024-08-16 11:18:48,710] {task_command.py:370} INFO - Running <TaskInstance: clima_process_extractor.Creator_folder_with_datetime scheduled__2024-06-10T00:00:00+00:00 [running]> on host kaiwangairflow
[2024-08-16 11:18:48,752] {taskinstance.py:1569} INFO - Exporting the following env vars:
AIRFLOW_CTX_DAG_OWNER=airflow
AIRFLOW_CTX_DAG_ID=clima_process_extractor
AIRFLOW_CTX_TASK_ID=Creator_folder_with_datetime
AIRFLOW_CTX_EXECUTION_DATE=2024-06-10T00:00:00+00:00
AIRFLOW_CTX_TRY_NUMBER=1
AIRFLOW_CTX_DAG_RUN_ID=scheduled__2024-06-10T00:00:00+00:00
[2024-08-16 11:18:48,753] {subprocess.py:62} INFO - Tmp dir root location: 
 /tmp
[2024-08-16 11:18:48,754] {subprocess.py:74} INFO - Running command: ['bash', '-c', "mkdir -p '/home/kai/Documents/airflowalura/semana=2024-06-17/'"]
[2024-08-16 11:18:48,761] {subprocess.py:85} INFO - Output:
[2024-08-16 11:18:48,764] {subprocess.py:96} INFO - Command exited with return code 0
[2024-08-16 11:18:48,780] {taskinstance.py:1395} INFO - Marking task as SUCCESS. dag_id=clima_process_extractor, task_id=Creator_folder_with_datetime, execution_date=20240610T000000, start_date=20240816T141848, end_date=20240816T141848
[2024-08-16 11:18:48,813] {local_task_job.py:156} INFO - Task exited with return code 0
[2024-08-16 11:18:48,837] {local_task_job.py:273} INFO - 1 downstream tasks scheduled from follow-on schedule check
[2024-08-16 11:21:49,517] {taskinstance.py:1159} INFO - Dependencies all met for <TaskInstance: clima_process_extractor.Creator_folder_with_datetime scheduled__2024-06-10T00:00:00+00:00 [queued]>
[2024-08-16 11:21:49,524] {taskinstance.py:1159} INFO - Dependencies all met for <TaskInstance: clima_process_extractor.Creator_folder_with_datetime scheduled__2024-06-10T00:00:00+00:00 [queued]>
[2024-08-16 11:21:49,524] {taskinstance.py:1356} INFO - 
--------------------------------------------------------------------------------
[2024-08-16 11:21:49,524] {taskinstance.py:1357} INFO - Starting attempt 1 of 1
[2024-08-16 11:21:49,524] {taskinstance.py:1358} INFO - 
--------------------------------------------------------------------------------
[2024-08-16 11:21:49,537] {taskinstance.py:1377} INFO - Executing <Task(BashOperator): Creator_folder_with_datetime> on 2024-06-10 00:00:00+00:00
[2024-08-16 11:21:49,539] {standard_task_runner.py:52} INFO - Started process 72598 to run task
[2024-08-16 11:21:49,543] {standard_task_runner.py:79} INFO - Running: ['airflow', 'tasks', 'run', 'clima_process_extractor', 'Creator_folder_with_datetime', 'scheduled__2024-06-10T00:00:00+00:00', '--job-id', '214', '--raw', '--subdir', 'DAGS_FOLDER/my_first_dag.py', '--cfg-path', '/tmp/tmpfdpd7u0_', '--error-file', '/tmp/tmpg21_2ydl']
[2024-08-16 11:21:49,544] {standard_task_runner.py:80} INFO - Job 214: Subtask Creator_folder_with_datetime
[2024-08-16 11:21:49,591] {task_command.py:370} INFO - Running <TaskInstance: clima_process_extractor.Creator_folder_with_datetime scheduled__2024-06-10T00:00:00+00:00 [running]> on host kaiwangairflow
[2024-08-16 11:21:49,713] {taskinstance.py:1569} INFO - Exporting the following env vars:
AIRFLOW_CTX_DAG_OWNER=airflow
AIRFLOW_CTX_DAG_ID=clima_process_extractor
AIRFLOW_CTX_TASK_ID=Creator_folder_with_datetime
AIRFLOW_CTX_EXECUTION_DATE=2024-06-10T00:00:00+00:00
AIRFLOW_CTX_TRY_NUMBER=1
AIRFLOW_CTX_DAG_RUN_ID=scheduled__2024-06-10T00:00:00+00:00
[2024-08-16 11:21:49,718] {subprocess.py:62} INFO - Tmp dir root location: 
 /tmp
[2024-08-16 11:21:49,720] {subprocess.py:74} INFO - Running command: ['bash', '-c', "mkdir -p '/home/kai/Documents/airflowalura/semana=2024-06-17/'"]
[2024-08-16 11:21:49,726] {subprocess.py:85} INFO - Output:
[2024-08-16 11:21:49,731] {subprocess.py:96} INFO - Command exited with return code 0
[2024-08-16 11:21:49,751] {taskinstance.py:1395} INFO - Marking task as SUCCESS. dag_id=clima_process_extractor, task_id=Creator_folder_with_datetime, execution_date=20240610T000000, start_date=20240816T142149, end_date=20240816T142149
[2024-08-16 11:21:49,799] {local_task_job.py:156} INFO - Task exited with return code 0
[2024-08-16 11:21:49,828] {local_task_job.py:273} INFO - 1 downstream tasks scheduled from follow-on schedule check
