[2024-08-12 22:18:02,600] {processor.py:153} INFO - Started process (PID=35471) to work on /home/kai/Documents/airflowalura/venv/lib/python3.9/site-packages/airflow/example_dags/example_branch_operator_decorator.py
[2024-08-12 22:18:02,608] {processor.py:641} INFO - Processing file /home/kai/Documents/airflowalura/venv/lib/python3.9/site-packages/airflow/example_dags/example_branch_operator_decorator.py for tasks to queue
[2024-08-12 22:18:02,612] {logging_mixin.py:115} INFO - [2024-08-12 22:18:02,612] {dagbag.py:507} INFO - Filling up the DagBag from /home/kai/Documents/airflowalura/venv/lib/python3.9/site-packages/airflow/example_dags/example_branch_operator_decorator.py
[2024-08-12 22:18:02,637] {processor.py:651} INFO - DAG(s) dict_keys(['example_branch_python_operator_decorator']) retrieved from /home/kai/Documents/airflowalura/venv/lib/python3.9/site-packages/airflow/example_dags/example_branch_operator_decorator.py
[2024-08-12 22:18:02,695] {logging_mixin.py:115} INFO - [2024-08-12 22:18:02,695] {dag.py:2379} INFO - Sync 1 DAGs
[2024-08-12 22:18:02,715] {logging_mixin.py:115} INFO - [2024-08-12 22:18:02,715] {dag.py:2927} INFO - Setting next_dagrun for example_branch_python_operator_decorator to 2024-08-12T00:00:00+00:00, run_after=2024-08-13T00:00:00+00:00
[2024-08-12 22:18:02,733] {processor.py:161} INFO - Processing /home/kai/Documents/airflowalura/venv/lib/python3.9/site-packages/airflow/example_dags/example_branch_operator_decorator.py took 0.155 seconds
[2024-08-12 22:18:44,812] {processor.py:153} INFO - Started process (PID=36250) to work on /home/kai/Documents/airflowalura/venv/lib/python3.9/site-packages/airflow/example_dags/example_branch_operator_decorator.py
[2024-08-12 22:18:44,813] {processor.py:641} INFO - Processing file /home/kai/Documents/airflowalura/venv/lib/python3.9/site-packages/airflow/example_dags/example_branch_operator_decorator.py for tasks to queue
[2024-08-12 22:18:44,813] {logging_mixin.py:115} INFO - [2024-08-12 22:18:44,813] {dagbag.py:507} INFO - Filling up the DagBag from /home/kai/Documents/airflowalura/venv/lib/python3.9/site-packages/airflow/example_dags/example_branch_operator_decorator.py
[2024-08-12 22:18:44,830] {processor.py:651} INFO - DAG(s) dict_keys(['example_branch_python_operator_decorator']) retrieved from /home/kai/Documents/airflowalura/venv/lib/python3.9/site-packages/airflow/example_dags/example_branch_operator_decorator.py
[2024-08-12 22:18:44,845] {logging_mixin.py:115} INFO - [2024-08-12 22:18:44,845] {dag.py:2379} INFO - Sync 1 DAGs
[2024-08-12 22:18:44,863] {logging_mixin.py:115} INFO - [2024-08-12 22:18:44,863] {dag.py:2927} INFO - Setting next_dagrun for example_branch_python_operator_decorator to 2024-08-12T00:00:00+00:00, run_after=2024-08-13T00:00:00+00:00
[2024-08-12 22:18:44,875] {processor.py:161} INFO - Processing /home/kai/Documents/airflowalura/venv/lib/python3.9/site-packages/airflow/example_dags/example_branch_operator_decorator.py took 0.066 seconds
[2024-08-12 22:19:19,022] {processor.py:153} INFO - Started process (PID=36460) to work on /home/kai/Documents/airflowalura/venv/lib/python3.9/site-packages/airflow/example_dags/example_branch_operator_decorator.py
[2024-08-12 22:19:19,023] {processor.py:641} INFO - Processing file /home/kai/Documents/airflowalura/venv/lib/python3.9/site-packages/airflow/example_dags/example_branch_operator_decorator.py for tasks to queue
[2024-08-12 22:19:19,023] {logging_mixin.py:115} INFO - [2024-08-12 22:19:19,023] {dagbag.py:507} INFO - Filling up the DagBag from /home/kai/Documents/airflowalura/venv/lib/python3.9/site-packages/airflow/example_dags/example_branch_operator_decorator.py
[2024-08-12 22:19:19,041] {processor.py:651} INFO - DAG(s) dict_keys(['example_branch_python_operator_decorator']) retrieved from /home/kai/Documents/airflowalura/venv/lib/python3.9/site-packages/airflow/example_dags/example_branch_operator_decorator.py
[2024-08-12 22:19:19,057] {logging_mixin.py:115} INFO - [2024-08-12 22:19:19,057] {dag.py:2379} INFO - Sync 1 DAGs
[2024-08-12 22:19:19,071] {logging_mixin.py:115} INFO - [2024-08-12 22:19:19,071] {dag.py:2927} INFO - Setting next_dagrun for example_branch_python_operator_decorator to 2024-08-12T00:00:00+00:00, run_after=2024-08-13T00:00:00+00:00
[2024-08-12 22:19:19,080] {processor.py:161} INFO - Processing /home/kai/Documents/airflowalura/venv/lib/python3.9/site-packages/airflow/example_dags/example_branch_operator_decorator.py took 0.061 seconds
[2024-08-12 22:19:51,554] {processor.py:153} INFO - Started process (PID=36666) to work on /home/kai/Documents/airflowalura/venv/lib/python3.9/site-packages/airflow/example_dags/example_branch_operator_decorator.py
[2024-08-12 22:19:51,555] {processor.py:641} INFO - Processing file /home/kai/Documents/airflowalura/venv/lib/python3.9/site-packages/airflow/example_dags/example_branch_operator_decorator.py for tasks to queue
[2024-08-12 22:19:51,555] {logging_mixin.py:115} INFO - [2024-08-12 22:19:51,555] {dagbag.py:507} INFO - Filling up the DagBag from /home/kai/Documents/airflowalura/venv/lib/python3.9/site-packages/airflow/example_dags/example_branch_operator_decorator.py
[2024-08-12 22:19:51,585] {processor.py:651} INFO - DAG(s) dict_keys(['example_branch_python_operator_decorator']) retrieved from /home/kai/Documents/airflowalura/venv/lib/python3.9/site-packages/airflow/example_dags/example_branch_operator_decorator.py
[2024-08-12 22:19:51,608] {logging_mixin.py:115} INFO - [2024-08-12 22:19:51,608] {dag.py:2379} INFO - Sync 1 DAGs
[2024-08-12 22:19:51,625] {logging_mixin.py:115} INFO - [2024-08-12 22:19:51,625] {dag.py:2927} INFO - Setting next_dagrun for example_branch_python_operator_decorator to 2024-08-12T00:00:00+00:00, run_after=2024-08-13T00:00:00+00:00
[2024-08-12 22:19:51,637] {processor.py:161} INFO - Processing /home/kai/Documents/airflowalura/venv/lib/python3.9/site-packages/airflow/example_dags/example_branch_operator_decorator.py took 0.087 seconds
[2024-08-12 22:20:25,125] {processor.py:153} INFO - Started process (PID=36890) to work on /home/kai/Documents/airflowalura/venv/lib/python3.9/site-packages/airflow/example_dags/example_branch_operator_decorator.py
[2024-08-12 22:20:25,126] {processor.py:641} INFO - Processing file /home/kai/Documents/airflowalura/venv/lib/python3.9/site-packages/airflow/example_dags/example_branch_operator_decorator.py for tasks to queue
[2024-08-12 22:20:25,126] {logging_mixin.py:115} INFO - [2024-08-12 22:20:25,126] {dagbag.py:507} INFO - Filling up the DagBag from /home/kai/Documents/airflowalura/venv/lib/python3.9/site-packages/airflow/example_dags/example_branch_operator_decorator.py
[2024-08-12 22:20:25,141] {processor.py:651} INFO - DAG(s) dict_keys(['example_branch_python_operator_decorator']) retrieved from /home/kai/Documents/airflowalura/venv/lib/python3.9/site-packages/airflow/example_dags/example_branch_operator_decorator.py
[2024-08-12 22:20:25,157] {logging_mixin.py:115} INFO - [2024-08-12 22:20:25,157] {dag.py:2379} INFO - Sync 1 DAGs
[2024-08-12 22:20:25,174] {logging_mixin.py:115} INFO - [2024-08-12 22:20:25,174] {dag.py:2927} INFO - Setting next_dagrun for example_branch_python_operator_decorator to 2024-08-12T00:00:00+00:00, run_after=2024-08-13T00:00:00+00:00
[2024-08-12 22:20:25,183] {processor.py:161} INFO - Processing /home/kai/Documents/airflowalura/venv/lib/python3.9/site-packages/airflow/example_dags/example_branch_operator_decorator.py took 0.061 seconds
[2024-08-12 22:21:00,609] {processor.py:153} INFO - Started process (PID=37109) to work on /home/kai/Documents/airflowalura/venv/lib/python3.9/site-packages/airflow/example_dags/example_branch_operator_decorator.py
[2024-08-12 22:21:00,610] {processor.py:641} INFO - Processing file /home/kai/Documents/airflowalura/venv/lib/python3.9/site-packages/airflow/example_dags/example_branch_operator_decorator.py for tasks to queue
[2024-08-12 22:21:00,610] {logging_mixin.py:115} INFO - [2024-08-12 22:21:00,610] {dagbag.py:507} INFO - Filling up the DagBag from /home/kai/Documents/airflowalura/venv/lib/python3.9/site-packages/airflow/example_dags/example_branch_operator_decorator.py
[2024-08-12 22:21:00,626] {processor.py:651} INFO - DAG(s) dict_keys(['example_branch_python_operator_decorator']) retrieved from /home/kai/Documents/airflowalura/venv/lib/python3.9/site-packages/airflow/example_dags/example_branch_operator_decorator.py
[2024-08-12 22:21:00,643] {logging_mixin.py:115} INFO - [2024-08-12 22:21:00,643] {dag.py:2379} INFO - Sync 1 DAGs
[2024-08-12 22:21:00,658] {logging_mixin.py:115} INFO - [2024-08-12 22:21:00,658] {dag.py:2927} INFO - Setting next_dagrun for example_branch_python_operator_decorator to 2024-08-12T00:00:00+00:00, run_after=2024-08-13T00:00:00+00:00
[2024-08-12 22:21:00,668] {processor.py:161} INFO - Processing /home/kai/Documents/airflowalura/venv/lib/python3.9/site-packages/airflow/example_dags/example_branch_operator_decorator.py took 0.062 seconds
[2024-08-12 22:21:35,380] {processor.py:153} INFO - Started process (PID=37497) to work on /home/kai/Documents/airflowalura/venv/lib/python3.9/site-packages/airflow/example_dags/example_branch_operator_decorator.py
[2024-08-12 22:21:35,381] {processor.py:641} INFO - Processing file /home/kai/Documents/airflowalura/venv/lib/python3.9/site-packages/airflow/example_dags/example_branch_operator_decorator.py for tasks to queue
[2024-08-12 22:21:35,383] {logging_mixin.py:115} INFO - [2024-08-12 22:21:35,382] {dagbag.py:507} INFO - Filling up the DagBag from /home/kai/Documents/airflowalura/venv/lib/python3.9/site-packages/airflow/example_dags/example_branch_operator_decorator.py
[2024-08-12 22:21:35,401] {processor.py:651} INFO - DAG(s) dict_keys(['example_branch_python_operator_decorator']) retrieved from /home/kai/Documents/airflowalura/venv/lib/python3.9/site-packages/airflow/example_dags/example_branch_operator_decorator.py
[2024-08-12 22:21:35,420] {logging_mixin.py:115} INFO - [2024-08-12 22:21:35,420] {dag.py:2379} INFO - Sync 1 DAGs
[2024-08-12 22:21:35,434] {logging_mixin.py:115} INFO - [2024-08-12 22:21:35,434] {dag.py:2927} INFO - Setting next_dagrun for example_branch_python_operator_decorator to 2024-08-12T00:00:00+00:00, run_after=2024-08-13T00:00:00+00:00
[2024-08-12 22:21:35,444] {processor.py:161} INFO - Processing /home/kai/Documents/airflowalura/venv/lib/python3.9/site-packages/airflow/example_dags/example_branch_operator_decorator.py took 0.067 seconds
[2024-08-12 22:24:48,558] {processor.py:153} INFO - Started process (PID=39226) to work on /home/kai/Documents/airflowalura/venv/lib/python3.9/site-packages/airflow/example_dags/example_branch_operator_decorator.py
[2024-08-12 22:24:48,562] {processor.py:641} INFO - Processing file /home/kai/Documents/airflowalura/venv/lib/python3.9/site-packages/airflow/example_dags/example_branch_operator_decorator.py for tasks to queue
[2024-08-12 22:24:48,563] {logging_mixin.py:115} INFO - [2024-08-12 22:24:48,563] {dagbag.py:507} INFO - Filling up the DagBag from /home/kai/Documents/airflowalura/venv/lib/python3.9/site-packages/airflow/example_dags/example_branch_operator_decorator.py
[2024-08-12 22:24:48,578] {processor.py:651} INFO - DAG(s) dict_keys(['example_branch_python_operator_decorator']) retrieved from /home/kai/Documents/airflowalura/venv/lib/python3.9/site-packages/airflow/example_dags/example_branch_operator_decorator.py
[2024-08-12 22:24:48,597] {logging_mixin.py:115} INFO - [2024-08-12 22:24:48,597] {dag.py:2379} INFO - Sync 1 DAGs
[2024-08-12 22:24:48,615] {logging_mixin.py:115} INFO - [2024-08-12 22:24:48,615] {dag.py:2927} INFO - Setting next_dagrun for example_branch_python_operator_decorator to 2024-08-12T00:00:00+00:00, run_after=2024-08-13T00:00:00+00:00
[2024-08-12 22:24:48,625] {processor.py:161} INFO - Processing /home/kai/Documents/airflowalura/venv/lib/python3.9/site-packages/airflow/example_dags/example_branch_operator_decorator.py took 0.071 seconds
[2024-08-12 22:25:25,180] {processor.py:153} INFO - Started process (PID=39535) to work on /home/kai/Documents/airflowalura/venv/lib/python3.9/site-packages/airflow/example_dags/example_branch_operator_decorator.py
[2024-08-12 22:25:25,183] {processor.py:641} INFO - Processing file /home/kai/Documents/airflowalura/venv/lib/python3.9/site-packages/airflow/example_dags/example_branch_operator_decorator.py for tasks to queue
[2024-08-12 22:25:25,184] {logging_mixin.py:115} INFO - [2024-08-12 22:25:25,184] {dagbag.py:507} INFO - Filling up the DagBag from /home/kai/Documents/airflowalura/venv/lib/python3.9/site-packages/airflow/example_dags/example_branch_operator_decorator.py
[2024-08-12 22:25:25,215] {processor.py:651} INFO - DAG(s) dict_keys(['example_branch_python_operator_decorator']) retrieved from /home/kai/Documents/airflowalura/venv/lib/python3.9/site-packages/airflow/example_dags/example_branch_operator_decorator.py
[2024-08-12 22:25:25,245] {logging_mixin.py:115} INFO - [2024-08-12 22:25:25,244] {dag.py:2379} INFO - Sync 1 DAGs
[2024-08-12 22:25:25,265] {logging_mixin.py:115} INFO - [2024-08-12 22:25:25,264] {dag.py:2927} INFO - Setting next_dagrun for example_branch_python_operator_decorator to 2024-08-12T00:00:00+00:00, run_after=2024-08-13T00:00:00+00:00
[2024-08-12 22:25:25,278] {processor.py:161} INFO - Processing /home/kai/Documents/airflowalura/venv/lib/python3.9/site-packages/airflow/example_dags/example_branch_operator_decorator.py took 0.101 seconds
[2024-08-12 22:26:00,126] {processor.py:153} INFO - Started process (PID=39849) to work on /home/kai/Documents/airflowalura/venv/lib/python3.9/site-packages/airflow/example_dags/example_branch_operator_decorator.py
[2024-08-12 22:26:00,130] {processor.py:641} INFO - Processing file /home/kai/Documents/airflowalura/venv/lib/python3.9/site-packages/airflow/example_dags/example_branch_operator_decorator.py for tasks to queue
[2024-08-12 22:26:00,130] {logging_mixin.py:115} INFO - [2024-08-12 22:26:00,130] {dagbag.py:507} INFO - Filling up the DagBag from /home/kai/Documents/airflowalura/venv/lib/python3.9/site-packages/airflow/example_dags/example_branch_operator_decorator.py
[2024-08-12 22:26:00,162] {processor.py:651} INFO - DAG(s) dict_keys(['example_branch_python_operator_decorator']) retrieved from /home/kai/Documents/airflowalura/venv/lib/python3.9/site-packages/airflow/example_dags/example_branch_operator_decorator.py
[2024-08-12 22:26:00,195] {logging_mixin.py:115} INFO - [2024-08-12 22:26:00,195] {dag.py:2379} INFO - Sync 1 DAGs
[2024-08-12 22:26:00,219] {logging_mixin.py:115} INFO - [2024-08-12 22:26:00,219] {dag.py:2927} INFO - Setting next_dagrun for example_branch_python_operator_decorator to 2024-08-12T00:00:00+00:00, run_after=2024-08-13T00:00:00+00:00
[2024-08-12 22:26:00,239] {processor.py:161} INFO - Processing /home/kai/Documents/airflowalura/venv/lib/python3.9/site-packages/airflow/example_dags/example_branch_operator_decorator.py took 0.118 seconds
[2024-08-12 22:26:36,566] {processor.py:153} INFO - Started process (PID=40414) to work on /home/kai/Documents/airflowalura/venv/lib/python3.9/site-packages/airflow/example_dags/example_branch_operator_decorator.py
[2024-08-12 22:26:36,570] {processor.py:641} INFO - Processing file /home/kai/Documents/airflowalura/venv/lib/python3.9/site-packages/airflow/example_dags/example_branch_operator_decorator.py for tasks to queue
[2024-08-12 22:26:36,574] {logging_mixin.py:115} INFO - [2024-08-12 22:26:36,574] {dagbag.py:507} INFO - Filling up the DagBag from /home/kai/Documents/airflowalura/venv/lib/python3.9/site-packages/airflow/example_dags/example_branch_operator_decorator.py
[2024-08-12 22:26:36,610] {processor.py:651} INFO - DAG(s) dict_keys(['example_branch_python_operator_decorator']) retrieved from /home/kai/Documents/airflowalura/venv/lib/python3.9/site-packages/airflow/example_dags/example_branch_operator_decorator.py
[2024-08-12 22:26:36,635] {logging_mixin.py:115} INFO - [2024-08-12 22:26:36,635] {dag.py:2379} INFO - Sync 1 DAGs
[2024-08-12 22:26:36,660] {logging_mixin.py:115} INFO - [2024-08-12 22:26:36,660] {dag.py:2927} INFO - Setting next_dagrun for example_branch_python_operator_decorator to 2024-08-12T00:00:00+00:00, run_after=2024-08-13T00:00:00+00:00
[2024-08-12 22:26:36,705] {processor.py:161} INFO - Processing /home/kai/Documents/airflowalura/venv/lib/python3.9/site-packages/airflow/example_dags/example_branch_operator_decorator.py took 0.144 seconds
[2024-08-12 22:27:11,535] {processor.py:153} INFO - Started process (PID=40693) to work on /home/kai/Documents/airflowalura/venv/lib/python3.9/site-packages/airflow/example_dags/example_branch_operator_decorator.py
[2024-08-12 22:27:11,535] {processor.py:641} INFO - Processing file /home/kai/Documents/airflowalura/venv/lib/python3.9/site-packages/airflow/example_dags/example_branch_operator_decorator.py for tasks to queue
[2024-08-12 22:27:11,536] {logging_mixin.py:115} INFO - [2024-08-12 22:27:11,536] {dagbag.py:507} INFO - Filling up the DagBag from /home/kai/Documents/airflowalura/venv/lib/python3.9/site-packages/airflow/example_dags/example_branch_operator_decorator.py
[2024-08-12 22:27:11,567] {processor.py:651} INFO - DAG(s) dict_keys(['example_branch_python_operator_decorator']) retrieved from /home/kai/Documents/airflowalura/venv/lib/python3.9/site-packages/airflow/example_dags/example_branch_operator_decorator.py
[2024-08-12 22:27:11,587] {logging_mixin.py:115} INFO - [2024-08-12 22:27:11,587] {dag.py:2379} INFO - Sync 1 DAGs
[2024-08-12 22:27:11,606] {logging_mixin.py:115} INFO - [2024-08-12 22:27:11,606] {dag.py:2927} INFO - Setting next_dagrun for example_branch_python_operator_decorator to 2024-08-12T00:00:00+00:00, run_after=2024-08-13T00:00:00+00:00
[2024-08-12 22:27:11,626] {processor.py:161} INFO - Processing /home/kai/Documents/airflowalura/venv/lib/python3.9/site-packages/airflow/example_dags/example_branch_operator_decorator.py took 0.095 seconds
[2024-08-12 22:27:47,716] {processor.py:153} INFO - Started process (PID=40991) to work on /home/kai/Documents/airflowalura/venv/lib/python3.9/site-packages/airflow/example_dags/example_branch_operator_decorator.py
[2024-08-12 22:27:47,720] {processor.py:641} INFO - Processing file /home/kai/Documents/airflowalura/venv/lib/python3.9/site-packages/airflow/example_dags/example_branch_operator_decorator.py for tasks to queue
[2024-08-12 22:27:47,721] {logging_mixin.py:115} INFO - [2024-08-12 22:27:47,721] {dagbag.py:507} INFO - Filling up the DagBag from /home/kai/Documents/airflowalura/venv/lib/python3.9/site-packages/airflow/example_dags/example_branch_operator_decorator.py
[2024-08-12 22:27:47,742] {processor.py:651} INFO - DAG(s) dict_keys(['example_branch_python_operator_decorator']) retrieved from /home/kai/Documents/airflowalura/venv/lib/python3.9/site-packages/airflow/example_dags/example_branch_operator_decorator.py
[2024-08-12 22:27:47,761] {logging_mixin.py:115} INFO - [2024-08-12 22:27:47,761] {dag.py:2379} INFO - Sync 1 DAGs
[2024-08-12 22:27:47,781] {logging_mixin.py:115} INFO - [2024-08-12 22:27:47,781] {dag.py:2927} INFO - Setting next_dagrun for example_branch_python_operator_decorator to 2024-08-12T00:00:00+00:00, run_after=2024-08-13T00:00:00+00:00
[2024-08-12 22:27:47,794] {processor.py:161} INFO - Processing /home/kai/Documents/airflowalura/venv/lib/python3.9/site-packages/airflow/example_dags/example_branch_operator_decorator.py took 0.081 seconds
[2024-08-12 22:28:48,165] {processor.py:153} INFO - Started process (PID=41730) to work on /home/kai/Documents/airflowalura/venv/lib/python3.9/site-packages/airflow/example_dags/example_branch_operator_decorator.py
[2024-08-12 22:28:48,170] {processor.py:641} INFO - Processing file /home/kai/Documents/airflowalura/venv/lib/python3.9/site-packages/airflow/example_dags/example_branch_operator_decorator.py for tasks to queue
[2024-08-12 22:28:48,171] {logging_mixin.py:115} INFO - [2024-08-12 22:28:48,171] {dagbag.py:507} INFO - Filling up the DagBag from /home/kai/Documents/airflowalura/venv/lib/python3.9/site-packages/airflow/example_dags/example_branch_operator_decorator.py
[2024-08-12 22:28:48,195] {processor.py:651} INFO - DAG(s) dict_keys(['example_branch_python_operator_decorator']) retrieved from /home/kai/Documents/airflowalura/venv/lib/python3.9/site-packages/airflow/example_dags/example_branch_operator_decorator.py
[2024-08-12 22:28:48,229] {logging_mixin.py:115} INFO - [2024-08-12 22:28:48,229] {dag.py:2379} INFO - Sync 1 DAGs
[2024-08-12 22:28:48,258] {logging_mixin.py:115} INFO - [2024-08-12 22:28:48,258] {dag.py:2927} INFO - Setting next_dagrun for example_branch_python_operator_decorator to 2024-08-12T00:00:00+00:00, run_after=2024-08-13T00:00:00+00:00
[2024-08-12 22:28:48,279] {processor.py:161} INFO - Processing /home/kai/Documents/airflowalura/venv/lib/python3.9/site-packages/airflow/example_dags/example_branch_operator_decorator.py took 0.118 seconds
[2024-08-12 22:35:38,459] {processor.py:153} INFO - Started process (PID=3329) to work on /home/kai/Documents/airflowalura/venv/lib/python3.9/site-packages/airflow/example_dags/example_branch_operator_decorator.py
[2024-08-12 22:35:38,460] {processor.py:641} INFO - Processing file /home/kai/Documents/airflowalura/venv/lib/python3.9/site-packages/airflow/example_dags/example_branch_operator_decorator.py for tasks to queue
[2024-08-12 22:35:38,460] {logging_mixin.py:115} INFO - [2024-08-12 22:35:38,460] {dagbag.py:507} INFO - Filling up the DagBag from /home/kai/Documents/airflowalura/venv/lib/python3.9/site-packages/airflow/example_dags/example_branch_operator_decorator.py
[2024-08-12 22:35:38,474] {processor.py:651} INFO - DAG(s) dict_keys(['example_branch_python_operator_decorator']) retrieved from /home/kai/Documents/airflowalura/venv/lib/python3.9/site-packages/airflow/example_dags/example_branch_operator_decorator.py
[2024-08-12 22:35:38,489] {logging_mixin.py:115} INFO - [2024-08-12 22:35:38,489] {dag.py:2379} INFO - Sync 1 DAGs
[2024-08-12 22:35:38,503] {logging_mixin.py:115} INFO - [2024-08-12 22:35:38,503] {dag.py:2927} INFO - Setting next_dagrun for example_branch_python_operator_decorator to 2024-08-12T00:00:00+00:00, run_after=2024-08-13T00:00:00+00:00
[2024-08-12 22:35:38,511] {processor.py:161} INFO - Processing /home/kai/Documents/airflowalura/venv/lib/python3.9/site-packages/airflow/example_dags/example_branch_operator_decorator.py took 0.055 seconds
[2024-08-12 22:36:13,305] {processor.py:153} INFO - Started process (PID=3926) to work on /home/kai/Documents/airflowalura/venv/lib/python3.9/site-packages/airflow/example_dags/example_branch_operator_decorator.py
[2024-08-12 22:36:13,305] {processor.py:641} INFO - Processing file /home/kai/Documents/airflowalura/venv/lib/python3.9/site-packages/airflow/example_dags/example_branch_operator_decorator.py for tasks to queue
[2024-08-12 22:36:13,306] {logging_mixin.py:115} INFO - [2024-08-12 22:36:13,306] {dagbag.py:507} INFO - Filling up the DagBag from /home/kai/Documents/airflowalura/venv/lib/python3.9/site-packages/airflow/example_dags/example_branch_operator_decorator.py
[2024-08-12 22:36:13,321] {processor.py:651} INFO - DAG(s) dict_keys(['example_branch_python_operator_decorator']) retrieved from /home/kai/Documents/airflowalura/venv/lib/python3.9/site-packages/airflow/example_dags/example_branch_operator_decorator.py
[2024-08-12 22:36:13,336] {logging_mixin.py:115} INFO - [2024-08-12 22:36:13,336] {dag.py:2379} INFO - Sync 1 DAGs
[2024-08-12 22:36:13,351] {logging_mixin.py:115} INFO - [2024-08-12 22:36:13,351] {dag.py:2927} INFO - Setting next_dagrun for example_branch_python_operator_decorator to 2024-08-12T00:00:00+00:00, run_after=2024-08-13T00:00:00+00:00
[2024-08-12 22:36:13,360] {processor.py:161} INFO - Processing /home/kai/Documents/airflowalura/venv/lib/python3.9/site-packages/airflow/example_dags/example_branch_operator_decorator.py took 0.058 seconds
[2024-08-12 22:36:45,756] {processor.py:153} INFO - Started process (PID=4112) to work on /home/kai/Documents/airflowalura/venv/lib/python3.9/site-packages/airflow/example_dags/example_branch_operator_decorator.py
[2024-08-12 22:36:45,758] {processor.py:641} INFO - Processing file /home/kai/Documents/airflowalura/venv/lib/python3.9/site-packages/airflow/example_dags/example_branch_operator_decorator.py for tasks to queue
[2024-08-12 22:36:45,758] {logging_mixin.py:115} INFO - [2024-08-12 22:36:45,758] {dagbag.py:507} INFO - Filling up the DagBag from /home/kai/Documents/airflowalura/venv/lib/python3.9/site-packages/airflow/example_dags/example_branch_operator_decorator.py
[2024-08-12 22:36:45,796] {processor.py:651} INFO - DAG(s) dict_keys(['example_branch_python_operator_decorator']) retrieved from /home/kai/Documents/airflowalura/venv/lib/python3.9/site-packages/airflow/example_dags/example_branch_operator_decorator.py
[2024-08-12 22:36:45,821] {logging_mixin.py:115} INFO - [2024-08-12 22:36:45,821] {dag.py:2379} INFO - Sync 1 DAGs
[2024-08-12 22:36:45,843] {logging_mixin.py:115} INFO - [2024-08-12 22:36:45,843] {dag.py:2927} INFO - Setting next_dagrun for example_branch_python_operator_decorator to 2024-08-12T00:00:00+00:00, run_after=2024-08-13T00:00:00+00:00
[2024-08-12 22:36:45,860] {processor.py:161} INFO - Processing /home/kai/Documents/airflowalura/venv/lib/python3.9/site-packages/airflow/example_dags/example_branch_operator_decorator.py took 0.108 seconds
[2024-08-12 22:37:18,947] {processor.py:153} INFO - Started process (PID=4347) to work on /home/kai/Documents/airflowalura/venv/lib/python3.9/site-packages/airflow/example_dags/example_branch_operator_decorator.py
[2024-08-12 22:37:18,947] {processor.py:641} INFO - Processing file /home/kai/Documents/airflowalura/venv/lib/python3.9/site-packages/airflow/example_dags/example_branch_operator_decorator.py for tasks to queue
[2024-08-12 22:37:18,948] {logging_mixin.py:115} INFO - [2024-08-12 22:37:18,948] {dagbag.py:507} INFO - Filling up the DagBag from /home/kai/Documents/airflowalura/venv/lib/python3.9/site-packages/airflow/example_dags/example_branch_operator_decorator.py
[2024-08-12 22:37:18,962] {processor.py:651} INFO - DAG(s) dict_keys(['example_branch_python_operator_decorator']) retrieved from /home/kai/Documents/airflowalura/venv/lib/python3.9/site-packages/airflow/example_dags/example_branch_operator_decorator.py
[2024-08-12 22:37:18,981] {logging_mixin.py:115} INFO - [2024-08-12 22:37:18,981] {dag.py:2379} INFO - Sync 1 DAGs
[2024-08-12 22:37:18,996] {logging_mixin.py:115} INFO - [2024-08-12 22:37:18,996] {dag.py:2927} INFO - Setting next_dagrun for example_branch_python_operator_decorator to 2024-08-12T00:00:00+00:00, run_after=2024-08-13T00:00:00+00:00
[2024-08-12 22:37:19,006] {processor.py:161} INFO - Processing /home/kai/Documents/airflowalura/venv/lib/python3.9/site-packages/airflow/example_dags/example_branch_operator_decorator.py took 0.062 seconds
[2024-08-12 22:37:55,938] {processor.py:153} INFO - Started process (PID=4769) to work on /home/kai/Documents/airflowalura/venv/lib/python3.9/site-packages/airflow/example_dags/example_branch_operator_decorator.py
[2024-08-12 22:37:55,939] {processor.py:641} INFO - Processing file /home/kai/Documents/airflowalura/venv/lib/python3.9/site-packages/airflow/example_dags/example_branch_operator_decorator.py for tasks to queue
[2024-08-12 22:37:55,939] {logging_mixin.py:115} INFO - [2024-08-12 22:37:55,939] {dagbag.py:507} INFO - Filling up the DagBag from /home/kai/Documents/airflowalura/venv/lib/python3.9/site-packages/airflow/example_dags/example_branch_operator_decorator.py
[2024-08-12 22:37:55,955] {processor.py:651} INFO - DAG(s) dict_keys(['example_branch_python_operator_decorator']) retrieved from /home/kai/Documents/airflowalura/venv/lib/python3.9/site-packages/airflow/example_dags/example_branch_operator_decorator.py
[2024-08-12 22:37:55,973] {logging_mixin.py:115} INFO - [2024-08-12 22:37:55,973] {dag.py:2379} INFO - Sync 1 DAGs
[2024-08-12 22:37:55,988] {logging_mixin.py:115} INFO - [2024-08-12 22:37:55,988] {dag.py:2927} INFO - Setting next_dagrun for example_branch_python_operator_decorator to 2024-08-12T00:00:00+00:00, run_after=2024-08-13T00:00:00+00:00
[2024-08-12 22:37:55,998] {processor.py:161} INFO - Processing /home/kai/Documents/airflowalura/venv/lib/python3.9/site-packages/airflow/example_dags/example_branch_operator_decorator.py took 0.064 seconds
[2024-08-12 22:38:31,338] {processor.py:153} INFO - Started process (PID=5082) to work on /home/kai/Documents/airflowalura/venv/lib/python3.9/site-packages/airflow/example_dags/example_branch_operator_decorator.py
[2024-08-12 22:38:31,339] {processor.py:641} INFO - Processing file /home/kai/Documents/airflowalura/venv/lib/python3.9/site-packages/airflow/example_dags/example_branch_operator_decorator.py for tasks to queue
[2024-08-12 22:38:31,339] {logging_mixin.py:115} INFO - [2024-08-12 22:38:31,339] {dagbag.py:507} INFO - Filling up the DagBag from /home/kai/Documents/airflowalura/venv/lib/python3.9/site-packages/airflow/example_dags/example_branch_operator_decorator.py
[2024-08-12 22:38:31,354] {processor.py:651} INFO - DAG(s) dict_keys(['example_branch_python_operator_decorator']) retrieved from /home/kai/Documents/airflowalura/venv/lib/python3.9/site-packages/airflow/example_dags/example_branch_operator_decorator.py
[2024-08-12 22:38:31,369] {logging_mixin.py:115} INFO - [2024-08-12 22:38:31,369] {dag.py:2379} INFO - Sync 1 DAGs
[2024-08-12 22:38:31,382] {logging_mixin.py:115} INFO - [2024-08-12 22:38:31,382] {dag.py:2927} INFO - Setting next_dagrun for example_branch_python_operator_decorator to 2024-08-12T00:00:00+00:00, run_after=2024-08-13T00:00:00+00:00
[2024-08-12 22:38:31,391] {processor.py:161} INFO - Processing /home/kai/Documents/airflowalura/venv/lib/python3.9/site-packages/airflow/example_dags/example_branch_operator_decorator.py took 0.056 seconds
[2024-08-12 22:39:05,091] {processor.py:153} INFO - Started process (PID=5431) to work on /home/kai/Documents/airflowalura/venv/lib/python3.9/site-packages/airflow/example_dags/example_branch_operator_decorator.py
[2024-08-12 22:39:05,092] {processor.py:641} INFO - Processing file /home/kai/Documents/airflowalura/venv/lib/python3.9/site-packages/airflow/example_dags/example_branch_operator_decorator.py for tasks to queue
[2024-08-12 22:39:05,093] {logging_mixin.py:115} INFO - [2024-08-12 22:39:05,093] {dagbag.py:507} INFO - Filling up the DagBag from /home/kai/Documents/airflowalura/venv/lib/python3.9/site-packages/airflow/example_dags/example_branch_operator_decorator.py
[2024-08-12 22:39:05,109] {processor.py:651} INFO - DAG(s) dict_keys(['example_branch_python_operator_decorator']) retrieved from /home/kai/Documents/airflowalura/venv/lib/python3.9/site-packages/airflow/example_dags/example_branch_operator_decorator.py
[2024-08-12 22:39:05,124] {logging_mixin.py:115} INFO - [2024-08-12 22:39:05,124] {dag.py:2379} INFO - Sync 1 DAGs
[2024-08-12 22:39:05,141] {logging_mixin.py:115} INFO - [2024-08-12 22:39:05,141] {dag.py:2927} INFO - Setting next_dagrun for example_branch_python_operator_decorator to 2024-08-12T00:00:00+00:00, run_after=2024-08-13T00:00:00+00:00
[2024-08-12 22:39:05,151] {processor.py:161} INFO - Processing /home/kai/Documents/airflowalura/venv/lib/python3.9/site-packages/airflow/example_dags/example_branch_operator_decorator.py took 0.063 seconds
[2024-08-12 22:39:40,414] {processor.py:153} INFO - Started process (PID=5678) to work on /home/kai/Documents/airflowalura/venv/lib/python3.9/site-packages/airflow/example_dags/example_branch_operator_decorator.py
[2024-08-12 22:39:40,414] {processor.py:641} INFO - Processing file /home/kai/Documents/airflowalura/venv/lib/python3.9/site-packages/airflow/example_dags/example_branch_operator_decorator.py for tasks to queue
[2024-08-12 22:39:40,415] {logging_mixin.py:115} INFO - [2024-08-12 22:39:40,415] {dagbag.py:507} INFO - Filling up the DagBag from /home/kai/Documents/airflowalura/venv/lib/python3.9/site-packages/airflow/example_dags/example_branch_operator_decorator.py
[2024-08-12 22:39:40,434] {processor.py:651} INFO - DAG(s) dict_keys(['example_branch_python_operator_decorator']) retrieved from /home/kai/Documents/airflowalura/venv/lib/python3.9/site-packages/airflow/example_dags/example_branch_operator_decorator.py
[2024-08-12 22:39:40,451] {logging_mixin.py:115} INFO - [2024-08-12 22:39:40,451] {dag.py:2379} INFO - Sync 1 DAGs
[2024-08-12 22:39:40,466] {logging_mixin.py:115} INFO - [2024-08-12 22:39:40,466] {dag.py:2927} INFO - Setting next_dagrun for example_branch_python_operator_decorator to 2024-08-12T00:00:00+00:00, run_after=2024-08-13T00:00:00+00:00
[2024-08-12 22:39:40,476] {processor.py:161} INFO - Processing /home/kai/Documents/airflowalura/venv/lib/python3.9/site-packages/airflow/example_dags/example_branch_operator_decorator.py took 0.065 seconds
[2024-08-12 22:40:14,794] {processor.py:153} INFO - Started process (PID=6031) to work on /home/kai/Documents/airflowalura/venv/lib/python3.9/site-packages/airflow/example_dags/example_branch_operator_decorator.py
[2024-08-12 22:40:14,795] {processor.py:641} INFO - Processing file /home/kai/Documents/airflowalura/venv/lib/python3.9/site-packages/airflow/example_dags/example_branch_operator_decorator.py for tasks to queue
[2024-08-12 22:40:14,795] {logging_mixin.py:115} INFO - [2024-08-12 22:40:14,795] {dagbag.py:507} INFO - Filling up the DagBag from /home/kai/Documents/airflowalura/venv/lib/python3.9/site-packages/airflow/example_dags/example_branch_operator_decorator.py
[2024-08-12 22:40:14,812] {processor.py:651} INFO - DAG(s) dict_keys(['example_branch_python_operator_decorator']) retrieved from /home/kai/Documents/airflowalura/venv/lib/python3.9/site-packages/airflow/example_dags/example_branch_operator_decorator.py
[2024-08-12 22:40:14,828] {logging_mixin.py:115} INFO - [2024-08-12 22:40:14,828] {dag.py:2379} INFO - Sync 1 DAGs
[2024-08-12 22:40:14,843] {logging_mixin.py:115} INFO - [2024-08-12 22:40:14,843] {dag.py:2927} INFO - Setting next_dagrun for example_branch_python_operator_decorator to 2024-08-12T00:00:00+00:00, run_after=2024-08-13T00:00:00+00:00
[2024-08-12 22:40:14,853] {processor.py:161} INFO - Processing /home/kai/Documents/airflowalura/venv/lib/python3.9/site-packages/airflow/example_dags/example_branch_operator_decorator.py took 0.062 seconds
[2024-08-12 22:40:48,338] {processor.py:153} INFO - Started process (PID=6331) to work on /home/kai/Documents/airflowalura/venv/lib/python3.9/site-packages/airflow/example_dags/example_branch_operator_decorator.py
[2024-08-12 22:40:48,338] {processor.py:641} INFO - Processing file /home/kai/Documents/airflowalura/venv/lib/python3.9/site-packages/airflow/example_dags/example_branch_operator_decorator.py for tasks to queue
[2024-08-12 22:40:48,339] {logging_mixin.py:115} INFO - [2024-08-12 22:40:48,339] {dagbag.py:507} INFO - Filling up the DagBag from /home/kai/Documents/airflowalura/venv/lib/python3.9/site-packages/airflow/example_dags/example_branch_operator_decorator.py
[2024-08-12 22:40:48,354] {processor.py:651} INFO - DAG(s) dict_keys(['example_branch_python_operator_decorator']) retrieved from /home/kai/Documents/airflowalura/venv/lib/python3.9/site-packages/airflow/example_dags/example_branch_operator_decorator.py
[2024-08-12 22:40:48,368] {logging_mixin.py:115} INFO - [2024-08-12 22:40:48,368] {dag.py:2379} INFO - Sync 1 DAGs
[2024-08-12 22:40:48,387] {logging_mixin.py:115} INFO - [2024-08-12 22:40:48,387] {dag.py:2927} INFO - Setting next_dagrun for example_branch_python_operator_decorator to 2024-08-12T00:00:00+00:00, run_after=2024-08-13T00:00:00+00:00
[2024-08-12 22:40:48,401] {processor.py:161} INFO - Processing /home/kai/Documents/airflowalura/venv/lib/python3.9/site-packages/airflow/example_dags/example_branch_operator_decorator.py took 0.066 seconds
[2024-08-12 22:41:21,591] {processor.py:153} INFO - Started process (PID=6632) to work on /home/kai/Documents/airflowalura/venv/lib/python3.9/site-packages/airflow/example_dags/example_branch_operator_decorator.py
[2024-08-12 22:41:21,592] {processor.py:641} INFO - Processing file /home/kai/Documents/airflowalura/venv/lib/python3.9/site-packages/airflow/example_dags/example_branch_operator_decorator.py for tasks to queue
[2024-08-12 22:41:21,592] {logging_mixin.py:115} INFO - [2024-08-12 22:41:21,592] {dagbag.py:507} INFO - Filling up the DagBag from /home/kai/Documents/airflowalura/venv/lib/python3.9/site-packages/airflow/example_dags/example_branch_operator_decorator.py
[2024-08-12 22:41:21,613] {processor.py:651} INFO - DAG(s) dict_keys(['example_branch_python_operator_decorator']) retrieved from /home/kai/Documents/airflowalura/venv/lib/python3.9/site-packages/airflow/example_dags/example_branch_operator_decorator.py
[2024-08-12 22:41:21,651] {logging_mixin.py:115} INFO - [2024-08-12 22:41:21,651] {dag.py:2379} INFO - Sync 1 DAGs
[2024-08-12 22:41:21,674] {logging_mixin.py:115} INFO - [2024-08-12 22:41:21,674] {dag.py:2927} INFO - Setting next_dagrun for example_branch_python_operator_decorator to 2024-08-12T00:00:00+00:00, run_after=2024-08-13T00:00:00+00:00
[2024-08-12 22:41:21,692] {processor.py:161} INFO - Processing /home/kai/Documents/airflowalura/venv/lib/python3.9/site-packages/airflow/example_dags/example_branch_operator_decorator.py took 0.105 seconds
[2024-08-12 22:41:57,838] {processor.py:153} INFO - Started process (PID=7120) to work on /home/kai/Documents/airflowalura/venv/lib/python3.9/site-packages/airflow/example_dags/example_branch_operator_decorator.py
[2024-08-12 22:41:57,838] {processor.py:641} INFO - Processing file /home/kai/Documents/airflowalura/venv/lib/python3.9/site-packages/airflow/example_dags/example_branch_operator_decorator.py for tasks to queue
[2024-08-12 22:41:57,839] {logging_mixin.py:115} INFO - [2024-08-12 22:41:57,839] {dagbag.py:507} INFO - Filling up the DagBag from /home/kai/Documents/airflowalura/venv/lib/python3.9/site-packages/airflow/example_dags/example_branch_operator_decorator.py
[2024-08-12 22:41:57,856] {processor.py:651} INFO - DAG(s) dict_keys(['example_branch_python_operator_decorator']) retrieved from /home/kai/Documents/airflowalura/venv/lib/python3.9/site-packages/airflow/example_dags/example_branch_operator_decorator.py
[2024-08-12 22:41:57,875] {logging_mixin.py:115} INFO - [2024-08-12 22:41:57,875] {dag.py:2379} INFO - Sync 1 DAGs
[2024-08-12 22:41:57,891] {logging_mixin.py:115} INFO - [2024-08-12 22:41:57,891] {dag.py:2927} INFO - Setting next_dagrun for example_branch_python_operator_decorator to 2024-08-12T00:00:00+00:00, run_after=2024-08-13T00:00:00+00:00
[2024-08-12 22:41:57,906] {processor.py:161} INFO - Processing /home/kai/Documents/airflowalura/venv/lib/python3.9/site-packages/airflow/example_dags/example_branch_operator_decorator.py took 0.072 seconds
[2024-08-12 22:42:31,532] {processor.py:153} INFO - Started process (PID=7303) to work on /home/kai/Documents/airflowalura/venv/lib/python3.9/site-packages/airflow/example_dags/example_branch_operator_decorator.py
[2024-08-12 22:42:31,535] {processor.py:641} INFO - Processing file /home/kai/Documents/airflowalura/venv/lib/python3.9/site-packages/airflow/example_dags/example_branch_operator_decorator.py for tasks to queue
[2024-08-12 22:42:31,538] {logging_mixin.py:115} INFO - [2024-08-12 22:42:31,538] {dagbag.py:507} INFO - Filling up the DagBag from /home/kai/Documents/airflowalura/venv/lib/python3.9/site-packages/airflow/example_dags/example_branch_operator_decorator.py
[2024-08-12 22:42:31,566] {processor.py:651} INFO - DAG(s) dict_keys(['example_branch_python_operator_decorator']) retrieved from /home/kai/Documents/airflowalura/venv/lib/python3.9/site-packages/airflow/example_dags/example_branch_operator_decorator.py
[2024-08-12 22:42:31,591] {logging_mixin.py:115} INFO - [2024-08-12 22:42:31,591] {dag.py:2379} INFO - Sync 1 DAGs
[2024-08-12 22:42:31,616] {logging_mixin.py:115} INFO - [2024-08-12 22:42:31,616] {dag.py:2927} INFO - Setting next_dagrun for example_branch_python_operator_decorator to 2024-08-12T00:00:00+00:00, run_after=2024-08-13T00:00:00+00:00
[2024-08-12 22:42:31,637] {processor.py:161} INFO - Processing /home/kai/Documents/airflowalura/venv/lib/python3.9/site-packages/airflow/example_dags/example_branch_operator_decorator.py took 0.107 seconds
[2024-08-12 22:43:06,237] {processor.py:153} INFO - Started process (PID=7590) to work on /home/kai/Documents/airflowalura/venv/lib/python3.9/site-packages/airflow/example_dags/example_branch_operator_decorator.py
[2024-08-12 22:43:06,238] {processor.py:641} INFO - Processing file /home/kai/Documents/airflowalura/venv/lib/python3.9/site-packages/airflow/example_dags/example_branch_operator_decorator.py for tasks to queue
[2024-08-12 22:43:06,239] {logging_mixin.py:115} INFO - [2024-08-12 22:43:06,239] {dagbag.py:507} INFO - Filling up the DagBag from /home/kai/Documents/airflowalura/venv/lib/python3.9/site-packages/airflow/example_dags/example_branch_operator_decorator.py
[2024-08-12 22:43:06,279] {processor.py:651} INFO - DAG(s) dict_keys(['example_branch_python_operator_decorator']) retrieved from /home/kai/Documents/airflowalura/venv/lib/python3.9/site-packages/airflow/example_dags/example_branch_operator_decorator.py
[2024-08-12 22:43:06,317] {logging_mixin.py:115} INFO - [2024-08-12 22:43:06,316] {dag.py:2379} INFO - Sync 1 DAGs
[2024-08-12 22:43:06,372] {logging_mixin.py:115} INFO - [2024-08-12 22:43:06,371] {dag.py:2927} INFO - Setting next_dagrun for example_branch_python_operator_decorator to 2024-08-12T00:00:00+00:00, run_after=2024-08-13T00:00:00+00:00
[2024-08-12 22:43:06,394] {processor.py:161} INFO - Processing /home/kai/Documents/airflowalura/venv/lib/python3.9/site-packages/airflow/example_dags/example_branch_operator_decorator.py took 0.160 seconds
[2024-08-12 22:43:45,086] {processor.py:153} INFO - Started process (PID=7853) to work on /home/kai/Documents/airflowalura/venv/lib/python3.9/site-packages/airflow/example_dags/example_branch_operator_decorator.py
[2024-08-12 22:43:45,087] {processor.py:641} INFO - Processing file /home/kai/Documents/airflowalura/venv/lib/python3.9/site-packages/airflow/example_dags/example_branch_operator_decorator.py for tasks to queue
[2024-08-12 22:43:45,088] {logging_mixin.py:115} INFO - [2024-08-12 22:43:45,087] {dagbag.py:507} INFO - Filling up the DagBag from /home/kai/Documents/airflowalura/venv/lib/python3.9/site-packages/airflow/example_dags/example_branch_operator_decorator.py
[2024-08-12 22:43:45,102] {processor.py:651} INFO - DAG(s) dict_keys(['example_branch_python_operator_decorator']) retrieved from /home/kai/Documents/airflowalura/venv/lib/python3.9/site-packages/airflow/example_dags/example_branch_operator_decorator.py
[2024-08-12 22:43:45,117] {logging_mixin.py:115} INFO - [2024-08-12 22:43:45,117] {dag.py:2379} INFO - Sync 1 DAGs
[2024-08-12 22:43:45,134] {logging_mixin.py:115} INFO - [2024-08-12 22:43:45,134] {dag.py:2927} INFO - Setting next_dagrun for example_branch_python_operator_decorator to 2024-08-12T00:00:00+00:00, run_after=2024-08-13T00:00:00+00:00
[2024-08-12 22:43:45,146] {processor.py:161} INFO - Processing /home/kai/Documents/airflowalura/venv/lib/python3.9/site-packages/airflow/example_dags/example_branch_operator_decorator.py took 0.062 seconds
[2024-08-12 22:44:21,050] {processor.py:153} INFO - Started process (PID=8098) to work on /home/kai/Documents/airflowalura/venv/lib/python3.9/site-packages/airflow/example_dags/example_branch_operator_decorator.py
[2024-08-12 22:44:21,051] {processor.py:641} INFO - Processing file /home/kai/Documents/airflowalura/venv/lib/python3.9/site-packages/airflow/example_dags/example_branch_operator_decorator.py for tasks to queue
[2024-08-12 22:44:21,051] {logging_mixin.py:115} INFO - [2024-08-12 22:44:21,051] {dagbag.py:507} INFO - Filling up the DagBag from /home/kai/Documents/airflowalura/venv/lib/python3.9/site-packages/airflow/example_dags/example_branch_operator_decorator.py
[2024-08-12 22:44:21,067] {processor.py:651} INFO - DAG(s) dict_keys(['example_branch_python_operator_decorator']) retrieved from /home/kai/Documents/airflowalura/venv/lib/python3.9/site-packages/airflow/example_dags/example_branch_operator_decorator.py
[2024-08-12 22:44:21,084] {logging_mixin.py:115} INFO - [2024-08-12 22:44:21,084] {dag.py:2379} INFO - Sync 1 DAGs
[2024-08-12 22:44:21,099] {logging_mixin.py:115} INFO - [2024-08-12 22:44:21,099] {dag.py:2927} INFO - Setting next_dagrun for example_branch_python_operator_decorator to 2024-08-12T00:00:00+00:00, run_after=2024-08-13T00:00:00+00:00
[2024-08-12 22:44:21,108] {processor.py:161} INFO - Processing /home/kai/Documents/airflowalura/venv/lib/python3.9/site-packages/airflow/example_dags/example_branch_operator_decorator.py took 0.061 seconds
[2024-08-12 22:44:55,667] {processor.py:153} INFO - Started process (PID=8296) to work on /home/kai/Documents/airflowalura/venv/lib/python3.9/site-packages/airflow/example_dags/example_branch_operator_decorator.py
[2024-08-12 22:44:55,667] {processor.py:641} INFO - Processing file /home/kai/Documents/airflowalura/venv/lib/python3.9/site-packages/airflow/example_dags/example_branch_operator_decorator.py for tasks to queue
[2024-08-12 22:44:55,668] {logging_mixin.py:115} INFO - [2024-08-12 22:44:55,668] {dagbag.py:507} INFO - Filling up the DagBag from /home/kai/Documents/airflowalura/venv/lib/python3.9/site-packages/airflow/example_dags/example_branch_operator_decorator.py
[2024-08-12 22:44:55,684] {processor.py:651} INFO - DAG(s) dict_keys(['example_branch_python_operator_decorator']) retrieved from /home/kai/Documents/airflowalura/venv/lib/python3.9/site-packages/airflow/example_dags/example_branch_operator_decorator.py
[2024-08-12 22:44:55,704] {logging_mixin.py:115} INFO - [2024-08-12 22:44:55,704] {dag.py:2379} INFO - Sync 1 DAGs
[2024-08-12 22:44:55,719] {logging_mixin.py:115} INFO - [2024-08-12 22:44:55,719] {dag.py:2927} INFO - Setting next_dagrun for example_branch_python_operator_decorator to 2024-08-12T00:00:00+00:00, run_after=2024-08-13T00:00:00+00:00
[2024-08-12 22:44:55,728] {processor.py:161} INFO - Processing /home/kai/Documents/airflowalura/venv/lib/python3.9/site-packages/airflow/example_dags/example_branch_operator_decorator.py took 0.064 seconds
[2024-08-12 22:45:27,767] {processor.py:153} INFO - Started process (PID=8629) to work on /home/kai/Documents/airflowalura/venv/lib/python3.9/site-packages/airflow/example_dags/example_branch_operator_decorator.py
[2024-08-12 22:45:27,768] {processor.py:641} INFO - Processing file /home/kai/Documents/airflowalura/venv/lib/python3.9/site-packages/airflow/example_dags/example_branch_operator_decorator.py for tasks to queue
[2024-08-12 22:45:27,769] {logging_mixin.py:115} INFO - [2024-08-12 22:45:27,769] {dagbag.py:507} INFO - Filling up the DagBag from /home/kai/Documents/airflowalura/venv/lib/python3.9/site-packages/airflow/example_dags/example_branch_operator_decorator.py
[2024-08-12 22:45:27,787] {processor.py:651} INFO - DAG(s) dict_keys(['example_branch_python_operator_decorator']) retrieved from /home/kai/Documents/airflowalura/venv/lib/python3.9/site-packages/airflow/example_dags/example_branch_operator_decorator.py
[2024-08-12 22:45:27,808] {logging_mixin.py:115} INFO - [2024-08-12 22:45:27,808] {dag.py:2379} INFO - Sync 1 DAGs
[2024-08-12 22:45:27,826] {logging_mixin.py:115} INFO - [2024-08-12 22:45:27,826] {dag.py:2927} INFO - Setting next_dagrun for example_branch_python_operator_decorator to 2024-08-12T00:00:00+00:00, run_after=2024-08-13T00:00:00+00:00
[2024-08-12 22:45:27,839] {processor.py:161} INFO - Processing /home/kai/Documents/airflowalura/venv/lib/python3.9/site-packages/airflow/example_dags/example_branch_operator_decorator.py took 0.075 seconds
[2024-08-12 22:46:04,288] {processor.py:153} INFO - Started process (PID=8880) to work on /home/kai/Documents/airflowalura/venv/lib/python3.9/site-packages/airflow/example_dags/example_branch_operator_decorator.py
[2024-08-12 22:46:04,288] {processor.py:641} INFO - Processing file /home/kai/Documents/airflowalura/venv/lib/python3.9/site-packages/airflow/example_dags/example_branch_operator_decorator.py for tasks to queue
[2024-08-12 22:46:04,289] {logging_mixin.py:115} INFO - [2024-08-12 22:46:04,289] {dagbag.py:507} INFO - Filling up the DagBag from /home/kai/Documents/airflowalura/venv/lib/python3.9/site-packages/airflow/example_dags/example_branch_operator_decorator.py
[2024-08-12 22:46:04,304] {processor.py:651} INFO - DAG(s) dict_keys(['example_branch_python_operator_decorator']) retrieved from /home/kai/Documents/airflowalura/venv/lib/python3.9/site-packages/airflow/example_dags/example_branch_operator_decorator.py
[2024-08-12 22:46:04,318] {logging_mixin.py:115} INFO - [2024-08-12 22:46:04,318] {dag.py:2379} INFO - Sync 1 DAGs
[2024-08-12 22:46:04,335] {logging_mixin.py:115} INFO - [2024-08-12 22:46:04,335] {dag.py:2927} INFO - Setting next_dagrun for example_branch_python_operator_decorator to 2024-08-12T00:00:00+00:00, run_after=2024-08-13T00:00:00+00:00
[2024-08-12 22:46:04,345] {processor.py:161} INFO - Processing /home/kai/Documents/airflowalura/venv/lib/python3.9/site-packages/airflow/example_dags/example_branch_operator_decorator.py took 0.060 seconds
[2024-08-12 22:46:35,800] {processor.py:153} INFO - Started process (PID=9045) to work on /home/kai/Documents/airflowalura/venv/lib/python3.9/site-packages/airflow/example_dags/example_branch_operator_decorator.py
[2024-08-12 22:46:35,801] {processor.py:641} INFO - Processing file /home/kai/Documents/airflowalura/venv/lib/python3.9/site-packages/airflow/example_dags/example_branch_operator_decorator.py for tasks to queue
[2024-08-12 22:46:35,801] {logging_mixin.py:115} INFO - [2024-08-12 22:46:35,801] {dagbag.py:507} INFO - Filling up the DagBag from /home/kai/Documents/airflowalura/venv/lib/python3.9/site-packages/airflow/example_dags/example_branch_operator_decorator.py
[2024-08-12 22:46:35,815] {processor.py:651} INFO - DAG(s) dict_keys(['example_branch_python_operator_decorator']) retrieved from /home/kai/Documents/airflowalura/venv/lib/python3.9/site-packages/airflow/example_dags/example_branch_operator_decorator.py
[2024-08-12 22:46:35,830] {logging_mixin.py:115} INFO - [2024-08-12 22:46:35,830] {dag.py:2379} INFO - Sync 1 DAGs
[2024-08-12 22:46:35,844] {logging_mixin.py:115} INFO - [2024-08-12 22:46:35,844] {dag.py:2927} INFO - Setting next_dagrun for example_branch_python_operator_decorator to 2024-08-12T00:00:00+00:00, run_after=2024-08-13T00:00:00+00:00
[2024-08-12 22:46:35,853] {processor.py:161} INFO - Processing /home/kai/Documents/airflowalura/venv/lib/python3.9/site-packages/airflow/example_dags/example_branch_operator_decorator.py took 0.055 seconds
[2024-08-12 22:47:10,465] {processor.py:153} INFO - Started process (PID=9245) to work on /home/kai/Documents/airflowalura/venv/lib/python3.9/site-packages/airflow/example_dags/example_branch_operator_decorator.py
[2024-08-12 22:47:10,466] {processor.py:641} INFO - Processing file /home/kai/Documents/airflowalura/venv/lib/python3.9/site-packages/airflow/example_dags/example_branch_operator_decorator.py for tasks to queue
[2024-08-12 22:47:10,466] {logging_mixin.py:115} INFO - [2024-08-12 22:47:10,466] {dagbag.py:507} INFO - Filling up the DagBag from /home/kai/Documents/airflowalura/venv/lib/python3.9/site-packages/airflow/example_dags/example_branch_operator_decorator.py
[2024-08-12 22:47:10,481] {processor.py:651} INFO - DAG(s) dict_keys(['example_branch_python_operator_decorator']) retrieved from /home/kai/Documents/airflowalura/venv/lib/python3.9/site-packages/airflow/example_dags/example_branch_operator_decorator.py
[2024-08-12 22:47:10,495] {logging_mixin.py:115} INFO - [2024-08-12 22:47:10,495] {dag.py:2379} INFO - Sync 1 DAGs
[2024-08-12 22:47:10,509] {logging_mixin.py:115} INFO - [2024-08-12 22:47:10,509] {dag.py:2927} INFO - Setting next_dagrun for example_branch_python_operator_decorator to 2024-08-12T00:00:00+00:00, run_after=2024-08-13T00:00:00+00:00
[2024-08-12 22:47:10,518] {processor.py:161} INFO - Processing /home/kai/Documents/airflowalura/venv/lib/python3.9/site-packages/airflow/example_dags/example_branch_operator_decorator.py took 0.056 seconds
[2024-08-12 22:47:43,517] {processor.py:153} INFO - Started process (PID=9431) to work on /home/kai/Documents/airflowalura/venv/lib/python3.9/site-packages/airflow/example_dags/example_branch_operator_decorator.py
[2024-08-12 22:47:43,518] {processor.py:641} INFO - Processing file /home/kai/Documents/airflowalura/venv/lib/python3.9/site-packages/airflow/example_dags/example_branch_operator_decorator.py for tasks to queue
[2024-08-12 22:47:43,519] {logging_mixin.py:115} INFO - [2024-08-12 22:47:43,518] {dagbag.py:507} INFO - Filling up the DagBag from /home/kai/Documents/airflowalura/venv/lib/python3.9/site-packages/airflow/example_dags/example_branch_operator_decorator.py
[2024-08-12 22:47:43,534] {processor.py:651} INFO - DAG(s) dict_keys(['example_branch_python_operator_decorator']) retrieved from /home/kai/Documents/airflowalura/venv/lib/python3.9/site-packages/airflow/example_dags/example_branch_operator_decorator.py
[2024-08-12 22:47:43,550] {logging_mixin.py:115} INFO - [2024-08-12 22:47:43,550] {dag.py:2379} INFO - Sync 1 DAGs
[2024-08-12 22:47:43,565] {logging_mixin.py:115} INFO - [2024-08-12 22:47:43,564] {dag.py:2927} INFO - Setting next_dagrun for example_branch_python_operator_decorator to 2024-08-12T00:00:00+00:00, run_after=2024-08-13T00:00:00+00:00
[2024-08-12 22:47:43,574] {processor.py:161} INFO - Processing /home/kai/Documents/airflowalura/venv/lib/python3.9/site-packages/airflow/example_dags/example_branch_operator_decorator.py took 0.059 seconds
[2024-08-12 22:48:19,365] {processor.py:153} INFO - Started process (PID=9630) to work on /home/kai/Documents/airflowalura/venv/lib/python3.9/site-packages/airflow/example_dags/example_branch_operator_decorator.py
[2024-08-12 22:48:19,365] {processor.py:641} INFO - Processing file /home/kai/Documents/airflowalura/venv/lib/python3.9/site-packages/airflow/example_dags/example_branch_operator_decorator.py for tasks to queue
[2024-08-12 22:48:19,366] {logging_mixin.py:115} INFO - [2024-08-12 22:48:19,366] {dagbag.py:507} INFO - Filling up the DagBag from /home/kai/Documents/airflowalura/venv/lib/python3.9/site-packages/airflow/example_dags/example_branch_operator_decorator.py
[2024-08-12 22:48:19,380] {processor.py:651} INFO - DAG(s) dict_keys(['example_branch_python_operator_decorator']) retrieved from /home/kai/Documents/airflowalura/venv/lib/python3.9/site-packages/airflow/example_dags/example_branch_operator_decorator.py
[2024-08-12 22:48:19,394] {logging_mixin.py:115} INFO - [2024-08-12 22:48:19,394] {dag.py:2379} INFO - Sync 1 DAGs
[2024-08-12 22:48:19,407] {logging_mixin.py:115} INFO - [2024-08-12 22:48:19,407] {dag.py:2927} INFO - Setting next_dagrun for example_branch_python_operator_decorator to 2024-08-12T00:00:00+00:00, run_after=2024-08-13T00:00:00+00:00
[2024-08-12 22:48:19,416] {processor.py:161} INFO - Processing /home/kai/Documents/airflowalura/venv/lib/python3.9/site-packages/airflow/example_dags/example_branch_operator_decorator.py took 0.054 seconds
[2024-08-12 22:48:53,064] {processor.py:153} INFO - Started process (PID=9823) to work on /home/kai/Documents/airflowalura/venv/lib/python3.9/site-packages/airflow/example_dags/example_branch_operator_decorator.py
[2024-08-12 22:48:53,065] {processor.py:641} INFO - Processing file /home/kai/Documents/airflowalura/venv/lib/python3.9/site-packages/airflow/example_dags/example_branch_operator_decorator.py for tasks to queue
[2024-08-12 22:48:53,065] {logging_mixin.py:115} INFO - [2024-08-12 22:48:53,065] {dagbag.py:507} INFO - Filling up the DagBag from /home/kai/Documents/airflowalura/venv/lib/python3.9/site-packages/airflow/example_dags/example_branch_operator_decorator.py
[2024-08-12 22:48:53,081] {processor.py:651} INFO - DAG(s) dict_keys(['example_branch_python_operator_decorator']) retrieved from /home/kai/Documents/airflowalura/venv/lib/python3.9/site-packages/airflow/example_dags/example_branch_operator_decorator.py
[2024-08-12 22:48:53,095] {logging_mixin.py:115} INFO - [2024-08-12 22:48:53,095] {dag.py:2379} INFO - Sync 1 DAGs
[2024-08-12 22:48:53,108] {logging_mixin.py:115} INFO - [2024-08-12 22:48:53,108] {dag.py:2927} INFO - Setting next_dagrun for example_branch_python_operator_decorator to 2024-08-12T00:00:00+00:00, run_after=2024-08-13T00:00:00+00:00
[2024-08-12 22:48:53,117] {processor.py:161} INFO - Processing /home/kai/Documents/airflowalura/venv/lib/python3.9/site-packages/airflow/example_dags/example_branch_operator_decorator.py took 0.056 seconds
[2024-08-12 22:49:31,246] {processor.py:153} INFO - Started process (PID=10033) to work on /home/kai/Documents/airflowalura/venv/lib/python3.9/site-packages/airflow/example_dags/example_branch_operator_decorator.py
[2024-08-12 22:49:31,247] {processor.py:641} INFO - Processing file /home/kai/Documents/airflowalura/venv/lib/python3.9/site-packages/airflow/example_dags/example_branch_operator_decorator.py for tasks to queue
[2024-08-12 22:49:31,247] {logging_mixin.py:115} INFO - [2024-08-12 22:49:31,247] {dagbag.py:507} INFO - Filling up the DagBag from /home/kai/Documents/airflowalura/venv/lib/python3.9/site-packages/airflow/example_dags/example_branch_operator_decorator.py
[2024-08-12 22:49:31,261] {processor.py:651} INFO - DAG(s) dict_keys(['example_branch_python_operator_decorator']) retrieved from /home/kai/Documents/airflowalura/venv/lib/python3.9/site-packages/airflow/example_dags/example_branch_operator_decorator.py
[2024-08-12 22:49:31,276] {logging_mixin.py:115} INFO - [2024-08-12 22:49:31,276] {dag.py:2379} INFO - Sync 1 DAGs
[2024-08-12 22:49:31,290] {logging_mixin.py:115} INFO - [2024-08-12 22:49:31,290] {dag.py:2927} INFO - Setting next_dagrun for example_branch_python_operator_decorator to 2024-08-12T00:00:00+00:00, run_after=2024-08-13T00:00:00+00:00
[2024-08-12 22:49:31,299] {processor.py:161} INFO - Processing /home/kai/Documents/airflowalura/venv/lib/python3.9/site-packages/airflow/example_dags/example_branch_operator_decorator.py took 0.056 seconds
[2024-08-12 22:50:04,885] {processor.py:153} INFO - Started process (PID=10220) to work on /home/kai/Documents/airflowalura/venv/lib/python3.9/site-packages/airflow/example_dags/example_branch_operator_decorator.py
[2024-08-12 22:50:04,886] {processor.py:641} INFO - Processing file /home/kai/Documents/airflowalura/venv/lib/python3.9/site-packages/airflow/example_dags/example_branch_operator_decorator.py for tasks to queue
[2024-08-12 22:50:04,886] {logging_mixin.py:115} INFO - [2024-08-12 22:50:04,886] {dagbag.py:507} INFO - Filling up the DagBag from /home/kai/Documents/airflowalura/venv/lib/python3.9/site-packages/airflow/example_dags/example_branch_operator_decorator.py
[2024-08-12 22:50:04,902] {processor.py:651} INFO - DAG(s) dict_keys(['example_branch_python_operator_decorator']) retrieved from /home/kai/Documents/airflowalura/venv/lib/python3.9/site-packages/airflow/example_dags/example_branch_operator_decorator.py
[2024-08-12 22:50:04,918] {logging_mixin.py:115} INFO - [2024-08-12 22:50:04,918] {dag.py:2379} INFO - Sync 1 DAGs
[2024-08-12 22:50:04,933] {logging_mixin.py:115} INFO - [2024-08-12 22:50:04,933] {dag.py:2927} INFO - Setting next_dagrun for example_branch_python_operator_decorator to 2024-08-12T00:00:00+00:00, run_after=2024-08-13T00:00:00+00:00
[2024-08-12 22:50:04,943] {processor.py:161} INFO - Processing /home/kai/Documents/airflowalura/venv/lib/python3.9/site-packages/airflow/example_dags/example_branch_operator_decorator.py took 0.061 seconds
[2024-08-12 22:50:37,673] {processor.py:153} INFO - Started process (PID=10456) to work on /home/kai/Documents/airflowalura/venv/lib/python3.9/site-packages/airflow/example_dags/example_branch_operator_decorator.py
[2024-08-12 22:50:37,674] {processor.py:641} INFO - Processing file /home/kai/Documents/airflowalura/venv/lib/python3.9/site-packages/airflow/example_dags/example_branch_operator_decorator.py for tasks to queue
[2024-08-12 22:50:37,674] {logging_mixin.py:115} INFO - [2024-08-12 22:50:37,674] {dagbag.py:507} INFO - Filling up the DagBag from /home/kai/Documents/airflowalura/venv/lib/python3.9/site-packages/airflow/example_dags/example_branch_operator_decorator.py
[2024-08-12 22:50:37,692] {processor.py:651} INFO - DAG(s) dict_keys(['example_branch_python_operator_decorator']) retrieved from /home/kai/Documents/airflowalura/venv/lib/python3.9/site-packages/airflow/example_dags/example_branch_operator_decorator.py
[2024-08-12 22:50:37,704] {logging_mixin.py:115} INFO - [2024-08-12 22:50:37,704] {dag.py:2379} INFO - Sync 1 DAGs
[2024-08-12 22:50:37,719] {logging_mixin.py:115} INFO - [2024-08-12 22:50:37,719] {dag.py:2927} INFO - Setting next_dagrun for example_branch_python_operator_decorator to 2024-08-12T00:00:00+00:00, run_after=2024-08-13T00:00:00+00:00
[2024-08-12 22:50:37,728] {processor.py:161} INFO - Processing /home/kai/Documents/airflowalura/venv/lib/python3.9/site-packages/airflow/example_dags/example_branch_operator_decorator.py took 0.059 seconds
[2024-08-12 22:51:12,747] {processor.py:153} INFO - Started process (PID=10656) to work on /home/kai/Documents/airflowalura/venv/lib/python3.9/site-packages/airflow/example_dags/example_branch_operator_decorator.py
[2024-08-12 22:51:12,748] {processor.py:641} INFO - Processing file /home/kai/Documents/airflowalura/venv/lib/python3.9/site-packages/airflow/example_dags/example_branch_operator_decorator.py for tasks to queue
[2024-08-12 22:51:12,748] {logging_mixin.py:115} INFO - [2024-08-12 22:51:12,748] {dagbag.py:507} INFO - Filling up the DagBag from /home/kai/Documents/airflowalura/venv/lib/python3.9/site-packages/airflow/example_dags/example_branch_operator_decorator.py
[2024-08-12 22:51:12,766] {processor.py:651} INFO - DAG(s) dict_keys(['example_branch_python_operator_decorator']) retrieved from /home/kai/Documents/airflowalura/venv/lib/python3.9/site-packages/airflow/example_dags/example_branch_operator_decorator.py
[2024-08-12 22:51:12,777] {logging_mixin.py:115} INFO - [2024-08-12 22:51:12,777] {dag.py:2379} INFO - Sync 1 DAGs
[2024-08-12 22:51:12,791] {logging_mixin.py:115} INFO - [2024-08-12 22:51:12,791] {dag.py:2927} INFO - Setting next_dagrun for example_branch_python_operator_decorator to 2024-08-12T00:00:00+00:00, run_after=2024-08-13T00:00:00+00:00
[2024-08-12 22:51:12,800] {processor.py:161} INFO - Processing /home/kai/Documents/airflowalura/venv/lib/python3.9/site-packages/airflow/example_dags/example_branch_operator_decorator.py took 0.055 seconds
[2024-08-12 22:51:47,422] {processor.py:153} INFO - Started process (PID=10850) to work on /home/kai/Documents/airflowalura/venv/lib/python3.9/site-packages/airflow/example_dags/example_branch_operator_decorator.py
[2024-08-12 22:51:47,423] {processor.py:641} INFO - Processing file /home/kai/Documents/airflowalura/venv/lib/python3.9/site-packages/airflow/example_dags/example_branch_operator_decorator.py for tasks to queue
[2024-08-12 22:51:47,423] {logging_mixin.py:115} INFO - [2024-08-12 22:51:47,423] {dagbag.py:507} INFO - Filling up the DagBag from /home/kai/Documents/airflowalura/venv/lib/python3.9/site-packages/airflow/example_dags/example_branch_operator_decorator.py
[2024-08-12 22:51:47,440] {processor.py:651} INFO - DAG(s) dict_keys(['example_branch_python_operator_decorator']) retrieved from /home/kai/Documents/airflowalura/venv/lib/python3.9/site-packages/airflow/example_dags/example_branch_operator_decorator.py
[2024-08-12 22:51:47,452] {logging_mixin.py:115} INFO - [2024-08-12 22:51:47,452] {dag.py:2379} INFO - Sync 1 DAGs
[2024-08-12 22:51:47,467] {logging_mixin.py:115} INFO - [2024-08-12 22:51:47,467] {dag.py:2927} INFO - Setting next_dagrun for example_branch_python_operator_decorator to 2024-08-12T00:00:00+00:00, run_after=2024-08-13T00:00:00+00:00
[2024-08-12 22:51:47,475] {processor.py:161} INFO - Processing /home/kai/Documents/airflowalura/venv/lib/python3.9/site-packages/airflow/example_dags/example_branch_operator_decorator.py took 0.056 seconds
[2024-08-12 22:52:24,578] {processor.py:153} INFO - Started process (PID=11054) to work on /home/kai/Documents/airflowalura/venv/lib/python3.9/site-packages/airflow/example_dags/example_branch_operator_decorator.py
[2024-08-12 22:52:24,579] {processor.py:641} INFO - Processing file /home/kai/Documents/airflowalura/venv/lib/python3.9/site-packages/airflow/example_dags/example_branch_operator_decorator.py for tasks to queue
[2024-08-12 22:52:24,580] {logging_mixin.py:115} INFO - [2024-08-12 22:52:24,580] {dagbag.py:507} INFO - Filling up the DagBag from /home/kai/Documents/airflowalura/venv/lib/python3.9/site-packages/airflow/example_dags/example_branch_operator_decorator.py
[2024-08-12 22:52:24,597] {processor.py:651} INFO - DAG(s) dict_keys(['example_branch_python_operator_decorator']) retrieved from /home/kai/Documents/airflowalura/venv/lib/python3.9/site-packages/airflow/example_dags/example_branch_operator_decorator.py
[2024-08-12 22:52:24,610] {logging_mixin.py:115} INFO - [2024-08-12 22:52:24,610] {dag.py:2379} INFO - Sync 1 DAGs
[2024-08-12 22:52:24,624] {logging_mixin.py:115} INFO - [2024-08-12 22:52:24,624] {dag.py:2927} INFO - Setting next_dagrun for example_branch_python_operator_decorator to 2024-08-12T00:00:00+00:00, run_after=2024-08-13T00:00:00+00:00
[2024-08-12 22:52:24,634] {processor.py:161} INFO - Processing /home/kai/Documents/airflowalura/venv/lib/python3.9/site-packages/airflow/example_dags/example_branch_operator_decorator.py took 0.058 seconds
[2024-08-12 22:52:57,093] {processor.py:153} INFO - Started process (PID=11238) to work on /home/kai/Documents/airflowalura/venv/lib/python3.9/site-packages/airflow/example_dags/example_branch_operator_decorator.py
[2024-08-12 22:52:57,093] {processor.py:641} INFO - Processing file /home/kai/Documents/airflowalura/venv/lib/python3.9/site-packages/airflow/example_dags/example_branch_operator_decorator.py for tasks to queue
[2024-08-12 22:52:57,094] {logging_mixin.py:115} INFO - [2024-08-12 22:52:57,094] {dagbag.py:507} INFO - Filling up the DagBag from /home/kai/Documents/airflowalura/venv/lib/python3.9/site-packages/airflow/example_dags/example_branch_operator_decorator.py
[2024-08-12 22:52:57,111] {processor.py:651} INFO - DAG(s) dict_keys(['example_branch_python_operator_decorator']) retrieved from /home/kai/Documents/airflowalura/venv/lib/python3.9/site-packages/airflow/example_dags/example_branch_operator_decorator.py
[2024-08-12 22:52:57,124] {logging_mixin.py:115} INFO - [2024-08-12 22:52:57,124] {dag.py:2379} INFO - Sync 1 DAGs
[2024-08-12 22:52:57,141] {logging_mixin.py:115} INFO - [2024-08-12 22:52:57,141] {dag.py:2927} INFO - Setting next_dagrun for example_branch_python_operator_decorator to 2024-08-12T00:00:00+00:00, run_after=2024-08-13T00:00:00+00:00
[2024-08-12 22:52:57,152] {processor.py:161} INFO - Processing /home/kai/Documents/airflowalura/venv/lib/python3.9/site-packages/airflow/example_dags/example_branch_operator_decorator.py took 0.061 seconds
[2024-08-12 22:53:29,024] {processor.py:153} INFO - Started process (PID=11410) to work on /home/kai/Documents/airflowalura/venv/lib/python3.9/site-packages/airflow/example_dags/example_branch_operator_decorator.py
[2024-08-12 22:53:29,025] {processor.py:641} INFO - Processing file /home/kai/Documents/airflowalura/venv/lib/python3.9/site-packages/airflow/example_dags/example_branch_operator_decorator.py for tasks to queue
[2024-08-12 22:53:29,026] {logging_mixin.py:115} INFO - [2024-08-12 22:53:29,026] {dagbag.py:507} INFO - Filling up the DagBag from /home/kai/Documents/airflowalura/venv/lib/python3.9/site-packages/airflow/example_dags/example_branch_operator_decorator.py
[2024-08-12 22:53:29,043] {processor.py:651} INFO - DAG(s) dict_keys(['example_branch_python_operator_decorator']) retrieved from /home/kai/Documents/airflowalura/venv/lib/python3.9/site-packages/airflow/example_dags/example_branch_operator_decorator.py
[2024-08-12 22:53:29,056] {logging_mixin.py:115} INFO - [2024-08-12 22:53:29,056] {dag.py:2379} INFO - Sync 1 DAGs
[2024-08-12 22:53:29,070] {logging_mixin.py:115} INFO - [2024-08-12 22:53:29,070] {dag.py:2927} INFO - Setting next_dagrun for example_branch_python_operator_decorator to 2024-08-12T00:00:00+00:00, run_after=2024-08-13T00:00:00+00:00
[2024-08-12 22:53:29,079] {processor.py:161} INFO - Processing /home/kai/Documents/airflowalura/venv/lib/python3.9/site-packages/airflow/example_dags/example_branch_operator_decorator.py took 0.057 seconds
[2024-08-12 22:54:08,349] {processor.py:153} INFO - Started process (PID=11630) to work on /home/kai/Documents/airflowalura/venv/lib/python3.9/site-packages/airflow/example_dags/example_branch_operator_decorator.py
[2024-08-12 22:54:08,350] {processor.py:641} INFO - Processing file /home/kai/Documents/airflowalura/venv/lib/python3.9/site-packages/airflow/example_dags/example_branch_operator_decorator.py for tasks to queue
[2024-08-12 22:54:08,351] {logging_mixin.py:115} INFO - [2024-08-12 22:54:08,351] {dagbag.py:507} INFO - Filling up the DagBag from /home/kai/Documents/airflowalura/venv/lib/python3.9/site-packages/airflow/example_dags/example_branch_operator_decorator.py
[2024-08-12 22:54:08,370] {processor.py:651} INFO - DAG(s) dict_keys(['example_branch_python_operator_decorator']) retrieved from /home/kai/Documents/airflowalura/venv/lib/python3.9/site-packages/airflow/example_dags/example_branch_operator_decorator.py
[2024-08-12 22:54:08,384] {logging_mixin.py:115} INFO - [2024-08-12 22:54:08,384] {dag.py:2379} INFO - Sync 1 DAGs
[2024-08-12 22:54:08,401] {logging_mixin.py:115} INFO - [2024-08-12 22:54:08,401] {dag.py:2927} INFO - Setting next_dagrun for example_branch_python_operator_decorator to 2024-08-12T00:00:00+00:00, run_after=2024-08-13T00:00:00+00:00
[2024-08-12 22:54:08,411] {processor.py:161} INFO - Processing /home/kai/Documents/airflowalura/venv/lib/python3.9/site-packages/airflow/example_dags/example_branch_operator_decorator.py took 0.064 seconds
[2024-08-12 22:54:44,150] {processor.py:153} INFO - Started process (PID=11830) to work on /home/kai/Documents/airflowalura/venv/lib/python3.9/site-packages/airflow/example_dags/example_branch_operator_decorator.py
[2024-08-12 22:54:44,151] {processor.py:641} INFO - Processing file /home/kai/Documents/airflowalura/venv/lib/python3.9/site-packages/airflow/example_dags/example_branch_operator_decorator.py for tasks to queue
[2024-08-12 22:54:44,152] {logging_mixin.py:115} INFO - [2024-08-12 22:54:44,152] {dagbag.py:507} INFO - Filling up the DagBag from /home/kai/Documents/airflowalura/venv/lib/python3.9/site-packages/airflow/example_dags/example_branch_operator_decorator.py
[2024-08-12 22:54:44,169] {processor.py:651} INFO - DAG(s) dict_keys(['example_branch_python_operator_decorator']) retrieved from /home/kai/Documents/airflowalura/venv/lib/python3.9/site-packages/airflow/example_dags/example_branch_operator_decorator.py
[2024-08-12 22:54:44,181] {logging_mixin.py:115} INFO - [2024-08-12 22:54:44,181] {dag.py:2379} INFO - Sync 1 DAGs
[2024-08-12 22:54:44,196] {logging_mixin.py:115} INFO - [2024-08-12 22:54:44,196] {dag.py:2927} INFO - Setting next_dagrun for example_branch_python_operator_decorator to 2024-08-12T00:00:00+00:00, run_after=2024-08-13T00:00:00+00:00
[2024-08-12 22:54:44,206] {processor.py:161} INFO - Processing /home/kai/Documents/airflowalura/venv/lib/python3.9/site-packages/airflow/example_dags/example_branch_operator_decorator.py took 0.058 seconds
[2024-08-12 22:55:17,836] {processor.py:153} INFO - Started process (PID=12071) to work on /home/kai/Documents/airflowalura/venv/lib/python3.9/site-packages/airflow/example_dags/example_branch_operator_decorator.py
[2024-08-12 22:55:17,836] {processor.py:641} INFO - Processing file /home/kai/Documents/airflowalura/venv/lib/python3.9/site-packages/airflow/example_dags/example_branch_operator_decorator.py for tasks to queue
[2024-08-12 22:55:17,837] {logging_mixin.py:115} INFO - [2024-08-12 22:55:17,837] {dagbag.py:507} INFO - Filling up the DagBag from /home/kai/Documents/airflowalura/venv/lib/python3.9/site-packages/airflow/example_dags/example_branch_operator_decorator.py
[2024-08-12 22:55:17,854] {processor.py:651} INFO - DAG(s) dict_keys(['example_branch_python_operator_decorator']) retrieved from /home/kai/Documents/airflowalura/venv/lib/python3.9/site-packages/airflow/example_dags/example_branch_operator_decorator.py
[2024-08-12 22:55:17,866] {logging_mixin.py:115} INFO - [2024-08-12 22:55:17,866] {dag.py:2379} INFO - Sync 1 DAGs
[2024-08-12 22:55:17,880] {logging_mixin.py:115} INFO - [2024-08-12 22:55:17,880] {dag.py:2927} INFO - Setting next_dagrun for example_branch_python_operator_decorator to 2024-08-12T00:00:00+00:00, run_after=2024-08-13T00:00:00+00:00
[2024-08-12 22:55:17,889] {processor.py:161} INFO - Processing /home/kai/Documents/airflowalura/venv/lib/python3.9/site-packages/airflow/example_dags/example_branch_operator_decorator.py took 0.056 seconds
[2024-08-12 22:55:52,365] {processor.py:153} INFO - Started process (PID=12256) to work on /home/kai/Documents/airflowalura/venv/lib/python3.9/site-packages/airflow/example_dags/example_branch_operator_decorator.py
[2024-08-12 22:55:52,366] {processor.py:641} INFO - Processing file /home/kai/Documents/airflowalura/venv/lib/python3.9/site-packages/airflow/example_dags/example_branch_operator_decorator.py for tasks to queue
[2024-08-12 22:55:52,367] {logging_mixin.py:115} INFO - [2024-08-12 22:55:52,367] {dagbag.py:507} INFO - Filling up the DagBag from /home/kai/Documents/airflowalura/venv/lib/python3.9/site-packages/airflow/example_dags/example_branch_operator_decorator.py
[2024-08-12 22:55:52,385] {processor.py:651} INFO - DAG(s) dict_keys(['example_branch_python_operator_decorator']) retrieved from /home/kai/Documents/airflowalura/venv/lib/python3.9/site-packages/airflow/example_dags/example_branch_operator_decorator.py
[2024-08-12 22:55:52,399] {logging_mixin.py:115} INFO - [2024-08-12 22:55:52,399] {dag.py:2379} INFO - Sync 1 DAGs
[2024-08-12 22:55:52,414] {logging_mixin.py:115} INFO - [2024-08-12 22:55:52,414] {dag.py:2927} INFO - Setting next_dagrun for example_branch_python_operator_decorator to 2024-08-12T00:00:00+00:00, run_after=2024-08-13T00:00:00+00:00
[2024-08-12 22:55:52,424] {processor.py:161} INFO - Processing /home/kai/Documents/airflowalura/venv/lib/python3.9/site-packages/airflow/example_dags/example_branch_operator_decorator.py took 0.061 seconds
[2024-08-12 22:56:24,613] {processor.py:153} INFO - Started process (PID=12475) to work on /home/kai/Documents/airflowalura/venv/lib/python3.9/site-packages/airflow/example_dags/example_branch_operator_decorator.py
[2024-08-12 22:56:24,614] {processor.py:641} INFO - Processing file /home/kai/Documents/airflowalura/venv/lib/python3.9/site-packages/airflow/example_dags/example_branch_operator_decorator.py for tasks to queue
[2024-08-12 22:56:24,615] {logging_mixin.py:115} INFO - [2024-08-12 22:56:24,614] {dagbag.py:507} INFO - Filling up the DagBag from /home/kai/Documents/airflowalura/venv/lib/python3.9/site-packages/airflow/example_dags/example_branch_operator_decorator.py
[2024-08-12 22:56:24,631] {processor.py:651} INFO - DAG(s) dict_keys(['example_branch_python_operator_decorator']) retrieved from /home/kai/Documents/airflowalura/venv/lib/python3.9/site-packages/airflow/example_dags/example_branch_operator_decorator.py
[2024-08-12 22:56:24,644] {logging_mixin.py:115} INFO - [2024-08-12 22:56:24,644] {dag.py:2379} INFO - Sync 1 DAGs
[2024-08-12 22:56:24,658] {logging_mixin.py:115} INFO - [2024-08-12 22:56:24,658] {dag.py:2927} INFO - Setting next_dagrun for example_branch_python_operator_decorator to 2024-08-12T00:00:00+00:00, run_after=2024-08-13T00:00:00+00:00
[2024-08-12 22:56:24,667] {processor.py:161} INFO - Processing /home/kai/Documents/airflowalura/venv/lib/python3.9/site-packages/airflow/example_dags/example_branch_operator_decorator.py took 0.056 seconds
[2024-08-12 22:56:57,877] {processor.py:153} INFO - Started process (PID=12663) to work on /home/kai/Documents/airflowalura/venv/lib/python3.9/site-packages/airflow/example_dags/example_branch_operator_decorator.py
[2024-08-12 22:56:57,878] {processor.py:641} INFO - Processing file /home/kai/Documents/airflowalura/venv/lib/python3.9/site-packages/airflow/example_dags/example_branch_operator_decorator.py for tasks to queue
[2024-08-12 22:56:57,878] {logging_mixin.py:115} INFO - [2024-08-12 22:56:57,878] {dagbag.py:507} INFO - Filling up the DagBag from /home/kai/Documents/airflowalura/venv/lib/python3.9/site-packages/airflow/example_dags/example_branch_operator_decorator.py
[2024-08-12 22:56:57,895] {processor.py:651} INFO - DAG(s) dict_keys(['example_branch_python_operator_decorator']) retrieved from /home/kai/Documents/airflowalura/venv/lib/python3.9/site-packages/airflow/example_dags/example_branch_operator_decorator.py
[2024-08-12 22:56:57,907] {logging_mixin.py:115} INFO - [2024-08-12 22:56:57,907] {dag.py:2379} INFO - Sync 1 DAGs
[2024-08-12 22:56:57,920] {logging_mixin.py:115} INFO - [2024-08-12 22:56:57,920] {dag.py:2927} INFO - Setting next_dagrun for example_branch_python_operator_decorator to 2024-08-12T00:00:00+00:00, run_after=2024-08-13T00:00:00+00:00
[2024-08-12 22:56:57,931] {processor.py:161} INFO - Processing /home/kai/Documents/airflowalura/venv/lib/python3.9/site-packages/airflow/example_dags/example_branch_operator_decorator.py took 0.056 seconds
[2024-08-12 22:57:30,204] {processor.py:153} INFO - Started process (PID=12840) to work on /home/kai/Documents/airflowalura/venv/lib/python3.9/site-packages/airflow/example_dags/example_branch_operator_decorator.py
[2024-08-12 22:57:30,205] {processor.py:641} INFO - Processing file /home/kai/Documents/airflowalura/venv/lib/python3.9/site-packages/airflow/example_dags/example_branch_operator_decorator.py for tasks to queue
[2024-08-12 22:57:30,206] {logging_mixin.py:115} INFO - [2024-08-12 22:57:30,206] {dagbag.py:507} INFO - Filling up the DagBag from /home/kai/Documents/airflowalura/venv/lib/python3.9/site-packages/airflow/example_dags/example_branch_operator_decorator.py
[2024-08-12 22:57:30,224] {processor.py:651} INFO - DAG(s) dict_keys(['example_branch_python_operator_decorator']) retrieved from /home/kai/Documents/airflowalura/venv/lib/python3.9/site-packages/airflow/example_dags/example_branch_operator_decorator.py
[2024-08-12 22:57:30,238] {logging_mixin.py:115} INFO - [2024-08-12 22:57:30,238] {dag.py:2379} INFO - Sync 1 DAGs
[2024-08-12 22:57:30,252] {logging_mixin.py:115} INFO - [2024-08-12 22:57:30,252] {dag.py:2927} INFO - Setting next_dagrun for example_branch_python_operator_decorator to 2024-08-12T00:00:00+00:00, run_after=2024-08-13T00:00:00+00:00
[2024-08-12 22:57:30,263] {processor.py:161} INFO - Processing /home/kai/Documents/airflowalura/venv/lib/python3.9/site-packages/airflow/example_dags/example_branch_operator_decorator.py took 0.061 seconds
[2024-08-12 22:58:02,847] {processor.py:153} INFO - Started process (PID=13023) to work on /home/kai/Documents/airflowalura/venv/lib/python3.9/site-packages/airflow/example_dags/example_branch_operator_decorator.py
[2024-08-12 22:58:02,847] {processor.py:641} INFO - Processing file /home/kai/Documents/airflowalura/venv/lib/python3.9/site-packages/airflow/example_dags/example_branch_operator_decorator.py for tasks to queue
[2024-08-12 22:58:02,848] {logging_mixin.py:115} INFO - [2024-08-12 22:58:02,848] {dagbag.py:507} INFO - Filling up the DagBag from /home/kai/Documents/airflowalura/venv/lib/python3.9/site-packages/airflow/example_dags/example_branch_operator_decorator.py
[2024-08-12 22:58:02,864] {processor.py:651} INFO - DAG(s) dict_keys(['example_branch_python_operator_decorator']) retrieved from /home/kai/Documents/airflowalura/venv/lib/python3.9/site-packages/airflow/example_dags/example_branch_operator_decorator.py
[2024-08-12 22:58:02,876] {logging_mixin.py:115} INFO - [2024-08-12 22:58:02,876] {dag.py:2379} INFO - Sync 1 DAGs
[2024-08-12 22:58:02,890] {logging_mixin.py:115} INFO - [2024-08-12 22:58:02,890] {dag.py:2927} INFO - Setting next_dagrun for example_branch_python_operator_decorator to 2024-08-12T00:00:00+00:00, run_after=2024-08-13T00:00:00+00:00
[2024-08-12 22:58:02,898] {processor.py:161} INFO - Processing /home/kai/Documents/airflowalura/venv/lib/python3.9/site-packages/airflow/example_dags/example_branch_operator_decorator.py took 0.054 seconds
[2024-08-12 22:58:38,035] {processor.py:153} INFO - Started process (PID=13212) to work on /home/kai/Documents/airflowalura/venv/lib/python3.9/site-packages/airflow/example_dags/example_branch_operator_decorator.py
[2024-08-12 22:58:38,035] {processor.py:641} INFO - Processing file /home/kai/Documents/airflowalura/venv/lib/python3.9/site-packages/airflow/example_dags/example_branch_operator_decorator.py for tasks to queue
[2024-08-12 22:58:38,036] {logging_mixin.py:115} INFO - [2024-08-12 22:58:38,036] {dagbag.py:507} INFO - Filling up the DagBag from /home/kai/Documents/airflowalura/venv/lib/python3.9/site-packages/airflow/example_dags/example_branch_operator_decorator.py
[2024-08-12 22:58:38,052] {processor.py:651} INFO - DAG(s) dict_keys(['example_branch_python_operator_decorator']) retrieved from /home/kai/Documents/airflowalura/venv/lib/python3.9/site-packages/airflow/example_dags/example_branch_operator_decorator.py
[2024-08-12 22:58:38,066] {logging_mixin.py:115} INFO - [2024-08-12 22:58:38,066] {dag.py:2379} INFO - Sync 1 DAGs
[2024-08-12 22:58:38,080] {logging_mixin.py:115} INFO - [2024-08-12 22:58:38,080] {dag.py:2927} INFO - Setting next_dagrun for example_branch_python_operator_decorator to 2024-08-12T00:00:00+00:00, run_after=2024-08-13T00:00:00+00:00
[2024-08-12 22:58:38,088] {processor.py:161} INFO - Processing /home/kai/Documents/airflowalura/venv/lib/python3.9/site-packages/airflow/example_dags/example_branch_operator_decorator.py took 0.056 seconds
[2024-08-12 22:59:11,101] {processor.py:153} INFO - Started process (PID=13394) to work on /home/kai/Documents/airflowalura/venv/lib/python3.9/site-packages/airflow/example_dags/example_branch_operator_decorator.py
[2024-08-12 22:59:11,102] {processor.py:641} INFO - Processing file /home/kai/Documents/airflowalura/venv/lib/python3.9/site-packages/airflow/example_dags/example_branch_operator_decorator.py for tasks to queue
[2024-08-12 22:59:11,102] {logging_mixin.py:115} INFO - [2024-08-12 22:59:11,102] {dagbag.py:507} INFO - Filling up the DagBag from /home/kai/Documents/airflowalura/venv/lib/python3.9/site-packages/airflow/example_dags/example_branch_operator_decorator.py
[2024-08-12 22:59:11,119] {processor.py:651} INFO - DAG(s) dict_keys(['example_branch_python_operator_decorator']) retrieved from /home/kai/Documents/airflowalura/venv/lib/python3.9/site-packages/airflow/example_dags/example_branch_operator_decorator.py
[2024-08-12 22:59:11,131] {logging_mixin.py:115} INFO - [2024-08-12 22:59:11,131] {dag.py:2379} INFO - Sync 1 DAGs
[2024-08-12 22:59:11,145] {logging_mixin.py:115} INFO - [2024-08-12 22:59:11,145] {dag.py:2927} INFO - Setting next_dagrun for example_branch_python_operator_decorator to 2024-08-12T00:00:00+00:00, run_after=2024-08-13T00:00:00+00:00
[2024-08-12 22:59:11,155] {processor.py:161} INFO - Processing /home/kai/Documents/airflowalura/venv/lib/python3.9/site-packages/airflow/example_dags/example_branch_operator_decorator.py took 0.057 seconds
[2024-08-12 22:59:43,644] {processor.py:153} INFO - Started process (PID=13583) to work on /home/kai/Documents/airflowalura/venv/lib/python3.9/site-packages/airflow/example_dags/example_branch_operator_decorator.py
[2024-08-12 22:59:43,644] {processor.py:641} INFO - Processing file /home/kai/Documents/airflowalura/venv/lib/python3.9/site-packages/airflow/example_dags/example_branch_operator_decorator.py for tasks to queue
[2024-08-12 22:59:43,645] {logging_mixin.py:115} INFO - [2024-08-12 22:59:43,645] {dagbag.py:507} INFO - Filling up the DagBag from /home/kai/Documents/airflowalura/venv/lib/python3.9/site-packages/airflow/example_dags/example_branch_operator_decorator.py
[2024-08-12 22:59:43,662] {processor.py:651} INFO - DAG(s) dict_keys(['example_branch_python_operator_decorator']) retrieved from /home/kai/Documents/airflowalura/venv/lib/python3.9/site-packages/airflow/example_dags/example_branch_operator_decorator.py
[2024-08-12 22:59:43,674] {logging_mixin.py:115} INFO - [2024-08-12 22:59:43,674] {dag.py:2379} INFO - Sync 1 DAGs
[2024-08-12 22:59:43,688] {logging_mixin.py:115} INFO - [2024-08-12 22:59:43,688] {dag.py:2927} INFO - Setting next_dagrun for example_branch_python_operator_decorator to 2024-08-12T00:00:00+00:00, run_after=2024-08-13T00:00:00+00:00
[2024-08-12 22:59:43,697] {processor.py:161} INFO - Processing /home/kai/Documents/airflowalura/venv/lib/python3.9/site-packages/airflow/example_dags/example_branch_operator_decorator.py took 0.057 seconds
[2024-08-12 23:00:18,490] {processor.py:153} INFO - Started process (PID=13833) to work on /home/kai/Documents/airflowalura/venv/lib/python3.9/site-packages/airflow/example_dags/example_branch_operator_decorator.py
[2024-08-12 23:00:18,490] {processor.py:641} INFO - Processing file /home/kai/Documents/airflowalura/venv/lib/python3.9/site-packages/airflow/example_dags/example_branch_operator_decorator.py for tasks to queue
[2024-08-12 23:00:18,491] {logging_mixin.py:115} INFO - [2024-08-12 23:00:18,491] {dagbag.py:507} INFO - Filling up the DagBag from /home/kai/Documents/airflowalura/venv/lib/python3.9/site-packages/airflow/example_dags/example_branch_operator_decorator.py
[2024-08-12 23:00:18,508] {processor.py:651} INFO - DAG(s) dict_keys(['example_branch_python_operator_decorator']) retrieved from /home/kai/Documents/airflowalura/venv/lib/python3.9/site-packages/airflow/example_dags/example_branch_operator_decorator.py
[2024-08-12 23:00:18,521] {logging_mixin.py:115} INFO - [2024-08-12 23:00:18,520] {dag.py:2379} INFO - Sync 1 DAGs
[2024-08-12 23:00:18,534] {logging_mixin.py:115} INFO - [2024-08-12 23:00:18,534] {dag.py:2927} INFO - Setting next_dagrun for example_branch_python_operator_decorator to 2024-08-12T00:00:00+00:00, run_after=2024-08-13T00:00:00+00:00
[2024-08-12 23:00:18,543] {processor.py:161} INFO - Processing /home/kai/Documents/airflowalura/venv/lib/python3.9/site-packages/airflow/example_dags/example_branch_operator_decorator.py took 0.056 seconds
[2024-08-12 23:00:51,383] {processor.py:153} INFO - Started process (PID=14027) to work on /home/kai/Documents/airflowalura/venv/lib/python3.9/site-packages/airflow/example_dags/example_branch_operator_decorator.py
[2024-08-12 23:00:51,383] {processor.py:641} INFO - Processing file /home/kai/Documents/airflowalura/venv/lib/python3.9/site-packages/airflow/example_dags/example_branch_operator_decorator.py for tasks to queue
[2024-08-12 23:00:51,384] {logging_mixin.py:115} INFO - [2024-08-12 23:00:51,384] {dagbag.py:507} INFO - Filling up the DagBag from /home/kai/Documents/airflowalura/venv/lib/python3.9/site-packages/airflow/example_dags/example_branch_operator_decorator.py
[2024-08-12 23:00:51,401] {processor.py:651} INFO - DAG(s) dict_keys(['example_branch_python_operator_decorator']) retrieved from /home/kai/Documents/airflowalura/venv/lib/python3.9/site-packages/airflow/example_dags/example_branch_operator_decorator.py
[2024-08-12 23:00:51,414] {logging_mixin.py:115} INFO - [2024-08-12 23:00:51,414] {dag.py:2379} INFO - Sync 1 DAGs
[2024-08-12 23:00:51,427] {logging_mixin.py:115} INFO - [2024-08-12 23:00:51,427] {dag.py:2927} INFO - Setting next_dagrun for example_branch_python_operator_decorator to 2024-08-12T00:00:00+00:00, run_after=2024-08-13T00:00:00+00:00
[2024-08-12 23:00:51,436] {processor.py:161} INFO - Processing /home/kai/Documents/airflowalura/venv/lib/python3.9/site-packages/airflow/example_dags/example_branch_operator_decorator.py took 0.056 seconds
[2024-08-12 23:01:29,035] {processor.py:153} INFO - Started process (PID=14237) to work on /home/kai/Documents/airflowalura/venv/lib/python3.9/site-packages/airflow/example_dags/example_branch_operator_decorator.py
[2024-08-12 23:01:29,036] {processor.py:641} INFO - Processing file /home/kai/Documents/airflowalura/venv/lib/python3.9/site-packages/airflow/example_dags/example_branch_operator_decorator.py for tasks to queue
[2024-08-12 23:01:29,036] {logging_mixin.py:115} INFO - [2024-08-12 23:01:29,036] {dagbag.py:507} INFO - Filling up the DagBag from /home/kai/Documents/airflowalura/venv/lib/python3.9/site-packages/airflow/example_dags/example_branch_operator_decorator.py
[2024-08-12 23:01:29,053] {processor.py:651} INFO - DAG(s) dict_keys(['example_branch_python_operator_decorator']) retrieved from /home/kai/Documents/airflowalura/venv/lib/python3.9/site-packages/airflow/example_dags/example_branch_operator_decorator.py
[2024-08-12 23:01:29,067] {logging_mixin.py:115} INFO - [2024-08-12 23:01:29,067] {dag.py:2379} INFO - Sync 1 DAGs
[2024-08-12 23:01:29,080] {logging_mixin.py:115} INFO - [2024-08-12 23:01:29,080] {dag.py:2927} INFO - Setting next_dagrun for example_branch_python_operator_decorator to 2024-08-12T00:00:00+00:00, run_after=2024-08-13T00:00:00+00:00
[2024-08-12 23:01:29,089] {processor.py:161} INFO - Processing /home/kai/Documents/airflowalura/venv/lib/python3.9/site-packages/airflow/example_dags/example_branch_operator_decorator.py took 0.056 seconds
[2024-08-12 23:02:02,086] {processor.py:153} INFO - Started process (PID=14416) to work on /home/kai/Documents/airflowalura/venv/lib/python3.9/site-packages/airflow/example_dags/example_branch_operator_decorator.py
[2024-08-12 23:02:02,087] {processor.py:641} INFO - Processing file /home/kai/Documents/airflowalura/venv/lib/python3.9/site-packages/airflow/example_dags/example_branch_operator_decorator.py for tasks to queue
[2024-08-12 23:02:02,087] {logging_mixin.py:115} INFO - [2024-08-12 23:02:02,087] {dagbag.py:507} INFO - Filling up the DagBag from /home/kai/Documents/airflowalura/venv/lib/python3.9/site-packages/airflow/example_dags/example_branch_operator_decorator.py
[2024-08-12 23:02:02,106] {processor.py:651} INFO - DAG(s) dict_keys(['example_branch_python_operator_decorator']) retrieved from /home/kai/Documents/airflowalura/venv/lib/python3.9/site-packages/airflow/example_dags/example_branch_operator_decorator.py
[2024-08-12 23:02:02,122] {logging_mixin.py:115} INFO - [2024-08-12 23:02:02,122] {dag.py:2379} INFO - Sync 1 DAGs
[2024-08-12 23:02:02,137] {logging_mixin.py:115} INFO - [2024-08-12 23:02:02,137] {dag.py:2927} INFO - Setting next_dagrun for example_branch_python_operator_decorator to 2024-08-12T00:00:00+00:00, run_after=2024-08-13T00:00:00+00:00
[2024-08-12 23:02:02,147] {processor.py:161} INFO - Processing /home/kai/Documents/airflowalura/venv/lib/python3.9/site-packages/airflow/example_dags/example_branch_operator_decorator.py took 0.064 seconds
[2024-08-12 23:02:39,135] {processor.py:153} INFO - Started process (PID=14614) to work on /home/kai/Documents/airflowalura/venv/lib/python3.9/site-packages/airflow/example_dags/example_branch_operator_decorator.py
[2024-08-12 23:02:39,136] {processor.py:641} INFO - Processing file /home/kai/Documents/airflowalura/venv/lib/python3.9/site-packages/airflow/example_dags/example_branch_operator_decorator.py for tasks to queue
[2024-08-12 23:02:39,136] {logging_mixin.py:115} INFO - [2024-08-12 23:02:39,136] {dagbag.py:507} INFO - Filling up the DagBag from /home/kai/Documents/airflowalura/venv/lib/python3.9/site-packages/airflow/example_dags/example_branch_operator_decorator.py
[2024-08-12 23:02:39,154] {processor.py:651} INFO - DAG(s) dict_keys(['example_branch_python_operator_decorator']) retrieved from /home/kai/Documents/airflowalura/venv/lib/python3.9/site-packages/airflow/example_dags/example_branch_operator_decorator.py
[2024-08-12 23:02:39,167] {logging_mixin.py:115} INFO - [2024-08-12 23:02:39,167] {dag.py:2379} INFO - Sync 1 DAGs
[2024-08-12 23:02:39,180] {logging_mixin.py:115} INFO - [2024-08-12 23:02:39,180] {dag.py:2927} INFO - Setting next_dagrun for example_branch_python_operator_decorator to 2024-08-12T00:00:00+00:00, run_after=2024-08-13T00:00:00+00:00
[2024-08-12 23:02:39,188] {processor.py:161} INFO - Processing /home/kai/Documents/airflowalura/venv/lib/python3.9/site-packages/airflow/example_dags/example_branch_operator_decorator.py took 0.056 seconds
[2024-08-12 23:03:13,835] {processor.py:153} INFO - Started process (PID=14828) to work on /home/kai/Documents/airflowalura/venv/lib/python3.9/site-packages/airflow/example_dags/example_branch_operator_decorator.py
[2024-08-12 23:03:13,836] {processor.py:641} INFO - Processing file /home/kai/Documents/airflowalura/venv/lib/python3.9/site-packages/airflow/example_dags/example_branch_operator_decorator.py for tasks to queue
[2024-08-12 23:03:13,836] {logging_mixin.py:115} INFO - [2024-08-12 23:03:13,836] {dagbag.py:507} INFO - Filling up the DagBag from /home/kai/Documents/airflowalura/venv/lib/python3.9/site-packages/airflow/example_dags/example_branch_operator_decorator.py
[2024-08-12 23:03:13,854] {processor.py:651} INFO - DAG(s) dict_keys(['example_branch_python_operator_decorator']) retrieved from /home/kai/Documents/airflowalura/venv/lib/python3.9/site-packages/airflow/example_dags/example_branch_operator_decorator.py
[2024-08-12 23:03:13,867] {logging_mixin.py:115} INFO - [2024-08-12 23:03:13,867] {dag.py:2379} INFO - Sync 1 DAGs
[2024-08-12 23:03:13,881] {logging_mixin.py:115} INFO - [2024-08-12 23:03:13,881] {dag.py:2927} INFO - Setting next_dagrun for example_branch_python_operator_decorator to 2024-08-12T00:00:00+00:00, run_after=2024-08-13T00:00:00+00:00
[2024-08-12 23:03:13,891] {processor.py:161} INFO - Processing /home/kai/Documents/airflowalura/venv/lib/python3.9/site-packages/airflow/example_dags/example_branch_operator_decorator.py took 0.059 seconds
[2024-08-12 23:03:46,971] {processor.py:153} INFO - Started process (PID=15009) to work on /home/kai/Documents/airflowalura/venv/lib/python3.9/site-packages/airflow/example_dags/example_branch_operator_decorator.py
[2024-08-12 23:03:46,972] {processor.py:641} INFO - Processing file /home/kai/Documents/airflowalura/venv/lib/python3.9/site-packages/airflow/example_dags/example_branch_operator_decorator.py for tasks to queue
[2024-08-12 23:03:46,973] {logging_mixin.py:115} INFO - [2024-08-12 23:03:46,972] {dagbag.py:507} INFO - Filling up the DagBag from /home/kai/Documents/airflowalura/venv/lib/python3.9/site-packages/airflow/example_dags/example_branch_operator_decorator.py
[2024-08-12 23:03:46,990] {processor.py:651} INFO - DAG(s) dict_keys(['example_branch_python_operator_decorator']) retrieved from /home/kai/Documents/airflowalura/venv/lib/python3.9/site-packages/airflow/example_dags/example_branch_operator_decorator.py
[2024-08-12 23:03:47,002] {logging_mixin.py:115} INFO - [2024-08-12 23:03:47,002] {dag.py:2379} INFO - Sync 1 DAGs
[2024-08-12 23:03:47,016] {logging_mixin.py:115} INFO - [2024-08-12 23:03:47,015] {dag.py:2927} INFO - Setting next_dagrun for example_branch_python_operator_decorator to 2024-08-12T00:00:00+00:00, run_after=2024-08-13T00:00:00+00:00
[2024-08-12 23:03:47,024] {processor.py:161} INFO - Processing /home/kai/Documents/airflowalura/venv/lib/python3.9/site-packages/airflow/example_dags/example_branch_operator_decorator.py took 0.056 seconds
[2024-08-12 23:04:25,545] {processor.py:153} INFO - Started process (PID=15239) to work on /home/kai/Documents/airflowalura/venv/lib/python3.9/site-packages/airflow/example_dags/example_branch_operator_decorator.py
[2024-08-12 23:04:25,546] {processor.py:641} INFO - Processing file /home/kai/Documents/airflowalura/venv/lib/python3.9/site-packages/airflow/example_dags/example_branch_operator_decorator.py for tasks to queue
[2024-08-12 23:04:25,546] {logging_mixin.py:115} INFO - [2024-08-12 23:04:25,546] {dagbag.py:507} INFO - Filling up the DagBag from /home/kai/Documents/airflowalura/venv/lib/python3.9/site-packages/airflow/example_dags/example_branch_operator_decorator.py
[2024-08-12 23:04:25,562] {processor.py:651} INFO - DAG(s) dict_keys(['example_branch_python_operator_decorator']) retrieved from /home/kai/Documents/airflowalura/venv/lib/python3.9/site-packages/airflow/example_dags/example_branch_operator_decorator.py
[2024-08-12 23:04:25,574] {logging_mixin.py:115} INFO - [2024-08-12 23:04:25,574] {dag.py:2379} INFO - Sync 1 DAGs
[2024-08-12 23:04:25,588] {logging_mixin.py:115} INFO - [2024-08-12 23:04:25,588] {dag.py:2927} INFO - Setting next_dagrun for example_branch_python_operator_decorator to 2024-08-12T00:00:00+00:00, run_after=2024-08-13T00:00:00+00:00
[2024-08-12 23:04:25,597] {processor.py:161} INFO - Processing /home/kai/Documents/airflowalura/venv/lib/python3.9/site-packages/airflow/example_dags/example_branch_operator_decorator.py took 0.054 seconds
[2024-08-12 23:04:58,949] {processor.py:153} INFO - Started process (PID=15426) to work on /home/kai/Documents/airflowalura/venv/lib/python3.9/site-packages/airflow/example_dags/example_branch_operator_decorator.py
[2024-08-12 23:04:58,950] {processor.py:641} INFO - Processing file /home/kai/Documents/airflowalura/venv/lib/python3.9/site-packages/airflow/example_dags/example_branch_operator_decorator.py for tasks to queue
[2024-08-12 23:04:58,950] {logging_mixin.py:115} INFO - [2024-08-12 23:04:58,950] {dagbag.py:507} INFO - Filling up the DagBag from /home/kai/Documents/airflowalura/venv/lib/python3.9/site-packages/airflow/example_dags/example_branch_operator_decorator.py
[2024-08-12 23:04:58,969] {processor.py:651} INFO - DAG(s) dict_keys(['example_branch_python_operator_decorator']) retrieved from /home/kai/Documents/airflowalura/venv/lib/python3.9/site-packages/airflow/example_dags/example_branch_operator_decorator.py
[2024-08-12 23:04:58,981] {logging_mixin.py:115} INFO - [2024-08-12 23:04:58,981] {dag.py:2379} INFO - Sync 1 DAGs
[2024-08-12 23:04:58,995] {logging_mixin.py:115} INFO - [2024-08-12 23:04:58,995] {dag.py:2927} INFO - Setting next_dagrun for example_branch_python_operator_decorator to 2024-08-12T00:00:00+00:00, run_after=2024-08-13T00:00:00+00:00
[2024-08-12 23:04:59,003] {processor.py:161} INFO - Processing /home/kai/Documents/airflowalura/venv/lib/python3.9/site-packages/airflow/example_dags/example_branch_operator_decorator.py took 0.058 seconds
[2024-08-12 23:05:30,839] {processor.py:153} INFO - Started process (PID=15666) to work on /home/kai/Documents/airflowalura/venv/lib/python3.9/site-packages/airflow/example_dags/example_branch_operator_decorator.py
[2024-08-12 23:05:30,840] {processor.py:641} INFO - Processing file /home/kai/Documents/airflowalura/venv/lib/python3.9/site-packages/airflow/example_dags/example_branch_operator_decorator.py for tasks to queue
[2024-08-12 23:05:30,841] {logging_mixin.py:115} INFO - [2024-08-12 23:05:30,841] {dagbag.py:507} INFO - Filling up the DagBag from /home/kai/Documents/airflowalura/venv/lib/python3.9/site-packages/airflow/example_dags/example_branch_operator_decorator.py
[2024-08-12 23:05:30,858] {processor.py:651} INFO - DAG(s) dict_keys(['example_branch_python_operator_decorator']) retrieved from /home/kai/Documents/airflowalura/venv/lib/python3.9/site-packages/airflow/example_dags/example_branch_operator_decorator.py
[2024-08-12 23:05:30,872] {logging_mixin.py:115} INFO - [2024-08-12 23:05:30,872] {dag.py:2379} INFO - Sync 1 DAGs
[2024-08-12 23:05:30,885] {logging_mixin.py:115} INFO - [2024-08-12 23:05:30,885] {dag.py:2927} INFO - Setting next_dagrun for example_branch_python_operator_decorator to 2024-08-12T00:00:00+00:00, run_after=2024-08-13T00:00:00+00:00
[2024-08-12 23:05:30,894] {processor.py:161} INFO - Processing /home/kai/Documents/airflowalura/venv/lib/python3.9/site-packages/airflow/example_dags/example_branch_operator_decorator.py took 0.057 seconds
