[2024-08-12 22:18:20,880] {processor.py:153} INFO - Started process (PID=35824) to work on /home/kai/Documents/airflowalura/venv/lib/python3.9/site-packages/airflow/example_dags/example_branch_datetime_operator.py
[2024-08-12 22:18:20,882] {processor.py:641} INFO - Processing file /home/kai/Documents/airflowalura/venv/lib/python3.9/site-packages/airflow/example_dags/example_branch_datetime_operator.py for tasks to queue
[2024-08-12 22:18:20,884] {logging_mixin.py:115} INFO - [2024-08-12 22:18:20,884] {dagbag.py:507} INFO - Filling up the DagBag from /home/kai/Documents/airflowalura/venv/lib/python3.9/site-packages/airflow/example_dags/example_branch_datetime_operator.py
[2024-08-12 22:18:20,895] {processor.py:651} INFO - DAG(s) dict_keys(['example_branch_datetime_operator_2']) retrieved from /home/kai/Documents/airflowalura/venv/lib/python3.9/site-packages/airflow/example_dags/example_branch_datetime_operator.py
[2024-08-12 22:18:20,960] {logging_mixin.py:115} INFO - [2024-08-12 22:18:20,960] {dag.py:2379} INFO - Sync 1 DAGs
[2024-08-12 22:18:20,980] {logging_mixin.py:115} INFO - [2024-08-12 22:18:20,979] {dag.py:2927} INFO - Setting next_dagrun for example_branch_datetime_operator_2 to 2024-08-12T00:00:00+00:00, run_after=2024-08-13T00:00:00+00:00
[2024-08-12 22:18:21,002] {processor.py:161} INFO - Processing /home/kai/Documents/airflowalura/venv/lib/python3.9/site-packages/airflow/example_dags/example_branch_datetime_operator.py took 0.128 seconds
[2024-08-12 22:18:53,344] {processor.py:153} INFO - Started process (PID=36294) to work on /home/kai/Documents/airflowalura/venv/lib/python3.9/site-packages/airflow/example_dags/example_branch_datetime_operator.py
[2024-08-12 22:18:53,345] {processor.py:641} INFO - Processing file /home/kai/Documents/airflowalura/venv/lib/python3.9/site-packages/airflow/example_dags/example_branch_datetime_operator.py for tasks to queue
[2024-08-12 22:18:53,345] {logging_mixin.py:115} INFO - [2024-08-12 22:18:53,345] {dagbag.py:507} INFO - Filling up the DagBag from /home/kai/Documents/airflowalura/venv/lib/python3.9/site-packages/airflow/example_dags/example_branch_datetime_operator.py
[2024-08-12 22:18:53,352] {processor.py:651} INFO - DAG(s) dict_keys(['example_branch_datetime_operator_2']) retrieved from /home/kai/Documents/airflowalura/venv/lib/python3.9/site-packages/airflow/example_dags/example_branch_datetime_operator.py
[2024-08-12 22:18:53,365] {logging_mixin.py:115} INFO - [2024-08-12 22:18:53,365] {dag.py:2379} INFO - Sync 1 DAGs
[2024-08-12 22:18:53,381] {logging_mixin.py:115} INFO - [2024-08-12 22:18:53,381] {dag.py:2927} INFO - Setting next_dagrun for example_branch_datetime_operator_2 to 2024-08-12T00:00:00+00:00, run_after=2024-08-13T00:00:00+00:00
[2024-08-12 22:18:53,390] {processor.py:161} INFO - Processing /home/kai/Documents/airflowalura/venv/lib/python3.9/site-packages/airflow/example_dags/example_branch_datetime_operator.py took 0.048 seconds
[2024-08-12 22:19:29,308] {processor.py:153} INFO - Started process (PID=36525) to work on /home/kai/Documents/airflowalura/venv/lib/python3.9/site-packages/airflow/example_dags/example_branch_datetime_operator.py
[2024-08-12 22:19:29,308] {processor.py:641} INFO - Processing file /home/kai/Documents/airflowalura/venv/lib/python3.9/site-packages/airflow/example_dags/example_branch_datetime_operator.py for tasks to queue
[2024-08-12 22:19:29,309] {logging_mixin.py:115} INFO - [2024-08-12 22:19:29,309] {dagbag.py:507} INFO - Filling up the DagBag from /home/kai/Documents/airflowalura/venv/lib/python3.9/site-packages/airflow/example_dags/example_branch_datetime_operator.py
[2024-08-12 22:19:29,317] {processor.py:651} INFO - DAG(s) dict_keys(['example_branch_datetime_operator_2']) retrieved from /home/kai/Documents/airflowalura/venv/lib/python3.9/site-packages/airflow/example_dags/example_branch_datetime_operator.py
[2024-08-12 22:19:29,331] {logging_mixin.py:115} INFO - [2024-08-12 22:19:29,330] {dag.py:2379} INFO - Sync 1 DAGs
[2024-08-12 22:19:29,352] {logging_mixin.py:115} INFO - [2024-08-12 22:19:29,351] {dag.py:2927} INFO - Setting next_dagrun for example_branch_datetime_operator_2 to 2024-08-12T00:00:00+00:00, run_after=2024-08-13T00:00:00+00:00
[2024-08-12 22:19:29,362] {processor.py:161} INFO - Processing /home/kai/Documents/airflowalura/venv/lib/python3.9/site-packages/airflow/example_dags/example_branch_datetime_operator.py took 0.058 seconds
[2024-08-12 22:20:02,977] {processor.py:153} INFO - Started process (PID=36740) to work on /home/kai/Documents/airflowalura/venv/lib/python3.9/site-packages/airflow/example_dags/example_branch_datetime_operator.py
[2024-08-12 22:20:02,978] {processor.py:641} INFO - Processing file /home/kai/Documents/airflowalura/venv/lib/python3.9/site-packages/airflow/example_dags/example_branch_datetime_operator.py for tasks to queue
[2024-08-12 22:20:02,979] {logging_mixin.py:115} INFO - [2024-08-12 22:20:02,979] {dagbag.py:507} INFO - Filling up the DagBag from /home/kai/Documents/airflowalura/venv/lib/python3.9/site-packages/airflow/example_dags/example_branch_datetime_operator.py
[2024-08-12 22:20:02,986] {processor.py:651} INFO - DAG(s) dict_keys(['example_branch_datetime_operator_2']) retrieved from /home/kai/Documents/airflowalura/venv/lib/python3.9/site-packages/airflow/example_dags/example_branch_datetime_operator.py
[2024-08-12 22:20:03,000] {logging_mixin.py:115} INFO - [2024-08-12 22:20:02,999] {dag.py:2379} INFO - Sync 1 DAGs
[2024-08-12 22:20:03,016] {logging_mixin.py:115} INFO - [2024-08-12 22:20:03,016] {dag.py:2927} INFO - Setting next_dagrun for example_branch_datetime_operator_2 to 2024-08-12T00:00:00+00:00, run_after=2024-08-13T00:00:00+00:00
[2024-08-12 22:20:03,027] {processor.py:161} INFO - Processing /home/kai/Documents/airflowalura/venv/lib/python3.9/site-packages/airflow/example_dags/example_branch_datetime_operator.py took 0.052 seconds
[2024-08-12 22:20:37,793] {processor.py:153} INFO - Started process (PID=36970) to work on /home/kai/Documents/airflowalura/venv/lib/python3.9/site-packages/airflow/example_dags/example_branch_datetime_operator.py
[2024-08-12 22:20:37,794] {processor.py:641} INFO - Processing file /home/kai/Documents/airflowalura/venv/lib/python3.9/site-packages/airflow/example_dags/example_branch_datetime_operator.py for tasks to queue
[2024-08-12 22:20:37,795] {logging_mixin.py:115} INFO - [2024-08-12 22:20:37,794] {dagbag.py:507} INFO - Filling up the DagBag from /home/kai/Documents/airflowalura/venv/lib/python3.9/site-packages/airflow/example_dags/example_branch_datetime_operator.py
[2024-08-12 22:20:37,801] {processor.py:651} INFO - DAG(s) dict_keys(['example_branch_datetime_operator_2']) retrieved from /home/kai/Documents/airflowalura/venv/lib/python3.9/site-packages/airflow/example_dags/example_branch_datetime_operator.py
[2024-08-12 22:20:37,814] {logging_mixin.py:115} INFO - [2024-08-12 22:20:37,814] {dag.py:2379} INFO - Sync 1 DAGs
[2024-08-12 22:20:37,832] {logging_mixin.py:115} INFO - [2024-08-12 22:20:37,832] {dag.py:2927} INFO - Setting next_dagrun for example_branch_datetime_operator_2 to 2024-08-12T00:00:00+00:00, run_after=2024-08-13T00:00:00+00:00
[2024-08-12 22:20:37,841] {processor.py:161} INFO - Processing /home/kai/Documents/airflowalura/venv/lib/python3.9/site-packages/airflow/example_dags/example_branch_datetime_operator.py took 0.050 seconds
[2024-08-12 22:21:12,524] {processor.py:153} INFO - Started process (PID=37188) to work on /home/kai/Documents/airflowalura/venv/lib/python3.9/site-packages/airflow/example_dags/example_branch_datetime_operator.py
[2024-08-12 22:21:12,526] {processor.py:641} INFO - Processing file /home/kai/Documents/airflowalura/venv/lib/python3.9/site-packages/airflow/example_dags/example_branch_datetime_operator.py for tasks to queue
[2024-08-12 22:21:12,528] {logging_mixin.py:115} INFO - [2024-08-12 22:21:12,528] {dagbag.py:507} INFO - Filling up the DagBag from /home/kai/Documents/airflowalura/venv/lib/python3.9/site-packages/airflow/example_dags/example_branch_datetime_operator.py
[2024-08-12 22:21:12,543] {processor.py:651} INFO - DAG(s) dict_keys(['example_branch_datetime_operator_2']) retrieved from /home/kai/Documents/airflowalura/venv/lib/python3.9/site-packages/airflow/example_dags/example_branch_datetime_operator.py
[2024-08-12 22:21:12,565] {logging_mixin.py:115} INFO - [2024-08-12 22:21:12,565] {dag.py:2379} INFO - Sync 1 DAGs
[2024-08-12 22:21:12,589] {logging_mixin.py:115} INFO - [2024-08-12 22:21:12,588] {dag.py:2927} INFO - Setting next_dagrun for example_branch_datetime_operator_2 to 2024-08-12T00:00:00+00:00, run_after=2024-08-13T00:00:00+00:00
[2024-08-12 22:21:12,601] {processor.py:161} INFO - Processing /home/kai/Documents/airflowalura/venv/lib/python3.9/site-packages/airflow/example_dags/example_branch_datetime_operator.py took 0.079 seconds
[2024-08-12 22:21:49,643] {processor.py:153} INFO - Started process (PID=37590) to work on /home/kai/Documents/airflowalura/venv/lib/python3.9/site-packages/airflow/example_dags/example_branch_datetime_operator.py
[2024-08-12 22:21:49,643] {processor.py:641} INFO - Processing file /home/kai/Documents/airflowalura/venv/lib/python3.9/site-packages/airflow/example_dags/example_branch_datetime_operator.py for tasks to queue
[2024-08-12 22:21:49,644] {logging_mixin.py:115} INFO - [2024-08-12 22:21:49,644] {dagbag.py:507} INFO - Filling up the DagBag from /home/kai/Documents/airflowalura/venv/lib/python3.9/site-packages/airflow/example_dags/example_branch_datetime_operator.py
[2024-08-12 22:21:49,650] {processor.py:651} INFO - DAG(s) dict_keys(['example_branch_datetime_operator_2']) retrieved from /home/kai/Documents/airflowalura/venv/lib/python3.9/site-packages/airflow/example_dags/example_branch_datetime_operator.py
[2024-08-12 22:21:49,665] {logging_mixin.py:115} INFO - [2024-08-12 22:21:49,665] {dag.py:2379} INFO - Sync 1 DAGs
[2024-08-12 22:21:49,683] {logging_mixin.py:115} INFO - [2024-08-12 22:21:49,683] {dag.py:2927} INFO - Setting next_dagrun for example_branch_datetime_operator_2 to 2024-08-12T00:00:00+00:00, run_after=2024-08-13T00:00:00+00:00
[2024-08-12 22:21:49,694] {processor.py:161} INFO - Processing /home/kai/Documents/airflowalura/venv/lib/python3.9/site-packages/airflow/example_dags/example_branch_datetime_operator.py took 0.054 seconds
[2024-08-12 22:24:58,047] {processor.py:153} INFO - Started process (PID=39297) to work on /home/kai/Documents/airflowalura/venv/lib/python3.9/site-packages/airflow/example_dags/example_branch_datetime_operator.py
[2024-08-12 22:24:58,053] {processor.py:641} INFO - Processing file /home/kai/Documents/airflowalura/venv/lib/python3.9/site-packages/airflow/example_dags/example_branch_datetime_operator.py for tasks to queue
[2024-08-12 22:24:58,054] {logging_mixin.py:115} INFO - [2024-08-12 22:24:58,054] {dagbag.py:507} INFO - Filling up the DagBag from /home/kai/Documents/airflowalura/venv/lib/python3.9/site-packages/airflow/example_dags/example_branch_datetime_operator.py
[2024-08-12 22:24:58,067] {processor.py:651} INFO - DAG(s) dict_keys(['example_branch_datetime_operator_2']) retrieved from /home/kai/Documents/airflowalura/venv/lib/python3.9/site-packages/airflow/example_dags/example_branch_datetime_operator.py
[2024-08-12 22:24:58,091] {logging_mixin.py:115} INFO - [2024-08-12 22:24:58,091] {dag.py:2379} INFO - Sync 1 DAGs
[2024-08-12 22:24:58,114] {logging_mixin.py:115} INFO - [2024-08-12 22:24:58,114] {dag.py:2927} INFO - Setting next_dagrun for example_branch_datetime_operator_2 to 2024-08-12T00:00:00+00:00, run_after=2024-08-13T00:00:00+00:00
[2024-08-12 22:24:58,123] {processor.py:161} INFO - Processing /home/kai/Documents/airflowalura/venv/lib/python3.9/site-packages/airflow/example_dags/example_branch_datetime_operator.py took 0.082 seconds
[2024-08-12 22:25:34,222] {processor.py:153} INFO - Started process (PID=39609) to work on /home/kai/Documents/airflowalura/venv/lib/python3.9/site-packages/airflow/example_dags/example_branch_datetime_operator.py
[2024-08-12 22:25:34,224] {processor.py:641} INFO - Processing file /home/kai/Documents/airflowalura/venv/lib/python3.9/site-packages/airflow/example_dags/example_branch_datetime_operator.py for tasks to queue
[2024-08-12 22:25:34,225] {logging_mixin.py:115} INFO - [2024-08-12 22:25:34,225] {dagbag.py:507} INFO - Filling up the DagBag from /home/kai/Documents/airflowalura/venv/lib/python3.9/site-packages/airflow/example_dags/example_branch_datetime_operator.py
[2024-08-12 22:25:34,239] {processor.py:651} INFO - DAG(s) dict_keys(['example_branch_datetime_operator_2']) retrieved from /home/kai/Documents/airflowalura/venv/lib/python3.9/site-packages/airflow/example_dags/example_branch_datetime_operator.py
[2024-08-12 22:25:34,263] {logging_mixin.py:115} INFO - [2024-08-12 22:25:34,263] {dag.py:2379} INFO - Sync 1 DAGs
[2024-08-12 22:25:34,288] {logging_mixin.py:115} INFO - [2024-08-12 22:25:34,288] {dag.py:2927} INFO - Setting next_dagrun for example_branch_datetime_operator_2 to 2024-08-12T00:00:00+00:00, run_after=2024-08-13T00:00:00+00:00
[2024-08-12 22:25:34,303] {processor.py:161} INFO - Processing /home/kai/Documents/airflowalura/venv/lib/python3.9/site-packages/airflow/example_dags/example_branch_datetime_operator.py took 0.084 seconds
[2024-08-12 22:26:09,316] {processor.py:153} INFO - Started process (PID=39926) to work on /home/kai/Documents/airflowalura/venv/lib/python3.9/site-packages/airflow/example_dags/example_branch_datetime_operator.py
[2024-08-12 22:26:09,318] {processor.py:641} INFO - Processing file /home/kai/Documents/airflowalura/venv/lib/python3.9/site-packages/airflow/example_dags/example_branch_datetime_operator.py for tasks to queue
[2024-08-12 22:26:09,319] {logging_mixin.py:115} INFO - [2024-08-12 22:26:09,319] {dagbag.py:507} INFO - Filling up the DagBag from /home/kai/Documents/airflowalura/venv/lib/python3.9/site-packages/airflow/example_dags/example_branch_datetime_operator.py
[2024-08-12 22:26:09,330] {processor.py:651} INFO - DAG(s) dict_keys(['example_branch_datetime_operator_2']) retrieved from /home/kai/Documents/airflowalura/venv/lib/python3.9/site-packages/airflow/example_dags/example_branch_datetime_operator.py
[2024-08-12 22:26:09,349] {logging_mixin.py:115} INFO - [2024-08-12 22:26:09,349] {dag.py:2379} INFO - Sync 1 DAGs
[2024-08-12 22:26:09,373] {logging_mixin.py:115} INFO - [2024-08-12 22:26:09,373] {dag.py:2927} INFO - Setting next_dagrun for example_branch_datetime_operator_2 to 2024-08-12T00:00:00+00:00, run_after=2024-08-13T00:00:00+00:00
[2024-08-12 22:26:09,395] {processor.py:161} INFO - Processing /home/kai/Documents/airflowalura/venv/lib/python3.9/site-packages/airflow/example_dags/example_branch_datetime_operator.py took 0.084 seconds
[2024-08-12 22:26:51,023] {processor.py:153} INFO - Started process (PID=40527) to work on /home/kai/Documents/airflowalura/venv/lib/python3.9/site-packages/airflow/example_dags/example_branch_datetime_operator.py
[2024-08-12 22:26:51,024] {processor.py:641} INFO - Processing file /home/kai/Documents/airflowalura/venv/lib/python3.9/site-packages/airflow/example_dags/example_branch_datetime_operator.py for tasks to queue
[2024-08-12 22:26:51,025] {logging_mixin.py:115} INFO - [2024-08-12 22:26:51,025] {dagbag.py:507} INFO - Filling up the DagBag from /home/kai/Documents/airflowalura/venv/lib/python3.9/site-packages/airflow/example_dags/example_branch_datetime_operator.py
[2024-08-12 22:26:51,034] {processor.py:651} INFO - DAG(s) dict_keys(['example_branch_datetime_operator_2']) retrieved from /home/kai/Documents/airflowalura/venv/lib/python3.9/site-packages/airflow/example_dags/example_branch_datetime_operator.py
[2024-08-12 22:26:51,071] {logging_mixin.py:115} INFO - [2024-08-12 22:26:51,071] {dag.py:2379} INFO - Sync 1 DAGs
[2024-08-12 22:26:51,107] {logging_mixin.py:115} INFO - [2024-08-12 22:26:51,107] {dag.py:2927} INFO - Setting next_dagrun for example_branch_datetime_operator_2 to 2024-08-12T00:00:00+00:00, run_after=2024-08-13T00:00:00+00:00
[2024-08-12 22:26:51,122] {processor.py:161} INFO - Processing /home/kai/Documents/airflowalura/venv/lib/python3.9/site-packages/airflow/example_dags/example_branch_datetime_operator.py took 0.103 seconds
[2024-08-12 22:27:28,663] {processor.py:153} INFO - Started process (PID=40842) to work on /home/kai/Documents/airflowalura/venv/lib/python3.9/site-packages/airflow/example_dags/example_branch_datetime_operator.py
[2024-08-12 22:27:28,665] {processor.py:641} INFO - Processing file /home/kai/Documents/airflowalura/venv/lib/python3.9/site-packages/airflow/example_dags/example_branch_datetime_operator.py for tasks to queue
[2024-08-12 22:27:28,667] {logging_mixin.py:115} INFO - [2024-08-12 22:27:28,666] {dagbag.py:507} INFO - Filling up the DagBag from /home/kai/Documents/airflowalura/venv/lib/python3.9/site-packages/airflow/example_dags/example_branch_datetime_operator.py
[2024-08-12 22:27:28,690] {processor.py:651} INFO - DAG(s) dict_keys(['example_branch_datetime_operator_2']) retrieved from /home/kai/Documents/airflowalura/venv/lib/python3.9/site-packages/airflow/example_dags/example_branch_datetime_operator.py
[2024-08-12 22:27:28,733] {logging_mixin.py:115} INFO - [2024-08-12 22:27:28,733] {dag.py:2379} INFO - Sync 1 DAGs
[2024-08-12 22:27:28,764] {logging_mixin.py:115} INFO - [2024-08-12 22:27:28,763] {dag.py:2927} INFO - Setting next_dagrun for example_branch_datetime_operator_2 to 2024-08-12T00:00:00+00:00, run_after=2024-08-13T00:00:00+00:00
[2024-08-12 22:27:28,800] {processor.py:161} INFO - Processing /home/kai/Documents/airflowalura/venv/lib/python3.9/site-packages/airflow/example_dags/example_branch_datetime_operator.py took 0.140 seconds
[2024-08-12 22:28:58,160] {processor.py:153} INFO - Started process (PID=41837) to work on /home/kai/Documents/airflowalura/venv/lib/python3.9/site-packages/airflow/example_dags/example_branch_datetime_operator.py
[2024-08-12 22:28:58,160] {processor.py:641} INFO - Processing file /home/kai/Documents/airflowalura/venv/lib/python3.9/site-packages/airflow/example_dags/example_branch_datetime_operator.py for tasks to queue
[2024-08-12 22:28:58,161] {logging_mixin.py:115} INFO - [2024-08-12 22:28:58,161] {dagbag.py:507} INFO - Filling up the DagBag from /home/kai/Documents/airflowalura/venv/lib/python3.9/site-packages/airflow/example_dags/example_branch_datetime_operator.py
[2024-08-12 22:28:58,171] {processor.py:651} INFO - DAG(s) dict_keys(['example_branch_datetime_operator_2']) retrieved from /home/kai/Documents/airflowalura/venv/lib/python3.9/site-packages/airflow/example_dags/example_branch_datetime_operator.py
[2024-08-12 22:28:58,216] {logging_mixin.py:115} INFO - [2024-08-12 22:28:58,216] {dag.py:2379} INFO - Sync 1 DAGs
[2024-08-12 22:28:58,257] {logging_mixin.py:115} INFO - [2024-08-12 22:28:58,257] {dag.py:2927} INFO - Setting next_dagrun for example_branch_datetime_operator_2 to 2024-08-12T00:00:00+00:00, run_after=2024-08-13T00:00:00+00:00
[2024-08-12 22:28:58,294] {processor.py:161} INFO - Processing /home/kai/Documents/airflowalura/venv/lib/python3.9/site-packages/airflow/example_dags/example_branch_datetime_operator.py took 0.152 seconds
[2024-08-12 22:35:46,480] {processor.py:153} INFO - Started process (PID=3711) to work on /home/kai/Documents/airflowalura/venv/lib/python3.9/site-packages/airflow/example_dags/example_branch_datetime_operator.py
[2024-08-12 22:35:46,487] {processor.py:641} INFO - Processing file /home/kai/Documents/airflowalura/venv/lib/python3.9/site-packages/airflow/example_dags/example_branch_datetime_operator.py for tasks to queue
[2024-08-12 22:35:46,487] {logging_mixin.py:115} INFO - [2024-08-12 22:35:46,487] {dagbag.py:507} INFO - Filling up the DagBag from /home/kai/Documents/airflowalura/venv/lib/python3.9/site-packages/airflow/example_dags/example_branch_datetime_operator.py
[2024-08-12 22:35:46,500] {processor.py:651} INFO - DAG(s) dict_keys(['example_branch_datetime_operator_2']) retrieved from /home/kai/Documents/airflowalura/venv/lib/python3.9/site-packages/airflow/example_dags/example_branch_datetime_operator.py
[2024-08-12 22:35:46,542] {logging_mixin.py:115} INFO - [2024-08-12 22:35:46,542] {dag.py:2379} INFO - Sync 1 DAGs
[2024-08-12 22:35:46,580] {logging_mixin.py:115} INFO - [2024-08-12 22:35:46,580] {dag.py:2927} INFO - Setting next_dagrun for example_branch_datetime_operator_2 to 2024-08-12T00:00:00+00:00, run_after=2024-08-13T00:00:00+00:00
[2024-08-12 22:35:46,592] {processor.py:161} INFO - Processing /home/kai/Documents/airflowalura/venv/lib/python3.9/site-packages/airflow/example_dags/example_branch_datetime_operator.py took 0.118 seconds
[2024-08-12 22:36:24,719] {processor.py:153} INFO - Started process (PID=3990) to work on /home/kai/Documents/airflowalura/venv/lib/python3.9/site-packages/airflow/example_dags/example_branch_datetime_operator.py
[2024-08-12 22:36:24,719] {processor.py:641} INFO - Processing file /home/kai/Documents/airflowalura/venv/lib/python3.9/site-packages/airflow/example_dags/example_branch_datetime_operator.py for tasks to queue
[2024-08-12 22:36:24,720] {logging_mixin.py:115} INFO - [2024-08-12 22:36:24,720] {dagbag.py:507} INFO - Filling up the DagBag from /home/kai/Documents/airflowalura/venv/lib/python3.9/site-packages/airflow/example_dags/example_branch_datetime_operator.py
[2024-08-12 22:36:24,726] {processor.py:651} INFO - DAG(s) dict_keys(['example_branch_datetime_operator_2']) retrieved from /home/kai/Documents/airflowalura/venv/lib/python3.9/site-packages/airflow/example_dags/example_branch_datetime_operator.py
[2024-08-12 22:36:24,739] {logging_mixin.py:115} INFO - [2024-08-12 22:36:24,739] {dag.py:2379} INFO - Sync 1 DAGs
[2024-08-12 22:36:24,756] {logging_mixin.py:115} INFO - [2024-08-12 22:36:24,756] {dag.py:2927} INFO - Setting next_dagrun for example_branch_datetime_operator_2 to 2024-08-12T00:00:00+00:00, run_after=2024-08-13T00:00:00+00:00
[2024-08-12 22:36:24,766] {processor.py:161} INFO - Processing /home/kai/Documents/airflowalura/venv/lib/python3.9/site-packages/airflow/example_dags/example_branch_datetime_operator.py took 0.050 seconds
[2024-08-12 22:36:57,280] {processor.py:153} INFO - Started process (PID=4170) to work on /home/kai/Documents/airflowalura/venv/lib/python3.9/site-packages/airflow/example_dags/example_branch_datetime_operator.py
[2024-08-12 22:36:57,281] {processor.py:641} INFO - Processing file /home/kai/Documents/airflowalura/venv/lib/python3.9/site-packages/airflow/example_dags/example_branch_datetime_operator.py for tasks to queue
[2024-08-12 22:36:57,283] {logging_mixin.py:115} INFO - [2024-08-12 22:36:57,282] {dagbag.py:507} INFO - Filling up the DagBag from /home/kai/Documents/airflowalura/venv/lib/python3.9/site-packages/airflow/example_dags/example_branch_datetime_operator.py
[2024-08-12 22:36:57,299] {processor.py:651} INFO - DAG(s) dict_keys(['example_branch_datetime_operator_2']) retrieved from /home/kai/Documents/airflowalura/venv/lib/python3.9/site-packages/airflow/example_dags/example_branch_datetime_operator.py
[2024-08-12 22:36:57,317] {logging_mixin.py:115} INFO - [2024-08-12 22:36:57,317] {dag.py:2379} INFO - Sync 1 DAGs
[2024-08-12 22:36:57,339] {logging_mixin.py:115} INFO - [2024-08-12 22:36:57,338] {dag.py:2927} INFO - Setting next_dagrun for example_branch_datetime_operator_2 to 2024-08-12T00:00:00+00:00, run_after=2024-08-13T00:00:00+00:00
[2024-08-12 22:36:57,351] {processor.py:161} INFO - Processing /home/kai/Documents/airflowalura/venv/lib/python3.9/site-packages/airflow/example_dags/example_branch_datetime_operator.py took 0.081 seconds
[2024-08-12 22:37:31,991] {processor.py:153} INFO - Started process (PID=4584) to work on /home/kai/Documents/airflowalura/venv/lib/python3.9/site-packages/airflow/example_dags/example_branch_datetime_operator.py
[2024-08-12 22:37:31,992] {processor.py:641} INFO - Processing file /home/kai/Documents/airflowalura/venv/lib/python3.9/site-packages/airflow/example_dags/example_branch_datetime_operator.py for tasks to queue
[2024-08-12 22:37:31,992] {logging_mixin.py:115} INFO - [2024-08-12 22:37:31,992] {dagbag.py:507} INFO - Filling up the DagBag from /home/kai/Documents/airflowalura/venv/lib/python3.9/site-packages/airflow/example_dags/example_branch_datetime_operator.py
[2024-08-12 22:37:31,999] {processor.py:651} INFO - DAG(s) dict_keys(['example_branch_datetime_operator_2']) retrieved from /home/kai/Documents/airflowalura/venv/lib/python3.9/site-packages/airflow/example_dags/example_branch_datetime_operator.py
[2024-08-12 22:37:32,012] {logging_mixin.py:115} INFO - [2024-08-12 22:37:32,012] {dag.py:2379} INFO - Sync 1 DAGs
[2024-08-12 22:37:32,030] {logging_mixin.py:115} INFO - [2024-08-12 22:37:32,030] {dag.py:2927} INFO - Setting next_dagrun for example_branch_datetime_operator_2 to 2024-08-12T00:00:00+00:00, run_after=2024-08-13T00:00:00+00:00
[2024-08-12 22:37:32,041] {processor.py:161} INFO - Processing /home/kai/Documents/airflowalura/venv/lib/python3.9/site-packages/airflow/example_dags/example_branch_datetime_operator.py took 0.053 seconds
[2024-08-12 22:38:06,949] {processor.py:153} INFO - Started process (PID=4832) to work on /home/kai/Documents/airflowalura/venv/lib/python3.9/site-packages/airflow/example_dags/example_branch_datetime_operator.py
[2024-08-12 22:38:06,949] {processor.py:641} INFO - Processing file /home/kai/Documents/airflowalura/venv/lib/python3.9/site-packages/airflow/example_dags/example_branch_datetime_operator.py for tasks to queue
[2024-08-12 22:38:06,950] {logging_mixin.py:115} INFO - [2024-08-12 22:38:06,950] {dagbag.py:507} INFO - Filling up the DagBag from /home/kai/Documents/airflowalura/venv/lib/python3.9/site-packages/airflow/example_dags/example_branch_datetime_operator.py
[2024-08-12 22:38:06,956] {processor.py:651} INFO - DAG(s) dict_keys(['example_branch_datetime_operator_2']) retrieved from /home/kai/Documents/airflowalura/venv/lib/python3.9/site-packages/airflow/example_dags/example_branch_datetime_operator.py
[2024-08-12 22:38:06,970] {logging_mixin.py:115} INFO - [2024-08-12 22:38:06,970] {dag.py:2379} INFO - Sync 1 DAGs
[2024-08-12 22:38:06,987] {logging_mixin.py:115} INFO - [2024-08-12 22:38:06,987] {dag.py:2927} INFO - Setting next_dagrun for example_branch_datetime_operator_2 to 2024-08-12T00:00:00+00:00, run_after=2024-08-13T00:00:00+00:00
[2024-08-12 22:38:06,996] {processor.py:161} INFO - Processing /home/kai/Documents/airflowalura/venv/lib/python3.9/site-packages/airflow/example_dags/example_branch_datetime_operator.py took 0.050 seconds
[2024-08-12 22:38:39,983] {processor.py:153} INFO - Started process (PID=5133) to work on /home/kai/Documents/airflowalura/venv/lib/python3.9/site-packages/airflow/example_dags/example_branch_datetime_operator.py
[2024-08-12 22:38:39,984] {processor.py:641} INFO - Processing file /home/kai/Documents/airflowalura/venv/lib/python3.9/site-packages/airflow/example_dags/example_branch_datetime_operator.py for tasks to queue
[2024-08-12 22:38:39,984] {logging_mixin.py:115} INFO - [2024-08-12 22:38:39,984] {dagbag.py:507} INFO - Filling up the DagBag from /home/kai/Documents/airflowalura/venv/lib/python3.9/site-packages/airflow/example_dags/example_branch_datetime_operator.py
[2024-08-12 22:38:39,990] {processor.py:651} INFO - DAG(s) dict_keys(['example_branch_datetime_operator_2']) retrieved from /home/kai/Documents/airflowalura/venv/lib/python3.9/site-packages/airflow/example_dags/example_branch_datetime_operator.py
[2024-08-12 22:38:40,003] {logging_mixin.py:115} INFO - [2024-08-12 22:38:40,003] {dag.py:2379} INFO - Sync 1 DAGs
[2024-08-12 22:38:40,020] {logging_mixin.py:115} INFO - [2024-08-12 22:38:40,020] {dag.py:2927} INFO - Setting next_dagrun for example_branch_datetime_operator_2 to 2024-08-12T00:00:00+00:00, run_after=2024-08-13T00:00:00+00:00
[2024-08-12 22:38:40,029] {processor.py:161} INFO - Processing /home/kai/Documents/airflowalura/venv/lib/python3.9/site-packages/airflow/example_dags/example_branch_datetime_operator.py took 0.048 seconds
[2024-08-12 22:39:15,985] {processor.py:153} INFO - Started process (PID=5544) to work on /home/kai/Documents/airflowalura/venv/lib/python3.9/site-packages/airflow/example_dags/example_branch_datetime_operator.py
[2024-08-12 22:39:15,986] {processor.py:641} INFO - Processing file /home/kai/Documents/airflowalura/venv/lib/python3.9/site-packages/airflow/example_dags/example_branch_datetime_operator.py for tasks to queue
[2024-08-12 22:39:15,986] {logging_mixin.py:115} INFO - [2024-08-12 22:39:15,986] {dagbag.py:507} INFO - Filling up the DagBag from /home/kai/Documents/airflowalura/venv/lib/python3.9/site-packages/airflow/example_dags/example_branch_datetime_operator.py
[2024-08-12 22:39:15,993] {processor.py:651} INFO - DAG(s) dict_keys(['example_branch_datetime_operator_2']) retrieved from /home/kai/Documents/airflowalura/venv/lib/python3.9/site-packages/airflow/example_dags/example_branch_datetime_operator.py
[2024-08-12 22:39:16,006] {logging_mixin.py:115} INFO - [2024-08-12 22:39:16,006] {dag.py:2379} INFO - Sync 1 DAGs
[2024-08-12 22:39:16,023] {logging_mixin.py:115} INFO - [2024-08-12 22:39:16,023] {dag.py:2927} INFO - Setting next_dagrun for example_branch_datetime_operator_2 to 2024-08-12T00:00:00+00:00, run_after=2024-08-13T00:00:00+00:00
[2024-08-12 22:39:16,032] {processor.py:161} INFO - Processing /home/kai/Documents/airflowalura/venv/lib/python3.9/site-packages/airflow/example_dags/example_branch_datetime_operator.py took 0.049 seconds
[2024-08-12 22:39:51,816] {processor.py:153} INFO - Started process (PID=5748) to work on /home/kai/Documents/airflowalura/venv/lib/python3.9/site-packages/airflow/example_dags/example_branch_datetime_operator.py
[2024-08-12 22:39:51,818] {processor.py:641} INFO - Processing file /home/kai/Documents/airflowalura/venv/lib/python3.9/site-packages/airflow/example_dags/example_branch_datetime_operator.py for tasks to queue
[2024-08-12 22:39:51,819] {logging_mixin.py:115} INFO - [2024-08-12 22:39:51,819] {dagbag.py:507} INFO - Filling up the DagBag from /home/kai/Documents/airflowalura/venv/lib/python3.9/site-packages/airflow/example_dags/example_branch_datetime_operator.py
[2024-08-12 22:39:51,827] {processor.py:651} INFO - DAG(s) dict_keys(['example_branch_datetime_operator_2']) retrieved from /home/kai/Documents/airflowalura/venv/lib/python3.9/site-packages/airflow/example_dags/example_branch_datetime_operator.py
[2024-08-12 22:39:51,844] {logging_mixin.py:115} INFO - [2024-08-12 22:39:51,844] {dag.py:2379} INFO - Sync 1 DAGs
[2024-08-12 22:39:51,880] {logging_mixin.py:115} INFO - [2024-08-12 22:39:51,880] {dag.py:2927} INFO - Setting next_dagrun for example_branch_datetime_operator_2 to 2024-08-12T00:00:00+00:00, run_after=2024-08-13T00:00:00+00:00
[2024-08-12 22:39:51,892] {processor.py:161} INFO - Processing /home/kai/Documents/airflowalura/venv/lib/python3.9/site-packages/airflow/example_dags/example_branch_datetime_operator.py took 0.078 seconds
[2024-08-12 22:40:24,923] {processor.py:153} INFO - Started process (PID=6194) to work on /home/kai/Documents/airflowalura/venv/lib/python3.9/site-packages/airflow/example_dags/example_branch_datetime_operator.py
[2024-08-12 22:40:24,924] {processor.py:641} INFO - Processing file /home/kai/Documents/airflowalura/venv/lib/python3.9/site-packages/airflow/example_dags/example_branch_datetime_operator.py for tasks to queue
[2024-08-12 22:40:24,924] {logging_mixin.py:115} INFO - [2024-08-12 22:40:24,924] {dagbag.py:507} INFO - Filling up the DagBag from /home/kai/Documents/airflowalura/venv/lib/python3.9/site-packages/airflow/example_dags/example_branch_datetime_operator.py
[2024-08-12 22:40:24,930] {processor.py:651} INFO - DAG(s) dict_keys(['example_branch_datetime_operator_2']) retrieved from /home/kai/Documents/airflowalura/venv/lib/python3.9/site-packages/airflow/example_dags/example_branch_datetime_operator.py
[2024-08-12 22:40:24,943] {logging_mixin.py:115} INFO - [2024-08-12 22:40:24,943] {dag.py:2379} INFO - Sync 1 DAGs
[2024-08-12 22:40:24,959] {logging_mixin.py:115} INFO - [2024-08-12 22:40:24,959] {dag.py:2927} INFO - Setting next_dagrun for example_branch_datetime_operator_2 to 2024-08-12T00:00:00+00:00, run_after=2024-08-13T00:00:00+00:00
[2024-08-12 22:40:24,968] {processor.py:161} INFO - Processing /home/kai/Documents/airflowalura/venv/lib/python3.9/site-packages/airflow/example_dags/example_branch_datetime_operator.py took 0.047 seconds
[2024-08-12 22:41:02,436] {processor.py:153} INFO - Started process (PID=6414) to work on /home/kai/Documents/airflowalura/venv/lib/python3.9/site-packages/airflow/example_dags/example_branch_datetime_operator.py
[2024-08-12 22:41:02,436] {processor.py:641} INFO - Processing file /home/kai/Documents/airflowalura/venv/lib/python3.9/site-packages/airflow/example_dags/example_branch_datetime_operator.py for tasks to queue
[2024-08-12 22:41:02,437] {logging_mixin.py:115} INFO - [2024-08-12 22:41:02,437] {dagbag.py:507} INFO - Filling up the DagBag from /home/kai/Documents/airflowalura/venv/lib/python3.9/site-packages/airflow/example_dags/example_branch_datetime_operator.py
[2024-08-12 22:41:02,443] {processor.py:651} INFO - DAG(s) dict_keys(['example_branch_datetime_operator_2']) retrieved from /home/kai/Documents/airflowalura/venv/lib/python3.9/site-packages/airflow/example_dags/example_branch_datetime_operator.py
[2024-08-12 22:41:02,456] {logging_mixin.py:115} INFO - [2024-08-12 22:41:02,456] {dag.py:2379} INFO - Sync 1 DAGs
[2024-08-12 22:41:02,475] {logging_mixin.py:115} INFO - [2024-08-12 22:41:02,475] {dag.py:2927} INFO - Setting next_dagrun for example_branch_datetime_operator_2 to 2024-08-12T00:00:00+00:00, run_after=2024-08-13T00:00:00+00:00
[2024-08-12 22:41:02,486] {processor.py:161} INFO - Processing /home/kai/Documents/airflowalura/venv/lib/python3.9/site-packages/airflow/example_dags/example_branch_datetime_operator.py took 0.053 seconds
[2024-08-12 22:41:40,026] {processor.py:153} INFO - Started process (PID=6894) to work on /home/kai/Documents/airflowalura/venv/lib/python3.9/site-packages/airflow/example_dags/example_branch_datetime_operator.py
[2024-08-12 22:41:40,027] {processor.py:641} INFO - Processing file /home/kai/Documents/airflowalura/venv/lib/python3.9/site-packages/airflow/example_dags/example_branch_datetime_operator.py for tasks to queue
[2024-08-12 22:41:40,029] {logging_mixin.py:115} INFO - [2024-08-12 22:41:40,028] {dagbag.py:507} INFO - Filling up the DagBag from /home/kai/Documents/airflowalura/venv/lib/python3.9/site-packages/airflow/example_dags/example_branch_datetime_operator.py
[2024-08-12 22:41:40,037] {processor.py:651} INFO - DAG(s) dict_keys(['example_branch_datetime_operator_2']) retrieved from /home/kai/Documents/airflowalura/venv/lib/python3.9/site-packages/airflow/example_dags/example_branch_datetime_operator.py
[2024-08-12 22:41:40,054] {logging_mixin.py:115} INFO - [2024-08-12 22:41:40,054] {dag.py:2379} INFO - Sync 1 DAGs
[2024-08-12 22:41:40,076] {logging_mixin.py:115} INFO - [2024-08-12 22:41:40,075] {dag.py:2927} INFO - Setting next_dagrun for example_branch_datetime_operator_2 to 2024-08-12T00:00:00+00:00, run_after=2024-08-13T00:00:00+00:00
[2024-08-12 22:41:40,090] {processor.py:161} INFO - Processing /home/kai/Documents/airflowalura/venv/lib/python3.9/site-packages/airflow/example_dags/example_branch_datetime_operator.py took 0.067 seconds
[2024-08-12 22:42:16,146] {processor.py:153} INFO - Started process (PID=7225) to work on /home/kai/Documents/airflowalura/venv/lib/python3.9/site-packages/airflow/example_dags/example_branch_datetime_operator.py
[2024-08-12 22:42:16,148] {processor.py:641} INFO - Processing file /home/kai/Documents/airflowalura/venv/lib/python3.9/site-packages/airflow/example_dags/example_branch_datetime_operator.py for tasks to queue
[2024-08-12 22:42:16,149] {logging_mixin.py:115} INFO - [2024-08-12 22:42:16,148] {dagbag.py:507} INFO - Filling up the DagBag from /home/kai/Documents/airflowalura/venv/lib/python3.9/site-packages/airflow/example_dags/example_branch_datetime_operator.py
[2024-08-12 22:42:16,161] {processor.py:651} INFO - DAG(s) dict_keys(['example_branch_datetime_operator_2']) retrieved from /home/kai/Documents/airflowalura/venv/lib/python3.9/site-packages/airflow/example_dags/example_branch_datetime_operator.py
[2024-08-12 22:42:16,182] {logging_mixin.py:115} INFO - [2024-08-12 22:42:16,182] {dag.py:2379} INFO - Sync 1 DAGs
[2024-08-12 22:42:16,206] {logging_mixin.py:115} INFO - [2024-08-12 22:42:16,205] {dag.py:2927} INFO - Setting next_dagrun for example_branch_datetime_operator_2 to 2024-08-12T00:00:00+00:00, run_after=2024-08-13T00:00:00+00:00
[2024-08-12 22:42:16,222] {processor.py:161} INFO - Processing /home/kai/Documents/airflowalura/venv/lib/python3.9/site-packages/airflow/example_dags/example_branch_datetime_operator.py took 0.080 seconds
[2024-08-12 22:42:50,611] {processor.py:153} INFO - Started process (PID=7513) to work on /home/kai/Documents/airflowalura/venv/lib/python3.9/site-packages/airflow/example_dags/example_branch_datetime_operator.py
[2024-08-12 22:42:50,612] {processor.py:641} INFO - Processing file /home/kai/Documents/airflowalura/venv/lib/python3.9/site-packages/airflow/example_dags/example_branch_datetime_operator.py for tasks to queue
[2024-08-12 22:42:50,613] {logging_mixin.py:115} INFO - [2024-08-12 22:42:50,613] {dagbag.py:507} INFO - Filling up the DagBag from /home/kai/Documents/airflowalura/venv/lib/python3.9/site-packages/airflow/example_dags/example_branch_datetime_operator.py
[2024-08-12 22:42:50,622] {processor.py:651} INFO - DAG(s) dict_keys(['example_branch_datetime_operator_2']) retrieved from /home/kai/Documents/airflowalura/venv/lib/python3.9/site-packages/airflow/example_dags/example_branch_datetime_operator.py
[2024-08-12 22:42:50,638] {logging_mixin.py:115} INFO - [2024-08-12 22:42:50,638] {dag.py:2379} INFO - Sync 1 DAGs
[2024-08-12 22:42:50,662] {logging_mixin.py:115} INFO - [2024-08-12 22:42:50,662] {dag.py:2927} INFO - Setting next_dagrun for example_branch_datetime_operator_2 to 2024-08-12T00:00:00+00:00, run_after=2024-08-13T00:00:00+00:00
[2024-08-12 22:42:50,676] {processor.py:161} INFO - Processing /home/kai/Documents/airflowalura/venv/lib/python3.9/site-packages/airflow/example_dags/example_branch_datetime_operator.py took 0.068 seconds
[2024-08-12 22:43:28,438] {processor.py:153} INFO - Started process (PID=7709) to work on /home/kai/Documents/airflowalura/venv/lib/python3.9/site-packages/airflow/example_dags/example_branch_datetime_operator.py
[2024-08-12 22:43:28,439] {processor.py:641} INFO - Processing file /home/kai/Documents/airflowalura/venv/lib/python3.9/site-packages/airflow/example_dags/example_branch_datetime_operator.py for tasks to queue
[2024-08-12 22:43:28,440] {logging_mixin.py:115} INFO - [2024-08-12 22:43:28,439] {dagbag.py:507} INFO - Filling up the DagBag from /home/kai/Documents/airflowalura/venv/lib/python3.9/site-packages/airflow/example_dags/example_branch_datetime_operator.py
[2024-08-12 22:43:28,450] {processor.py:651} INFO - DAG(s) dict_keys(['example_branch_datetime_operator_2']) retrieved from /home/kai/Documents/airflowalura/venv/lib/python3.9/site-packages/airflow/example_dags/example_branch_datetime_operator.py
[2024-08-12 22:43:28,471] {logging_mixin.py:115} INFO - [2024-08-12 22:43:28,471] {dag.py:2379} INFO - Sync 1 DAGs
[2024-08-12 22:43:28,496] {logging_mixin.py:115} INFO - [2024-08-12 22:43:28,496] {dag.py:2927} INFO - Setting next_dagrun for example_branch_datetime_operator_2 to 2024-08-12T00:00:00+00:00, run_after=2024-08-13T00:00:00+00:00
[2024-08-12 22:43:28,507] {processor.py:161} INFO - Processing /home/kai/Documents/airflowalura/venv/lib/python3.9/site-packages/airflow/example_dags/example_branch_datetime_operator.py took 0.072 seconds
[2024-08-12 22:44:02,758] {processor.py:153} INFO - Started process (PID=8000) to work on /home/kai/Documents/airflowalura/venv/lib/python3.9/site-packages/airflow/example_dags/example_branch_datetime_operator.py
[2024-08-12 22:44:02,759] {processor.py:641} INFO - Processing file /home/kai/Documents/airflowalura/venv/lib/python3.9/site-packages/airflow/example_dags/example_branch_datetime_operator.py for tasks to queue
[2024-08-12 22:44:02,759] {logging_mixin.py:115} INFO - [2024-08-12 22:44:02,759] {dagbag.py:507} INFO - Filling up the DagBag from /home/kai/Documents/airflowalura/venv/lib/python3.9/site-packages/airflow/example_dags/example_branch_datetime_operator.py
[2024-08-12 22:44:02,767] {processor.py:651} INFO - DAG(s) dict_keys(['example_branch_datetime_operator_2']) retrieved from /home/kai/Documents/airflowalura/venv/lib/python3.9/site-packages/airflow/example_dags/example_branch_datetime_operator.py
[2024-08-12 22:44:02,784] {logging_mixin.py:115} INFO - [2024-08-12 22:44:02,784] {dag.py:2379} INFO - Sync 1 DAGs
[2024-08-12 22:44:02,806] {logging_mixin.py:115} INFO - [2024-08-12 22:44:02,806] {dag.py:2927} INFO - Setting next_dagrun for example_branch_datetime_operator_2 to 2024-08-12T00:00:00+00:00, run_after=2024-08-13T00:00:00+00:00
[2024-08-12 22:44:02,821] {processor.py:161} INFO - Processing /home/kai/Documents/airflowalura/venv/lib/python3.9/site-packages/airflow/example_dags/example_branch_datetime_operator.py took 0.066 seconds
[2024-08-12 22:44:38,715] {processor.py:153} INFO - Started process (PID=8190) to work on /home/kai/Documents/airflowalura/venv/lib/python3.9/site-packages/airflow/example_dags/example_branch_datetime_operator.py
[2024-08-12 22:44:38,715] {processor.py:641} INFO - Processing file /home/kai/Documents/airflowalura/venv/lib/python3.9/site-packages/airflow/example_dags/example_branch_datetime_operator.py for tasks to queue
[2024-08-12 22:44:38,716] {logging_mixin.py:115} INFO - [2024-08-12 22:44:38,716] {dagbag.py:507} INFO - Filling up the DagBag from /home/kai/Documents/airflowalura/venv/lib/python3.9/site-packages/airflow/example_dags/example_branch_datetime_operator.py
[2024-08-12 22:44:38,724] {processor.py:651} INFO - DAG(s) dict_keys(['example_branch_datetime_operator_2']) retrieved from /home/kai/Documents/airflowalura/venv/lib/python3.9/site-packages/airflow/example_dags/example_branch_datetime_operator.py
[2024-08-12 22:44:38,742] {logging_mixin.py:115} INFO - [2024-08-12 22:44:38,742] {dag.py:2379} INFO - Sync 1 DAGs
[2024-08-12 22:44:38,759] {logging_mixin.py:115} INFO - [2024-08-12 22:44:38,759] {dag.py:2927} INFO - Setting next_dagrun for example_branch_datetime_operator_2 to 2024-08-12T00:00:00+00:00, run_after=2024-08-13T00:00:00+00:00
[2024-08-12 22:44:38,769] {processor.py:161} INFO - Processing /home/kai/Documents/airflowalura/venv/lib/python3.9/site-packages/airflow/example_dags/example_branch_datetime_operator.py took 0.056 seconds
[2024-08-12 22:45:15,960] {processor.py:153} INFO - Started process (PID=8513) to work on /home/kai/Documents/airflowalura/venv/lib/python3.9/site-packages/airflow/example_dags/example_branch_datetime_operator.py
[2024-08-12 22:45:15,961] {processor.py:641} INFO - Processing file /home/kai/Documents/airflowalura/venv/lib/python3.9/site-packages/airflow/example_dags/example_branch_datetime_operator.py for tasks to queue
[2024-08-12 22:45:15,961] {logging_mixin.py:115} INFO - [2024-08-12 22:45:15,961] {dagbag.py:507} INFO - Filling up the DagBag from /home/kai/Documents/airflowalura/venv/lib/python3.9/site-packages/airflow/example_dags/example_branch_datetime_operator.py
[2024-08-12 22:45:15,970] {processor.py:651} INFO - DAG(s) dict_keys(['example_branch_datetime_operator_2']) retrieved from /home/kai/Documents/airflowalura/venv/lib/python3.9/site-packages/airflow/example_dags/example_branch_datetime_operator.py
[2024-08-12 22:45:15,984] {logging_mixin.py:115} INFO - [2024-08-12 22:45:15,984] {dag.py:2379} INFO - Sync 1 DAGs
[2024-08-12 22:45:16,002] {logging_mixin.py:115} INFO - [2024-08-12 22:45:16,002] {dag.py:2927} INFO - Setting next_dagrun for example_branch_datetime_operator_2 to 2024-08-12T00:00:00+00:00, run_after=2024-08-13T00:00:00+00:00
[2024-08-12 22:45:16,012] {processor.py:161} INFO - Processing /home/kai/Documents/airflowalura/venv/lib/python3.9/site-packages/airflow/example_dags/example_branch_datetime_operator.py took 0.055 seconds
[2024-08-12 22:45:50,409] {processor.py:153} INFO - Started process (PID=8808) to work on /home/kai/Documents/airflowalura/venv/lib/python3.9/site-packages/airflow/example_dags/example_branch_datetime_operator.py
[2024-08-12 22:45:50,410] {processor.py:641} INFO - Processing file /home/kai/Documents/airflowalura/venv/lib/python3.9/site-packages/airflow/example_dags/example_branch_datetime_operator.py for tasks to queue
[2024-08-12 22:45:50,410] {logging_mixin.py:115} INFO - [2024-08-12 22:45:50,410] {dagbag.py:507} INFO - Filling up the DagBag from /home/kai/Documents/airflowalura/venv/lib/python3.9/site-packages/airflow/example_dags/example_branch_datetime_operator.py
[2024-08-12 22:45:50,417] {processor.py:651} INFO - DAG(s) dict_keys(['example_branch_datetime_operator_2']) retrieved from /home/kai/Documents/airflowalura/venv/lib/python3.9/site-packages/airflow/example_dags/example_branch_datetime_operator.py
[2024-08-12 22:45:50,429] {logging_mixin.py:115} INFO - [2024-08-12 22:45:50,429] {dag.py:2379} INFO - Sync 1 DAGs
[2024-08-12 22:45:50,445] {logging_mixin.py:115} INFO - [2024-08-12 22:45:50,445] {dag.py:2927} INFO - Setting next_dagrun for example_branch_datetime_operator_2 to 2024-08-12T00:00:00+00:00, run_after=2024-08-13T00:00:00+00:00
[2024-08-12 22:45:50,454] {processor.py:161} INFO - Processing /home/kai/Documents/airflowalura/venv/lib/python3.9/site-packages/airflow/example_dags/example_branch_datetime_operator.py took 0.048 seconds
[2024-08-12 22:46:23,412] {processor.py:153} INFO - Started process (PID=8988) to work on /home/kai/Documents/airflowalura/venv/lib/python3.9/site-packages/airflow/example_dags/example_branch_datetime_operator.py
[2024-08-12 22:46:23,413] {processor.py:641} INFO - Processing file /home/kai/Documents/airflowalura/venv/lib/python3.9/site-packages/airflow/example_dags/example_branch_datetime_operator.py for tasks to queue
[2024-08-12 22:46:23,414] {logging_mixin.py:115} INFO - [2024-08-12 22:46:23,414] {dagbag.py:507} INFO - Filling up the DagBag from /home/kai/Documents/airflowalura/venv/lib/python3.9/site-packages/airflow/example_dags/example_branch_datetime_operator.py
[2024-08-12 22:46:23,421] {processor.py:651} INFO - DAG(s) dict_keys(['example_branch_datetime_operator_2']) retrieved from /home/kai/Documents/airflowalura/venv/lib/python3.9/site-packages/airflow/example_dags/example_branch_datetime_operator.py
[2024-08-12 22:46:23,434] {logging_mixin.py:115} INFO - [2024-08-12 22:46:23,433] {dag.py:2379} INFO - Sync 1 DAGs
[2024-08-12 22:46:23,450] {logging_mixin.py:115} INFO - [2024-08-12 22:46:23,450] {dag.py:2927} INFO - Setting next_dagrun for example_branch_datetime_operator_2 to 2024-08-12T00:00:00+00:00, run_after=2024-08-13T00:00:00+00:00
[2024-08-12 22:46:23,463] {processor.py:161} INFO - Processing /home/kai/Documents/airflowalura/venv/lib/python3.9/site-packages/airflow/example_dags/example_branch_datetime_operator.py took 0.053 seconds
[2024-08-12 22:46:59,057] {processor.py:153} INFO - Started process (PID=9182) to work on /home/kai/Documents/airflowalura/venv/lib/python3.9/site-packages/airflow/example_dags/example_branch_datetime_operator.py
[2024-08-12 22:46:59,058] {processor.py:641} INFO - Processing file /home/kai/Documents/airflowalura/venv/lib/python3.9/site-packages/airflow/example_dags/example_branch_datetime_operator.py for tasks to queue
[2024-08-12 22:46:59,058] {logging_mixin.py:115} INFO - [2024-08-12 22:46:59,058] {dagbag.py:507} INFO - Filling up the DagBag from /home/kai/Documents/airflowalura/venv/lib/python3.9/site-packages/airflow/example_dags/example_branch_datetime_operator.py
[2024-08-12 22:46:59,066] {processor.py:651} INFO - DAG(s) dict_keys(['example_branch_datetime_operator_2']) retrieved from /home/kai/Documents/airflowalura/venv/lib/python3.9/site-packages/airflow/example_dags/example_branch_datetime_operator.py
[2024-08-12 22:46:59,079] {logging_mixin.py:115} INFO - [2024-08-12 22:46:59,078] {dag.py:2379} INFO - Sync 1 DAGs
[2024-08-12 22:46:59,095] {logging_mixin.py:115} INFO - [2024-08-12 22:46:59,095] {dag.py:2927} INFO - Setting next_dagrun for example_branch_datetime_operator_2 to 2024-08-12T00:00:00+00:00, run_after=2024-08-13T00:00:00+00:00
[2024-08-12 22:46:59,104] {processor.py:161} INFO - Processing /home/kai/Documents/airflowalura/venv/lib/python3.9/site-packages/airflow/example_dags/example_branch_datetime_operator.py took 0.049 seconds
[2024-08-12 22:47:33,251] {processor.py:153} INFO - Started process (PID=9373) to work on /home/kai/Documents/airflowalura/venv/lib/python3.9/site-packages/airflow/example_dags/example_branch_datetime_operator.py
[2024-08-12 22:47:33,251] {processor.py:641} INFO - Processing file /home/kai/Documents/airflowalura/venv/lib/python3.9/site-packages/airflow/example_dags/example_branch_datetime_operator.py for tasks to queue
[2024-08-12 22:47:33,252] {logging_mixin.py:115} INFO - [2024-08-12 22:47:33,252] {dagbag.py:507} INFO - Filling up the DagBag from /home/kai/Documents/airflowalura/venv/lib/python3.9/site-packages/airflow/example_dags/example_branch_datetime_operator.py
[2024-08-12 22:47:33,259] {processor.py:651} INFO - DAG(s) dict_keys(['example_branch_datetime_operator_2']) retrieved from /home/kai/Documents/airflowalura/venv/lib/python3.9/site-packages/airflow/example_dags/example_branch_datetime_operator.py
[2024-08-12 22:47:33,273] {logging_mixin.py:115} INFO - [2024-08-12 22:47:33,273] {dag.py:2379} INFO - Sync 1 DAGs
[2024-08-12 22:47:33,291] {logging_mixin.py:115} INFO - [2024-08-12 22:47:33,291] {dag.py:2927} INFO - Setting next_dagrun for example_branch_datetime_operator_2 to 2024-08-12T00:00:00+00:00, run_after=2024-08-13T00:00:00+00:00
[2024-08-12 22:47:33,299] {processor.py:161} INFO - Processing /home/kai/Documents/airflowalura/venv/lib/python3.9/site-packages/airflow/example_dags/example_branch_datetime_operator.py took 0.051 seconds
[2024-08-12 22:48:12,094] {processor.py:153} INFO - Started process (PID=9591) to work on /home/kai/Documents/airflowalura/venv/lib/python3.9/site-packages/airflow/example_dags/example_branch_datetime_operator.py
[2024-08-12 22:48:12,094] {processor.py:641} INFO - Processing file /home/kai/Documents/airflowalura/venv/lib/python3.9/site-packages/airflow/example_dags/example_branch_datetime_operator.py for tasks to queue
[2024-08-12 22:48:12,095] {logging_mixin.py:115} INFO - [2024-08-12 22:48:12,095] {dagbag.py:507} INFO - Filling up the DagBag from /home/kai/Documents/airflowalura/venv/lib/python3.9/site-packages/airflow/example_dags/example_branch_datetime_operator.py
[2024-08-12 22:48:12,102] {processor.py:651} INFO - DAG(s) dict_keys(['example_branch_datetime_operator_2']) retrieved from /home/kai/Documents/airflowalura/venv/lib/python3.9/site-packages/airflow/example_dags/example_branch_datetime_operator.py
[2024-08-12 22:48:12,114] {logging_mixin.py:115} INFO - [2024-08-12 22:48:12,114] {dag.py:2379} INFO - Sync 1 DAGs
[2024-08-12 22:48:12,130] {logging_mixin.py:115} INFO - [2024-08-12 22:48:12,130] {dag.py:2927} INFO - Setting next_dagrun for example_branch_datetime_operator_2 to 2024-08-12T00:00:00+00:00, run_after=2024-08-13T00:00:00+00:00
[2024-08-12 22:48:12,139] {processor.py:161} INFO - Processing /home/kai/Documents/airflowalura/venv/lib/python3.9/site-packages/airflow/example_dags/example_branch_datetime_operator.py took 0.048 seconds
[2024-08-12 22:48:45,052] {processor.py:153} INFO - Started process (PID=9771) to work on /home/kai/Documents/airflowalura/venv/lib/python3.9/site-packages/airflow/example_dags/example_branch_datetime_operator.py
[2024-08-12 22:48:45,052] {processor.py:641} INFO - Processing file /home/kai/Documents/airflowalura/venv/lib/python3.9/site-packages/airflow/example_dags/example_branch_datetime_operator.py for tasks to queue
[2024-08-12 22:48:45,053] {logging_mixin.py:115} INFO - [2024-08-12 22:48:45,053] {dagbag.py:507} INFO - Filling up the DagBag from /home/kai/Documents/airflowalura/venv/lib/python3.9/site-packages/airflow/example_dags/example_branch_datetime_operator.py
[2024-08-12 22:48:45,060] {processor.py:651} INFO - DAG(s) dict_keys(['example_branch_datetime_operator_2']) retrieved from /home/kai/Documents/airflowalura/venv/lib/python3.9/site-packages/airflow/example_dags/example_branch_datetime_operator.py
[2024-08-12 22:48:45,073] {logging_mixin.py:115} INFO - [2024-08-12 22:48:45,073] {dag.py:2379} INFO - Sync 1 DAGs
[2024-08-12 22:48:45,089] {logging_mixin.py:115} INFO - [2024-08-12 22:48:45,088] {dag.py:2927} INFO - Setting next_dagrun for example_branch_datetime_operator_2 to 2024-08-12T00:00:00+00:00, run_after=2024-08-13T00:00:00+00:00
[2024-08-12 22:48:45,097] {processor.py:161} INFO - Processing /home/kai/Documents/airflowalura/venv/lib/python3.9/site-packages/airflow/example_dags/example_branch_datetime_operator.py took 0.048 seconds
[2024-08-12 22:49:20,974] {processor.py:153} INFO - Started process (PID=9975) to work on /home/kai/Documents/airflowalura/venv/lib/python3.9/site-packages/airflow/example_dags/example_branch_datetime_operator.py
[2024-08-12 22:49:20,975] {processor.py:641} INFO - Processing file /home/kai/Documents/airflowalura/venv/lib/python3.9/site-packages/airflow/example_dags/example_branch_datetime_operator.py for tasks to queue
[2024-08-12 22:49:20,975] {logging_mixin.py:115} INFO - [2024-08-12 22:49:20,975] {dagbag.py:507} INFO - Filling up the DagBag from /home/kai/Documents/airflowalura/venv/lib/python3.9/site-packages/airflow/example_dags/example_branch_datetime_operator.py
[2024-08-12 22:49:20,982] {processor.py:651} INFO - DAG(s) dict_keys(['example_branch_datetime_operator_2']) retrieved from /home/kai/Documents/airflowalura/venv/lib/python3.9/site-packages/airflow/example_dags/example_branch_datetime_operator.py
[2024-08-12 22:49:20,995] {logging_mixin.py:115} INFO - [2024-08-12 22:49:20,995] {dag.py:2379} INFO - Sync 1 DAGs
[2024-08-12 22:49:21,011] {logging_mixin.py:115} INFO - [2024-08-12 22:49:21,011] {dag.py:2927} INFO - Setting next_dagrun for example_branch_datetime_operator_2 to 2024-08-12T00:00:00+00:00, run_after=2024-08-13T00:00:00+00:00
[2024-08-12 22:49:21,019] {processor.py:161} INFO - Processing /home/kai/Documents/airflowalura/venv/lib/python3.9/site-packages/airflow/example_dags/example_branch_datetime_operator.py took 0.048 seconds
[2024-08-12 22:49:54,619] {processor.py:153} INFO - Started process (PID=10166) to work on /home/kai/Documents/airflowalura/venv/lib/python3.9/site-packages/airflow/example_dags/example_branch_datetime_operator.py
[2024-08-12 22:49:54,619] {processor.py:641} INFO - Processing file /home/kai/Documents/airflowalura/venv/lib/python3.9/site-packages/airflow/example_dags/example_branch_datetime_operator.py for tasks to queue
[2024-08-12 22:49:54,620] {logging_mixin.py:115} INFO - [2024-08-12 22:49:54,620] {dagbag.py:507} INFO - Filling up the DagBag from /home/kai/Documents/airflowalura/venv/lib/python3.9/site-packages/airflow/example_dags/example_branch_datetime_operator.py
[2024-08-12 22:49:54,627] {processor.py:651} INFO - DAG(s) dict_keys(['example_branch_datetime_operator_2']) retrieved from /home/kai/Documents/airflowalura/venv/lib/python3.9/site-packages/airflow/example_dags/example_branch_datetime_operator.py
[2024-08-12 22:49:54,646] {logging_mixin.py:115} INFO - [2024-08-12 22:49:54,646] {dag.py:2379} INFO - Sync 1 DAGs
[2024-08-12 22:49:54,662] {logging_mixin.py:115} INFO - [2024-08-12 22:49:54,662] {dag.py:2927} INFO - Setting next_dagrun for example_branch_datetime_operator_2 to 2024-08-12T00:00:00+00:00, run_after=2024-08-13T00:00:00+00:00
[2024-08-12 22:49:54,669] {processor.py:161} INFO - Processing /home/kai/Documents/airflowalura/venv/lib/python3.9/site-packages/airflow/example_dags/example_branch_datetime_operator.py took 0.053 seconds
[2024-08-12 22:50:27,624] {processor.py:153} INFO - Started process (PID=10401) to work on /home/kai/Documents/airflowalura/venv/lib/python3.9/site-packages/airflow/example_dags/example_branch_datetime_operator.py
[2024-08-12 22:50:27,625] {processor.py:641} INFO - Processing file /home/kai/Documents/airflowalura/venv/lib/python3.9/site-packages/airflow/example_dags/example_branch_datetime_operator.py for tasks to queue
[2024-08-12 22:50:27,626] {logging_mixin.py:115} INFO - [2024-08-12 22:50:27,626] {dagbag.py:507} INFO - Filling up the DagBag from /home/kai/Documents/airflowalura/venv/lib/python3.9/site-packages/airflow/example_dags/example_branch_datetime_operator.py
[2024-08-12 22:50:27,632] {processor.py:651} INFO - DAG(s) dict_keys(['example_branch_datetime_operator_2']) retrieved from /home/kai/Documents/airflowalura/venv/lib/python3.9/site-packages/airflow/example_dags/example_branch_datetime_operator.py
[2024-08-12 22:50:27,645] {logging_mixin.py:115} INFO - [2024-08-12 22:50:27,645] {dag.py:2379} INFO - Sync 1 DAGs
[2024-08-12 22:50:27,661] {logging_mixin.py:115} INFO - [2024-08-12 22:50:27,661] {dag.py:2927} INFO - Setting next_dagrun for example_branch_datetime_operator_2 to 2024-08-12T00:00:00+00:00, run_after=2024-08-13T00:00:00+00:00
[2024-08-12 22:50:27,670] {processor.py:161} INFO - Processing /home/kai/Documents/airflowalura/venv/lib/python3.9/site-packages/airflow/example_dags/example_branch_datetime_operator.py took 0.048 seconds
[2024-08-12 22:51:06,465] {processor.py:153} INFO - Started process (PID=10620) to work on /home/kai/Documents/airflowalura/venv/lib/python3.9/site-packages/airflow/example_dags/example_branch_datetime_operator.py
[2024-08-12 22:51:06,466] {processor.py:641} INFO - Processing file /home/kai/Documents/airflowalura/venv/lib/python3.9/site-packages/airflow/example_dags/example_branch_datetime_operator.py for tasks to queue
[2024-08-12 22:51:06,466] {logging_mixin.py:115} INFO - [2024-08-12 22:51:06,466] {dagbag.py:507} INFO - Filling up the DagBag from /home/kai/Documents/airflowalura/venv/lib/python3.9/site-packages/airflow/example_dags/example_branch_datetime_operator.py
[2024-08-12 22:51:06,473] {processor.py:651} INFO - DAG(s) dict_keys(['example_branch_datetime_operator_2']) retrieved from /home/kai/Documents/airflowalura/venv/lib/python3.9/site-packages/airflow/example_dags/example_branch_datetime_operator.py
[2024-08-12 22:51:06,485] {logging_mixin.py:115} INFO - [2024-08-12 22:51:06,485] {dag.py:2379} INFO - Sync 1 DAGs
[2024-08-12 22:51:06,502] {logging_mixin.py:115} INFO - [2024-08-12 22:51:06,501] {dag.py:2927} INFO - Setting next_dagrun for example_branch_datetime_operator_2 to 2024-08-12T00:00:00+00:00, run_after=2024-08-13T00:00:00+00:00
[2024-08-12 22:51:06,511] {processor.py:161} INFO - Processing /home/kai/Documents/airflowalura/venv/lib/python3.9/site-packages/airflow/example_dags/example_branch_datetime_operator.py took 0.048 seconds
[2024-08-12 22:51:39,273] {processor.py:153} INFO - Started process (PID=10798) to work on /home/kai/Documents/airflowalura/venv/lib/python3.9/site-packages/airflow/example_dags/example_branch_datetime_operator.py
[2024-08-12 22:51:39,274] {processor.py:641} INFO - Processing file /home/kai/Documents/airflowalura/venv/lib/python3.9/site-packages/airflow/example_dags/example_branch_datetime_operator.py for tasks to queue
[2024-08-12 22:51:39,274] {logging_mixin.py:115} INFO - [2024-08-12 22:51:39,274] {dagbag.py:507} INFO - Filling up the DagBag from /home/kai/Documents/airflowalura/venv/lib/python3.9/site-packages/airflow/example_dags/example_branch_datetime_operator.py
[2024-08-12 22:51:39,281] {processor.py:651} INFO - DAG(s) dict_keys(['example_branch_datetime_operator_2']) retrieved from /home/kai/Documents/airflowalura/venv/lib/python3.9/site-packages/airflow/example_dags/example_branch_datetime_operator.py
[2024-08-12 22:51:39,295] {logging_mixin.py:115} INFO - [2024-08-12 22:51:39,295] {dag.py:2379} INFO - Sync 1 DAGs
[2024-08-12 22:51:39,311] {logging_mixin.py:115} INFO - [2024-08-12 22:51:39,310] {dag.py:2927} INFO - Setting next_dagrun for example_branch_datetime_operator_2 to 2024-08-12T00:00:00+00:00, run_after=2024-08-13T00:00:00+00:00
[2024-08-12 22:51:39,321] {processor.py:161} INFO - Processing /home/kai/Documents/airflowalura/venv/lib/python3.9/site-packages/airflow/example_dags/example_branch_datetime_operator.py took 0.050 seconds
[2024-08-12 22:52:15,468] {processor.py:153} INFO - Started process (PID=11004) to work on /home/kai/Documents/airflowalura/venv/lib/python3.9/site-packages/airflow/example_dags/example_branch_datetime_operator.py
[2024-08-12 22:52:15,469] {processor.py:641} INFO - Processing file /home/kai/Documents/airflowalura/venv/lib/python3.9/site-packages/airflow/example_dags/example_branch_datetime_operator.py for tasks to queue
[2024-08-12 22:52:15,469] {logging_mixin.py:115} INFO - [2024-08-12 22:52:15,469] {dagbag.py:507} INFO - Filling up the DagBag from /home/kai/Documents/airflowalura/venv/lib/python3.9/site-packages/airflow/example_dags/example_branch_datetime_operator.py
[2024-08-12 22:52:15,476] {processor.py:651} INFO - DAG(s) dict_keys(['example_branch_datetime_operator_2']) retrieved from /home/kai/Documents/airflowalura/venv/lib/python3.9/site-packages/airflow/example_dags/example_branch_datetime_operator.py
[2024-08-12 22:52:15,489] {logging_mixin.py:115} INFO - [2024-08-12 22:52:15,489] {dag.py:2379} INFO - Sync 1 DAGs
[2024-08-12 22:52:15,506] {logging_mixin.py:115} INFO - [2024-08-12 22:52:15,506] {dag.py:2927} INFO - Setting next_dagrun for example_branch_datetime_operator_2 to 2024-08-12T00:00:00+00:00, run_after=2024-08-13T00:00:00+00:00
[2024-08-12 22:52:15,515] {processor.py:161} INFO - Processing /home/kai/Documents/airflowalura/venv/lib/python3.9/site-packages/airflow/example_dags/example_branch_datetime_operator.py took 0.049 seconds
[2024-08-12 22:52:50,432] {processor.py:153} INFO - Started process (PID=11199) to work on /home/kai/Documents/airflowalura/venv/lib/python3.9/site-packages/airflow/example_dags/example_branch_datetime_operator.py
[2024-08-12 22:52:50,433] {processor.py:641} INFO - Processing file /home/kai/Documents/airflowalura/venv/lib/python3.9/site-packages/airflow/example_dags/example_branch_datetime_operator.py for tasks to queue
[2024-08-12 22:52:50,434] {logging_mixin.py:115} INFO - [2024-08-12 22:52:50,433] {dagbag.py:507} INFO - Filling up the DagBag from /home/kai/Documents/airflowalura/venv/lib/python3.9/site-packages/airflow/example_dags/example_branch_datetime_operator.py
[2024-08-12 22:52:50,440] {processor.py:651} INFO - DAG(s) dict_keys(['example_branch_datetime_operator_2']) retrieved from /home/kai/Documents/airflowalura/venv/lib/python3.9/site-packages/airflow/example_dags/example_branch_datetime_operator.py
[2024-08-12 22:52:50,453] {logging_mixin.py:115} INFO - [2024-08-12 22:52:50,453] {dag.py:2379} INFO - Sync 1 DAGs
[2024-08-12 22:52:50,469] {logging_mixin.py:115} INFO - [2024-08-12 22:52:50,469] {dag.py:2927} INFO - Setting next_dagrun for example_branch_datetime_operator_2 to 2024-08-12T00:00:00+00:00, run_after=2024-08-13T00:00:00+00:00
[2024-08-12 22:52:50,479] {processor.py:161} INFO - Processing /home/kai/Documents/airflowalura/venv/lib/python3.9/site-packages/airflow/example_dags/example_branch_datetime_operator.py took 0.053 seconds
[2024-08-12 22:53:23,267] {processor.py:153} INFO - Started process (PID=11375) to work on /home/kai/Documents/airflowalura/venv/lib/python3.9/site-packages/airflow/example_dags/example_branch_datetime_operator.py
[2024-08-12 22:53:23,267] {processor.py:641} INFO - Processing file /home/kai/Documents/airflowalura/venv/lib/python3.9/site-packages/airflow/example_dags/example_branch_datetime_operator.py for tasks to queue
[2024-08-12 22:53:23,268] {logging_mixin.py:115} INFO - [2024-08-12 22:53:23,268] {dagbag.py:507} INFO - Filling up the DagBag from /home/kai/Documents/airflowalura/venv/lib/python3.9/site-packages/airflow/example_dags/example_branch_datetime_operator.py
[2024-08-12 22:53:23,274] {processor.py:651} INFO - DAG(s) dict_keys(['example_branch_datetime_operator_2']) retrieved from /home/kai/Documents/airflowalura/venv/lib/python3.9/site-packages/airflow/example_dags/example_branch_datetime_operator.py
[2024-08-12 22:53:23,290] {logging_mixin.py:115} INFO - [2024-08-12 22:53:23,290] {dag.py:2379} INFO - Sync 1 DAGs
[2024-08-12 22:53:23,311] {logging_mixin.py:115} INFO - [2024-08-12 22:53:23,311] {dag.py:2927} INFO - Setting next_dagrun for example_branch_datetime_operator_2 to 2024-08-12T00:00:00+00:00, run_after=2024-08-13T00:00:00+00:00
[2024-08-12 22:53:23,321] {processor.py:161} INFO - Processing /home/kai/Documents/airflowalura/venv/lib/python3.9/site-packages/airflow/example_dags/example_branch_datetime_operator.py took 0.057 seconds
[2024-08-12 22:53:58,074] {processor.py:153} INFO - Started process (PID=11575) to work on /home/kai/Documents/airflowalura/venv/lib/python3.9/site-packages/airflow/example_dags/example_branch_datetime_operator.py
[2024-08-12 22:53:58,075] {processor.py:641} INFO - Processing file /home/kai/Documents/airflowalura/venv/lib/python3.9/site-packages/airflow/example_dags/example_branch_datetime_operator.py for tasks to queue
[2024-08-12 22:53:58,076] {logging_mixin.py:115} INFO - [2024-08-12 22:53:58,076] {dagbag.py:507} INFO - Filling up the DagBag from /home/kai/Documents/airflowalura/venv/lib/python3.9/site-packages/airflow/example_dags/example_branch_datetime_operator.py
[2024-08-12 22:53:58,082] {processor.py:651} INFO - DAG(s) dict_keys(['example_branch_datetime_operator_2']) retrieved from /home/kai/Documents/airflowalura/venv/lib/python3.9/site-packages/airflow/example_dags/example_branch_datetime_operator.py
[2024-08-12 22:53:58,095] {logging_mixin.py:115} INFO - [2024-08-12 22:53:58,095] {dag.py:2379} INFO - Sync 1 DAGs
[2024-08-12 22:53:58,110] {logging_mixin.py:115} INFO - [2024-08-12 22:53:58,110] {dag.py:2927} INFO - Setting next_dagrun for example_branch_datetime_operator_2 to 2024-08-12T00:00:00+00:00, run_after=2024-08-13T00:00:00+00:00
[2024-08-12 22:53:58,119] {processor.py:161} INFO - Processing /home/kai/Documents/airflowalura/venv/lib/python3.9/site-packages/airflow/example_dags/example_branch_datetime_operator.py took 0.047 seconds
[2024-08-12 22:54:35,002] {processor.py:153} INFO - Started process (PID=11776) to work on /home/kai/Documents/airflowalura/venv/lib/python3.9/site-packages/airflow/example_dags/example_branch_datetime_operator.py
[2024-08-12 22:54:35,003] {processor.py:641} INFO - Processing file /home/kai/Documents/airflowalura/venv/lib/python3.9/site-packages/airflow/example_dags/example_branch_datetime_operator.py for tasks to queue
[2024-08-12 22:54:35,003] {logging_mixin.py:115} INFO - [2024-08-12 22:54:35,003] {dagbag.py:507} INFO - Filling up the DagBag from /home/kai/Documents/airflowalura/venv/lib/python3.9/site-packages/airflow/example_dags/example_branch_datetime_operator.py
[2024-08-12 22:54:35,009] {processor.py:651} INFO - DAG(s) dict_keys(['example_branch_datetime_operator_2']) retrieved from /home/kai/Documents/airflowalura/venv/lib/python3.9/site-packages/airflow/example_dags/example_branch_datetime_operator.py
[2024-08-12 22:54:35,023] {logging_mixin.py:115} INFO - [2024-08-12 22:54:35,023] {dag.py:2379} INFO - Sync 1 DAGs
[2024-08-12 22:54:35,039] {logging_mixin.py:115} INFO - [2024-08-12 22:54:35,039] {dag.py:2927} INFO - Setting next_dagrun for example_branch_datetime_operator_2 to 2024-08-12T00:00:00+00:00, run_after=2024-08-13T00:00:00+00:00
[2024-08-12 22:54:35,049] {processor.py:161} INFO - Processing /home/kai/Documents/airflowalura/venv/lib/python3.9/site-packages/airflow/example_dags/example_branch_datetime_operator.py took 0.050 seconds
[2024-08-12 22:55:07,566] {processor.py:153} INFO - Started process (PID=11964) to work on /home/kai/Documents/airflowalura/venv/lib/python3.9/site-packages/airflow/example_dags/example_branch_datetime_operator.py
[2024-08-12 22:55:07,567] {processor.py:641} INFO - Processing file /home/kai/Documents/airflowalura/venv/lib/python3.9/site-packages/airflow/example_dags/example_branch_datetime_operator.py for tasks to queue
[2024-08-12 22:55:07,567] {logging_mixin.py:115} INFO - [2024-08-12 22:55:07,567] {dagbag.py:507} INFO - Filling up the DagBag from /home/kai/Documents/airflowalura/venv/lib/python3.9/site-packages/airflow/example_dags/example_branch_datetime_operator.py
[2024-08-12 22:55:07,573] {processor.py:651} INFO - DAG(s) dict_keys(['example_branch_datetime_operator_2']) retrieved from /home/kai/Documents/airflowalura/venv/lib/python3.9/site-packages/airflow/example_dags/example_branch_datetime_operator.py
[2024-08-12 22:55:07,586] {logging_mixin.py:115} INFO - [2024-08-12 22:55:07,586] {dag.py:2379} INFO - Sync 1 DAGs
[2024-08-12 22:55:07,604] {logging_mixin.py:115} INFO - [2024-08-12 22:55:07,604] {dag.py:2927} INFO - Setting next_dagrun for example_branch_datetime_operator_2 to 2024-08-12T00:00:00+00:00, run_after=2024-08-13T00:00:00+00:00
[2024-08-12 22:55:07,613] {processor.py:161} INFO - Processing /home/kai/Documents/airflowalura/venv/lib/python3.9/site-packages/airflow/example_dags/example_branch_datetime_operator.py took 0.050 seconds
[2024-08-12 22:55:43,531] {processor.py:153} INFO - Started process (PID=12208) to work on /home/kai/Documents/airflowalura/venv/lib/python3.9/site-packages/airflow/example_dags/example_branch_datetime_operator.py
[2024-08-12 22:55:43,532] {processor.py:641} INFO - Processing file /home/kai/Documents/airflowalura/venv/lib/python3.9/site-packages/airflow/example_dags/example_branch_datetime_operator.py for tasks to queue
[2024-08-12 22:55:43,532] {logging_mixin.py:115} INFO - [2024-08-12 22:55:43,532] {dagbag.py:507} INFO - Filling up the DagBag from /home/kai/Documents/airflowalura/venv/lib/python3.9/site-packages/airflow/example_dags/example_branch_datetime_operator.py
[2024-08-12 22:55:43,539] {processor.py:651} INFO - DAG(s) dict_keys(['example_branch_datetime_operator_2']) retrieved from /home/kai/Documents/airflowalura/venv/lib/python3.9/site-packages/airflow/example_dags/example_branch_datetime_operator.py
[2024-08-12 22:55:43,553] {logging_mixin.py:115} INFO - [2024-08-12 22:55:43,553] {dag.py:2379} INFO - Sync 1 DAGs
[2024-08-12 22:55:43,566] {logging_mixin.py:115} INFO - [2024-08-12 22:55:43,566] {dag.py:2927} INFO - Setting next_dagrun for example_branch_datetime_operator_2 to 2024-08-12T00:00:00+00:00, run_after=2024-08-13T00:00:00+00:00
[2024-08-12 22:55:43,575] {processor.py:161} INFO - Processing /home/kai/Documents/airflowalura/venv/lib/python3.9/site-packages/airflow/example_dags/example_branch_datetime_operator.py took 0.047 seconds
[2024-08-12 22:56:16,603] {processor.py:153} INFO - Started process (PID=12427) to work on /home/kai/Documents/airflowalura/venv/lib/python3.9/site-packages/airflow/example_dags/example_branch_datetime_operator.py
[2024-08-12 22:56:16,604] {processor.py:641} INFO - Processing file /home/kai/Documents/airflowalura/venv/lib/python3.9/site-packages/airflow/example_dags/example_branch_datetime_operator.py for tasks to queue
[2024-08-12 22:56:16,604] {logging_mixin.py:115} INFO - [2024-08-12 22:56:16,604] {dagbag.py:507} INFO - Filling up the DagBag from /home/kai/Documents/airflowalura/venv/lib/python3.9/site-packages/airflow/example_dags/example_branch_datetime_operator.py
[2024-08-12 22:56:16,612] {processor.py:651} INFO - DAG(s) dict_keys(['example_branch_datetime_operator_2']) retrieved from /home/kai/Documents/airflowalura/venv/lib/python3.9/site-packages/airflow/example_dags/example_branch_datetime_operator.py
[2024-08-12 22:56:16,628] {logging_mixin.py:115} INFO - [2024-08-12 22:56:16,628] {dag.py:2379} INFO - Sync 1 DAGs
[2024-08-12 22:56:16,648] {logging_mixin.py:115} INFO - [2024-08-12 22:56:16,648] {dag.py:2927} INFO - Setting next_dagrun for example_branch_datetime_operator_2 to 2024-08-12T00:00:00+00:00, run_after=2024-08-13T00:00:00+00:00
[2024-08-12 22:56:16,662] {processor.py:161} INFO - Processing /home/kai/Documents/airflowalura/venv/lib/python3.9/site-packages/airflow/example_dags/example_branch_datetime_operator.py took 0.061 seconds
[2024-08-12 22:56:55,396] {processor.py:153} INFO - Started process (PID=12644) to work on /home/kai/Documents/airflowalura/venv/lib/python3.9/site-packages/airflow/example_dags/example_branch_datetime_operator.py
[2024-08-12 22:56:55,397] {processor.py:641} INFO - Processing file /home/kai/Documents/airflowalura/venv/lib/python3.9/site-packages/airflow/example_dags/example_branch_datetime_operator.py for tasks to queue
[2024-08-12 22:56:55,398] {logging_mixin.py:115} INFO - [2024-08-12 22:56:55,398] {dagbag.py:507} INFO - Filling up the DagBag from /home/kai/Documents/airflowalura/venv/lib/python3.9/site-packages/airflow/example_dags/example_branch_datetime_operator.py
[2024-08-12 22:56:55,404] {processor.py:651} INFO - DAG(s) dict_keys(['example_branch_datetime_operator_2']) retrieved from /home/kai/Documents/airflowalura/venv/lib/python3.9/site-packages/airflow/example_dags/example_branch_datetime_operator.py
[2024-08-12 22:56:55,419] {logging_mixin.py:115} INFO - [2024-08-12 22:56:55,418] {dag.py:2379} INFO - Sync 1 DAGs
[2024-08-12 22:56:55,435] {logging_mixin.py:115} INFO - [2024-08-12 22:56:55,435] {dag.py:2927} INFO - Setting next_dagrun for example_branch_datetime_operator_2 to 2024-08-12T00:00:00+00:00, run_after=2024-08-13T00:00:00+00:00
[2024-08-12 22:56:55,446] {processor.py:161} INFO - Processing /home/kai/Documents/airflowalura/venv/lib/python3.9/site-packages/airflow/example_dags/example_branch_datetime_operator.py took 0.052 seconds
[2024-08-12 22:57:29,276] {processor.py:153} INFO - Started process (PID=12835) to work on /home/kai/Documents/airflowalura/venv/lib/python3.9/site-packages/airflow/example_dags/example_branch_datetime_operator.py
[2024-08-12 22:57:29,277] {processor.py:641} INFO - Processing file /home/kai/Documents/airflowalura/venv/lib/python3.9/site-packages/airflow/example_dags/example_branch_datetime_operator.py for tasks to queue
[2024-08-12 22:57:29,278] {logging_mixin.py:115} INFO - [2024-08-12 22:57:29,278] {dagbag.py:507} INFO - Filling up the DagBag from /home/kai/Documents/airflowalura/venv/lib/python3.9/site-packages/airflow/example_dags/example_branch_datetime_operator.py
[2024-08-12 22:57:29,287] {processor.py:651} INFO - DAG(s) dict_keys(['example_branch_datetime_operator_2']) retrieved from /home/kai/Documents/airflowalura/venv/lib/python3.9/site-packages/airflow/example_dags/example_branch_datetime_operator.py
[2024-08-12 22:57:29,303] {logging_mixin.py:115} INFO - [2024-08-12 22:57:29,303] {dag.py:2379} INFO - Sync 1 DAGs
[2024-08-12 22:57:29,318] {logging_mixin.py:115} INFO - [2024-08-12 22:57:29,318] {dag.py:2927} INFO - Setting next_dagrun for example_branch_datetime_operator_2 to 2024-08-12T00:00:00+00:00, run_after=2024-08-13T00:00:00+00:00
[2024-08-12 22:57:29,328] {processor.py:161} INFO - Processing /home/kai/Documents/airflowalura/venv/lib/python3.9/site-packages/airflow/example_dags/example_branch_datetime_operator.py took 0.055 seconds
[2024-08-12 22:58:05,101] {processor.py:153} INFO - Started process (PID=13035) to work on /home/kai/Documents/airflowalura/venv/lib/python3.9/site-packages/airflow/example_dags/example_branch_datetime_operator.py
[2024-08-12 22:58:05,101] {processor.py:641} INFO - Processing file /home/kai/Documents/airflowalura/venv/lib/python3.9/site-packages/airflow/example_dags/example_branch_datetime_operator.py for tasks to queue
[2024-08-12 22:58:05,102] {logging_mixin.py:115} INFO - [2024-08-12 22:58:05,102] {dagbag.py:507} INFO - Filling up the DagBag from /home/kai/Documents/airflowalura/venv/lib/python3.9/site-packages/airflow/example_dags/example_branch_datetime_operator.py
[2024-08-12 22:58:05,109] {processor.py:651} INFO - DAG(s) dict_keys(['example_branch_datetime_operator_2']) retrieved from /home/kai/Documents/airflowalura/venv/lib/python3.9/site-packages/airflow/example_dags/example_branch_datetime_operator.py
[2024-08-12 22:58:05,123] {logging_mixin.py:115} INFO - [2024-08-12 22:58:05,123] {dag.py:2379} INFO - Sync 1 DAGs
[2024-08-12 22:58:05,137] {logging_mixin.py:115} INFO - [2024-08-12 22:58:05,137] {dag.py:2927} INFO - Setting next_dagrun for example_branch_datetime_operator_2 to 2024-08-12T00:00:00+00:00, run_after=2024-08-13T00:00:00+00:00
[2024-08-12 22:58:05,146] {processor.py:161} INFO - Processing /home/kai/Documents/airflowalura/venv/lib/python3.9/site-packages/airflow/example_dags/example_branch_datetime_operator.py took 0.048 seconds
[2024-08-12 22:58:40,291] {processor.py:153} INFO - Started process (PID=13224) to work on /home/kai/Documents/airflowalura/venv/lib/python3.9/site-packages/airflow/example_dags/example_branch_datetime_operator.py
[2024-08-12 22:58:40,292] {processor.py:641} INFO - Processing file /home/kai/Documents/airflowalura/venv/lib/python3.9/site-packages/airflow/example_dags/example_branch_datetime_operator.py for tasks to queue
[2024-08-12 22:58:40,292] {logging_mixin.py:115} INFO - [2024-08-12 22:58:40,292] {dagbag.py:507} INFO - Filling up the DagBag from /home/kai/Documents/airflowalura/venv/lib/python3.9/site-packages/airflow/example_dags/example_branch_datetime_operator.py
[2024-08-12 22:58:40,299] {processor.py:651} INFO - DAG(s) dict_keys(['example_branch_datetime_operator_2']) retrieved from /home/kai/Documents/airflowalura/venv/lib/python3.9/site-packages/airflow/example_dags/example_branch_datetime_operator.py
[2024-08-12 22:58:40,314] {logging_mixin.py:115} INFO - [2024-08-12 22:58:40,314] {dag.py:2379} INFO - Sync 1 DAGs
[2024-08-12 22:58:40,328] {logging_mixin.py:115} INFO - [2024-08-12 22:58:40,328] {dag.py:2927} INFO - Setting next_dagrun for example_branch_datetime_operator_2 to 2024-08-12T00:00:00+00:00, run_after=2024-08-13T00:00:00+00:00
[2024-08-12 22:58:40,337] {processor.py:161} INFO - Processing /home/kai/Documents/airflowalura/venv/lib/python3.9/site-packages/airflow/example_dags/example_branch_datetime_operator.py took 0.049 seconds
[2024-08-12 22:59:13,973] {processor.py:153} INFO - Started process (PID=13412) to work on /home/kai/Documents/airflowalura/venv/lib/python3.9/site-packages/airflow/example_dags/example_branch_datetime_operator.py
[2024-08-12 22:59:13,974] {processor.py:641} INFO - Processing file /home/kai/Documents/airflowalura/venv/lib/python3.9/site-packages/airflow/example_dags/example_branch_datetime_operator.py for tasks to queue
[2024-08-12 22:59:13,975] {logging_mixin.py:115} INFO - [2024-08-12 22:59:13,974] {dagbag.py:507} INFO - Filling up the DagBag from /home/kai/Documents/airflowalura/venv/lib/python3.9/site-packages/airflow/example_dags/example_branch_datetime_operator.py
[2024-08-12 22:59:13,983] {processor.py:651} INFO - DAG(s) dict_keys(['example_branch_datetime_operator_2']) retrieved from /home/kai/Documents/airflowalura/venv/lib/python3.9/site-packages/airflow/example_dags/example_branch_datetime_operator.py
[2024-08-12 22:59:13,999] {logging_mixin.py:115} INFO - [2024-08-12 22:59:13,999] {dag.py:2379} INFO - Sync 1 DAGs
[2024-08-12 22:59:14,015] {logging_mixin.py:115} INFO - [2024-08-12 22:59:14,015] {dag.py:2927} INFO - Setting next_dagrun for example_branch_datetime_operator_2 to 2024-08-12T00:00:00+00:00, run_after=2024-08-13T00:00:00+00:00
[2024-08-12 22:59:14,024] {processor.py:161} INFO - Processing /home/kai/Documents/airflowalura/venv/lib/python3.9/site-packages/airflow/example_dags/example_branch_datetime_operator.py took 0.054 seconds
[2024-08-12 22:59:47,031] {processor.py:153} INFO - Started process (PID=13603) to work on /home/kai/Documents/airflowalura/venv/lib/python3.9/site-packages/airflow/example_dags/example_branch_datetime_operator.py
[2024-08-12 22:59:47,032] {processor.py:641} INFO - Processing file /home/kai/Documents/airflowalura/venv/lib/python3.9/site-packages/airflow/example_dags/example_branch_datetime_operator.py for tasks to queue
[2024-08-12 22:59:47,033] {logging_mixin.py:115} INFO - [2024-08-12 22:59:47,033] {dagbag.py:507} INFO - Filling up the DagBag from /home/kai/Documents/airflowalura/venv/lib/python3.9/site-packages/airflow/example_dags/example_branch_datetime_operator.py
[2024-08-12 22:59:47,042] {processor.py:651} INFO - DAG(s) dict_keys(['example_branch_datetime_operator_2']) retrieved from /home/kai/Documents/airflowalura/venv/lib/python3.9/site-packages/airflow/example_dags/example_branch_datetime_operator.py
[2024-08-12 22:59:47,057] {logging_mixin.py:115} INFO - [2024-08-12 22:59:47,057] {dag.py:2379} INFO - Sync 1 DAGs
[2024-08-12 22:59:47,072] {logging_mixin.py:115} INFO - [2024-08-12 22:59:47,072] {dag.py:2927} INFO - Setting next_dagrun for example_branch_datetime_operator_2 to 2024-08-12T00:00:00+00:00, run_after=2024-08-13T00:00:00+00:00
[2024-08-12 22:59:47,081] {processor.py:161} INFO - Processing /home/kai/Documents/airflowalura/venv/lib/python3.9/site-packages/airflow/example_dags/example_branch_datetime_operator.py took 0.052 seconds
[2024-08-12 23:00:24,654] {processor.py:153} INFO - Started process (PID=13867) to work on /home/kai/Documents/airflowalura/venv/lib/python3.9/site-packages/airflow/example_dags/example_branch_datetime_operator.py
[2024-08-12 23:00:24,655] {processor.py:641} INFO - Processing file /home/kai/Documents/airflowalura/venv/lib/python3.9/site-packages/airflow/example_dags/example_branch_datetime_operator.py for tasks to queue
[2024-08-12 23:00:24,656] {logging_mixin.py:115} INFO - [2024-08-12 23:00:24,655] {dagbag.py:507} INFO - Filling up the DagBag from /home/kai/Documents/airflowalura/venv/lib/python3.9/site-packages/airflow/example_dags/example_branch_datetime_operator.py
[2024-08-12 23:00:24,662] {processor.py:651} INFO - DAG(s) dict_keys(['example_branch_datetime_operator_2']) retrieved from /home/kai/Documents/airflowalura/venv/lib/python3.9/site-packages/airflow/example_dags/example_branch_datetime_operator.py
[2024-08-12 23:00:24,679] {logging_mixin.py:115} INFO - [2024-08-12 23:00:24,679] {dag.py:2379} INFO - Sync 1 DAGs
[2024-08-12 23:00:24,694] {logging_mixin.py:115} INFO - [2024-08-12 23:00:24,694] {dag.py:2927} INFO - Setting next_dagrun for example_branch_datetime_operator_2 to 2024-08-12T00:00:00+00:00, run_after=2024-08-13T00:00:00+00:00
[2024-08-12 23:00:24,705] {processor.py:161} INFO - Processing /home/kai/Documents/airflowalura/venv/lib/python3.9/site-packages/airflow/example_dags/example_branch_datetime_operator.py took 0.054 seconds
[2024-08-12 23:00:58,779] {processor.py:153} INFO - Started process (PID=14067) to work on /home/kai/Documents/airflowalura/venv/lib/python3.9/site-packages/airflow/example_dags/example_branch_datetime_operator.py
[2024-08-12 23:00:58,779] {processor.py:641} INFO - Processing file /home/kai/Documents/airflowalura/venv/lib/python3.9/site-packages/airflow/example_dags/example_branch_datetime_operator.py for tasks to queue
[2024-08-12 23:00:58,780] {logging_mixin.py:115} INFO - [2024-08-12 23:00:58,780] {dagbag.py:507} INFO - Filling up the DagBag from /home/kai/Documents/airflowalura/venv/lib/python3.9/site-packages/airflow/example_dags/example_branch_datetime_operator.py
[2024-08-12 23:00:58,786] {processor.py:651} INFO - DAG(s) dict_keys(['example_branch_datetime_operator_2']) retrieved from /home/kai/Documents/airflowalura/venv/lib/python3.9/site-packages/airflow/example_dags/example_branch_datetime_operator.py
[2024-08-12 23:00:58,800] {logging_mixin.py:115} INFO - [2024-08-12 23:00:58,800] {dag.py:2379} INFO - Sync 1 DAGs
[2024-08-12 23:00:58,815] {logging_mixin.py:115} INFO - [2024-08-12 23:00:58,815] {dag.py:2927} INFO - Setting next_dagrun for example_branch_datetime_operator_2 to 2024-08-12T00:00:00+00:00, run_after=2024-08-13T00:00:00+00:00
[2024-08-12 23:00:58,824] {processor.py:161} INFO - Processing /home/kai/Documents/airflowalura/venv/lib/python3.9/site-packages/airflow/example_dags/example_branch_datetime_operator.py took 0.048 seconds
[2024-08-12 23:01:37,551] {processor.py:153} INFO - Started process (PID=14281) to work on /home/kai/Documents/airflowalura/venv/lib/python3.9/site-packages/airflow/example_dags/example_branch_datetime_operator.py
[2024-08-12 23:01:37,552] {processor.py:641} INFO - Processing file /home/kai/Documents/airflowalura/venv/lib/python3.9/site-packages/airflow/example_dags/example_branch_datetime_operator.py for tasks to queue
[2024-08-12 23:01:37,552] {logging_mixin.py:115} INFO - [2024-08-12 23:01:37,552] {dagbag.py:507} INFO - Filling up the DagBag from /home/kai/Documents/airflowalura/venv/lib/python3.9/site-packages/airflow/example_dags/example_branch_datetime_operator.py
[2024-08-12 23:01:37,559] {processor.py:651} INFO - DAG(s) dict_keys(['example_branch_datetime_operator_2']) retrieved from /home/kai/Documents/airflowalura/venv/lib/python3.9/site-packages/airflow/example_dags/example_branch_datetime_operator.py
[2024-08-12 23:01:37,573] {logging_mixin.py:115} INFO - [2024-08-12 23:01:37,573] {dag.py:2379} INFO - Sync 1 DAGs
[2024-08-12 23:01:37,587] {logging_mixin.py:115} INFO - [2024-08-12 23:01:37,587] {dag.py:2927} INFO - Setting next_dagrun for example_branch_datetime_operator_2 to 2024-08-12T00:00:00+00:00, run_after=2024-08-13T00:00:00+00:00
[2024-08-12 23:01:37,595] {processor.py:161} INFO - Processing /home/kai/Documents/airflowalura/venv/lib/python3.9/site-packages/airflow/example_dags/example_branch_datetime_operator.py took 0.046 seconds
[2024-08-12 23:02:10,601] {processor.py:153} INFO - Started process (PID=14464) to work on /home/kai/Documents/airflowalura/venv/lib/python3.9/site-packages/airflow/example_dags/example_branch_datetime_operator.py
[2024-08-12 23:02:10,602] {processor.py:641} INFO - Processing file /home/kai/Documents/airflowalura/venv/lib/python3.9/site-packages/airflow/example_dags/example_branch_datetime_operator.py for tasks to queue
[2024-08-12 23:02:10,603] {logging_mixin.py:115} INFO - [2024-08-12 23:02:10,603] {dagbag.py:507} INFO - Filling up the DagBag from /home/kai/Documents/airflowalura/venv/lib/python3.9/site-packages/airflow/example_dags/example_branch_datetime_operator.py
[2024-08-12 23:02:10,612] {processor.py:651} INFO - DAG(s) dict_keys(['example_branch_datetime_operator_2']) retrieved from /home/kai/Documents/airflowalura/venv/lib/python3.9/site-packages/airflow/example_dags/example_branch_datetime_operator.py
[2024-08-12 23:02:10,631] {logging_mixin.py:115} INFO - [2024-08-12 23:02:10,631] {dag.py:2379} INFO - Sync 1 DAGs
[2024-08-12 23:02:10,648] {logging_mixin.py:115} INFO - [2024-08-12 23:02:10,647] {dag.py:2927} INFO - Setting next_dagrun for example_branch_datetime_operator_2 to 2024-08-12T00:00:00+00:00, run_after=2024-08-13T00:00:00+00:00
[2024-08-12 23:02:10,659] {processor.py:161} INFO - Processing /home/kai/Documents/airflowalura/venv/lib/python3.9/site-packages/airflow/example_dags/example_branch_datetime_operator.py took 0.060 seconds
[2024-08-12 23:02:44,611] {processor.py:153} INFO - Started process (PID=14645) to work on /home/kai/Documents/airflowalura/venv/lib/python3.9/site-packages/airflow/example_dags/example_branch_datetime_operator.py
[2024-08-12 23:02:44,612] {processor.py:641} INFO - Processing file /home/kai/Documents/airflowalura/venv/lib/python3.9/site-packages/airflow/example_dags/example_branch_datetime_operator.py for tasks to queue
[2024-08-12 23:02:44,612] {logging_mixin.py:115} INFO - [2024-08-12 23:02:44,612] {dagbag.py:507} INFO - Filling up the DagBag from /home/kai/Documents/airflowalura/venv/lib/python3.9/site-packages/airflow/example_dags/example_branch_datetime_operator.py
[2024-08-12 23:02:44,619] {processor.py:651} INFO - DAG(s) dict_keys(['example_branch_datetime_operator_2']) retrieved from /home/kai/Documents/airflowalura/venv/lib/python3.9/site-packages/airflow/example_dags/example_branch_datetime_operator.py
[2024-08-12 23:02:44,635] {logging_mixin.py:115} INFO - [2024-08-12 23:02:44,634] {dag.py:2379} INFO - Sync 1 DAGs
[2024-08-12 23:02:44,648] {logging_mixin.py:115} INFO - [2024-08-12 23:02:44,648] {dag.py:2927} INFO - Setting next_dagrun for example_branch_datetime_operator_2 to 2024-08-12T00:00:00+00:00, run_after=2024-08-13T00:00:00+00:00
[2024-08-12 23:02:44,659] {processor.py:161} INFO - Processing /home/kai/Documents/airflowalura/venv/lib/python3.9/site-packages/airflow/example_dags/example_branch_datetime_operator.py took 0.051 seconds
[2024-08-12 23:03:19,977] {processor.py:153} INFO - Started process (PID=14860) to work on /home/kai/Documents/airflowalura/venv/lib/python3.9/site-packages/airflow/example_dags/example_branch_datetime_operator.py
[2024-08-12 23:03:19,978] {processor.py:641} INFO - Processing file /home/kai/Documents/airflowalura/venv/lib/python3.9/site-packages/airflow/example_dags/example_branch_datetime_operator.py for tasks to queue
[2024-08-12 23:03:19,978] {logging_mixin.py:115} INFO - [2024-08-12 23:03:19,978] {dagbag.py:507} INFO - Filling up the DagBag from /home/kai/Documents/airflowalura/venv/lib/python3.9/site-packages/airflow/example_dags/example_branch_datetime_operator.py
[2024-08-12 23:03:19,984] {processor.py:651} INFO - DAG(s) dict_keys(['example_branch_datetime_operator_2']) retrieved from /home/kai/Documents/airflowalura/venv/lib/python3.9/site-packages/airflow/example_dags/example_branch_datetime_operator.py
[2024-08-12 23:03:19,998] {logging_mixin.py:115} INFO - [2024-08-12 23:03:19,998] {dag.py:2379} INFO - Sync 1 DAGs
[2024-08-12 23:03:20,012] {logging_mixin.py:115} INFO - [2024-08-12 23:03:20,012] {dag.py:2927} INFO - Setting next_dagrun for example_branch_datetime_operator_2 to 2024-08-12T00:00:00+00:00, run_after=2024-08-13T00:00:00+00:00
[2024-08-12 23:03:20,020] {processor.py:161} INFO - Processing /home/kai/Documents/airflowalura/venv/lib/python3.9/site-packages/airflow/example_dags/example_branch_datetime_operator.py took 0.046 seconds
[2024-08-12 23:03:54,171] {processor.py:153} INFO - Started process (PID=15047) to work on /home/kai/Documents/airflowalura/venv/lib/python3.9/site-packages/airflow/example_dags/example_branch_datetime_operator.py
[2024-08-12 23:03:54,172] {processor.py:641} INFO - Processing file /home/kai/Documents/airflowalura/venv/lib/python3.9/site-packages/airflow/example_dags/example_branch_datetime_operator.py for tasks to queue
[2024-08-12 23:03:54,172] {logging_mixin.py:115} INFO - [2024-08-12 23:03:54,172] {dagbag.py:507} INFO - Filling up the DagBag from /home/kai/Documents/airflowalura/venv/lib/python3.9/site-packages/airflow/example_dags/example_branch_datetime_operator.py
[2024-08-12 23:03:54,178] {processor.py:651} INFO - DAG(s) dict_keys(['example_branch_datetime_operator_2']) retrieved from /home/kai/Documents/airflowalura/venv/lib/python3.9/site-packages/airflow/example_dags/example_branch_datetime_operator.py
[2024-08-12 23:03:54,192] {logging_mixin.py:115} INFO - [2024-08-12 23:03:54,192] {dag.py:2379} INFO - Sync 1 DAGs
[2024-08-12 23:03:54,206] {logging_mixin.py:115} INFO - [2024-08-12 23:03:54,206] {dag.py:2927} INFO - Setting next_dagrun for example_branch_datetime_operator_2 to 2024-08-12T00:00:00+00:00, run_after=2024-08-13T00:00:00+00:00
[2024-08-12 23:03:54,215] {processor.py:161} INFO - Processing /home/kai/Documents/airflowalura/venv/lib/python3.9/site-packages/airflow/example_dags/example_branch_datetime_operator.py took 0.046 seconds
[2024-08-12 23:04:32,945] {processor.py:153} INFO - Started process (PID=15283) to work on /home/kai/Documents/airflowalura/venv/lib/python3.9/site-packages/airflow/example_dags/example_branch_datetime_operator.py
[2024-08-12 23:04:32,947] {processor.py:641} INFO - Processing file /home/kai/Documents/airflowalura/venv/lib/python3.9/site-packages/airflow/example_dags/example_branch_datetime_operator.py for tasks to queue
[2024-08-12 23:04:32,947] {logging_mixin.py:115} INFO - [2024-08-12 23:04:32,947] {dagbag.py:507} INFO - Filling up the DagBag from /home/kai/Documents/airflowalura/venv/lib/python3.9/site-packages/airflow/example_dags/example_branch_datetime_operator.py
[2024-08-12 23:04:32,954] {processor.py:651} INFO - DAG(s) dict_keys(['example_branch_datetime_operator_2']) retrieved from /home/kai/Documents/airflowalura/venv/lib/python3.9/site-packages/airflow/example_dags/example_branch_datetime_operator.py
[2024-08-12 23:04:32,972] {logging_mixin.py:115} INFO - [2024-08-12 23:04:32,972] {dag.py:2379} INFO - Sync 1 DAGs
[2024-08-12 23:04:32,987] {logging_mixin.py:115} INFO - [2024-08-12 23:04:32,987] {dag.py:2927} INFO - Setting next_dagrun for example_branch_datetime_operator_2 to 2024-08-12T00:00:00+00:00, run_after=2024-08-13T00:00:00+00:00
[2024-08-12 23:04:32,999] {processor.py:161} INFO - Processing /home/kai/Documents/airflowalura/venv/lib/python3.9/site-packages/airflow/example_dags/example_branch_datetime_operator.py took 0.056 seconds
[2024-08-12 23:05:09,083] {processor.py:153} INFO - Started process (PID=15497) to work on /home/kai/Documents/airflowalura/venv/lib/python3.9/site-packages/airflow/example_dags/example_branch_datetime_operator.py
[2024-08-12 23:05:09,083] {processor.py:641} INFO - Processing file /home/kai/Documents/airflowalura/venv/lib/python3.9/site-packages/airflow/example_dags/example_branch_datetime_operator.py for tasks to queue
[2024-08-12 23:05:09,084] {logging_mixin.py:115} INFO - [2024-08-12 23:05:09,083] {dagbag.py:507} INFO - Filling up the DagBag from /home/kai/Documents/airflowalura/venv/lib/python3.9/site-packages/airflow/example_dags/example_branch_datetime_operator.py
[2024-08-12 23:05:09,090] {processor.py:651} INFO - DAG(s) dict_keys(['example_branch_datetime_operator_2']) retrieved from /home/kai/Documents/airflowalura/venv/lib/python3.9/site-packages/airflow/example_dags/example_branch_datetime_operator.py
[2024-08-12 23:05:09,104] {logging_mixin.py:115} INFO - [2024-08-12 23:05:09,104] {dag.py:2379} INFO - Sync 1 DAGs
[2024-08-12 23:05:09,119] {logging_mixin.py:115} INFO - [2024-08-12 23:05:09,119] {dag.py:2927} INFO - Setting next_dagrun for example_branch_datetime_operator_2 to 2024-08-12T00:00:00+00:00, run_after=2024-08-13T00:00:00+00:00
[2024-08-12 23:05:09,129] {processor.py:161} INFO - Processing /home/kai/Documents/airflowalura/venv/lib/python3.9/site-packages/airflow/example_dags/example_branch_datetime_operator.py took 0.049 seconds
[2024-08-12 23:05:41,950] {processor.py:153} INFO - Started process (PID=15728) to work on /home/kai/Documents/airflowalura/venv/lib/python3.9/site-packages/airflow/example_dags/example_branch_datetime_operator.py
[2024-08-12 23:05:41,951] {processor.py:641} INFO - Processing file /home/kai/Documents/airflowalura/venv/lib/python3.9/site-packages/airflow/example_dags/example_branch_datetime_operator.py for tasks to queue
[2024-08-12 23:05:41,952] {logging_mixin.py:115} INFO - [2024-08-12 23:05:41,952] {dagbag.py:507} INFO - Filling up the DagBag from /home/kai/Documents/airflowalura/venv/lib/python3.9/site-packages/airflow/example_dags/example_branch_datetime_operator.py
[2024-08-12 23:05:41,961] {processor.py:651} INFO - DAG(s) dict_keys(['example_branch_datetime_operator_2']) retrieved from /home/kai/Documents/airflowalura/venv/lib/python3.9/site-packages/airflow/example_dags/example_branch_datetime_operator.py
[2024-08-12 23:05:41,974] {logging_mixin.py:115} INFO - [2024-08-12 23:05:41,974] {dag.py:2379} INFO - Sync 1 DAGs
[2024-08-12 23:05:41,988] {logging_mixin.py:115} INFO - [2024-08-12 23:05:41,988] {dag.py:2927} INFO - Setting next_dagrun for example_branch_datetime_operator_2 to 2024-08-12T00:00:00+00:00, run_after=2024-08-13T00:00:00+00:00
[2024-08-12 23:05:41,997] {processor.py:161} INFO - Processing /home/kai/Documents/airflowalura/venv/lib/python3.9/site-packages/airflow/example_dags/example_branch_datetime_operator.py took 0.049 seconds
