[2024-08-12 22:18:01,439] {processor.py:153} INFO - Started process (PID=35459) to work on /home/kai/Documents/airflowalura/venv/lib/python3.9/site-packages/airflow/example_dags/example_branch_operator.py
[2024-08-12 22:18:01,440] {processor.py:641} INFO - Processing file /home/kai/Documents/airflowalura/venv/lib/python3.9/site-packages/airflow/example_dags/example_branch_operator.py for tasks to queue
[2024-08-12 22:18:01,440] {logging_mixin.py:115} INFO - [2024-08-12 22:18:01,440] {dagbag.py:507} INFO - Filling up the DagBag from /home/kai/Documents/airflowalura/venv/lib/python3.9/site-packages/airflow/example_dags/example_branch_operator.py
[2024-08-12 22:18:01,450] {processor.py:651} INFO - DAG(s) dict_keys(['example_branch_operator']) retrieved from /home/kai/Documents/airflowalura/venv/lib/python3.9/site-packages/airflow/example_dags/example_branch_operator.py
[2024-08-12 22:18:01,491] {logging_mixin.py:115} INFO - [2024-08-12 22:18:01,491] {dag.py:2379} INFO - Sync 1 DAGs
[2024-08-12 22:18:01,504] {logging_mixin.py:115} INFO - [2024-08-12 22:18:01,504] {dag.py:2927} INFO - Setting next_dagrun for example_branch_operator to 2024-08-12T00:00:00+00:00, run_after=2024-08-13T00:00:00+00:00
[2024-08-12 22:18:01,517] {processor.py:161} INFO - Processing /home/kai/Documents/airflowalura/venv/lib/python3.9/site-packages/airflow/example_dags/example_branch_operator.py took 0.081 seconds
[2024-08-12 22:18:44,201] {processor.py:153} INFO - Started process (PID=36209) to work on /home/kai/Documents/airflowalura/venv/lib/python3.9/site-packages/airflow/example_dags/example_branch_operator.py
[2024-08-12 22:18:44,202] {processor.py:641} INFO - Processing file /home/kai/Documents/airflowalura/venv/lib/python3.9/site-packages/airflow/example_dags/example_branch_operator.py for tasks to queue
[2024-08-12 22:18:44,202] {logging_mixin.py:115} INFO - [2024-08-12 22:18:44,202] {dagbag.py:507} INFO - Filling up the DagBag from /home/kai/Documents/airflowalura/venv/lib/python3.9/site-packages/airflow/example_dags/example_branch_operator.py
[2024-08-12 22:18:44,213] {processor.py:651} INFO - DAG(s) dict_keys(['example_branch_operator']) retrieved from /home/kai/Documents/airflowalura/venv/lib/python3.9/site-packages/airflow/example_dags/example_branch_operator.py
[2024-08-12 22:18:44,232] {logging_mixin.py:115} INFO - [2024-08-12 22:18:44,232] {dag.py:2379} INFO - Sync 1 DAGs
[2024-08-12 22:18:44,260] {logging_mixin.py:115} INFO - [2024-08-12 22:18:44,260] {dag.py:2927} INFO - Setting next_dagrun for example_branch_operator to 2024-08-12T00:00:00+00:00, run_after=2024-08-13T00:00:00+00:00
[2024-08-12 22:18:44,271] {processor.py:161} INFO - Processing /home/kai/Documents/airflowalura/venv/lib/python3.9/site-packages/airflow/example_dags/example_branch_operator.py took 0.073 seconds
[2024-08-12 22:19:17,895] {processor.py:153} INFO - Started process (PID=36453) to work on /home/kai/Documents/airflowalura/venv/lib/python3.9/site-packages/airflow/example_dags/example_branch_operator.py
[2024-08-12 22:19:17,896] {processor.py:641} INFO - Processing file /home/kai/Documents/airflowalura/venv/lib/python3.9/site-packages/airflow/example_dags/example_branch_operator.py for tasks to queue
[2024-08-12 22:19:17,896] {logging_mixin.py:115} INFO - [2024-08-12 22:19:17,896] {dagbag.py:507} INFO - Filling up the DagBag from /home/kai/Documents/airflowalura/venv/lib/python3.9/site-packages/airflow/example_dags/example_branch_operator.py
[2024-08-12 22:19:17,906] {processor.py:651} INFO - DAG(s) dict_keys(['example_branch_operator']) retrieved from /home/kai/Documents/airflowalura/venv/lib/python3.9/site-packages/airflow/example_dags/example_branch_operator.py
[2024-08-12 22:19:17,921] {logging_mixin.py:115} INFO - [2024-08-12 22:19:17,921] {dag.py:2379} INFO - Sync 1 DAGs
[2024-08-12 22:19:17,938] {logging_mixin.py:115} INFO - [2024-08-12 22:19:17,938] {dag.py:2927} INFO - Setting next_dagrun for example_branch_operator to 2024-08-12T00:00:00+00:00, run_after=2024-08-13T00:00:00+00:00
[2024-08-12 22:19:17,946] {processor.py:161} INFO - Processing /home/kai/Documents/airflowalura/venv/lib/python3.9/site-packages/airflow/example_dags/example_branch_operator.py took 0.054 seconds
[2024-08-12 22:19:51,410] {processor.py:153} INFO - Started process (PID=36662) to work on /home/kai/Documents/airflowalura/venv/lib/python3.9/site-packages/airflow/example_dags/example_branch_operator.py
[2024-08-12 22:19:51,411] {processor.py:641} INFO - Processing file /home/kai/Documents/airflowalura/venv/lib/python3.9/site-packages/airflow/example_dags/example_branch_operator.py for tasks to queue
[2024-08-12 22:19:51,411] {logging_mixin.py:115} INFO - [2024-08-12 22:19:51,411] {dagbag.py:507} INFO - Filling up the DagBag from /home/kai/Documents/airflowalura/venv/lib/python3.9/site-packages/airflow/example_dags/example_branch_operator.py
[2024-08-12 22:19:51,421] {processor.py:651} INFO - DAG(s) dict_keys(['example_branch_operator']) retrieved from /home/kai/Documents/airflowalura/venv/lib/python3.9/site-packages/airflow/example_dags/example_branch_operator.py
[2024-08-12 22:19:51,434] {logging_mixin.py:115} INFO - [2024-08-12 22:19:51,434] {dag.py:2379} INFO - Sync 1 DAGs
[2024-08-12 22:19:51,452] {logging_mixin.py:115} INFO - [2024-08-12 22:19:51,452] {dag.py:2927} INFO - Setting next_dagrun for example_branch_operator to 2024-08-12T00:00:00+00:00, run_after=2024-08-13T00:00:00+00:00
[2024-08-12 22:19:51,461] {processor.py:161} INFO - Processing /home/kai/Documents/airflowalura/venv/lib/python3.9/site-packages/airflow/example_dags/example_branch_operator.py took 0.054 seconds
[2024-08-12 22:20:24,647] {processor.py:153} INFO - Started process (PID=36884) to work on /home/kai/Documents/airflowalura/venv/lib/python3.9/site-packages/airflow/example_dags/example_branch_operator.py
[2024-08-12 22:20:24,647] {processor.py:641} INFO - Processing file /home/kai/Documents/airflowalura/venv/lib/python3.9/site-packages/airflow/example_dags/example_branch_operator.py for tasks to queue
[2024-08-12 22:20:24,648] {logging_mixin.py:115} INFO - [2024-08-12 22:20:24,648] {dagbag.py:507} INFO - Filling up the DagBag from /home/kai/Documents/airflowalura/venv/lib/python3.9/site-packages/airflow/example_dags/example_branch_operator.py
[2024-08-12 22:20:24,656] {processor.py:651} INFO - DAG(s) dict_keys(['example_branch_operator']) retrieved from /home/kai/Documents/airflowalura/venv/lib/python3.9/site-packages/airflow/example_dags/example_branch_operator.py
[2024-08-12 22:20:24,671] {logging_mixin.py:115} INFO - [2024-08-12 22:20:24,671] {dag.py:2379} INFO - Sync 1 DAGs
[2024-08-12 22:20:24,688] {logging_mixin.py:115} INFO - [2024-08-12 22:20:24,688] {dag.py:2927} INFO - Setting next_dagrun for example_branch_operator to 2024-08-12T00:00:00+00:00, run_after=2024-08-13T00:00:00+00:00
[2024-08-12 22:20:24,697] {processor.py:161} INFO - Processing /home/kai/Documents/airflowalura/venv/lib/python3.9/site-packages/airflow/example_dags/example_branch_operator.py took 0.054 seconds
[2024-08-12 22:20:59,480] {processor.py:153} INFO - Started process (PID=37103) to work on /home/kai/Documents/airflowalura/venv/lib/python3.9/site-packages/airflow/example_dags/example_branch_operator.py
[2024-08-12 22:20:59,480] {processor.py:641} INFO - Processing file /home/kai/Documents/airflowalura/venv/lib/python3.9/site-packages/airflow/example_dags/example_branch_operator.py for tasks to queue
[2024-08-12 22:20:59,481] {logging_mixin.py:115} INFO - [2024-08-12 22:20:59,481] {dagbag.py:507} INFO - Filling up the DagBag from /home/kai/Documents/airflowalura/venv/lib/python3.9/site-packages/airflow/example_dags/example_branch_operator.py
[2024-08-12 22:20:59,490] {processor.py:651} INFO - DAG(s) dict_keys(['example_branch_operator']) retrieved from /home/kai/Documents/airflowalura/venv/lib/python3.9/site-packages/airflow/example_dags/example_branch_operator.py
[2024-08-12 22:20:59,505] {logging_mixin.py:115} INFO - [2024-08-12 22:20:59,505] {dag.py:2379} INFO - Sync 1 DAGs
[2024-08-12 22:20:59,523] {logging_mixin.py:115} INFO - [2024-08-12 22:20:59,523] {dag.py:2927} INFO - Setting next_dagrun for example_branch_operator to 2024-08-12T00:00:00+00:00, run_after=2024-08-13T00:00:00+00:00
[2024-08-12 22:20:59,534] {processor.py:161} INFO - Processing /home/kai/Documents/airflowalura/venv/lib/python3.9/site-packages/airflow/example_dags/example_branch_operator.py took 0.056 seconds
[2024-08-12 22:21:34,236] {processor.py:153} INFO - Started process (PID=37463) to work on /home/kai/Documents/airflowalura/venv/lib/python3.9/site-packages/airflow/example_dags/example_branch_operator.py
[2024-08-12 22:21:34,237] {processor.py:641} INFO - Processing file /home/kai/Documents/airflowalura/venv/lib/python3.9/site-packages/airflow/example_dags/example_branch_operator.py for tasks to queue
[2024-08-12 22:21:34,238] {logging_mixin.py:115} INFO - [2024-08-12 22:21:34,238] {dagbag.py:507} INFO - Filling up the DagBag from /home/kai/Documents/airflowalura/venv/lib/python3.9/site-packages/airflow/example_dags/example_branch_operator.py
[2024-08-12 22:21:34,247] {processor.py:651} INFO - DAG(s) dict_keys(['example_branch_operator']) retrieved from /home/kai/Documents/airflowalura/venv/lib/python3.9/site-packages/airflow/example_dags/example_branch_operator.py
[2024-08-12 22:21:34,263] {logging_mixin.py:115} INFO - [2024-08-12 22:21:34,263] {dag.py:2379} INFO - Sync 1 DAGs
[2024-08-12 22:21:34,289] {logging_mixin.py:115} INFO - [2024-08-12 22:21:34,289] {dag.py:2927} INFO - Setting next_dagrun for example_branch_operator to 2024-08-12T00:00:00+00:00, run_after=2024-08-13T00:00:00+00:00
[2024-08-12 22:21:34,300] {processor.py:161} INFO - Processing /home/kai/Documents/airflowalura/venv/lib/python3.9/site-packages/airflow/example_dags/example_branch_operator.py took 0.066 seconds
[2024-08-12 22:24:47,383] {processor.py:153} INFO - Started process (PID=39219) to work on /home/kai/Documents/airflowalura/venv/lib/python3.9/site-packages/airflow/example_dags/example_branch_operator.py
[2024-08-12 22:24:47,390] {processor.py:641} INFO - Processing file /home/kai/Documents/airflowalura/venv/lib/python3.9/site-packages/airflow/example_dags/example_branch_operator.py for tasks to queue
[2024-08-12 22:24:47,391] {logging_mixin.py:115} INFO - [2024-08-12 22:24:47,391] {dagbag.py:507} INFO - Filling up the DagBag from /home/kai/Documents/airflowalura/venv/lib/python3.9/site-packages/airflow/example_dags/example_branch_operator.py
[2024-08-12 22:24:47,400] {processor.py:651} INFO - DAG(s) dict_keys(['example_branch_operator']) retrieved from /home/kai/Documents/airflowalura/venv/lib/python3.9/site-packages/airflow/example_dags/example_branch_operator.py
[2024-08-12 22:24:47,419] {logging_mixin.py:115} INFO - [2024-08-12 22:24:47,419] {dag.py:2379} INFO - Sync 1 DAGs
[2024-08-12 22:24:47,449] {logging_mixin.py:115} INFO - [2024-08-12 22:24:47,449] {dag.py:2927} INFO - Setting next_dagrun for example_branch_operator to 2024-08-12T00:00:00+00:00, run_after=2024-08-13T00:00:00+00:00
[2024-08-12 22:24:47,466] {processor.py:161} INFO - Processing /home/kai/Documents/airflowalura/venv/lib/python3.9/site-packages/airflow/example_dags/example_branch_operator.py took 0.085 seconds
[2024-08-12 22:25:23,928] {processor.py:153} INFO - Started process (PID=39526) to work on /home/kai/Documents/airflowalura/venv/lib/python3.9/site-packages/airflow/example_dags/example_branch_operator.py
[2024-08-12 22:25:23,930] {processor.py:641} INFO - Processing file /home/kai/Documents/airflowalura/venv/lib/python3.9/site-packages/airflow/example_dags/example_branch_operator.py for tasks to queue
[2024-08-12 22:25:23,930] {logging_mixin.py:115} INFO - [2024-08-12 22:25:23,930] {dagbag.py:507} INFO - Filling up the DagBag from /home/kai/Documents/airflowalura/venv/lib/python3.9/site-packages/airflow/example_dags/example_branch_operator.py
[2024-08-12 22:25:23,967] {processor.py:651} INFO - DAG(s) dict_keys(['example_branch_operator']) retrieved from /home/kai/Documents/airflowalura/venv/lib/python3.9/site-packages/airflow/example_dags/example_branch_operator.py
[2024-08-12 22:25:24,007] {logging_mixin.py:115} INFO - [2024-08-12 22:25:24,007] {dag.py:2379} INFO - Sync 1 DAGs
[2024-08-12 22:25:24,048] {logging_mixin.py:115} INFO - [2024-08-12 22:25:24,048] {dag.py:2927} INFO - Setting next_dagrun for example_branch_operator to 2024-08-12T00:00:00+00:00, run_after=2024-08-13T00:00:00+00:00
[2024-08-12 22:25:24,069] {processor.py:161} INFO - Processing /home/kai/Documents/airflowalura/venv/lib/python3.9/site-packages/airflow/example_dags/example_branch_operator.py took 0.144 seconds
[2024-08-12 22:25:58,874] {processor.py:153} INFO - Started process (PID=39838) to work on /home/kai/Documents/airflowalura/venv/lib/python3.9/site-packages/airflow/example_dags/example_branch_operator.py
[2024-08-12 22:25:58,883] {processor.py:641} INFO - Processing file /home/kai/Documents/airflowalura/venv/lib/python3.9/site-packages/airflow/example_dags/example_branch_operator.py for tasks to queue
[2024-08-12 22:25:58,884] {logging_mixin.py:115} INFO - [2024-08-12 22:25:58,883] {dagbag.py:507} INFO - Filling up the DagBag from /home/kai/Documents/airflowalura/venv/lib/python3.9/site-packages/airflow/example_dags/example_branch_operator.py
[2024-08-12 22:25:58,893] {processor.py:651} INFO - DAG(s) dict_keys(['example_branch_operator']) retrieved from /home/kai/Documents/airflowalura/venv/lib/python3.9/site-packages/airflow/example_dags/example_branch_operator.py
[2024-08-12 22:25:58,931] {logging_mixin.py:115} INFO - [2024-08-12 22:25:58,931] {dag.py:2379} INFO - Sync 1 DAGs
[2024-08-12 22:25:58,964] {logging_mixin.py:115} INFO - [2024-08-12 22:25:58,964] {dag.py:2927} INFO - Setting next_dagrun for example_branch_operator to 2024-08-12T00:00:00+00:00, run_after=2024-08-13T00:00:00+00:00
[2024-08-12 22:25:58,979] {processor.py:161} INFO - Processing /home/kai/Documents/airflowalura/venv/lib/python3.9/site-packages/airflow/example_dags/example_branch_operator.py took 0.108 seconds
[2024-08-12 22:26:35,327] {processor.py:153} INFO - Started process (PID=40406) to work on /home/kai/Documents/airflowalura/venv/lib/python3.9/site-packages/airflow/example_dags/example_branch_operator.py
[2024-08-12 22:26:35,327] {processor.py:641} INFO - Processing file /home/kai/Documents/airflowalura/venv/lib/python3.9/site-packages/airflow/example_dags/example_branch_operator.py for tasks to queue
[2024-08-12 22:26:35,328] {logging_mixin.py:115} INFO - [2024-08-12 22:26:35,328] {dagbag.py:507} INFO - Filling up the DagBag from /home/kai/Documents/airflowalura/venv/lib/python3.9/site-packages/airflow/example_dags/example_branch_operator.py
[2024-08-12 22:26:35,338] {processor.py:651} INFO - DAG(s) dict_keys(['example_branch_operator']) retrieved from /home/kai/Documents/airflowalura/venv/lib/python3.9/site-packages/airflow/example_dags/example_branch_operator.py
[2024-08-12 22:26:35,359] {logging_mixin.py:115} INFO - [2024-08-12 22:26:35,359] {dag.py:2379} INFO - Sync 1 DAGs
[2024-08-12 22:26:35,406] {logging_mixin.py:115} INFO - [2024-08-12 22:26:35,406] {dag.py:2927} INFO - Setting next_dagrun for example_branch_operator to 2024-08-12T00:00:00+00:00, run_after=2024-08-13T00:00:00+00:00
[2024-08-12 22:26:35,420] {processor.py:161} INFO - Processing /home/kai/Documents/airflowalura/venv/lib/python3.9/site-packages/airflow/example_dags/example_branch_operator.py took 0.097 seconds
[2024-08-12 22:27:10,490] {processor.py:153} INFO - Started process (PID=40684) to work on /home/kai/Documents/airflowalura/venv/lib/python3.9/site-packages/airflow/example_dags/example_branch_operator.py
[2024-08-12 22:27:10,491] {processor.py:641} INFO - Processing file /home/kai/Documents/airflowalura/venv/lib/python3.9/site-packages/airflow/example_dags/example_branch_operator.py for tasks to queue
[2024-08-12 22:27:10,492] {logging_mixin.py:115} INFO - [2024-08-12 22:27:10,492] {dagbag.py:507} INFO - Filling up the DagBag from /home/kai/Documents/airflowalura/venv/lib/python3.9/site-packages/airflow/example_dags/example_branch_operator.py
[2024-08-12 22:27:10,509] {processor.py:651} INFO - DAG(s) dict_keys(['example_branch_operator']) retrieved from /home/kai/Documents/airflowalura/venv/lib/python3.9/site-packages/airflow/example_dags/example_branch_operator.py
[2024-08-12 22:27:10,532] {logging_mixin.py:115} INFO - [2024-08-12 22:27:10,532] {dag.py:2379} INFO - Sync 1 DAGs
[2024-08-12 22:27:10,566] {logging_mixin.py:115} INFO - [2024-08-12 22:27:10,566] {dag.py:2927} INFO - Setting next_dagrun for example_branch_operator to 2024-08-12T00:00:00+00:00, run_after=2024-08-13T00:00:00+00:00
[2024-08-12 22:27:10,582] {processor.py:161} INFO - Processing /home/kai/Documents/airflowalura/venv/lib/python3.9/site-packages/airflow/example_dags/example_branch_operator.py took 0.094 seconds
[2024-08-12 22:27:46,572] {processor.py:153} INFO - Started process (PID=40983) to work on /home/kai/Documents/airflowalura/venv/lib/python3.9/site-packages/airflow/example_dags/example_branch_operator.py
[2024-08-12 22:27:46,581] {processor.py:641} INFO - Processing file /home/kai/Documents/airflowalura/venv/lib/python3.9/site-packages/airflow/example_dags/example_branch_operator.py for tasks to queue
[2024-08-12 22:27:46,581] {logging_mixin.py:115} INFO - [2024-08-12 22:27:46,581] {dagbag.py:507} INFO - Filling up the DagBag from /home/kai/Documents/airflowalura/venv/lib/python3.9/site-packages/airflow/example_dags/example_branch_operator.py
[2024-08-12 22:27:46,592] {processor.py:651} INFO - DAG(s) dict_keys(['example_branch_operator']) retrieved from /home/kai/Documents/airflowalura/venv/lib/python3.9/site-packages/airflow/example_dags/example_branch_operator.py
[2024-08-12 22:27:46,631] {logging_mixin.py:115} INFO - [2024-08-12 22:27:46,631] {dag.py:2379} INFO - Sync 1 DAGs
[2024-08-12 22:27:46,650] {logging_mixin.py:115} INFO - [2024-08-12 22:27:46,650] {dag.py:2927} INFO - Setting next_dagrun for example_branch_operator to 2024-08-12T00:00:00+00:00, run_after=2024-08-13T00:00:00+00:00
[2024-08-12 22:27:46,661] {processor.py:161} INFO - Processing /home/kai/Documents/airflowalura/venv/lib/python3.9/site-packages/airflow/example_dags/example_branch_operator.py took 0.093 seconds
[2024-08-12 22:28:47,622] {processor.py:153} INFO - Started process (PID=41720) to work on /home/kai/Documents/airflowalura/venv/lib/python3.9/site-packages/airflow/example_dags/example_branch_operator.py
[2024-08-12 22:28:47,630] {processor.py:641} INFO - Processing file /home/kai/Documents/airflowalura/venv/lib/python3.9/site-packages/airflow/example_dags/example_branch_operator.py for tasks to queue
[2024-08-12 22:28:47,631] {logging_mixin.py:115} INFO - [2024-08-12 22:28:47,631] {dagbag.py:507} INFO - Filling up the DagBag from /home/kai/Documents/airflowalura/venv/lib/python3.9/site-packages/airflow/example_dags/example_branch_operator.py
[2024-08-12 22:28:47,640] {processor.py:651} INFO - DAG(s) dict_keys(['example_branch_operator']) retrieved from /home/kai/Documents/airflowalura/venv/lib/python3.9/site-packages/airflow/example_dags/example_branch_operator.py
[2024-08-12 22:28:47,656] {logging_mixin.py:115} INFO - [2024-08-12 22:28:47,656] {dag.py:2379} INFO - Sync 1 DAGs
[2024-08-12 22:28:47,685] {logging_mixin.py:115} INFO - [2024-08-12 22:28:47,684] {dag.py:2927} INFO - Setting next_dagrun for example_branch_operator to 2024-08-12T00:00:00+00:00, run_after=2024-08-13T00:00:00+00:00
[2024-08-12 22:28:47,726] {processor.py:161} INFO - Processing /home/kai/Documents/airflowalura/venv/lib/python3.9/site-packages/airflow/example_dags/example_branch_operator.py took 0.106 seconds
[2024-08-12 22:35:37,331] {processor.py:153} INFO - Started process (PID=3324) to work on /home/kai/Documents/airflowalura/venv/lib/python3.9/site-packages/airflow/example_dags/example_branch_operator.py
[2024-08-12 22:35:37,331] {processor.py:641} INFO - Processing file /home/kai/Documents/airflowalura/venv/lib/python3.9/site-packages/airflow/example_dags/example_branch_operator.py for tasks to queue
[2024-08-12 22:35:37,332] {logging_mixin.py:115} INFO - [2024-08-12 22:35:37,332] {dagbag.py:507} INFO - Filling up the DagBag from /home/kai/Documents/airflowalura/venv/lib/python3.9/site-packages/airflow/example_dags/example_branch_operator.py
[2024-08-12 22:35:37,340] {processor.py:651} INFO - DAG(s) dict_keys(['example_branch_operator']) retrieved from /home/kai/Documents/airflowalura/venv/lib/python3.9/site-packages/airflow/example_dags/example_branch_operator.py
[2024-08-12 22:35:37,353] {logging_mixin.py:115} INFO - [2024-08-12 22:35:37,353] {dag.py:2379} INFO - Sync 1 DAGs
[2024-08-12 22:35:37,375] {logging_mixin.py:115} INFO - [2024-08-12 22:35:37,375] {dag.py:2927} INFO - Setting next_dagrun for example_branch_operator to 2024-08-12T00:00:00+00:00, run_after=2024-08-13T00:00:00+00:00
[2024-08-12 22:35:37,384] {processor.py:161} INFO - Processing /home/kai/Documents/airflowalura/venv/lib/python3.9/site-packages/airflow/example_dags/example_branch_operator.py took 0.056 seconds
[2024-08-12 22:36:12,179] {processor.py:153} INFO - Started process (PID=3921) to work on /home/kai/Documents/airflowalura/venv/lib/python3.9/site-packages/airflow/example_dags/example_branch_operator.py
[2024-08-12 22:36:12,179] {processor.py:641} INFO - Processing file /home/kai/Documents/airflowalura/venv/lib/python3.9/site-packages/airflow/example_dags/example_branch_operator.py for tasks to queue
[2024-08-12 22:36:12,180] {logging_mixin.py:115} INFO - [2024-08-12 22:36:12,180] {dagbag.py:507} INFO - Filling up the DagBag from /home/kai/Documents/airflowalura/venv/lib/python3.9/site-packages/airflow/example_dags/example_branch_operator.py
[2024-08-12 22:36:12,190] {processor.py:651} INFO - DAG(s) dict_keys(['example_branch_operator']) retrieved from /home/kai/Documents/airflowalura/venv/lib/python3.9/site-packages/airflow/example_dags/example_branch_operator.py
[2024-08-12 22:36:12,204] {logging_mixin.py:115} INFO - [2024-08-12 22:36:12,204] {dag.py:2379} INFO - Sync 1 DAGs
[2024-08-12 22:36:12,225] {logging_mixin.py:115} INFO - [2024-08-12 22:36:12,225] {dag.py:2927} INFO - Setting next_dagrun for example_branch_operator to 2024-08-12T00:00:00+00:00, run_after=2024-08-13T00:00:00+00:00
[2024-08-12 22:36:12,239] {processor.py:161} INFO - Processing /home/kai/Documents/airflowalura/venv/lib/python3.9/site-packages/airflow/example_dags/example_branch_operator.py took 0.062 seconds
[2024-08-12 22:36:45,464] {processor.py:153} INFO - Started process (PID=4108) to work on /home/kai/Documents/airflowalura/venv/lib/python3.9/site-packages/airflow/example_dags/example_branch_operator.py
[2024-08-12 22:36:45,466] {processor.py:641} INFO - Processing file /home/kai/Documents/airflowalura/venv/lib/python3.9/site-packages/airflow/example_dags/example_branch_operator.py for tasks to queue
[2024-08-12 22:36:45,466] {logging_mixin.py:115} INFO - [2024-08-12 22:36:45,466] {dagbag.py:507} INFO - Filling up the DagBag from /home/kai/Documents/airflowalura/venv/lib/python3.9/site-packages/airflow/example_dags/example_branch_operator.py
[2024-08-12 22:36:45,482] {processor.py:651} INFO - DAG(s) dict_keys(['example_branch_operator']) retrieved from /home/kai/Documents/airflowalura/venv/lib/python3.9/site-packages/airflow/example_dags/example_branch_operator.py
[2024-08-12 22:36:45,503] {logging_mixin.py:115} INFO - [2024-08-12 22:36:45,503] {dag.py:2379} INFO - Sync 1 DAGs
[2024-08-12 22:36:45,532] {logging_mixin.py:115} INFO - [2024-08-12 22:36:45,532] {dag.py:2927} INFO - Setting next_dagrun for example_branch_operator to 2024-08-12T00:00:00+00:00, run_after=2024-08-13T00:00:00+00:00
[2024-08-12 22:36:45,546] {processor.py:161} INFO - Processing /home/kai/Documents/airflowalura/venv/lib/python3.9/site-packages/airflow/example_dags/example_branch_operator.py took 0.086 seconds
[2024-08-12 22:37:17,812] {processor.py:153} INFO - Started process (PID=4341) to work on /home/kai/Documents/airflowalura/venv/lib/python3.9/site-packages/airflow/example_dags/example_branch_operator.py
[2024-08-12 22:37:17,813] {processor.py:641} INFO - Processing file /home/kai/Documents/airflowalura/venv/lib/python3.9/site-packages/airflow/example_dags/example_branch_operator.py for tasks to queue
[2024-08-12 22:37:17,813] {logging_mixin.py:115} INFO - [2024-08-12 22:37:17,813] {dagbag.py:507} INFO - Filling up the DagBag from /home/kai/Documents/airflowalura/venv/lib/python3.9/site-packages/airflow/example_dags/example_branch_operator.py
[2024-08-12 22:37:17,821] {processor.py:651} INFO - DAG(s) dict_keys(['example_branch_operator']) retrieved from /home/kai/Documents/airflowalura/venv/lib/python3.9/site-packages/airflow/example_dags/example_branch_operator.py
[2024-08-12 22:37:17,835] {logging_mixin.py:115} INFO - [2024-08-12 22:37:17,835] {dag.py:2379} INFO - Sync 1 DAGs
[2024-08-12 22:37:17,853] {logging_mixin.py:115} INFO - [2024-08-12 22:37:17,853] {dag.py:2927} INFO - Setting next_dagrun for example_branch_operator to 2024-08-12T00:00:00+00:00, run_after=2024-08-13T00:00:00+00:00
[2024-08-12 22:37:17,862] {processor.py:161} INFO - Processing /home/kai/Documents/airflowalura/venv/lib/python3.9/site-packages/airflow/example_dags/example_branch_operator.py took 0.052 seconds
[2024-08-12 22:37:54,812] {processor.py:153} INFO - Started process (PID=4764) to work on /home/kai/Documents/airflowalura/venv/lib/python3.9/site-packages/airflow/example_dags/example_branch_operator.py
[2024-08-12 22:37:54,812] {processor.py:641} INFO - Processing file /home/kai/Documents/airflowalura/venv/lib/python3.9/site-packages/airflow/example_dags/example_branch_operator.py for tasks to queue
[2024-08-12 22:37:54,813] {logging_mixin.py:115} INFO - [2024-08-12 22:37:54,813] {dagbag.py:507} INFO - Filling up the DagBag from /home/kai/Documents/airflowalura/venv/lib/python3.9/site-packages/airflow/example_dags/example_branch_operator.py
[2024-08-12 22:37:54,821] {processor.py:651} INFO - DAG(s) dict_keys(['example_branch_operator']) retrieved from /home/kai/Documents/airflowalura/venv/lib/python3.9/site-packages/airflow/example_dags/example_branch_operator.py
[2024-08-12 22:37:54,834] {logging_mixin.py:115} INFO - [2024-08-12 22:37:54,833] {dag.py:2379} INFO - Sync 1 DAGs
[2024-08-12 22:37:54,849] {logging_mixin.py:115} INFO - [2024-08-12 22:37:54,849] {dag.py:2927} INFO - Setting next_dagrun for example_branch_operator to 2024-08-12T00:00:00+00:00, run_after=2024-08-13T00:00:00+00:00
[2024-08-12 22:37:54,858] {processor.py:161} INFO - Processing /home/kai/Documents/airflowalura/venv/lib/python3.9/site-packages/airflow/example_dags/example_branch_operator.py took 0.049 seconds
[2024-08-12 22:38:29,722] {processor.py:153} INFO - Started process (PID=5072) to work on /home/kai/Documents/airflowalura/venv/lib/python3.9/site-packages/airflow/example_dags/example_branch_operator.py
[2024-08-12 22:38:29,723] {processor.py:641} INFO - Processing file /home/kai/Documents/airflowalura/venv/lib/python3.9/site-packages/airflow/example_dags/example_branch_operator.py for tasks to queue
[2024-08-12 22:38:29,724] {logging_mixin.py:115} INFO - [2024-08-12 22:38:29,724] {dagbag.py:507} INFO - Filling up the DagBag from /home/kai/Documents/airflowalura/venv/lib/python3.9/site-packages/airflow/example_dags/example_branch_operator.py
[2024-08-12 22:38:29,732] {processor.py:651} INFO - DAG(s) dict_keys(['example_branch_operator']) retrieved from /home/kai/Documents/airflowalura/venv/lib/python3.9/site-packages/airflow/example_dags/example_branch_operator.py
[2024-08-12 22:38:29,757] {logging_mixin.py:115} INFO - [2024-08-12 22:38:29,757] {dag.py:2379} INFO - Sync 1 DAGs
[2024-08-12 22:38:29,778] {logging_mixin.py:115} INFO - [2024-08-12 22:38:29,778] {dag.py:2927} INFO - Setting next_dagrun for example_branch_operator to 2024-08-12T00:00:00+00:00, run_after=2024-08-13T00:00:00+00:00
[2024-08-12 22:38:29,790] {processor.py:161} INFO - Processing /home/kai/Documents/airflowalura/venv/lib/python3.9/site-packages/airflow/example_dags/example_branch_operator.py took 0.069 seconds
[2024-08-12 22:39:02,829] {processor.py:153} INFO - Started process (PID=5370) to work on /home/kai/Documents/airflowalura/venv/lib/python3.9/site-packages/airflow/example_dags/example_branch_operator.py
[2024-08-12 22:39:02,830] {processor.py:641} INFO - Processing file /home/kai/Documents/airflowalura/venv/lib/python3.9/site-packages/airflow/example_dags/example_branch_operator.py for tasks to queue
[2024-08-12 22:39:02,832] {logging_mixin.py:115} INFO - [2024-08-12 22:39:02,832] {dagbag.py:507} INFO - Filling up the DagBag from /home/kai/Documents/airflowalura/venv/lib/python3.9/site-packages/airflow/example_dags/example_branch_operator.py
[2024-08-12 22:39:02,843] {processor.py:651} INFO - DAG(s) dict_keys(['example_branch_operator']) retrieved from /home/kai/Documents/airflowalura/venv/lib/python3.9/site-packages/airflow/example_dags/example_branch_operator.py
[2024-08-12 22:39:02,875] {logging_mixin.py:115} INFO - [2024-08-12 22:39:02,875] {dag.py:2379} INFO - Sync 1 DAGs
[2024-08-12 22:39:02,904] {logging_mixin.py:115} INFO - [2024-08-12 22:39:02,904] {dag.py:2927} INFO - Setting next_dagrun for example_branch_operator to 2024-08-12T00:00:00+00:00, run_after=2024-08-13T00:00:00+00:00
[2024-08-12 22:39:02,917] {processor.py:161} INFO - Processing /home/kai/Documents/airflowalura/venv/lib/python3.9/site-packages/airflow/example_dags/example_branch_operator.py took 0.094 seconds
[2024-08-12 22:39:39,285] {processor.py:153} INFO - Started process (PID=5671) to work on /home/kai/Documents/airflowalura/venv/lib/python3.9/site-packages/airflow/example_dags/example_branch_operator.py
[2024-08-12 22:39:39,286] {processor.py:641} INFO - Processing file /home/kai/Documents/airflowalura/venv/lib/python3.9/site-packages/airflow/example_dags/example_branch_operator.py for tasks to queue
[2024-08-12 22:39:39,287] {logging_mixin.py:115} INFO - [2024-08-12 22:39:39,287] {dagbag.py:507} INFO - Filling up the DagBag from /home/kai/Documents/airflowalura/venv/lib/python3.9/site-packages/airflow/example_dags/example_branch_operator.py
[2024-08-12 22:39:39,296] {processor.py:651} INFO - DAG(s) dict_keys(['example_branch_operator']) retrieved from /home/kai/Documents/airflowalura/venv/lib/python3.9/site-packages/airflow/example_dags/example_branch_operator.py
[2024-08-12 22:39:39,309] {logging_mixin.py:115} INFO - [2024-08-12 22:39:39,309] {dag.py:2379} INFO - Sync 1 DAGs
[2024-08-12 22:39:39,324] {logging_mixin.py:115} INFO - [2024-08-12 22:39:39,324] {dag.py:2927} INFO - Setting next_dagrun for example_branch_operator to 2024-08-12T00:00:00+00:00, run_after=2024-08-13T00:00:00+00:00
[2024-08-12 22:39:39,333] {processor.py:161} INFO - Processing /home/kai/Documents/airflowalura/venv/lib/python3.9/site-packages/airflow/example_dags/example_branch_operator.py took 0.051 seconds
[2024-08-12 22:40:14,656] {processor.py:153} INFO - Started process (PID=6029) to work on /home/kai/Documents/airflowalura/venv/lib/python3.9/site-packages/airflow/example_dags/example_branch_operator.py
[2024-08-12 22:40:14,657] {processor.py:641} INFO - Processing file /home/kai/Documents/airflowalura/venv/lib/python3.9/site-packages/airflow/example_dags/example_branch_operator.py for tasks to queue
[2024-08-12 22:40:14,658] {logging_mixin.py:115} INFO - [2024-08-12 22:40:14,658] {dagbag.py:507} INFO - Filling up the DagBag from /home/kai/Documents/airflowalura/venv/lib/python3.9/site-packages/airflow/example_dags/example_branch_operator.py
[2024-08-12 22:40:14,667] {processor.py:651} INFO - DAG(s) dict_keys(['example_branch_operator']) retrieved from /home/kai/Documents/airflowalura/venv/lib/python3.9/site-packages/airflow/example_dags/example_branch_operator.py
[2024-08-12 22:40:14,681] {logging_mixin.py:115} INFO - [2024-08-12 22:40:14,681] {dag.py:2379} INFO - Sync 1 DAGs
[2024-08-12 22:40:14,696] {logging_mixin.py:115} INFO - [2024-08-12 22:40:14,696] {dag.py:2927} INFO - Setting next_dagrun for example_branch_operator to 2024-08-12T00:00:00+00:00, run_after=2024-08-13T00:00:00+00:00
[2024-08-12 22:40:14,707] {processor.py:161} INFO - Processing /home/kai/Documents/airflowalura/venv/lib/python3.9/site-packages/airflow/example_dags/example_branch_operator.py took 0.054 seconds
[2024-08-12 22:40:47,508] {processor.py:153} INFO - Started process (PID=6324) to work on /home/kai/Documents/airflowalura/venv/lib/python3.9/site-packages/airflow/example_dags/example_branch_operator.py
[2024-08-12 22:40:47,508] {processor.py:641} INFO - Processing file /home/kai/Documents/airflowalura/venv/lib/python3.9/site-packages/airflow/example_dags/example_branch_operator.py for tasks to queue
[2024-08-12 22:40:47,509] {logging_mixin.py:115} INFO - [2024-08-12 22:40:47,509] {dagbag.py:507} INFO - Filling up the DagBag from /home/kai/Documents/airflowalura/venv/lib/python3.9/site-packages/airflow/example_dags/example_branch_operator.py
[2024-08-12 22:40:47,518] {processor.py:651} INFO - DAG(s) dict_keys(['example_branch_operator']) retrieved from /home/kai/Documents/airflowalura/venv/lib/python3.9/site-packages/airflow/example_dags/example_branch_operator.py
[2024-08-12 22:40:47,532] {logging_mixin.py:115} INFO - [2024-08-12 22:40:47,532] {dag.py:2379} INFO - Sync 1 DAGs
[2024-08-12 22:40:47,550] {logging_mixin.py:115} INFO - [2024-08-12 22:40:47,550] {dag.py:2927} INFO - Setting next_dagrun for example_branch_operator to 2024-08-12T00:00:00+00:00, run_after=2024-08-13T00:00:00+00:00
[2024-08-12 22:40:47,560] {processor.py:161} INFO - Processing /home/kai/Documents/airflowalura/venv/lib/python3.9/site-packages/airflow/example_dags/example_branch_operator.py took 0.055 seconds
[2024-08-12 22:41:20,393] {processor.py:153} INFO - Started process (PID=6628) to work on /home/kai/Documents/airflowalura/venv/lib/python3.9/site-packages/airflow/example_dags/example_branch_operator.py
[2024-08-12 22:41:20,393] {processor.py:641} INFO - Processing file /home/kai/Documents/airflowalura/venv/lib/python3.9/site-packages/airflow/example_dags/example_branch_operator.py for tasks to queue
[2024-08-12 22:41:20,394] {logging_mixin.py:115} INFO - [2024-08-12 22:41:20,394] {dagbag.py:507} INFO - Filling up the DagBag from /home/kai/Documents/airflowalura/venv/lib/python3.9/site-packages/airflow/example_dags/example_branch_operator.py
[2024-08-12 22:41:20,404] {processor.py:651} INFO - DAG(s) dict_keys(['example_branch_operator']) retrieved from /home/kai/Documents/airflowalura/venv/lib/python3.9/site-packages/airflow/example_dags/example_branch_operator.py
[2024-08-12 22:41:20,418] {logging_mixin.py:115} INFO - [2024-08-12 22:41:20,418] {dag.py:2379} INFO - Sync 1 DAGs
[2024-08-12 22:41:20,437] {logging_mixin.py:115} INFO - [2024-08-12 22:41:20,437] {dag.py:2927} INFO - Setting next_dagrun for example_branch_operator to 2024-08-12T00:00:00+00:00, run_after=2024-08-13T00:00:00+00:00
[2024-08-12 22:41:20,447] {processor.py:161} INFO - Processing /home/kai/Documents/airflowalura/venv/lib/python3.9/site-packages/airflow/example_dags/example_branch_operator.py took 0.056 seconds
[2024-08-12 22:41:56,702] {processor.py:153} INFO - Started process (PID=7116) to work on /home/kai/Documents/airflowalura/venv/lib/python3.9/site-packages/airflow/example_dags/example_branch_operator.py
[2024-08-12 22:41:56,703] {processor.py:641} INFO - Processing file /home/kai/Documents/airflowalura/venv/lib/python3.9/site-packages/airflow/example_dags/example_branch_operator.py for tasks to queue
[2024-08-12 22:41:56,703] {logging_mixin.py:115} INFO - [2024-08-12 22:41:56,703] {dagbag.py:507} INFO - Filling up the DagBag from /home/kai/Documents/airflowalura/venv/lib/python3.9/site-packages/airflow/example_dags/example_branch_operator.py
[2024-08-12 22:41:56,715] {processor.py:651} INFO - DAG(s) dict_keys(['example_branch_operator']) retrieved from /home/kai/Documents/airflowalura/venv/lib/python3.9/site-packages/airflow/example_dags/example_branch_operator.py
[2024-08-12 22:41:56,733] {logging_mixin.py:115} INFO - [2024-08-12 22:41:56,733] {dag.py:2379} INFO - Sync 1 DAGs
[2024-08-12 22:41:56,754] {logging_mixin.py:115} INFO - [2024-08-12 22:41:56,754] {dag.py:2927} INFO - Setting next_dagrun for example_branch_operator to 2024-08-12T00:00:00+00:00, run_after=2024-08-13T00:00:00+00:00
[2024-08-12 22:41:56,768] {processor.py:161} INFO - Processing /home/kai/Documents/airflowalura/venv/lib/python3.9/site-packages/airflow/example_dags/example_branch_operator.py took 0.068 seconds
[2024-08-12 22:42:31,365] {processor.py:153} INFO - Started process (PID=7300) to work on /home/kai/Documents/airflowalura/venv/lib/python3.9/site-packages/airflow/example_dags/example_branch_operator.py
[2024-08-12 22:42:31,367] {processor.py:641} INFO - Processing file /home/kai/Documents/airflowalura/venv/lib/python3.9/site-packages/airflow/example_dags/example_branch_operator.py for tasks to queue
[2024-08-12 22:42:31,368] {logging_mixin.py:115} INFO - [2024-08-12 22:42:31,368] {dagbag.py:507} INFO - Filling up the DagBag from /home/kai/Documents/airflowalura/venv/lib/python3.9/site-packages/airflow/example_dags/example_branch_operator.py
[2024-08-12 22:42:31,377] {processor.py:651} INFO - DAG(s) dict_keys(['example_branch_operator']) retrieved from /home/kai/Documents/airflowalura/venv/lib/python3.9/site-packages/airflow/example_dags/example_branch_operator.py
[2024-08-12 22:42:31,392] {logging_mixin.py:115} INFO - [2024-08-12 22:42:31,392] {dag.py:2379} INFO - Sync 1 DAGs
[2024-08-12 22:42:31,408] {logging_mixin.py:115} INFO - [2024-08-12 22:42:31,408] {dag.py:2927} INFO - Setting next_dagrun for example_branch_operator to 2024-08-12T00:00:00+00:00, run_after=2024-08-13T00:00:00+00:00
[2024-08-12 22:42:31,420] {processor.py:161} INFO - Processing /home/kai/Documents/airflowalura/venv/lib/python3.9/site-packages/airflow/example_dags/example_branch_operator.py took 0.058 seconds
[2024-08-12 22:43:05,099] {processor.py:153} INFO - Started process (PID=7584) to work on /home/kai/Documents/airflowalura/venv/lib/python3.9/site-packages/airflow/example_dags/example_branch_operator.py
[2024-08-12 22:43:05,101] {processor.py:641} INFO - Processing file /home/kai/Documents/airflowalura/venv/lib/python3.9/site-packages/airflow/example_dags/example_branch_operator.py for tasks to queue
[2024-08-12 22:43:05,102] {logging_mixin.py:115} INFO - [2024-08-12 22:43:05,102] {dagbag.py:507} INFO - Filling up the DagBag from /home/kai/Documents/airflowalura/venv/lib/python3.9/site-packages/airflow/example_dags/example_branch_operator.py
[2024-08-12 22:43:05,112] {processor.py:651} INFO - DAG(s) dict_keys(['example_branch_operator']) retrieved from /home/kai/Documents/airflowalura/venv/lib/python3.9/site-packages/airflow/example_dags/example_branch_operator.py
[2024-08-12 22:43:05,130] {logging_mixin.py:115} INFO - [2024-08-12 22:43:05,130] {dag.py:2379} INFO - Sync 1 DAGs
[2024-08-12 22:43:05,148] {logging_mixin.py:115} INFO - [2024-08-12 22:43:05,148] {dag.py:2927} INFO - Setting next_dagrun for example_branch_operator to 2024-08-12T00:00:00+00:00, run_after=2024-08-13T00:00:00+00:00
[2024-08-12 22:43:05,164] {processor.py:161} INFO - Processing /home/kai/Documents/airflowalura/venv/lib/python3.9/site-packages/airflow/example_dags/example_branch_operator.py took 0.067 seconds
[2024-08-12 22:43:41,396] {processor.py:153} INFO - Started process (PID=7774) to work on /home/kai/Documents/airflowalura/venv/lib/python3.9/site-packages/airflow/example_dags/example_branch_operator.py
[2024-08-12 22:43:41,397] {processor.py:641} INFO - Processing file /home/kai/Documents/airflowalura/venv/lib/python3.9/site-packages/airflow/example_dags/example_branch_operator.py for tasks to queue
[2024-08-12 22:43:41,397] {logging_mixin.py:115} INFO - [2024-08-12 22:43:41,397] {dagbag.py:507} INFO - Filling up the DagBag from /home/kai/Documents/airflowalura/venv/lib/python3.9/site-packages/airflow/example_dags/example_branch_operator.py
[2024-08-12 22:43:41,406] {processor.py:651} INFO - DAG(s) dict_keys(['example_branch_operator']) retrieved from /home/kai/Documents/airflowalura/venv/lib/python3.9/site-packages/airflow/example_dags/example_branch_operator.py
[2024-08-12 22:43:41,422] {logging_mixin.py:115} INFO - [2024-08-12 22:43:41,422] {dag.py:2379} INFO - Sync 1 DAGs
[2024-08-12 22:43:41,446] {logging_mixin.py:115} INFO - [2024-08-12 22:43:41,446] {dag.py:2927} INFO - Setting next_dagrun for example_branch_operator to 2024-08-12T00:00:00+00:00, run_after=2024-08-13T00:00:00+00:00
[2024-08-12 22:43:41,457] {processor.py:161} INFO - Processing /home/kai/Documents/airflowalura/venv/lib/python3.9/site-packages/airflow/example_dags/example_branch_operator.py took 0.065 seconds
[2024-08-12 22:44:18,164] {processor.py:153} INFO - Started process (PID=8080) to work on /home/kai/Documents/airflowalura/venv/lib/python3.9/site-packages/airflow/example_dags/example_branch_operator.py
[2024-08-12 22:44:18,165] {processor.py:641} INFO - Processing file /home/kai/Documents/airflowalura/venv/lib/python3.9/site-packages/airflow/example_dags/example_branch_operator.py for tasks to queue
[2024-08-12 22:44:18,166] {logging_mixin.py:115} INFO - [2024-08-12 22:44:18,165] {dagbag.py:507} INFO - Filling up the DagBag from /home/kai/Documents/airflowalura/venv/lib/python3.9/site-packages/airflow/example_dags/example_branch_operator.py
[2024-08-12 22:44:18,174] {processor.py:651} INFO - DAG(s) dict_keys(['example_branch_operator']) retrieved from /home/kai/Documents/airflowalura/venv/lib/python3.9/site-packages/airflow/example_dags/example_branch_operator.py
[2024-08-12 22:44:18,188] {logging_mixin.py:115} INFO - [2024-08-12 22:44:18,188] {dag.py:2379} INFO - Sync 1 DAGs
[2024-08-12 22:44:18,205] {logging_mixin.py:115} INFO - [2024-08-12 22:44:18,205] {dag.py:2927} INFO - Setting next_dagrun for example_branch_operator to 2024-08-12T00:00:00+00:00, run_after=2024-08-13T00:00:00+00:00
[2024-08-12 22:44:18,215] {processor.py:161} INFO - Processing /home/kai/Documents/airflowalura/venv/lib/python3.9/site-packages/airflow/example_dags/example_branch_operator.py took 0.054 seconds
[2024-08-12 22:44:51,815] {processor.py:153} INFO - Started process (PID=8273) to work on /home/kai/Documents/airflowalura/venv/lib/python3.9/site-packages/airflow/example_dags/example_branch_operator.py
[2024-08-12 22:44:51,816] {processor.py:641} INFO - Processing file /home/kai/Documents/airflowalura/venv/lib/python3.9/site-packages/airflow/example_dags/example_branch_operator.py for tasks to queue
[2024-08-12 22:44:51,817] {logging_mixin.py:115} INFO - [2024-08-12 22:44:51,817] {dagbag.py:507} INFO - Filling up the DagBag from /home/kai/Documents/airflowalura/venv/lib/python3.9/site-packages/airflow/example_dags/example_branch_operator.py
[2024-08-12 22:44:51,828] {processor.py:651} INFO - DAG(s) dict_keys(['example_branch_operator']) retrieved from /home/kai/Documents/airflowalura/venv/lib/python3.9/site-packages/airflow/example_dags/example_branch_operator.py
[2024-08-12 22:44:51,844] {logging_mixin.py:115} INFO - [2024-08-12 22:44:51,844] {dag.py:2379} INFO - Sync 1 DAGs
[2024-08-12 22:44:51,862] {logging_mixin.py:115} INFO - [2024-08-12 22:44:51,862] {dag.py:2927} INFO - Setting next_dagrun for example_branch_operator to 2024-08-12T00:00:00+00:00, run_after=2024-08-13T00:00:00+00:00
[2024-08-12 22:44:51,874] {processor.py:161} INFO - Processing /home/kai/Documents/airflowalura/venv/lib/python3.9/site-packages/airflow/example_dags/example_branch_operator.py took 0.061 seconds
[2024-08-12 22:45:26,018] {processor.py:153} INFO - Started process (PID=8616) to work on /home/kai/Documents/airflowalura/venv/lib/python3.9/site-packages/airflow/example_dags/example_branch_operator.py
[2024-08-12 22:45:26,019] {processor.py:641} INFO - Processing file /home/kai/Documents/airflowalura/venv/lib/python3.9/site-packages/airflow/example_dags/example_branch_operator.py for tasks to queue
[2024-08-12 22:45:26,019] {logging_mixin.py:115} INFO - [2024-08-12 22:45:26,019] {dagbag.py:507} INFO - Filling up the DagBag from /home/kai/Documents/airflowalura/venv/lib/python3.9/site-packages/airflow/example_dags/example_branch_operator.py
[2024-08-12 22:45:26,029] {processor.py:651} INFO - DAG(s) dict_keys(['example_branch_operator']) retrieved from /home/kai/Documents/airflowalura/venv/lib/python3.9/site-packages/airflow/example_dags/example_branch_operator.py
[2024-08-12 22:45:26,044] {logging_mixin.py:115} INFO - [2024-08-12 22:45:26,044] {dag.py:2379} INFO - Sync 1 DAGs
[2024-08-12 22:45:26,060] {logging_mixin.py:115} INFO - [2024-08-12 22:45:26,060] {dag.py:2927} INFO - Setting next_dagrun for example_branch_operator to 2024-08-12T00:00:00+00:00, run_after=2024-08-13T00:00:00+00:00
[2024-08-12 22:45:26,071] {processor.py:161} INFO - Processing /home/kai/Documents/airflowalura/venv/lib/python3.9/site-packages/airflow/example_dags/example_branch_operator.py took 0.055 seconds
[2024-08-12 22:46:00,820] {processor.py:153} INFO - Started process (PID=8861) to work on /home/kai/Documents/airflowalura/venv/lib/python3.9/site-packages/airflow/example_dags/example_branch_operator.py
[2024-08-12 22:46:00,820] {processor.py:641} INFO - Processing file /home/kai/Documents/airflowalura/venv/lib/python3.9/site-packages/airflow/example_dags/example_branch_operator.py for tasks to queue
[2024-08-12 22:46:00,821] {logging_mixin.py:115} INFO - [2024-08-12 22:46:00,821] {dagbag.py:507} INFO - Filling up the DagBag from /home/kai/Documents/airflowalura/venv/lib/python3.9/site-packages/airflow/example_dags/example_branch_operator.py
[2024-08-12 22:46:00,829] {processor.py:651} INFO - DAG(s) dict_keys(['example_branch_operator']) retrieved from /home/kai/Documents/airflowalura/venv/lib/python3.9/site-packages/airflow/example_dags/example_branch_operator.py
[2024-08-12 22:46:00,843] {logging_mixin.py:115} INFO - [2024-08-12 22:46:00,843] {dag.py:2379} INFO - Sync 1 DAGs
[2024-08-12 22:46:00,858] {logging_mixin.py:115} INFO - [2024-08-12 22:46:00,858] {dag.py:2927} INFO - Setting next_dagrun for example_branch_operator to 2024-08-12T00:00:00+00:00, run_after=2024-08-13T00:00:00+00:00
[2024-08-12 22:46:00,867] {processor.py:161} INFO - Processing /home/kai/Documents/airflowalura/venv/lib/python3.9/site-packages/airflow/example_dags/example_branch_operator.py took 0.051 seconds
[2024-08-12 22:46:33,541] {processor.py:153} INFO - Started process (PID=9036) to work on /home/kai/Documents/airflowalura/venv/lib/python3.9/site-packages/airflow/example_dags/example_branch_operator.py
[2024-08-12 22:46:33,542] {processor.py:641} INFO - Processing file /home/kai/Documents/airflowalura/venv/lib/python3.9/site-packages/airflow/example_dags/example_branch_operator.py for tasks to queue
[2024-08-12 22:46:33,543] {logging_mixin.py:115} INFO - [2024-08-12 22:46:33,543] {dagbag.py:507} INFO - Filling up the DagBag from /home/kai/Documents/airflowalura/venv/lib/python3.9/site-packages/airflow/example_dags/example_branch_operator.py
[2024-08-12 22:46:33,551] {processor.py:651} INFO - DAG(s) dict_keys(['example_branch_operator']) retrieved from /home/kai/Documents/airflowalura/venv/lib/python3.9/site-packages/airflow/example_dags/example_branch_operator.py
[2024-08-12 22:46:33,567] {logging_mixin.py:115} INFO - [2024-08-12 22:46:33,567] {dag.py:2379} INFO - Sync 1 DAGs
[2024-08-12 22:46:33,585] {logging_mixin.py:115} INFO - [2024-08-12 22:46:33,584] {dag.py:2927} INFO - Setting next_dagrun for example_branch_operator to 2024-08-12T00:00:00+00:00, run_after=2024-08-13T00:00:00+00:00
[2024-08-12 22:46:33,594] {processor.py:161} INFO - Processing /home/kai/Documents/airflowalura/venv/lib/python3.9/site-packages/airflow/example_dags/example_branch_operator.py took 0.055 seconds
[2024-08-12 22:47:07,182] {processor.py:153} INFO - Started process (PID=9226) to work on /home/kai/Documents/airflowalura/venv/lib/python3.9/site-packages/airflow/example_dags/example_branch_operator.py
[2024-08-12 22:47:07,183] {processor.py:641} INFO - Processing file /home/kai/Documents/airflowalura/venv/lib/python3.9/site-packages/airflow/example_dags/example_branch_operator.py for tasks to queue
[2024-08-12 22:47:07,183] {logging_mixin.py:115} INFO - [2024-08-12 22:47:07,183] {dagbag.py:507} INFO - Filling up the DagBag from /home/kai/Documents/airflowalura/venv/lib/python3.9/site-packages/airflow/example_dags/example_branch_operator.py
[2024-08-12 22:47:07,192] {processor.py:651} INFO - DAG(s) dict_keys(['example_branch_operator']) retrieved from /home/kai/Documents/airflowalura/venv/lib/python3.9/site-packages/airflow/example_dags/example_branch_operator.py
[2024-08-12 22:47:07,204] {logging_mixin.py:115} INFO - [2024-08-12 22:47:07,204] {dag.py:2379} INFO - Sync 1 DAGs
[2024-08-12 22:47:07,220] {logging_mixin.py:115} INFO - [2024-08-12 22:47:07,220] {dag.py:2927} INFO - Setting next_dagrun for example_branch_operator to 2024-08-12T00:00:00+00:00, run_after=2024-08-13T00:00:00+00:00
[2024-08-12 22:47:07,228] {processor.py:161} INFO - Processing /home/kai/Documents/airflowalura/venv/lib/python3.9/site-packages/airflow/example_dags/example_branch_operator.py took 0.049 seconds
[2024-08-12 22:47:40,134] {processor.py:153} INFO - Started process (PID=9414) to work on /home/kai/Documents/airflowalura/venv/lib/python3.9/site-packages/airflow/example_dags/example_branch_operator.py
[2024-08-12 22:47:40,135] {processor.py:641} INFO - Processing file /home/kai/Documents/airflowalura/venv/lib/python3.9/site-packages/airflow/example_dags/example_branch_operator.py for tasks to queue
[2024-08-12 22:47:40,135] {logging_mixin.py:115} INFO - [2024-08-12 22:47:40,135] {dagbag.py:507} INFO - Filling up the DagBag from /home/kai/Documents/airflowalura/venv/lib/python3.9/site-packages/airflow/example_dags/example_branch_operator.py
[2024-08-12 22:47:40,144] {processor.py:651} INFO - DAG(s) dict_keys(['example_branch_operator']) retrieved from /home/kai/Documents/airflowalura/venv/lib/python3.9/site-packages/airflow/example_dags/example_branch_operator.py
[2024-08-12 22:47:40,157] {logging_mixin.py:115} INFO - [2024-08-12 22:47:40,157] {dag.py:2379} INFO - Sync 1 DAGs
[2024-08-12 22:47:40,173] {logging_mixin.py:115} INFO - [2024-08-12 22:47:40,173] {dag.py:2927} INFO - Setting next_dagrun for example_branch_operator to 2024-08-12T00:00:00+00:00, run_after=2024-08-13T00:00:00+00:00
[2024-08-12 22:47:40,181] {processor.py:161} INFO - Processing /home/kai/Documents/airflowalura/venv/lib/python3.9/site-packages/airflow/example_dags/example_branch_operator.py took 0.050 seconds
[2024-08-12 22:48:18,240] {processor.py:153} INFO - Started process (PID=9623) to work on /home/kai/Documents/airflowalura/venv/lib/python3.9/site-packages/airflow/example_dags/example_branch_operator.py
[2024-08-12 22:48:18,241] {processor.py:641} INFO - Processing file /home/kai/Documents/airflowalura/venv/lib/python3.9/site-packages/airflow/example_dags/example_branch_operator.py for tasks to queue
[2024-08-12 22:48:18,241] {logging_mixin.py:115} INFO - [2024-08-12 22:48:18,241] {dagbag.py:507} INFO - Filling up the DagBag from /home/kai/Documents/airflowalura/venv/lib/python3.9/site-packages/airflow/example_dags/example_branch_operator.py
[2024-08-12 22:48:18,249] {processor.py:651} INFO - DAG(s) dict_keys(['example_branch_operator']) retrieved from /home/kai/Documents/airflowalura/venv/lib/python3.9/site-packages/airflow/example_dags/example_branch_operator.py
[2024-08-12 22:48:18,262] {logging_mixin.py:115} INFO - [2024-08-12 22:48:18,262] {dag.py:2379} INFO - Sync 1 DAGs
[2024-08-12 22:48:18,277] {logging_mixin.py:115} INFO - [2024-08-12 22:48:18,277] {dag.py:2927} INFO - Setting next_dagrun for example_branch_operator to 2024-08-12T00:00:00+00:00, run_after=2024-08-13T00:00:00+00:00
[2024-08-12 22:48:18,286] {processor.py:161} INFO - Processing /home/kai/Documents/airflowalura/venv/lib/python3.9/site-packages/airflow/example_dags/example_branch_operator.py took 0.049 seconds
[2024-08-12 22:48:50,173] {processor.py:153} INFO - Started process (PID=9805) to work on /home/kai/Documents/airflowalura/venv/lib/python3.9/site-packages/airflow/example_dags/example_branch_operator.py
[2024-08-12 22:48:50,174] {processor.py:641} INFO - Processing file /home/kai/Documents/airflowalura/venv/lib/python3.9/site-packages/airflow/example_dags/example_branch_operator.py for tasks to queue
[2024-08-12 22:48:50,174] {logging_mixin.py:115} INFO - [2024-08-12 22:48:50,174] {dagbag.py:507} INFO - Filling up the DagBag from /home/kai/Documents/airflowalura/venv/lib/python3.9/site-packages/airflow/example_dags/example_branch_operator.py
[2024-08-12 22:48:50,182] {processor.py:651} INFO - DAG(s) dict_keys(['example_branch_operator']) retrieved from /home/kai/Documents/airflowalura/venv/lib/python3.9/site-packages/airflow/example_dags/example_branch_operator.py
[2024-08-12 22:48:50,196] {logging_mixin.py:115} INFO - [2024-08-12 22:48:50,196] {dag.py:2379} INFO - Sync 1 DAGs
[2024-08-12 22:48:50,211] {logging_mixin.py:115} INFO - [2024-08-12 22:48:50,211] {dag.py:2927} INFO - Setting next_dagrun for example_branch_operator to 2024-08-12T00:00:00+00:00, run_after=2024-08-13T00:00:00+00:00
[2024-08-12 22:48:50,221] {processor.py:161} INFO - Processing /home/kai/Documents/airflowalura/venv/lib/python3.9/site-packages/airflow/example_dags/example_branch_operator.py took 0.050 seconds
[2024-08-12 22:49:26,834] {processor.py:153} INFO - Started process (PID=10010) to work on /home/kai/Documents/airflowalura/venv/lib/python3.9/site-packages/airflow/example_dags/example_branch_operator.py
[2024-08-12 22:49:26,836] {processor.py:641} INFO - Processing file /home/kai/Documents/airflowalura/venv/lib/python3.9/site-packages/airflow/example_dags/example_branch_operator.py for tasks to queue
[2024-08-12 22:49:26,836] {logging_mixin.py:115} INFO - [2024-08-12 22:49:26,836] {dagbag.py:507} INFO - Filling up the DagBag from /home/kai/Documents/airflowalura/venv/lib/python3.9/site-packages/airflow/example_dags/example_branch_operator.py
[2024-08-12 22:49:26,846] {processor.py:651} INFO - DAG(s) dict_keys(['example_branch_operator']) retrieved from /home/kai/Documents/airflowalura/venv/lib/python3.9/site-packages/airflow/example_dags/example_branch_operator.py
[2024-08-12 22:49:26,860] {logging_mixin.py:115} INFO - [2024-08-12 22:49:26,860] {dag.py:2379} INFO - Sync 1 DAGs
[2024-08-12 22:49:26,876] {logging_mixin.py:115} INFO - [2024-08-12 22:49:26,876] {dag.py:2927} INFO - Setting next_dagrun for example_branch_operator to 2024-08-12T00:00:00+00:00, run_after=2024-08-13T00:00:00+00:00
[2024-08-12 22:49:26,887] {processor.py:161} INFO - Processing /home/kai/Documents/airflowalura/venv/lib/python3.9/site-packages/airflow/example_dags/example_branch_operator.py took 0.056 seconds
[2024-08-12 22:50:02,004] {processor.py:153} INFO - Started process (PID=10204) to work on /home/kai/Documents/airflowalura/venv/lib/python3.9/site-packages/airflow/example_dags/example_branch_operator.py
[2024-08-12 22:50:02,005] {processor.py:641} INFO - Processing file /home/kai/Documents/airflowalura/venv/lib/python3.9/site-packages/airflow/example_dags/example_branch_operator.py for tasks to queue
[2024-08-12 22:50:02,006] {logging_mixin.py:115} INFO - [2024-08-12 22:50:02,006] {dagbag.py:507} INFO - Filling up the DagBag from /home/kai/Documents/airflowalura/venv/lib/python3.9/site-packages/airflow/example_dags/example_branch_operator.py
[2024-08-12 22:50:02,014] {processor.py:651} INFO - DAG(s) dict_keys(['example_branch_operator']) retrieved from /home/kai/Documents/airflowalura/venv/lib/python3.9/site-packages/airflow/example_dags/example_branch_operator.py
[2024-08-12 22:50:02,028] {logging_mixin.py:115} INFO - [2024-08-12 22:50:02,027] {dag.py:2379} INFO - Sync 1 DAGs
[2024-08-12 22:50:02,044] {logging_mixin.py:115} INFO - [2024-08-12 22:50:02,043] {dag.py:2927} INFO - Setting next_dagrun for example_branch_operator to 2024-08-12T00:00:00+00:00, run_after=2024-08-13T00:00:00+00:00
[2024-08-12 22:50:02,053] {processor.py:161} INFO - Processing /home/kai/Documents/airflowalura/venv/lib/python3.9/site-packages/airflow/example_dags/example_branch_operator.py took 0.051 seconds
[2024-08-12 22:50:34,558] {processor.py:153} INFO - Started process (PID=10439) to work on /home/kai/Documents/airflowalura/venv/lib/python3.9/site-packages/airflow/example_dags/example_branch_operator.py
[2024-08-12 22:50:34,559] {processor.py:641} INFO - Processing file /home/kai/Documents/airflowalura/venv/lib/python3.9/site-packages/airflow/example_dags/example_branch_operator.py for tasks to queue
[2024-08-12 22:50:34,560] {logging_mixin.py:115} INFO - [2024-08-12 22:50:34,560] {dagbag.py:507} INFO - Filling up the DagBag from /home/kai/Documents/airflowalura/venv/lib/python3.9/site-packages/airflow/example_dags/example_branch_operator.py
[2024-08-12 22:50:34,568] {processor.py:651} INFO - DAG(s) dict_keys(['example_branch_operator']) retrieved from /home/kai/Documents/airflowalura/venv/lib/python3.9/site-packages/airflow/example_dags/example_branch_operator.py
[2024-08-12 22:50:34,584] {logging_mixin.py:115} INFO - [2024-08-12 22:50:34,584] {dag.py:2379} INFO - Sync 1 DAGs
[2024-08-12 22:50:34,600] {logging_mixin.py:115} INFO - [2024-08-12 22:50:34,600] {dag.py:2927} INFO - Setting next_dagrun for example_branch_operator to 2024-08-12T00:00:00+00:00, run_after=2024-08-13T00:00:00+00:00
[2024-08-12 22:50:34,609] {processor.py:161} INFO - Processing /home/kai/Documents/airflowalura/venv/lib/python3.9/site-packages/airflow/example_dags/example_branch_operator.py took 0.056 seconds
[2024-08-12 22:51:11,624] {processor.py:153} INFO - Started process (PID=10650) to work on /home/kai/Documents/airflowalura/venv/lib/python3.9/site-packages/airflow/example_dags/example_branch_operator.py
[2024-08-12 22:51:11,624] {processor.py:641} INFO - Processing file /home/kai/Documents/airflowalura/venv/lib/python3.9/site-packages/airflow/example_dags/example_branch_operator.py for tasks to queue
[2024-08-12 22:51:11,625] {logging_mixin.py:115} INFO - [2024-08-12 22:51:11,625] {dagbag.py:507} INFO - Filling up the DagBag from /home/kai/Documents/airflowalura/venv/lib/python3.9/site-packages/airflow/example_dags/example_branch_operator.py
[2024-08-12 22:51:11,634] {processor.py:651} INFO - DAG(s) dict_keys(['example_branch_operator']) retrieved from /home/kai/Documents/airflowalura/venv/lib/python3.9/site-packages/airflow/example_dags/example_branch_operator.py
[2024-08-12 22:51:11,651] {logging_mixin.py:115} INFO - [2024-08-12 22:51:11,651] {dag.py:2379} INFO - Sync 1 DAGs
[2024-08-12 22:51:11,668] {logging_mixin.py:115} INFO - [2024-08-12 22:51:11,667] {dag.py:2927} INFO - Setting next_dagrun for example_branch_operator to 2024-08-12T00:00:00+00:00, run_after=2024-08-13T00:00:00+00:00
[2024-08-12 22:51:11,676] {processor.py:161} INFO - Processing /home/kai/Documents/airflowalura/venv/lib/python3.9/site-packages/airflow/example_dags/example_branch_operator.py took 0.055 seconds
[2024-08-12 22:51:46,418] {processor.py:153} INFO - Started process (PID=10841) to work on /home/kai/Documents/airflowalura/venv/lib/python3.9/site-packages/airflow/example_dags/example_branch_operator.py
[2024-08-12 22:51:46,419] {processor.py:641} INFO - Processing file /home/kai/Documents/airflowalura/venv/lib/python3.9/site-packages/airflow/example_dags/example_branch_operator.py for tasks to queue
[2024-08-12 22:51:46,419] {logging_mixin.py:115} INFO - [2024-08-12 22:51:46,419] {dagbag.py:507} INFO - Filling up the DagBag from /home/kai/Documents/airflowalura/venv/lib/python3.9/site-packages/airflow/example_dags/example_branch_operator.py
[2024-08-12 22:51:46,429] {processor.py:651} INFO - DAG(s) dict_keys(['example_branch_operator']) retrieved from /home/kai/Documents/airflowalura/venv/lib/python3.9/site-packages/airflow/example_dags/example_branch_operator.py
[2024-08-12 22:51:46,445] {logging_mixin.py:115} INFO - [2024-08-12 22:51:46,445] {dag.py:2379} INFO - Sync 1 DAGs
[2024-08-12 22:51:46,458] {logging_mixin.py:115} INFO - [2024-08-12 22:51:46,458] {dag.py:2927} INFO - Setting next_dagrun for example_branch_operator to 2024-08-12T00:00:00+00:00, run_after=2024-08-13T00:00:00+00:00
[2024-08-12 22:51:46,468] {processor.py:161} INFO - Processing /home/kai/Documents/airflowalura/venv/lib/python3.9/site-packages/airflow/example_dags/example_branch_operator.py took 0.053 seconds
[2024-08-12 22:52:21,179] {processor.py:153} INFO - Started process (PID=11033) to work on /home/kai/Documents/airflowalura/venv/lib/python3.9/site-packages/airflow/example_dags/example_branch_operator.py
[2024-08-12 22:52:21,181] {processor.py:641} INFO - Processing file /home/kai/Documents/airflowalura/venv/lib/python3.9/site-packages/airflow/example_dags/example_branch_operator.py for tasks to queue
[2024-08-12 22:52:21,184] {logging_mixin.py:115} INFO - [2024-08-12 22:52:21,182] {dagbag.py:507} INFO - Filling up the DagBag from /home/kai/Documents/airflowalura/venv/lib/python3.9/site-packages/airflow/example_dags/example_branch_operator.py
[2024-08-12 22:52:21,197] {processor.py:651} INFO - DAG(s) dict_keys(['example_branch_operator']) retrieved from /home/kai/Documents/airflowalura/venv/lib/python3.9/site-packages/airflow/example_dags/example_branch_operator.py
[2024-08-12 22:52:21,213] {logging_mixin.py:115} INFO - [2024-08-12 22:52:21,213] {dag.py:2379} INFO - Sync 1 DAGs
[2024-08-12 22:52:21,228] {logging_mixin.py:115} INFO - [2024-08-12 22:52:21,228] {dag.py:2927} INFO - Setting next_dagrun for example_branch_operator to 2024-08-12T00:00:00+00:00, run_after=2024-08-13T00:00:00+00:00
[2024-08-12 22:52:21,240] {processor.py:161} INFO - Processing /home/kai/Documents/airflowalura/venv/lib/python3.9/site-packages/airflow/example_dags/example_branch_operator.py took 0.064 seconds
[2024-08-12 22:52:54,833] {processor.py:153} INFO - Started process (PID=11226) to work on /home/kai/Documents/airflowalura/venv/lib/python3.9/site-packages/airflow/example_dags/example_branch_operator.py
[2024-08-12 22:52:54,833] {processor.py:641} INFO - Processing file /home/kai/Documents/airflowalura/venv/lib/python3.9/site-packages/airflow/example_dags/example_branch_operator.py for tasks to queue
[2024-08-12 22:52:54,834] {logging_mixin.py:115} INFO - [2024-08-12 22:52:54,834] {dagbag.py:507} INFO - Filling up the DagBag from /home/kai/Documents/airflowalura/venv/lib/python3.9/site-packages/airflow/example_dags/example_branch_operator.py
[2024-08-12 22:52:54,843] {processor.py:651} INFO - DAG(s) dict_keys(['example_branch_operator']) retrieved from /home/kai/Documents/airflowalura/venv/lib/python3.9/site-packages/airflow/example_dags/example_branch_operator.py
[2024-08-12 22:52:54,858] {logging_mixin.py:115} INFO - [2024-08-12 22:52:54,858] {dag.py:2379} INFO - Sync 1 DAGs
[2024-08-12 22:52:54,872] {logging_mixin.py:115} INFO - [2024-08-12 22:52:54,872] {dag.py:2927} INFO - Setting next_dagrun for example_branch_operator to 2024-08-12T00:00:00+00:00, run_after=2024-08-13T00:00:00+00:00
[2024-08-12 22:52:54,881] {processor.py:161} INFO - Processing /home/kai/Documents/airflowalura/venv/lib/python3.9/site-packages/airflow/example_dags/example_branch_operator.py took 0.050 seconds
[2024-08-12 22:53:28,611] {processor.py:153} INFO - Started process (PID=11406) to work on /home/kai/Documents/airflowalura/venv/lib/python3.9/site-packages/airflow/example_dags/example_branch_operator.py
[2024-08-12 22:53:28,612] {processor.py:641} INFO - Processing file /home/kai/Documents/airflowalura/venv/lib/python3.9/site-packages/airflow/example_dags/example_branch_operator.py for tasks to queue
[2024-08-12 22:53:28,613] {logging_mixin.py:115} INFO - [2024-08-12 22:53:28,613] {dagbag.py:507} INFO - Filling up the DagBag from /home/kai/Documents/airflowalura/venv/lib/python3.9/site-packages/airflow/example_dags/example_branch_operator.py
[2024-08-12 22:53:28,621] {processor.py:651} INFO - DAG(s) dict_keys(['example_branch_operator']) retrieved from /home/kai/Documents/airflowalura/venv/lib/python3.9/site-packages/airflow/example_dags/example_branch_operator.py
[2024-08-12 22:53:28,637] {logging_mixin.py:115} INFO - [2024-08-12 22:53:28,637] {dag.py:2379} INFO - Sync 1 DAGs
[2024-08-12 22:53:28,651] {logging_mixin.py:115} INFO - [2024-08-12 22:53:28,651] {dag.py:2927} INFO - Setting next_dagrun for example_branch_operator to 2024-08-12T00:00:00+00:00, run_after=2024-08-13T00:00:00+00:00
[2024-08-12 22:53:28,660] {processor.py:161} INFO - Processing /home/kai/Documents/airflowalura/venv/lib/python3.9/site-packages/airflow/example_dags/example_branch_operator.py took 0.052 seconds
[2024-08-12 22:54:02,079] {processor.py:153} INFO - Started process (PID=11595) to work on /home/kai/Documents/airflowalura/venv/lib/python3.9/site-packages/airflow/example_dags/example_branch_operator.py
[2024-08-12 22:54:02,080] {processor.py:641} INFO - Processing file /home/kai/Documents/airflowalura/venv/lib/python3.9/site-packages/airflow/example_dags/example_branch_operator.py for tasks to queue
[2024-08-12 22:54:02,080] {logging_mixin.py:115} INFO - [2024-08-12 22:54:02,080] {dagbag.py:507} INFO - Filling up the DagBag from /home/kai/Documents/airflowalura/venv/lib/python3.9/site-packages/airflow/example_dags/example_branch_operator.py
[2024-08-12 22:54:02,090] {processor.py:651} INFO - DAG(s) dict_keys(['example_branch_operator']) retrieved from /home/kai/Documents/airflowalura/venv/lib/python3.9/site-packages/airflow/example_dags/example_branch_operator.py
[2024-08-12 22:54:02,106] {logging_mixin.py:115} INFO - [2024-08-12 22:54:02,106] {dag.py:2379} INFO - Sync 1 DAGs
[2024-08-12 22:54:02,121] {logging_mixin.py:115} INFO - [2024-08-12 22:54:02,121] {dag.py:2927} INFO - Setting next_dagrun for example_branch_operator to 2024-08-12T00:00:00+00:00, run_after=2024-08-13T00:00:00+00:00
[2024-08-12 22:54:02,130] {processor.py:161} INFO - Processing /home/kai/Documents/airflowalura/venv/lib/python3.9/site-packages/airflow/example_dags/example_branch_operator.py took 0.053 seconds
[2024-08-12 22:54:39,011] {processor.py:153} INFO - Started process (PID=11802) to work on /home/kai/Documents/airflowalura/venv/lib/python3.9/site-packages/airflow/example_dags/example_branch_operator.py
[2024-08-12 22:54:39,012] {processor.py:641} INFO - Processing file /home/kai/Documents/airflowalura/venv/lib/python3.9/site-packages/airflow/example_dags/example_branch_operator.py for tasks to queue
[2024-08-12 22:54:39,012] {logging_mixin.py:115} INFO - [2024-08-12 22:54:39,012] {dagbag.py:507} INFO - Filling up the DagBag from /home/kai/Documents/airflowalura/venv/lib/python3.9/site-packages/airflow/example_dags/example_branch_operator.py
[2024-08-12 22:54:39,021] {processor.py:651} INFO - DAG(s) dict_keys(['example_branch_operator']) retrieved from /home/kai/Documents/airflowalura/venv/lib/python3.9/site-packages/airflow/example_dags/example_branch_operator.py
[2024-08-12 22:54:39,039] {logging_mixin.py:115} INFO - [2024-08-12 22:54:39,039] {dag.py:2379} INFO - Sync 1 DAGs
[2024-08-12 22:54:39,056] {logging_mixin.py:115} INFO - [2024-08-12 22:54:39,056] {dag.py:2927} INFO - Setting next_dagrun for example_branch_operator to 2024-08-12T00:00:00+00:00, run_after=2024-08-13T00:00:00+00:00
[2024-08-12 22:54:39,066] {processor.py:161} INFO - Processing /home/kai/Documents/airflowalura/venv/lib/python3.9/site-packages/airflow/example_dags/example_branch_operator.py took 0.058 seconds
[2024-08-12 22:55:11,567] {processor.py:153} INFO - Started process (PID=11985) to work on /home/kai/Documents/airflowalura/venv/lib/python3.9/site-packages/airflow/example_dags/example_branch_operator.py
[2024-08-12 22:55:11,568] {processor.py:641} INFO - Processing file /home/kai/Documents/airflowalura/venv/lib/python3.9/site-packages/airflow/example_dags/example_branch_operator.py for tasks to queue
[2024-08-12 22:55:11,569] {logging_mixin.py:115} INFO - [2024-08-12 22:55:11,569] {dagbag.py:507} INFO - Filling up the DagBag from /home/kai/Documents/airflowalura/venv/lib/python3.9/site-packages/airflow/example_dags/example_branch_operator.py
[2024-08-12 22:55:11,578] {processor.py:651} INFO - DAG(s) dict_keys(['example_branch_operator']) retrieved from /home/kai/Documents/airflowalura/venv/lib/python3.9/site-packages/airflow/example_dags/example_branch_operator.py
[2024-08-12 22:55:11,594] {logging_mixin.py:115} INFO - [2024-08-12 22:55:11,594] {dag.py:2379} INFO - Sync 1 DAGs
[2024-08-12 22:55:11,608] {logging_mixin.py:115} INFO - [2024-08-12 22:55:11,608] {dag.py:2927} INFO - Setting next_dagrun for example_branch_operator to 2024-08-12T00:00:00+00:00, run_after=2024-08-13T00:00:00+00:00
[2024-08-12 22:55:11,618] {processor.py:161} INFO - Processing /home/kai/Documents/airflowalura/venv/lib/python3.9/site-packages/airflow/example_dags/example_branch_operator.py took 0.054 seconds
[2024-08-12 22:55:47,530] {processor.py:153} INFO - Started process (PID=12232) to work on /home/kai/Documents/airflowalura/venv/lib/python3.9/site-packages/airflow/example_dags/example_branch_operator.py
[2024-08-12 22:55:47,531] {processor.py:641} INFO - Processing file /home/kai/Documents/airflowalura/venv/lib/python3.9/site-packages/airflow/example_dags/example_branch_operator.py for tasks to queue
[2024-08-12 22:55:47,532] {logging_mixin.py:115} INFO - [2024-08-12 22:55:47,531] {dagbag.py:507} INFO - Filling up the DagBag from /home/kai/Documents/airflowalura/venv/lib/python3.9/site-packages/airflow/example_dags/example_branch_operator.py
[2024-08-12 22:55:47,540] {processor.py:651} INFO - DAG(s) dict_keys(['example_branch_operator']) retrieved from /home/kai/Documents/airflowalura/venv/lib/python3.9/site-packages/airflow/example_dags/example_branch_operator.py
[2024-08-12 22:55:47,554] {logging_mixin.py:115} INFO - [2024-08-12 22:55:47,554] {dag.py:2379} INFO - Sync 1 DAGs
[2024-08-12 22:55:47,568] {logging_mixin.py:115} INFO - [2024-08-12 22:55:47,568] {dag.py:2927} INFO - Setting next_dagrun for example_branch_operator to 2024-08-12T00:00:00+00:00, run_after=2024-08-13T00:00:00+00:00
[2024-08-12 22:55:47,577] {processor.py:161} INFO - Processing /home/kai/Documents/airflowalura/venv/lib/python3.9/site-packages/airflow/example_dags/example_branch_operator.py took 0.049 seconds
[2024-08-12 22:56:19,478] {processor.py:153} INFO - Started process (PID=12445) to work on /home/kai/Documents/airflowalura/venv/lib/python3.9/site-packages/airflow/example_dags/example_branch_operator.py
[2024-08-12 22:56:19,479] {processor.py:641} INFO - Processing file /home/kai/Documents/airflowalura/venv/lib/python3.9/site-packages/airflow/example_dags/example_branch_operator.py for tasks to queue
[2024-08-12 22:56:19,479] {logging_mixin.py:115} INFO - [2024-08-12 22:56:19,479] {dagbag.py:507} INFO - Filling up the DagBag from /home/kai/Documents/airflowalura/venv/lib/python3.9/site-packages/airflow/example_dags/example_branch_operator.py
[2024-08-12 22:56:19,488] {processor.py:651} INFO - DAG(s) dict_keys(['example_branch_operator']) retrieved from /home/kai/Documents/airflowalura/venv/lib/python3.9/site-packages/airflow/example_dags/example_branch_operator.py
[2024-08-12 22:56:19,502] {logging_mixin.py:115} INFO - [2024-08-12 22:56:19,502] {dag.py:2379} INFO - Sync 1 DAGs
[2024-08-12 22:56:19,516] {logging_mixin.py:115} INFO - [2024-08-12 22:56:19,516] {dag.py:2927} INFO - Setting next_dagrun for example_branch_operator to 2024-08-12T00:00:00+00:00, run_after=2024-08-13T00:00:00+00:00
[2024-08-12 22:56:19,525] {processor.py:161} INFO - Processing /home/kai/Documents/airflowalura/venv/lib/python3.9/site-packages/airflow/example_dags/example_branch_operator.py took 0.049 seconds
[2024-08-12 22:56:54,263] {processor.py:153} INFO - Started process (PID=12640) to work on /home/kai/Documents/airflowalura/venv/lib/python3.9/site-packages/airflow/example_dags/example_branch_operator.py
[2024-08-12 22:56:54,264] {processor.py:641} INFO - Processing file /home/kai/Documents/airflowalura/venv/lib/python3.9/site-packages/airflow/example_dags/example_branch_operator.py for tasks to queue
[2024-08-12 22:56:54,264] {logging_mixin.py:115} INFO - [2024-08-12 22:56:54,264] {dagbag.py:507} INFO - Filling up the DagBag from /home/kai/Documents/airflowalura/venv/lib/python3.9/site-packages/airflow/example_dags/example_branch_operator.py
[2024-08-12 22:56:54,273] {processor.py:651} INFO - DAG(s) dict_keys(['example_branch_operator']) retrieved from /home/kai/Documents/airflowalura/venv/lib/python3.9/site-packages/airflow/example_dags/example_branch_operator.py
[2024-08-12 22:56:54,288] {logging_mixin.py:115} INFO - [2024-08-12 22:56:54,288] {dag.py:2379} INFO - Sync 1 DAGs
[2024-08-12 22:56:54,302] {logging_mixin.py:115} INFO - [2024-08-12 22:56:54,302] {dag.py:2927} INFO - Setting next_dagrun for example_branch_operator to 2024-08-12T00:00:00+00:00, run_after=2024-08-13T00:00:00+00:00
[2024-08-12 22:56:54,311] {processor.py:161} INFO - Processing /home/kai/Documents/airflowalura/venv/lib/python3.9/site-packages/airflow/example_dags/example_branch_operator.py took 0.050 seconds
[2024-08-12 22:57:25,883] {processor.py:153} INFO - Started process (PID=12815) to work on /home/kai/Documents/airflowalura/venv/lib/python3.9/site-packages/airflow/example_dags/example_branch_operator.py
[2024-08-12 22:57:25,884] {processor.py:641} INFO - Processing file /home/kai/Documents/airflowalura/venv/lib/python3.9/site-packages/airflow/example_dags/example_branch_operator.py for tasks to queue
[2024-08-12 22:57:25,884] {logging_mixin.py:115} INFO - [2024-08-12 22:57:25,884] {dagbag.py:507} INFO - Filling up the DagBag from /home/kai/Documents/airflowalura/venv/lib/python3.9/site-packages/airflow/example_dags/example_branch_operator.py
[2024-08-12 22:57:25,893] {processor.py:651} INFO - DAG(s) dict_keys(['example_branch_operator']) retrieved from /home/kai/Documents/airflowalura/venv/lib/python3.9/site-packages/airflow/example_dags/example_branch_operator.py
[2024-08-12 22:57:25,908] {logging_mixin.py:115} INFO - [2024-08-12 22:57:25,908] {dag.py:2379} INFO - Sync 1 DAGs
[2024-08-12 22:57:25,927] {logging_mixin.py:115} INFO - [2024-08-12 22:57:25,927] {dag.py:2927} INFO - Setting next_dagrun for example_branch_operator to 2024-08-12T00:00:00+00:00, run_after=2024-08-13T00:00:00+00:00
[2024-08-12 22:57:25,937] {processor.py:161} INFO - Processing /home/kai/Documents/airflowalura/venv/lib/python3.9/site-packages/airflow/example_dags/example_branch_operator.py took 0.056 seconds
[2024-08-12 22:58:00,664] {processor.py:153} INFO - Started process (PID=13009) to work on /home/kai/Documents/airflowalura/venv/lib/python3.9/site-packages/airflow/example_dags/example_branch_operator.py
[2024-08-12 22:58:00,665] {processor.py:641} INFO - Processing file /home/kai/Documents/airflowalura/venv/lib/python3.9/site-packages/airflow/example_dags/example_branch_operator.py for tasks to queue
[2024-08-12 22:58:00,665] {logging_mixin.py:115} INFO - [2024-08-12 22:58:00,665] {dagbag.py:507} INFO - Filling up the DagBag from /home/kai/Documents/airflowalura/venv/lib/python3.9/site-packages/airflow/example_dags/example_branch_operator.py
[2024-08-12 22:58:00,674] {processor.py:651} INFO - DAG(s) dict_keys(['example_branch_operator']) retrieved from /home/kai/Documents/airflowalura/venv/lib/python3.9/site-packages/airflow/example_dags/example_branch_operator.py
[2024-08-12 22:58:00,688] {logging_mixin.py:115} INFO - [2024-08-12 22:58:00,688] {dag.py:2379} INFO - Sync 1 DAGs
[2024-08-12 22:58:00,702] {logging_mixin.py:115} INFO - [2024-08-12 22:58:00,701] {dag.py:2927} INFO - Setting next_dagrun for example_branch_operator to 2024-08-12T00:00:00+00:00, run_after=2024-08-13T00:00:00+00:00
[2024-08-12 22:58:00,710] {processor.py:161} INFO - Processing /home/kai/Documents/airflowalura/venv/lib/python3.9/site-packages/airflow/example_dags/example_branch_operator.py took 0.048 seconds
[2024-08-12 22:58:34,354] {processor.py:153} INFO - Started process (PID=13189) to work on /home/kai/Documents/airflowalura/venv/lib/python3.9/site-packages/airflow/example_dags/example_branch_operator.py
[2024-08-12 22:58:34,355] {processor.py:641} INFO - Processing file /home/kai/Documents/airflowalura/venv/lib/python3.9/site-packages/airflow/example_dags/example_branch_operator.py for tasks to queue
[2024-08-12 22:58:34,356] {logging_mixin.py:115} INFO - [2024-08-12 22:58:34,356] {dagbag.py:507} INFO - Filling up the DagBag from /home/kai/Documents/airflowalura/venv/lib/python3.9/site-packages/airflow/example_dags/example_branch_operator.py
[2024-08-12 22:58:34,364] {processor.py:651} INFO - DAG(s) dict_keys(['example_branch_operator']) retrieved from /home/kai/Documents/airflowalura/venv/lib/python3.9/site-packages/airflow/example_dags/example_branch_operator.py
[2024-08-12 22:58:34,379] {logging_mixin.py:115} INFO - [2024-08-12 22:58:34,379] {dag.py:2379} INFO - Sync 1 DAGs
[2024-08-12 22:58:34,393] {logging_mixin.py:115} INFO - [2024-08-12 22:58:34,393] {dag.py:2927} INFO - Setting next_dagrun for example_branch_operator to 2024-08-12T00:00:00+00:00, run_after=2024-08-13T00:00:00+00:00
[2024-08-12 22:58:34,402] {processor.py:161} INFO - Processing /home/kai/Documents/airflowalura/venv/lib/python3.9/site-packages/airflow/example_dags/example_branch_operator.py took 0.050 seconds
[2024-08-12 22:59:07,088] {processor.py:153} INFO - Started process (PID=13372) to work on /home/kai/Documents/airflowalura/venv/lib/python3.9/site-packages/airflow/example_dags/example_branch_operator.py
[2024-08-12 22:59:07,088] {processor.py:641} INFO - Processing file /home/kai/Documents/airflowalura/venv/lib/python3.9/site-packages/airflow/example_dags/example_branch_operator.py for tasks to queue
[2024-08-12 22:59:07,089] {logging_mixin.py:115} INFO - [2024-08-12 22:59:07,089] {dagbag.py:507} INFO - Filling up the DagBag from /home/kai/Documents/airflowalura/venv/lib/python3.9/site-packages/airflow/example_dags/example_branch_operator.py
[2024-08-12 22:59:07,097] {processor.py:651} INFO - DAG(s) dict_keys(['example_branch_operator']) retrieved from /home/kai/Documents/airflowalura/venv/lib/python3.9/site-packages/airflow/example_dags/example_branch_operator.py
[2024-08-12 22:59:07,111] {logging_mixin.py:115} INFO - [2024-08-12 22:59:07,111] {dag.py:2379} INFO - Sync 1 DAGs
[2024-08-12 22:59:07,125] {logging_mixin.py:115} INFO - [2024-08-12 22:59:07,125] {dag.py:2927} INFO - Setting next_dagrun for example_branch_operator to 2024-08-12T00:00:00+00:00, run_after=2024-08-13T00:00:00+00:00
[2024-08-12 22:59:07,134] {processor.py:161} INFO - Processing /home/kai/Documents/airflowalura/venv/lib/python3.9/site-packages/airflow/example_dags/example_branch_operator.py took 0.048 seconds
[2024-08-12 22:59:40,763] {processor.py:153} INFO - Started process (PID=13563) to work on /home/kai/Documents/airflowalura/venv/lib/python3.9/site-packages/airflow/example_dags/example_branch_operator.py
[2024-08-12 22:59:40,764] {processor.py:641} INFO - Processing file /home/kai/Documents/airflowalura/venv/lib/python3.9/site-packages/airflow/example_dags/example_branch_operator.py for tasks to queue
[2024-08-12 22:59:40,765] {logging_mixin.py:115} INFO - [2024-08-12 22:59:40,765] {dagbag.py:507} INFO - Filling up the DagBag from /home/kai/Documents/airflowalura/venv/lib/python3.9/site-packages/airflow/example_dags/example_branch_operator.py
[2024-08-12 22:59:40,774] {processor.py:651} INFO - DAG(s) dict_keys(['example_branch_operator']) retrieved from /home/kai/Documents/airflowalura/venv/lib/python3.9/site-packages/airflow/example_dags/example_branch_operator.py
[2024-08-12 22:59:40,791] {logging_mixin.py:115} INFO - [2024-08-12 22:59:40,791] {dag.py:2379} INFO - Sync 1 DAGs
[2024-08-12 22:59:40,805] {logging_mixin.py:115} INFO - [2024-08-12 22:59:40,805] {dag.py:2927} INFO - Setting next_dagrun for example_branch_operator to 2024-08-12T00:00:00+00:00, run_after=2024-08-13T00:00:00+00:00
[2024-08-12 22:59:40,814] {processor.py:161} INFO - Processing /home/kai/Documents/airflowalura/venv/lib/python3.9/site-packages/airflow/example_dags/example_branch_operator.py took 0.053 seconds
[2024-08-12 23:00:17,363] {processor.py:153} INFO - Started process (PID=13803) to work on /home/kai/Documents/airflowalura/venv/lib/python3.9/site-packages/airflow/example_dags/example_branch_operator.py
[2024-08-12 23:00:17,364] {processor.py:641} INFO - Processing file /home/kai/Documents/airflowalura/venv/lib/python3.9/site-packages/airflow/example_dags/example_branch_operator.py for tasks to queue
[2024-08-12 23:00:17,365] {logging_mixin.py:115} INFO - [2024-08-12 23:00:17,364] {dagbag.py:507} INFO - Filling up the DagBag from /home/kai/Documents/airflowalura/venv/lib/python3.9/site-packages/airflow/example_dags/example_branch_operator.py
[2024-08-12 23:00:17,376] {processor.py:651} INFO - DAG(s) dict_keys(['example_branch_operator']) retrieved from /home/kai/Documents/airflowalura/venv/lib/python3.9/site-packages/airflow/example_dags/example_branch_operator.py
[2024-08-12 23:00:17,389] {logging_mixin.py:115} INFO - [2024-08-12 23:00:17,389] {dag.py:2379} INFO - Sync 1 DAGs
[2024-08-12 23:00:17,402] {logging_mixin.py:115} INFO - [2024-08-12 23:00:17,402] {dag.py:2927} INFO - Setting next_dagrun for example_branch_operator to 2024-08-12T00:00:00+00:00, run_after=2024-08-13T00:00:00+00:00
[2024-08-12 23:00:17,411] {processor.py:161} INFO - Processing /home/kai/Documents/airflowalura/venv/lib/python3.9/site-packages/airflow/example_dags/example_branch_operator.py took 0.050 seconds
[2024-08-12 23:00:50,249] {processor.py:153} INFO - Started process (PID=14017) to work on /home/kai/Documents/airflowalura/venv/lib/python3.9/site-packages/airflow/example_dags/example_branch_operator.py
[2024-08-12 23:00:50,250] {processor.py:641} INFO - Processing file /home/kai/Documents/airflowalura/venv/lib/python3.9/site-packages/airflow/example_dags/example_branch_operator.py for tasks to queue
[2024-08-12 23:00:50,251] {logging_mixin.py:115} INFO - [2024-08-12 23:00:50,251] {dagbag.py:507} INFO - Filling up the DagBag from /home/kai/Documents/airflowalura/venv/lib/python3.9/site-packages/airflow/example_dags/example_branch_operator.py
[2024-08-12 23:00:50,261] {processor.py:651} INFO - DAG(s) dict_keys(['example_branch_operator']) retrieved from /home/kai/Documents/airflowalura/venv/lib/python3.9/site-packages/airflow/example_dags/example_branch_operator.py
[2024-08-12 23:00:50,273] {logging_mixin.py:115} INFO - [2024-08-12 23:00:50,273] {dag.py:2379} INFO - Sync 1 DAGs
[2024-08-12 23:00:50,287] {logging_mixin.py:115} INFO - [2024-08-12 23:00:50,287] {dag.py:2927} INFO - Setting next_dagrun for example_branch_operator to 2024-08-12T00:00:00+00:00, run_after=2024-08-13T00:00:00+00:00
[2024-08-12 23:00:50,295] {processor.py:161} INFO - Processing /home/kai/Documents/airflowalura/venv/lib/python3.9/site-packages/airflow/example_dags/example_branch_operator.py took 0.048 seconds
[2024-08-12 23:01:25,165] {processor.py:153} INFO - Started process (PID=14216) to work on /home/kai/Documents/airflowalura/venv/lib/python3.9/site-packages/airflow/example_dags/example_branch_operator.py
[2024-08-12 23:01:25,166] {processor.py:641} INFO - Processing file /home/kai/Documents/airflowalura/venv/lib/python3.9/site-packages/airflow/example_dags/example_branch_operator.py for tasks to queue
[2024-08-12 23:01:25,167] {logging_mixin.py:115} INFO - [2024-08-12 23:01:25,166] {dagbag.py:507} INFO - Filling up the DagBag from /home/kai/Documents/airflowalura/venv/lib/python3.9/site-packages/airflow/example_dags/example_branch_operator.py
[2024-08-12 23:01:25,178] {processor.py:651} INFO - DAG(s) dict_keys(['example_branch_operator']) retrieved from /home/kai/Documents/airflowalura/venv/lib/python3.9/site-packages/airflow/example_dags/example_branch_operator.py
[2024-08-12 23:01:25,191] {logging_mixin.py:115} INFO - [2024-08-12 23:01:25,191] {dag.py:2379} INFO - Sync 1 DAGs
[2024-08-12 23:01:25,207] {logging_mixin.py:115} INFO - [2024-08-12 23:01:25,206] {dag.py:2927} INFO - Setting next_dagrun for example_branch_operator to 2024-08-12T00:00:00+00:00, run_after=2024-08-13T00:00:00+00:00
[2024-08-12 23:01:25,216] {processor.py:161} INFO - Processing /home/kai/Documents/airflowalura/venv/lib/python3.9/site-packages/airflow/example_dags/example_branch_operator.py took 0.053 seconds
[2024-08-12 23:01:59,216] {processor.py:153} INFO - Started process (PID=14401) to work on /home/kai/Documents/airflowalura/venv/lib/python3.9/site-packages/airflow/example_dags/example_branch_operator.py
[2024-08-12 23:01:59,216] {processor.py:641} INFO - Processing file /home/kai/Documents/airflowalura/venv/lib/python3.9/site-packages/airflow/example_dags/example_branch_operator.py for tasks to queue
[2024-08-12 23:01:59,217] {logging_mixin.py:115} INFO - [2024-08-12 23:01:59,217] {dagbag.py:507} INFO - Filling up the DagBag from /home/kai/Documents/airflowalura/venv/lib/python3.9/site-packages/airflow/example_dags/example_branch_operator.py
[2024-08-12 23:01:59,228] {processor.py:651} INFO - DAG(s) dict_keys(['example_branch_operator']) retrieved from /home/kai/Documents/airflowalura/venv/lib/python3.9/site-packages/airflow/example_dags/example_branch_operator.py
[2024-08-12 23:01:59,242] {logging_mixin.py:115} INFO - [2024-08-12 23:01:59,242] {dag.py:2379} INFO - Sync 1 DAGs
[2024-08-12 23:01:59,256] {logging_mixin.py:115} INFO - [2024-08-12 23:01:59,256] {dag.py:2927} INFO - Setting next_dagrun for example_branch_operator to 2024-08-12T00:00:00+00:00, run_after=2024-08-13T00:00:00+00:00
[2024-08-12 23:01:59,265] {processor.py:161} INFO - Processing /home/kai/Documents/airflowalura/venv/lib/python3.9/site-packages/airflow/example_dags/example_branch_operator.py took 0.052 seconds
[2024-08-12 23:02:34,941] {processor.py:153} INFO - Started process (PID=14592) to work on /home/kai/Documents/airflowalura/venv/lib/python3.9/site-packages/airflow/example_dags/example_branch_operator.py
[2024-08-12 23:02:34,942] {processor.py:641} INFO - Processing file /home/kai/Documents/airflowalura/venv/lib/python3.9/site-packages/airflow/example_dags/example_branch_operator.py for tasks to queue
[2024-08-12 23:02:34,942] {logging_mixin.py:115} INFO - [2024-08-12 23:02:34,942] {dagbag.py:507} INFO - Filling up the DagBag from /home/kai/Documents/airflowalura/venv/lib/python3.9/site-packages/airflow/example_dags/example_branch_operator.py
[2024-08-12 23:02:34,953] {processor.py:651} INFO - DAG(s) dict_keys(['example_branch_operator']) retrieved from /home/kai/Documents/airflowalura/venv/lib/python3.9/site-packages/airflow/example_dags/example_branch_operator.py
[2024-08-12 23:02:34,965] {logging_mixin.py:115} INFO - [2024-08-12 23:02:34,965] {dag.py:2379} INFO - Sync 1 DAGs
[2024-08-12 23:02:34,980] {logging_mixin.py:115} INFO - [2024-08-12 23:02:34,979] {dag.py:2927} INFO - Setting next_dagrun for example_branch_operator to 2024-08-12T00:00:00+00:00, run_after=2024-08-13T00:00:00+00:00
[2024-08-12 23:02:34,989] {processor.py:161} INFO - Processing /home/kai/Documents/airflowalura/venv/lib/python3.9/site-packages/airflow/example_dags/example_branch_operator.py took 0.050 seconds
[2024-08-12 23:03:10,971] {processor.py:153} INFO - Started process (PID=14810) to work on /home/kai/Documents/airflowalura/venv/lib/python3.9/site-packages/airflow/example_dags/example_branch_operator.py
[2024-08-12 23:03:10,972] {processor.py:641} INFO - Processing file /home/kai/Documents/airflowalura/venv/lib/python3.9/site-packages/airflow/example_dags/example_branch_operator.py for tasks to queue
[2024-08-12 23:03:10,973] {logging_mixin.py:115} INFO - [2024-08-12 23:03:10,972] {dagbag.py:507} INFO - Filling up the DagBag from /home/kai/Documents/airflowalura/venv/lib/python3.9/site-packages/airflow/example_dags/example_branch_operator.py
[2024-08-12 23:03:10,983] {processor.py:651} INFO - DAG(s) dict_keys(['example_branch_operator']) retrieved from /home/kai/Documents/airflowalura/venv/lib/python3.9/site-packages/airflow/example_dags/example_branch_operator.py
[2024-08-12 23:03:10,995] {logging_mixin.py:115} INFO - [2024-08-12 23:03:10,995] {dag.py:2379} INFO - Sync 1 DAGs
[2024-08-12 23:03:11,009] {logging_mixin.py:115} INFO - [2024-08-12 23:03:11,009] {dag.py:2927} INFO - Setting next_dagrun for example_branch_operator to 2024-08-12T00:00:00+00:00, run_after=2024-08-13T00:00:00+00:00
[2024-08-12 23:03:11,018] {processor.py:161} INFO - Processing /home/kai/Documents/airflowalura/venv/lib/python3.9/site-packages/airflow/example_dags/example_branch_operator.py took 0.050 seconds
[2024-08-12 23:03:43,893] {processor.py:153} INFO - Started process (PID=14987) to work on /home/kai/Documents/airflowalura/venv/lib/python3.9/site-packages/airflow/example_dags/example_branch_operator.py
[2024-08-12 23:03:43,894] {processor.py:641} INFO - Processing file /home/kai/Documents/airflowalura/venv/lib/python3.9/site-packages/airflow/example_dags/example_branch_operator.py for tasks to queue
[2024-08-12 23:03:43,894] {logging_mixin.py:115} INFO - [2024-08-12 23:03:43,894] {dagbag.py:507} INFO - Filling up the DagBag from /home/kai/Documents/airflowalura/venv/lib/python3.9/site-packages/airflow/example_dags/example_branch_operator.py
[2024-08-12 23:03:43,905] {processor.py:651} INFO - DAG(s) dict_keys(['example_branch_operator']) retrieved from /home/kai/Documents/airflowalura/venv/lib/python3.9/site-packages/airflow/example_dags/example_branch_operator.py
[2024-08-12 23:03:43,924] {logging_mixin.py:115} INFO - [2024-08-12 23:03:43,924] {dag.py:2379} INFO - Sync 1 DAGs
[2024-08-12 23:03:43,943] {logging_mixin.py:115} INFO - [2024-08-12 23:03:43,943] {dag.py:2927} INFO - Setting next_dagrun for example_branch_operator to 2024-08-12T00:00:00+00:00, run_after=2024-08-13T00:00:00+00:00
[2024-08-12 23:03:43,952] {processor.py:161} INFO - Processing /home/kai/Documents/airflowalura/venv/lib/python3.9/site-packages/airflow/example_dags/example_branch_operator.py took 0.062 seconds
[2024-08-12 23:04:21,546] {processor.py:153} INFO - Started process (PID=15219) to work on /home/kai/Documents/airflowalura/venv/lib/python3.9/site-packages/airflow/example_dags/example_branch_operator.py
[2024-08-12 23:04:21,547] {processor.py:641} INFO - Processing file /home/kai/Documents/airflowalura/venv/lib/python3.9/site-packages/airflow/example_dags/example_branch_operator.py for tasks to queue
[2024-08-12 23:04:21,547] {logging_mixin.py:115} INFO - [2024-08-12 23:04:21,547] {dagbag.py:507} INFO - Filling up the DagBag from /home/kai/Documents/airflowalura/venv/lib/python3.9/site-packages/airflow/example_dags/example_branch_operator.py
[2024-08-12 23:04:21,559] {processor.py:651} INFO - DAG(s) dict_keys(['example_branch_operator']) retrieved from /home/kai/Documents/airflowalura/venv/lib/python3.9/site-packages/airflow/example_dags/example_branch_operator.py
[2024-08-12 23:04:21,572] {logging_mixin.py:115} INFO - [2024-08-12 23:04:21,572] {dag.py:2379} INFO - Sync 1 DAGs
[2024-08-12 23:04:21,587] {logging_mixin.py:115} INFO - [2024-08-12 23:04:21,586] {dag.py:2927} INFO - Setting next_dagrun for example_branch_operator to 2024-08-12T00:00:00+00:00, run_after=2024-08-13T00:00:00+00:00
[2024-08-12 23:04:21,596] {processor.py:161} INFO - Processing /home/kai/Documents/airflowalura/venv/lib/python3.9/site-packages/airflow/example_dags/example_branch_operator.py took 0.052 seconds
[2024-08-12 23:04:56,691] {processor.py:153} INFO - Started process (PID=15415) to work on /home/kai/Documents/airflowalura/venv/lib/python3.9/site-packages/airflow/example_dags/example_branch_operator.py
[2024-08-12 23:04:56,692] {processor.py:641} INFO - Processing file /home/kai/Documents/airflowalura/venv/lib/python3.9/site-packages/airflow/example_dags/example_branch_operator.py for tasks to queue
[2024-08-12 23:04:56,693] {logging_mixin.py:115} INFO - [2024-08-12 23:04:56,693] {dagbag.py:507} INFO - Filling up the DagBag from /home/kai/Documents/airflowalura/venv/lib/python3.9/site-packages/airflow/example_dags/example_branch_operator.py
[2024-08-12 23:04:56,703] {processor.py:651} INFO - DAG(s) dict_keys(['example_branch_operator']) retrieved from /home/kai/Documents/airflowalura/venv/lib/python3.9/site-packages/airflow/example_dags/example_branch_operator.py
[2024-08-12 23:04:56,718] {logging_mixin.py:115} INFO - [2024-08-12 23:04:56,718] {dag.py:2379} INFO - Sync 1 DAGs
[2024-08-12 23:04:56,738] {logging_mixin.py:115} INFO - [2024-08-12 23:04:56,738] {dag.py:2927} INFO - Setting next_dagrun for example_branch_operator to 2024-08-12T00:00:00+00:00, run_after=2024-08-13T00:00:00+00:00
[2024-08-12 23:04:56,748] {processor.py:161} INFO - Processing /home/kai/Documents/airflowalura/venv/lib/python3.9/site-packages/airflow/example_dags/example_branch_operator.py took 0.059 seconds
[2024-08-12 23:05:29,434] {processor.py:153} INFO - Started process (PID=15660) to work on /home/kai/Documents/airflowalura/venv/lib/python3.9/site-packages/airflow/example_dags/example_branch_operator.py
[2024-08-12 23:05:29,435] {processor.py:641} INFO - Processing file /home/kai/Documents/airflowalura/venv/lib/python3.9/site-packages/airflow/example_dags/example_branch_operator.py for tasks to queue
[2024-08-12 23:05:29,435] {logging_mixin.py:115} INFO - [2024-08-12 23:05:29,435] {dagbag.py:507} INFO - Filling up the DagBag from /home/kai/Documents/airflowalura/venv/lib/python3.9/site-packages/airflow/example_dags/example_branch_operator.py
[2024-08-12 23:05:29,446] {processor.py:651} INFO - DAG(s) dict_keys(['example_branch_operator']) retrieved from /home/kai/Documents/airflowalura/venv/lib/python3.9/site-packages/airflow/example_dags/example_branch_operator.py
[2024-08-12 23:05:29,458] {logging_mixin.py:115} INFO - [2024-08-12 23:05:29,458] {dag.py:2379} INFO - Sync 1 DAGs
[2024-08-12 23:05:29,472] {logging_mixin.py:115} INFO - [2024-08-12 23:05:29,472] {dag.py:2927} INFO - Setting next_dagrun for example_branch_operator to 2024-08-12T00:00:00+00:00, run_after=2024-08-13T00:00:00+00:00
[2024-08-12 23:05:29,482] {processor.py:161} INFO - Processing /home/kai/Documents/airflowalura/venv/lib/python3.9/site-packages/airflow/example_dags/example_branch_operator.py took 0.052 seconds
