[2024-08-12 22:18:19,221] {processor.py:153} INFO - Started process (PID=35781) to work on /home/kai/Documents/airflowalura/venv/lib/python3.9/site-packages/airflow/example_dags/example_complex.py
[2024-08-12 22:18:19,222] {processor.py:641} INFO - Processing file /home/kai/Documents/airflowalura/venv/lib/python3.9/site-packages/airflow/example_dags/example_complex.py for tasks to queue
[2024-08-12 22:18:19,223] {logging_mixin.py:115} INFO - [2024-08-12 22:18:19,223] {dagbag.py:507} INFO - Filling up the DagBag from /home/kai/Documents/airflowalura/venv/lib/python3.9/site-packages/airflow/example_dags/example_complex.py
[2024-08-12 22:18:19,245] {processor.py:651} INFO - DAG(s) dict_keys(['example_complex']) retrieved from /home/kai/Documents/airflowalura/venv/lib/python3.9/site-packages/airflow/example_dags/example_complex.py
[2024-08-12 22:18:19,308] {logging_mixin.py:115} INFO - [2024-08-12 22:18:19,308] {dag.py:2379} INFO - Sync 1 DAGs
[2024-08-12 22:18:19,321] {logging_mixin.py:115} INFO - [2024-08-12 22:18:19,321] {dag.py:2927} INFO - Setting next_dagrun for example_complex to None, run_after=None
[2024-08-12 22:18:19,337] {processor.py:161} INFO - Processing /home/kai/Documents/airflowalura/venv/lib/python3.9/site-packages/airflow/example_dags/example_complex.py took 0.123 seconds
[2024-08-12 22:18:52,212] {processor.py:153} INFO - Started process (PID=36287) to work on /home/kai/Documents/airflowalura/venv/lib/python3.9/site-packages/airflow/example_dags/example_complex.py
[2024-08-12 22:18:52,212] {processor.py:641} INFO - Processing file /home/kai/Documents/airflowalura/venv/lib/python3.9/site-packages/airflow/example_dags/example_complex.py for tasks to queue
[2024-08-12 22:18:52,213] {logging_mixin.py:115} INFO - [2024-08-12 22:18:52,213] {dagbag.py:507} INFO - Filling up the DagBag from /home/kai/Documents/airflowalura/venv/lib/python3.9/site-packages/airflow/example_dags/example_complex.py
[2024-08-12 22:18:52,222] {processor.py:651} INFO - DAG(s) dict_keys(['example_complex']) retrieved from /home/kai/Documents/airflowalura/venv/lib/python3.9/site-packages/airflow/example_dags/example_complex.py
[2024-08-12 22:18:52,239] {logging_mixin.py:115} INFO - [2024-08-12 22:18:52,239] {dag.py:2379} INFO - Sync 1 DAGs
[2024-08-12 22:18:52,257] {logging_mixin.py:115} INFO - [2024-08-12 22:18:52,257] {dag.py:2927} INFO - Setting next_dagrun for example_complex to None, run_after=None
[2024-08-12 22:18:52,267] {processor.py:161} INFO - Processing /home/kai/Documents/airflowalura/venv/lib/python3.9/site-packages/airflow/example_dags/example_complex.py took 0.058 seconds
[2024-08-12 22:19:28,174] {processor.py:153} INFO - Started process (PID=36518) to work on /home/kai/Documents/airflowalura/venv/lib/python3.9/site-packages/airflow/example_dags/example_complex.py
[2024-08-12 22:19:28,174] {processor.py:641} INFO - Processing file /home/kai/Documents/airflowalura/venv/lib/python3.9/site-packages/airflow/example_dags/example_complex.py for tasks to queue
[2024-08-12 22:19:28,175] {logging_mixin.py:115} INFO - [2024-08-12 22:19:28,175] {dagbag.py:507} INFO - Filling up the DagBag from /home/kai/Documents/airflowalura/venv/lib/python3.9/site-packages/airflow/example_dags/example_complex.py
[2024-08-12 22:19:28,185] {processor.py:651} INFO - DAG(s) dict_keys(['example_complex']) retrieved from /home/kai/Documents/airflowalura/venv/lib/python3.9/site-packages/airflow/example_dags/example_complex.py
[2024-08-12 22:19:28,205] {logging_mixin.py:115} INFO - [2024-08-12 22:19:28,205] {dag.py:2379} INFO - Sync 1 DAGs
[2024-08-12 22:19:28,227] {logging_mixin.py:115} INFO - [2024-08-12 22:19:28,227] {dag.py:2927} INFO - Setting next_dagrun for example_complex to None, run_after=None
[2024-08-12 22:19:28,238] {processor.py:161} INFO - Processing /home/kai/Documents/airflowalura/venv/lib/python3.9/site-packages/airflow/example_dags/example_complex.py took 0.068 seconds
[2024-08-12 22:20:01,844] {processor.py:153} INFO - Started process (PID=36735) to work on /home/kai/Documents/airflowalura/venv/lib/python3.9/site-packages/airflow/example_dags/example_complex.py
[2024-08-12 22:20:01,845] {processor.py:641} INFO - Processing file /home/kai/Documents/airflowalura/venv/lib/python3.9/site-packages/airflow/example_dags/example_complex.py for tasks to queue
[2024-08-12 22:20:01,845] {logging_mixin.py:115} INFO - [2024-08-12 22:20:01,845] {dagbag.py:507} INFO - Filling up the DagBag from /home/kai/Documents/airflowalura/venv/lib/python3.9/site-packages/airflow/example_dags/example_complex.py
[2024-08-12 22:20:01,854] {processor.py:651} INFO - DAG(s) dict_keys(['example_complex']) retrieved from /home/kai/Documents/airflowalura/venv/lib/python3.9/site-packages/airflow/example_dags/example_complex.py
[2024-08-12 22:20:01,872] {logging_mixin.py:115} INFO - [2024-08-12 22:20:01,872] {dag.py:2379} INFO - Sync 1 DAGs
[2024-08-12 22:20:01,890] {logging_mixin.py:115} INFO - [2024-08-12 22:20:01,890] {dag.py:2927} INFO - Setting next_dagrun for example_complex to None, run_after=None
[2024-08-12 22:20:01,899] {processor.py:161} INFO - Processing /home/kai/Documents/airflowalura/venv/lib/python3.9/site-packages/airflow/example_dags/example_complex.py took 0.058 seconds
[2024-08-12 22:20:37,176] {processor.py:153} INFO - Started process (PID=36963) to work on /home/kai/Documents/airflowalura/venv/lib/python3.9/site-packages/airflow/example_dags/example_complex.py
[2024-08-12 22:20:37,177] {processor.py:641} INFO - Processing file /home/kai/Documents/airflowalura/venv/lib/python3.9/site-packages/airflow/example_dags/example_complex.py for tasks to queue
[2024-08-12 22:20:37,177] {logging_mixin.py:115} INFO - [2024-08-12 22:20:37,177] {dagbag.py:507} INFO - Filling up the DagBag from /home/kai/Documents/airflowalura/venv/lib/python3.9/site-packages/airflow/example_dags/example_complex.py
[2024-08-12 22:20:37,187] {processor.py:651} INFO - DAG(s) dict_keys(['example_complex']) retrieved from /home/kai/Documents/airflowalura/venv/lib/python3.9/site-packages/airflow/example_dags/example_complex.py
[2024-08-12 22:20:37,205] {logging_mixin.py:115} INFO - [2024-08-12 22:20:37,205] {dag.py:2379} INFO - Sync 1 DAGs
[2024-08-12 22:20:37,221] {logging_mixin.py:115} INFO - [2024-08-12 22:20:37,221] {dag.py:2927} INFO - Setting next_dagrun for example_complex to None, run_after=None
[2024-08-12 22:20:37,230] {processor.py:161} INFO - Processing /home/kai/Documents/airflowalura/venv/lib/python3.9/site-packages/airflow/example_dags/example_complex.py took 0.057 seconds
[2024-08-12 22:21:11,396] {processor.py:153} INFO - Started process (PID=37184) to work on /home/kai/Documents/airflowalura/venv/lib/python3.9/site-packages/airflow/example_dags/example_complex.py
[2024-08-12 22:21:11,397] {processor.py:641} INFO - Processing file /home/kai/Documents/airflowalura/venv/lib/python3.9/site-packages/airflow/example_dags/example_complex.py for tasks to queue
[2024-08-12 22:21:11,397] {logging_mixin.py:115} INFO - [2024-08-12 22:21:11,397] {dagbag.py:507} INFO - Filling up the DagBag from /home/kai/Documents/airflowalura/venv/lib/python3.9/site-packages/airflow/example_dags/example_complex.py
[2024-08-12 22:21:11,406] {processor.py:651} INFO - DAG(s) dict_keys(['example_complex']) retrieved from /home/kai/Documents/airflowalura/venv/lib/python3.9/site-packages/airflow/example_dags/example_complex.py
[2024-08-12 22:21:11,422] {logging_mixin.py:115} INFO - [2024-08-12 22:21:11,422] {dag.py:2379} INFO - Sync 1 DAGs
[2024-08-12 22:21:11,437] {logging_mixin.py:115} INFO - [2024-08-12 22:21:11,437] {dag.py:2927} INFO - Setting next_dagrun for example_complex to None, run_after=None
[2024-08-12 22:21:11,446] {processor.py:161} INFO - Processing /home/kai/Documents/airflowalura/venv/lib/python3.9/site-packages/airflow/example_dags/example_complex.py took 0.052 seconds
[2024-08-12 22:21:45,643] {processor.py:153} INFO - Started process (PID=37564) to work on /home/kai/Documents/airflowalura/venv/lib/python3.9/site-packages/airflow/example_dags/example_complex.py
[2024-08-12 22:21:45,644] {processor.py:641} INFO - Processing file /home/kai/Documents/airflowalura/venv/lib/python3.9/site-packages/airflow/example_dags/example_complex.py for tasks to queue
[2024-08-12 22:21:45,644] {logging_mixin.py:115} INFO - [2024-08-12 22:21:45,644] {dagbag.py:507} INFO - Filling up the DagBag from /home/kai/Documents/airflowalura/venv/lib/python3.9/site-packages/airflow/example_dags/example_complex.py
[2024-08-12 22:21:45,653] {processor.py:651} INFO - DAG(s) dict_keys(['example_complex']) retrieved from /home/kai/Documents/airflowalura/venv/lib/python3.9/site-packages/airflow/example_dags/example_complex.py
[2024-08-12 22:21:45,669] {logging_mixin.py:115} INFO - [2024-08-12 22:21:45,668] {dag.py:2379} INFO - Sync 1 DAGs
[2024-08-12 22:21:45,684] {logging_mixin.py:115} INFO - [2024-08-12 22:21:45,684] {dag.py:2927} INFO - Setting next_dagrun for example_complex to None, run_after=None
[2024-08-12 22:21:45,692] {processor.py:161} INFO - Processing /home/kai/Documents/airflowalura/venv/lib/python3.9/site-packages/airflow/example_dags/example_complex.py took 0.052 seconds
[2024-08-12 22:24:56,801] {processor.py:153} INFO - Started process (PID=39291) to work on /home/kai/Documents/airflowalura/venv/lib/python3.9/site-packages/airflow/example_dags/example_complex.py
[2024-08-12 22:24:56,812] {processor.py:641} INFO - Processing file /home/kai/Documents/airflowalura/venv/lib/python3.9/site-packages/airflow/example_dags/example_complex.py for tasks to queue
[2024-08-12 22:24:56,813] {logging_mixin.py:115} INFO - [2024-08-12 22:24:56,813] {dagbag.py:507} INFO - Filling up the DagBag from /home/kai/Documents/airflowalura/venv/lib/python3.9/site-packages/airflow/example_dags/example_complex.py
[2024-08-12 22:24:56,824] {processor.py:651} INFO - DAG(s) dict_keys(['example_complex']) retrieved from /home/kai/Documents/airflowalura/venv/lib/python3.9/site-packages/airflow/example_dags/example_complex.py
[2024-08-12 22:24:56,852] {logging_mixin.py:115} INFO - [2024-08-12 22:24:56,852] {dag.py:2379} INFO - Sync 1 DAGs
[2024-08-12 22:24:56,877] {logging_mixin.py:115} INFO - [2024-08-12 22:24:56,877] {dag.py:2927} INFO - Setting next_dagrun for example_complex to None, run_after=None
[2024-08-12 22:24:56,910] {processor.py:161} INFO - Processing /home/kai/Documents/airflowalura/venv/lib/python3.9/site-packages/airflow/example_dags/example_complex.py took 0.112 seconds
[2024-08-12 22:25:33,088] {processor.py:153} INFO - Started process (PID=39598) to work on /home/kai/Documents/airflowalura/venv/lib/python3.9/site-packages/airflow/example_dags/example_complex.py
[2024-08-12 22:25:33,089] {processor.py:641} INFO - Processing file /home/kai/Documents/airflowalura/venv/lib/python3.9/site-packages/airflow/example_dags/example_complex.py for tasks to queue
[2024-08-12 22:25:33,090] {logging_mixin.py:115} INFO - [2024-08-12 22:25:33,089] {dagbag.py:507} INFO - Filling up the DagBag from /home/kai/Documents/airflowalura/venv/lib/python3.9/site-packages/airflow/example_dags/example_complex.py
[2024-08-12 22:25:33,103] {processor.py:651} INFO - DAG(s) dict_keys(['example_complex']) retrieved from /home/kai/Documents/airflowalura/venv/lib/python3.9/site-packages/airflow/example_dags/example_complex.py
[2024-08-12 22:25:33,124] {logging_mixin.py:115} INFO - [2024-08-12 22:25:33,124] {dag.py:2379} INFO - Sync 1 DAGs
[2024-08-12 22:25:33,149] {logging_mixin.py:115} INFO - [2024-08-12 22:25:33,149] {dag.py:2927} INFO - Setting next_dagrun for example_complex to None, run_after=None
[2024-08-12 22:25:33,165] {processor.py:161} INFO - Processing /home/kai/Documents/airflowalura/venv/lib/python3.9/site-packages/airflow/example_dags/example_complex.py took 0.081 seconds
[2024-08-12 22:26:08,031] {processor.py:153} INFO - Started process (PID=39914) to work on /home/kai/Documents/airflowalura/venv/lib/python3.9/site-packages/airflow/example_dags/example_complex.py
[2024-08-12 22:26:08,035] {processor.py:641} INFO - Processing file /home/kai/Documents/airflowalura/venv/lib/python3.9/site-packages/airflow/example_dags/example_complex.py for tasks to queue
[2024-08-12 22:26:08,036] {logging_mixin.py:115} INFO - [2024-08-12 22:26:08,036] {dagbag.py:507} INFO - Filling up the DagBag from /home/kai/Documents/airflowalura/venv/lib/python3.9/site-packages/airflow/example_dags/example_complex.py
[2024-08-12 22:26:08,051] {processor.py:651} INFO - DAG(s) dict_keys(['example_complex']) retrieved from /home/kai/Documents/airflowalura/venv/lib/python3.9/site-packages/airflow/example_dags/example_complex.py
[2024-08-12 22:26:08,087] {logging_mixin.py:115} INFO - [2024-08-12 22:26:08,087] {dag.py:2379} INFO - Sync 1 DAGs
[2024-08-12 22:26:08,126] {logging_mixin.py:115} INFO - [2024-08-12 22:26:08,125] {dag.py:2927} INFO - Setting next_dagrun for example_complex to None, run_after=None
[2024-08-12 22:26:08,151] {processor.py:161} INFO - Processing /home/kai/Documents/airflowalura/venv/lib/python3.9/site-packages/airflow/example_dags/example_complex.py took 0.125 seconds
[2024-08-12 22:26:44,500] {processor.py:153} INFO - Started process (PID=40478) to work on /home/kai/Documents/airflowalura/venv/lib/python3.9/site-packages/airflow/example_dags/example_complex.py
[2024-08-12 22:26:44,505] {processor.py:641} INFO - Processing file /home/kai/Documents/airflowalura/venv/lib/python3.9/site-packages/airflow/example_dags/example_complex.py for tasks to queue
[2024-08-12 22:26:44,506] {logging_mixin.py:115} INFO - [2024-08-12 22:26:44,506] {dagbag.py:507} INFO - Filling up the DagBag from /home/kai/Documents/airflowalura/venv/lib/python3.9/site-packages/airflow/example_dags/example_complex.py
[2024-08-12 22:26:44,536] {processor.py:651} INFO - DAG(s) dict_keys(['example_complex']) retrieved from /home/kai/Documents/airflowalura/venv/lib/python3.9/site-packages/airflow/example_dags/example_complex.py
[2024-08-12 22:26:44,581] {logging_mixin.py:115} INFO - [2024-08-12 22:26:44,581] {dag.py:2379} INFO - Sync 1 DAGs
[2024-08-12 22:26:44,608] {logging_mixin.py:115} INFO - [2024-08-12 22:26:44,608] {dag.py:2927} INFO - Setting next_dagrun for example_complex to None, run_after=None
[2024-08-12 22:26:44,620] {processor.py:161} INFO - Processing /home/kai/Documents/airflowalura/venv/lib/python3.9/site-packages/airflow/example_dags/example_complex.py took 0.124 seconds
[2024-08-12 22:27:19,532] {processor.py:153} INFO - Started process (PID=40762) to work on /home/kai/Documents/airflowalura/venv/lib/python3.9/site-packages/airflow/example_dags/example_complex.py
[2024-08-12 22:27:19,538] {processor.py:641} INFO - Processing file /home/kai/Documents/airflowalura/venv/lib/python3.9/site-packages/airflow/example_dags/example_complex.py for tasks to queue
[2024-08-12 22:27:19,538] {logging_mixin.py:115} INFO - [2024-08-12 22:27:19,538] {dagbag.py:507} INFO - Filling up the DagBag from /home/kai/Documents/airflowalura/venv/lib/python3.9/site-packages/airflow/example_dags/example_complex.py
[2024-08-12 22:27:19,551] {processor.py:651} INFO - DAG(s) dict_keys(['example_complex']) retrieved from /home/kai/Documents/airflowalura/venv/lib/python3.9/site-packages/airflow/example_dags/example_complex.py
[2024-08-12 22:27:19,577] {logging_mixin.py:115} INFO - [2024-08-12 22:27:19,577] {dag.py:2379} INFO - Sync 1 DAGs
[2024-08-12 22:27:19,597] {logging_mixin.py:115} INFO - [2024-08-12 22:27:19,597] {dag.py:2927} INFO - Setting next_dagrun for example_complex to None, run_after=None
[2024-08-12 22:27:19,611] {processor.py:161} INFO - Processing /home/kai/Documents/airflowalura/venv/lib/python3.9/site-packages/airflow/example_dags/example_complex.py took 0.083 seconds
[2024-08-12 22:28:56,892] {processor.py:153} INFO - Started process (PID=41830) to work on /home/kai/Documents/airflowalura/venv/lib/python3.9/site-packages/airflow/example_dags/example_complex.py
[2024-08-12 22:28:56,895] {processor.py:641} INFO - Processing file /home/kai/Documents/airflowalura/venv/lib/python3.9/site-packages/airflow/example_dags/example_complex.py for tasks to queue
[2024-08-12 22:28:56,896] {logging_mixin.py:115} INFO - [2024-08-12 22:28:56,896] {dagbag.py:507} INFO - Filling up the DagBag from /home/kai/Documents/airflowalura/venv/lib/python3.9/site-packages/airflow/example_dags/example_complex.py
[2024-08-12 22:28:56,912] {processor.py:651} INFO - DAG(s) dict_keys(['example_complex']) retrieved from /home/kai/Documents/airflowalura/venv/lib/python3.9/site-packages/airflow/example_dags/example_complex.py
[2024-08-12 22:28:56,943] {logging_mixin.py:115} INFO - [2024-08-12 22:28:56,943] {dag.py:2379} INFO - Sync 1 DAGs
[2024-08-12 22:28:56,974] {logging_mixin.py:115} INFO - [2024-08-12 22:28:56,974] {dag.py:2927} INFO - Setting next_dagrun for example_complex to None, run_after=None
[2024-08-12 22:28:56,991] {processor.py:161} INFO - Processing /home/kai/Documents/airflowalura/venv/lib/python3.9/site-packages/airflow/example_dags/example_complex.py took 0.106 seconds
[2024-08-12 22:35:45,337] {processor.py:153} INFO - Started process (PID=3696) to work on /home/kai/Documents/airflowalura/venv/lib/python3.9/site-packages/airflow/example_dags/example_complex.py
[2024-08-12 22:35:45,338] {processor.py:641} INFO - Processing file /home/kai/Documents/airflowalura/venv/lib/python3.9/site-packages/airflow/example_dags/example_complex.py for tasks to queue
[2024-08-12 22:35:45,339] {logging_mixin.py:115} INFO - [2024-08-12 22:35:45,339] {dagbag.py:507} INFO - Filling up the DagBag from /home/kai/Documents/airflowalura/venv/lib/python3.9/site-packages/airflow/example_dags/example_complex.py
[2024-08-12 22:35:45,348] {processor.py:651} INFO - DAG(s) dict_keys(['example_complex']) retrieved from /home/kai/Documents/airflowalura/venv/lib/python3.9/site-packages/airflow/example_dags/example_complex.py
[2024-08-12 22:35:45,372] {logging_mixin.py:115} INFO - [2024-08-12 22:35:45,372] {dag.py:2379} INFO - Sync 1 DAGs
[2024-08-12 22:35:45,389] {logging_mixin.py:115} INFO - [2024-08-12 22:35:45,389] {dag.py:2927} INFO - Setting next_dagrun for example_complex to None, run_after=None
[2024-08-12 22:35:45,401] {processor.py:161} INFO - Processing /home/kai/Documents/airflowalura/venv/lib/python3.9/site-packages/airflow/example_dags/example_complex.py took 0.066 seconds
[2024-08-12 22:36:23,595] {processor.py:153} INFO - Started process (PID=3984) to work on /home/kai/Documents/airflowalura/venv/lib/python3.9/site-packages/airflow/example_dags/example_complex.py
[2024-08-12 22:36:23,595] {processor.py:641} INFO - Processing file /home/kai/Documents/airflowalura/venv/lib/python3.9/site-packages/airflow/example_dags/example_complex.py for tasks to queue
[2024-08-12 22:36:23,596] {logging_mixin.py:115} INFO - [2024-08-12 22:36:23,596] {dagbag.py:507} INFO - Filling up the DagBag from /home/kai/Documents/airflowalura/venv/lib/python3.9/site-packages/airflow/example_dags/example_complex.py
[2024-08-12 22:36:23,606] {processor.py:651} INFO - DAG(s) dict_keys(['example_complex']) retrieved from /home/kai/Documents/airflowalura/venv/lib/python3.9/site-packages/airflow/example_dags/example_complex.py
[2024-08-12 22:36:23,624] {logging_mixin.py:115} INFO - [2024-08-12 22:36:23,624] {dag.py:2379} INFO - Sync 1 DAGs
[2024-08-12 22:36:23,640] {logging_mixin.py:115} INFO - [2024-08-12 22:36:23,639] {dag.py:2927} INFO - Setting next_dagrun for example_complex to None, run_after=None
[2024-08-12 22:36:23,649] {processor.py:161} INFO - Processing /home/kai/Documents/airflowalura/venv/lib/python3.9/site-packages/airflow/example_dags/example_complex.py took 0.057 seconds
[2024-08-12 22:36:57,126] {processor.py:153} INFO - Started process (PID=4168) to work on /home/kai/Documents/airflowalura/venv/lib/python3.9/site-packages/airflow/example_dags/example_complex.py
[2024-08-12 22:36:57,126] {processor.py:641} INFO - Processing file /home/kai/Documents/airflowalura/venv/lib/python3.9/site-packages/airflow/example_dags/example_complex.py for tasks to queue
[2024-08-12 22:36:57,127] {logging_mixin.py:115} INFO - [2024-08-12 22:36:57,127] {dagbag.py:507} INFO - Filling up the DagBag from /home/kai/Documents/airflowalura/venv/lib/python3.9/site-packages/airflow/example_dags/example_complex.py
[2024-08-12 22:36:57,136] {processor.py:651} INFO - DAG(s) dict_keys(['example_complex']) retrieved from /home/kai/Documents/airflowalura/venv/lib/python3.9/site-packages/airflow/example_dags/example_complex.py
[2024-08-12 22:36:57,151] {logging_mixin.py:115} INFO - [2024-08-12 22:36:57,151] {dag.py:2379} INFO - Sync 1 DAGs
[2024-08-12 22:36:57,166] {logging_mixin.py:115} INFO - [2024-08-12 22:36:57,166] {dag.py:2927} INFO - Setting next_dagrun for example_complex to None, run_after=None
[2024-08-12 22:36:57,177] {processor.py:161} INFO - Processing /home/kai/Documents/airflowalura/venv/lib/python3.9/site-packages/airflow/example_dags/example_complex.py took 0.054 seconds
[2024-08-12 22:37:30,864] {processor.py:153} INFO - Started process (PID=4579) to work on /home/kai/Documents/airflowalura/venv/lib/python3.9/site-packages/airflow/example_dags/example_complex.py
[2024-08-12 22:37:30,864] {processor.py:641} INFO - Processing file /home/kai/Documents/airflowalura/venv/lib/python3.9/site-packages/airflow/example_dags/example_complex.py for tasks to queue
[2024-08-12 22:37:30,865] {logging_mixin.py:115} INFO - [2024-08-12 22:37:30,865] {dagbag.py:507} INFO - Filling up the DagBag from /home/kai/Documents/airflowalura/venv/lib/python3.9/site-packages/airflow/example_dags/example_complex.py
[2024-08-12 22:37:30,874] {processor.py:651} INFO - DAG(s) dict_keys(['example_complex']) retrieved from /home/kai/Documents/airflowalura/venv/lib/python3.9/site-packages/airflow/example_dags/example_complex.py
[2024-08-12 22:37:30,889] {logging_mixin.py:115} INFO - [2024-08-12 22:37:30,889] {dag.py:2379} INFO - Sync 1 DAGs
[2024-08-12 22:37:30,904] {logging_mixin.py:115} INFO - [2024-08-12 22:37:30,904] {dag.py:2927} INFO - Setting next_dagrun for example_complex to None, run_after=None
[2024-08-12 22:37:30,913] {processor.py:161} INFO - Processing /home/kai/Documents/airflowalura/venv/lib/python3.9/site-packages/airflow/example_dags/example_complex.py took 0.051 seconds
[2024-08-12 22:38:06,212] {processor.py:153} INFO - Started process (PID=4827) to work on /home/kai/Documents/airflowalura/venv/lib/python3.9/site-packages/airflow/example_dags/example_complex.py
[2024-08-12 22:38:06,213] {processor.py:641} INFO - Processing file /home/kai/Documents/airflowalura/venv/lib/python3.9/site-packages/airflow/example_dags/example_complex.py for tasks to queue
[2024-08-12 22:38:06,214] {logging_mixin.py:115} INFO - [2024-08-12 22:38:06,214] {dagbag.py:507} INFO - Filling up the DagBag from /home/kai/Documents/airflowalura/venv/lib/python3.9/site-packages/airflow/example_dags/example_complex.py
[2024-08-12 22:38:06,225] {processor.py:651} INFO - DAG(s) dict_keys(['example_complex']) retrieved from /home/kai/Documents/airflowalura/venv/lib/python3.9/site-packages/airflow/example_dags/example_complex.py
[2024-08-12 22:38:06,246] {logging_mixin.py:115} INFO - [2024-08-12 22:38:06,246] {dag.py:2379} INFO - Sync 1 DAGs
[2024-08-12 22:38:06,263] {logging_mixin.py:115} INFO - [2024-08-12 22:38:06,263] {dag.py:2927} INFO - Setting next_dagrun for example_complex to None, run_after=None
[2024-08-12 22:38:06,274] {processor.py:161} INFO - Processing /home/kai/Documents/airflowalura/venv/lib/python3.9/site-packages/airflow/example_dags/example_complex.py took 0.065 seconds
[2024-08-12 22:38:39,597] {processor.py:153} INFO - Started process (PID=5128) to work on /home/kai/Documents/airflowalura/venv/lib/python3.9/site-packages/airflow/example_dags/example_complex.py
[2024-08-12 22:38:39,598] {processor.py:641} INFO - Processing file /home/kai/Documents/airflowalura/venv/lib/python3.9/site-packages/airflow/example_dags/example_complex.py for tasks to queue
[2024-08-12 22:38:39,599] {logging_mixin.py:115} INFO - [2024-08-12 22:38:39,598] {dagbag.py:507} INFO - Filling up the DagBag from /home/kai/Documents/airflowalura/venv/lib/python3.9/site-packages/airflow/example_dags/example_complex.py
[2024-08-12 22:38:39,608] {processor.py:651} INFO - DAG(s) dict_keys(['example_complex']) retrieved from /home/kai/Documents/airflowalura/venv/lib/python3.9/site-packages/airflow/example_dags/example_complex.py
[2024-08-12 22:38:39,623] {logging_mixin.py:115} INFO - [2024-08-12 22:38:39,623] {dag.py:2379} INFO - Sync 1 DAGs
[2024-08-12 22:38:39,638] {logging_mixin.py:115} INFO - [2024-08-12 22:38:39,638] {dag.py:2927} INFO - Setting next_dagrun for example_complex to None, run_after=None
[2024-08-12 22:38:39,647] {processor.py:161} INFO - Processing /home/kai/Documents/airflowalura/venv/lib/python3.9/site-packages/airflow/example_dags/example_complex.py took 0.052 seconds
[2024-08-12 22:39:15,487] {processor.py:153} INFO - Started process (PID=5538) to work on /home/kai/Documents/airflowalura/venv/lib/python3.9/site-packages/airflow/example_dags/example_complex.py
[2024-08-12 22:39:15,488] {processor.py:641} INFO - Processing file /home/kai/Documents/airflowalura/venv/lib/python3.9/site-packages/airflow/example_dags/example_complex.py for tasks to queue
[2024-08-12 22:39:15,488] {logging_mixin.py:115} INFO - [2024-08-12 22:39:15,488] {dagbag.py:507} INFO - Filling up the DagBag from /home/kai/Documents/airflowalura/venv/lib/python3.9/site-packages/airflow/example_dags/example_complex.py
[2024-08-12 22:39:15,497] {processor.py:651} INFO - DAG(s) dict_keys(['example_complex']) retrieved from /home/kai/Documents/airflowalura/venv/lib/python3.9/site-packages/airflow/example_dags/example_complex.py
[2024-08-12 22:39:15,514] {logging_mixin.py:115} INFO - [2024-08-12 22:39:15,514] {dag.py:2379} INFO - Sync 1 DAGs
[2024-08-12 22:39:15,530] {logging_mixin.py:115} INFO - [2024-08-12 22:39:15,530] {dag.py:2927} INFO - Setting next_dagrun for example_complex to None, run_after=None
[2024-08-12 22:39:15,538] {processor.py:161} INFO - Processing /home/kai/Documents/airflowalura/venv/lib/python3.9/site-packages/airflow/example_dags/example_complex.py took 0.054 seconds
[2024-08-12 22:39:51,597] {processor.py:153} INFO - Started process (PID=5745) to work on /home/kai/Documents/airflowalura/venv/lib/python3.9/site-packages/airflow/example_dags/example_complex.py
[2024-08-12 22:39:51,598] {processor.py:641} INFO - Processing file /home/kai/Documents/airflowalura/venv/lib/python3.9/site-packages/airflow/example_dags/example_complex.py for tasks to queue
[2024-08-12 22:39:51,599] {logging_mixin.py:115} INFO - [2024-08-12 22:39:51,599] {dagbag.py:507} INFO - Filling up the DagBag from /home/kai/Documents/airflowalura/venv/lib/python3.9/site-packages/airflow/example_dags/example_complex.py
[2024-08-12 22:39:51,608] {processor.py:651} INFO - DAG(s) dict_keys(['example_complex']) retrieved from /home/kai/Documents/airflowalura/venv/lib/python3.9/site-packages/airflow/example_dags/example_complex.py
[2024-08-12 22:39:51,627] {logging_mixin.py:115} INFO - [2024-08-12 22:39:51,627] {dag.py:2379} INFO - Sync 1 DAGs
[2024-08-12 22:39:51,644] {logging_mixin.py:115} INFO - [2024-08-12 22:39:51,644] {dag.py:2927} INFO - Setting next_dagrun for example_complex to None, run_after=None
[2024-08-12 22:39:51,655] {processor.py:161} INFO - Processing /home/kai/Documents/airflowalura/venv/lib/python3.9/site-packages/airflow/example_dags/example_complex.py took 0.060 seconds
[2024-08-12 22:40:23,797] {processor.py:153} INFO - Started process (PID=6188) to work on /home/kai/Documents/airflowalura/venv/lib/python3.9/site-packages/airflow/example_dags/example_complex.py
[2024-08-12 22:40:23,798] {processor.py:641} INFO - Processing file /home/kai/Documents/airflowalura/venv/lib/python3.9/site-packages/airflow/example_dags/example_complex.py for tasks to queue
[2024-08-12 22:40:23,799] {logging_mixin.py:115} INFO - [2024-08-12 22:40:23,799] {dagbag.py:507} INFO - Filling up the DagBag from /home/kai/Documents/airflowalura/venv/lib/python3.9/site-packages/airflow/example_dags/example_complex.py
[2024-08-12 22:40:23,810] {processor.py:651} INFO - DAG(s) dict_keys(['example_complex']) retrieved from /home/kai/Documents/airflowalura/venv/lib/python3.9/site-packages/airflow/example_dags/example_complex.py
[2024-08-12 22:40:23,828] {logging_mixin.py:115} INFO - [2024-08-12 22:40:23,828] {dag.py:2379} INFO - Sync 1 DAGs
[2024-08-12 22:40:23,845] {logging_mixin.py:115} INFO - [2024-08-12 22:40:23,844] {dag.py:2927} INFO - Setting next_dagrun for example_complex to None, run_after=None
[2024-08-12 22:40:23,855] {processor.py:161} INFO - Processing /home/kai/Documents/airflowalura/venv/lib/python3.9/site-packages/airflow/example_dags/example_complex.py took 0.061 seconds
[2024-08-12 22:40:58,605] {processor.py:153} INFO - Started process (PID=6395) to work on /home/kai/Documents/airflowalura/venv/lib/python3.9/site-packages/airflow/example_dags/example_complex.py
[2024-08-12 22:40:58,606] {processor.py:641} INFO - Processing file /home/kai/Documents/airflowalura/venv/lib/python3.9/site-packages/airflow/example_dags/example_complex.py for tasks to queue
[2024-08-12 22:40:58,606] {logging_mixin.py:115} INFO - [2024-08-12 22:40:58,606] {dagbag.py:507} INFO - Filling up the DagBag from /home/kai/Documents/airflowalura/venv/lib/python3.9/site-packages/airflow/example_dags/example_complex.py
[2024-08-12 22:40:58,615] {processor.py:651} INFO - DAG(s) dict_keys(['example_complex']) retrieved from /home/kai/Documents/airflowalura/venv/lib/python3.9/site-packages/airflow/example_dags/example_complex.py
[2024-08-12 22:40:58,630] {logging_mixin.py:115} INFO - [2024-08-12 22:40:58,630] {dag.py:2379} INFO - Sync 1 DAGs
[2024-08-12 22:40:58,650] {logging_mixin.py:115} INFO - [2024-08-12 22:40:58,650] {dag.py:2927} INFO - Setting next_dagrun for example_complex to None, run_after=None
[2024-08-12 22:40:58,662] {processor.py:161} INFO - Processing /home/kai/Documents/airflowalura/venv/lib/python3.9/site-packages/airflow/example_dags/example_complex.py took 0.059 seconds
[2024-08-12 22:41:36,029] {processor.py:153} INFO - Started process (PID=6871) to work on /home/kai/Documents/airflowalura/venv/lib/python3.9/site-packages/airflow/example_dags/example_complex.py
[2024-08-12 22:41:36,031] {processor.py:641} INFO - Processing file /home/kai/Documents/airflowalura/venv/lib/python3.9/site-packages/airflow/example_dags/example_complex.py for tasks to queue
[2024-08-12 22:41:36,032] {logging_mixin.py:115} INFO - [2024-08-12 22:41:36,031] {dagbag.py:507} INFO - Filling up the DagBag from /home/kai/Documents/airflowalura/venv/lib/python3.9/site-packages/airflow/example_dags/example_complex.py
[2024-08-12 22:41:36,047] {processor.py:651} INFO - DAG(s) dict_keys(['example_complex']) retrieved from /home/kai/Documents/airflowalura/venv/lib/python3.9/site-packages/airflow/example_dags/example_complex.py
[2024-08-12 22:41:36,071] {logging_mixin.py:115} INFO - [2024-08-12 22:41:36,071] {dag.py:2379} INFO - Sync 1 DAGs
[2024-08-12 22:41:36,095] {logging_mixin.py:115} INFO - [2024-08-12 22:41:36,095] {dag.py:2927} INFO - Setting next_dagrun for example_complex to None, run_after=None
[2024-08-12 22:41:36,108] {processor.py:161} INFO - Processing /home/kai/Documents/airflowalura/venv/lib/python3.9/site-packages/airflow/example_dags/example_complex.py took 0.083 seconds
[2024-08-12 22:42:13,275] {processor.py:153} INFO - Started process (PID=7210) to work on /home/kai/Documents/airflowalura/venv/lib/python3.9/site-packages/airflow/example_dags/example_complex.py
[2024-08-12 22:42:13,277] {processor.py:641} INFO - Processing file /home/kai/Documents/airflowalura/venv/lib/python3.9/site-packages/airflow/example_dags/example_complex.py for tasks to queue
[2024-08-12 22:42:13,277] {logging_mixin.py:115} INFO - [2024-08-12 22:42:13,277] {dagbag.py:507} INFO - Filling up the DagBag from /home/kai/Documents/airflowalura/venv/lib/python3.9/site-packages/airflow/example_dags/example_complex.py
[2024-08-12 22:42:13,287] {processor.py:651} INFO - DAG(s) dict_keys(['example_complex']) retrieved from /home/kai/Documents/airflowalura/venv/lib/python3.9/site-packages/airflow/example_dags/example_complex.py
[2024-08-12 22:42:13,305] {logging_mixin.py:115} INFO - [2024-08-12 22:42:13,305] {dag.py:2379} INFO - Sync 1 DAGs
[2024-08-12 22:42:13,323] {logging_mixin.py:115} INFO - [2024-08-12 22:42:13,323] {dag.py:2927} INFO - Setting next_dagrun for example_complex to None, run_after=None
[2024-08-12 22:42:13,333] {processor.py:161} INFO - Processing /home/kai/Documents/airflowalura/venv/lib/python3.9/site-packages/airflow/example_dags/example_complex.py took 0.062 seconds
[2024-08-12 22:42:49,964] {processor.py:153} INFO - Started process (PID=7507) to work on /home/kai/Documents/airflowalura/venv/lib/python3.9/site-packages/airflow/example_dags/example_complex.py
[2024-08-12 22:42:49,965] {processor.py:641} INFO - Processing file /home/kai/Documents/airflowalura/venv/lib/python3.9/site-packages/airflow/example_dags/example_complex.py for tasks to queue
[2024-08-12 22:42:49,966] {logging_mixin.py:115} INFO - [2024-08-12 22:42:49,966] {dagbag.py:507} INFO - Filling up the DagBag from /home/kai/Documents/airflowalura/venv/lib/python3.9/site-packages/airflow/example_dags/example_complex.py
[2024-08-12 22:42:49,984] {processor.py:651} INFO - DAG(s) dict_keys(['example_complex']) retrieved from /home/kai/Documents/airflowalura/venv/lib/python3.9/site-packages/airflow/example_dags/example_complex.py
[2024-08-12 22:42:50,012] {logging_mixin.py:115} INFO - [2024-08-12 22:42:50,012] {dag.py:2379} INFO - Sync 1 DAGs
[2024-08-12 22:42:50,044] {logging_mixin.py:115} INFO - [2024-08-12 22:42:50,044] {dag.py:2927} INFO - Setting next_dagrun for example_complex to None, run_after=None
[2024-08-12 22:42:50,066] {processor.py:161} INFO - Processing /home/kai/Documents/airflowalura/venv/lib/python3.9/site-packages/airflow/example_dags/example_complex.py took 0.105 seconds
[2024-08-12 22:43:27,851] {processor.py:153} INFO - Started process (PID=7704) to work on /home/kai/Documents/airflowalura/venv/lib/python3.9/site-packages/airflow/example_dags/example_complex.py
[2024-08-12 22:43:27,852] {processor.py:641} INFO - Processing file /home/kai/Documents/airflowalura/venv/lib/python3.9/site-packages/airflow/example_dags/example_complex.py for tasks to queue
[2024-08-12 22:43:27,852] {logging_mixin.py:115} INFO - [2024-08-12 22:43:27,852] {dagbag.py:507} INFO - Filling up the DagBag from /home/kai/Documents/airflowalura/venv/lib/python3.9/site-packages/airflow/example_dags/example_complex.py
[2024-08-12 22:43:27,865] {processor.py:651} INFO - DAG(s) dict_keys(['example_complex']) retrieved from /home/kai/Documents/airflowalura/venv/lib/python3.9/site-packages/airflow/example_dags/example_complex.py
[2024-08-12 22:43:27,890] {logging_mixin.py:115} INFO - [2024-08-12 22:43:27,890] {dag.py:2379} INFO - Sync 1 DAGs
[2024-08-12 22:43:27,915] {logging_mixin.py:115} INFO - [2024-08-12 22:43:27,915] {dag.py:2927} INFO - Setting next_dagrun for example_complex to None, run_after=None
[2024-08-12 22:43:27,932] {processor.py:161} INFO - Processing /home/kai/Documents/airflowalura/venv/lib/python3.9/site-packages/airflow/example_dags/example_complex.py took 0.084 seconds
[2024-08-12 22:44:01,627] {processor.py:153} INFO - Started process (PID=7995) to work on /home/kai/Documents/airflowalura/venv/lib/python3.9/site-packages/airflow/example_dags/example_complex.py
[2024-08-12 22:44:01,628] {processor.py:641} INFO - Processing file /home/kai/Documents/airflowalura/venv/lib/python3.9/site-packages/airflow/example_dags/example_complex.py for tasks to queue
[2024-08-12 22:44:01,628] {logging_mixin.py:115} INFO - [2024-08-12 22:44:01,628] {dagbag.py:507} INFO - Filling up the DagBag from /home/kai/Documents/airflowalura/venv/lib/python3.9/site-packages/airflow/example_dags/example_complex.py
[2024-08-12 22:44:01,640] {processor.py:651} INFO - DAG(s) dict_keys(['example_complex']) retrieved from /home/kai/Documents/airflowalura/venv/lib/python3.9/site-packages/airflow/example_dags/example_complex.py
[2024-08-12 22:44:01,656] {logging_mixin.py:115} INFO - [2024-08-12 22:44:01,656] {dag.py:2379} INFO - Sync 1 DAGs
[2024-08-12 22:44:01,674] {logging_mixin.py:115} INFO - [2024-08-12 22:44:01,674] {dag.py:2927} INFO - Setting next_dagrun for example_complex to None, run_after=None
[2024-08-12 22:44:01,684] {processor.py:161} INFO - Processing /home/kai/Documents/airflowalura/venv/lib/python3.9/site-packages/airflow/example_dags/example_complex.py took 0.059 seconds
[2024-08-12 22:44:37,585] {processor.py:153} INFO - Started process (PID=8183) to work on /home/kai/Documents/airflowalura/venv/lib/python3.9/site-packages/airflow/example_dags/example_complex.py
[2024-08-12 22:44:37,586] {processor.py:641} INFO - Processing file /home/kai/Documents/airflowalura/venv/lib/python3.9/site-packages/airflow/example_dags/example_complex.py for tasks to queue
[2024-08-12 22:44:37,587] {logging_mixin.py:115} INFO - [2024-08-12 22:44:37,587] {dagbag.py:507} INFO - Filling up the DagBag from /home/kai/Documents/airflowalura/venv/lib/python3.9/site-packages/airflow/example_dags/example_complex.py
[2024-08-12 22:44:37,599] {processor.py:651} INFO - DAG(s) dict_keys(['example_complex']) retrieved from /home/kai/Documents/airflowalura/venv/lib/python3.9/site-packages/airflow/example_dags/example_complex.py
[2024-08-12 22:44:37,617] {logging_mixin.py:115} INFO - [2024-08-12 22:44:37,617] {dag.py:2379} INFO - Sync 1 DAGs
[2024-08-12 22:44:37,636] {logging_mixin.py:115} INFO - [2024-08-12 22:44:37,636] {dag.py:2927} INFO - Setting next_dagrun for example_complex to None, run_after=None
[2024-08-12 22:44:37,648] {processor.py:161} INFO - Processing /home/kai/Documents/airflowalura/venv/lib/python3.9/site-packages/airflow/example_dags/example_complex.py took 0.065 seconds
[2024-08-12 22:45:11,231] {processor.py:153} INFO - Started process (PID=8488) to work on /home/kai/Documents/airflowalura/venv/lib/python3.9/site-packages/airflow/example_dags/example_complex.py
[2024-08-12 22:45:11,232] {processor.py:641} INFO - Processing file /home/kai/Documents/airflowalura/venv/lib/python3.9/site-packages/airflow/example_dags/example_complex.py for tasks to queue
[2024-08-12 22:45:11,233] {logging_mixin.py:115} INFO - [2024-08-12 22:45:11,233] {dagbag.py:507} INFO - Filling up the DagBag from /home/kai/Documents/airflowalura/venv/lib/python3.9/site-packages/airflow/example_dags/example_complex.py
[2024-08-12 22:45:11,245] {processor.py:651} INFO - DAG(s) dict_keys(['example_complex']) retrieved from /home/kai/Documents/airflowalura/venv/lib/python3.9/site-packages/airflow/example_dags/example_complex.py
[2024-08-12 22:45:11,263] {logging_mixin.py:115} INFO - [2024-08-12 22:45:11,263] {dag.py:2379} INFO - Sync 1 DAGs
[2024-08-12 22:45:11,282] {logging_mixin.py:115} INFO - [2024-08-12 22:45:11,282] {dag.py:2927} INFO - Setting next_dagrun for example_complex to None, run_after=None
[2024-08-12 22:45:11,293] {processor.py:161} INFO - Processing /home/kai/Documents/airflowalura/venv/lib/python3.9/site-packages/airflow/example_dags/example_complex.py took 0.066 seconds
[2024-08-12 22:45:46,286] {processor.py:153} INFO - Started process (PID=8779) to work on /home/kai/Documents/airflowalura/venv/lib/python3.9/site-packages/airflow/example_dags/example_complex.py
[2024-08-12 22:45:46,287] {processor.py:641} INFO - Processing file /home/kai/Documents/airflowalura/venv/lib/python3.9/site-packages/airflow/example_dags/example_complex.py for tasks to queue
[2024-08-12 22:45:46,288] {logging_mixin.py:115} INFO - [2024-08-12 22:45:46,288] {dagbag.py:507} INFO - Filling up the DagBag from /home/kai/Documents/airflowalura/venv/lib/python3.9/site-packages/airflow/example_dags/example_complex.py
[2024-08-12 22:45:46,297] {processor.py:651} INFO - DAG(s) dict_keys(['example_complex']) retrieved from /home/kai/Documents/airflowalura/venv/lib/python3.9/site-packages/airflow/example_dags/example_complex.py
[2024-08-12 22:45:46,314] {logging_mixin.py:115} INFO - [2024-08-12 22:45:46,314] {dag.py:2379} INFO - Sync 1 DAGs
[2024-08-12 22:45:46,327] {logging_mixin.py:115} INFO - [2024-08-12 22:45:46,327] {dag.py:2927} INFO - Setting next_dagrun for example_complex to None, run_after=None
[2024-08-12 22:45:46,336] {processor.py:161} INFO - Processing /home/kai/Documents/airflowalura/venv/lib/python3.9/site-packages/airflow/example_dags/example_complex.py took 0.052 seconds
[2024-08-12 22:46:20,672] {processor.py:153} INFO - Started process (PID=8969) to work on /home/kai/Documents/airflowalura/venv/lib/python3.9/site-packages/airflow/example_dags/example_complex.py
[2024-08-12 22:46:20,672] {processor.py:641} INFO - Processing file /home/kai/Documents/airflowalura/venv/lib/python3.9/site-packages/airflow/example_dags/example_complex.py for tasks to queue
[2024-08-12 22:46:20,673] {logging_mixin.py:115} INFO - [2024-08-12 22:46:20,673] {dagbag.py:507} INFO - Filling up the DagBag from /home/kai/Documents/airflowalura/venv/lib/python3.9/site-packages/airflow/example_dags/example_complex.py
[2024-08-12 22:46:20,682] {processor.py:651} INFO - DAG(s) dict_keys(['example_complex']) retrieved from /home/kai/Documents/airflowalura/venv/lib/python3.9/site-packages/airflow/example_dags/example_complex.py
[2024-08-12 22:46:20,699] {logging_mixin.py:115} INFO - [2024-08-12 22:46:20,698] {dag.py:2379} INFO - Sync 1 DAGs
[2024-08-12 22:46:20,711] {logging_mixin.py:115} INFO - [2024-08-12 22:46:20,711] {dag.py:2927} INFO - Setting next_dagrun for example_complex to None, run_after=None
[2024-08-12 22:46:20,720] {processor.py:161} INFO - Processing /home/kai/Documents/airflowalura/venv/lib/python3.9/site-packages/airflow/example_dags/example_complex.py took 0.050 seconds
[2024-08-12 22:46:55,057] {processor.py:153} INFO - Started process (PID=9164) to work on /home/kai/Documents/airflowalura/venv/lib/python3.9/site-packages/airflow/example_dags/example_complex.py
[2024-08-12 22:46:55,058] {processor.py:641} INFO - Processing file /home/kai/Documents/airflowalura/venv/lib/python3.9/site-packages/airflow/example_dags/example_complex.py for tasks to queue
[2024-08-12 22:46:55,059] {logging_mixin.py:115} INFO - [2024-08-12 22:46:55,059] {dagbag.py:507} INFO - Filling up the DagBag from /home/kai/Documents/airflowalura/venv/lib/python3.9/site-packages/airflow/example_dags/example_complex.py
[2024-08-12 22:46:55,067] {processor.py:651} INFO - DAG(s) dict_keys(['example_complex']) retrieved from /home/kai/Documents/airflowalura/venv/lib/python3.9/site-packages/airflow/example_dags/example_complex.py
[2024-08-12 22:46:55,084] {logging_mixin.py:115} INFO - [2024-08-12 22:46:55,084] {dag.py:2379} INFO - Sync 1 DAGs
[2024-08-12 22:46:55,096] {logging_mixin.py:115} INFO - [2024-08-12 22:46:55,096] {dag.py:2927} INFO - Setting next_dagrun for example_complex to None, run_after=None
[2024-08-12 22:46:55,105] {processor.py:161} INFO - Processing /home/kai/Documents/airflowalura/venv/lib/python3.9/site-packages/airflow/example_dags/example_complex.py took 0.050 seconds
[2024-08-12 22:47:29,872] {processor.py:153} INFO - Started process (PID=9356) to work on /home/kai/Documents/airflowalura/venv/lib/python3.9/site-packages/airflow/example_dags/example_complex.py
[2024-08-12 22:47:29,873] {processor.py:641} INFO - Processing file /home/kai/Documents/airflowalura/venv/lib/python3.9/site-packages/airflow/example_dags/example_complex.py for tasks to queue
[2024-08-12 22:47:29,873] {logging_mixin.py:115} INFO - [2024-08-12 22:47:29,873] {dagbag.py:507} INFO - Filling up the DagBag from /home/kai/Documents/airflowalura/venv/lib/python3.9/site-packages/airflow/example_dags/example_complex.py
[2024-08-12 22:47:29,882] {processor.py:651} INFO - DAG(s) dict_keys(['example_complex']) retrieved from /home/kai/Documents/airflowalura/venv/lib/python3.9/site-packages/airflow/example_dags/example_complex.py
[2024-08-12 22:47:29,900] {logging_mixin.py:115} INFO - [2024-08-12 22:47:29,900] {dag.py:2379} INFO - Sync 1 DAGs
[2024-08-12 22:47:29,913] {logging_mixin.py:115} INFO - [2024-08-12 22:47:29,913] {dag.py:2927} INFO - Setting next_dagrun for example_complex to None, run_after=None
[2024-08-12 22:47:29,922] {processor.py:161} INFO - Processing /home/kai/Documents/airflowalura/venv/lib/python3.9/site-packages/airflow/example_dags/example_complex.py took 0.053 seconds
[2024-08-12 22:48:06,572] {processor.py:153} INFO - Started process (PID=9563) to work on /home/kai/Documents/airflowalura/venv/lib/python3.9/site-packages/airflow/example_dags/example_complex.py
[2024-08-12 22:48:06,573] {processor.py:641} INFO - Processing file /home/kai/Documents/airflowalura/venv/lib/python3.9/site-packages/airflow/example_dags/example_complex.py for tasks to queue
[2024-08-12 22:48:06,573] {logging_mixin.py:115} INFO - [2024-08-12 22:48:06,573] {dagbag.py:507} INFO - Filling up the DagBag from /home/kai/Documents/airflowalura/venv/lib/python3.9/site-packages/airflow/example_dags/example_complex.py
[2024-08-12 22:48:06,582] {processor.py:651} INFO - DAG(s) dict_keys(['example_complex']) retrieved from /home/kai/Documents/airflowalura/venv/lib/python3.9/site-packages/airflow/example_dags/example_complex.py
[2024-08-12 22:48:06,602] {logging_mixin.py:115} INFO - [2024-08-12 22:48:06,602] {dag.py:2379} INFO - Sync 1 DAGs
[2024-08-12 22:48:06,615] {logging_mixin.py:115} INFO - [2024-08-12 22:48:06,615] {dag.py:2927} INFO - Setting next_dagrun for example_complex to None, run_after=None
[2024-08-12 22:48:06,624] {processor.py:161} INFO - Processing /home/kai/Documents/airflowalura/venv/lib/python3.9/site-packages/airflow/example_dags/example_complex.py took 0.054 seconds
[2024-08-12 22:48:42,796] {processor.py:153} INFO - Started process (PID=9756) to work on /home/kai/Documents/airflowalura/venv/lib/python3.9/site-packages/airflow/example_dags/example_complex.py
[2024-08-12 22:48:42,797] {processor.py:641} INFO - Processing file /home/kai/Documents/airflowalura/venv/lib/python3.9/site-packages/airflow/example_dags/example_complex.py for tasks to queue
[2024-08-12 22:48:42,798] {logging_mixin.py:115} INFO - [2024-08-12 22:48:42,798] {dagbag.py:507} INFO - Filling up the DagBag from /home/kai/Documents/airflowalura/venv/lib/python3.9/site-packages/airflow/example_dags/example_complex.py
[2024-08-12 22:48:42,806] {processor.py:651} INFO - DAG(s) dict_keys(['example_complex']) retrieved from /home/kai/Documents/airflowalura/venv/lib/python3.9/site-packages/airflow/example_dags/example_complex.py
[2024-08-12 22:48:42,823] {logging_mixin.py:115} INFO - [2024-08-12 22:48:42,823] {dag.py:2379} INFO - Sync 1 DAGs
[2024-08-12 22:48:42,835] {logging_mixin.py:115} INFO - [2024-08-12 22:48:42,835] {dag.py:2927} INFO - Setting next_dagrun for example_complex to None, run_after=None
[2024-08-12 22:48:42,844] {processor.py:161} INFO - Processing /home/kai/Documents/airflowalura/venv/lib/python3.9/site-packages/airflow/example_dags/example_complex.py took 0.050 seconds
[2024-08-12 22:49:16,706] {processor.py:153} INFO - Started process (PID=9952) to work on /home/kai/Documents/airflowalura/venv/lib/python3.9/site-packages/airflow/example_dags/example_complex.py
[2024-08-12 22:49:16,707] {processor.py:641} INFO - Processing file /home/kai/Documents/airflowalura/venv/lib/python3.9/site-packages/airflow/example_dags/example_complex.py for tasks to queue
[2024-08-12 22:49:16,707] {logging_mixin.py:115} INFO - [2024-08-12 22:49:16,707] {dagbag.py:507} INFO - Filling up the DagBag from /home/kai/Documents/airflowalura/venv/lib/python3.9/site-packages/airflow/example_dags/example_complex.py
[2024-08-12 22:49:16,717] {processor.py:651} INFO - DAG(s) dict_keys(['example_complex']) retrieved from /home/kai/Documents/airflowalura/venv/lib/python3.9/site-packages/airflow/example_dags/example_complex.py
[2024-08-12 22:49:16,734] {logging_mixin.py:115} INFO - [2024-08-12 22:49:16,734] {dag.py:2379} INFO - Sync 1 DAGs
[2024-08-12 22:49:16,749] {logging_mixin.py:115} INFO - [2024-08-12 22:49:16,749] {dag.py:2927} INFO - Setting next_dagrun for example_complex to None, run_after=None
[2024-08-12 22:49:16,760] {processor.py:161} INFO - Processing /home/kai/Documents/airflowalura/venv/lib/python3.9/site-packages/airflow/example_dags/example_complex.py took 0.057 seconds
[2024-08-12 22:49:51,786] {processor.py:153} INFO - Started process (PID=10150) to work on /home/kai/Documents/airflowalura/venv/lib/python3.9/site-packages/airflow/example_dags/example_complex.py
[2024-08-12 22:49:51,786] {processor.py:641} INFO - Processing file /home/kai/Documents/airflowalura/venv/lib/python3.9/site-packages/airflow/example_dags/example_complex.py for tasks to queue
[2024-08-12 22:49:51,787] {logging_mixin.py:115} INFO - [2024-08-12 22:49:51,787] {dagbag.py:507} INFO - Filling up the DagBag from /home/kai/Documents/airflowalura/venv/lib/python3.9/site-packages/airflow/example_dags/example_complex.py
[2024-08-12 22:49:51,796] {processor.py:651} INFO - DAG(s) dict_keys(['example_complex']) retrieved from /home/kai/Documents/airflowalura/venv/lib/python3.9/site-packages/airflow/example_dags/example_complex.py
[2024-08-12 22:49:51,812] {logging_mixin.py:115} INFO - [2024-08-12 22:49:51,812] {dag.py:2379} INFO - Sync 1 DAGs
[2024-08-12 22:49:51,825] {logging_mixin.py:115} INFO - [2024-08-12 22:49:51,825] {dag.py:2927} INFO - Setting next_dagrun for example_complex to None, run_after=None
[2024-08-12 22:49:51,833] {processor.py:161} INFO - Processing /home/kai/Documents/airflowalura/venv/lib/python3.9/site-packages/airflow/example_dags/example_complex.py took 0.050 seconds
[2024-08-12 22:50:25,416] {processor.py:153} INFO - Started process (PID=10391) to work on /home/kai/Documents/airflowalura/venv/lib/python3.9/site-packages/airflow/example_dags/example_complex.py
[2024-08-12 22:50:25,417] {processor.py:641} INFO - Processing file /home/kai/Documents/airflowalura/venv/lib/python3.9/site-packages/airflow/example_dags/example_complex.py for tasks to queue
[2024-08-12 22:50:25,417] {logging_mixin.py:115} INFO - [2024-08-12 22:50:25,417] {dagbag.py:507} INFO - Filling up the DagBag from /home/kai/Documents/airflowalura/venv/lib/python3.9/site-packages/airflow/example_dags/example_complex.py
[2024-08-12 22:50:25,426] {processor.py:651} INFO - DAG(s) dict_keys(['example_complex']) retrieved from /home/kai/Documents/airflowalura/venv/lib/python3.9/site-packages/airflow/example_dags/example_complex.py
[2024-08-12 22:50:25,443] {logging_mixin.py:115} INFO - [2024-08-12 22:50:25,443] {dag.py:2379} INFO - Sync 1 DAGs
[2024-08-12 22:50:25,456] {logging_mixin.py:115} INFO - [2024-08-12 22:50:25,456] {dag.py:2927} INFO - Setting next_dagrun for example_complex to None, run_after=None
[2024-08-12 22:50:25,464] {processor.py:161} INFO - Processing /home/kai/Documents/airflowalura/venv/lib/python3.9/site-packages/airflow/example_dags/example_complex.py took 0.051 seconds
[2024-08-12 22:51:01,326] {processor.py:153} INFO - Started process (PID=10593) to work on /home/kai/Documents/airflowalura/venv/lib/python3.9/site-packages/airflow/example_dags/example_complex.py
[2024-08-12 22:51:01,327] {processor.py:641} INFO - Processing file /home/kai/Documents/airflowalura/venv/lib/python3.9/site-packages/airflow/example_dags/example_complex.py for tasks to queue
[2024-08-12 22:51:01,328] {logging_mixin.py:115} INFO - [2024-08-12 22:51:01,328] {dagbag.py:507} INFO - Filling up the DagBag from /home/kai/Documents/airflowalura/venv/lib/python3.9/site-packages/airflow/example_dags/example_complex.py
[2024-08-12 22:51:01,337] {processor.py:651} INFO - DAG(s) dict_keys(['example_complex']) retrieved from /home/kai/Documents/airflowalura/venv/lib/python3.9/site-packages/airflow/example_dags/example_complex.py
[2024-08-12 22:51:01,354] {logging_mixin.py:115} INFO - [2024-08-12 22:51:01,354] {dag.py:2379} INFO - Sync 1 DAGs
[2024-08-12 22:51:01,367] {logging_mixin.py:115} INFO - [2024-08-12 22:51:01,367] {dag.py:2927} INFO - Setting next_dagrun for example_complex to None, run_after=None
[2024-08-12 22:51:01,375] {processor.py:161} INFO - Processing /home/kai/Documents/airflowalura/venv/lib/python3.9/site-packages/airflow/example_dags/example_complex.py took 0.051 seconds
[2024-08-12 22:51:36,151] {processor.py:153} INFO - Started process (PID=10781) to work on /home/kai/Documents/airflowalura/venv/lib/python3.9/site-packages/airflow/example_dags/example_complex.py
[2024-08-12 22:51:36,152] {processor.py:641} INFO - Processing file /home/kai/Documents/airflowalura/venv/lib/python3.9/site-packages/airflow/example_dags/example_complex.py for tasks to queue
[2024-08-12 22:51:36,153] {logging_mixin.py:115} INFO - [2024-08-12 22:51:36,153] {dagbag.py:507} INFO - Filling up the DagBag from /home/kai/Documents/airflowalura/venv/lib/python3.9/site-packages/airflow/example_dags/example_complex.py
[2024-08-12 22:51:36,162] {processor.py:651} INFO - DAG(s) dict_keys(['example_complex']) retrieved from /home/kai/Documents/airflowalura/venv/lib/python3.9/site-packages/airflow/example_dags/example_complex.py
[2024-08-12 22:51:36,179] {logging_mixin.py:115} INFO - [2024-08-12 22:51:36,179] {dag.py:2379} INFO - Sync 1 DAGs
[2024-08-12 22:51:36,192] {logging_mixin.py:115} INFO - [2024-08-12 22:51:36,192] {dag.py:2927} INFO - Setting next_dagrun for example_complex to None, run_after=None
[2024-08-12 22:51:36,201] {processor.py:161} INFO - Processing /home/kai/Documents/airflowalura/venv/lib/python3.9/site-packages/airflow/example_dags/example_complex.py took 0.053 seconds
[2024-08-12 22:52:11,805] {processor.py:153} INFO - Started process (PID=10982) to work on /home/kai/Documents/airflowalura/venv/lib/python3.9/site-packages/airflow/example_dags/example_complex.py
[2024-08-12 22:52:11,806] {processor.py:641} INFO - Processing file /home/kai/Documents/airflowalura/venv/lib/python3.9/site-packages/airflow/example_dags/example_complex.py for tasks to queue
[2024-08-12 22:52:11,807] {logging_mixin.py:115} INFO - [2024-08-12 22:52:11,807] {dagbag.py:507} INFO - Filling up the DagBag from /home/kai/Documents/airflowalura/venv/lib/python3.9/site-packages/airflow/example_dags/example_complex.py
[2024-08-12 22:52:11,816] {processor.py:651} INFO - DAG(s) dict_keys(['example_complex']) retrieved from /home/kai/Documents/airflowalura/venv/lib/python3.9/site-packages/airflow/example_dags/example_complex.py
[2024-08-12 22:52:11,834] {logging_mixin.py:115} INFO - [2024-08-12 22:52:11,834] {dag.py:2379} INFO - Sync 1 DAGs
[2024-08-12 22:52:11,847] {logging_mixin.py:115} INFO - [2024-08-12 22:52:11,847] {dag.py:2927} INFO - Setting next_dagrun for example_complex to None, run_after=None
[2024-08-12 22:52:11,856] {processor.py:161} INFO - Processing /home/kai/Documents/airflowalura/venv/lib/python3.9/site-packages/airflow/example_dags/example_complex.py took 0.053 seconds
[2024-08-12 22:52:47,988] {processor.py:153} INFO - Started process (PID=11184) to work on /home/kai/Documents/airflowalura/venv/lib/python3.9/site-packages/airflow/example_dags/example_complex.py
[2024-08-12 22:52:47,989] {processor.py:641} INFO - Processing file /home/kai/Documents/airflowalura/venv/lib/python3.9/site-packages/airflow/example_dags/example_complex.py for tasks to queue
[2024-08-12 22:52:47,990] {logging_mixin.py:115} INFO - [2024-08-12 22:52:47,990] {dagbag.py:507} INFO - Filling up the DagBag from /home/kai/Documents/airflowalura/venv/lib/python3.9/site-packages/airflow/example_dags/example_complex.py
[2024-08-12 22:52:47,999] {processor.py:651} INFO - DAG(s) dict_keys(['example_complex']) retrieved from /home/kai/Documents/airflowalura/venv/lib/python3.9/site-packages/airflow/example_dags/example_complex.py
[2024-08-12 22:52:48,017] {logging_mixin.py:115} INFO - [2024-08-12 22:52:48,017] {dag.py:2379} INFO - Sync 1 DAGs
[2024-08-12 22:52:48,031] {logging_mixin.py:115} INFO - [2024-08-12 22:52:48,031] {dag.py:2927} INFO - Setting next_dagrun for example_complex to None, run_after=None
[2024-08-12 22:52:48,041] {processor.py:161} INFO - Processing /home/kai/Documents/airflowalura/venv/lib/python3.9/site-packages/airflow/example_dags/example_complex.py took 0.056 seconds
[2024-08-12 22:53:19,885] {processor.py:153} INFO - Started process (PID=11359) to work on /home/kai/Documents/airflowalura/venv/lib/python3.9/site-packages/airflow/example_dags/example_complex.py
[2024-08-12 22:53:19,886] {processor.py:641} INFO - Processing file /home/kai/Documents/airflowalura/venv/lib/python3.9/site-packages/airflow/example_dags/example_complex.py for tasks to queue
[2024-08-12 22:53:19,887] {logging_mixin.py:115} INFO - [2024-08-12 22:53:19,887] {dagbag.py:507} INFO - Filling up the DagBag from /home/kai/Documents/airflowalura/venv/lib/python3.9/site-packages/airflow/example_dags/example_complex.py
[2024-08-12 22:53:19,896] {processor.py:651} INFO - DAG(s) dict_keys(['example_complex']) retrieved from /home/kai/Documents/airflowalura/venv/lib/python3.9/site-packages/airflow/example_dags/example_complex.py
[2024-08-12 22:53:19,913] {logging_mixin.py:115} INFO - [2024-08-12 22:53:19,913] {dag.py:2379} INFO - Sync 1 DAGs
[2024-08-12 22:53:19,927] {logging_mixin.py:115} INFO - [2024-08-12 22:53:19,927] {dag.py:2927} INFO - Setting next_dagrun for example_complex to None, run_after=None
[2024-08-12 22:53:19,936] {processor.py:161} INFO - Processing /home/kai/Documents/airflowalura/venv/lib/python3.9/site-packages/airflow/example_dags/example_complex.py took 0.053 seconds
[2024-08-12 22:53:54,073] {processor.py:153} INFO - Started process (PID=11551) to work on /home/kai/Documents/airflowalura/venv/lib/python3.9/site-packages/airflow/example_dags/example_complex.py
[2024-08-12 22:53:54,073] {processor.py:641} INFO - Processing file /home/kai/Documents/airflowalura/venv/lib/python3.9/site-packages/airflow/example_dags/example_complex.py for tasks to queue
[2024-08-12 22:53:54,074] {logging_mixin.py:115} INFO - [2024-08-12 22:53:54,074] {dagbag.py:507} INFO - Filling up the DagBag from /home/kai/Documents/airflowalura/venv/lib/python3.9/site-packages/airflow/example_dags/example_complex.py
[2024-08-12 22:53:54,082] {processor.py:651} INFO - DAG(s) dict_keys(['example_complex']) retrieved from /home/kai/Documents/airflowalura/venv/lib/python3.9/site-packages/airflow/example_dags/example_complex.py
[2024-08-12 22:53:54,099] {logging_mixin.py:115} INFO - [2024-08-12 22:53:54,099] {dag.py:2379} INFO - Sync 1 DAGs
[2024-08-12 22:53:54,112] {logging_mixin.py:115} INFO - [2024-08-12 22:53:54,112] {dag.py:2927} INFO - Setting next_dagrun for example_complex to None, run_after=None
[2024-08-12 22:53:54,121] {processor.py:161} INFO - Processing /home/kai/Documents/airflowalura/venv/lib/python3.9/site-packages/airflow/example_dags/example_complex.py took 0.050 seconds
[2024-08-12 22:54:29,325] {processor.py:153} INFO - Started process (PID=11750) to work on /home/kai/Documents/airflowalura/venv/lib/python3.9/site-packages/airflow/example_dags/example_complex.py
[2024-08-12 22:54:29,325] {processor.py:641} INFO - Processing file /home/kai/Documents/airflowalura/venv/lib/python3.9/site-packages/airflow/example_dags/example_complex.py for tasks to queue
[2024-08-12 22:54:29,326] {logging_mixin.py:115} INFO - [2024-08-12 22:54:29,326] {dagbag.py:507} INFO - Filling up the DagBag from /home/kai/Documents/airflowalura/venv/lib/python3.9/site-packages/airflow/example_dags/example_complex.py
[2024-08-12 22:54:29,334] {processor.py:651} INFO - DAG(s) dict_keys(['example_complex']) retrieved from /home/kai/Documents/airflowalura/venv/lib/python3.9/site-packages/airflow/example_dags/example_complex.py
[2024-08-12 22:54:29,352] {logging_mixin.py:115} INFO - [2024-08-12 22:54:29,352] {dag.py:2379} INFO - Sync 1 DAGs
[2024-08-12 22:54:29,365] {logging_mixin.py:115} INFO - [2024-08-12 22:54:29,365] {dag.py:2927} INFO - Setting next_dagrun for example_complex to None, run_after=None
[2024-08-12 22:54:29,374] {processor.py:161} INFO - Processing /home/kai/Documents/airflowalura/venv/lib/python3.9/site-packages/airflow/example_dags/example_complex.py took 0.052 seconds
[2024-08-12 22:55:02,433] {processor.py:153} INFO - Started process (PID=11935) to work on /home/kai/Documents/airflowalura/venv/lib/python3.9/site-packages/airflow/example_dags/example_complex.py
[2024-08-12 22:55:02,434] {processor.py:641} INFO - Processing file /home/kai/Documents/airflowalura/venv/lib/python3.9/site-packages/airflow/example_dags/example_complex.py for tasks to queue
[2024-08-12 22:55:02,434] {logging_mixin.py:115} INFO - [2024-08-12 22:55:02,434] {dagbag.py:507} INFO - Filling up the DagBag from /home/kai/Documents/airflowalura/venv/lib/python3.9/site-packages/airflow/example_dags/example_complex.py
[2024-08-12 22:55:02,443] {processor.py:651} INFO - DAG(s) dict_keys(['example_complex']) retrieved from /home/kai/Documents/airflowalura/venv/lib/python3.9/site-packages/airflow/example_dags/example_complex.py
[2024-08-12 22:55:02,460] {logging_mixin.py:115} INFO - [2024-08-12 22:55:02,460] {dag.py:2379} INFO - Sync 1 DAGs
[2024-08-12 22:55:02,472] {logging_mixin.py:115} INFO - [2024-08-12 22:55:02,472] {dag.py:2927} INFO - Setting next_dagrun for example_complex to None, run_after=None
[2024-08-12 22:55:02,481] {processor.py:161} INFO - Processing /home/kai/Documents/airflowalura/venv/lib/python3.9/site-packages/airflow/example_dags/example_complex.py took 0.049 seconds
[2024-08-12 22:55:38,396] {processor.py:153} INFO - Started process (PID=12181) to work on /home/kai/Documents/airflowalura/venv/lib/python3.9/site-packages/airflow/example_dags/example_complex.py
[2024-08-12 22:55:38,397] {processor.py:641} INFO - Processing file /home/kai/Documents/airflowalura/venv/lib/python3.9/site-packages/airflow/example_dags/example_complex.py for tasks to queue
[2024-08-12 22:55:38,397] {logging_mixin.py:115} INFO - [2024-08-12 22:55:38,397] {dagbag.py:507} INFO - Filling up the DagBag from /home/kai/Documents/airflowalura/venv/lib/python3.9/site-packages/airflow/example_dags/example_complex.py
[2024-08-12 22:55:38,406] {processor.py:651} INFO - DAG(s) dict_keys(['example_complex']) retrieved from /home/kai/Documents/airflowalura/venv/lib/python3.9/site-packages/airflow/example_dags/example_complex.py
[2024-08-12 22:55:38,422] {logging_mixin.py:115} INFO - [2024-08-12 22:55:38,422] {dag.py:2379} INFO - Sync 1 DAGs
[2024-08-12 22:55:38,435] {logging_mixin.py:115} INFO - [2024-08-12 22:55:38,435] {dag.py:2927} INFO - Setting next_dagrun for example_complex to None, run_after=None
[2024-08-12 22:55:38,444] {processor.py:161} INFO - Processing /home/kai/Documents/airflowalura/venv/lib/python3.9/site-packages/airflow/example_dags/example_complex.py took 0.050 seconds
[2024-08-12 22:56:11,502] {processor.py:153} INFO - Started process (PID=12392) to work on /home/kai/Documents/airflowalura/venv/lib/python3.9/site-packages/airflow/example_dags/example_complex.py
[2024-08-12 22:56:11,503] {processor.py:641} INFO - Processing file /home/kai/Documents/airflowalura/venv/lib/python3.9/site-packages/airflow/example_dags/example_complex.py for tasks to queue
[2024-08-12 22:56:11,503] {logging_mixin.py:115} INFO - [2024-08-12 22:56:11,503] {dagbag.py:507} INFO - Filling up the DagBag from /home/kai/Documents/airflowalura/venv/lib/python3.9/site-packages/airflow/example_dags/example_complex.py
[2024-08-12 22:56:11,512] {processor.py:651} INFO - DAG(s) dict_keys(['example_complex']) retrieved from /home/kai/Documents/airflowalura/venv/lib/python3.9/site-packages/airflow/example_dags/example_complex.py
[2024-08-12 22:56:11,529] {logging_mixin.py:115} INFO - [2024-08-12 22:56:11,529] {dag.py:2379} INFO - Sync 1 DAGs
[2024-08-12 22:56:11,543] {logging_mixin.py:115} INFO - [2024-08-12 22:56:11,543] {dag.py:2927} INFO - Setting next_dagrun for example_complex to None, run_after=None
[2024-08-12 22:56:11,552] {processor.py:161} INFO - Processing /home/kai/Documents/airflowalura/venv/lib/python3.9/site-packages/airflow/example_dags/example_complex.py took 0.053 seconds
[2024-08-12 22:56:50,276] {processor.py:153} INFO - Started process (PID=12617) to work on /home/kai/Documents/airflowalura/venv/lib/python3.9/site-packages/airflow/example_dags/example_complex.py
[2024-08-12 22:56:50,277] {processor.py:641} INFO - Processing file /home/kai/Documents/airflowalura/venv/lib/python3.9/site-packages/airflow/example_dags/example_complex.py for tasks to queue
[2024-08-12 22:56:50,278] {logging_mixin.py:115} INFO - [2024-08-12 22:56:50,278] {dagbag.py:507} INFO - Filling up the DagBag from /home/kai/Documents/airflowalura/venv/lib/python3.9/site-packages/airflow/example_dags/example_complex.py
[2024-08-12 22:56:50,289] {processor.py:651} INFO - DAG(s) dict_keys(['example_complex']) retrieved from /home/kai/Documents/airflowalura/venv/lib/python3.9/site-packages/airflow/example_dags/example_complex.py
[2024-08-12 22:56:50,307] {logging_mixin.py:115} INFO - [2024-08-12 22:56:50,307] {dag.py:2379} INFO - Sync 1 DAGs
[2024-08-12 22:56:50,321] {logging_mixin.py:115} INFO - [2024-08-12 22:56:50,321] {dag.py:2927} INFO - Setting next_dagrun for example_complex to None, run_after=None
[2024-08-12 22:56:50,330] {processor.py:161} INFO - Processing /home/kai/Documents/airflowalura/venv/lib/python3.9/site-packages/airflow/example_dags/example_complex.py took 0.058 seconds
[2024-08-12 22:57:23,509] {processor.py:153} INFO - Started process (PID=12802) to work on /home/kai/Documents/airflowalura/venv/lib/python3.9/site-packages/airflow/example_dags/example_complex.py
[2024-08-12 22:57:23,510] {processor.py:641} INFO - Processing file /home/kai/Documents/airflowalura/venv/lib/python3.9/site-packages/airflow/example_dags/example_complex.py for tasks to queue
[2024-08-12 22:57:23,511] {logging_mixin.py:115} INFO - [2024-08-12 22:57:23,511] {dagbag.py:507} INFO - Filling up the DagBag from /home/kai/Documents/airflowalura/venv/lib/python3.9/site-packages/airflow/example_dags/example_complex.py
[2024-08-12 22:57:23,520] {processor.py:651} INFO - DAG(s) dict_keys(['example_complex']) retrieved from /home/kai/Documents/airflowalura/venv/lib/python3.9/site-packages/airflow/example_dags/example_complex.py
[2024-08-12 22:57:23,537] {logging_mixin.py:115} INFO - [2024-08-12 22:57:23,537] {dag.py:2379} INFO - Sync 1 DAGs
[2024-08-12 22:57:23,550] {logging_mixin.py:115} INFO - [2024-08-12 22:57:23,550] {dag.py:2927} INFO - Setting next_dagrun for example_complex to None, run_after=None
[2024-08-12 22:57:23,560] {processor.py:161} INFO - Processing /home/kai/Documents/airflowalura/venv/lib/python3.9/site-packages/airflow/example_dags/example_complex.py took 0.053 seconds
[2024-08-12 22:58:01,006] {processor.py:153} INFO - Started process (PID=13014) to work on /home/kai/Documents/airflowalura/venv/lib/python3.9/site-packages/airflow/example_dags/example_complex.py
[2024-08-12 22:58:01,007] {processor.py:641} INFO - Processing file /home/kai/Documents/airflowalura/venv/lib/python3.9/site-packages/airflow/example_dags/example_complex.py for tasks to queue
[2024-08-12 22:58:01,007] {logging_mixin.py:115} INFO - [2024-08-12 22:58:01,007] {dagbag.py:507} INFO - Filling up the DagBag from /home/kai/Documents/airflowalura/venv/lib/python3.9/site-packages/airflow/example_dags/example_complex.py
[2024-08-12 22:58:01,016] {processor.py:651} INFO - DAG(s) dict_keys(['example_complex']) retrieved from /home/kai/Documents/airflowalura/venv/lib/python3.9/site-packages/airflow/example_dags/example_complex.py
[2024-08-12 22:58:01,035] {logging_mixin.py:115} INFO - [2024-08-12 22:58:01,035] {dag.py:2379} INFO - Sync 1 DAGs
[2024-08-12 22:58:01,050] {logging_mixin.py:115} INFO - [2024-08-12 22:58:01,050] {dag.py:2927} INFO - Setting next_dagrun for example_complex to None, run_after=None
[2024-08-12 22:58:01,058] {processor.py:161} INFO - Processing /home/kai/Documents/airflowalura/venv/lib/python3.9/site-packages/airflow/example_dags/example_complex.py took 0.054 seconds
[2024-08-12 22:58:35,482] {processor.py:153} INFO - Started process (PID=13197) to work on /home/kai/Documents/airflowalura/venv/lib/python3.9/site-packages/airflow/example_dags/example_complex.py
[2024-08-12 22:58:35,483] {processor.py:641} INFO - Processing file /home/kai/Documents/airflowalura/venv/lib/python3.9/site-packages/airflow/example_dags/example_complex.py for tasks to queue
[2024-08-12 22:58:35,483] {logging_mixin.py:115} INFO - [2024-08-12 22:58:35,483] {dagbag.py:507} INFO - Filling up the DagBag from /home/kai/Documents/airflowalura/venv/lib/python3.9/site-packages/airflow/example_dags/example_complex.py
[2024-08-12 22:58:35,492] {processor.py:651} INFO - DAG(s) dict_keys(['example_complex']) retrieved from /home/kai/Documents/airflowalura/venv/lib/python3.9/site-packages/airflow/example_dags/example_complex.py
[2024-08-12 22:58:35,508] {logging_mixin.py:115} INFO - [2024-08-12 22:58:35,508] {dag.py:2379} INFO - Sync 1 DAGs
[2024-08-12 22:58:35,521] {logging_mixin.py:115} INFO - [2024-08-12 22:58:35,521] {dag.py:2927} INFO - Setting next_dagrun for example_complex to None, run_after=None
[2024-08-12 22:58:35,529] {processor.py:161} INFO - Processing /home/kai/Documents/airflowalura/venv/lib/python3.9/site-packages/airflow/example_dags/example_complex.py took 0.050 seconds
[2024-08-12 22:59:07,708] {processor.py:153} INFO - Started process (PID=13376) to work on /home/kai/Documents/airflowalura/venv/lib/python3.9/site-packages/airflow/example_dags/example_complex.py
[2024-08-12 22:59:07,708] {processor.py:641} INFO - Processing file /home/kai/Documents/airflowalura/venv/lib/python3.9/site-packages/airflow/example_dags/example_complex.py for tasks to queue
[2024-08-12 22:59:07,709] {logging_mixin.py:115} INFO - [2024-08-12 22:59:07,709] {dagbag.py:507} INFO - Filling up the DagBag from /home/kai/Documents/airflowalura/venv/lib/python3.9/site-packages/airflow/example_dags/example_complex.py
[2024-08-12 22:59:07,717] {processor.py:651} INFO - DAG(s) dict_keys(['example_complex']) retrieved from /home/kai/Documents/airflowalura/venv/lib/python3.9/site-packages/airflow/example_dags/example_complex.py
[2024-08-12 22:59:07,734] {logging_mixin.py:115} INFO - [2024-08-12 22:59:07,734] {dag.py:2379} INFO - Sync 1 DAGs
[2024-08-12 22:59:07,747] {logging_mixin.py:115} INFO - [2024-08-12 22:59:07,747] {dag.py:2927} INFO - Setting next_dagrun for example_complex to None, run_after=None
[2024-08-12 22:59:07,756] {processor.py:161} INFO - Processing /home/kai/Documents/airflowalura/venv/lib/python3.9/site-packages/airflow/example_dags/example_complex.py took 0.051 seconds
[2024-08-12 22:59:41,888] {processor.py:153} INFO - Started process (PID=13568) to work on /home/kai/Documents/airflowalura/venv/lib/python3.9/site-packages/airflow/example_dags/example_complex.py
[2024-08-12 22:59:41,889] {processor.py:641} INFO - Processing file /home/kai/Documents/airflowalura/venv/lib/python3.9/site-packages/airflow/example_dags/example_complex.py for tasks to queue
[2024-08-12 22:59:41,890] {logging_mixin.py:115} INFO - [2024-08-12 22:59:41,890] {dagbag.py:507} INFO - Filling up the DagBag from /home/kai/Documents/airflowalura/venv/lib/python3.9/site-packages/airflow/example_dags/example_complex.py
[2024-08-12 22:59:41,899] {processor.py:651} INFO - DAG(s) dict_keys(['example_complex']) retrieved from /home/kai/Documents/airflowalura/venv/lib/python3.9/site-packages/airflow/example_dags/example_complex.py
[2024-08-12 22:59:41,917] {logging_mixin.py:115} INFO - [2024-08-12 22:59:41,916] {dag.py:2379} INFO - Sync 1 DAGs
[2024-08-12 22:59:41,930] {logging_mixin.py:115} INFO - [2024-08-12 22:59:41,930] {dag.py:2927} INFO - Setting next_dagrun for example_complex to None, run_after=None
[2024-08-12 22:59:41,939] {processor.py:161} INFO - Processing /home/kai/Documents/airflowalura/venv/lib/python3.9/site-packages/airflow/example_dags/example_complex.py took 0.053 seconds
[2024-08-12 23:00:19,521] {processor.py:153} INFO - Started process (PID=13839) to work on /home/kai/Documents/airflowalura/venv/lib/python3.9/site-packages/airflow/example_dags/example_complex.py
[2024-08-12 23:00:19,521] {processor.py:641} INFO - Processing file /home/kai/Documents/airflowalura/venv/lib/python3.9/site-packages/airflow/example_dags/example_complex.py for tasks to queue
[2024-08-12 23:00:19,522] {logging_mixin.py:115} INFO - [2024-08-12 23:00:19,522] {dagbag.py:507} INFO - Filling up the DagBag from /home/kai/Documents/airflowalura/venv/lib/python3.9/site-packages/airflow/example_dags/example_complex.py
[2024-08-12 23:00:19,533] {processor.py:651} INFO - DAG(s) dict_keys(['example_complex']) retrieved from /home/kai/Documents/airflowalura/venv/lib/python3.9/site-packages/airflow/example_dags/example_complex.py
[2024-08-12 23:00:19,547] {logging_mixin.py:115} INFO - [2024-08-12 23:00:19,547] {dag.py:2379} INFO - Sync 1 DAGs
[2024-08-12 23:00:19,559] {logging_mixin.py:115} INFO - [2024-08-12 23:00:19,559] {dag.py:2927} INFO - Setting next_dagrun for example_complex to None, run_after=None
[2024-08-12 23:00:19,568] {processor.py:161} INFO - Processing /home/kai/Documents/airflowalura/venv/lib/python3.9/site-packages/airflow/example_dags/example_complex.py took 0.050 seconds
[2024-08-12 23:00:52,507] {processor.py:153} INFO - Started process (PID=14031) to work on /home/kai/Documents/airflowalura/venv/lib/python3.9/site-packages/airflow/example_dags/example_complex.py
[2024-08-12 23:00:52,508] {processor.py:641} INFO - Processing file /home/kai/Documents/airflowalura/venv/lib/python3.9/site-packages/airflow/example_dags/example_complex.py for tasks to queue
[2024-08-12 23:00:52,508] {logging_mixin.py:115} INFO - [2024-08-12 23:00:52,508] {dagbag.py:507} INFO - Filling up the DagBag from /home/kai/Documents/airflowalura/venv/lib/python3.9/site-packages/airflow/example_dags/example_complex.py
[2024-08-12 23:00:52,519] {processor.py:651} INFO - DAG(s) dict_keys(['example_complex']) retrieved from /home/kai/Documents/airflowalura/venv/lib/python3.9/site-packages/airflow/example_dags/example_complex.py
[2024-08-12 23:00:52,534] {logging_mixin.py:115} INFO - [2024-08-12 23:00:52,534] {dag.py:2379} INFO - Sync 1 DAGs
[2024-08-12 23:00:52,546] {logging_mixin.py:115} INFO - [2024-08-12 23:00:52,546] {dag.py:2927} INFO - Setting next_dagrun for example_complex to None, run_after=None
[2024-08-12 23:00:52,555] {processor.py:161} INFO - Processing /home/kai/Documents/airflowalura/venv/lib/python3.9/site-packages/airflow/example_dags/example_complex.py took 0.050 seconds
[2024-08-12 23:01:31,302] {processor.py:153} INFO - Started process (PID=14247) to work on /home/kai/Documents/airflowalura/venv/lib/python3.9/site-packages/airflow/example_dags/example_complex.py
[2024-08-12 23:01:31,302] {processor.py:641} INFO - Processing file /home/kai/Documents/airflowalura/venv/lib/python3.9/site-packages/airflow/example_dags/example_complex.py for tasks to queue
[2024-08-12 23:01:31,303] {logging_mixin.py:115} INFO - [2024-08-12 23:01:31,303] {dagbag.py:507} INFO - Filling up the DagBag from /home/kai/Documents/airflowalura/venv/lib/python3.9/site-packages/airflow/example_dags/example_complex.py
[2024-08-12 23:01:31,314] {processor.py:651} INFO - DAG(s) dict_keys(['example_complex']) retrieved from /home/kai/Documents/airflowalura/venv/lib/python3.9/site-packages/airflow/example_dags/example_complex.py
[2024-08-12 23:01:31,329] {logging_mixin.py:115} INFO - [2024-08-12 23:01:31,329] {dag.py:2379} INFO - Sync 1 DAGs
[2024-08-12 23:01:31,342] {logging_mixin.py:115} INFO - [2024-08-12 23:01:31,342] {dag.py:2927} INFO - Setting next_dagrun for example_complex to None, run_after=None
[2024-08-12 23:01:31,352] {processor.py:161} INFO - Processing /home/kai/Documents/airflowalura/venv/lib/python3.9/site-packages/airflow/example_dags/example_complex.py took 0.053 seconds
[2024-08-12 23:02:06,812] {processor.py:153} INFO - Started process (PID=14443) to work on /home/kai/Documents/airflowalura/venv/lib/python3.9/site-packages/airflow/example_dags/example_complex.py
[2024-08-12 23:02:06,812] {processor.py:641} INFO - Processing file /home/kai/Documents/airflowalura/venv/lib/python3.9/site-packages/airflow/example_dags/example_complex.py for tasks to queue
[2024-08-12 23:02:06,813] {logging_mixin.py:115} INFO - [2024-08-12 23:02:06,813] {dagbag.py:507} INFO - Filling up the DagBag from /home/kai/Documents/airflowalura/venv/lib/python3.9/site-packages/airflow/example_dags/example_complex.py
[2024-08-12 23:02:06,824] {processor.py:651} INFO - DAG(s) dict_keys(['example_complex']) retrieved from /home/kai/Documents/airflowalura/venv/lib/python3.9/site-packages/airflow/example_dags/example_complex.py
[2024-08-12 23:02:06,839] {logging_mixin.py:115} INFO - [2024-08-12 23:02:06,839] {dag.py:2379} INFO - Sync 1 DAGs
[2024-08-12 23:02:06,852] {logging_mixin.py:115} INFO - [2024-08-12 23:02:06,852] {dag.py:2927} INFO - Setting next_dagrun for example_complex to None, run_after=None
[2024-08-12 23:02:06,861] {processor.py:161} INFO - Processing /home/kai/Documents/airflowalura/venv/lib/python3.9/site-packages/airflow/example_dags/example_complex.py took 0.052 seconds
[2024-08-12 23:02:43,483] {processor.py:153} INFO - Started process (PID=14639) to work on /home/kai/Documents/airflowalura/venv/lib/python3.9/site-packages/airflow/example_dags/example_complex.py
[2024-08-12 23:02:43,484] {processor.py:641} INFO - Processing file /home/kai/Documents/airflowalura/venv/lib/python3.9/site-packages/airflow/example_dags/example_complex.py for tasks to queue
[2024-08-12 23:02:43,484] {logging_mixin.py:115} INFO - [2024-08-12 23:02:43,484] {dagbag.py:507} INFO - Filling up the DagBag from /home/kai/Documents/airflowalura/venv/lib/python3.9/site-packages/airflow/example_dags/example_complex.py
[2024-08-12 23:02:43,497] {processor.py:651} INFO - DAG(s) dict_keys(['example_complex']) retrieved from /home/kai/Documents/airflowalura/venv/lib/python3.9/site-packages/airflow/example_dags/example_complex.py
[2024-08-12 23:02:43,513] {logging_mixin.py:115} INFO - [2024-08-12 23:02:43,513] {dag.py:2379} INFO - Sync 1 DAGs
[2024-08-12 23:02:43,526] {logging_mixin.py:115} INFO - [2024-08-12 23:02:43,526] {dag.py:2927} INFO - Setting next_dagrun for example_complex to None, run_after=None
[2024-08-12 23:02:43,536] {processor.py:161} INFO - Processing /home/kai/Documents/airflowalura/venv/lib/python3.9/site-packages/airflow/example_dags/example_complex.py took 0.056 seconds
[2024-08-12 23:03:18,845] {processor.py:153} INFO - Started process (PID=14853) to work on /home/kai/Documents/airflowalura/venv/lib/python3.9/site-packages/airflow/example_dags/example_complex.py
[2024-08-12 23:03:18,846] {processor.py:641} INFO - Processing file /home/kai/Documents/airflowalura/venv/lib/python3.9/site-packages/airflow/example_dags/example_complex.py for tasks to queue
[2024-08-12 23:03:18,846] {logging_mixin.py:115} INFO - [2024-08-12 23:03:18,846] {dagbag.py:507} INFO - Filling up the DagBag from /home/kai/Documents/airflowalura/venv/lib/python3.9/site-packages/airflow/example_dags/example_complex.py
[2024-08-12 23:03:18,858] {processor.py:651} INFO - DAG(s) dict_keys(['example_complex']) retrieved from /home/kai/Documents/airflowalura/venv/lib/python3.9/site-packages/airflow/example_dags/example_complex.py
[2024-08-12 23:03:18,873] {logging_mixin.py:115} INFO - [2024-08-12 23:03:18,873] {dag.py:2379} INFO - Sync 1 DAGs
[2024-08-12 23:03:18,887] {logging_mixin.py:115} INFO - [2024-08-12 23:03:18,887] {dag.py:2927} INFO - Setting next_dagrun for example_complex to None, run_after=None
[2024-08-12 23:03:18,896] {processor.py:161} INFO - Processing /home/kai/Documents/airflowalura/venv/lib/python3.9/site-packages/airflow/example_dags/example_complex.py took 0.053 seconds
[2024-08-12 23:03:53,043] {processor.py:153} INFO - Started process (PID=15041) to work on /home/kai/Documents/airflowalura/venv/lib/python3.9/site-packages/airflow/example_dags/example_complex.py
[2024-08-12 23:03:53,043] {processor.py:641} INFO - Processing file /home/kai/Documents/airflowalura/venv/lib/python3.9/site-packages/airflow/example_dags/example_complex.py for tasks to queue
[2024-08-12 23:03:53,044] {logging_mixin.py:115} INFO - [2024-08-12 23:03:53,044] {dagbag.py:507} INFO - Filling up the DagBag from /home/kai/Documents/airflowalura/venv/lib/python3.9/site-packages/airflow/example_dags/example_complex.py
[2024-08-12 23:03:53,055] {processor.py:651} INFO - DAG(s) dict_keys(['example_complex']) retrieved from /home/kai/Documents/airflowalura/venv/lib/python3.9/site-packages/airflow/example_dags/example_complex.py
[2024-08-12 23:03:53,074] {logging_mixin.py:115} INFO - [2024-08-12 23:03:53,074] {dag.py:2379} INFO - Sync 1 DAGs
[2024-08-12 23:03:53,087] {logging_mixin.py:115} INFO - [2024-08-12 23:03:53,087] {dag.py:2927} INFO - Setting next_dagrun for example_complex to None, run_after=None
[2024-08-12 23:03:53,095] {processor.py:161} INFO - Processing /home/kai/Documents/airflowalura/venv/lib/python3.9/site-packages/airflow/example_dags/example_complex.py took 0.055 seconds
[2024-08-12 23:04:31,813] {processor.py:153} INFO - Started process (PID=15277) to work on /home/kai/Documents/airflowalura/venv/lib/python3.9/site-packages/airflow/example_dags/example_complex.py
[2024-08-12 23:04:31,814] {processor.py:641} INFO - Processing file /home/kai/Documents/airflowalura/venv/lib/python3.9/site-packages/airflow/example_dags/example_complex.py for tasks to queue
[2024-08-12 23:04:31,814] {logging_mixin.py:115} INFO - [2024-08-12 23:04:31,814] {dagbag.py:507} INFO - Filling up the DagBag from /home/kai/Documents/airflowalura/venv/lib/python3.9/site-packages/airflow/example_dags/example_complex.py
[2024-08-12 23:04:31,825] {processor.py:651} INFO - DAG(s) dict_keys(['example_complex']) retrieved from /home/kai/Documents/airflowalura/venv/lib/python3.9/site-packages/airflow/example_dags/example_complex.py
[2024-08-12 23:04:31,840] {logging_mixin.py:115} INFO - [2024-08-12 23:04:31,840] {dag.py:2379} INFO - Sync 1 DAGs
[2024-08-12 23:04:31,853] {logging_mixin.py:115} INFO - [2024-08-12 23:04:31,853] {dag.py:2927} INFO - Setting next_dagrun for example_complex to None, run_after=None
[2024-08-12 23:04:31,862] {processor.py:161} INFO - Processing /home/kai/Documents/airflowalura/venv/lib/python3.9/site-packages/airflow/example_dags/example_complex.py took 0.052 seconds
[2024-08-12 23:05:07,955] {processor.py:153} INFO - Started process (PID=15489) to work on /home/kai/Documents/airflowalura/venv/lib/python3.9/site-packages/airflow/example_dags/example_complex.py
[2024-08-12 23:05:07,955] {processor.py:641} INFO - Processing file /home/kai/Documents/airflowalura/venv/lib/python3.9/site-packages/airflow/example_dags/example_complex.py for tasks to queue
[2024-08-12 23:05:07,956] {logging_mixin.py:115} INFO - [2024-08-12 23:05:07,956] {dagbag.py:507} INFO - Filling up the DagBag from /home/kai/Documents/airflowalura/venv/lib/python3.9/site-packages/airflow/example_dags/example_complex.py
[2024-08-12 23:05:07,968] {processor.py:651} INFO - DAG(s) dict_keys(['example_complex']) retrieved from /home/kai/Documents/airflowalura/venv/lib/python3.9/site-packages/airflow/example_dags/example_complex.py
[2024-08-12 23:05:07,983] {logging_mixin.py:115} INFO - [2024-08-12 23:05:07,983] {dag.py:2379} INFO - Sync 1 DAGs
[2024-08-12 23:05:07,997] {logging_mixin.py:115} INFO - [2024-08-12 23:05:07,997] {dag.py:2927} INFO - Setting next_dagrun for example_complex to None, run_after=None
[2024-08-12 23:05:08,006] {processor.py:161} INFO - Processing /home/kai/Documents/airflowalura/venv/lib/python3.9/site-packages/airflow/example_dags/example_complex.py took 0.054 seconds
[2024-08-12 23:05:39,701] {processor.py:153} INFO - Started process (PID=15717) to work on /home/kai/Documents/airflowalura/venv/lib/python3.9/site-packages/airflow/example_dags/example_complex.py
[2024-08-12 23:05:39,701] {processor.py:641} INFO - Processing file /home/kai/Documents/airflowalura/venv/lib/python3.9/site-packages/airflow/example_dags/example_complex.py for tasks to queue
[2024-08-12 23:05:39,702] {logging_mixin.py:115} INFO - [2024-08-12 23:05:39,702] {dagbag.py:507} INFO - Filling up the DagBag from /home/kai/Documents/airflowalura/venv/lib/python3.9/site-packages/airflow/example_dags/example_complex.py
[2024-08-12 23:05:39,713] {processor.py:651} INFO - DAG(s) dict_keys(['example_complex']) retrieved from /home/kai/Documents/airflowalura/venv/lib/python3.9/site-packages/airflow/example_dags/example_complex.py
[2024-08-12 23:05:39,728] {logging_mixin.py:115} INFO - [2024-08-12 23:05:39,728] {dag.py:2379} INFO - Sync 1 DAGs
[2024-08-12 23:05:39,741] {logging_mixin.py:115} INFO - [2024-08-12 23:05:39,741] {dag.py:2927} INFO - Setting next_dagrun for example_complex to None, run_after=None
[2024-08-12 23:05:39,750] {processor.py:161} INFO - Processing /home/kai/Documents/airflowalura/venv/lib/python3.9/site-packages/airflow/example_dags/example_complex.py took 0.052 seconds
