[2024-08-12 22:17:53,660] {processor.py:153} INFO - Started process (PID=35286) to work on /home/kai/Documents/airflowalura/venv/lib/python3.9/site-packages/airflow/example_dags/example_xcom.py
[2024-08-12 22:17:53,661] {processor.py:641} INFO - Processing file /home/kai/Documents/airflowalura/venv/lib/python3.9/site-packages/airflow/example_dags/example_xcom.py for tasks to queue
[2024-08-12 22:17:53,662] {logging_mixin.py:115} INFO - [2024-08-12 22:17:53,662] {dagbag.py:507} INFO - Filling up the DagBag from /home/kai/Documents/airflowalura/venv/lib/python3.9/site-packages/airflow/example_dags/example_xcom.py
[2024-08-12 22:17:53,685] {processor.py:651} INFO - DAG(s) dict_keys(['example_xcom']) retrieved from /home/kai/Documents/airflowalura/venv/lib/python3.9/site-packages/airflow/example_dags/example_xcom.py
[2024-08-12 22:17:53,747] {logging_mixin.py:115} INFO - [2024-08-12 22:17:53,746] {dag.py:2379} INFO - Sync 1 DAGs
[2024-08-12 22:17:53,763] {logging_mixin.py:115} INFO - [2024-08-12 22:17:53,763] {dag.py:2927} INFO - Setting next_dagrun for example_xcom to 2021-01-01T00:00:00+00:00, run_after=2021-01-01T00:00:00+00:00
[2024-08-12 22:17:53,780] {processor.py:161} INFO - Processing /home/kai/Documents/airflowalura/venv/lib/python3.9/site-packages/airflow/example_dags/example_xcom.py took 0.122 seconds
[2024-08-12 22:18:35,672] {processor.py:153} INFO - Started process (PID=36062) to work on /home/kai/Documents/airflowalura/venv/lib/python3.9/site-packages/airflow/example_dags/example_xcom.py
[2024-08-12 22:18:35,673] {processor.py:641} INFO - Processing file /home/kai/Documents/airflowalura/venv/lib/python3.9/site-packages/airflow/example_dags/example_xcom.py for tasks to queue
[2024-08-12 22:18:35,674] {logging_mixin.py:115} INFO - [2024-08-12 22:18:35,674] {dagbag.py:507} INFO - Filling up the DagBag from /home/kai/Documents/airflowalura/venv/lib/python3.9/site-packages/airflow/example_dags/example_xcom.py
[2024-08-12 22:18:35,691] {processor.py:651} INFO - DAG(s) dict_keys(['example_xcom']) retrieved from /home/kai/Documents/airflowalura/venv/lib/python3.9/site-packages/airflow/example_dags/example_xcom.py
[2024-08-12 22:18:35,732] {logging_mixin.py:115} INFO - [2024-08-12 22:18:35,732] {dag.py:2379} INFO - Sync 1 DAGs
[2024-08-12 22:18:35,745] {logging_mixin.py:115} INFO - [2024-08-12 22:18:35,745] {dag.py:2927} INFO - Setting next_dagrun for example_xcom to 2021-01-01T00:00:00+00:00, run_after=2021-01-01T00:00:00+00:00
[2024-08-12 22:18:35,760] {processor.py:161} INFO - Processing /home/kai/Documents/airflowalura/venv/lib/python3.9/site-packages/airflow/example_dags/example_xcom.py took 0.091 seconds
[2024-08-12 22:19:09,464] {processor.py:153} INFO - Started process (PID=36404) to work on /home/kai/Documents/airflowalura/venv/lib/python3.9/site-packages/airflow/example_dags/example_xcom.py
[2024-08-12 22:19:09,465] {processor.py:641} INFO - Processing file /home/kai/Documents/airflowalura/venv/lib/python3.9/site-packages/airflow/example_dags/example_xcom.py for tasks to queue
[2024-08-12 22:19:09,465] {logging_mixin.py:115} INFO - [2024-08-12 22:19:09,465] {dagbag.py:507} INFO - Filling up the DagBag from /home/kai/Documents/airflowalura/venv/lib/python3.9/site-packages/airflow/example_dags/example_xcom.py
[2024-08-12 22:19:09,480] {processor.py:651} INFO - DAG(s) dict_keys(['example_xcom']) retrieved from /home/kai/Documents/airflowalura/venv/lib/python3.9/site-packages/airflow/example_dags/example_xcom.py
[2024-08-12 22:19:09,495] {logging_mixin.py:115} INFO - [2024-08-12 22:19:09,495] {dag.py:2379} INFO - Sync 1 DAGs
[2024-08-12 22:19:09,509] {logging_mixin.py:115} INFO - [2024-08-12 22:19:09,509] {dag.py:2927} INFO - Setting next_dagrun for example_xcom to 2021-01-01T00:00:00+00:00, run_after=2021-01-01T00:00:00+00:00
[2024-08-12 22:19:09,520] {processor.py:161} INFO - Processing /home/kai/Documents/airflowalura/venv/lib/python3.9/site-packages/airflow/example_dags/example_xcom.py took 0.058 seconds
[2024-08-12 22:19:42,415] {processor.py:153} INFO - Started process (PID=36608) to work on /home/kai/Documents/airflowalura/venv/lib/python3.9/site-packages/airflow/example_dags/example_xcom.py
[2024-08-12 22:19:42,415] {processor.py:641} INFO - Processing file /home/kai/Documents/airflowalura/venv/lib/python3.9/site-packages/airflow/example_dags/example_xcom.py for tasks to queue
[2024-08-12 22:19:42,416] {logging_mixin.py:115} INFO - [2024-08-12 22:19:42,416] {dagbag.py:507} INFO - Filling up the DagBag from /home/kai/Documents/airflowalura/venv/lib/python3.9/site-packages/airflow/example_dags/example_xcom.py
[2024-08-12 22:19:42,432] {processor.py:651} INFO - DAG(s) dict_keys(['example_xcom']) retrieved from /home/kai/Documents/airflowalura/venv/lib/python3.9/site-packages/airflow/example_dags/example_xcom.py
[2024-08-12 22:19:42,469] {logging_mixin.py:115} INFO - [2024-08-12 22:19:42,469] {dag.py:2379} INFO - Sync 1 DAGs
[2024-08-12 22:19:42,481] {logging_mixin.py:115} INFO - [2024-08-12 22:19:42,481] {dag.py:2927} INFO - Setting next_dagrun for example_xcom to 2021-01-01T00:00:00+00:00, run_after=2021-01-01T00:00:00+00:00
[2024-08-12 22:19:42,490] {processor.py:161} INFO - Processing /home/kai/Documents/airflowalura/venv/lib/python3.9/site-packages/airflow/example_dags/example_xcom.py took 0.079 seconds
[2024-08-12 22:20:15,511] {processor.py:153} INFO - Started process (PID=36824) to work on /home/kai/Documents/airflowalura/venv/lib/python3.9/site-packages/airflow/example_dags/example_xcom.py
[2024-08-12 22:20:15,512] {processor.py:641} INFO - Processing file /home/kai/Documents/airflowalura/venv/lib/python3.9/site-packages/airflow/example_dags/example_xcom.py for tasks to queue
[2024-08-12 22:20:15,512] {logging_mixin.py:115} INFO - [2024-08-12 22:20:15,512] {dagbag.py:507} INFO - Filling up the DagBag from /home/kai/Documents/airflowalura/venv/lib/python3.9/site-packages/airflow/example_dags/example_xcom.py
[2024-08-12 22:20:15,528] {processor.py:651} INFO - DAG(s) dict_keys(['example_xcom']) retrieved from /home/kai/Documents/airflowalura/venv/lib/python3.9/site-packages/airflow/example_dags/example_xcom.py
[2024-08-12 22:20:15,545] {logging_mixin.py:115} INFO - [2024-08-12 22:20:15,545] {dag.py:2379} INFO - Sync 1 DAGs
[2024-08-12 22:20:15,564] {logging_mixin.py:115} INFO - [2024-08-12 22:20:15,564] {dag.py:2927} INFO - Setting next_dagrun for example_xcom to 2021-01-01T00:00:00+00:00, run_after=2021-01-01T00:00:00+00:00
[2024-08-12 22:20:15,578] {processor.py:161} INFO - Processing /home/kai/Documents/airflowalura/venv/lib/python3.9/site-packages/airflow/example_dags/example_xcom.py took 0.070 seconds
[2024-08-12 22:20:49,209] {processor.py:153} INFO - Started process (PID=37040) to work on /home/kai/Documents/airflowalura/venv/lib/python3.9/site-packages/airflow/example_dags/example_xcom.py
[2024-08-12 22:20:49,210] {processor.py:641} INFO - Processing file /home/kai/Documents/airflowalura/venv/lib/python3.9/site-packages/airflow/example_dags/example_xcom.py for tasks to queue
[2024-08-12 22:20:49,210] {logging_mixin.py:115} INFO - [2024-08-12 22:20:49,210] {dagbag.py:507} INFO - Filling up the DagBag from /home/kai/Documents/airflowalura/venv/lib/python3.9/site-packages/airflow/example_dags/example_xcom.py
[2024-08-12 22:20:49,231] {processor.py:651} INFO - DAG(s) dict_keys(['example_xcom']) retrieved from /home/kai/Documents/airflowalura/venv/lib/python3.9/site-packages/airflow/example_dags/example_xcom.py
[2024-08-12 22:20:49,283] {logging_mixin.py:115} INFO - [2024-08-12 22:20:49,283] {dag.py:2379} INFO - Sync 1 DAGs
[2024-08-12 22:20:49,299] {logging_mixin.py:115} INFO - [2024-08-12 22:20:49,299] {dag.py:2927} INFO - Setting next_dagrun for example_xcom to 2021-01-01T00:00:00+00:00, run_after=2021-01-01T00:00:00+00:00
[2024-08-12 22:20:49,313] {processor.py:161} INFO - Processing /home/kai/Documents/airflowalura/venv/lib/python3.9/site-packages/airflow/example_dags/example_xcom.py took 0.107 seconds
[2024-08-12 22:21:25,060] {processor.py:153} INFO - Started process (PID=37331) to work on /home/kai/Documents/airflowalura/venv/lib/python3.9/site-packages/airflow/example_dags/example_xcom.py
[2024-08-12 22:21:25,060] {processor.py:641} INFO - Processing file /home/kai/Documents/airflowalura/venv/lib/python3.9/site-packages/airflow/example_dags/example_xcom.py for tasks to queue
[2024-08-12 22:21:25,061] {logging_mixin.py:115} INFO - [2024-08-12 22:21:25,061] {dagbag.py:507} INFO - Filling up the DagBag from /home/kai/Documents/airflowalura/venv/lib/python3.9/site-packages/airflow/example_dags/example_xcom.py
[2024-08-12 22:21:25,075] {processor.py:651} INFO - DAG(s) dict_keys(['example_xcom']) retrieved from /home/kai/Documents/airflowalura/venv/lib/python3.9/site-packages/airflow/example_dags/example_xcom.py
[2024-08-12 22:21:25,163] {logging_mixin.py:115} INFO - [2024-08-12 22:21:25,163] {dag.py:2379} INFO - Sync 1 DAGs
[2024-08-12 22:21:25,200] {logging_mixin.py:115} INFO - [2024-08-12 22:21:25,200] {dag.py:2927} INFO - Setting next_dagrun for example_xcom to 2021-01-01T00:00:00+00:00, run_after=2021-01-01T00:00:00+00:00
[2024-08-12 22:21:25,218] {processor.py:161} INFO - Processing /home/kai/Documents/airflowalura/venv/lib/python3.9/site-packages/airflow/example_dags/example_xcom.py took 0.161 seconds
[2024-08-12 22:21:59,303] {processor.py:153} INFO - Started process (PID=37654) to work on /home/kai/Documents/airflowalura/venv/lib/python3.9/site-packages/airflow/example_dags/example_xcom.py
[2024-08-12 22:21:59,303] {processor.py:641} INFO - Processing file /home/kai/Documents/airflowalura/venv/lib/python3.9/site-packages/airflow/example_dags/example_xcom.py for tasks to queue
[2024-08-12 22:21:59,304] {logging_mixin.py:115} INFO - [2024-08-12 22:21:59,304] {dagbag.py:507} INFO - Filling up the DagBag from /home/kai/Documents/airflowalura/venv/lib/python3.9/site-packages/airflow/example_dags/example_xcom.py
[2024-08-12 22:21:59,318] {processor.py:651} INFO - DAG(s) dict_keys(['example_xcom']) retrieved from /home/kai/Documents/airflowalura/venv/lib/python3.9/site-packages/airflow/example_dags/example_xcom.py
[2024-08-12 22:21:59,356] {logging_mixin.py:115} INFO - [2024-08-12 22:21:59,356] {dag.py:2379} INFO - Sync 1 DAGs
[2024-08-12 22:21:59,369] {logging_mixin.py:115} INFO - [2024-08-12 22:21:59,369] {dag.py:2927} INFO - Setting next_dagrun for example_xcom to 2021-01-01T00:00:00+00:00, run_after=2021-01-01T00:00:00+00:00
[2024-08-12 22:21:59,385] {processor.py:161} INFO - Processing /home/kai/Documents/airflowalura/venv/lib/python3.9/site-packages/airflow/example_dags/example_xcom.py took 0.085 seconds
[2024-08-12 22:24:39,542] {processor.py:153} INFO - Started process (PID=39153) to work on /home/kai/Documents/airflowalura/venv/lib/python3.9/site-packages/airflow/example_dags/example_xcom.py
[2024-08-12 22:24:39,549] {processor.py:641} INFO - Processing file /home/kai/Documents/airflowalura/venv/lib/python3.9/site-packages/airflow/example_dags/example_xcom.py for tasks to queue
[2024-08-12 22:24:39,550] {logging_mixin.py:115} INFO - [2024-08-12 22:24:39,549] {dagbag.py:507} INFO - Filling up the DagBag from /home/kai/Documents/airflowalura/venv/lib/python3.9/site-packages/airflow/example_dags/example_xcom.py
[2024-08-12 22:24:39,575] {processor.py:651} INFO - DAG(s) dict_keys(['example_xcom']) retrieved from /home/kai/Documents/airflowalura/venv/lib/python3.9/site-packages/airflow/example_dags/example_xcom.py
[2024-08-12 22:24:39,623] {logging_mixin.py:115} INFO - [2024-08-12 22:24:39,623] {dag.py:2379} INFO - Sync 1 DAGs
[2024-08-12 22:24:39,644] {logging_mixin.py:115} INFO - [2024-08-12 22:24:39,644] {dag.py:2927} INFO - Setting next_dagrun for example_xcom to 2021-01-01T00:00:00+00:00, run_after=2021-01-01T00:00:00+00:00
[2024-08-12 22:24:39,661] {processor.py:161} INFO - Processing /home/kai/Documents/airflowalura/venv/lib/python3.9/site-packages/airflow/example_dags/example_xcom.py took 0.124 seconds
[2024-08-12 22:25:14,637] {processor.py:153} INFO - Started process (PID=39452) to work on /home/kai/Documents/airflowalura/venv/lib/python3.9/site-packages/airflow/example_dags/example_xcom.py
[2024-08-12 22:25:14,638] {processor.py:641} INFO - Processing file /home/kai/Documents/airflowalura/venv/lib/python3.9/site-packages/airflow/example_dags/example_xcom.py for tasks to queue
[2024-08-12 22:25:14,638] {logging_mixin.py:115} INFO - [2024-08-12 22:25:14,638] {dagbag.py:507} INFO - Filling up the DagBag from /home/kai/Documents/airflowalura/venv/lib/python3.9/site-packages/airflow/example_dags/example_xcom.py
[2024-08-12 22:25:14,666] {processor.py:651} INFO - DAG(s) dict_keys(['example_xcom']) retrieved from /home/kai/Documents/airflowalura/venv/lib/python3.9/site-packages/airflow/example_dags/example_xcom.py
[2024-08-12 22:25:14,728] {logging_mixin.py:115} INFO - [2024-08-12 22:25:14,728] {dag.py:2379} INFO - Sync 1 DAGs
[2024-08-12 22:25:14,751] {logging_mixin.py:115} INFO - [2024-08-12 22:25:14,751] {dag.py:2927} INFO - Setting next_dagrun for example_xcom to 2021-01-01T00:00:00+00:00, run_after=2021-01-01T00:00:00+00:00
[2024-08-12 22:25:14,768] {processor.py:161} INFO - Processing /home/kai/Documents/airflowalura/venv/lib/python3.9/site-packages/airflow/example_dags/example_xcom.py took 0.134 seconds
[2024-08-12 22:25:50,845] {processor.py:153} INFO - Started process (PID=39738) to work on /home/kai/Documents/airflowalura/venv/lib/python3.9/site-packages/airflow/example_dags/example_xcom.py
[2024-08-12 22:25:50,849] {processor.py:641} INFO - Processing file /home/kai/Documents/airflowalura/venv/lib/python3.9/site-packages/airflow/example_dags/example_xcom.py for tasks to queue
[2024-08-12 22:25:50,850] {logging_mixin.py:115} INFO - [2024-08-12 22:25:50,850] {dagbag.py:507} INFO - Filling up the DagBag from /home/kai/Documents/airflowalura/venv/lib/python3.9/site-packages/airflow/example_dags/example_xcom.py
[2024-08-12 22:25:50,880] {processor.py:651} INFO - DAG(s) dict_keys(['example_xcom']) retrieved from /home/kai/Documents/airflowalura/venv/lib/python3.9/site-packages/airflow/example_dags/example_xcom.py
[2024-08-12 22:25:50,932] {logging_mixin.py:115} INFO - [2024-08-12 22:25:50,932] {dag.py:2379} INFO - Sync 1 DAGs
[2024-08-12 22:25:50,963] {logging_mixin.py:115} INFO - [2024-08-12 22:25:50,963] {dag.py:2927} INFO - Setting next_dagrun for example_xcom to 2021-01-01T00:00:00+00:00, run_after=2021-01-01T00:00:00+00:00
[2024-08-12 22:25:51,028] {processor.py:161} INFO - Processing /home/kai/Documents/airflowalura/venv/lib/python3.9/site-packages/airflow/example_dags/example_xcom.py took 0.186 seconds
[2024-08-12 22:26:25,981] {processor.py:153} INFO - Started process (PID=40336) to work on /home/kai/Documents/airflowalura/venv/lib/python3.9/site-packages/airflow/example_dags/example_xcom.py
[2024-08-12 22:26:25,984] {processor.py:641} INFO - Processing file /home/kai/Documents/airflowalura/venv/lib/python3.9/site-packages/airflow/example_dags/example_xcom.py for tasks to queue
[2024-08-12 22:26:25,985] {logging_mixin.py:115} INFO - [2024-08-12 22:26:25,984] {dagbag.py:507} INFO - Filling up the DagBag from /home/kai/Documents/airflowalura/venv/lib/python3.9/site-packages/airflow/example_dags/example_xcom.py
[2024-08-12 22:26:26,013] {processor.py:651} INFO - DAG(s) dict_keys(['example_xcom']) retrieved from /home/kai/Documents/airflowalura/venv/lib/python3.9/site-packages/airflow/example_dags/example_xcom.py
[2024-08-12 22:26:26,034] {logging_mixin.py:115} INFO - [2024-08-12 22:26:26,034] {dag.py:2379} INFO - Sync 1 DAGs
[2024-08-12 22:26:26,066] {logging_mixin.py:115} INFO - [2024-08-12 22:26:26,066] {dag.py:2927} INFO - Setting next_dagrun for example_xcom to 2021-01-01T00:00:00+00:00, run_after=2021-01-01T00:00:00+00:00
[2024-08-12 22:26:26,081] {processor.py:161} INFO - Processing /home/kai/Documents/airflowalura/venv/lib/python3.9/site-packages/airflow/example_dags/example_xcom.py took 0.106 seconds
[2024-08-12 22:27:01,348] {processor.py:153} INFO - Started process (PID=40614) to work on /home/kai/Documents/airflowalura/venv/lib/python3.9/site-packages/airflow/example_dags/example_xcom.py
[2024-08-12 22:27:01,353] {processor.py:641} INFO - Processing file /home/kai/Documents/airflowalura/venv/lib/python3.9/site-packages/airflow/example_dags/example_xcom.py for tasks to queue
[2024-08-12 22:27:01,354] {logging_mixin.py:115} INFO - [2024-08-12 22:27:01,354] {dagbag.py:507} INFO - Filling up the DagBag from /home/kai/Documents/airflowalura/venv/lib/python3.9/site-packages/airflow/example_dags/example_xcom.py
[2024-08-12 22:27:01,379] {processor.py:651} INFO - DAG(s) dict_keys(['example_xcom']) retrieved from /home/kai/Documents/airflowalura/venv/lib/python3.9/site-packages/airflow/example_dags/example_xcom.py
[2024-08-12 22:27:01,408] {logging_mixin.py:115} INFO - [2024-08-12 22:27:01,408] {dag.py:2379} INFO - Sync 1 DAGs
[2024-08-12 22:27:01,429] {logging_mixin.py:115} INFO - [2024-08-12 22:27:01,428] {dag.py:2927} INFO - Setting next_dagrun for example_xcom to 2021-01-01T00:00:00+00:00, run_after=2021-01-01T00:00:00+00:00
[2024-08-12 22:27:01,462] {processor.py:161} INFO - Processing /home/kai/Documents/airflowalura/venv/lib/python3.9/site-packages/airflow/example_dags/example_xcom.py took 0.118 seconds
[2024-08-12 22:27:36,318] {processor.py:153} INFO - Started process (PID=40906) to work on /home/kai/Documents/airflowalura/venv/lib/python3.9/site-packages/airflow/example_dags/example_xcom.py
[2024-08-12 22:27:36,322] {processor.py:641} INFO - Processing file /home/kai/Documents/airflowalura/venv/lib/python3.9/site-packages/airflow/example_dags/example_xcom.py for tasks to queue
[2024-08-12 22:27:36,323] {logging_mixin.py:115} INFO - [2024-08-12 22:27:36,322] {dagbag.py:507} INFO - Filling up the DagBag from /home/kai/Documents/airflowalura/venv/lib/python3.9/site-packages/airflow/example_dags/example_xcom.py
[2024-08-12 22:27:36,360] {processor.py:651} INFO - DAG(s) dict_keys(['example_xcom']) retrieved from /home/kai/Documents/airflowalura/venv/lib/python3.9/site-packages/airflow/example_dags/example_xcom.py
[2024-08-12 22:27:36,433] {logging_mixin.py:115} INFO - [2024-08-12 22:27:36,433] {dag.py:2379} INFO - Sync 1 DAGs
[2024-08-12 22:27:36,458] {logging_mixin.py:115} INFO - [2024-08-12 22:27:36,458] {dag.py:2927} INFO - Setting next_dagrun for example_xcom to 2021-01-01T00:00:00+00:00, run_after=2021-01-01T00:00:00+00:00
[2024-08-12 22:27:36,475] {processor.py:161} INFO - Processing /home/kai/Documents/airflowalura/venv/lib/python3.9/site-packages/airflow/example_dags/example_xcom.py took 0.160 seconds
[2024-08-12 22:28:37,771] {processor.py:153} INFO - Started process (PID=41638) to work on /home/kai/Documents/airflowalura/venv/lib/python3.9/site-packages/airflow/example_dags/example_xcom.py
[2024-08-12 22:28:37,772] {processor.py:641} INFO - Processing file /home/kai/Documents/airflowalura/venv/lib/python3.9/site-packages/airflow/example_dags/example_xcom.py for tasks to queue
[2024-08-12 22:28:37,773] {logging_mixin.py:115} INFO - [2024-08-12 22:28:37,773] {dagbag.py:507} INFO - Filling up the DagBag from /home/kai/Documents/airflowalura/venv/lib/python3.9/site-packages/airflow/example_dags/example_xcom.py
[2024-08-12 22:28:37,803] {processor.py:651} INFO - DAG(s) dict_keys(['example_xcom']) retrieved from /home/kai/Documents/airflowalura/venv/lib/python3.9/site-packages/airflow/example_dags/example_xcom.py
[2024-08-12 22:28:37,907] {logging_mixin.py:115} INFO - [2024-08-12 22:28:37,907] {dag.py:2379} INFO - Sync 1 DAGs
[2024-08-12 22:28:37,925] {logging_mixin.py:115} INFO - [2024-08-12 22:28:37,925] {dag.py:2927} INFO - Setting next_dagrun for example_xcom to 2021-01-01T00:00:00+00:00, run_after=2021-01-01T00:00:00+00:00
[2024-08-12 22:28:37,946] {processor.py:161} INFO - Processing /home/kai/Documents/airflowalura/venv/lib/python3.9/site-packages/airflow/example_dags/example_xcom.py took 0.184 seconds
[2024-08-12 22:29:14,255] {processor.py:153} INFO - Started process (PID=41966) to work on /home/kai/Documents/airflowalura/venv/lib/python3.9/site-packages/airflow/example_dags/example_xcom.py
[2024-08-12 22:29:14,261] {processor.py:641} INFO - Processing file /home/kai/Documents/airflowalura/venv/lib/python3.9/site-packages/airflow/example_dags/example_xcom.py for tasks to queue
[2024-08-12 22:29:14,262] {logging_mixin.py:115} INFO - [2024-08-12 22:29:14,262] {dagbag.py:507} INFO - Filling up the DagBag from /home/kai/Documents/airflowalura/venv/lib/python3.9/site-packages/airflow/example_dags/example_xcom.py
[2024-08-12 22:29:14,277] {processor.py:651} INFO - DAG(s) dict_keys(['example_xcom']) retrieved from /home/kai/Documents/airflowalura/venv/lib/python3.9/site-packages/airflow/example_dags/example_xcom.py
[2024-08-12 22:29:14,336] {logging_mixin.py:115} INFO - [2024-08-12 22:29:14,335] {dag.py:2379} INFO - Sync 1 DAGs
[2024-08-12 22:29:14,357] {logging_mixin.py:115} INFO - [2024-08-12 22:29:14,357] {dag.py:2927} INFO - Setting next_dagrun for example_xcom to 2021-01-01T00:00:00+00:00, run_after=2021-01-01T00:00:00+00:00
[2024-08-12 22:29:14,386] {processor.py:161} INFO - Processing /home/kai/Documents/airflowalura/venv/lib/python3.9/site-packages/airflow/example_dags/example_xcom.py took 0.133 seconds
[2024-08-12 22:35:29,794] {processor.py:153} INFO - Started process (PID=3284) to work on /home/kai/Documents/airflowalura/venv/lib/python3.9/site-packages/airflow/example_dags/example_xcom.py
[2024-08-12 22:35:29,794] {processor.py:641} INFO - Processing file /home/kai/Documents/airflowalura/venv/lib/python3.9/site-packages/airflow/example_dags/example_xcom.py for tasks to queue
[2024-08-12 22:35:29,795] {logging_mixin.py:115} INFO - [2024-08-12 22:35:29,795] {dagbag.py:507} INFO - Filling up the DagBag from /home/kai/Documents/airflowalura/venv/lib/python3.9/site-packages/airflow/example_dags/example_xcom.py
[2024-08-12 22:35:29,809] {processor.py:651} INFO - DAG(s) dict_keys(['example_xcom']) retrieved from /home/kai/Documents/airflowalura/venv/lib/python3.9/site-packages/airflow/example_dags/example_xcom.py
[2024-08-12 22:35:29,849] {logging_mixin.py:115} INFO - [2024-08-12 22:35:29,849] {dag.py:2379} INFO - Sync 1 DAGs
[2024-08-12 22:35:29,860] {logging_mixin.py:115} INFO - [2024-08-12 22:35:29,860] {dag.py:2927} INFO - Setting next_dagrun for example_xcom to 2021-01-01T00:00:00+00:00, run_after=2021-01-01T00:00:00+00:00
[2024-08-12 22:35:29,870] {processor.py:161} INFO - Processing /home/kai/Documents/airflowalura/venv/lib/python3.9/site-packages/airflow/example_dags/example_xcom.py took 0.079 seconds
[2024-08-12 22:36:03,039] {processor.py:153} INFO - Started process (PID=3864) to work on /home/kai/Documents/airflowalura/venv/lib/python3.9/site-packages/airflow/example_dags/example_xcom.py
[2024-08-12 22:36:03,039] {processor.py:641} INFO - Processing file /home/kai/Documents/airflowalura/venv/lib/python3.9/site-packages/airflow/example_dags/example_xcom.py for tasks to queue
[2024-08-12 22:36:03,040] {logging_mixin.py:115} INFO - [2024-08-12 22:36:03,040] {dagbag.py:507} INFO - Filling up the DagBag from /home/kai/Documents/airflowalura/venv/lib/python3.9/site-packages/airflow/example_dags/example_xcom.py
[2024-08-12 22:36:03,054] {processor.py:651} INFO - DAG(s) dict_keys(['example_xcom']) retrieved from /home/kai/Documents/airflowalura/venv/lib/python3.9/site-packages/airflow/example_dags/example_xcom.py
[2024-08-12 22:36:03,092] {logging_mixin.py:115} INFO - [2024-08-12 22:36:03,092] {dag.py:2379} INFO - Sync 1 DAGs
[2024-08-12 22:36:03,104] {logging_mixin.py:115} INFO - [2024-08-12 22:36:03,104] {dag.py:2927} INFO - Setting next_dagrun for example_xcom to 2021-01-01T00:00:00+00:00, run_after=2021-01-01T00:00:00+00:00
[2024-08-12 22:36:03,115] {processor.py:161} INFO - Processing /home/kai/Documents/airflowalura/venv/lib/python3.9/site-packages/airflow/example_dags/example_xcom.py took 0.078 seconds
[2024-08-12 22:36:36,743] {processor.py:153} INFO - Started process (PID=4056) to work on /home/kai/Documents/airflowalura/venv/lib/python3.9/site-packages/airflow/example_dags/example_xcom.py
[2024-08-12 22:36:36,744] {processor.py:641} INFO - Processing file /home/kai/Documents/airflowalura/venv/lib/python3.9/site-packages/airflow/example_dags/example_xcom.py for tasks to queue
[2024-08-12 22:36:36,744] {logging_mixin.py:115} INFO - [2024-08-12 22:36:36,744] {dagbag.py:507} INFO - Filling up the DagBag from /home/kai/Documents/airflowalura/venv/lib/python3.9/site-packages/airflow/example_dags/example_xcom.py
[2024-08-12 22:36:36,764] {processor.py:651} INFO - DAG(s) dict_keys(['example_xcom']) retrieved from /home/kai/Documents/airflowalura/venv/lib/python3.9/site-packages/airflow/example_dags/example_xcom.py
[2024-08-12 22:36:36,785] {logging_mixin.py:115} INFO - [2024-08-12 22:36:36,785] {dag.py:2379} INFO - Sync 1 DAGs
[2024-08-12 22:36:36,801] {logging_mixin.py:115} INFO - [2024-08-12 22:36:36,801] {dag.py:2927} INFO - Setting next_dagrun for example_xcom to 2021-01-01T00:00:00+00:00, run_after=2021-01-01T00:00:00+00:00
[2024-08-12 22:36:36,811] {processor.py:161} INFO - Processing /home/kai/Documents/airflowalura/venv/lib/python3.9/site-packages/airflow/example_dags/example_xcom.py took 0.072 seconds
[2024-08-12 22:37:09,814] {processor.py:153} INFO - Started process (PID=4240) to work on /home/kai/Documents/airflowalura/venv/lib/python3.9/site-packages/airflow/example_dags/example_xcom.py
[2024-08-12 22:37:09,815] {processor.py:641} INFO - Processing file /home/kai/Documents/airflowalura/venv/lib/python3.9/site-packages/airflow/example_dags/example_xcom.py for tasks to queue
[2024-08-12 22:37:09,816] {logging_mixin.py:115} INFO - [2024-08-12 22:37:09,816] {dagbag.py:507} INFO - Filling up the DagBag from /home/kai/Documents/airflowalura/venv/lib/python3.9/site-packages/airflow/example_dags/example_xcom.py
[2024-08-12 22:37:09,832] {processor.py:651} INFO - DAG(s) dict_keys(['example_xcom']) retrieved from /home/kai/Documents/airflowalura/venv/lib/python3.9/site-packages/airflow/example_dags/example_xcom.py
[2024-08-12 22:37:09,846] {logging_mixin.py:115} INFO - [2024-08-12 22:37:09,846] {dag.py:2379} INFO - Sync 1 DAGs
[2024-08-12 22:37:09,858] {logging_mixin.py:115} INFO - [2024-08-12 22:37:09,858] {dag.py:2927} INFO - Setting next_dagrun for example_xcom to 2021-01-01T00:00:00+00:00, run_after=2021-01-01T00:00:00+00:00
[2024-08-12 22:37:09,870] {processor.py:161} INFO - Processing /home/kai/Documents/airflowalura/venv/lib/python3.9/site-packages/airflow/example_dags/example_xcom.py took 0.058 seconds
[2024-08-12 22:37:44,546] {processor.py:153} INFO - Started process (PID=4703) to work on /home/kai/Documents/airflowalura/venv/lib/python3.9/site-packages/airflow/example_dags/example_xcom.py
[2024-08-12 22:37:44,547] {processor.py:641} INFO - Processing file /home/kai/Documents/airflowalura/venv/lib/python3.9/site-packages/airflow/example_dags/example_xcom.py for tasks to queue
[2024-08-12 22:37:44,548] {logging_mixin.py:115} INFO - [2024-08-12 22:37:44,547] {dagbag.py:507} INFO - Filling up the DagBag from /home/kai/Documents/airflowalura/venv/lib/python3.9/site-packages/airflow/example_dags/example_xcom.py
[2024-08-12 22:37:44,564] {processor.py:651} INFO - DAG(s) dict_keys(['example_xcom']) retrieved from /home/kai/Documents/airflowalura/venv/lib/python3.9/site-packages/airflow/example_dags/example_xcom.py
[2024-08-12 22:37:44,598] {logging_mixin.py:115} INFO - [2024-08-12 22:37:44,597] {dag.py:2379} INFO - Sync 1 DAGs
[2024-08-12 22:37:44,609] {logging_mixin.py:115} INFO - [2024-08-12 22:37:44,608] {dag.py:2927} INFO - Setting next_dagrun for example_xcom to 2021-01-01T00:00:00+00:00, run_after=2021-01-01T00:00:00+00:00
[2024-08-12 22:37:44,619] {processor.py:161} INFO - Processing /home/kai/Documents/airflowalura/venv/lib/python3.9/site-packages/airflow/example_dags/example_xcom.py took 0.075 seconds
[2024-08-12 22:38:19,340] {processor.py:153} INFO - Started process (PID=4956) to work on /home/kai/Documents/airflowalura/venv/lib/python3.9/site-packages/airflow/example_dags/example_xcom.py
[2024-08-12 22:38:19,342] {processor.py:641} INFO - Processing file /home/kai/Documents/airflowalura/venv/lib/python3.9/site-packages/airflow/example_dags/example_xcom.py for tasks to queue
[2024-08-12 22:38:19,343] {logging_mixin.py:115} INFO - [2024-08-12 22:38:19,343] {dagbag.py:507} INFO - Filling up the DagBag from /home/kai/Documents/airflowalura/venv/lib/python3.9/site-packages/airflow/example_dags/example_xcom.py
[2024-08-12 22:38:19,364] {processor.py:651} INFO - DAG(s) dict_keys(['example_xcom']) retrieved from /home/kai/Documents/airflowalura/venv/lib/python3.9/site-packages/airflow/example_dags/example_xcom.py
[2024-08-12 22:38:19,424] {logging_mixin.py:115} INFO - [2024-08-12 22:38:19,424] {dag.py:2379} INFO - Sync 1 DAGs
[2024-08-12 22:38:19,441] {logging_mixin.py:115} INFO - [2024-08-12 22:38:19,441] {dag.py:2927} INFO - Setting next_dagrun for example_xcom to 2021-01-01T00:00:00+00:00, run_after=2021-01-01T00:00:00+00:00
[2024-08-12 22:38:19,451] {processor.py:161} INFO - Processing /home/kai/Documents/airflowalura/venv/lib/python3.9/site-packages/airflow/example_dags/example_xcom.py took 0.114 seconds
[2024-08-12 22:38:51,415] {processor.py:153} INFO - Started process (PID=5201) to work on /home/kai/Documents/airflowalura/venv/lib/python3.9/site-packages/airflow/example_dags/example_xcom.py
[2024-08-12 22:38:51,416] {processor.py:641} INFO - Processing file /home/kai/Documents/airflowalura/venv/lib/python3.9/site-packages/airflow/example_dags/example_xcom.py for tasks to queue
[2024-08-12 22:38:51,417] {logging_mixin.py:115} INFO - [2024-08-12 22:38:51,417] {dagbag.py:507} INFO - Filling up the DagBag from /home/kai/Documents/airflowalura/venv/lib/python3.9/site-packages/airflow/example_dags/example_xcom.py
[2024-08-12 22:38:51,435] {processor.py:651} INFO - DAG(s) dict_keys(['example_xcom']) retrieved from /home/kai/Documents/airflowalura/venv/lib/python3.9/site-packages/airflow/example_dags/example_xcom.py
[2024-08-12 22:38:51,479] {logging_mixin.py:115} INFO - [2024-08-12 22:38:51,479] {dag.py:2379} INFO - Sync 1 DAGs
[2024-08-12 22:38:51,495] {logging_mixin.py:115} INFO - [2024-08-12 22:38:51,495] {dag.py:2927} INFO - Setting next_dagrun for example_xcom to 2021-01-01T00:00:00+00:00, run_after=2021-01-01T00:00:00+00:00
[2024-08-12 22:38:51,514] {processor.py:161} INFO - Processing /home/kai/Documents/airflowalura/venv/lib/python3.9/site-packages/airflow/example_dags/example_xcom.py took 0.101 seconds
[2024-08-12 22:39:27,415] {processor.py:153} INFO - Started process (PID=5610) to work on /home/kai/Documents/airflowalura/venv/lib/python3.9/site-packages/airflow/example_dags/example_xcom.py
[2024-08-12 22:39:27,415] {processor.py:641} INFO - Processing file /home/kai/Documents/airflowalura/venv/lib/python3.9/site-packages/airflow/example_dags/example_xcom.py for tasks to queue
[2024-08-12 22:39:27,416] {logging_mixin.py:115} INFO - [2024-08-12 22:39:27,416] {dagbag.py:507} INFO - Filling up the DagBag from /home/kai/Documents/airflowalura/venv/lib/python3.9/site-packages/airflow/example_dags/example_xcom.py
[2024-08-12 22:39:27,430] {processor.py:651} INFO - DAG(s) dict_keys(['example_xcom']) retrieved from /home/kai/Documents/airflowalura/venv/lib/python3.9/site-packages/airflow/example_dags/example_xcom.py
[2024-08-12 22:39:27,464] {logging_mixin.py:115} INFO - [2024-08-12 22:39:27,464] {dag.py:2379} INFO - Sync 1 DAGs
[2024-08-12 22:39:27,476] {logging_mixin.py:115} INFO - [2024-08-12 22:39:27,476] {dag.py:2927} INFO - Setting next_dagrun for example_xcom to 2021-01-01T00:00:00+00:00, run_after=2021-01-01T00:00:00+00:00
[2024-08-12 22:39:27,490] {processor.py:161} INFO - Processing /home/kai/Documents/airflowalura/venv/lib/python3.9/site-packages/airflow/example_dags/example_xcom.py took 0.077 seconds
[2024-08-12 22:40:01,739] {processor.py:153} INFO - Started process (PID=5862) to work on /home/kai/Documents/airflowalura/venv/lib/python3.9/site-packages/airflow/example_dags/example_xcom.py
[2024-08-12 22:40:01,740] {processor.py:641} INFO - Processing file /home/kai/Documents/airflowalura/venv/lib/python3.9/site-packages/airflow/example_dags/example_xcom.py for tasks to queue
[2024-08-12 22:40:01,740] {logging_mixin.py:115} INFO - [2024-08-12 22:40:01,740] {dagbag.py:507} INFO - Filling up the DagBag from /home/kai/Documents/airflowalura/venv/lib/python3.9/site-packages/airflow/example_dags/example_xcom.py
[2024-08-12 22:40:01,762] {processor.py:651} INFO - DAG(s) dict_keys(['example_xcom']) retrieved from /home/kai/Documents/airflowalura/venv/lib/python3.9/site-packages/airflow/example_dags/example_xcom.py
[2024-08-12 22:40:01,779] {logging_mixin.py:115} INFO - [2024-08-12 22:40:01,779] {dag.py:2379} INFO - Sync 1 DAGs
[2024-08-12 22:40:01,804] {logging_mixin.py:115} INFO - [2024-08-12 22:40:01,804] {dag.py:2927} INFO - Setting next_dagrun for example_xcom to 2021-01-01T00:00:00+00:00, run_after=2021-01-01T00:00:00+00:00
[2024-08-12 22:40:01,819] {processor.py:161} INFO - Processing /home/kai/Documents/airflowalura/venv/lib/python3.9/site-packages/airflow/example_dags/example_xcom.py took 0.083 seconds
[2024-08-12 22:40:34,062] {processor.py:153} INFO - Started process (PID=6242) to work on /home/kai/Documents/airflowalura/venv/lib/python3.9/site-packages/airflow/example_dags/example_xcom.py
[2024-08-12 22:40:34,063] {processor.py:641} INFO - Processing file /home/kai/Documents/airflowalura/venv/lib/python3.9/site-packages/airflow/example_dags/example_xcom.py for tasks to queue
[2024-08-12 22:40:34,063] {logging_mixin.py:115} INFO - [2024-08-12 22:40:34,063] {dagbag.py:507} INFO - Filling up the DagBag from /home/kai/Documents/airflowalura/venv/lib/python3.9/site-packages/airflow/example_dags/example_xcom.py
[2024-08-12 22:40:34,078] {processor.py:651} INFO - DAG(s) dict_keys(['example_xcom']) retrieved from /home/kai/Documents/airflowalura/venv/lib/python3.9/site-packages/airflow/example_dags/example_xcom.py
[2024-08-12 22:40:34,113] {logging_mixin.py:115} INFO - [2024-08-12 22:40:34,113] {dag.py:2379} INFO - Sync 1 DAGs
[2024-08-12 22:40:34,125] {logging_mixin.py:115} INFO - [2024-08-12 22:40:34,125] {dag.py:2927} INFO - Setting next_dagrun for example_xcom to 2021-01-01T00:00:00+00:00, run_after=2021-01-01T00:00:00+00:00
[2024-08-12 22:40:34,135] {processor.py:161} INFO - Processing /home/kai/Documents/airflowalura/venv/lib/python3.9/site-packages/airflow/example_dags/example_xcom.py took 0.075 seconds
[2024-08-12 22:41:10,302] {processor.py:153} INFO - Started process (PID=6465) to work on /home/kai/Documents/airflowalura/venv/lib/python3.9/site-packages/airflow/example_dags/example_xcom.py
[2024-08-12 22:41:10,302] {processor.py:641} INFO - Processing file /home/kai/Documents/airflowalura/venv/lib/python3.9/site-packages/airflow/example_dags/example_xcom.py for tasks to queue
[2024-08-12 22:41:10,303] {logging_mixin.py:115} INFO - [2024-08-12 22:41:10,303] {dagbag.py:507} INFO - Filling up the DagBag from /home/kai/Documents/airflowalura/venv/lib/python3.9/site-packages/airflow/example_dags/example_xcom.py
[2024-08-12 22:41:10,320] {processor.py:651} INFO - DAG(s) dict_keys(['example_xcom']) retrieved from /home/kai/Documents/airflowalura/venv/lib/python3.9/site-packages/airflow/example_dags/example_xcom.py
[2024-08-12 22:41:10,337] {logging_mixin.py:115} INFO - [2024-08-12 22:41:10,337] {dag.py:2379} INFO - Sync 1 DAGs
[2024-08-12 22:41:10,354] {logging_mixin.py:115} INFO - [2024-08-12 22:41:10,354] {dag.py:2927} INFO - Setting next_dagrun for example_xcom to 2021-01-01T00:00:00+00:00, run_after=2021-01-01T00:00:00+00:00
[2024-08-12 22:41:10,365] {processor.py:161} INFO - Processing /home/kai/Documents/airflowalura/venv/lib/python3.9/site-packages/airflow/example_dags/example_xcom.py took 0.067 seconds
[2024-08-12 22:41:46,301] {processor.py:153} INFO - Started process (PID=6930) to work on /home/kai/Documents/airflowalura/venv/lib/python3.9/site-packages/airflow/example_dags/example_xcom.py
[2024-08-12 22:41:46,302] {processor.py:641} INFO - Processing file /home/kai/Documents/airflowalura/venv/lib/python3.9/site-packages/airflow/example_dags/example_xcom.py for tasks to queue
[2024-08-12 22:41:46,303] {logging_mixin.py:115} INFO - [2024-08-12 22:41:46,303] {dagbag.py:507} INFO - Filling up the DagBag from /home/kai/Documents/airflowalura/venv/lib/python3.9/site-packages/airflow/example_dags/example_xcom.py
[2024-08-12 22:41:46,322] {processor.py:651} INFO - DAG(s) dict_keys(['example_xcom']) retrieved from /home/kai/Documents/airflowalura/venv/lib/python3.9/site-packages/airflow/example_dags/example_xcom.py
[2024-08-12 22:41:46,341] {logging_mixin.py:115} INFO - [2024-08-12 22:41:46,340] {dag.py:2379} INFO - Sync 1 DAGs
[2024-08-12 22:41:46,357] {logging_mixin.py:115} INFO - [2024-08-12 22:41:46,356] {dag.py:2927} INFO - Setting next_dagrun for example_xcom to 2021-01-01T00:00:00+00:00, run_after=2021-01-01T00:00:00+00:00
[2024-08-12 22:41:46,369] {processor.py:161} INFO - Processing /home/kai/Documents/airflowalura/venv/lib/python3.9/site-packages/airflow/example_dags/example_xcom.py took 0.070 seconds
[2024-08-12 22:42:21,121] {processor.py:153} INFO - Started process (PID=7252) to work on /home/kai/Documents/airflowalura/venv/lib/python3.9/site-packages/airflow/example_dags/example_xcom.py
[2024-08-12 22:42:21,122] {processor.py:641} INFO - Processing file /home/kai/Documents/airflowalura/venv/lib/python3.9/site-packages/airflow/example_dags/example_xcom.py for tasks to queue
[2024-08-12 22:42:21,123] {logging_mixin.py:115} INFO - [2024-08-12 22:42:21,123] {dagbag.py:507} INFO - Filling up the DagBag from /home/kai/Documents/airflowalura/venv/lib/python3.9/site-packages/airflow/example_dags/example_xcom.py
[2024-08-12 22:42:21,139] {processor.py:651} INFO - DAG(s) dict_keys(['example_xcom']) retrieved from /home/kai/Documents/airflowalura/venv/lib/python3.9/site-packages/airflow/example_dags/example_xcom.py
[2024-08-12 22:42:21,195] {logging_mixin.py:115} INFO - [2024-08-12 22:42:21,195] {dag.py:2379} INFO - Sync 1 DAGs
[2024-08-12 22:42:21,207] {logging_mixin.py:115} INFO - [2024-08-12 22:42:21,207] {dag.py:2927} INFO - Setting next_dagrun for example_xcom to 2021-01-01T00:00:00+00:00, run_after=2021-01-01T00:00:00+00:00
[2024-08-12 22:42:21,218] {processor.py:161} INFO - Processing /home/kai/Documents/airflowalura/venv/lib/python3.9/site-packages/airflow/example_dags/example_xcom.py took 0.100 seconds
[2024-08-12 22:42:54,639] {processor.py:153} INFO - Started process (PID=7534) to work on /home/kai/Documents/airflowalura/venv/lib/python3.9/site-packages/airflow/example_dags/example_xcom.py
[2024-08-12 22:42:54,640] {processor.py:641} INFO - Processing file /home/kai/Documents/airflowalura/venv/lib/python3.9/site-packages/airflow/example_dags/example_xcom.py for tasks to queue
[2024-08-12 22:42:54,641] {logging_mixin.py:115} INFO - [2024-08-12 22:42:54,641] {dagbag.py:507} INFO - Filling up the DagBag from /home/kai/Documents/airflowalura/venv/lib/python3.9/site-packages/airflow/example_dags/example_xcom.py
[2024-08-12 22:42:54,662] {processor.py:651} INFO - DAG(s) dict_keys(['example_xcom']) retrieved from /home/kai/Documents/airflowalura/venv/lib/python3.9/site-packages/airflow/example_dags/example_xcom.py
[2024-08-12 22:42:54,680] {logging_mixin.py:115} INFO - [2024-08-12 22:42:54,680] {dag.py:2379} INFO - Sync 1 DAGs
[2024-08-12 22:42:54,699] {logging_mixin.py:115} INFO - [2024-08-12 22:42:54,699] {dag.py:2927} INFO - Setting next_dagrun for example_xcom to 2021-01-01T00:00:00+00:00, run_after=2021-01-01T00:00:00+00:00
[2024-08-12 22:42:54,725] {processor.py:161} INFO - Processing /home/kai/Documents/airflowalura/venv/lib/python3.9/site-packages/airflow/example_dags/example_xcom.py took 0.089 seconds
[2024-08-12 22:43:31,160] {processor.py:153} INFO - Started process (PID=7726) to work on /home/kai/Documents/airflowalura/venv/lib/python3.9/site-packages/airflow/example_dags/example_xcom.py
[2024-08-12 22:43:31,161] {processor.py:641} INFO - Processing file /home/kai/Documents/airflowalura/venv/lib/python3.9/site-packages/airflow/example_dags/example_xcom.py for tasks to queue
[2024-08-12 22:43:31,161] {logging_mixin.py:115} INFO - [2024-08-12 22:43:31,161] {dagbag.py:507} INFO - Filling up the DagBag from /home/kai/Documents/airflowalura/venv/lib/python3.9/site-packages/airflow/example_dags/example_xcom.py
[2024-08-12 22:43:31,182] {processor.py:651} INFO - DAG(s) dict_keys(['example_xcom']) retrieved from /home/kai/Documents/airflowalura/venv/lib/python3.9/site-packages/airflow/example_dags/example_xcom.py
[2024-08-12 22:43:31,233] {logging_mixin.py:115} INFO - [2024-08-12 22:43:31,233] {dag.py:2379} INFO - Sync 1 DAGs
[2024-08-12 22:43:31,248] {logging_mixin.py:115} INFO - [2024-08-12 22:43:31,248] {dag.py:2927} INFO - Setting next_dagrun for example_xcom to 2021-01-01T00:00:00+00:00, run_after=2021-01-01T00:00:00+00:00
[2024-08-12 22:43:31,266] {processor.py:161} INFO - Processing /home/kai/Documents/airflowalura/venv/lib/python3.9/site-packages/airflow/example_dags/example_xcom.py took 0.109 seconds
[2024-08-12 22:44:05,636] {processor.py:153} INFO - Started process (PID=8017) to work on /home/kai/Documents/airflowalura/venv/lib/python3.9/site-packages/airflow/example_dags/example_xcom.py
[2024-08-12 22:44:05,637] {processor.py:641} INFO - Processing file /home/kai/Documents/airflowalura/venv/lib/python3.9/site-packages/airflow/example_dags/example_xcom.py for tasks to queue
[2024-08-12 22:44:05,637] {logging_mixin.py:115} INFO - [2024-08-12 22:44:05,637] {dagbag.py:507} INFO - Filling up the DagBag from /home/kai/Documents/airflowalura/venv/lib/python3.9/site-packages/airflow/example_dags/example_xcom.py
[2024-08-12 22:44:05,652] {processor.py:651} INFO - DAG(s) dict_keys(['example_xcom']) retrieved from /home/kai/Documents/airflowalura/venv/lib/python3.9/site-packages/airflow/example_dags/example_xcom.py
[2024-08-12 22:44:05,690] {logging_mixin.py:115} INFO - [2024-08-12 22:44:05,690] {dag.py:2379} INFO - Sync 1 DAGs
[2024-08-12 22:44:05,703] {logging_mixin.py:115} INFO - [2024-08-12 22:44:05,702] {dag.py:2927} INFO - Setting next_dagrun for example_xcom to 2021-01-01T00:00:00+00:00, run_after=2021-01-01T00:00:00+00:00
[2024-08-12 22:44:05,713] {processor.py:161} INFO - Processing /home/kai/Documents/airflowalura/venv/lib/python3.9/site-packages/airflow/example_dags/example_xcom.py took 0.079 seconds
[2024-08-12 22:44:39,841] {processor.py:153} INFO - Started process (PID=8200) to work on /home/kai/Documents/airflowalura/venv/lib/python3.9/site-packages/airflow/example_dags/example_xcom.py
[2024-08-12 22:44:39,842] {processor.py:641} INFO - Processing file /home/kai/Documents/airflowalura/venv/lib/python3.9/site-packages/airflow/example_dags/example_xcom.py for tasks to queue
[2024-08-12 22:44:39,842] {logging_mixin.py:115} INFO - [2024-08-12 22:44:39,842] {dagbag.py:507} INFO - Filling up the DagBag from /home/kai/Documents/airflowalura/venv/lib/python3.9/site-packages/airflow/example_dags/example_xcom.py
[2024-08-12 22:44:39,857] {processor.py:651} INFO - DAG(s) dict_keys(['example_xcom']) retrieved from /home/kai/Documents/airflowalura/venv/lib/python3.9/site-packages/airflow/example_dags/example_xcom.py
[2024-08-12 22:44:39,872] {logging_mixin.py:115} INFO - [2024-08-12 22:44:39,872] {dag.py:2379} INFO - Sync 1 DAGs
[2024-08-12 22:44:39,886] {logging_mixin.py:115} INFO - [2024-08-12 22:44:39,886] {dag.py:2927} INFO - Setting next_dagrun for example_xcom to 2021-01-01T00:00:00+00:00, run_after=2021-01-01T00:00:00+00:00
[2024-08-12 22:44:39,896] {processor.py:161} INFO - Processing /home/kai/Documents/airflowalura/venv/lib/python3.9/site-packages/airflow/example_dags/example_xcom.py took 0.057 seconds
[2024-08-12 22:45:12,367] {processor.py:153} INFO - Started process (PID=8494) to work on /home/kai/Documents/airflowalura/venv/lib/python3.9/site-packages/airflow/example_dags/example_xcom.py
[2024-08-12 22:45:12,369] {processor.py:641} INFO - Processing file /home/kai/Documents/airflowalura/venv/lib/python3.9/site-packages/airflow/example_dags/example_xcom.py for tasks to queue
[2024-08-12 22:45:12,370] {logging_mixin.py:115} INFO - [2024-08-12 22:45:12,369] {dagbag.py:507} INFO - Filling up the DagBag from /home/kai/Documents/airflowalura/venv/lib/python3.9/site-packages/airflow/example_dags/example_xcom.py
[2024-08-12 22:45:12,392] {processor.py:651} INFO - DAG(s) dict_keys(['example_xcom']) retrieved from /home/kai/Documents/airflowalura/venv/lib/python3.9/site-packages/airflow/example_dags/example_xcom.py
[2024-08-12 22:45:12,413] {logging_mixin.py:115} INFO - [2024-08-12 22:45:12,413] {dag.py:2379} INFO - Sync 1 DAGs
[2024-08-12 22:45:12,428] {logging_mixin.py:115} INFO - [2024-08-12 22:45:12,428] {dag.py:2927} INFO - Setting next_dagrun for example_xcom to 2021-01-01T00:00:00+00:00, run_after=2021-01-01T00:00:00+00:00
[2024-08-12 22:45:12,442] {processor.py:161} INFO - Processing /home/kai/Documents/airflowalura/venv/lib/python3.9/site-packages/airflow/example_dags/example_xcom.py took 0.077 seconds
[2024-08-12 22:45:44,036] {processor.py:153} INFO - Started process (PID=8768) to work on /home/kai/Documents/airflowalura/venv/lib/python3.9/site-packages/airflow/example_dags/example_xcom.py
[2024-08-12 22:45:44,037] {processor.py:641} INFO - Processing file /home/kai/Documents/airflowalura/venv/lib/python3.9/site-packages/airflow/example_dags/example_xcom.py for tasks to queue
[2024-08-12 22:45:44,037] {logging_mixin.py:115} INFO - [2024-08-12 22:45:44,037] {dagbag.py:507} INFO - Filling up the DagBag from /home/kai/Documents/airflowalura/venv/lib/python3.9/site-packages/airflow/example_dags/example_xcom.py
[2024-08-12 22:45:44,056] {processor.py:651} INFO - DAG(s) dict_keys(['example_xcom']) retrieved from /home/kai/Documents/airflowalura/venv/lib/python3.9/site-packages/airflow/example_dags/example_xcom.py
[2024-08-12 22:45:44,093] {logging_mixin.py:115} INFO - [2024-08-12 22:45:44,093] {dag.py:2379} INFO - Sync 1 DAGs
[2024-08-12 22:45:44,104] {logging_mixin.py:115} INFO - [2024-08-12 22:45:44,104] {dag.py:2927} INFO - Setting next_dagrun for example_xcom to 2021-01-01T00:00:00+00:00, run_after=2021-01-01T00:00:00+00:00
[2024-08-12 22:45:44,114] {processor.py:161} INFO - Processing /home/kai/Documents/airflowalura/venv/lib/python3.9/site-packages/airflow/example_dags/example_xcom.py took 0.081 seconds
[2024-08-12 22:46:19,114] {processor.py:153} INFO - Started process (PID=8960) to work on /home/kai/Documents/airflowalura/venv/lib/python3.9/site-packages/airflow/example_dags/example_xcom.py
[2024-08-12 22:46:19,114] {processor.py:641} INFO - Processing file /home/kai/Documents/airflowalura/venv/lib/python3.9/site-packages/airflow/example_dags/example_xcom.py for tasks to queue
[2024-08-12 22:46:19,115] {logging_mixin.py:115} INFO - [2024-08-12 22:46:19,115] {dagbag.py:507} INFO - Filling up the DagBag from /home/kai/Documents/airflowalura/venv/lib/python3.9/site-packages/airflow/example_dags/example_xcom.py
[2024-08-12 22:46:19,130] {processor.py:651} INFO - DAG(s) dict_keys(['example_xcom']) retrieved from /home/kai/Documents/airflowalura/venv/lib/python3.9/site-packages/airflow/example_dags/example_xcom.py
[2024-08-12 22:46:19,144] {logging_mixin.py:115} INFO - [2024-08-12 22:46:19,144] {dag.py:2379} INFO - Sync 1 DAGs
[2024-08-12 22:46:19,157] {logging_mixin.py:115} INFO - [2024-08-12 22:46:19,157] {dag.py:2927} INFO - Setting next_dagrun for example_xcom to 2021-01-01T00:00:00+00:00, run_after=2021-01-01T00:00:00+00:00
[2024-08-12 22:46:19,167] {processor.py:161} INFO - Processing /home/kai/Documents/airflowalura/venv/lib/python3.9/site-packages/airflow/example_dags/example_xcom.py took 0.056 seconds
[2024-08-12 22:46:52,058] {processor.py:153} INFO - Started process (PID=9144) to work on /home/kai/Documents/airflowalura/venv/lib/python3.9/site-packages/airflow/example_dags/example_xcom.py
[2024-08-12 22:46:52,058] {processor.py:641} INFO - Processing file /home/kai/Documents/airflowalura/venv/lib/python3.9/site-packages/airflow/example_dags/example_xcom.py for tasks to queue
[2024-08-12 22:46:52,059] {logging_mixin.py:115} INFO - [2024-08-12 22:46:52,059] {dagbag.py:507} INFO - Filling up the DagBag from /home/kai/Documents/airflowalura/venv/lib/python3.9/site-packages/airflow/example_dags/example_xcom.py
[2024-08-12 22:46:52,075] {processor.py:651} INFO - DAG(s) dict_keys(['example_xcom']) retrieved from /home/kai/Documents/airflowalura/venv/lib/python3.9/site-packages/airflow/example_dags/example_xcom.py
[2024-08-12 22:46:52,091] {logging_mixin.py:115} INFO - [2024-08-12 22:46:52,091] {dag.py:2379} INFO - Sync 1 DAGs
[2024-08-12 22:46:52,104] {logging_mixin.py:115} INFO - [2024-08-12 22:46:52,104] {dag.py:2927} INFO - Setting next_dagrun for example_xcom to 2021-01-01T00:00:00+00:00, run_after=2021-01-01T00:00:00+00:00
[2024-08-12 22:46:52,114] {processor.py:161} INFO - Processing /home/kai/Documents/airflowalura/venv/lib/python3.9/site-packages/airflow/example_dags/example_xcom.py took 0.059 seconds
[2024-08-12 22:47:24,169] {processor.py:153} INFO - Started process (PID=9321) to work on /home/kai/Documents/airflowalura/venv/lib/python3.9/site-packages/airflow/example_dags/example_xcom.py
[2024-08-12 22:47:24,170] {processor.py:641} INFO - Processing file /home/kai/Documents/airflowalura/venv/lib/python3.9/site-packages/airflow/example_dags/example_xcom.py for tasks to queue
[2024-08-12 22:47:24,170] {logging_mixin.py:115} INFO - [2024-08-12 22:47:24,170] {dagbag.py:507} INFO - Filling up the DagBag from /home/kai/Documents/airflowalura/venv/lib/python3.9/site-packages/airflow/example_dags/example_xcom.py
[2024-08-12 22:47:24,188] {processor.py:651} INFO - DAG(s) dict_keys(['example_xcom']) retrieved from /home/kai/Documents/airflowalura/venv/lib/python3.9/site-packages/airflow/example_dags/example_xcom.py
[2024-08-12 22:47:24,202] {logging_mixin.py:115} INFO - [2024-08-12 22:47:24,202] {dag.py:2379} INFO - Sync 1 DAGs
[2024-08-12 22:47:24,216] {logging_mixin.py:115} INFO - [2024-08-12 22:47:24,216] {dag.py:2927} INFO - Setting next_dagrun for example_xcom to 2021-01-01T00:00:00+00:00, run_after=2021-01-01T00:00:00+00:00
[2024-08-12 22:47:24,225] {processor.py:161} INFO - Processing /home/kai/Documents/airflowalura/venv/lib/python3.9/site-packages/airflow/example_dags/example_xcom.py took 0.059 seconds
[2024-08-12 22:48:00,081] {processor.py:153} INFO - Started process (PID=9529) to work on /home/kai/Documents/airflowalura/venv/lib/python3.9/site-packages/airflow/example_dags/example_xcom.py
[2024-08-12 22:48:00,082] {processor.py:641} INFO - Processing file /home/kai/Documents/airflowalura/venv/lib/python3.9/site-packages/airflow/example_dags/example_xcom.py for tasks to queue
[2024-08-12 22:48:00,082] {logging_mixin.py:115} INFO - [2024-08-12 22:48:00,082] {dagbag.py:507} INFO - Filling up the DagBag from /home/kai/Documents/airflowalura/venv/lib/python3.9/site-packages/airflow/example_dags/example_xcom.py
[2024-08-12 22:48:00,097] {processor.py:651} INFO - DAG(s) dict_keys(['example_xcom']) retrieved from /home/kai/Documents/airflowalura/venv/lib/python3.9/site-packages/airflow/example_dags/example_xcom.py
[2024-08-12 22:48:00,112] {logging_mixin.py:115} INFO - [2024-08-12 22:48:00,112] {dag.py:2379} INFO - Sync 1 DAGs
[2024-08-12 22:48:00,128] {logging_mixin.py:115} INFO - [2024-08-12 22:48:00,128] {dag.py:2927} INFO - Setting next_dagrun for example_xcom to 2021-01-01T00:00:00+00:00, run_after=2021-01-01T00:00:00+00:00
[2024-08-12 22:48:00,137] {processor.py:161} INFO - Processing /home/kai/Documents/airflowalura/venv/lib/python3.9/site-packages/airflow/example_dags/example_xcom.py took 0.059 seconds
[2024-08-12 22:48:33,645] {processor.py:153} INFO - Started process (PID=9708) to work on /home/kai/Documents/airflowalura/venv/lib/python3.9/site-packages/airflow/example_dags/example_xcom.py
[2024-08-12 22:48:33,646] {processor.py:641} INFO - Processing file /home/kai/Documents/airflowalura/venv/lib/python3.9/site-packages/airflow/example_dags/example_xcom.py for tasks to queue
[2024-08-12 22:48:33,646] {logging_mixin.py:115} INFO - [2024-08-12 22:48:33,646] {dagbag.py:507} INFO - Filling up the DagBag from /home/kai/Documents/airflowalura/venv/lib/python3.9/site-packages/airflow/example_dags/example_xcom.py
[2024-08-12 22:48:33,662] {processor.py:651} INFO - DAG(s) dict_keys(['example_xcom']) retrieved from /home/kai/Documents/airflowalura/venv/lib/python3.9/site-packages/airflow/example_dags/example_xcom.py
[2024-08-12 22:48:33,676] {logging_mixin.py:115} INFO - [2024-08-12 22:48:33,676] {dag.py:2379} INFO - Sync 1 DAGs
[2024-08-12 22:48:33,689] {logging_mixin.py:115} INFO - [2024-08-12 22:48:33,689] {dag.py:2927} INFO - Setting next_dagrun for example_xcom to 2021-01-01T00:00:00+00:00, run_after=2021-01-01T00:00:00+00:00
[2024-08-12 22:48:33,697] {processor.py:161} INFO - Processing /home/kai/Documents/airflowalura/venv/lib/python3.9/site-packages/airflow/example_dags/example_xcom.py took 0.055 seconds
[2024-08-12 22:49:07,062] {processor.py:153} INFO - Started process (PID=9900) to work on /home/kai/Documents/airflowalura/venv/lib/python3.9/site-packages/airflow/example_dags/example_xcom.py
[2024-08-12 22:49:07,063] {processor.py:641} INFO - Processing file /home/kai/Documents/airflowalura/venv/lib/python3.9/site-packages/airflow/example_dags/example_xcom.py for tasks to queue
[2024-08-12 22:49:07,064] {logging_mixin.py:115} INFO - [2024-08-12 22:49:07,064] {dagbag.py:507} INFO - Filling up the DagBag from /home/kai/Documents/airflowalura/venv/lib/python3.9/site-packages/airflow/example_dags/example_xcom.py
[2024-08-12 22:49:07,077] {processor.py:651} INFO - DAG(s) dict_keys(['example_xcom']) retrieved from /home/kai/Documents/airflowalura/venv/lib/python3.9/site-packages/airflow/example_dags/example_xcom.py
[2024-08-12 22:49:07,092] {logging_mixin.py:115} INFO - [2024-08-12 22:49:07,091] {dag.py:2379} INFO - Sync 1 DAGs
[2024-08-12 22:49:07,104] {logging_mixin.py:115} INFO - [2024-08-12 22:49:07,104] {dag.py:2927} INFO - Setting next_dagrun for example_xcom to 2021-01-01T00:00:00+00:00, run_after=2021-01-01T00:00:00+00:00
[2024-08-12 22:49:07,113] {processor.py:161} INFO - Processing /home/kai/Documents/airflowalura/venv/lib/python3.9/site-packages/airflow/example_dags/example_xcom.py took 0.053 seconds
[2024-08-12 22:49:40,396] {processor.py:153} INFO - Started process (PID=10085) to work on /home/kai/Documents/airflowalura/venv/lib/python3.9/site-packages/airflow/example_dags/example_xcom.py
[2024-08-12 22:49:40,397] {processor.py:641} INFO - Processing file /home/kai/Documents/airflowalura/venv/lib/python3.9/site-packages/airflow/example_dags/example_xcom.py for tasks to queue
[2024-08-12 22:49:40,398] {logging_mixin.py:115} INFO - [2024-08-12 22:49:40,398] {dagbag.py:507} INFO - Filling up the DagBag from /home/kai/Documents/airflowalura/venv/lib/python3.9/site-packages/airflow/example_dags/example_xcom.py
[2024-08-12 22:49:40,412] {processor.py:651} INFO - DAG(s) dict_keys(['example_xcom']) retrieved from /home/kai/Documents/airflowalura/venv/lib/python3.9/site-packages/airflow/example_dags/example_xcom.py
[2024-08-12 22:49:40,426] {logging_mixin.py:115} INFO - [2024-08-12 22:49:40,426] {dag.py:2379} INFO - Sync 1 DAGs
[2024-08-12 22:49:40,439] {logging_mixin.py:115} INFO - [2024-08-12 22:49:40,438] {dag.py:2927} INFO - Setting next_dagrun for example_xcom to 2021-01-01T00:00:00+00:00, run_after=2021-01-01T00:00:00+00:00
[2024-08-12 22:49:40,448] {processor.py:161} INFO - Processing /home/kai/Documents/airflowalura/venv/lib/python3.9/site-packages/airflow/example_dags/example_xcom.py took 0.054 seconds
[2024-08-12 22:50:12,275] {processor.py:153} INFO - Started process (PID=10265) to work on /home/kai/Documents/airflowalura/venv/lib/python3.9/site-packages/airflow/example_dags/example_xcom.py
[2024-08-12 22:50:12,276] {processor.py:641} INFO - Processing file /home/kai/Documents/airflowalura/venv/lib/python3.9/site-packages/airflow/example_dags/example_xcom.py for tasks to queue
[2024-08-12 22:50:12,276] {logging_mixin.py:115} INFO - [2024-08-12 22:50:12,276] {dagbag.py:507} INFO - Filling up the DagBag from /home/kai/Documents/airflowalura/venv/lib/python3.9/site-packages/airflow/example_dags/example_xcom.py
[2024-08-12 22:50:12,292] {processor.py:651} INFO - DAG(s) dict_keys(['example_xcom']) retrieved from /home/kai/Documents/airflowalura/venv/lib/python3.9/site-packages/airflow/example_dags/example_xcom.py
[2024-08-12 22:50:12,307] {logging_mixin.py:115} INFO - [2024-08-12 22:50:12,307] {dag.py:2379} INFO - Sync 1 DAGs
[2024-08-12 22:50:12,320] {logging_mixin.py:115} INFO - [2024-08-12 22:50:12,320] {dag.py:2927} INFO - Setting next_dagrun for example_xcom to 2021-01-01T00:00:00+00:00, run_after=2021-01-01T00:00:00+00:00
[2024-08-12 22:50:12,330] {processor.py:161} INFO - Processing /home/kai/Documents/airflowalura/venv/lib/python3.9/site-packages/airflow/example_dags/example_xcom.py took 0.057 seconds
[2024-08-12 22:50:45,959] {processor.py:153} INFO - Started process (PID=10504) to work on /home/kai/Documents/airflowalura/venv/lib/python3.9/site-packages/airflow/example_dags/example_xcom.py
[2024-08-12 22:50:45,960] {processor.py:641} INFO - Processing file /home/kai/Documents/airflowalura/venv/lib/python3.9/site-packages/airflow/example_dags/example_xcom.py for tasks to queue
[2024-08-12 22:50:45,960] {logging_mixin.py:115} INFO - [2024-08-12 22:50:45,960] {dagbag.py:507} INFO - Filling up the DagBag from /home/kai/Documents/airflowalura/venv/lib/python3.9/site-packages/airflow/example_dags/example_xcom.py
[2024-08-12 22:50:45,976] {processor.py:651} INFO - DAG(s) dict_keys(['example_xcom']) retrieved from /home/kai/Documents/airflowalura/venv/lib/python3.9/site-packages/airflow/example_dags/example_xcom.py
[2024-08-12 22:50:46,008] {logging_mixin.py:115} INFO - [2024-08-12 22:50:46,008] {dag.py:2379} INFO - Sync 1 DAGs
[2024-08-12 22:50:46,019] {logging_mixin.py:115} INFO - [2024-08-12 22:50:46,019] {dag.py:2927} INFO - Setting next_dagrun for example_xcom to 2021-01-01T00:00:00+00:00, run_after=2021-01-01T00:00:00+00:00
[2024-08-12 22:50:46,029] {processor.py:161} INFO - Processing /home/kai/Documents/airflowalura/venv/lib/python3.9/site-packages/airflow/example_dags/example_xcom.py took 0.072 seconds
[2024-08-12 22:51:20,517] {processor.py:153} INFO - Started process (PID=10698) to work on /home/kai/Documents/airflowalura/venv/lib/python3.9/site-packages/airflow/example_dags/example_xcom.py
[2024-08-12 22:51:20,518] {processor.py:641} INFO - Processing file /home/kai/Documents/airflowalura/venv/lib/python3.9/site-packages/airflow/example_dags/example_xcom.py for tasks to queue
[2024-08-12 22:51:20,518] {logging_mixin.py:115} INFO - [2024-08-12 22:51:20,518] {dagbag.py:507} INFO - Filling up the DagBag from /home/kai/Documents/airflowalura/venv/lib/python3.9/site-packages/airflow/example_dags/example_xcom.py
[2024-08-12 22:51:20,535] {processor.py:651} INFO - DAG(s) dict_keys(['example_xcom']) retrieved from /home/kai/Documents/airflowalura/venv/lib/python3.9/site-packages/airflow/example_dags/example_xcom.py
[2024-08-12 22:51:20,546] {logging_mixin.py:115} INFO - [2024-08-12 22:51:20,546] {dag.py:2379} INFO - Sync 1 DAGs
[2024-08-12 22:51:20,560] {logging_mixin.py:115} INFO - [2024-08-12 22:51:20,560] {dag.py:2927} INFO - Setting next_dagrun for example_xcom to 2021-01-01T00:00:00+00:00, run_after=2021-01-01T00:00:00+00:00
[2024-08-12 22:51:20,569] {processor.py:161} INFO - Processing /home/kai/Documents/airflowalura/venv/lib/python3.9/site-packages/airflow/example_dags/example_xcom.py took 0.055 seconds
[2024-08-12 22:51:52,678] {processor.py:153} INFO - Started process (PID=10881) to work on /home/kai/Documents/airflowalura/venv/lib/python3.9/site-packages/airflow/example_dags/example_xcom.py
[2024-08-12 22:51:52,679] {processor.py:641} INFO - Processing file /home/kai/Documents/airflowalura/venv/lib/python3.9/site-packages/airflow/example_dags/example_xcom.py for tasks to queue
[2024-08-12 22:51:52,679] {logging_mixin.py:115} INFO - [2024-08-12 22:51:52,679] {dagbag.py:507} INFO - Filling up the DagBag from /home/kai/Documents/airflowalura/venv/lib/python3.9/site-packages/airflow/example_dags/example_xcom.py
[2024-08-12 22:51:52,696] {processor.py:651} INFO - DAG(s) dict_keys(['example_xcom']) retrieved from /home/kai/Documents/airflowalura/venv/lib/python3.9/site-packages/airflow/example_dags/example_xcom.py
[2024-08-12 22:51:52,707] {logging_mixin.py:115} INFO - [2024-08-12 22:51:52,707] {dag.py:2379} INFO - Sync 1 DAGs
[2024-08-12 22:51:52,722] {logging_mixin.py:115} INFO - [2024-08-12 22:51:52,722] {dag.py:2927} INFO - Setting next_dagrun for example_xcom to 2021-01-01T00:00:00+00:00, run_after=2021-01-01T00:00:00+00:00
[2024-08-12 22:51:52,731] {processor.py:161} INFO - Processing /home/kai/Documents/airflowalura/venv/lib/python3.9/site-packages/airflow/example_dags/example_xcom.py took 0.055 seconds
[2024-08-12 22:52:29,049] {processor.py:153} INFO - Started process (PID=11080) to work on /home/kai/Documents/airflowalura/venv/lib/python3.9/site-packages/airflow/example_dags/example_xcom.py
[2024-08-12 22:52:29,050] {processor.py:641} INFO - Processing file /home/kai/Documents/airflowalura/venv/lib/python3.9/site-packages/airflow/example_dags/example_xcom.py for tasks to queue
[2024-08-12 22:52:29,050] {logging_mixin.py:115} INFO - [2024-08-12 22:52:29,050] {dagbag.py:507} INFO - Filling up the DagBag from /home/kai/Documents/airflowalura/venv/lib/python3.9/site-packages/airflow/example_dags/example_xcom.py
[2024-08-12 22:52:29,066] {processor.py:651} INFO - DAG(s) dict_keys(['example_xcom']) retrieved from /home/kai/Documents/airflowalura/venv/lib/python3.9/site-packages/airflow/example_dags/example_xcom.py
[2024-08-12 22:52:29,078] {logging_mixin.py:115} INFO - [2024-08-12 22:52:29,078] {dag.py:2379} INFO - Sync 1 DAGs
[2024-08-12 22:52:29,091] {logging_mixin.py:115} INFO - [2024-08-12 22:52:29,091] {dag.py:2927} INFO - Setting next_dagrun for example_xcom to 2021-01-01T00:00:00+00:00, run_after=2021-01-01T00:00:00+00:00
[2024-08-12 22:52:29,099] {processor.py:161} INFO - Processing /home/kai/Documents/airflowalura/venv/lib/python3.9/site-packages/airflow/example_dags/example_xcom.py took 0.053 seconds
[2024-08-12 22:53:01,608] {processor.py:153} INFO - Started process (PID=11258) to work on /home/kai/Documents/airflowalura/venv/lib/python3.9/site-packages/airflow/example_dags/example_xcom.py
[2024-08-12 22:53:01,610] {processor.py:641} INFO - Processing file /home/kai/Documents/airflowalura/venv/lib/python3.9/site-packages/airflow/example_dags/example_xcom.py for tasks to queue
[2024-08-12 22:53:01,612] {logging_mixin.py:115} INFO - [2024-08-12 22:53:01,612] {dagbag.py:507} INFO - Filling up the DagBag from /home/kai/Documents/airflowalura/venv/lib/python3.9/site-packages/airflow/example_dags/example_xcom.py
[2024-08-12 22:53:01,634] {processor.py:651} INFO - DAG(s) dict_keys(['example_xcom']) retrieved from /home/kai/Documents/airflowalura/venv/lib/python3.9/site-packages/airflow/example_dags/example_xcom.py
[2024-08-12 22:53:01,647] {logging_mixin.py:115} INFO - [2024-08-12 22:53:01,647] {dag.py:2379} INFO - Sync 1 DAGs
[2024-08-12 22:53:01,665] {logging_mixin.py:115} INFO - [2024-08-12 22:53:01,665] {dag.py:2927} INFO - Setting next_dagrun for example_xcom to 2021-01-01T00:00:00+00:00, run_after=2021-01-01T00:00:00+00:00
[2024-08-12 22:53:01,675] {processor.py:161} INFO - Processing /home/kai/Documents/airflowalura/venv/lib/python3.9/site-packages/airflow/example_dags/example_xcom.py took 0.070 seconds
[2024-08-12 22:53:34,154] {processor.py:153} INFO - Started process (PID=11439) to work on /home/kai/Documents/airflowalura/venv/lib/python3.9/site-packages/airflow/example_dags/example_xcom.py
[2024-08-12 22:53:34,155] {processor.py:641} INFO - Processing file /home/kai/Documents/airflowalura/venv/lib/python3.9/site-packages/airflow/example_dags/example_xcom.py for tasks to queue
[2024-08-12 22:53:34,156] {logging_mixin.py:115} INFO - [2024-08-12 22:53:34,156] {dagbag.py:507} INFO - Filling up the DagBag from /home/kai/Documents/airflowalura/venv/lib/python3.9/site-packages/airflow/example_dags/example_xcom.py
[2024-08-12 22:53:34,172] {processor.py:651} INFO - DAG(s) dict_keys(['example_xcom']) retrieved from /home/kai/Documents/airflowalura/venv/lib/python3.9/site-packages/airflow/example_dags/example_xcom.py
[2024-08-12 22:53:34,184] {logging_mixin.py:115} INFO - [2024-08-12 22:53:34,184] {dag.py:2379} INFO - Sync 1 DAGs
[2024-08-12 22:53:34,196] {logging_mixin.py:115} INFO - [2024-08-12 22:53:34,196] {dag.py:2927} INFO - Setting next_dagrun for example_xcom to 2021-01-01T00:00:00+00:00, run_after=2021-01-01T00:00:00+00:00
[2024-08-12 22:53:34,205] {processor.py:161} INFO - Processing /home/kai/Documents/airflowalura/venv/lib/python3.9/site-packages/airflow/example_dags/example_xcom.py took 0.053 seconds
[2024-08-12 22:54:07,223] {processor.py:153} INFO - Started process (PID=11624) to work on /home/kai/Documents/airflowalura/venv/lib/python3.9/site-packages/airflow/example_dags/example_xcom.py
[2024-08-12 22:54:07,224] {processor.py:641} INFO - Processing file /home/kai/Documents/airflowalura/venv/lib/python3.9/site-packages/airflow/example_dags/example_xcom.py for tasks to queue
[2024-08-12 22:54:07,224] {logging_mixin.py:115} INFO - [2024-08-12 22:54:07,224] {dagbag.py:507} INFO - Filling up the DagBag from /home/kai/Documents/airflowalura/venv/lib/python3.9/site-packages/airflow/example_dags/example_xcom.py
[2024-08-12 22:54:07,240] {processor.py:651} INFO - DAG(s) dict_keys(['example_xcom']) retrieved from /home/kai/Documents/airflowalura/venv/lib/python3.9/site-packages/airflow/example_dags/example_xcom.py
[2024-08-12 22:54:07,253] {logging_mixin.py:115} INFO - [2024-08-12 22:54:07,253] {dag.py:2379} INFO - Sync 1 DAGs
[2024-08-12 22:54:07,267] {logging_mixin.py:115} INFO - [2024-08-12 22:54:07,267] {dag.py:2927} INFO - Setting next_dagrun for example_xcom to 2021-01-01T00:00:00+00:00, run_after=2021-01-01T00:00:00+00:00
[2024-08-12 22:54:07,276] {processor.py:161} INFO - Processing /home/kai/Documents/airflowalura/venv/lib/python3.9/site-packages/airflow/example_dags/example_xcom.py took 0.056 seconds
[2024-08-12 22:54:43,025] {processor.py:153} INFO - Started process (PID=11823) to work on /home/kai/Documents/airflowalura/venv/lib/python3.9/site-packages/airflow/example_dags/example_xcom.py
[2024-08-12 22:54:43,027] {processor.py:641} INFO - Processing file /home/kai/Documents/airflowalura/venv/lib/python3.9/site-packages/airflow/example_dags/example_xcom.py for tasks to queue
[2024-08-12 22:54:43,027] {logging_mixin.py:115} INFO - [2024-08-12 22:54:43,027] {dagbag.py:507} INFO - Filling up the DagBag from /home/kai/Documents/airflowalura/venv/lib/python3.9/site-packages/airflow/example_dags/example_xcom.py
[2024-08-12 22:54:43,046] {processor.py:651} INFO - DAG(s) dict_keys(['example_xcom']) retrieved from /home/kai/Documents/airflowalura/venv/lib/python3.9/site-packages/airflow/example_dags/example_xcom.py
[2024-08-12 22:54:43,060] {logging_mixin.py:115} INFO - [2024-08-12 22:54:43,059] {dag.py:2379} INFO - Sync 1 DAGs
[2024-08-12 22:54:43,074] {logging_mixin.py:115} INFO - [2024-08-12 22:54:43,073] {dag.py:2927} INFO - Setting next_dagrun for example_xcom to 2021-01-01T00:00:00+00:00, run_after=2021-01-01T00:00:00+00:00
[2024-08-12 22:54:43,083] {processor.py:161} INFO - Processing /home/kai/Documents/airflowalura/venv/lib/python3.9/site-packages/airflow/example_dags/example_xcom.py took 0.060 seconds
[2024-08-12 22:55:16,110] {processor.py:153} INFO - Started process (PID=12013) to work on /home/kai/Documents/airflowalura/venv/lib/python3.9/site-packages/airflow/example_dags/example_xcom.py
[2024-08-12 22:55:16,111] {processor.py:641} INFO - Processing file /home/kai/Documents/airflowalura/venv/lib/python3.9/site-packages/airflow/example_dags/example_xcom.py for tasks to queue
[2024-08-12 22:55:16,111] {logging_mixin.py:115} INFO - [2024-08-12 22:55:16,111] {dagbag.py:507} INFO - Filling up the DagBag from /home/kai/Documents/airflowalura/venv/lib/python3.9/site-packages/airflow/example_dags/example_xcom.py
[2024-08-12 22:55:16,130] {processor.py:651} INFO - DAG(s) dict_keys(['example_xcom']) retrieved from /home/kai/Documents/airflowalura/venv/lib/python3.9/site-packages/airflow/example_dags/example_xcom.py
[2024-08-12 22:55:16,161] {logging_mixin.py:115} INFO - [2024-08-12 22:55:16,160] {dag.py:2379} INFO - Sync 1 DAGs
[2024-08-12 22:55:16,172] {logging_mixin.py:115} INFO - [2024-08-12 22:55:16,172] {dag.py:2927} INFO - Setting next_dagrun for example_xcom to 2021-01-01T00:00:00+00:00, run_after=2021-01-01T00:00:00+00:00
[2024-08-12 22:55:16,182] {processor.py:161} INFO - Processing /home/kai/Documents/airflowalura/venv/lib/python3.9/site-packages/airflow/example_dags/example_xcom.py took 0.074 seconds
[2024-08-12 22:55:51,241] {processor.py:153} INFO - Started process (PID=12251) to work on /home/kai/Documents/airflowalura/venv/lib/python3.9/site-packages/airflow/example_dags/example_xcom.py
[2024-08-12 22:55:51,242] {processor.py:641} INFO - Processing file /home/kai/Documents/airflowalura/venv/lib/python3.9/site-packages/airflow/example_dags/example_xcom.py for tasks to queue
[2024-08-12 22:55:51,242] {logging_mixin.py:115} INFO - [2024-08-12 22:55:51,242] {dagbag.py:507} INFO - Filling up the DagBag from /home/kai/Documents/airflowalura/venv/lib/python3.9/site-packages/airflow/example_dags/example_xcom.py
[2024-08-12 22:55:51,260] {processor.py:651} INFO - DAG(s) dict_keys(['example_xcom']) retrieved from /home/kai/Documents/airflowalura/venv/lib/python3.9/site-packages/airflow/example_dags/example_xcom.py
[2024-08-12 22:55:51,272] {logging_mixin.py:115} INFO - [2024-08-12 22:55:51,272] {dag.py:2379} INFO - Sync 1 DAGs
[2024-08-12 22:55:51,285] {logging_mixin.py:115} INFO - [2024-08-12 22:55:51,285] {dag.py:2927} INFO - Setting next_dagrun for example_xcom to 2021-01-01T00:00:00+00:00, run_after=2021-01-01T00:00:00+00:00
[2024-08-12 22:55:51,294] {processor.py:161} INFO - Processing /home/kai/Documents/airflowalura/venv/lib/python3.9/site-packages/airflow/example_dags/example_xcom.py took 0.055 seconds
[2024-08-12 22:56:23,479] {processor.py:153} INFO - Started process (PID=12466) to work on /home/kai/Documents/airflowalura/venv/lib/python3.9/site-packages/airflow/example_dags/example_xcom.py
[2024-08-12 22:56:23,479] {processor.py:641} INFO - Processing file /home/kai/Documents/airflowalura/venv/lib/python3.9/site-packages/airflow/example_dags/example_xcom.py for tasks to queue
[2024-08-12 22:56:23,480] {logging_mixin.py:115} INFO - [2024-08-12 22:56:23,480] {dagbag.py:507} INFO - Filling up the DagBag from /home/kai/Documents/airflowalura/venv/lib/python3.9/site-packages/airflow/example_dags/example_xcom.py
[2024-08-12 22:56:23,497] {processor.py:651} INFO - DAG(s) dict_keys(['example_xcom']) retrieved from /home/kai/Documents/airflowalura/venv/lib/python3.9/site-packages/airflow/example_dags/example_xcom.py
[2024-08-12 22:56:23,509] {logging_mixin.py:115} INFO - [2024-08-12 22:56:23,509] {dag.py:2379} INFO - Sync 1 DAGs
[2024-08-12 22:56:23,522] {logging_mixin.py:115} INFO - [2024-08-12 22:56:23,522] {dag.py:2927} INFO - Setting next_dagrun for example_xcom to 2021-01-01T00:00:00+00:00, run_after=2021-01-01T00:00:00+00:00
[2024-08-12 22:56:23,531] {processor.py:161} INFO - Processing /home/kai/Documents/airflowalura/venv/lib/python3.9/site-packages/airflow/example_dags/example_xcom.py took 0.055 seconds
[2024-08-12 22:56:56,752] {processor.py:153} INFO - Started process (PID=12654) to work on /home/kai/Documents/airflowalura/venv/lib/python3.9/site-packages/airflow/example_dags/example_xcom.py
[2024-08-12 22:56:56,752] {processor.py:641} INFO - Processing file /home/kai/Documents/airflowalura/venv/lib/python3.9/site-packages/airflow/example_dags/example_xcom.py for tasks to queue
[2024-08-12 22:56:56,753] {logging_mixin.py:115} INFO - [2024-08-12 22:56:56,753] {dagbag.py:507} INFO - Filling up the DagBag from /home/kai/Documents/airflowalura/venv/lib/python3.9/site-packages/airflow/example_dags/example_xcom.py
[2024-08-12 22:56:56,770] {processor.py:651} INFO - DAG(s) dict_keys(['example_xcom']) retrieved from /home/kai/Documents/airflowalura/venv/lib/python3.9/site-packages/airflow/example_dags/example_xcom.py
[2024-08-12 22:56:56,781] {logging_mixin.py:115} INFO - [2024-08-12 22:56:56,781] {dag.py:2379} INFO - Sync 1 DAGs
[2024-08-12 22:56:56,794] {logging_mixin.py:115} INFO - [2024-08-12 22:56:56,794] {dag.py:2927} INFO - Setting next_dagrun for example_xcom to 2021-01-01T00:00:00+00:00, run_after=2021-01-01T00:00:00+00:00
[2024-08-12 22:56:56,803] {processor.py:161} INFO - Processing /home/kai/Documents/airflowalura/venv/lib/python3.9/site-packages/airflow/example_dags/example_xcom.py took 0.054 seconds
[2024-08-12 22:57:28,136] {processor.py:153} INFO - Started process (PID=12829) to work on /home/kai/Documents/airflowalura/venv/lib/python3.9/site-packages/airflow/example_dags/example_xcom.py
[2024-08-12 22:57:28,137] {processor.py:641} INFO - Processing file /home/kai/Documents/airflowalura/venv/lib/python3.9/site-packages/airflow/example_dags/example_xcom.py for tasks to queue
[2024-08-12 22:57:28,138] {logging_mixin.py:115} INFO - [2024-08-12 22:57:28,138] {dagbag.py:507} INFO - Filling up the DagBag from /home/kai/Documents/airflowalura/venv/lib/python3.9/site-packages/airflow/example_dags/example_xcom.py
[2024-08-12 22:57:28,158] {processor.py:651} INFO - DAG(s) dict_keys(['example_xcom']) retrieved from /home/kai/Documents/airflowalura/venv/lib/python3.9/site-packages/airflow/example_dags/example_xcom.py
[2024-08-12 22:57:28,170] {logging_mixin.py:115} INFO - [2024-08-12 22:57:28,170] {dag.py:2379} INFO - Sync 1 DAGs
[2024-08-12 22:57:28,183] {logging_mixin.py:115} INFO - [2024-08-12 22:57:28,183] {dag.py:2927} INFO - Setting next_dagrun for example_xcom to 2021-01-01T00:00:00+00:00, run_after=2021-01-01T00:00:00+00:00
[2024-08-12 22:57:28,191] {processor.py:161} INFO - Processing /home/kai/Documents/airflowalura/venv/lib/python3.9/site-packages/airflow/example_dags/example_xcom.py took 0.057 seconds
[2024-08-12 22:58:01,717] {processor.py:153} INFO - Started process (PID=13018) to work on /home/kai/Documents/airflowalura/venv/lib/python3.9/site-packages/airflow/example_dags/example_xcom.py
[2024-08-12 22:58:01,718] {processor.py:641} INFO - Processing file /home/kai/Documents/airflowalura/venv/lib/python3.9/site-packages/airflow/example_dags/example_xcom.py for tasks to queue
[2024-08-12 22:58:01,718] {logging_mixin.py:115} INFO - [2024-08-12 22:58:01,718] {dagbag.py:507} INFO - Filling up the DagBag from /home/kai/Documents/airflowalura/venv/lib/python3.9/site-packages/airflow/example_dags/example_xcom.py
[2024-08-12 22:58:01,736] {processor.py:651} INFO - DAG(s) dict_keys(['example_xcom']) retrieved from /home/kai/Documents/airflowalura/venv/lib/python3.9/site-packages/airflow/example_dags/example_xcom.py
[2024-08-12 22:58:01,749] {logging_mixin.py:115} INFO - [2024-08-12 22:58:01,749] {dag.py:2379} INFO - Sync 1 DAGs
[2024-08-12 22:58:01,762] {logging_mixin.py:115} INFO - [2024-08-12 22:58:01,762] {dag.py:2927} INFO - Setting next_dagrun for example_xcom to 2021-01-01T00:00:00+00:00, run_after=2021-01-01T00:00:00+00:00
[2024-08-12 22:58:01,771] {processor.py:161} INFO - Processing /home/kai/Documents/airflowalura/venv/lib/python3.9/site-packages/airflow/example_dags/example_xcom.py took 0.057 seconds
[2024-08-12 22:58:36,608] {processor.py:153} INFO - Started process (PID=13201) to work on /home/kai/Documents/airflowalura/venv/lib/python3.9/site-packages/airflow/example_dags/example_xcom.py
[2024-08-12 22:58:36,609] {processor.py:641} INFO - Processing file /home/kai/Documents/airflowalura/venv/lib/python3.9/site-packages/airflow/example_dags/example_xcom.py for tasks to queue
[2024-08-12 22:58:36,609] {logging_mixin.py:115} INFO - [2024-08-12 22:58:36,609] {dagbag.py:507} INFO - Filling up the DagBag from /home/kai/Documents/airflowalura/venv/lib/python3.9/site-packages/airflow/example_dags/example_xcom.py
[2024-08-12 22:58:36,626] {processor.py:651} INFO - DAG(s) dict_keys(['example_xcom']) retrieved from /home/kai/Documents/airflowalura/venv/lib/python3.9/site-packages/airflow/example_dags/example_xcom.py
[2024-08-12 22:58:36,638] {logging_mixin.py:115} INFO - [2024-08-12 22:58:36,638] {dag.py:2379} INFO - Sync 1 DAGs
[2024-08-12 22:58:36,651] {logging_mixin.py:115} INFO - [2024-08-12 22:58:36,651] {dag.py:2927} INFO - Setting next_dagrun for example_xcom to 2021-01-01T00:00:00+00:00, run_after=2021-01-01T00:00:00+00:00
[2024-08-12 22:58:36,663] {processor.py:161} INFO - Processing /home/kai/Documents/airflowalura/venv/lib/python3.9/site-packages/airflow/example_dags/example_xcom.py took 0.057 seconds
[2024-08-12 22:59:08,841] {processor.py:153} INFO - Started process (PID=13383) to work on /home/kai/Documents/airflowalura/venv/lib/python3.9/site-packages/airflow/example_dags/example_xcom.py
[2024-08-12 22:59:08,841] {processor.py:641} INFO - Processing file /home/kai/Documents/airflowalura/venv/lib/python3.9/site-packages/airflow/example_dags/example_xcom.py for tasks to queue
[2024-08-12 22:59:08,842] {logging_mixin.py:115} INFO - [2024-08-12 22:59:08,842] {dagbag.py:507} INFO - Filling up the DagBag from /home/kai/Documents/airflowalura/venv/lib/python3.9/site-packages/airflow/example_dags/example_xcom.py
[2024-08-12 22:59:08,859] {processor.py:651} INFO - DAG(s) dict_keys(['example_xcom']) retrieved from /home/kai/Documents/airflowalura/venv/lib/python3.9/site-packages/airflow/example_dags/example_xcom.py
[2024-08-12 22:59:08,872] {logging_mixin.py:115} INFO - [2024-08-12 22:59:08,871] {dag.py:2379} INFO - Sync 1 DAGs
[2024-08-12 22:59:08,885] {logging_mixin.py:115} INFO - [2024-08-12 22:59:08,884] {dag.py:2927} INFO - Setting next_dagrun for example_xcom to 2021-01-01T00:00:00+00:00, run_after=2021-01-01T00:00:00+00:00
[2024-08-12 22:59:08,895] {processor.py:161} INFO - Processing /home/kai/Documents/airflowalura/venv/lib/python3.9/site-packages/airflow/example_dags/example_xcom.py took 0.057 seconds
[2024-08-12 22:59:39,637] {processor.py:153} INFO - Started process (PID=13557) to work on /home/kai/Documents/airflowalura/venv/lib/python3.9/site-packages/airflow/example_dags/example_xcom.py
[2024-08-12 22:59:39,638] {processor.py:641} INFO - Processing file /home/kai/Documents/airflowalura/venv/lib/python3.9/site-packages/airflow/example_dags/example_xcom.py for tasks to queue
[2024-08-12 22:59:39,638] {logging_mixin.py:115} INFO - [2024-08-12 22:59:39,638] {dagbag.py:507} INFO - Filling up the DagBag from /home/kai/Documents/airflowalura/venv/lib/python3.9/site-packages/airflow/example_dags/example_xcom.py
[2024-08-12 22:59:39,656] {processor.py:651} INFO - DAG(s) dict_keys(['example_xcom']) retrieved from /home/kai/Documents/airflowalura/venv/lib/python3.9/site-packages/airflow/example_dags/example_xcom.py
[2024-08-12 22:59:39,668] {logging_mixin.py:115} INFO - [2024-08-12 22:59:39,668] {dag.py:2379} INFO - Sync 1 DAGs
[2024-08-12 22:59:39,684] {logging_mixin.py:115} INFO - [2024-08-12 22:59:39,684] {dag.py:2927} INFO - Setting next_dagrun for example_xcom to 2021-01-01T00:00:00+00:00, run_after=2021-01-01T00:00:00+00:00
[2024-08-12 22:59:39,693] {processor.py:161} INFO - Processing /home/kai/Documents/airflowalura/venv/lib/python3.9/site-packages/airflow/example_dags/example_xcom.py took 0.059 seconds
[2024-08-12 23:00:15,089] {processor.py:153} INFO - Started process (PID=13764) to work on /home/kai/Documents/airflowalura/venv/lib/python3.9/site-packages/airflow/example_dags/example_xcom.py
[2024-08-12 23:00:15,090] {processor.py:641} INFO - Processing file /home/kai/Documents/airflowalura/venv/lib/python3.9/site-packages/airflow/example_dags/example_xcom.py for tasks to queue
[2024-08-12 23:00:15,090] {logging_mixin.py:115} INFO - [2024-08-12 23:00:15,090] {dagbag.py:507} INFO - Filling up the DagBag from /home/kai/Documents/airflowalura/venv/lib/python3.9/site-packages/airflow/example_dags/example_xcom.py
[2024-08-12 23:00:15,106] {processor.py:651} INFO - DAG(s) dict_keys(['example_xcom']) retrieved from /home/kai/Documents/airflowalura/venv/lib/python3.9/site-packages/airflow/example_dags/example_xcom.py
[2024-08-12 23:00:15,117] {logging_mixin.py:115} INFO - [2024-08-12 23:00:15,117] {dag.py:2379} INFO - Sync 1 DAGs
[2024-08-12 23:00:15,130] {logging_mixin.py:115} INFO - [2024-08-12 23:00:15,130] {dag.py:2927} INFO - Setting next_dagrun for example_xcom to 2021-01-01T00:00:00+00:00, run_after=2021-01-01T00:00:00+00:00
[2024-08-12 23:00:15,138] {processor.py:161} INFO - Processing /home/kai/Documents/airflowalura/venv/lib/python3.9/site-packages/airflow/example_dags/example_xcom.py took 0.052 seconds
[2024-08-12 23:00:47,376] {processor.py:153} INFO - Started process (PID=14000) to work on /home/kai/Documents/airflowalura/venv/lib/python3.9/site-packages/airflow/example_dags/example_xcom.py
[2024-08-12 23:00:47,376] {processor.py:641} INFO - Processing file /home/kai/Documents/airflowalura/venv/lib/python3.9/site-packages/airflow/example_dags/example_xcom.py for tasks to queue
[2024-08-12 23:00:47,377] {logging_mixin.py:115} INFO - [2024-08-12 23:00:47,377] {dagbag.py:507} INFO - Filling up the DagBag from /home/kai/Documents/airflowalura/venv/lib/python3.9/site-packages/airflow/example_dags/example_xcom.py
[2024-08-12 23:00:47,394] {processor.py:651} INFO - DAG(s) dict_keys(['example_xcom']) retrieved from /home/kai/Documents/airflowalura/venv/lib/python3.9/site-packages/airflow/example_dags/example_xcom.py
[2024-08-12 23:00:47,438] {logging_mixin.py:115} INFO - [2024-08-12 23:00:47,438] {dag.py:2379} INFO - Sync 1 DAGs
[2024-08-12 23:00:47,450] {logging_mixin.py:115} INFO - [2024-08-12 23:00:47,450] {dag.py:2927} INFO - Setting next_dagrun for example_xcom to 2021-01-01T00:00:00+00:00, run_after=2021-01-01T00:00:00+00:00
[2024-08-12 23:00:47,461] {processor.py:161} INFO - Processing /home/kai/Documents/airflowalura/venv/lib/python3.9/site-packages/airflow/example_dags/example_xcom.py took 0.088 seconds
[2024-08-12 23:01:22,202] {processor.py:153} INFO - Started process (PID=14201) to work on /home/kai/Documents/airflowalura/venv/lib/python3.9/site-packages/airflow/example_dags/example_xcom.py
[2024-08-12 23:01:22,202] {processor.py:641} INFO - Processing file /home/kai/Documents/airflowalura/venv/lib/python3.9/site-packages/airflow/example_dags/example_xcom.py for tasks to queue
[2024-08-12 23:01:22,203] {logging_mixin.py:115} INFO - [2024-08-12 23:01:22,203] {dagbag.py:507} INFO - Filling up the DagBag from /home/kai/Documents/airflowalura/venv/lib/python3.9/site-packages/airflow/example_dags/example_xcom.py
[2024-08-12 23:01:22,219] {processor.py:651} INFO - DAG(s) dict_keys(['example_xcom']) retrieved from /home/kai/Documents/airflowalura/venv/lib/python3.9/site-packages/airflow/example_dags/example_xcom.py
[2024-08-12 23:01:22,231] {logging_mixin.py:115} INFO - [2024-08-12 23:01:22,231] {dag.py:2379} INFO - Sync 1 DAGs
[2024-08-12 23:01:22,244] {logging_mixin.py:115} INFO - [2024-08-12 23:01:22,244] {dag.py:2927} INFO - Setting next_dagrun for example_xcom to 2021-01-01T00:00:00+00:00, run_after=2021-01-01T00:00:00+00:00
[2024-08-12 23:01:22,253] {processor.py:161} INFO - Processing /home/kai/Documents/airflowalura/venv/lib/python3.9/site-packages/airflow/example_dags/example_xcom.py took 0.054 seconds
[2024-08-12 23:01:54,079] {processor.py:153} INFO - Started process (PID=14371) to work on /home/kai/Documents/airflowalura/venv/lib/python3.9/site-packages/airflow/example_dags/example_xcom.py
[2024-08-12 23:01:54,079] {processor.py:641} INFO - Processing file /home/kai/Documents/airflowalura/venv/lib/python3.9/site-packages/airflow/example_dags/example_xcom.py for tasks to queue
[2024-08-12 23:01:54,080] {logging_mixin.py:115} INFO - [2024-08-12 23:01:54,080] {dagbag.py:507} INFO - Filling up the DagBag from /home/kai/Documents/airflowalura/venv/lib/python3.9/site-packages/airflow/example_dags/example_xcom.py
[2024-08-12 23:01:54,096] {processor.py:651} INFO - DAG(s) dict_keys(['example_xcom']) retrieved from /home/kai/Documents/airflowalura/venv/lib/python3.9/site-packages/airflow/example_dags/example_xcom.py
[2024-08-12 23:01:54,131] {logging_mixin.py:115} INFO - [2024-08-12 23:01:54,131] {dag.py:2379} INFO - Sync 1 DAGs
[2024-08-12 23:01:54,142] {logging_mixin.py:115} INFO - [2024-08-12 23:01:54,142] {dag.py:2927} INFO - Setting next_dagrun for example_xcom to 2021-01-01T00:00:00+00:00, run_after=2021-01-01T00:00:00+00:00
[2024-08-12 23:01:54,152] {processor.py:161} INFO - Processing /home/kai/Documents/airflowalura/venv/lib/python3.9/site-packages/airflow/example_dags/example_xcom.py took 0.076 seconds
[2024-08-12 23:02:27,067] {processor.py:153} INFO - Started process (PID=14551) to work on /home/kai/Documents/airflowalura/venv/lib/python3.9/site-packages/airflow/example_dags/example_xcom.py
[2024-08-12 23:02:27,068] {processor.py:641} INFO - Processing file /home/kai/Documents/airflowalura/venv/lib/python3.9/site-packages/airflow/example_dags/example_xcom.py for tasks to queue
[2024-08-12 23:02:27,069] {logging_mixin.py:115} INFO - [2024-08-12 23:02:27,069] {dagbag.py:507} INFO - Filling up the DagBag from /home/kai/Documents/airflowalura/venv/lib/python3.9/site-packages/airflow/example_dags/example_xcom.py
[2024-08-12 23:02:27,085] {processor.py:651} INFO - DAG(s) dict_keys(['example_xcom']) retrieved from /home/kai/Documents/airflowalura/venv/lib/python3.9/site-packages/airflow/example_dags/example_xcom.py
[2024-08-12 23:02:27,097] {logging_mixin.py:115} INFO - [2024-08-12 23:02:27,097] {dag.py:2379} INFO - Sync 1 DAGs
[2024-08-12 23:02:27,109] {logging_mixin.py:115} INFO - [2024-08-12 23:02:27,109] {dag.py:2927} INFO - Setting next_dagrun for example_xcom to 2021-01-01T00:00:00+00:00, run_after=2021-01-01T00:00:00+00:00
[2024-08-12 23:02:27,118] {processor.py:161} INFO - Processing /home/kai/Documents/airflowalura/venv/lib/python3.9/site-packages/airflow/example_dags/example_xcom.py took 0.054 seconds
[2024-08-12 23:03:00,788] {processor.py:153} INFO - Started process (PID=14756) to work on /home/kai/Documents/airflowalura/venv/lib/python3.9/site-packages/airflow/example_dags/example_xcom.py
[2024-08-12 23:03:00,789] {processor.py:641} INFO - Processing file /home/kai/Documents/airflowalura/venv/lib/python3.9/site-packages/airflow/example_dags/example_xcom.py for tasks to queue
[2024-08-12 23:03:00,789] {logging_mixin.py:115} INFO - [2024-08-12 23:03:00,789] {dagbag.py:507} INFO - Filling up the DagBag from /home/kai/Documents/airflowalura/venv/lib/python3.9/site-packages/airflow/example_dags/example_xcom.py
[2024-08-12 23:03:00,805] {processor.py:651} INFO - DAG(s) dict_keys(['example_xcom']) retrieved from /home/kai/Documents/airflowalura/venv/lib/python3.9/site-packages/airflow/example_dags/example_xcom.py
[2024-08-12 23:03:00,818] {logging_mixin.py:115} INFO - [2024-08-12 23:03:00,818] {dag.py:2379} INFO - Sync 1 DAGs
[2024-08-12 23:03:00,832] {logging_mixin.py:115} INFO - [2024-08-12 23:03:00,832] {dag.py:2927} INFO - Setting next_dagrun for example_xcom to 2021-01-01T00:00:00+00:00, run_after=2021-01-01T00:00:00+00:00
[2024-08-12 23:03:00,843] {processor.py:161} INFO - Processing /home/kai/Documents/airflowalura/venv/lib/python3.9/site-packages/airflow/example_dags/example_xcom.py took 0.058 seconds
[2024-08-12 23:03:34,241] {processor.py:153} INFO - Started process (PID=14939) to work on /home/kai/Documents/airflowalura/venv/lib/python3.9/site-packages/airflow/example_dags/example_xcom.py
[2024-08-12 23:03:34,242] {processor.py:641} INFO - Processing file /home/kai/Documents/airflowalura/venv/lib/python3.9/site-packages/airflow/example_dags/example_xcom.py for tasks to queue
[2024-08-12 23:03:34,242] {logging_mixin.py:115} INFO - [2024-08-12 23:03:34,242] {dagbag.py:507} INFO - Filling up the DagBag from /home/kai/Documents/airflowalura/venv/lib/python3.9/site-packages/airflow/example_dags/example_xcom.py
[2024-08-12 23:03:34,258] {processor.py:651} INFO - DAG(s) dict_keys(['example_xcom']) retrieved from /home/kai/Documents/airflowalura/venv/lib/python3.9/site-packages/airflow/example_dags/example_xcom.py
[2024-08-12 23:03:34,270] {logging_mixin.py:115} INFO - [2024-08-12 23:03:34,270] {dag.py:2379} INFO - Sync 1 DAGs
[2024-08-12 23:03:34,282] {logging_mixin.py:115} INFO - [2024-08-12 23:03:34,282] {dag.py:2927} INFO - Setting next_dagrun for example_xcom to 2021-01-01T00:00:00+00:00, run_after=2021-01-01T00:00:00+00:00
[2024-08-12 23:03:34,290] {processor.py:161} INFO - Processing /home/kai/Documents/airflowalura/venv/lib/python3.9/site-packages/airflow/example_dags/example_xcom.py took 0.052 seconds
[2024-08-12 23:04:07,178] {processor.py:153} INFO - Started process (PID=15136) to work on /home/kai/Documents/airflowalura/venv/lib/python3.9/site-packages/airflow/example_dags/example_xcom.py
[2024-08-12 23:04:07,179] {processor.py:641} INFO - Processing file /home/kai/Documents/airflowalura/venv/lib/python3.9/site-packages/airflow/example_dags/example_xcom.py for tasks to queue
[2024-08-12 23:04:07,179] {logging_mixin.py:115} INFO - [2024-08-12 23:04:07,179] {dagbag.py:507} INFO - Filling up the DagBag from /home/kai/Documents/airflowalura/venv/lib/python3.9/site-packages/airflow/example_dags/example_xcom.py
[2024-08-12 23:04:07,197] {processor.py:651} INFO - DAG(s) dict_keys(['example_xcom']) retrieved from /home/kai/Documents/airflowalura/venv/lib/python3.9/site-packages/airflow/example_dags/example_xcom.py
[2024-08-12 23:04:07,209] {logging_mixin.py:115} INFO - [2024-08-12 23:04:07,209] {dag.py:2379} INFO - Sync 1 DAGs
[2024-08-12 23:04:07,222] {logging_mixin.py:115} INFO - [2024-08-12 23:04:07,222] {dag.py:2927} INFO - Setting next_dagrun for example_xcom to 2021-01-01T00:00:00+00:00, run_after=2021-01-01T00:00:00+00:00
[2024-08-12 23:04:07,232] {processor.py:161} INFO - Processing /home/kai/Documents/airflowalura/venv/lib/python3.9/site-packages/airflow/example_dags/example_xcom.py took 0.056 seconds
[2024-08-12 23:04:39,810] {processor.py:153} INFO - Started process (PID=15316) to work on /home/kai/Documents/airflowalura/venv/lib/python3.9/site-packages/airflow/example_dags/example_xcom.py
[2024-08-12 23:04:39,811] {processor.py:641} INFO - Processing file /home/kai/Documents/airflowalura/venv/lib/python3.9/site-packages/airflow/example_dags/example_xcom.py for tasks to queue
[2024-08-12 23:04:39,811] {logging_mixin.py:115} INFO - [2024-08-12 23:04:39,811] {dagbag.py:507} INFO - Filling up the DagBag from /home/kai/Documents/airflowalura/venv/lib/python3.9/site-packages/airflow/example_dags/example_xcom.py
[2024-08-12 23:04:39,827] {processor.py:651} INFO - DAG(s) dict_keys(['example_xcom']) retrieved from /home/kai/Documents/airflowalura/venv/lib/python3.9/site-packages/airflow/example_dags/example_xcom.py
[2024-08-12 23:04:39,840] {logging_mixin.py:115} INFO - [2024-08-12 23:04:39,840] {dag.py:2379} INFO - Sync 1 DAGs
[2024-08-12 23:04:39,854] {logging_mixin.py:115} INFO - [2024-08-12 23:04:39,853] {dag.py:2927} INFO - Setting next_dagrun for example_xcom to 2021-01-01T00:00:00+00:00, run_after=2021-01-01T00:00:00+00:00
[2024-08-12 23:04:39,864] {processor.py:161} INFO - Processing /home/kai/Documents/airflowalura/venv/lib/python3.9/site-packages/airflow/example_dags/example_xcom.py took 0.056 seconds
[2024-08-12 23:05:11,333] {processor.py:153} INFO - Started process (PID=15507) to work on /home/kai/Documents/airflowalura/venv/lib/python3.9/site-packages/airflow/example_dags/example_xcom.py
[2024-08-12 23:05:11,334] {processor.py:641} INFO - Processing file /home/kai/Documents/airflowalura/venv/lib/python3.9/site-packages/airflow/example_dags/example_xcom.py for tasks to queue
[2024-08-12 23:05:11,335] {logging_mixin.py:115} INFO - [2024-08-12 23:05:11,335] {dagbag.py:507} INFO - Filling up the DagBag from /home/kai/Documents/airflowalura/venv/lib/python3.9/site-packages/airflow/example_dags/example_xcom.py
[2024-08-12 23:05:11,353] {processor.py:651} INFO - DAG(s) dict_keys(['example_xcom']) retrieved from /home/kai/Documents/airflowalura/venv/lib/python3.9/site-packages/airflow/example_dags/example_xcom.py
[2024-08-12 23:05:11,366] {logging_mixin.py:115} INFO - [2024-08-12 23:05:11,366] {dag.py:2379} INFO - Sync 1 DAGs
[2024-08-12 23:05:11,378] {logging_mixin.py:115} INFO - [2024-08-12 23:05:11,378] {dag.py:2927} INFO - Setting next_dagrun for example_xcom to 2021-01-01T00:00:00+00:00, run_after=2021-01-01T00:00:00+00:00
[2024-08-12 23:05:11,388] {processor.py:161} INFO - Processing /home/kai/Documents/airflowalura/venv/lib/python3.9/site-packages/airflow/example_dags/example_xcom.py took 0.057 seconds
[2024-08-12 23:05:42,574] {processor.py:153} INFO - Started process (PID=15732) to work on /home/kai/Documents/airflowalura/venv/lib/python3.9/site-packages/airflow/example_dags/example_xcom.py
[2024-08-12 23:05:42,574] {processor.py:641} INFO - Processing file /home/kai/Documents/airflowalura/venv/lib/python3.9/site-packages/airflow/example_dags/example_xcom.py for tasks to queue
[2024-08-12 23:05:42,575] {logging_mixin.py:115} INFO - [2024-08-12 23:05:42,575] {dagbag.py:507} INFO - Filling up the DagBag from /home/kai/Documents/airflowalura/venv/lib/python3.9/site-packages/airflow/example_dags/example_xcom.py
[2024-08-12 23:05:42,591] {processor.py:651} INFO - DAG(s) dict_keys(['example_xcom']) retrieved from /home/kai/Documents/airflowalura/venv/lib/python3.9/site-packages/airflow/example_dags/example_xcom.py
[2024-08-12 23:05:42,621] {logging_mixin.py:115} INFO - [2024-08-12 23:05:42,621] {dag.py:2379} INFO - Sync 1 DAGs
[2024-08-12 23:05:42,632] {logging_mixin.py:115} INFO - [2024-08-12 23:05:42,632] {dag.py:2927} INFO - Setting next_dagrun for example_xcom to 2021-01-01T00:00:00+00:00, run_after=2021-01-01T00:00:00+00:00
[2024-08-12 23:05:42,643] {processor.py:161} INFO - Processing /home/kai/Documents/airflowalura/venv/lib/python3.9/site-packages/airflow/example_dags/example_xcom.py took 0.071 seconds
