[2024-08-12 22:18:08,894] {processor.py:153} INFO - Started process (PID=35568) to work on /home/kai/Documents/airflowalura/venv/lib/python3.9/site-packages/airflow/example_dags/example_branch_day_of_week_operator.py
[2024-08-12 22:18:08,895] {processor.py:641} INFO - Processing file /home/kai/Documents/airflowalura/venv/lib/python3.9/site-packages/airflow/example_dags/example_branch_day_of_week_operator.py for tasks to queue
[2024-08-12 22:18:08,895] {logging_mixin.py:115} INFO - [2024-08-12 22:18:08,895] {dagbag.py:507} INFO - Filling up the DagBag from /home/kai/Documents/airflowalura/venv/lib/python3.9/site-packages/airflow/example_dags/example_branch_day_of_week_operator.py
[2024-08-12 22:18:08,905] {processor.py:651} INFO - DAG(s) dict_keys(['example_weekday_branch_operator']) retrieved from /home/kai/Documents/airflowalura/venv/lib/python3.9/site-packages/airflow/example_dags/example_branch_day_of_week_operator.py
[2024-08-12 22:18:08,954] {logging_mixin.py:115} INFO - [2024-08-12 22:18:08,953] {dag.py:2379} INFO - Sync 1 DAGs
[2024-08-12 22:18:08,968] {logging_mixin.py:115} INFO - [2024-08-12 22:18:08,968] {dag.py:2927} INFO - Setting next_dagrun for example_weekday_branch_operator to 2024-08-12T00:00:00+00:00, run_after=2024-08-13T00:00:00+00:00
[2024-08-12 22:18:08,986] {processor.py:161} INFO - Processing /home/kai/Documents/airflowalura/venv/lib/python3.9/site-packages/airflow/example_dags/example_branch_day_of_week_operator.py took 0.094 seconds
[2024-08-12 22:18:49,946] {processor.py:153} INFO - Started process (PID=36277) to work on /home/kai/Documents/airflowalura/venv/lib/python3.9/site-packages/airflow/example_dags/example_branch_day_of_week_operator.py
[2024-08-12 22:18:49,947] {processor.py:641} INFO - Processing file /home/kai/Documents/airflowalura/venv/lib/python3.9/site-packages/airflow/example_dags/example_branch_day_of_week_operator.py for tasks to queue
[2024-08-12 22:18:49,947] {logging_mixin.py:115} INFO - [2024-08-12 22:18:49,947] {dagbag.py:507} INFO - Filling up the DagBag from /home/kai/Documents/airflowalura/venv/lib/python3.9/site-packages/airflow/example_dags/example_branch_day_of_week_operator.py
[2024-08-12 22:18:49,955] {processor.py:651} INFO - DAG(s) dict_keys(['example_weekday_branch_operator']) retrieved from /home/kai/Documents/airflowalura/venv/lib/python3.9/site-packages/airflow/example_dags/example_branch_day_of_week_operator.py
[2024-08-12 22:18:49,969] {logging_mixin.py:115} INFO - [2024-08-12 22:18:49,968] {dag.py:2379} INFO - Sync 1 DAGs
[2024-08-12 22:18:49,985] {logging_mixin.py:115} INFO - [2024-08-12 22:18:49,985] {dag.py:2927} INFO - Setting next_dagrun for example_weekday_branch_operator to 2024-08-12T00:00:00+00:00, run_after=2024-08-13T00:00:00+00:00
[2024-08-12 22:18:49,995] {processor.py:161} INFO - Processing /home/kai/Documents/airflowalura/venv/lib/python3.9/site-packages/airflow/example_dags/example_branch_day_of_week_operator.py took 0.051 seconds
[2024-08-12 22:19:24,594] {processor.py:153} INFO - Started process (PID=36497) to work on /home/kai/Documents/airflowalura/venv/lib/python3.9/site-packages/airflow/example_dags/example_branch_day_of_week_operator.py
[2024-08-12 22:19:24,595] {processor.py:641} INFO - Processing file /home/kai/Documents/airflowalura/venv/lib/python3.9/site-packages/airflow/example_dags/example_branch_day_of_week_operator.py for tasks to queue
[2024-08-12 22:19:24,596] {logging_mixin.py:115} INFO - [2024-08-12 22:19:24,596] {dagbag.py:507} INFO - Filling up the DagBag from /home/kai/Documents/airflowalura/venv/lib/python3.9/site-packages/airflow/example_dags/example_branch_day_of_week_operator.py
[2024-08-12 22:19:24,603] {processor.py:651} INFO - DAG(s) dict_keys(['example_weekday_branch_operator']) retrieved from /home/kai/Documents/airflowalura/venv/lib/python3.9/site-packages/airflow/example_dags/example_branch_day_of_week_operator.py
[2024-08-12 22:19:24,616] {logging_mixin.py:115} INFO - [2024-08-12 22:19:24,616] {dag.py:2379} INFO - Sync 1 DAGs
[2024-08-12 22:19:24,633] {logging_mixin.py:115} INFO - [2024-08-12 22:19:24,633] {dag.py:2927} INFO - Setting next_dagrun for example_weekday_branch_operator to 2024-08-12T00:00:00+00:00, run_after=2024-08-13T00:00:00+00:00
[2024-08-12 22:19:24,642] {processor.py:161} INFO - Processing /home/kai/Documents/airflowalura/venv/lib/python3.9/site-packages/airflow/example_dags/example_branch_day_of_week_operator.py took 0.050 seconds
[2024-08-12 22:19:58,971] {processor.py:153} INFO - Started process (PID=36712) to work on /home/kai/Documents/airflowalura/venv/lib/python3.9/site-packages/airflow/example_dags/example_branch_day_of_week_operator.py
[2024-08-12 22:19:58,972] {processor.py:641} INFO - Processing file /home/kai/Documents/airflowalura/venv/lib/python3.9/site-packages/airflow/example_dags/example_branch_day_of_week_operator.py for tasks to queue
[2024-08-12 22:19:58,972] {logging_mixin.py:115} INFO - [2024-08-12 22:19:58,972] {dagbag.py:507} INFO - Filling up the DagBag from /home/kai/Documents/airflowalura/venv/lib/python3.9/site-packages/airflow/example_dags/example_branch_day_of_week_operator.py
[2024-08-12 22:19:58,979] {processor.py:651} INFO - DAG(s) dict_keys(['example_weekday_branch_operator']) retrieved from /home/kai/Documents/airflowalura/venv/lib/python3.9/site-packages/airflow/example_dags/example_branch_day_of_week_operator.py
[2024-08-12 22:19:58,992] {logging_mixin.py:115} INFO - [2024-08-12 22:19:58,992] {dag.py:2379} INFO - Sync 1 DAGs
[2024-08-12 22:19:59,008] {logging_mixin.py:115} INFO - [2024-08-12 22:19:59,008] {dag.py:2927} INFO - Setting next_dagrun for example_weekday_branch_operator to 2024-08-12T00:00:00+00:00, run_after=2024-08-13T00:00:00+00:00
[2024-08-12 22:19:59,017] {processor.py:161} INFO - Processing /home/kai/Documents/airflowalura/venv/lib/python3.9/site-packages/airflow/example_dags/example_branch_day_of_week_operator.py took 0.049 seconds
[2024-08-12 22:20:32,658] {processor.py:153} INFO - Started process (PID=36937) to work on /home/kai/Documents/airflowalura/venv/lib/python3.9/site-packages/airflow/example_dags/example_branch_day_of_week_operator.py
[2024-08-12 22:20:32,659] {processor.py:641} INFO - Processing file /home/kai/Documents/airflowalura/venv/lib/python3.9/site-packages/airflow/example_dags/example_branch_day_of_week_operator.py for tasks to queue
[2024-08-12 22:20:32,660] {logging_mixin.py:115} INFO - [2024-08-12 22:20:32,660] {dagbag.py:507} INFO - Filling up the DagBag from /home/kai/Documents/airflowalura/venv/lib/python3.9/site-packages/airflow/example_dags/example_branch_day_of_week_operator.py
[2024-08-12 22:20:32,667] {processor.py:651} INFO - DAG(s) dict_keys(['example_weekday_branch_operator']) retrieved from /home/kai/Documents/airflowalura/venv/lib/python3.9/site-packages/airflow/example_dags/example_branch_day_of_week_operator.py
[2024-08-12 22:20:32,683] {logging_mixin.py:115} INFO - [2024-08-12 22:20:32,682] {dag.py:2379} INFO - Sync 1 DAGs
[2024-08-12 22:20:32,701] {logging_mixin.py:115} INFO - [2024-08-12 22:20:32,701] {dag.py:2927} INFO - Setting next_dagrun for example_weekday_branch_operator to 2024-08-12T00:00:00+00:00, run_after=2024-08-13T00:00:00+00:00
[2024-08-12 22:20:32,712] {processor.py:161} INFO - Processing /home/kai/Documents/airflowalura/venv/lib/python3.9/site-packages/airflow/example_dags/example_branch_day_of_week_operator.py took 0.056 seconds
[2024-08-12 22:21:08,125] {processor.py:153} INFO - Started process (PID=37156) to work on /home/kai/Documents/airflowalura/venv/lib/python3.9/site-packages/airflow/example_dags/example_branch_day_of_week_operator.py
[2024-08-12 22:21:08,126] {processor.py:641} INFO - Processing file /home/kai/Documents/airflowalura/venv/lib/python3.9/site-packages/airflow/example_dags/example_branch_day_of_week_operator.py for tasks to queue
[2024-08-12 22:21:08,127] {logging_mixin.py:115} INFO - [2024-08-12 22:21:08,127] {dagbag.py:507} INFO - Filling up the DagBag from /home/kai/Documents/airflowalura/venv/lib/python3.9/site-packages/airflow/example_dags/example_branch_day_of_week_operator.py
[2024-08-12 22:21:08,137] {processor.py:651} INFO - DAG(s) dict_keys(['example_weekday_branch_operator']) retrieved from /home/kai/Documents/airflowalura/venv/lib/python3.9/site-packages/airflow/example_dags/example_branch_day_of_week_operator.py
[2024-08-12 22:21:08,153] {logging_mixin.py:115} INFO - [2024-08-12 22:21:08,153] {dag.py:2379} INFO - Sync 1 DAGs
[2024-08-12 22:21:08,176] {logging_mixin.py:115} INFO - [2024-08-12 22:21:08,176] {dag.py:2927} INFO - Setting next_dagrun for example_weekday_branch_operator to 2024-08-12T00:00:00+00:00, run_after=2024-08-13T00:00:00+00:00
[2024-08-12 22:21:08,189] {processor.py:161} INFO - Processing /home/kai/Documents/airflowalura/venv/lib/python3.9/site-packages/airflow/example_dags/example_branch_day_of_week_operator.py took 0.068 seconds
[2024-08-12 22:21:44,065] {processor.py:153} INFO - Started process (PID=37554) to work on /home/kai/Documents/airflowalura/venv/lib/python3.9/site-packages/airflow/example_dags/example_branch_day_of_week_operator.py
[2024-08-12 22:21:44,066] {processor.py:641} INFO - Processing file /home/kai/Documents/airflowalura/venv/lib/python3.9/site-packages/airflow/example_dags/example_branch_day_of_week_operator.py for tasks to queue
[2024-08-12 22:21:44,066] {logging_mixin.py:115} INFO - [2024-08-12 22:21:44,066] {dagbag.py:507} INFO - Filling up the DagBag from /home/kai/Documents/airflowalura/venv/lib/python3.9/site-packages/airflow/example_dags/example_branch_day_of_week_operator.py
[2024-08-12 22:21:44,073] {processor.py:651} INFO - DAG(s) dict_keys(['example_weekday_branch_operator']) retrieved from /home/kai/Documents/airflowalura/venv/lib/python3.9/site-packages/airflow/example_dags/example_branch_day_of_week_operator.py
[2024-08-12 22:21:44,086] {logging_mixin.py:115} INFO - [2024-08-12 22:21:44,086] {dag.py:2379} INFO - Sync 1 DAGs
[2024-08-12 22:21:44,103] {logging_mixin.py:115} INFO - [2024-08-12 22:21:44,103] {dag.py:2927} INFO - Setting next_dagrun for example_weekday_branch_operator to 2024-08-12T00:00:00+00:00, run_after=2024-08-13T00:00:00+00:00
[2024-08-12 22:21:44,112] {processor.py:161} INFO - Processing /home/kai/Documents/airflowalura/venv/lib/python3.9/site-packages/airflow/example_dags/example_branch_day_of_week_operator.py took 0.049 seconds
[2024-08-12 22:24:54,781] {processor.py:153} INFO - Started process (PID=39268) to work on /home/kai/Documents/airflowalura/venv/lib/python3.9/site-packages/airflow/example_dags/example_branch_day_of_week_operator.py
[2024-08-12 22:24:54,782] {processor.py:641} INFO - Processing file /home/kai/Documents/airflowalura/venv/lib/python3.9/site-packages/airflow/example_dags/example_branch_day_of_week_operator.py for tasks to queue
[2024-08-12 22:24:54,783] {logging_mixin.py:115} INFO - [2024-08-12 22:24:54,783] {dagbag.py:507} INFO - Filling up the DagBag from /home/kai/Documents/airflowalura/venv/lib/python3.9/site-packages/airflow/example_dags/example_branch_day_of_week_operator.py
[2024-08-12 22:24:54,803] {processor.py:651} INFO - DAG(s) dict_keys(['example_weekday_branch_operator']) retrieved from /home/kai/Documents/airflowalura/venv/lib/python3.9/site-packages/airflow/example_dags/example_branch_day_of_week_operator.py
[2024-08-12 22:24:54,826] {logging_mixin.py:115} INFO - [2024-08-12 22:24:54,826] {dag.py:2379} INFO - Sync 1 DAGs
[2024-08-12 22:24:54,856] {logging_mixin.py:115} INFO - [2024-08-12 22:24:54,856] {dag.py:2927} INFO - Setting next_dagrun for example_weekday_branch_operator to 2024-08-12T00:00:00+00:00, run_after=2024-08-13T00:00:00+00:00
[2024-08-12 22:24:54,883] {processor.py:161} INFO - Processing /home/kai/Documents/airflowalura/venv/lib/python3.9/site-packages/airflow/example_dags/example_branch_day_of_week_operator.py took 0.106 seconds
[2024-08-12 22:25:31,334] {processor.py:153} INFO - Started process (PID=39583) to work on /home/kai/Documents/airflowalura/venv/lib/python3.9/site-packages/airflow/example_dags/example_branch_day_of_week_operator.py
[2024-08-12 22:25:31,335] {processor.py:641} INFO - Processing file /home/kai/Documents/airflowalura/venv/lib/python3.9/site-packages/airflow/example_dags/example_branch_day_of_week_operator.py for tasks to queue
[2024-08-12 22:25:31,336] {logging_mixin.py:115} INFO - [2024-08-12 22:25:31,336] {dagbag.py:507} INFO - Filling up the DagBag from /home/kai/Documents/airflowalura/venv/lib/python3.9/site-packages/airflow/example_dags/example_branch_day_of_week_operator.py
[2024-08-12 22:25:31,352] {processor.py:651} INFO - DAG(s) dict_keys(['example_weekday_branch_operator']) retrieved from /home/kai/Documents/airflowalura/venv/lib/python3.9/site-packages/airflow/example_dags/example_branch_day_of_week_operator.py
[2024-08-12 22:25:31,381] {logging_mixin.py:115} INFO - [2024-08-12 22:25:31,380] {dag.py:2379} INFO - Sync 1 DAGs
[2024-08-12 22:25:31,432] {logging_mixin.py:115} INFO - [2024-08-12 22:25:31,432] {dag.py:2927} INFO - Setting next_dagrun for example_weekday_branch_operator to 2024-08-12T00:00:00+00:00, run_after=2024-08-13T00:00:00+00:00
[2024-08-12 22:25:31,448] {processor.py:161} INFO - Processing /home/kai/Documents/airflowalura/venv/lib/python3.9/site-packages/airflow/example_dags/example_branch_day_of_week_operator.py took 0.128 seconds
[2024-08-12 22:26:06,010] {processor.py:153} INFO - Started process (PID=39900) to work on /home/kai/Documents/airflowalura/venv/lib/python3.9/site-packages/airflow/example_dags/example_branch_day_of_week_operator.py
[2024-08-12 22:26:06,014] {processor.py:641} INFO - Processing file /home/kai/Documents/airflowalura/venv/lib/python3.9/site-packages/airflow/example_dags/example_branch_day_of_week_operator.py for tasks to queue
[2024-08-12 22:26:06,015] {logging_mixin.py:115} INFO - [2024-08-12 22:26:06,015] {dagbag.py:507} INFO - Filling up the DagBag from /home/kai/Documents/airflowalura/venv/lib/python3.9/site-packages/airflow/example_dags/example_branch_day_of_week_operator.py
[2024-08-12 22:26:06,023] {processor.py:651} INFO - DAG(s) dict_keys(['example_weekday_branch_operator']) retrieved from /home/kai/Documents/airflowalura/venv/lib/python3.9/site-packages/airflow/example_dags/example_branch_day_of_week_operator.py
[2024-08-12 22:26:06,039] {logging_mixin.py:115} INFO - [2024-08-12 22:26:06,039] {dag.py:2379} INFO - Sync 1 DAGs
[2024-08-12 22:26:06,062] {logging_mixin.py:115} INFO - [2024-08-12 22:26:06,062] {dag.py:2927} INFO - Setting next_dagrun for example_weekday_branch_operator to 2024-08-12T00:00:00+00:00, run_after=2024-08-13T00:00:00+00:00
[2024-08-12 22:26:06,074] {processor.py:161} INFO - Processing /home/kai/Documents/airflowalura/venv/lib/python3.9/site-packages/airflow/example_dags/example_branch_day_of_week_operator.py took 0.067 seconds
[2024-08-12 22:26:42,392] {processor.py:153} INFO - Started process (PID=40461) to work on /home/kai/Documents/airflowalura/venv/lib/python3.9/site-packages/airflow/example_dags/example_branch_day_of_week_operator.py
[2024-08-12 22:26:42,401] {processor.py:641} INFO - Processing file /home/kai/Documents/airflowalura/venv/lib/python3.9/site-packages/airflow/example_dags/example_branch_day_of_week_operator.py for tasks to queue
[2024-08-12 22:26:42,402] {logging_mixin.py:115} INFO - [2024-08-12 22:26:42,402] {dagbag.py:507} INFO - Filling up the DagBag from /home/kai/Documents/airflowalura/venv/lib/python3.9/site-packages/airflow/example_dags/example_branch_day_of_week_operator.py
[2024-08-12 22:26:42,431] {processor.py:651} INFO - DAG(s) dict_keys(['example_weekday_branch_operator']) retrieved from /home/kai/Documents/airflowalura/venv/lib/python3.9/site-packages/airflow/example_dags/example_branch_day_of_week_operator.py
[2024-08-12 22:26:42,462] {logging_mixin.py:115} INFO - [2024-08-12 22:26:42,461] {dag.py:2379} INFO - Sync 1 DAGs
[2024-08-12 22:26:42,500] {logging_mixin.py:115} INFO - [2024-08-12 22:26:42,500] {dag.py:2927} INFO - Setting next_dagrun for example_weekday_branch_operator to 2024-08-12T00:00:00+00:00, run_after=2024-08-13T00:00:00+00:00
[2024-08-12 22:26:42,528] {processor.py:161} INFO - Processing /home/kai/Documents/airflowalura/venv/lib/python3.9/site-packages/airflow/example_dags/example_branch_day_of_week_operator.py took 0.143 seconds
[2024-08-12 22:27:17,259] {processor.py:153} INFO - Started process (PID=40744) to work on /home/kai/Documents/airflowalura/venv/lib/python3.9/site-packages/airflow/example_dags/example_branch_day_of_week_operator.py
[2024-08-12 22:27:17,260] {processor.py:641} INFO - Processing file /home/kai/Documents/airflowalura/venv/lib/python3.9/site-packages/airflow/example_dags/example_branch_day_of_week_operator.py for tasks to queue
[2024-08-12 22:27:17,261] {logging_mixin.py:115} INFO - [2024-08-12 22:27:17,261] {dagbag.py:507} INFO - Filling up the DagBag from /home/kai/Documents/airflowalura/venv/lib/python3.9/site-packages/airflow/example_dags/example_branch_day_of_week_operator.py
[2024-08-12 22:27:17,278] {processor.py:651} INFO - DAG(s) dict_keys(['example_weekday_branch_operator']) retrieved from /home/kai/Documents/airflowalura/venv/lib/python3.9/site-packages/airflow/example_dags/example_branch_day_of_week_operator.py
[2024-08-12 22:27:17,300] {logging_mixin.py:115} INFO - [2024-08-12 22:27:17,300] {dag.py:2379} INFO - Sync 1 DAGs
[2024-08-12 22:27:17,328] {logging_mixin.py:115} INFO - [2024-08-12 22:27:17,328] {dag.py:2927} INFO - Setting next_dagrun for example_weekday_branch_operator to 2024-08-12T00:00:00+00:00, run_after=2024-08-13T00:00:00+00:00
[2024-08-12 22:27:17,341] {processor.py:161} INFO - Processing /home/kai/Documents/airflowalura/venv/lib/python3.9/site-packages/airflow/example_dags/example_branch_day_of_week_operator.py took 0.087 seconds
[2024-08-12 22:28:54,609] {processor.py:153} INFO - Started process (PID=41806) to work on /home/kai/Documents/airflowalura/venv/lib/python3.9/site-packages/airflow/example_dags/example_branch_day_of_week_operator.py
[2024-08-12 22:28:54,613] {processor.py:641} INFO - Processing file /home/kai/Documents/airflowalura/venv/lib/python3.9/site-packages/airflow/example_dags/example_branch_day_of_week_operator.py for tasks to queue
[2024-08-12 22:28:54,614] {logging_mixin.py:115} INFO - [2024-08-12 22:28:54,614] {dagbag.py:507} INFO - Filling up the DagBag from /home/kai/Documents/airflowalura/venv/lib/python3.9/site-packages/airflow/example_dags/example_branch_day_of_week_operator.py
[2024-08-12 22:28:54,625] {processor.py:651} INFO - DAG(s) dict_keys(['example_weekday_branch_operator']) retrieved from /home/kai/Documents/airflowalura/venv/lib/python3.9/site-packages/airflow/example_dags/example_branch_day_of_week_operator.py
[2024-08-12 22:28:54,651] {logging_mixin.py:115} INFO - [2024-08-12 22:28:54,651] {dag.py:2379} INFO - Sync 1 DAGs
[2024-08-12 22:28:54,678] {logging_mixin.py:115} INFO - [2024-08-12 22:28:54,678] {dag.py:2927} INFO - Setting next_dagrun for example_weekday_branch_operator to 2024-08-12T00:00:00+00:00, run_after=2024-08-13T00:00:00+00:00
[2024-08-12 22:28:54,698] {processor.py:161} INFO - Processing /home/kai/Documents/airflowalura/venv/lib/python3.9/site-packages/airflow/example_dags/example_branch_day_of_week_operator.py took 0.092 seconds
[2024-08-12 22:35:44,922] {processor.py:153} INFO - Started process (PID=3689) to work on /home/kai/Documents/airflowalura/venv/lib/python3.9/site-packages/airflow/example_dags/example_branch_day_of_week_operator.py
[2024-08-12 22:35:44,924] {processor.py:641} INFO - Processing file /home/kai/Documents/airflowalura/venv/lib/python3.9/site-packages/airflow/example_dags/example_branch_day_of_week_operator.py for tasks to queue
[2024-08-12 22:35:44,925] {logging_mixin.py:115} INFO - [2024-08-12 22:35:44,924] {dagbag.py:507} INFO - Filling up the DagBag from /home/kai/Documents/airflowalura/venv/lib/python3.9/site-packages/airflow/example_dags/example_branch_day_of_week_operator.py
[2024-08-12 22:35:44,935] {processor.py:651} INFO - DAG(s) dict_keys(['example_weekday_branch_operator']) retrieved from /home/kai/Documents/airflowalura/venv/lib/python3.9/site-packages/airflow/example_dags/example_branch_day_of_week_operator.py
[2024-08-12 22:35:44,953] {logging_mixin.py:115} INFO - [2024-08-12 22:35:44,953] {dag.py:2379} INFO - Sync 1 DAGs
[2024-08-12 22:35:44,973] {logging_mixin.py:115} INFO - [2024-08-12 22:35:44,973] {dag.py:2927} INFO - Setting next_dagrun for example_weekday_branch_operator to 2024-08-12T00:00:00+00:00, run_after=2024-08-13T00:00:00+00:00
[2024-08-12 22:35:44,985] {processor.py:161} INFO - Processing /home/kai/Documents/airflowalura/venv/lib/python3.9/site-packages/airflow/example_dags/example_branch_day_of_week_operator.py took 0.066 seconds
[2024-08-12 22:36:18,451] {processor.py:153} INFO - Started process (PID=3956) to work on /home/kai/Documents/airflowalura/venv/lib/python3.9/site-packages/airflow/example_dags/example_branch_day_of_week_operator.py
[2024-08-12 22:36:18,452] {processor.py:641} INFO - Processing file /home/kai/Documents/airflowalura/venv/lib/python3.9/site-packages/airflow/example_dags/example_branch_day_of_week_operator.py for tasks to queue
[2024-08-12 22:36:18,452] {logging_mixin.py:115} INFO - [2024-08-12 22:36:18,452] {dagbag.py:507} INFO - Filling up the DagBag from /home/kai/Documents/airflowalura/venv/lib/python3.9/site-packages/airflow/example_dags/example_branch_day_of_week_operator.py
[2024-08-12 22:36:18,459] {processor.py:651} INFO - DAG(s) dict_keys(['example_weekday_branch_operator']) retrieved from /home/kai/Documents/airflowalura/venv/lib/python3.9/site-packages/airflow/example_dags/example_branch_day_of_week_operator.py
[2024-08-12 22:36:18,473] {logging_mixin.py:115} INFO - [2024-08-12 22:36:18,473] {dag.py:2379} INFO - Sync 1 DAGs
[2024-08-12 22:36:18,494] {logging_mixin.py:115} INFO - [2024-08-12 22:36:18,494] {dag.py:2927} INFO - Setting next_dagrun for example_weekday_branch_operator to 2024-08-12T00:00:00+00:00, run_after=2024-08-13T00:00:00+00:00
[2024-08-12 22:36:18,505] {processor.py:161} INFO - Processing /home/kai/Documents/airflowalura/venv/lib/python3.9/site-packages/airflow/example_dags/example_branch_day_of_week_operator.py took 0.058 seconds
[2024-08-12 22:36:54,396] {processor.py:153} INFO - Started process (PID=4154) to work on /home/kai/Documents/airflowalura/venv/lib/python3.9/site-packages/airflow/example_dags/example_branch_day_of_week_operator.py
[2024-08-12 22:36:54,396] {processor.py:641} INFO - Processing file /home/kai/Documents/airflowalura/venv/lib/python3.9/site-packages/airflow/example_dags/example_branch_day_of_week_operator.py for tasks to queue
[2024-08-12 22:36:54,397] {logging_mixin.py:115} INFO - [2024-08-12 22:36:54,397] {dagbag.py:507} INFO - Filling up the DagBag from /home/kai/Documents/airflowalura/venv/lib/python3.9/site-packages/airflow/example_dags/example_branch_day_of_week_operator.py
[2024-08-12 22:36:54,404] {processor.py:651} INFO - DAG(s) dict_keys(['example_weekday_branch_operator']) retrieved from /home/kai/Documents/airflowalura/venv/lib/python3.9/site-packages/airflow/example_dags/example_branch_day_of_week_operator.py
[2024-08-12 22:36:54,421] {logging_mixin.py:115} INFO - [2024-08-12 22:36:54,421] {dag.py:2379} INFO - Sync 1 DAGs
[2024-08-12 22:36:54,441] {logging_mixin.py:115} INFO - [2024-08-12 22:36:54,441] {dag.py:2927} INFO - Setting next_dagrun for example_weekday_branch_operator to 2024-08-12T00:00:00+00:00, run_after=2024-08-13T00:00:00+00:00
[2024-08-12 22:36:54,451] {processor.py:161} INFO - Processing /home/kai/Documents/airflowalura/venv/lib/python3.9/site-packages/airflow/example_dags/example_branch_day_of_week_operator.py took 0.058 seconds
[2024-08-12 22:37:28,078] {processor.py:153} INFO - Started process (PID=4550) to work on /home/kai/Documents/airflowalura/venv/lib/python3.9/site-packages/airflow/example_dags/example_branch_day_of_week_operator.py
[2024-08-12 22:37:28,079] {processor.py:641} INFO - Processing file /home/kai/Documents/airflowalura/venv/lib/python3.9/site-packages/airflow/example_dags/example_branch_day_of_week_operator.py for tasks to queue
[2024-08-12 22:37:28,080] {logging_mixin.py:115} INFO - [2024-08-12 22:37:28,080] {dagbag.py:507} INFO - Filling up the DagBag from /home/kai/Documents/airflowalura/venv/lib/python3.9/site-packages/airflow/example_dags/example_branch_day_of_week_operator.py
[2024-08-12 22:37:28,086] {processor.py:651} INFO - DAG(s) dict_keys(['example_weekday_branch_operator']) retrieved from /home/kai/Documents/airflowalura/venv/lib/python3.9/site-packages/airflow/example_dags/example_branch_day_of_week_operator.py
[2024-08-12 22:37:28,099] {logging_mixin.py:115} INFO - [2024-08-12 22:37:28,099] {dag.py:2379} INFO - Sync 1 DAGs
[2024-08-12 22:37:28,115] {logging_mixin.py:115} INFO - [2024-08-12 22:37:28,115] {dag.py:2927} INFO - Setting next_dagrun for example_weekday_branch_operator to 2024-08-12T00:00:00+00:00, run_after=2024-08-13T00:00:00+00:00
[2024-08-12 22:37:28,124] {processor.py:161} INFO - Processing /home/kai/Documents/airflowalura/venv/lib/python3.9/site-packages/airflow/example_dags/example_branch_day_of_week_operator.py took 0.048 seconds
[2024-08-12 22:38:03,332] {processor.py:153} INFO - Started process (PID=4807) to work on /home/kai/Documents/airflowalura/venv/lib/python3.9/site-packages/airflow/example_dags/example_branch_day_of_week_operator.py
[2024-08-12 22:38:03,333] {processor.py:641} INFO - Processing file /home/kai/Documents/airflowalura/venv/lib/python3.9/site-packages/airflow/example_dags/example_branch_day_of_week_operator.py for tasks to queue
[2024-08-12 22:38:03,333] {logging_mixin.py:115} INFO - [2024-08-12 22:38:03,333] {dagbag.py:507} INFO - Filling up the DagBag from /home/kai/Documents/airflowalura/venv/lib/python3.9/site-packages/airflow/example_dags/example_branch_day_of_week_operator.py
[2024-08-12 22:38:03,339] {processor.py:651} INFO - DAG(s) dict_keys(['example_weekday_branch_operator']) retrieved from /home/kai/Documents/airflowalura/venv/lib/python3.9/site-packages/airflow/example_dags/example_branch_day_of_week_operator.py
[2024-08-12 22:38:03,355] {logging_mixin.py:115} INFO - [2024-08-12 22:38:03,354] {dag.py:2379} INFO - Sync 1 DAGs
[2024-08-12 22:38:03,371] {logging_mixin.py:115} INFO - [2024-08-12 22:38:03,371] {dag.py:2927} INFO - Setting next_dagrun for example_weekday_branch_operator to 2024-08-12T00:00:00+00:00, run_after=2024-08-13T00:00:00+00:00
[2024-08-12 22:38:03,381] {processor.py:161} INFO - Processing /home/kai/Documents/airflowalura/venv/lib/python3.9/site-packages/airflow/example_dags/example_branch_day_of_week_operator.py took 0.052 seconds
[2024-08-12 22:38:37,338] {processor.py:153} INFO - Started process (PID=5118) to work on /home/kai/Documents/airflowalura/venv/lib/python3.9/site-packages/airflow/example_dags/example_branch_day_of_week_operator.py
[2024-08-12 22:38:37,339] {processor.py:641} INFO - Processing file /home/kai/Documents/airflowalura/venv/lib/python3.9/site-packages/airflow/example_dags/example_branch_day_of_week_operator.py for tasks to queue
[2024-08-12 22:38:37,340] {logging_mixin.py:115} INFO - [2024-08-12 22:38:37,340] {dagbag.py:507} INFO - Filling up the DagBag from /home/kai/Documents/airflowalura/venv/lib/python3.9/site-packages/airflow/example_dags/example_branch_day_of_week_operator.py
[2024-08-12 22:38:37,348] {processor.py:651} INFO - DAG(s) dict_keys(['example_weekday_branch_operator']) retrieved from /home/kai/Documents/airflowalura/venv/lib/python3.9/site-packages/airflow/example_dags/example_branch_day_of_week_operator.py
[2024-08-12 22:38:37,365] {logging_mixin.py:115} INFO - [2024-08-12 22:38:37,365] {dag.py:2379} INFO - Sync 1 DAGs
[2024-08-12 22:38:37,388] {logging_mixin.py:115} INFO - [2024-08-12 22:38:37,387] {dag.py:2927} INFO - Setting next_dagrun for example_weekday_branch_operator to 2024-08-12T00:00:00+00:00, run_after=2024-08-13T00:00:00+00:00
[2024-08-12 22:38:37,402] {processor.py:161} INFO - Processing /home/kai/Documents/airflowalura/venv/lib/python3.9/site-packages/airflow/example_dags/example_branch_day_of_week_operator.py took 0.066 seconds
[2024-08-12 22:39:11,988] {processor.py:153} INFO - Started process (PID=5519) to work on /home/kai/Documents/airflowalura/venv/lib/python3.9/site-packages/airflow/example_dags/example_branch_day_of_week_operator.py
[2024-08-12 22:39:11,988] {processor.py:641} INFO - Processing file /home/kai/Documents/airflowalura/venv/lib/python3.9/site-packages/airflow/example_dags/example_branch_day_of_week_operator.py for tasks to queue
[2024-08-12 22:39:11,989] {logging_mixin.py:115} INFO - [2024-08-12 22:39:11,989] {dagbag.py:507} INFO - Filling up the DagBag from /home/kai/Documents/airflowalura/venv/lib/python3.9/site-packages/airflow/example_dags/example_branch_day_of_week_operator.py
[2024-08-12 22:39:11,999] {processor.py:651} INFO - DAG(s) dict_keys(['example_weekday_branch_operator']) retrieved from /home/kai/Documents/airflowalura/venv/lib/python3.9/site-packages/airflow/example_dags/example_branch_day_of_week_operator.py
[2024-08-12 22:39:12,017] {logging_mixin.py:115} INFO - [2024-08-12 22:39:12,017] {dag.py:2379} INFO - Sync 1 DAGs
[2024-08-12 22:39:12,040] {logging_mixin.py:115} INFO - [2024-08-12 22:39:12,040] {dag.py:2927} INFO - Setting next_dagrun for example_weekday_branch_operator to 2024-08-12T00:00:00+00:00, run_after=2024-08-13T00:00:00+00:00
[2024-08-12 22:39:12,054] {processor.py:161} INFO - Processing /home/kai/Documents/airflowalura/venv/lib/python3.9/site-packages/airflow/example_dags/example_branch_day_of_week_operator.py took 0.070 seconds
[2024-08-12 22:39:47,080] {processor.py:153} INFO - Started process (PID=5722) to work on /home/kai/Documents/airflowalura/venv/lib/python3.9/site-packages/airflow/example_dags/example_branch_day_of_week_operator.py
[2024-08-12 22:39:47,081] {processor.py:641} INFO - Processing file /home/kai/Documents/airflowalura/venv/lib/python3.9/site-packages/airflow/example_dags/example_branch_day_of_week_operator.py for tasks to queue
[2024-08-12 22:39:47,081] {logging_mixin.py:115} INFO - [2024-08-12 22:39:47,081] {dagbag.py:507} INFO - Filling up the DagBag from /home/kai/Documents/airflowalura/venv/lib/python3.9/site-packages/airflow/example_dags/example_branch_day_of_week_operator.py
[2024-08-12 22:39:47,088] {processor.py:651} INFO - DAG(s) dict_keys(['example_weekday_branch_operator']) retrieved from /home/kai/Documents/airflowalura/venv/lib/python3.9/site-packages/airflow/example_dags/example_branch_day_of_week_operator.py
[2024-08-12 22:39:47,100] {logging_mixin.py:115} INFO - [2024-08-12 22:39:47,100] {dag.py:2379} INFO - Sync 1 DAGs
[2024-08-12 22:39:47,115] {logging_mixin.py:115} INFO - [2024-08-12 22:39:47,115] {dag.py:2927} INFO - Setting next_dagrun for example_weekday_branch_operator to 2024-08-12T00:00:00+00:00, run_after=2024-08-13T00:00:00+00:00
[2024-08-12 22:39:47,125] {processor.py:161} INFO - Processing /home/kai/Documents/airflowalura/venv/lib/python3.9/site-packages/airflow/example_dags/example_branch_day_of_week_operator.py took 0.047 seconds
[2024-08-12 22:40:21,904] {processor.py:153} INFO - Started process (PID=6175) to work on /home/kai/Documents/airflowalura/venv/lib/python3.9/site-packages/airflow/example_dags/example_branch_day_of_week_operator.py
[2024-08-12 22:40:21,905] {processor.py:641} INFO - Processing file /home/kai/Documents/airflowalura/venv/lib/python3.9/site-packages/airflow/example_dags/example_branch_day_of_week_operator.py for tasks to queue
[2024-08-12 22:40:21,906] {logging_mixin.py:115} INFO - [2024-08-12 22:40:21,906] {dagbag.py:507} INFO - Filling up the DagBag from /home/kai/Documents/airflowalura/venv/lib/python3.9/site-packages/airflow/example_dags/example_branch_day_of_week_operator.py
[2024-08-12 22:40:21,914] {processor.py:651} INFO - DAG(s) dict_keys(['example_weekday_branch_operator']) retrieved from /home/kai/Documents/airflowalura/venv/lib/python3.9/site-packages/airflow/example_dags/example_branch_day_of_week_operator.py
[2024-08-12 22:40:21,934] {logging_mixin.py:115} INFO - [2024-08-12 22:40:21,934] {dag.py:2379} INFO - Sync 1 DAGs
[2024-08-12 22:40:21,955] {logging_mixin.py:115} INFO - [2024-08-12 22:40:21,955] {dag.py:2927} INFO - Setting next_dagrun for example_weekday_branch_operator to 2024-08-12T00:00:00+00:00, run_after=2024-08-13T00:00:00+00:00
[2024-08-12 22:40:21,970] {processor.py:161} INFO - Processing /home/kai/Documents/airflowalura/venv/lib/python3.9/site-packages/airflow/example_dags/example_branch_day_of_week_operator.py took 0.069 seconds
[2024-08-12 22:40:56,864] {processor.py:153} INFO - Started process (PID=6379) to work on /home/kai/Documents/airflowalura/venv/lib/python3.9/site-packages/airflow/example_dags/example_branch_day_of_week_operator.py
[2024-08-12 22:40:56,865] {processor.py:641} INFO - Processing file /home/kai/Documents/airflowalura/venv/lib/python3.9/site-packages/airflow/example_dags/example_branch_day_of_week_operator.py for tasks to queue
[2024-08-12 22:40:56,865] {logging_mixin.py:115} INFO - [2024-08-12 22:40:56,865] {dagbag.py:507} INFO - Filling up the DagBag from /home/kai/Documents/airflowalura/venv/lib/python3.9/site-packages/airflow/example_dags/example_branch_day_of_week_operator.py
[2024-08-12 22:40:56,872] {processor.py:651} INFO - DAG(s) dict_keys(['example_weekday_branch_operator']) retrieved from /home/kai/Documents/airflowalura/venv/lib/python3.9/site-packages/airflow/example_dags/example_branch_day_of_week_operator.py
[2024-08-12 22:40:56,884] {logging_mixin.py:115} INFO - [2024-08-12 22:40:56,884] {dag.py:2379} INFO - Sync 1 DAGs
[2024-08-12 22:40:56,899] {logging_mixin.py:115} INFO - [2024-08-12 22:40:56,899] {dag.py:2927} INFO - Setting next_dagrun for example_weekday_branch_operator to 2024-08-12T00:00:00+00:00, run_after=2024-08-13T00:00:00+00:00
[2024-08-12 22:40:56,911] {processor.py:161} INFO - Processing /home/kai/Documents/airflowalura/venv/lib/python3.9/site-packages/airflow/example_dags/example_branch_day_of_week_operator.py took 0.049 seconds
[2024-08-12 22:41:30,872] {processor.py:153} INFO - Started process (PID=6788) to work on /home/kai/Documents/airflowalura/venv/lib/python3.9/site-packages/airflow/example_dags/example_branch_day_of_week_operator.py
[2024-08-12 22:41:30,872] {processor.py:641} INFO - Processing file /home/kai/Documents/airflowalura/venv/lib/python3.9/site-packages/airflow/example_dags/example_branch_day_of_week_operator.py for tasks to queue
[2024-08-12 22:41:30,873] {logging_mixin.py:115} INFO - [2024-08-12 22:41:30,873] {dagbag.py:507} INFO - Filling up the DagBag from /home/kai/Documents/airflowalura/venv/lib/python3.9/site-packages/airflow/example_dags/example_branch_day_of_week_operator.py
[2024-08-12 22:41:30,880] {processor.py:651} INFO - DAG(s) dict_keys(['example_weekday_branch_operator']) retrieved from /home/kai/Documents/airflowalura/venv/lib/python3.9/site-packages/airflow/example_dags/example_branch_day_of_week_operator.py
[2024-08-12 22:41:30,900] {logging_mixin.py:115} INFO - [2024-08-12 22:41:30,899] {dag.py:2379} INFO - Sync 1 DAGs
[2024-08-12 22:41:30,924] {logging_mixin.py:115} INFO - [2024-08-12 22:41:30,924] {dag.py:2927} INFO - Setting next_dagrun for example_weekday_branch_operator to 2024-08-12T00:00:00+00:00, run_after=2024-08-13T00:00:00+00:00
[2024-08-12 22:41:30,939] {processor.py:161} INFO - Processing /home/kai/Documents/airflowalura/venv/lib/python3.9/site-packages/airflow/example_dags/example_branch_day_of_week_operator.py took 0.070 seconds
[2024-08-12 22:42:08,231] {processor.py:153} INFO - Started process (PID=7180) to work on /home/kai/Documents/airflowalura/venv/lib/python3.9/site-packages/airflow/example_dags/example_branch_day_of_week_operator.py
[2024-08-12 22:42:08,231] {processor.py:641} INFO - Processing file /home/kai/Documents/airflowalura/venv/lib/python3.9/site-packages/airflow/example_dags/example_branch_day_of_week_operator.py for tasks to queue
[2024-08-12 22:42:08,232] {logging_mixin.py:115} INFO - [2024-08-12 22:42:08,232] {dagbag.py:507} INFO - Filling up the DagBag from /home/kai/Documents/airflowalura/venv/lib/python3.9/site-packages/airflow/example_dags/example_branch_day_of_week_operator.py
[2024-08-12 22:42:08,240] {processor.py:651} INFO - DAG(s) dict_keys(['example_weekday_branch_operator']) retrieved from /home/kai/Documents/airflowalura/venv/lib/python3.9/site-packages/airflow/example_dags/example_branch_day_of_week_operator.py
[2024-08-12 22:42:08,256] {logging_mixin.py:115} INFO - [2024-08-12 22:42:08,256] {dag.py:2379} INFO - Sync 1 DAGs
[2024-08-12 22:42:08,276] {logging_mixin.py:115} INFO - [2024-08-12 22:42:08,276] {dag.py:2927} INFO - Setting next_dagrun for example_weekday_branch_operator to 2024-08-12T00:00:00+00:00, run_after=2024-08-13T00:00:00+00:00
[2024-08-12 22:42:08,288] {processor.py:161} INFO - Processing /home/kai/Documents/airflowalura/venv/lib/python3.9/site-packages/airflow/example_dags/example_branch_day_of_week_operator.py took 0.060 seconds
[2024-08-12 22:42:45,465] {processor.py:153} INFO - Started process (PID=7430) to work on /home/kai/Documents/airflowalura/venv/lib/python3.9/site-packages/airflow/example_dags/example_branch_day_of_week_operator.py
[2024-08-12 22:42:45,466] {processor.py:641} INFO - Processing file /home/kai/Documents/airflowalura/venv/lib/python3.9/site-packages/airflow/example_dags/example_branch_day_of_week_operator.py for tasks to queue
[2024-08-12 22:42:45,467] {logging_mixin.py:115} INFO - [2024-08-12 22:42:45,467] {dagbag.py:507} INFO - Filling up the DagBag from /home/kai/Documents/airflowalura/venv/lib/python3.9/site-packages/airflow/example_dags/example_branch_day_of_week_operator.py
[2024-08-12 22:42:45,475] {processor.py:651} INFO - DAG(s) dict_keys(['example_weekday_branch_operator']) retrieved from /home/kai/Documents/airflowalura/venv/lib/python3.9/site-packages/airflow/example_dags/example_branch_day_of_week_operator.py
[2024-08-12 22:42:45,494] {logging_mixin.py:115} INFO - [2024-08-12 22:42:45,493] {dag.py:2379} INFO - Sync 1 DAGs
[2024-08-12 22:42:45,514] {logging_mixin.py:115} INFO - [2024-08-12 22:42:45,513] {dag.py:2927} INFO - Setting next_dagrun for example_weekday_branch_operator to 2024-08-12T00:00:00+00:00, run_after=2024-08-13T00:00:00+00:00
[2024-08-12 22:42:45,527] {processor.py:161} INFO - Processing /home/kai/Documents/airflowalura/venv/lib/python3.9/site-packages/airflow/example_dags/example_branch_day_of_week_operator.py took 0.065 seconds
[2024-08-12 22:43:21,020] {processor.py:153} INFO - Started process (PID=7669) to work on /home/kai/Documents/airflowalura/venv/lib/python3.9/site-packages/airflow/example_dags/example_branch_day_of_week_operator.py
[2024-08-12 22:43:21,021] {processor.py:641} INFO - Processing file /home/kai/Documents/airflowalura/venv/lib/python3.9/site-packages/airflow/example_dags/example_branch_day_of_week_operator.py for tasks to queue
[2024-08-12 22:43:21,022] {logging_mixin.py:115} INFO - [2024-08-12 22:43:21,022] {dagbag.py:507} INFO - Filling up the DagBag from /home/kai/Documents/airflowalura/venv/lib/python3.9/site-packages/airflow/example_dags/example_branch_day_of_week_operator.py
[2024-08-12 22:43:21,029] {processor.py:651} INFO - DAG(s) dict_keys(['example_weekday_branch_operator']) retrieved from /home/kai/Documents/airflowalura/venv/lib/python3.9/site-packages/airflow/example_dags/example_branch_day_of_week_operator.py
[2024-08-12 22:43:21,050] {logging_mixin.py:115} INFO - [2024-08-12 22:43:21,050] {dag.py:2379} INFO - Sync 1 DAGs
[2024-08-12 22:43:21,073] {logging_mixin.py:115} INFO - [2024-08-12 22:43:21,073] {dag.py:2927} INFO - Setting next_dagrun for example_weekday_branch_operator to 2024-08-12T00:00:00+00:00, run_after=2024-08-13T00:00:00+00:00
[2024-08-12 22:43:21,089] {processor.py:161} INFO - Processing /home/kai/Documents/airflowalura/venv/lib/python3.9/site-packages/airflow/example_dags/example_branch_day_of_week_operator.py took 0.071 seconds
[2024-08-12 22:43:56,491] {processor.py:153} INFO - Started process (PID=7970) to work on /home/kai/Documents/airflowalura/venv/lib/python3.9/site-packages/airflow/example_dags/example_branch_day_of_week_operator.py
[2024-08-12 22:43:56,492] {processor.py:641} INFO - Processing file /home/kai/Documents/airflowalura/venv/lib/python3.9/site-packages/airflow/example_dags/example_branch_day_of_week_operator.py for tasks to queue
[2024-08-12 22:43:56,493] {logging_mixin.py:115} INFO - [2024-08-12 22:43:56,493] {dagbag.py:507} INFO - Filling up the DagBag from /home/kai/Documents/airflowalura/venv/lib/python3.9/site-packages/airflow/example_dags/example_branch_day_of_week_operator.py
[2024-08-12 22:43:56,501] {processor.py:651} INFO - DAG(s) dict_keys(['example_weekday_branch_operator']) retrieved from /home/kai/Documents/airflowalura/venv/lib/python3.9/site-packages/airflow/example_dags/example_branch_day_of_week_operator.py
[2024-08-12 22:43:56,517] {logging_mixin.py:115} INFO - [2024-08-12 22:43:56,516] {dag.py:2379} INFO - Sync 1 DAGs
[2024-08-12 22:43:56,534] {logging_mixin.py:115} INFO - [2024-08-12 22:43:56,534] {dag.py:2927} INFO - Setting next_dagrun for example_weekday_branch_operator to 2024-08-12T00:00:00+00:00, run_after=2024-08-13T00:00:00+00:00
[2024-08-12 22:43:56,545] {processor.py:161} INFO - Processing /home/kai/Documents/airflowalura/venv/lib/python3.9/site-packages/airflow/example_dags/example_branch_day_of_week_operator.py took 0.057 seconds
[2024-08-12 22:44:33,149] {processor.py:153} INFO - Started process (PID=8160) to work on /home/kai/Documents/airflowalura/venv/lib/python3.9/site-packages/airflow/example_dags/example_branch_day_of_week_operator.py
[2024-08-12 22:44:33,150] {processor.py:641} INFO - Processing file /home/kai/Documents/airflowalura/venv/lib/python3.9/site-packages/airflow/example_dags/example_branch_day_of_week_operator.py for tasks to queue
[2024-08-12 22:44:33,150] {logging_mixin.py:115} INFO - [2024-08-12 22:44:33,150] {dagbag.py:507} INFO - Filling up the DagBag from /home/kai/Documents/airflowalura/venv/lib/python3.9/site-packages/airflow/example_dags/example_branch_day_of_week_operator.py
[2024-08-12 22:44:33,158] {processor.py:651} INFO - DAG(s) dict_keys(['example_weekday_branch_operator']) retrieved from /home/kai/Documents/airflowalura/venv/lib/python3.9/site-packages/airflow/example_dags/example_branch_day_of_week_operator.py
[2024-08-12 22:44:33,173] {logging_mixin.py:115} INFO - [2024-08-12 22:44:33,173] {dag.py:2379} INFO - Sync 1 DAGs
[2024-08-12 22:44:33,192] {logging_mixin.py:115} INFO - [2024-08-12 22:44:33,192] {dag.py:2927} INFO - Setting next_dagrun for example_weekday_branch_operator to 2024-08-12T00:00:00+00:00, run_after=2024-08-13T00:00:00+00:00
[2024-08-12 22:44:33,203] {processor.py:161} INFO - Processing /home/kai/Documents/airflowalura/venv/lib/python3.9/site-packages/airflow/example_dags/example_branch_day_of_week_operator.py took 0.056 seconds
[2024-08-12 22:45:06,090] {processor.py:153} INFO - Started process (PID=8459) to work on /home/kai/Documents/airflowalura/venv/lib/python3.9/site-packages/airflow/example_dags/example_branch_day_of_week_operator.py
[2024-08-12 22:45:06,090] {processor.py:641} INFO - Processing file /home/kai/Documents/airflowalura/venv/lib/python3.9/site-packages/airflow/example_dags/example_branch_day_of_week_operator.py for tasks to queue
[2024-08-12 22:45:06,091] {logging_mixin.py:115} INFO - [2024-08-12 22:45:06,091] {dagbag.py:507} INFO - Filling up the DagBag from /home/kai/Documents/airflowalura/venv/lib/python3.9/site-packages/airflow/example_dags/example_branch_day_of_week_operator.py
[2024-08-12 22:45:06,097] {processor.py:651} INFO - DAG(s) dict_keys(['example_weekday_branch_operator']) retrieved from /home/kai/Documents/airflowalura/venv/lib/python3.9/site-packages/airflow/example_dags/example_branch_day_of_week_operator.py
[2024-08-12 22:45:06,112] {logging_mixin.py:115} INFO - [2024-08-12 22:45:06,112] {dag.py:2379} INFO - Sync 1 DAGs
[2024-08-12 22:45:06,129] {logging_mixin.py:115} INFO - [2024-08-12 22:45:06,128] {dag.py:2927} INFO - Setting next_dagrun for example_weekday_branch_operator to 2024-08-12T00:00:00+00:00, run_after=2024-08-13T00:00:00+00:00
[2024-08-12 22:45:06,140] {processor.py:161} INFO - Processing /home/kai/Documents/airflowalura/venv/lib/python3.9/site-packages/airflow/example_dags/example_branch_day_of_week_operator.py took 0.054 seconds
[2024-08-12 22:45:39,158] {processor.py:153} INFO - Started process (PID=8739) to work on /home/kai/Documents/airflowalura/venv/lib/python3.9/site-packages/airflow/example_dags/example_branch_day_of_week_operator.py
[2024-08-12 22:45:39,160] {processor.py:641} INFO - Processing file /home/kai/Documents/airflowalura/venv/lib/python3.9/site-packages/airflow/example_dags/example_branch_day_of_week_operator.py for tasks to queue
[2024-08-12 22:45:39,161] {logging_mixin.py:115} INFO - [2024-08-12 22:45:39,161] {dagbag.py:507} INFO - Filling up the DagBag from /home/kai/Documents/airflowalura/venv/lib/python3.9/site-packages/airflow/example_dags/example_branch_day_of_week_operator.py
[2024-08-12 22:45:39,167] {processor.py:651} INFO - DAG(s) dict_keys(['example_weekday_branch_operator']) retrieved from /home/kai/Documents/airflowalura/venv/lib/python3.9/site-packages/airflow/example_dags/example_branch_day_of_week_operator.py
[2024-08-12 22:45:39,180] {logging_mixin.py:115} INFO - [2024-08-12 22:45:39,180] {dag.py:2379} INFO - Sync 1 DAGs
[2024-08-12 22:45:39,198] {logging_mixin.py:115} INFO - [2024-08-12 22:45:39,197] {dag.py:2927} INFO - Setting next_dagrun for example_weekday_branch_operator to 2024-08-12T00:00:00+00:00, run_after=2024-08-13T00:00:00+00:00
[2024-08-12 22:45:39,206] {processor.py:161} INFO - Processing /home/kai/Documents/airflowalura/venv/lib/python3.9/site-packages/airflow/example_dags/example_branch_day_of_week_operator.py took 0.050 seconds
[2024-08-12 22:46:15,538] {processor.py:153} INFO - Started process (PID=8939) to work on /home/kai/Documents/airflowalura/venv/lib/python3.9/site-packages/airflow/example_dags/example_branch_day_of_week_operator.py
[2024-08-12 22:46:15,538] {processor.py:641} INFO - Processing file /home/kai/Documents/airflowalura/venv/lib/python3.9/site-packages/airflow/example_dags/example_branch_day_of_week_operator.py for tasks to queue
[2024-08-12 22:46:15,539] {logging_mixin.py:115} INFO - [2024-08-12 22:46:15,539] {dagbag.py:507} INFO - Filling up the DagBag from /home/kai/Documents/airflowalura/venv/lib/python3.9/site-packages/airflow/example_dags/example_branch_day_of_week_operator.py
[2024-08-12 22:46:15,546] {processor.py:651} INFO - DAG(s) dict_keys(['example_weekday_branch_operator']) retrieved from /home/kai/Documents/airflowalura/venv/lib/python3.9/site-packages/airflow/example_dags/example_branch_day_of_week_operator.py
[2024-08-12 22:46:15,559] {logging_mixin.py:115} INFO - [2024-08-12 22:46:15,559] {dag.py:2379} INFO - Sync 1 DAGs
[2024-08-12 22:46:15,575] {logging_mixin.py:115} INFO - [2024-08-12 22:46:15,575] {dag.py:2927} INFO - Setting next_dagrun for example_weekday_branch_operator to 2024-08-12T00:00:00+00:00, run_after=2024-08-13T00:00:00+00:00
[2024-08-12 22:46:15,584] {processor.py:161} INFO - Processing /home/kai/Documents/airflowalura/venv/lib/python3.9/site-packages/airflow/example_dags/example_branch_day_of_week_operator.py took 0.049 seconds
[2024-08-12 22:46:48,168] {processor.py:153} INFO - Started process (PID=9119) to work on /home/kai/Documents/airflowalura/venv/lib/python3.9/site-packages/airflow/example_dags/example_branch_day_of_week_operator.py
[2024-08-12 22:46:48,168] {processor.py:641} INFO - Processing file /home/kai/Documents/airflowalura/venv/lib/python3.9/site-packages/airflow/example_dags/example_branch_day_of_week_operator.py for tasks to queue
[2024-08-12 22:46:48,169] {logging_mixin.py:115} INFO - [2024-08-12 22:46:48,169] {dagbag.py:507} INFO - Filling up the DagBag from /home/kai/Documents/airflowalura/venv/lib/python3.9/site-packages/airflow/example_dags/example_branch_day_of_week_operator.py
[2024-08-12 22:46:48,176] {processor.py:651} INFO - DAG(s) dict_keys(['example_weekday_branch_operator']) retrieved from /home/kai/Documents/airflowalura/venv/lib/python3.9/site-packages/airflow/example_dags/example_branch_day_of_week_operator.py
[2024-08-12 22:46:48,188] {logging_mixin.py:115} INFO - [2024-08-12 22:46:48,188] {dag.py:2379} INFO - Sync 1 DAGs
[2024-08-12 22:46:48,205] {logging_mixin.py:115} INFO - [2024-08-12 22:46:48,205] {dag.py:2927} INFO - Setting next_dagrun for example_weekday_branch_operator to 2024-08-12T00:00:00+00:00, run_after=2024-08-13T00:00:00+00:00
[2024-08-12 22:46:48,214] {processor.py:161} INFO - Processing /home/kai/Documents/airflowalura/venv/lib/python3.9/site-packages/airflow/example_dags/example_branch_day_of_week_operator.py took 0.049 seconds
[2024-08-12 22:47:20,733] {processor.py:153} INFO - Started process (PID=9300) to work on /home/kai/Documents/airflowalura/venv/lib/python3.9/site-packages/airflow/example_dags/example_branch_day_of_week_operator.py
[2024-08-12 22:47:20,734] {processor.py:641} INFO - Processing file /home/kai/Documents/airflowalura/venv/lib/python3.9/site-packages/airflow/example_dags/example_branch_day_of_week_operator.py for tasks to queue
[2024-08-12 22:47:20,735] {logging_mixin.py:115} INFO - [2024-08-12 22:47:20,735] {dagbag.py:507} INFO - Filling up the DagBag from /home/kai/Documents/airflowalura/venv/lib/python3.9/site-packages/airflow/example_dags/example_branch_day_of_week_operator.py
[2024-08-12 22:47:20,744] {processor.py:651} INFO - DAG(s) dict_keys(['example_weekday_branch_operator']) retrieved from /home/kai/Documents/airflowalura/venv/lib/python3.9/site-packages/airflow/example_dags/example_branch_day_of_week_operator.py
[2024-08-12 22:47:20,756] {logging_mixin.py:115} INFO - [2024-08-12 22:47:20,756] {dag.py:2379} INFO - Sync 1 DAGs
[2024-08-12 22:47:20,773] {logging_mixin.py:115} INFO - [2024-08-12 22:47:20,773] {dag.py:2927} INFO - Setting next_dagrun for example_weekday_branch_operator to 2024-08-12T00:00:00+00:00, run_after=2024-08-13T00:00:00+00:00
[2024-08-12 22:47:20,782] {processor.py:161} INFO - Processing /home/kai/Documents/airflowalura/venv/lib/python3.9/site-packages/airflow/example_dags/example_branch_day_of_week_operator.py took 0.052 seconds
[2024-08-12 22:47:55,568] {processor.py:153} INFO - Started process (PID=9505) to work on /home/kai/Documents/airflowalura/venv/lib/python3.9/site-packages/airflow/example_dags/example_branch_day_of_week_operator.py
[2024-08-12 22:47:55,568] {processor.py:641} INFO - Processing file /home/kai/Documents/airflowalura/venv/lib/python3.9/site-packages/airflow/example_dags/example_branch_day_of_week_operator.py for tasks to queue
[2024-08-12 22:47:55,569] {logging_mixin.py:115} INFO - [2024-08-12 22:47:55,569] {dagbag.py:507} INFO - Filling up the DagBag from /home/kai/Documents/airflowalura/venv/lib/python3.9/site-packages/airflow/example_dags/example_branch_day_of_week_operator.py
[2024-08-12 22:47:55,576] {processor.py:651} INFO - DAG(s) dict_keys(['example_weekday_branch_operator']) retrieved from /home/kai/Documents/airflowalura/venv/lib/python3.9/site-packages/airflow/example_dags/example_branch_day_of_week_operator.py
[2024-08-12 22:47:55,589] {logging_mixin.py:115} INFO - [2024-08-12 22:47:55,589] {dag.py:2379} INFO - Sync 1 DAGs
[2024-08-12 22:47:55,605] {logging_mixin.py:115} INFO - [2024-08-12 22:47:55,605] {dag.py:2927} INFO - Setting next_dagrun for example_weekday_branch_operator to 2024-08-12T00:00:00+00:00, run_after=2024-08-13T00:00:00+00:00
[2024-08-12 22:47:55,614] {processor.py:161} INFO - Processing /home/kai/Documents/airflowalura/venv/lib/python3.9/site-packages/airflow/example_dags/example_branch_day_of_week_operator.py took 0.049 seconds
[2024-08-12 22:48:30,760] {processor.py:153} INFO - Started process (PID=9691) to work on /home/kai/Documents/airflowalura/venv/lib/python3.9/site-packages/airflow/example_dags/example_branch_day_of_week_operator.py
[2024-08-12 22:48:30,760] {processor.py:641} INFO - Processing file /home/kai/Documents/airflowalura/venv/lib/python3.9/site-packages/airflow/example_dags/example_branch_day_of_week_operator.py for tasks to queue
[2024-08-12 22:48:30,761] {logging_mixin.py:115} INFO - [2024-08-12 22:48:30,761] {dagbag.py:507} INFO - Filling up the DagBag from /home/kai/Documents/airflowalura/venv/lib/python3.9/site-packages/airflow/example_dags/example_branch_day_of_week_operator.py
[2024-08-12 22:48:30,768] {processor.py:651} INFO - DAG(s) dict_keys(['example_weekday_branch_operator']) retrieved from /home/kai/Documents/airflowalura/venv/lib/python3.9/site-packages/airflow/example_dags/example_branch_day_of_week_operator.py
[2024-08-12 22:48:30,782] {logging_mixin.py:115} INFO - [2024-08-12 22:48:30,782] {dag.py:2379} INFO - Sync 1 DAGs
[2024-08-12 22:48:30,797] {logging_mixin.py:115} INFO - [2024-08-12 22:48:30,797] {dag.py:2927} INFO - Setting next_dagrun for example_weekday_branch_operator to 2024-08-12T00:00:00+00:00, run_after=2024-08-13T00:00:00+00:00
[2024-08-12 22:48:30,806] {processor.py:161} INFO - Processing /home/kai/Documents/airflowalura/venv/lib/python3.9/site-packages/airflow/example_dags/example_branch_day_of_week_operator.py took 0.049 seconds
[2024-08-12 22:49:05,451] {processor.py:153} INFO - Started process (PID=9891) to work on /home/kai/Documents/airflowalura/venv/lib/python3.9/site-packages/airflow/example_dags/example_branch_day_of_week_operator.py
[2024-08-12 22:49:05,452] {processor.py:641} INFO - Processing file /home/kai/Documents/airflowalura/venv/lib/python3.9/site-packages/airflow/example_dags/example_branch_day_of_week_operator.py for tasks to queue
[2024-08-12 22:49:05,452] {logging_mixin.py:115} INFO - [2024-08-12 22:49:05,452] {dagbag.py:507} INFO - Filling up the DagBag from /home/kai/Documents/airflowalura/venv/lib/python3.9/site-packages/airflow/example_dags/example_branch_day_of_week_operator.py
[2024-08-12 22:49:05,459] {processor.py:651} INFO - DAG(s) dict_keys(['example_weekday_branch_operator']) retrieved from /home/kai/Documents/airflowalura/venv/lib/python3.9/site-packages/airflow/example_dags/example_branch_day_of_week_operator.py
[2024-08-12 22:49:05,471] {logging_mixin.py:115} INFO - [2024-08-12 22:49:05,471] {dag.py:2379} INFO - Sync 1 DAGs
[2024-08-12 22:49:05,487] {logging_mixin.py:115} INFO - [2024-08-12 22:49:05,487] {dag.py:2927} INFO - Setting next_dagrun for example_weekday_branch_operator to 2024-08-12T00:00:00+00:00, run_after=2024-08-13T00:00:00+00:00
[2024-08-12 22:49:05,495] {processor.py:161} INFO - Processing /home/kai/Documents/airflowalura/venv/lib/python3.9/site-packages/airflow/example_dags/example_branch_day_of_week_operator.py took 0.047 seconds
[2024-08-12 22:49:41,521] {processor.py:153} INFO - Started process (PID=10091) to work on /home/kai/Documents/airflowalura/venv/lib/python3.9/site-packages/airflow/example_dags/example_branch_day_of_week_operator.py
[2024-08-12 22:49:41,522] {processor.py:641} INFO - Processing file /home/kai/Documents/airflowalura/venv/lib/python3.9/site-packages/airflow/example_dags/example_branch_day_of_week_operator.py for tasks to queue
[2024-08-12 22:49:41,522] {logging_mixin.py:115} INFO - [2024-08-12 22:49:41,522] {dagbag.py:507} INFO - Filling up the DagBag from /home/kai/Documents/airflowalura/venv/lib/python3.9/site-packages/airflow/example_dags/example_branch_day_of_week_operator.py
[2024-08-12 22:49:41,529] {processor.py:651} INFO - DAG(s) dict_keys(['example_weekday_branch_operator']) retrieved from /home/kai/Documents/airflowalura/venv/lib/python3.9/site-packages/airflow/example_dags/example_branch_day_of_week_operator.py
[2024-08-12 22:49:41,542] {logging_mixin.py:115} INFO - [2024-08-12 22:49:41,542] {dag.py:2379} INFO - Sync 1 DAGs
[2024-08-12 22:49:41,558] {logging_mixin.py:115} INFO - [2024-08-12 22:49:41,558] {dag.py:2927} INFO - Setting next_dagrun for example_weekday_branch_operator to 2024-08-12T00:00:00+00:00, run_after=2024-08-13T00:00:00+00:00
[2024-08-12 22:49:41,567] {processor.py:161} INFO - Processing /home/kai/Documents/airflowalura/venv/lib/python3.9/site-packages/airflow/example_dags/example_branch_day_of_week_operator.py took 0.048 seconds
[2024-08-12 22:50:14,942] {processor.py:153} INFO - Started process (PID=10284) to work on /home/kai/Documents/airflowalura/venv/lib/python3.9/site-packages/airflow/example_dags/example_branch_day_of_week_operator.py
[2024-08-12 22:50:14,944] {processor.py:641} INFO - Processing file /home/kai/Documents/airflowalura/venv/lib/python3.9/site-packages/airflow/example_dags/example_branch_day_of_week_operator.py for tasks to queue
[2024-08-12 22:50:14,945] {logging_mixin.py:115} INFO - [2024-08-12 22:50:14,945] {dagbag.py:507} INFO - Filling up the DagBag from /home/kai/Documents/airflowalura/venv/lib/python3.9/site-packages/airflow/example_dags/example_branch_day_of_week_operator.py
[2024-08-12 22:50:14,954] {processor.py:651} INFO - DAG(s) dict_keys(['example_weekday_branch_operator']) retrieved from /home/kai/Documents/airflowalura/venv/lib/python3.9/site-packages/airflow/example_dags/example_branch_day_of_week_operator.py
[2024-08-12 22:50:14,970] {logging_mixin.py:115} INFO - [2024-08-12 22:50:14,970] {dag.py:2379} INFO - Sync 1 DAGs
[2024-08-12 22:50:14,989] {logging_mixin.py:115} INFO - [2024-08-12 22:50:14,989] {dag.py:2927} INFO - Setting next_dagrun for example_weekday_branch_operator to 2024-08-12T00:00:00+00:00, run_after=2024-08-13T00:00:00+00:00
[2024-08-12 22:50:14,999] {processor.py:161} INFO - Processing /home/kai/Documents/airflowalura/venv/lib/python3.9/site-packages/airflow/example_dags/example_branch_day_of_week_operator.py took 0.060 seconds
[2024-08-12 22:50:55,055] {processor.py:153} INFO - Started process (PID=10561) to work on /home/kai/Documents/airflowalura/venv/lib/python3.9/site-packages/airflow/example_dags/example_branch_day_of_week_operator.py
[2024-08-12 22:50:55,055] {processor.py:641} INFO - Processing file /home/kai/Documents/airflowalura/venv/lib/python3.9/site-packages/airflow/example_dags/example_branch_day_of_week_operator.py for tasks to queue
[2024-08-12 22:50:55,056] {logging_mixin.py:115} INFO - [2024-08-12 22:50:55,056] {dagbag.py:507} INFO - Filling up the DagBag from /home/kai/Documents/airflowalura/venv/lib/python3.9/site-packages/airflow/example_dags/example_branch_day_of_week_operator.py
[2024-08-12 22:50:55,062] {processor.py:651} INFO - DAG(s) dict_keys(['example_weekday_branch_operator']) retrieved from /home/kai/Documents/airflowalura/venv/lib/python3.9/site-packages/airflow/example_dags/example_branch_day_of_week_operator.py
[2024-08-12 22:50:55,075] {logging_mixin.py:115} INFO - [2024-08-12 22:50:55,074] {dag.py:2379} INFO - Sync 1 DAGs
[2024-08-12 22:50:55,091] {logging_mixin.py:115} INFO - [2024-08-12 22:50:55,090] {dag.py:2927} INFO - Setting next_dagrun for example_weekday_branch_operator to 2024-08-12T00:00:00+00:00, run_after=2024-08-13T00:00:00+00:00
[2024-08-12 22:50:55,100] {processor.py:161} INFO - Processing /home/kai/Documents/airflowalura/venv/lib/python3.9/site-packages/airflow/example_dags/example_branch_day_of_week_operator.py took 0.048 seconds
[2024-08-12 22:51:30,648] {processor.py:153} INFO - Started process (PID=10752) to work on /home/kai/Documents/airflowalura/venv/lib/python3.9/site-packages/airflow/example_dags/example_branch_day_of_week_operator.py
[2024-08-12 22:51:30,649] {processor.py:641} INFO - Processing file /home/kai/Documents/airflowalura/venv/lib/python3.9/site-packages/airflow/example_dags/example_branch_day_of_week_operator.py for tasks to queue
[2024-08-12 22:51:30,650] {logging_mixin.py:115} INFO - [2024-08-12 22:51:30,650] {dagbag.py:507} INFO - Filling up the DagBag from /home/kai/Documents/airflowalura/venv/lib/python3.9/site-packages/airflow/example_dags/example_branch_day_of_week_operator.py
[2024-08-12 22:51:30,656] {processor.py:651} INFO - DAG(s) dict_keys(['example_weekday_branch_operator']) retrieved from /home/kai/Documents/airflowalura/venv/lib/python3.9/site-packages/airflow/example_dags/example_branch_day_of_week_operator.py
[2024-08-12 22:51:30,669] {logging_mixin.py:115} INFO - [2024-08-12 22:51:30,669] {dag.py:2379} INFO - Sync 1 DAGs
[2024-08-12 22:51:30,685] {logging_mixin.py:115} INFO - [2024-08-12 22:51:30,685] {dag.py:2927} INFO - Setting next_dagrun for example_weekday_branch_operator to 2024-08-12T00:00:00+00:00, run_after=2024-08-13T00:00:00+00:00
[2024-08-12 22:51:30,694] {processor.py:161} INFO - Processing /home/kai/Documents/airflowalura/venv/lib/python3.9/site-packages/airflow/example_dags/example_branch_day_of_week_operator.py took 0.048 seconds
[2024-08-12 22:52:06,313] {processor.py:153} INFO - Started process (PID=10951) to work on /home/kai/Documents/airflowalura/venv/lib/python3.9/site-packages/airflow/example_dags/example_branch_day_of_week_operator.py
[2024-08-12 22:52:06,314] {processor.py:641} INFO - Processing file /home/kai/Documents/airflowalura/venv/lib/python3.9/site-packages/airflow/example_dags/example_branch_day_of_week_operator.py for tasks to queue
[2024-08-12 22:52:06,314] {logging_mixin.py:115} INFO - [2024-08-12 22:52:06,314] {dagbag.py:507} INFO - Filling up the DagBag from /home/kai/Documents/airflowalura/venv/lib/python3.9/site-packages/airflow/example_dags/example_branch_day_of_week_operator.py
[2024-08-12 22:52:06,321] {processor.py:651} INFO - DAG(s) dict_keys(['example_weekday_branch_operator']) retrieved from /home/kai/Documents/airflowalura/venv/lib/python3.9/site-packages/airflow/example_dags/example_branch_day_of_week_operator.py
[2024-08-12 22:52:06,334] {logging_mixin.py:115} INFO - [2024-08-12 22:52:06,334] {dag.py:2379} INFO - Sync 1 DAGs
[2024-08-12 22:52:06,351] {logging_mixin.py:115} INFO - [2024-08-12 22:52:06,351] {dag.py:2927} INFO - Setting next_dagrun for example_weekday_branch_operator to 2024-08-12T00:00:00+00:00, run_after=2024-08-13T00:00:00+00:00
[2024-08-12 22:52:06,361] {processor.py:161} INFO - Processing /home/kai/Documents/airflowalura/venv/lib/python3.9/site-packages/airflow/example_dags/example_branch_day_of_week_operator.py took 0.050 seconds
[2024-08-12 22:52:39,704] {processor.py:153} INFO - Started process (PID=11136) to work on /home/kai/Documents/airflowalura/venv/lib/python3.9/site-packages/airflow/example_dags/example_branch_day_of_week_operator.py
[2024-08-12 22:52:39,706] {processor.py:641} INFO - Processing file /home/kai/Documents/airflowalura/venv/lib/python3.9/site-packages/airflow/example_dags/example_branch_day_of_week_operator.py for tasks to queue
[2024-08-12 22:52:39,707] {logging_mixin.py:115} INFO - [2024-08-12 22:52:39,706] {dagbag.py:507} INFO - Filling up the DagBag from /home/kai/Documents/airflowalura/venv/lib/python3.9/site-packages/airflow/example_dags/example_branch_day_of_week_operator.py
[2024-08-12 22:52:39,713] {processor.py:651} INFO - DAG(s) dict_keys(['example_weekday_branch_operator']) retrieved from /home/kai/Documents/airflowalura/venv/lib/python3.9/site-packages/airflow/example_dags/example_branch_day_of_week_operator.py
[2024-08-12 22:52:39,726] {logging_mixin.py:115} INFO - [2024-08-12 22:52:39,726] {dag.py:2379} INFO - Sync 1 DAGs
[2024-08-12 22:52:39,741] {logging_mixin.py:115} INFO - [2024-08-12 22:52:39,741] {dag.py:2927} INFO - Setting next_dagrun for example_weekday_branch_operator to 2024-08-12T00:00:00+00:00, run_after=2024-08-13T00:00:00+00:00
[2024-08-12 22:52:39,753] {processor.py:161} INFO - Processing /home/kai/Documents/airflowalura/venv/lib/python3.9/site-packages/airflow/example_dags/example_branch_day_of_week_operator.py took 0.051 seconds
[2024-08-12 22:53:13,623] {processor.py:153} INFO - Started process (PID=11326) to work on /home/kai/Documents/airflowalura/venv/lib/python3.9/site-packages/airflow/example_dags/example_branch_day_of_week_operator.py
[2024-08-12 22:53:13,624] {processor.py:641} INFO - Processing file /home/kai/Documents/airflowalura/venv/lib/python3.9/site-packages/airflow/example_dags/example_branch_day_of_week_operator.py for tasks to queue
[2024-08-12 22:53:13,624] {logging_mixin.py:115} INFO - [2024-08-12 22:53:13,624] {dagbag.py:507} INFO - Filling up the DagBag from /home/kai/Documents/airflowalura/venv/lib/python3.9/site-packages/airflow/example_dags/example_branch_day_of_week_operator.py
[2024-08-12 22:53:13,630] {processor.py:651} INFO - DAG(s) dict_keys(['example_weekday_branch_operator']) retrieved from /home/kai/Documents/airflowalura/venv/lib/python3.9/site-packages/airflow/example_dags/example_branch_day_of_week_operator.py
[2024-08-12 22:53:13,643] {logging_mixin.py:115} INFO - [2024-08-12 22:53:13,643] {dag.py:2379} INFO - Sync 1 DAGs
[2024-08-12 22:53:13,659] {logging_mixin.py:115} INFO - [2024-08-12 22:53:13,659] {dag.py:2927} INFO - Setting next_dagrun for example_weekday_branch_operator to 2024-08-12T00:00:00+00:00, run_after=2024-08-13T00:00:00+00:00
[2024-08-12 22:53:13,668] {processor.py:161} INFO - Processing /home/kai/Documents/airflowalura/venv/lib/python3.9/site-packages/airflow/example_dags/example_branch_day_of_week_operator.py took 0.048 seconds
[2024-08-12 22:53:46,685] {processor.py:153} INFO - Started process (PID=11510) to work on /home/kai/Documents/airflowalura/venv/lib/python3.9/site-packages/airflow/example_dags/example_branch_day_of_week_operator.py
[2024-08-12 22:53:46,686] {processor.py:641} INFO - Processing file /home/kai/Documents/airflowalura/venv/lib/python3.9/site-packages/airflow/example_dags/example_branch_day_of_week_operator.py for tasks to queue
[2024-08-12 22:53:46,686] {logging_mixin.py:115} INFO - [2024-08-12 22:53:46,686] {dagbag.py:507} INFO - Filling up the DagBag from /home/kai/Documents/airflowalura/venv/lib/python3.9/site-packages/airflow/example_dags/example_branch_day_of_week_operator.py
[2024-08-12 22:53:46,692] {processor.py:651} INFO - DAG(s) dict_keys(['example_weekday_branch_operator']) retrieved from /home/kai/Documents/airflowalura/venv/lib/python3.9/site-packages/airflow/example_dags/example_branch_day_of_week_operator.py
[2024-08-12 22:53:46,705] {logging_mixin.py:115} INFO - [2024-08-12 22:53:46,704] {dag.py:2379} INFO - Sync 1 DAGs
[2024-08-12 22:53:46,720] {logging_mixin.py:115} INFO - [2024-08-12 22:53:46,720] {dag.py:2927} INFO - Setting next_dagrun for example_weekday_branch_operator to 2024-08-12T00:00:00+00:00, run_after=2024-08-13T00:00:00+00:00
[2024-08-12 22:53:46,729] {processor.py:161} INFO - Processing /home/kai/Documents/airflowalura/venv/lib/python3.9/site-packages/airflow/example_dags/example_branch_day_of_week_operator.py took 0.047 seconds
[2024-08-12 22:54:23,705] {processor.py:153} INFO - Started process (PID=11715) to work on /home/kai/Documents/airflowalura/venv/lib/python3.9/site-packages/airflow/example_dags/example_branch_day_of_week_operator.py
[2024-08-12 22:54:23,706] {processor.py:641} INFO - Processing file /home/kai/Documents/airflowalura/venv/lib/python3.9/site-packages/airflow/example_dags/example_branch_day_of_week_operator.py for tasks to queue
[2024-08-12 22:54:23,706] {logging_mixin.py:115} INFO - [2024-08-12 22:54:23,706] {dagbag.py:507} INFO - Filling up the DagBag from /home/kai/Documents/airflowalura/venv/lib/python3.9/site-packages/airflow/example_dags/example_branch_day_of_week_operator.py
[2024-08-12 22:54:23,712] {processor.py:651} INFO - DAG(s) dict_keys(['example_weekday_branch_operator']) retrieved from /home/kai/Documents/airflowalura/venv/lib/python3.9/site-packages/airflow/example_dags/example_branch_day_of_week_operator.py
[2024-08-12 22:54:23,725] {logging_mixin.py:115} INFO - [2024-08-12 22:54:23,725] {dag.py:2379} INFO - Sync 1 DAGs
[2024-08-12 22:54:23,742] {logging_mixin.py:115} INFO - [2024-08-12 22:54:23,742] {dag.py:2927} INFO - Setting next_dagrun for example_weekday_branch_operator to 2024-08-12T00:00:00+00:00, run_after=2024-08-13T00:00:00+00:00
[2024-08-12 22:54:23,758] {processor.py:161} INFO - Processing /home/kai/Documents/airflowalura/venv/lib/python3.9/site-packages/airflow/example_dags/example_branch_day_of_week_operator.py took 0.056 seconds
[2024-08-12 22:54:56,166] {processor.py:153} INFO - Started process (PID=11900) to work on /home/kai/Documents/airflowalura/venv/lib/python3.9/site-packages/airflow/example_dags/example_branch_day_of_week_operator.py
[2024-08-12 22:54:56,167] {processor.py:641} INFO - Processing file /home/kai/Documents/airflowalura/venv/lib/python3.9/site-packages/airflow/example_dags/example_branch_day_of_week_operator.py for tasks to queue
[2024-08-12 22:54:56,168] {logging_mixin.py:115} INFO - [2024-08-12 22:54:56,167] {dagbag.py:507} INFO - Filling up the DagBag from /home/kai/Documents/airflowalura/venv/lib/python3.9/site-packages/airflow/example_dags/example_branch_day_of_week_operator.py
[2024-08-12 22:54:56,174] {processor.py:651} INFO - DAG(s) dict_keys(['example_weekday_branch_operator']) retrieved from /home/kai/Documents/airflowalura/venv/lib/python3.9/site-packages/airflow/example_dags/example_branch_day_of_week_operator.py
[2024-08-12 22:54:56,186] {logging_mixin.py:115} INFO - [2024-08-12 22:54:56,186] {dag.py:2379} INFO - Sync 1 DAGs
[2024-08-12 22:54:56,201] {logging_mixin.py:115} INFO - [2024-08-12 22:54:56,201] {dag.py:2927} INFO - Setting next_dagrun for example_weekday_branch_operator to 2024-08-12T00:00:00+00:00, run_after=2024-08-13T00:00:00+00:00
[2024-08-12 22:54:56,210] {processor.py:161} INFO - Processing /home/kai/Documents/airflowalura/venv/lib/python3.9/site-packages/airflow/example_dags/example_branch_day_of_week_operator.py took 0.046 seconds
[2024-08-12 22:55:31,108] {processor.py:153} INFO - Started process (PID=12139) to work on /home/kai/Documents/airflowalura/venv/lib/python3.9/site-packages/airflow/example_dags/example_branch_day_of_week_operator.py
[2024-08-12 22:55:31,109] {processor.py:641} INFO - Processing file /home/kai/Documents/airflowalura/venv/lib/python3.9/site-packages/airflow/example_dags/example_branch_day_of_week_operator.py for tasks to queue
[2024-08-12 22:55:31,110] {logging_mixin.py:115} INFO - [2024-08-12 22:55:31,110] {dagbag.py:507} INFO - Filling up the DagBag from /home/kai/Documents/airflowalura/venv/lib/python3.9/site-packages/airflow/example_dags/example_branch_day_of_week_operator.py
[2024-08-12 22:55:31,116] {processor.py:651} INFO - DAG(s) dict_keys(['example_weekday_branch_operator']) retrieved from /home/kai/Documents/airflowalura/venv/lib/python3.9/site-packages/airflow/example_dags/example_branch_day_of_week_operator.py
[2024-08-12 22:55:31,131] {logging_mixin.py:115} INFO - [2024-08-12 22:55:31,131] {dag.py:2379} INFO - Sync 1 DAGs
[2024-08-12 22:55:31,145] {logging_mixin.py:115} INFO - [2024-08-12 22:55:31,145] {dag.py:2927} INFO - Setting next_dagrun for example_weekday_branch_operator to 2024-08-12T00:00:00+00:00, run_after=2024-08-13T00:00:00+00:00
[2024-08-12 22:55:31,154] {processor.py:161} INFO - Processing /home/kai/Documents/airflowalura/venv/lib/python3.9/site-packages/airflow/example_dags/example_branch_day_of_week_operator.py took 0.048 seconds
[2024-08-12 22:56:02,941] {processor.py:153} INFO - Started process (PID=12341) to work on /home/kai/Documents/airflowalura/venv/lib/python3.9/site-packages/airflow/example_dags/example_branch_day_of_week_operator.py
[2024-08-12 22:56:02,942] {processor.py:641} INFO - Processing file /home/kai/Documents/airflowalura/venv/lib/python3.9/site-packages/airflow/example_dags/example_branch_day_of_week_operator.py for tasks to queue
[2024-08-12 22:56:02,942] {logging_mixin.py:115} INFO - [2024-08-12 22:56:02,942] {dagbag.py:507} INFO - Filling up the DagBag from /home/kai/Documents/airflowalura/venv/lib/python3.9/site-packages/airflow/example_dags/example_branch_day_of_week_operator.py
[2024-08-12 22:56:02,950] {processor.py:651} INFO - DAG(s) dict_keys(['example_weekday_branch_operator']) retrieved from /home/kai/Documents/airflowalura/venv/lib/python3.9/site-packages/airflow/example_dags/example_branch_day_of_week_operator.py
[2024-08-12 22:56:02,964] {logging_mixin.py:115} INFO - [2024-08-12 22:56:02,964] {dag.py:2379} INFO - Sync 1 DAGs
[2024-08-12 22:56:02,978] {logging_mixin.py:115} INFO - [2024-08-12 22:56:02,978] {dag.py:2927} INFO - Setting next_dagrun for example_weekday_branch_operator to 2024-08-12T00:00:00+00:00, run_after=2024-08-13T00:00:00+00:00
[2024-08-12 22:56:02,987] {processor.py:161} INFO - Processing /home/kai/Documents/airflowalura/venv/lib/python3.9/site-packages/airflow/example_dags/example_branch_day_of_week_operator.py took 0.049 seconds
[2024-08-12 22:56:38,878] {processor.py:153} INFO - Started process (PID=12555) to work on /home/kai/Documents/airflowalura/venv/lib/python3.9/site-packages/airflow/example_dags/example_branch_day_of_week_operator.py
[2024-08-12 22:56:38,879] {processor.py:641} INFO - Processing file /home/kai/Documents/airflowalura/venv/lib/python3.9/site-packages/airflow/example_dags/example_branch_day_of_week_operator.py for tasks to queue
[2024-08-12 22:56:38,879] {logging_mixin.py:115} INFO - [2024-08-12 22:56:38,879] {dagbag.py:507} INFO - Filling up the DagBag from /home/kai/Documents/airflowalura/venv/lib/python3.9/site-packages/airflow/example_dags/example_branch_day_of_week_operator.py
[2024-08-12 22:56:38,886] {processor.py:651} INFO - DAG(s) dict_keys(['example_weekday_branch_operator']) retrieved from /home/kai/Documents/airflowalura/venv/lib/python3.9/site-packages/airflow/example_dags/example_branch_day_of_week_operator.py
[2024-08-12 22:56:38,900] {logging_mixin.py:115} INFO - [2024-08-12 22:56:38,900] {dag.py:2379} INFO - Sync 1 DAGs
[2024-08-12 22:56:38,914] {logging_mixin.py:115} INFO - [2024-08-12 22:56:38,914] {dag.py:2927} INFO - Setting next_dagrun for example_weekday_branch_operator to 2024-08-12T00:00:00+00:00, run_after=2024-08-13T00:00:00+00:00
[2024-08-12 22:56:38,924] {processor.py:161} INFO - Processing /home/kai/Documents/airflowalura/venv/lib/python3.9/site-packages/airflow/example_dags/example_branch_day_of_week_operator.py took 0.048 seconds
[2024-08-12 22:57:12,267] {processor.py:153} INFO - Started process (PID=12742) to work on /home/kai/Documents/airflowalura/venv/lib/python3.9/site-packages/airflow/example_dags/example_branch_day_of_week_operator.py
[2024-08-12 22:57:12,268] {processor.py:641} INFO - Processing file /home/kai/Documents/airflowalura/venv/lib/python3.9/site-packages/airflow/example_dags/example_branch_day_of_week_operator.py for tasks to queue
[2024-08-12 22:57:12,268] {logging_mixin.py:115} INFO - [2024-08-12 22:57:12,268] {dagbag.py:507} INFO - Filling up the DagBag from /home/kai/Documents/airflowalura/venv/lib/python3.9/site-packages/airflow/example_dags/example_branch_day_of_week_operator.py
[2024-08-12 22:57:12,276] {processor.py:651} INFO - DAG(s) dict_keys(['example_weekday_branch_operator']) retrieved from /home/kai/Documents/airflowalura/venv/lib/python3.9/site-packages/airflow/example_dags/example_branch_day_of_week_operator.py
[2024-08-12 22:57:12,292] {logging_mixin.py:115} INFO - [2024-08-12 22:57:12,292] {dag.py:2379} INFO - Sync 1 DAGs
[2024-08-12 22:57:12,306] {logging_mixin.py:115} INFO - [2024-08-12 22:57:12,306] {dag.py:2927} INFO - Setting next_dagrun for example_weekday_branch_operator to 2024-08-12T00:00:00+00:00, run_after=2024-08-13T00:00:00+00:00
[2024-08-12 22:57:12,315] {processor.py:161} INFO - Processing /home/kai/Documents/airflowalura/venv/lib/python3.9/site-packages/airflow/example_dags/example_branch_day_of_week_operator.py took 0.051 seconds
[2024-08-12 22:57:46,741] {processor.py:153} INFO - Started process (PID=12928) to work on /home/kai/Documents/airflowalura/venv/lib/python3.9/site-packages/airflow/example_dags/example_branch_day_of_week_operator.py
[2024-08-12 22:57:46,741] {processor.py:641} INFO - Processing file /home/kai/Documents/airflowalura/venv/lib/python3.9/site-packages/airflow/example_dags/example_branch_day_of_week_operator.py for tasks to queue
[2024-08-12 22:57:46,742] {logging_mixin.py:115} INFO - [2024-08-12 22:57:46,742] {dagbag.py:507} INFO - Filling up the DagBag from /home/kai/Documents/airflowalura/venv/lib/python3.9/site-packages/airflow/example_dags/example_branch_day_of_week_operator.py
[2024-08-12 22:57:46,749] {processor.py:651} INFO - DAG(s) dict_keys(['example_weekday_branch_operator']) retrieved from /home/kai/Documents/airflowalura/venv/lib/python3.9/site-packages/airflow/example_dags/example_branch_day_of_week_operator.py
[2024-08-12 22:57:46,763] {logging_mixin.py:115} INFO - [2024-08-12 22:57:46,763] {dag.py:2379} INFO - Sync 1 DAGs
[2024-08-12 22:57:46,777] {logging_mixin.py:115} INFO - [2024-08-12 22:57:46,777] {dag.py:2927} INFO - Setting next_dagrun for example_weekday_branch_operator to 2024-08-12T00:00:00+00:00, run_after=2024-08-13T00:00:00+00:00
[2024-08-12 22:57:46,786] {processor.py:161} INFO - Processing /home/kai/Documents/airflowalura/venv/lib/python3.9/site-packages/airflow/example_dags/example_branch_day_of_week_operator.py took 0.048 seconds
[2024-08-12 22:58:24,226] {processor.py:153} INFO - Started process (PID=13130) to work on /home/kai/Documents/airflowalura/venv/lib/python3.9/site-packages/airflow/example_dags/example_branch_day_of_week_operator.py
[2024-08-12 22:58:24,227] {processor.py:641} INFO - Processing file /home/kai/Documents/airflowalura/venv/lib/python3.9/site-packages/airflow/example_dags/example_branch_day_of_week_operator.py for tasks to queue
[2024-08-12 22:58:24,227] {logging_mixin.py:115} INFO - [2024-08-12 22:58:24,227] {dagbag.py:507} INFO - Filling up the DagBag from /home/kai/Documents/airflowalura/venv/lib/python3.9/site-packages/airflow/example_dags/example_branch_day_of_week_operator.py
[2024-08-12 22:58:24,234] {processor.py:651} INFO - DAG(s) dict_keys(['example_weekday_branch_operator']) retrieved from /home/kai/Documents/airflowalura/venv/lib/python3.9/site-packages/airflow/example_dags/example_branch_day_of_week_operator.py
[2024-08-12 22:58:24,250] {logging_mixin.py:115} INFO - [2024-08-12 22:58:24,250] {dag.py:2379} INFO - Sync 1 DAGs
[2024-08-12 22:58:24,267] {logging_mixin.py:115} INFO - [2024-08-12 22:58:24,267] {dag.py:2927} INFO - Setting next_dagrun for example_weekday_branch_operator to 2024-08-12T00:00:00+00:00, run_after=2024-08-13T00:00:00+00:00
[2024-08-12 22:58:24,279] {processor.py:161} INFO - Processing /home/kai/Documents/airflowalura/venv/lib/python3.9/site-packages/airflow/example_dags/example_branch_day_of_week_operator.py took 0.056 seconds
[2024-08-12 22:58:56,675] {processor.py:153} INFO - Started process (PID=13314) to work on /home/kai/Documents/airflowalura/venv/lib/python3.9/site-packages/airflow/example_dags/example_branch_day_of_week_operator.py
[2024-08-12 22:58:56,675] {processor.py:641} INFO - Processing file /home/kai/Documents/airflowalura/venv/lib/python3.9/site-packages/airflow/example_dags/example_branch_day_of_week_operator.py for tasks to queue
[2024-08-12 22:58:56,676] {logging_mixin.py:115} INFO - [2024-08-12 22:58:56,676] {dagbag.py:507} INFO - Filling up the DagBag from /home/kai/Documents/airflowalura/venv/lib/python3.9/site-packages/airflow/example_dags/example_branch_day_of_week_operator.py
[2024-08-12 22:58:56,683] {processor.py:651} INFO - DAG(s) dict_keys(['example_weekday_branch_operator']) retrieved from /home/kai/Documents/airflowalura/venv/lib/python3.9/site-packages/airflow/example_dags/example_branch_day_of_week_operator.py
[2024-08-12 22:58:56,698] {logging_mixin.py:115} INFO - [2024-08-12 22:58:56,697] {dag.py:2379} INFO - Sync 1 DAGs
[2024-08-12 22:58:56,712] {logging_mixin.py:115} INFO - [2024-08-12 22:58:56,712] {dag.py:2927} INFO - Setting next_dagrun for example_weekday_branch_operator to 2024-08-12T00:00:00+00:00, run_after=2024-08-13T00:00:00+00:00
[2024-08-12 22:58:56,721] {processor.py:161} INFO - Processing /home/kai/Documents/airflowalura/venv/lib/python3.9/site-packages/airflow/example_dags/example_branch_day_of_week_operator.py took 0.049 seconds
[2024-08-12 22:59:29,369] {processor.py:153} INFO - Started process (PID=13494) to work on /home/kai/Documents/airflowalura/venv/lib/python3.9/site-packages/airflow/example_dags/example_branch_day_of_week_operator.py
[2024-08-12 22:59:29,370] {processor.py:641} INFO - Processing file /home/kai/Documents/airflowalura/venv/lib/python3.9/site-packages/airflow/example_dags/example_branch_day_of_week_operator.py for tasks to queue
[2024-08-12 22:59:29,370] {logging_mixin.py:115} INFO - [2024-08-12 22:59:29,370] {dagbag.py:507} INFO - Filling up the DagBag from /home/kai/Documents/airflowalura/venv/lib/python3.9/site-packages/airflow/example_dags/example_branch_day_of_week_operator.py
[2024-08-12 22:59:29,377] {processor.py:651} INFO - DAG(s) dict_keys(['example_weekday_branch_operator']) retrieved from /home/kai/Documents/airflowalura/venv/lib/python3.9/site-packages/airflow/example_dags/example_branch_day_of_week_operator.py
[2024-08-12 22:59:29,391] {logging_mixin.py:115} INFO - [2024-08-12 22:59:29,391] {dag.py:2379} INFO - Sync 1 DAGs
[2024-08-12 22:59:29,404] {logging_mixin.py:115} INFO - [2024-08-12 22:59:29,404] {dag.py:2927} INFO - Setting next_dagrun for example_weekday_branch_operator to 2024-08-12T00:00:00+00:00, run_after=2024-08-13T00:00:00+00:00
[2024-08-12 22:59:29,413] {processor.py:161} INFO - Processing /home/kai/Documents/airflowalura/venv/lib/python3.9/site-packages/airflow/example_dags/example_branch_day_of_week_operator.py took 0.047 seconds
[2024-08-12 23:00:07,593] {processor.py:153} INFO - Started process (PID=13717) to work on /home/kai/Documents/airflowalura/venv/lib/python3.9/site-packages/airflow/example_dags/example_branch_day_of_week_operator.py
[2024-08-12 23:00:07,594] {processor.py:641} INFO - Processing file /home/kai/Documents/airflowalura/venv/lib/python3.9/site-packages/airflow/example_dags/example_branch_day_of_week_operator.py for tasks to queue
[2024-08-12 23:00:07,594] {logging_mixin.py:115} INFO - [2024-08-12 23:00:07,594] {dagbag.py:507} INFO - Filling up the DagBag from /home/kai/Documents/airflowalura/venv/lib/python3.9/site-packages/airflow/example_dags/example_branch_day_of_week_operator.py
[2024-08-12 23:00:07,601] {processor.py:651} INFO - DAG(s) dict_keys(['example_weekday_branch_operator']) retrieved from /home/kai/Documents/airflowalura/venv/lib/python3.9/site-packages/airflow/example_dags/example_branch_day_of_week_operator.py
[2024-08-12 23:00:07,615] {logging_mixin.py:115} INFO - [2024-08-12 23:00:07,615] {dag.py:2379} INFO - Sync 1 DAGs
[2024-08-12 23:00:07,629] {logging_mixin.py:115} INFO - [2024-08-12 23:00:07,629] {dag.py:2927} INFO - Setting next_dagrun for example_weekday_branch_operator to 2024-08-12T00:00:00+00:00, run_after=2024-08-13T00:00:00+00:00
[2024-08-12 23:00:07,638] {processor.py:161} INFO - Processing /home/kai/Documents/airflowalura/venv/lib/python3.9/site-packages/airflow/example_dags/example_branch_day_of_week_operator.py took 0.047 seconds
[2024-08-12 23:00:41,119] {processor.py:153} INFO - Started process (PID=13959) to work on /home/kai/Documents/airflowalura/venv/lib/python3.9/site-packages/airflow/example_dags/example_branch_day_of_week_operator.py
[2024-08-12 23:00:41,119] {processor.py:641} INFO - Processing file /home/kai/Documents/airflowalura/venv/lib/python3.9/site-packages/airflow/example_dags/example_branch_day_of_week_operator.py for tasks to queue
[2024-08-12 23:00:41,120] {logging_mixin.py:115} INFO - [2024-08-12 23:00:41,120] {dagbag.py:507} INFO - Filling up the DagBag from /home/kai/Documents/airflowalura/venv/lib/python3.9/site-packages/airflow/example_dags/example_branch_day_of_week_operator.py
[2024-08-12 23:00:41,126] {processor.py:651} INFO - DAG(s) dict_keys(['example_weekday_branch_operator']) retrieved from /home/kai/Documents/airflowalura/venv/lib/python3.9/site-packages/airflow/example_dags/example_branch_day_of_week_operator.py
[2024-08-12 23:00:41,141] {logging_mixin.py:115} INFO - [2024-08-12 23:00:41,141] {dag.py:2379} INFO - Sync 1 DAGs
[2024-08-12 23:00:41,154] {logging_mixin.py:115} INFO - [2024-08-12 23:00:41,154] {dag.py:2927} INFO - Setting next_dagrun for example_weekday_branch_operator to 2024-08-12T00:00:00+00:00, run_after=2024-08-13T00:00:00+00:00
[2024-08-12 23:00:41,164] {processor.py:161} INFO - Processing /home/kai/Documents/airflowalura/venv/lib/python3.9/site-packages/airflow/example_dags/example_branch_day_of_week_operator.py took 0.048 seconds
[2024-08-12 23:01:15,037] {processor.py:153} INFO - Started process (PID=14156) to work on /home/kai/Documents/airflowalura/venv/lib/python3.9/site-packages/airflow/example_dags/example_branch_day_of_week_operator.py
[2024-08-12 23:01:15,037] {processor.py:641} INFO - Processing file /home/kai/Documents/airflowalura/venv/lib/python3.9/site-packages/airflow/example_dags/example_branch_day_of_week_operator.py for tasks to queue
[2024-08-12 23:01:15,038] {logging_mixin.py:115} INFO - [2024-08-12 23:01:15,038] {dagbag.py:507} INFO - Filling up the DagBag from /home/kai/Documents/airflowalura/venv/lib/python3.9/site-packages/airflow/example_dags/example_branch_day_of_week_operator.py
[2024-08-12 23:01:15,044] {processor.py:651} INFO - DAG(s) dict_keys(['example_weekday_branch_operator']) retrieved from /home/kai/Documents/airflowalura/venv/lib/python3.9/site-packages/airflow/example_dags/example_branch_day_of_week_operator.py
[2024-08-12 23:01:15,058] {logging_mixin.py:115} INFO - [2024-08-12 23:01:15,058] {dag.py:2379} INFO - Sync 1 DAGs
[2024-08-12 23:01:15,071] {logging_mixin.py:115} INFO - [2024-08-12 23:01:15,071] {dag.py:2927} INFO - Setting next_dagrun for example_weekday_branch_operator to 2024-08-12T00:00:00+00:00, run_after=2024-08-13T00:00:00+00:00
[2024-08-12 23:01:15,082] {processor.py:161} INFO - Processing /home/kai/Documents/airflowalura/venv/lib/python3.9/site-packages/airflow/example_dags/example_branch_day_of_week_operator.py took 0.048 seconds
[2024-08-12 23:01:51,818] {processor.py:153} INFO - Started process (PID=14360) to work on /home/kai/Documents/airflowalura/venv/lib/python3.9/site-packages/airflow/example_dags/example_branch_day_of_week_operator.py
[2024-08-12 23:01:51,818] {processor.py:641} INFO - Processing file /home/kai/Documents/airflowalura/venv/lib/python3.9/site-packages/airflow/example_dags/example_branch_day_of_week_operator.py for tasks to queue
[2024-08-12 23:01:51,819] {logging_mixin.py:115} INFO - [2024-08-12 23:01:51,819] {dagbag.py:507} INFO - Filling up the DagBag from /home/kai/Documents/airflowalura/venv/lib/python3.9/site-packages/airflow/example_dags/example_branch_day_of_week_operator.py
[2024-08-12 23:01:51,825] {processor.py:651} INFO - DAG(s) dict_keys(['example_weekday_branch_operator']) retrieved from /home/kai/Documents/airflowalura/venv/lib/python3.9/site-packages/airflow/example_dags/example_branch_day_of_week_operator.py
[2024-08-12 23:01:51,840] {logging_mixin.py:115} INFO - [2024-08-12 23:01:51,840] {dag.py:2379} INFO - Sync 1 DAGs
[2024-08-12 23:01:51,856] {logging_mixin.py:115} INFO - [2024-08-12 23:01:51,856] {dag.py:2927} INFO - Setting next_dagrun for example_weekday_branch_operator to 2024-08-12T00:00:00+00:00, run_after=2024-08-13T00:00:00+00:00
[2024-08-12 23:01:51,866] {processor.py:161} INFO - Processing /home/kai/Documents/airflowalura/venv/lib/python3.9/site-packages/airflow/example_dags/example_branch_day_of_week_operator.py took 0.050 seconds
[2024-08-12 23:02:25,941] {processor.py:153} INFO - Started process (PID=14547) to work on /home/kai/Documents/airflowalura/venv/lib/python3.9/site-packages/airflow/example_dags/example_branch_day_of_week_operator.py
[2024-08-12 23:02:25,942] {processor.py:641} INFO - Processing file /home/kai/Documents/airflowalura/venv/lib/python3.9/site-packages/airflow/example_dags/example_branch_day_of_week_operator.py for tasks to queue
[2024-08-12 23:02:25,942] {logging_mixin.py:115} INFO - [2024-08-12 23:02:25,942] {dagbag.py:507} INFO - Filling up the DagBag from /home/kai/Documents/airflowalura/venv/lib/python3.9/site-packages/airflow/example_dags/example_branch_day_of_week_operator.py
[2024-08-12 23:02:25,948] {processor.py:651} INFO - DAG(s) dict_keys(['example_weekday_branch_operator']) retrieved from /home/kai/Documents/airflowalura/venv/lib/python3.9/site-packages/airflow/example_dags/example_branch_day_of_week_operator.py
[2024-08-12 23:02:25,964] {logging_mixin.py:115} INFO - [2024-08-12 23:02:25,964] {dag.py:2379} INFO - Sync 1 DAGs
[2024-08-12 23:02:25,979] {logging_mixin.py:115} INFO - [2024-08-12 23:02:25,979] {dag.py:2927} INFO - Setting next_dagrun for example_weekday_branch_operator to 2024-08-12T00:00:00+00:00, run_after=2024-08-13T00:00:00+00:00
[2024-08-12 23:02:25,987] {processor.py:161} INFO - Processing /home/kai/Documents/airflowalura/venv/lib/python3.9/site-packages/airflow/example_dags/example_branch_day_of_week_operator.py took 0.049 seconds
[2024-08-12 23:03:04,823] {processor.py:153} INFO - Started process (PID=14779) to work on /home/kai/Documents/airflowalura/venv/lib/python3.9/site-packages/airflow/example_dags/example_branch_day_of_week_operator.py
[2024-08-12 23:03:04,824] {processor.py:641} INFO - Processing file /home/kai/Documents/airflowalura/venv/lib/python3.9/site-packages/airflow/example_dags/example_branch_day_of_week_operator.py for tasks to queue
[2024-08-12 23:03:04,824] {logging_mixin.py:115} INFO - [2024-08-12 23:03:04,824] {dagbag.py:507} INFO - Filling up the DagBag from /home/kai/Documents/airflowalura/venv/lib/python3.9/site-packages/airflow/example_dags/example_branch_day_of_week_operator.py
[2024-08-12 23:03:04,831] {processor.py:651} INFO - DAG(s) dict_keys(['example_weekday_branch_operator']) retrieved from /home/kai/Documents/airflowalura/venv/lib/python3.9/site-packages/airflow/example_dags/example_branch_day_of_week_operator.py
[2024-08-12 23:03:04,845] {logging_mixin.py:115} INFO - [2024-08-12 23:03:04,844] {dag.py:2379} INFO - Sync 1 DAGs
[2024-08-12 23:03:04,858] {logging_mixin.py:115} INFO - [2024-08-12 23:03:04,858] {dag.py:2927} INFO - Setting next_dagrun for example_weekday_branch_operator to 2024-08-12T00:00:00+00:00, run_after=2024-08-13T00:00:00+00:00
[2024-08-12 23:03:04,867] {processor.py:161} INFO - Processing /home/kai/Documents/airflowalura/venv/lib/python3.9/site-packages/airflow/example_dags/example_branch_day_of_week_operator.py took 0.047 seconds
[2024-08-12 23:03:39,376] {processor.py:153} INFO - Started process (PID=14968) to work on /home/kai/Documents/airflowalura/venv/lib/python3.9/site-packages/airflow/example_dags/example_branch_day_of_week_operator.py
[2024-08-12 23:03:39,377] {processor.py:641} INFO - Processing file /home/kai/Documents/airflowalura/venv/lib/python3.9/site-packages/airflow/example_dags/example_branch_day_of_week_operator.py for tasks to queue
[2024-08-12 23:03:39,377] {logging_mixin.py:115} INFO - [2024-08-12 23:03:39,377] {dagbag.py:507} INFO - Filling up the DagBag from /home/kai/Documents/airflowalura/venv/lib/python3.9/site-packages/airflow/example_dags/example_branch_day_of_week_operator.py
[2024-08-12 23:03:39,383] {processor.py:651} INFO - DAG(s) dict_keys(['example_weekday_branch_operator']) retrieved from /home/kai/Documents/airflowalura/venv/lib/python3.9/site-packages/airflow/example_dags/example_branch_day_of_week_operator.py
[2024-08-12 23:03:39,398] {logging_mixin.py:115} INFO - [2024-08-12 23:03:39,397] {dag.py:2379} INFO - Sync 1 DAGs
[2024-08-12 23:03:39,411] {logging_mixin.py:115} INFO - [2024-08-12 23:03:39,411] {dag.py:2927} INFO - Setting next_dagrun for example_weekday_branch_operator to 2024-08-12T00:00:00+00:00, run_after=2024-08-13T00:00:00+00:00
[2024-08-12 23:03:39,421] {processor.py:161} INFO - Processing /home/kai/Documents/airflowalura/venv/lib/python3.9/site-packages/airflow/example_dags/example_branch_day_of_week_operator.py took 0.047 seconds
[2024-08-12 23:04:14,149] {processor.py:153} INFO - Started process (PID=15176) to work on /home/kai/Documents/airflowalura/venv/lib/python3.9/site-packages/airflow/example_dags/example_branch_day_of_week_operator.py
[2024-08-12 23:04:14,150] {processor.py:641} INFO - Processing file /home/kai/Documents/airflowalura/venv/lib/python3.9/site-packages/airflow/example_dags/example_branch_day_of_week_operator.py for tasks to queue
[2024-08-12 23:04:14,150] {logging_mixin.py:115} INFO - [2024-08-12 23:04:14,150] {dagbag.py:507} INFO - Filling up the DagBag from /home/kai/Documents/airflowalura/venv/lib/python3.9/site-packages/airflow/example_dags/example_branch_day_of_week_operator.py
[2024-08-12 23:04:14,156] {processor.py:651} INFO - DAG(s) dict_keys(['example_weekday_branch_operator']) retrieved from /home/kai/Documents/airflowalura/venv/lib/python3.9/site-packages/airflow/example_dags/example_branch_day_of_week_operator.py
[2024-08-12 23:04:14,171] {logging_mixin.py:115} INFO - [2024-08-12 23:04:14,171] {dag.py:2379} INFO - Sync 1 DAGs
[2024-08-12 23:04:14,185] {logging_mixin.py:115} INFO - [2024-08-12 23:04:14,185] {dag.py:2927} INFO - Setting next_dagrun for example_weekday_branch_operator to 2024-08-12T00:00:00+00:00, run_after=2024-08-13T00:00:00+00:00
[2024-08-12 23:04:14,194] {processor.py:161} INFO - Processing /home/kai/Documents/airflowalura/venv/lib/python3.9/site-packages/airflow/example_dags/example_branch_day_of_week_operator.py took 0.047 seconds
[2024-08-12 23:04:48,820] {processor.py:153} INFO - Started process (PID=15367) to work on /home/kai/Documents/airflowalura/venv/lib/python3.9/site-packages/airflow/example_dags/example_branch_day_of_week_operator.py
[2024-08-12 23:04:48,821] {processor.py:641} INFO - Processing file /home/kai/Documents/airflowalura/venv/lib/python3.9/site-packages/airflow/example_dags/example_branch_day_of_week_operator.py for tasks to queue
[2024-08-12 23:04:48,821] {logging_mixin.py:115} INFO - [2024-08-12 23:04:48,821] {dagbag.py:507} INFO - Filling up the DagBag from /home/kai/Documents/airflowalura/venv/lib/python3.9/site-packages/airflow/example_dags/example_branch_day_of_week_operator.py
[2024-08-12 23:04:48,828] {processor.py:651} INFO - DAG(s) dict_keys(['example_weekday_branch_operator']) retrieved from /home/kai/Documents/airflowalura/venv/lib/python3.9/site-packages/airflow/example_dags/example_branch_day_of_week_operator.py
[2024-08-12 23:04:48,847] {logging_mixin.py:115} INFO - [2024-08-12 23:04:48,847] {dag.py:2379} INFO - Sync 1 DAGs
[2024-08-12 23:04:48,861] {logging_mixin.py:115} INFO - [2024-08-12 23:04:48,861] {dag.py:2927} INFO - Setting next_dagrun for example_weekday_branch_operator to 2024-08-12T00:00:00+00:00, run_after=2024-08-13T00:00:00+00:00
[2024-08-12 23:04:48,872] {processor.py:161} INFO - Processing /home/kai/Documents/airflowalura/venv/lib/python3.9/site-packages/airflow/example_dags/example_branch_day_of_week_operator.py took 0.055 seconds
[2024-08-12 23:05:21,416] {processor.py:153} INFO - Started process (PID=15614) to work on /home/kai/Documents/airflowalura/venv/lib/python3.9/site-packages/airflow/example_dags/example_branch_day_of_week_operator.py
[2024-08-12 23:05:21,417] {processor.py:641} INFO - Processing file /home/kai/Documents/airflowalura/venv/lib/python3.9/site-packages/airflow/example_dags/example_branch_day_of_week_operator.py for tasks to queue
[2024-08-12 23:05:21,417] {logging_mixin.py:115} INFO - [2024-08-12 23:05:21,417] {dagbag.py:507} INFO - Filling up the DagBag from /home/kai/Documents/airflowalura/venv/lib/python3.9/site-packages/airflow/example_dags/example_branch_day_of_week_operator.py
[2024-08-12 23:05:21,427] {processor.py:651} INFO - DAG(s) dict_keys(['example_weekday_branch_operator']) retrieved from /home/kai/Documents/airflowalura/venv/lib/python3.9/site-packages/airflow/example_dags/example_branch_day_of_week_operator.py
[2024-08-12 23:05:21,440] {logging_mixin.py:115} INFO - [2024-08-12 23:05:21,440] {dag.py:2379} INFO - Sync 1 DAGs
[2024-08-12 23:05:21,460] {logging_mixin.py:115} INFO - [2024-08-12 23:05:21,459] {dag.py:2927} INFO - Setting next_dagrun for example_weekday_branch_operator to 2024-08-12T00:00:00+00:00, run_after=2024-08-13T00:00:00+00:00
[2024-08-12 23:05:21,469] {processor.py:161} INFO - Processing /home/kai/Documents/airflowalura/venv/lib/python3.9/site-packages/airflow/example_dags/example_branch_day_of_week_operator.py took 0.056 seconds
[2024-08-12 23:05:53,972] {processor.py:153} INFO - Started process (PID=15801) to work on /home/kai/Documents/airflowalura/venv/lib/python3.9/site-packages/airflow/example_dags/example_branch_day_of_week_operator.py
[2024-08-12 23:05:53,972] {processor.py:641} INFO - Processing file /home/kai/Documents/airflowalura/venv/lib/python3.9/site-packages/airflow/example_dags/example_branch_day_of_week_operator.py for tasks to queue
[2024-08-12 23:05:53,973] {logging_mixin.py:115} INFO - [2024-08-12 23:05:53,973] {dagbag.py:507} INFO - Filling up the DagBag from /home/kai/Documents/airflowalura/venv/lib/python3.9/site-packages/airflow/example_dags/example_branch_day_of_week_operator.py
[2024-08-12 23:05:53,982] {processor.py:651} INFO - DAG(s) dict_keys(['example_weekday_branch_operator']) retrieved from /home/kai/Documents/airflowalura/venv/lib/python3.9/site-packages/airflow/example_dags/example_branch_day_of_week_operator.py
[2024-08-12 23:05:53,994] {logging_mixin.py:115} INFO - [2024-08-12 23:05:53,994] {dag.py:2379} INFO - Sync 1 DAGs
[2024-08-12 23:05:54,008] {logging_mixin.py:115} INFO - [2024-08-12 23:05:54,008] {dag.py:2927} INFO - Setting next_dagrun for example_weekday_branch_operator to 2024-08-12T00:00:00+00:00, run_after=2024-08-13T00:00:00+00:00
[2024-08-12 23:05:54,016] {processor.py:161} INFO - Processing /home/kai/Documents/airflowalura/venv/lib/python3.9/site-packages/airflow/example_dags/example_branch_day_of_week_operator.py took 0.047 seconds
