[2024-08-12 22:18:06,576] {processor.py:153} INFO - Started process (PID=35554) to work on /home/kai/Documents/airflowalura/venv/lib/python3.9/site-packages/airflow/example_dags/example_dag_decorator.py
[2024-08-12 22:18:06,576] {processor.py:641} INFO - Processing file /home/kai/Documents/airflowalura/venv/lib/python3.9/site-packages/airflow/example_dags/example_dag_decorator.py for tasks to queue
[2024-08-12 22:18:06,577] {logging_mixin.py:115} INFO - [2024-08-12 22:18:06,577] {dagbag.py:507} INFO - Filling up the DagBag from /home/kai/Documents/airflowalura/venv/lib/python3.9/site-packages/airflow/example_dags/example_dag_decorator.py
[2024-08-12 22:18:06,602] {processor.py:651} INFO - DAG(s) dict_keys(['example_dag_decorator']) retrieved from /home/kai/Documents/airflowalura/venv/lib/python3.9/site-packages/airflow/example_dags/example_dag_decorator.py
[2024-08-12 22:18:06,642] {logging_mixin.py:115} INFO - [2024-08-12 22:18:06,642] {dag.py:2379} INFO - Sync 1 DAGs
[2024-08-12 22:18:06,659] {logging_mixin.py:115} INFO - [2024-08-12 22:18:06,659] {dag.py:2927} INFO - Setting next_dagrun for example_dag_decorator to None, run_after=None
[2024-08-12 22:18:06,677] {processor.py:161} INFO - Processing /home/kai/Documents/airflowalura/venv/lib/python3.9/site-packages/airflow/example_dags/example_dag_decorator.py took 0.105 seconds
[2024-08-12 22:18:49,337] {processor.py:153} INFO - Started process (PID=36270) to work on /home/kai/Documents/airflowalura/venv/lib/python3.9/site-packages/airflow/example_dags/example_dag_decorator.py
[2024-08-12 22:18:49,338] {processor.py:641} INFO - Processing file /home/kai/Documents/airflowalura/venv/lib/python3.9/site-packages/airflow/example_dags/example_dag_decorator.py for tasks to queue
[2024-08-12 22:18:49,339] {logging_mixin.py:115} INFO - [2024-08-12 22:18:49,339] {dagbag.py:507} INFO - Filling up the DagBag from /home/kai/Documents/airflowalura/venv/lib/python3.9/site-packages/airflow/example_dags/example_dag_decorator.py
[2024-08-12 22:18:49,357] {processor.py:651} INFO - DAG(s) dict_keys(['example_dag_decorator']) retrieved from /home/kai/Documents/airflowalura/venv/lib/python3.9/site-packages/airflow/example_dags/example_dag_decorator.py
[2024-08-12 22:18:49,392] {logging_mixin.py:115} INFO - [2024-08-12 22:18:49,392] {dag.py:2379} INFO - Sync 1 DAGs
[2024-08-12 22:18:49,403] {logging_mixin.py:115} INFO - [2024-08-12 22:18:49,403] {dag.py:2927} INFO - Setting next_dagrun for example_dag_decorator to None, run_after=None
[2024-08-12 22:18:49,412] {processor.py:161} INFO - Processing /home/kai/Documents/airflowalura/venv/lib/python3.9/site-packages/airflow/example_dags/example_dag_decorator.py took 0.077 seconds
[2024-08-12 22:19:23,030] {processor.py:153} INFO - Started process (PID=36484) to work on /home/kai/Documents/airflowalura/venv/lib/python3.9/site-packages/airflow/example_dags/example_dag_decorator.py
[2024-08-12 22:19:23,030] {processor.py:641} INFO - Processing file /home/kai/Documents/airflowalura/venv/lib/python3.9/site-packages/airflow/example_dags/example_dag_decorator.py for tasks to queue
[2024-08-12 22:19:23,031] {logging_mixin.py:115} INFO - [2024-08-12 22:19:23,031] {dagbag.py:507} INFO - Filling up the DagBag from /home/kai/Documents/airflowalura/venv/lib/python3.9/site-packages/airflow/example_dags/example_dag_decorator.py
[2024-08-12 22:19:23,051] {processor.py:651} INFO - DAG(s) dict_keys(['example_dag_decorator']) retrieved from /home/kai/Documents/airflowalura/venv/lib/python3.9/site-packages/airflow/example_dags/example_dag_decorator.py
[2024-08-12 22:19:23,066] {logging_mixin.py:115} INFO - [2024-08-12 22:19:23,066] {dag.py:2379} INFO - Sync 1 DAGs
[2024-08-12 22:19:23,078] {logging_mixin.py:115} INFO - [2024-08-12 22:19:23,078] {dag.py:2927} INFO - Setting next_dagrun for example_dag_decorator to None, run_after=None
[2024-08-12 22:19:23,086] {processor.py:161} INFO - Processing /home/kai/Documents/airflowalura/venv/lib/python3.9/site-packages/airflow/example_dags/example_dag_decorator.py took 0.060 seconds
[2024-08-12 22:19:55,994] {processor.py:153} INFO - Started process (PID=36691) to work on /home/kai/Documents/airflowalura/venv/lib/python3.9/site-packages/airflow/example_dags/example_dag_decorator.py
[2024-08-12 22:19:55,995] {processor.py:641} INFO - Processing file /home/kai/Documents/airflowalura/venv/lib/python3.9/site-packages/airflow/example_dags/example_dag_decorator.py for tasks to queue
[2024-08-12 22:19:55,995] {logging_mixin.py:115} INFO - [2024-08-12 22:19:55,995] {dagbag.py:507} INFO - Filling up the DagBag from /home/kai/Documents/airflowalura/venv/lib/python3.9/site-packages/airflow/example_dags/example_dag_decorator.py
[2024-08-12 22:19:56,018] {processor.py:651} INFO - DAG(s) dict_keys(['example_dag_decorator']) retrieved from /home/kai/Documents/airflowalura/venv/lib/python3.9/site-packages/airflow/example_dags/example_dag_decorator.py
[2024-08-12 22:19:56,055] {logging_mixin.py:115} INFO - [2024-08-12 22:19:56,055] {dag.py:2379} INFO - Sync 1 DAGs
[2024-08-12 22:19:56,066] {logging_mixin.py:115} INFO - [2024-08-12 22:19:56,066] {dag.py:2927} INFO - Setting next_dagrun for example_dag_decorator to None, run_after=None
[2024-08-12 22:19:56,076] {processor.py:161} INFO - Processing /home/kai/Documents/airflowalura/venv/lib/python3.9/site-packages/airflow/example_dags/example_dag_decorator.py took 0.084 seconds
[2024-08-12 22:20:29,787] {processor.py:153} INFO - Started process (PID=36917) to work on /home/kai/Documents/airflowalura/venv/lib/python3.9/site-packages/airflow/example_dags/example_dag_decorator.py
[2024-08-12 22:20:29,787] {processor.py:641} INFO - Processing file /home/kai/Documents/airflowalura/venv/lib/python3.9/site-packages/airflow/example_dags/example_dag_decorator.py for tasks to queue
[2024-08-12 22:20:29,788] {logging_mixin.py:115} INFO - [2024-08-12 22:20:29,788] {dagbag.py:507} INFO - Filling up the DagBag from /home/kai/Documents/airflowalura/venv/lib/python3.9/site-packages/airflow/example_dags/example_dag_decorator.py
[2024-08-12 22:20:29,808] {processor.py:651} INFO - DAG(s) dict_keys(['example_dag_decorator']) retrieved from /home/kai/Documents/airflowalura/venv/lib/python3.9/site-packages/airflow/example_dags/example_dag_decorator.py
[2024-08-12 22:20:29,843] {logging_mixin.py:115} INFO - [2024-08-12 22:20:29,843] {dag.py:2379} INFO - Sync 1 DAGs
[2024-08-12 22:20:29,854] {logging_mixin.py:115} INFO - [2024-08-12 22:20:29,854] {dag.py:2927} INFO - Setting next_dagrun for example_dag_decorator to None, run_after=None
[2024-08-12 22:20:29,863] {processor.py:161} INFO - Processing /home/kai/Documents/airflowalura/venv/lib/python3.9/site-packages/airflow/example_dags/example_dag_decorator.py took 0.079 seconds
[2024-08-12 22:21:05,761] {processor.py:153} INFO - Started process (PID=37140) to work on /home/kai/Documents/airflowalura/venv/lib/python3.9/site-packages/airflow/example_dags/example_dag_decorator.py
[2024-08-12 22:21:05,762] {processor.py:641} INFO - Processing file /home/kai/Documents/airflowalura/venv/lib/python3.9/site-packages/airflow/example_dags/example_dag_decorator.py for tasks to queue
[2024-08-12 22:21:05,762] {logging_mixin.py:115} INFO - [2024-08-12 22:21:05,762] {dagbag.py:507} INFO - Filling up the DagBag from /home/kai/Documents/airflowalura/venv/lib/python3.9/site-packages/airflow/example_dags/example_dag_decorator.py
[2024-08-12 22:21:05,786] {processor.py:651} INFO - DAG(s) dict_keys(['example_dag_decorator']) retrieved from /home/kai/Documents/airflowalura/venv/lib/python3.9/site-packages/airflow/example_dags/example_dag_decorator.py
[2024-08-12 22:21:05,832] {logging_mixin.py:115} INFO - [2024-08-12 22:21:05,832] {dag.py:2379} INFO - Sync 1 DAGs
[2024-08-12 22:21:05,849] {logging_mixin.py:115} INFO - [2024-08-12 22:21:05,849] {dag.py:2927} INFO - Setting next_dagrun for example_dag_decorator to None, run_after=None
[2024-08-12 22:21:05,862] {processor.py:161} INFO - Processing /home/kai/Documents/airflowalura/venv/lib/python3.9/site-packages/airflow/example_dags/example_dag_decorator.py took 0.104 seconds
[2024-08-12 22:21:40,516] {processor.py:153} INFO - Started process (PID=37531) to work on /home/kai/Documents/airflowalura/venv/lib/python3.9/site-packages/airflow/example_dags/example_dag_decorator.py
[2024-08-12 22:21:40,517] {processor.py:641} INFO - Processing file /home/kai/Documents/airflowalura/venv/lib/python3.9/site-packages/airflow/example_dags/example_dag_decorator.py for tasks to queue
[2024-08-12 22:21:40,517] {logging_mixin.py:115} INFO - [2024-08-12 22:21:40,517] {dagbag.py:507} INFO - Filling up the DagBag from /home/kai/Documents/airflowalura/venv/lib/python3.9/site-packages/airflow/example_dags/example_dag_decorator.py
[2024-08-12 22:21:40,537] {processor.py:651} INFO - DAG(s) dict_keys(['example_dag_decorator']) retrieved from /home/kai/Documents/airflowalura/venv/lib/python3.9/site-packages/airflow/example_dags/example_dag_decorator.py
[2024-08-12 22:21:40,571] {logging_mixin.py:115} INFO - [2024-08-12 22:21:40,571] {dag.py:2379} INFO - Sync 1 DAGs
[2024-08-12 22:21:40,582] {logging_mixin.py:115} INFO - [2024-08-12 22:21:40,581] {dag.py:2927} INFO - Setting next_dagrun for example_dag_decorator to None, run_after=None
[2024-08-12 22:21:40,591] {processor.py:161} INFO - Processing /home/kai/Documents/airflowalura/venv/lib/python3.9/site-packages/airflow/example_dags/example_dag_decorator.py took 0.078 seconds
[2024-08-12 22:24:52,707] {processor.py:153} INFO - Started process (PID=39254) to work on /home/kai/Documents/airflowalura/venv/lib/python3.9/site-packages/airflow/example_dags/example_dag_decorator.py
[2024-08-12 22:24:52,708] {processor.py:641} INFO - Processing file /home/kai/Documents/airflowalura/venv/lib/python3.9/site-packages/airflow/example_dags/example_dag_decorator.py for tasks to queue
[2024-08-12 22:24:52,708] {logging_mixin.py:115} INFO - [2024-08-12 22:24:52,708] {dagbag.py:507} INFO - Filling up the DagBag from /home/kai/Documents/airflowalura/venv/lib/python3.9/site-packages/airflow/example_dags/example_dag_decorator.py
[2024-08-12 22:24:52,743] {processor.py:651} INFO - DAG(s) dict_keys(['example_dag_decorator']) retrieved from /home/kai/Documents/airflowalura/venv/lib/python3.9/site-packages/airflow/example_dags/example_dag_decorator.py
[2024-08-12 22:24:52,835] {logging_mixin.py:115} INFO - [2024-08-12 22:24:52,835] {dag.py:2379} INFO - Sync 1 DAGs
[2024-08-12 22:24:52,867] {logging_mixin.py:115} INFO - [2024-08-12 22:24:52,867] {dag.py:2927} INFO - Setting next_dagrun for example_dag_decorator to None, run_after=None
[2024-08-12 22:24:52,882] {processor.py:161} INFO - Processing /home/kai/Documents/airflowalura/venv/lib/python3.9/site-packages/airflow/example_dags/example_dag_decorator.py took 0.178 seconds
[2024-08-12 22:25:28,933] {processor.py:153} INFO - Started process (PID=39568) to work on /home/kai/Documents/airflowalura/venv/lib/python3.9/site-packages/airflow/example_dags/example_dag_decorator.py
[2024-08-12 22:25:28,935] {processor.py:641} INFO - Processing file /home/kai/Documents/airflowalura/venv/lib/python3.9/site-packages/airflow/example_dags/example_dag_decorator.py for tasks to queue
[2024-08-12 22:25:28,935] {logging_mixin.py:115} INFO - [2024-08-12 22:25:28,935] {dagbag.py:507} INFO - Filling up the DagBag from /home/kai/Documents/airflowalura/venv/lib/python3.9/site-packages/airflow/example_dags/example_dag_decorator.py
[2024-08-12 22:25:28,962] {processor.py:651} INFO - DAG(s) dict_keys(['example_dag_decorator']) retrieved from /home/kai/Documents/airflowalura/venv/lib/python3.9/site-packages/airflow/example_dags/example_dag_decorator.py
[2024-08-12 22:25:29,017] {logging_mixin.py:115} INFO - [2024-08-12 22:25:29,017] {dag.py:2379} INFO - Sync 1 DAGs
[2024-08-12 22:25:29,033] {logging_mixin.py:115} INFO - [2024-08-12 22:25:29,033] {dag.py:2927} INFO - Setting next_dagrun for example_dag_decorator to None, run_after=None
[2024-08-12 22:25:29,048] {processor.py:161} INFO - Processing /home/kai/Documents/airflowalura/venv/lib/python3.9/site-packages/airflow/example_dags/example_dag_decorator.py took 0.118 seconds
[2024-08-12 22:26:04,031] {processor.py:153} INFO - Started process (PID=39882) to work on /home/kai/Documents/airflowalura/venv/lib/python3.9/site-packages/airflow/example_dags/example_dag_decorator.py
[2024-08-12 22:26:04,039] {processor.py:641} INFO - Processing file /home/kai/Documents/airflowalura/venv/lib/python3.9/site-packages/airflow/example_dags/example_dag_decorator.py for tasks to queue
[2024-08-12 22:26:04,040] {logging_mixin.py:115} INFO - [2024-08-12 22:26:04,040] {dagbag.py:507} INFO - Filling up the DagBag from /home/kai/Documents/airflowalura/venv/lib/python3.9/site-packages/airflow/example_dags/example_dag_decorator.py
[2024-08-12 22:26:04,073] {processor.py:651} INFO - DAG(s) dict_keys(['example_dag_decorator']) retrieved from /home/kai/Documents/airflowalura/venv/lib/python3.9/site-packages/airflow/example_dags/example_dag_decorator.py
[2024-08-12 22:26:04,109] {logging_mixin.py:115} INFO - [2024-08-12 22:26:04,109] {dag.py:2379} INFO - Sync 1 DAGs
[2024-08-12 22:26:04,137] {logging_mixin.py:115} INFO - [2024-08-12 22:26:04,137] {dag.py:2927} INFO - Setting next_dagrun for example_dag_decorator to None, run_after=None
[2024-08-12 22:26:04,150] {processor.py:161} INFO - Processing /home/kai/Documents/airflowalura/venv/lib/python3.9/site-packages/airflow/example_dags/example_dag_decorator.py took 0.124 seconds
[2024-08-12 22:26:40,500] {processor.py:153} INFO - Started process (PID=40444) to work on /home/kai/Documents/airflowalura/venv/lib/python3.9/site-packages/airflow/example_dags/example_dag_decorator.py
[2024-08-12 22:26:40,506] {processor.py:641} INFO - Processing file /home/kai/Documents/airflowalura/venv/lib/python3.9/site-packages/airflow/example_dags/example_dag_decorator.py for tasks to queue
[2024-08-12 22:26:40,507] {logging_mixin.py:115} INFO - [2024-08-12 22:26:40,507] {dagbag.py:507} INFO - Filling up the DagBag from /home/kai/Documents/airflowalura/venv/lib/python3.9/site-packages/airflow/example_dags/example_dag_decorator.py
[2024-08-12 22:26:40,536] {processor.py:651} INFO - DAG(s) dict_keys(['example_dag_decorator']) retrieved from /home/kai/Documents/airflowalura/venv/lib/python3.9/site-packages/airflow/example_dags/example_dag_decorator.py
[2024-08-12 22:26:40,598] {logging_mixin.py:115} INFO - [2024-08-12 22:26:40,598] {dag.py:2379} INFO - Sync 1 DAGs
[2024-08-12 22:26:40,612] {logging_mixin.py:115} INFO - [2024-08-12 22:26:40,612] {dag.py:2927} INFO - Setting next_dagrun for example_dag_decorator to None, run_after=None
[2024-08-12 22:26:40,629] {processor.py:161} INFO - Processing /home/kai/Documents/airflowalura/venv/lib/python3.9/site-packages/airflow/example_dags/example_dag_decorator.py took 0.133 seconds
[2024-08-12 22:27:15,642] {processor.py:153} INFO - Started process (PID=40727) to work on /home/kai/Documents/airflowalura/venv/lib/python3.9/site-packages/airflow/example_dags/example_dag_decorator.py
[2024-08-12 22:27:15,643] {processor.py:641} INFO - Processing file /home/kai/Documents/airflowalura/venv/lib/python3.9/site-packages/airflow/example_dags/example_dag_decorator.py for tasks to queue
[2024-08-12 22:27:15,644] {logging_mixin.py:115} INFO - [2024-08-12 22:27:15,644] {dagbag.py:507} INFO - Filling up the DagBag from /home/kai/Documents/airflowalura/venv/lib/python3.9/site-packages/airflow/example_dags/example_dag_decorator.py
[2024-08-12 22:27:15,715] {processor.py:651} INFO - DAG(s) dict_keys(['example_dag_decorator']) retrieved from /home/kai/Documents/airflowalura/venv/lib/python3.9/site-packages/airflow/example_dags/example_dag_decorator.py
[2024-08-12 22:27:15,746] {logging_mixin.py:115} INFO - [2024-08-12 22:27:15,746] {dag.py:2379} INFO - Sync 1 DAGs
[2024-08-12 22:27:15,779] {logging_mixin.py:115} INFO - [2024-08-12 22:27:15,779] {dag.py:2927} INFO - Setting next_dagrun for example_dag_decorator to None, run_after=None
[2024-08-12 22:27:15,794] {processor.py:161} INFO - Processing /home/kai/Documents/airflowalura/venv/lib/python3.9/site-packages/airflow/example_dags/example_dag_decorator.py took 0.163 seconds
[2024-08-12 22:28:52,597] {processor.py:153} INFO - Started process (PID=41790) to work on /home/kai/Documents/airflowalura/venv/lib/python3.9/site-packages/airflow/example_dags/example_dag_decorator.py
[2024-08-12 22:28:52,604] {processor.py:641} INFO - Processing file /home/kai/Documents/airflowalura/venv/lib/python3.9/site-packages/airflow/example_dags/example_dag_decorator.py for tasks to queue
[2024-08-12 22:28:52,604] {logging_mixin.py:115} INFO - [2024-08-12 22:28:52,604] {dagbag.py:507} INFO - Filling up the DagBag from /home/kai/Documents/airflowalura/venv/lib/python3.9/site-packages/airflow/example_dags/example_dag_decorator.py
[2024-08-12 22:28:52,643] {processor.py:651} INFO - DAG(s) dict_keys(['example_dag_decorator']) retrieved from /home/kai/Documents/airflowalura/venv/lib/python3.9/site-packages/airflow/example_dags/example_dag_decorator.py
[2024-08-12 22:28:52,709] {logging_mixin.py:115} INFO - [2024-08-12 22:28:52,709] {dag.py:2379} INFO - Sync 1 DAGs
[2024-08-12 22:28:52,727] {logging_mixin.py:115} INFO - [2024-08-12 22:28:52,727] {dag.py:2927} INFO - Setting next_dagrun for example_dag_decorator to None, run_after=None
[2024-08-12 22:28:52,745] {processor.py:161} INFO - Processing /home/kai/Documents/airflowalura/venv/lib/python3.9/site-packages/airflow/example_dags/example_dag_decorator.py took 0.150 seconds
[2024-08-12 22:35:42,491] {processor.py:153} INFO - Started process (PID=3527) to work on /home/kai/Documents/airflowalura/venv/lib/python3.9/site-packages/airflow/example_dags/example_dag_decorator.py
[2024-08-12 22:35:42,494] {processor.py:641} INFO - Processing file /home/kai/Documents/airflowalura/venv/lib/python3.9/site-packages/airflow/example_dags/example_dag_decorator.py for tasks to queue
[2024-08-12 22:35:42,495] {logging_mixin.py:115} INFO - [2024-08-12 22:35:42,495] {dagbag.py:507} INFO - Filling up the DagBag from /home/kai/Documents/airflowalura/venv/lib/python3.9/site-packages/airflow/example_dags/example_dag_decorator.py
[2024-08-12 22:35:42,552] {processor.py:651} INFO - DAG(s) dict_keys(['example_dag_decorator']) retrieved from /home/kai/Documents/airflowalura/venv/lib/python3.9/site-packages/airflow/example_dags/example_dag_decorator.py
[2024-08-12 22:35:42,619] {logging_mixin.py:115} INFO - [2024-08-12 22:35:42,619] {dag.py:2379} INFO - Sync 1 DAGs
[2024-08-12 22:35:42,678] {logging_mixin.py:115} INFO - [2024-08-12 22:35:42,678] {dag.py:2927} INFO - Setting next_dagrun for example_dag_decorator to None, run_after=None
[2024-08-12 22:35:42,735] {processor.py:161} INFO - Processing /home/kai/Documents/airflowalura/venv/lib/python3.9/site-packages/airflow/example_dags/example_dag_decorator.py took 0.254 seconds
[2024-08-12 22:36:16,179] {processor.py:153} INFO - Started process (PID=3943) to work on /home/kai/Documents/airflowalura/venv/lib/python3.9/site-packages/airflow/example_dags/example_dag_decorator.py
[2024-08-12 22:36:16,179] {processor.py:641} INFO - Processing file /home/kai/Documents/airflowalura/venv/lib/python3.9/site-packages/airflow/example_dags/example_dag_decorator.py for tasks to queue
[2024-08-12 22:36:16,180] {logging_mixin.py:115} INFO - [2024-08-12 22:36:16,180] {dagbag.py:507} INFO - Filling up the DagBag from /home/kai/Documents/airflowalura/venv/lib/python3.9/site-packages/airflow/example_dags/example_dag_decorator.py
[2024-08-12 22:36:16,199] {processor.py:651} INFO - DAG(s) dict_keys(['example_dag_decorator']) retrieved from /home/kai/Documents/airflowalura/venv/lib/python3.9/site-packages/airflow/example_dags/example_dag_decorator.py
[2024-08-12 22:36:16,236] {logging_mixin.py:115} INFO - [2024-08-12 22:36:16,236] {dag.py:2379} INFO - Sync 1 DAGs
[2024-08-12 22:36:16,249] {logging_mixin.py:115} INFO - [2024-08-12 22:36:16,249] {dag.py:2927} INFO - Setting next_dagrun for example_dag_decorator to None, run_after=None
[2024-08-12 22:36:16,261] {processor.py:161} INFO - Processing /home/kai/Documents/airflowalura/venv/lib/python3.9/site-packages/airflow/example_dags/example_dag_decorator.py took 0.085 seconds
[2024-08-12 22:36:50,387] {processor.py:153} INFO - Started process (PID=4134) to work on /home/kai/Documents/airflowalura/venv/lib/python3.9/site-packages/airflow/example_dags/example_dag_decorator.py
[2024-08-12 22:36:50,388] {processor.py:641} INFO - Processing file /home/kai/Documents/airflowalura/venv/lib/python3.9/site-packages/airflow/example_dags/example_dag_decorator.py for tasks to queue
[2024-08-12 22:36:50,389] {logging_mixin.py:115} INFO - [2024-08-12 22:36:50,389] {dagbag.py:507} INFO - Filling up the DagBag from /home/kai/Documents/airflowalura/venv/lib/python3.9/site-packages/airflow/example_dags/example_dag_decorator.py
[2024-08-12 22:36:50,416] {processor.py:651} INFO - DAG(s) dict_keys(['example_dag_decorator']) retrieved from /home/kai/Documents/airflowalura/venv/lib/python3.9/site-packages/airflow/example_dags/example_dag_decorator.py
[2024-08-12 22:36:50,431] {logging_mixin.py:115} INFO - [2024-08-12 22:36:50,431] {dag.py:2379} INFO - Sync 1 DAGs
[2024-08-12 22:36:50,444] {logging_mixin.py:115} INFO - [2024-08-12 22:36:50,444] {dag.py:2927} INFO - Setting next_dagrun for example_dag_decorator to None, run_after=None
[2024-08-12 22:36:50,454] {processor.py:161} INFO - Processing /home/kai/Documents/airflowalura/venv/lib/python3.9/site-packages/airflow/example_dags/example_dag_decorator.py took 0.070 seconds
[2024-08-12 22:37:25,207] {processor.py:153} INFO - Started process (PID=4455) to work on /home/kai/Documents/airflowalura/venv/lib/python3.9/site-packages/airflow/example_dags/example_dag_decorator.py
[2024-08-12 22:37:25,208] {processor.py:641} INFO - Processing file /home/kai/Documents/airflowalura/venv/lib/python3.9/site-packages/airflow/example_dags/example_dag_decorator.py for tasks to queue
[2024-08-12 22:37:25,209] {logging_mixin.py:115} INFO - [2024-08-12 22:37:25,208] {dagbag.py:507} INFO - Filling up the DagBag from /home/kai/Documents/airflowalura/venv/lib/python3.9/site-packages/airflow/example_dags/example_dag_decorator.py
[2024-08-12 22:37:25,228] {processor.py:651} INFO - DAG(s) dict_keys(['example_dag_decorator']) retrieved from /home/kai/Documents/airflowalura/venv/lib/python3.9/site-packages/airflow/example_dags/example_dag_decorator.py
[2024-08-12 22:37:25,261] {logging_mixin.py:115} INFO - [2024-08-12 22:37:25,261] {dag.py:2379} INFO - Sync 1 DAGs
[2024-08-12 22:37:25,272] {logging_mixin.py:115} INFO - [2024-08-12 22:37:25,272] {dag.py:2927} INFO - Setting next_dagrun for example_dag_decorator to None, run_after=None
[2024-08-12 22:37:25,283] {processor.py:161} INFO - Processing /home/kai/Documents/airflowalura/venv/lib/python3.9/site-packages/airflow/example_dags/example_dag_decorator.py took 0.078 seconds
[2024-08-12 22:38:01,078] {processor.py:153} INFO - Started process (PID=4795) to work on /home/kai/Documents/airflowalura/venv/lib/python3.9/site-packages/airflow/example_dags/example_dag_decorator.py
[2024-08-12 22:38:01,079] {processor.py:641} INFO - Processing file /home/kai/Documents/airflowalura/venv/lib/python3.9/site-packages/airflow/example_dags/example_dag_decorator.py for tasks to queue
[2024-08-12 22:38:01,080] {logging_mixin.py:115} INFO - [2024-08-12 22:38:01,080] {dagbag.py:507} INFO - Filling up the DagBag from /home/kai/Documents/airflowalura/venv/lib/python3.9/site-packages/airflow/example_dags/example_dag_decorator.py
[2024-08-12 22:38:01,098] {processor.py:651} INFO - DAG(s) dict_keys(['example_dag_decorator']) retrieved from /home/kai/Documents/airflowalura/venv/lib/python3.9/site-packages/airflow/example_dags/example_dag_decorator.py
[2024-08-12 22:38:01,132] {logging_mixin.py:115} INFO - [2024-08-12 22:38:01,132] {dag.py:2379} INFO - Sync 1 DAGs
[2024-08-12 22:38:01,142] {logging_mixin.py:115} INFO - [2024-08-12 22:38:01,142] {dag.py:2927} INFO - Setting next_dagrun for example_dag_decorator to None, run_after=None
[2024-08-12 22:38:01,151] {processor.py:161} INFO - Processing /home/kai/Documents/airflowalura/venv/lib/python3.9/site-packages/airflow/example_dags/example_dag_decorator.py took 0.076 seconds
[2024-08-12 22:38:35,984] {processor.py:153} INFO - Started process (PID=5108) to work on /home/kai/Documents/airflowalura/venv/lib/python3.9/site-packages/airflow/example_dags/example_dag_decorator.py
[2024-08-12 22:38:35,984] {processor.py:641} INFO - Processing file /home/kai/Documents/airflowalura/venv/lib/python3.9/site-packages/airflow/example_dags/example_dag_decorator.py for tasks to queue
[2024-08-12 22:38:35,985] {logging_mixin.py:115} INFO - [2024-08-12 22:38:35,985] {dagbag.py:507} INFO - Filling up the DagBag from /home/kai/Documents/airflowalura/venv/lib/python3.9/site-packages/airflow/example_dags/example_dag_decorator.py
[2024-08-12 22:38:36,002] {processor.py:651} INFO - DAG(s) dict_keys(['example_dag_decorator']) retrieved from /home/kai/Documents/airflowalura/venv/lib/python3.9/site-packages/airflow/example_dags/example_dag_decorator.py
[2024-08-12 22:38:36,035] {logging_mixin.py:115} INFO - [2024-08-12 22:38:36,035] {dag.py:2379} INFO - Sync 1 DAGs
[2024-08-12 22:38:36,045] {logging_mixin.py:115} INFO - [2024-08-12 22:38:36,045] {dag.py:2927} INFO - Setting next_dagrun for example_dag_decorator to None, run_after=None
[2024-08-12 22:38:36,054] {processor.py:161} INFO - Processing /home/kai/Documents/airflowalura/venv/lib/python3.9/site-packages/airflow/example_dags/example_dag_decorator.py took 0.073 seconds
[2024-08-12 22:39:10,042] {processor.py:153} INFO - Started process (PID=5505) to work on /home/kai/Documents/airflowalura/venv/lib/python3.9/site-packages/airflow/example_dags/example_dag_decorator.py
[2024-08-12 22:39:10,042] {processor.py:641} INFO - Processing file /home/kai/Documents/airflowalura/venv/lib/python3.9/site-packages/airflow/example_dags/example_dag_decorator.py for tasks to queue
[2024-08-12 22:39:10,043] {logging_mixin.py:115} INFO - [2024-08-12 22:39:10,043] {dagbag.py:507} INFO - Filling up the DagBag from /home/kai/Documents/airflowalura/venv/lib/python3.9/site-packages/airflow/example_dags/example_dag_decorator.py
[2024-08-12 22:39:10,061] {processor.py:651} INFO - DAG(s) dict_keys(['example_dag_decorator']) retrieved from /home/kai/Documents/airflowalura/venv/lib/python3.9/site-packages/airflow/example_dags/example_dag_decorator.py
[2024-08-12 22:39:10,100] {logging_mixin.py:115} INFO - [2024-08-12 22:39:10,100] {dag.py:2379} INFO - Sync 1 DAGs
[2024-08-12 22:39:10,111] {logging_mixin.py:115} INFO - [2024-08-12 22:39:10,111] {dag.py:2927} INFO - Setting next_dagrun for example_dag_decorator to None, run_after=None
[2024-08-12 22:39:10,123] {processor.py:161} INFO - Processing /home/kai/Documents/airflowalura/venv/lib/python3.9/site-packages/airflow/example_dags/example_dag_decorator.py took 0.084 seconds
[2024-08-12 22:39:46,072] {processor.py:153} INFO - Started process (PID=5714) to work on /home/kai/Documents/airflowalura/venv/lib/python3.9/site-packages/airflow/example_dags/example_dag_decorator.py
[2024-08-12 22:39:46,072] {processor.py:641} INFO - Processing file /home/kai/Documents/airflowalura/venv/lib/python3.9/site-packages/airflow/example_dags/example_dag_decorator.py for tasks to queue
[2024-08-12 22:39:46,073] {logging_mixin.py:115} INFO - [2024-08-12 22:39:46,073] {dagbag.py:507} INFO - Filling up the DagBag from /home/kai/Documents/airflowalura/venv/lib/python3.9/site-packages/airflow/example_dags/example_dag_decorator.py
[2024-08-12 22:39:46,090] {processor.py:651} INFO - DAG(s) dict_keys(['example_dag_decorator']) retrieved from /home/kai/Documents/airflowalura/venv/lib/python3.9/site-packages/airflow/example_dags/example_dag_decorator.py
[2024-08-12 22:39:46,128] {logging_mixin.py:115} INFO - [2024-08-12 22:39:46,128] {dag.py:2379} INFO - Sync 1 DAGs
[2024-08-12 22:39:46,139] {logging_mixin.py:115} INFO - [2024-08-12 22:39:46,139] {dag.py:2927} INFO - Setting next_dagrun for example_dag_decorator to None, run_after=None
[2024-08-12 22:39:46,149] {processor.py:161} INFO - Processing /home/kai/Documents/airflowalura/venv/lib/python3.9/site-packages/airflow/example_dags/example_dag_decorator.py took 0.080 seconds
[2024-08-12 22:40:17,526] {processor.py:153} INFO - Started process (PID=6099) to work on /home/kai/Documents/airflowalura/venv/lib/python3.9/site-packages/airflow/example_dags/example_dag_decorator.py
[2024-08-12 22:40:17,527] {processor.py:641} INFO - Processing file /home/kai/Documents/airflowalura/venv/lib/python3.9/site-packages/airflow/example_dags/example_dag_decorator.py for tasks to queue
[2024-08-12 22:40:17,527] {logging_mixin.py:115} INFO - [2024-08-12 22:40:17,527] {dagbag.py:507} INFO - Filling up the DagBag from /home/kai/Documents/airflowalura/venv/lib/python3.9/site-packages/airflow/example_dags/example_dag_decorator.py
[2024-08-12 22:40:17,550] {processor.py:651} INFO - DAG(s) dict_keys(['example_dag_decorator']) retrieved from /home/kai/Documents/airflowalura/venv/lib/python3.9/site-packages/airflow/example_dags/example_dag_decorator.py
[2024-08-12 22:40:17,585] {logging_mixin.py:115} INFO - [2024-08-12 22:40:17,585] {dag.py:2379} INFO - Sync 1 DAGs
[2024-08-12 22:40:17,596] {logging_mixin.py:115} INFO - [2024-08-12 22:40:17,596] {dag.py:2927} INFO - Setting next_dagrun for example_dag_decorator to None, run_after=None
[2024-08-12 22:40:17,606] {processor.py:161} INFO - Processing /home/kai/Documents/airflowalura/venv/lib/python3.9/site-packages/airflow/example_dags/example_dag_decorator.py took 0.082 seconds
[2024-08-12 22:40:52,313] {processor.py:153} INFO - Started process (PID=6353) to work on /home/kai/Documents/airflowalura/venv/lib/python3.9/site-packages/airflow/example_dags/example_dag_decorator.py
[2024-08-12 22:40:52,314] {processor.py:641} INFO - Processing file /home/kai/Documents/airflowalura/venv/lib/python3.9/site-packages/airflow/example_dags/example_dag_decorator.py for tasks to queue
[2024-08-12 22:40:52,315] {logging_mixin.py:115} INFO - [2024-08-12 22:40:52,315] {dagbag.py:507} INFO - Filling up the DagBag from /home/kai/Documents/airflowalura/venv/lib/python3.9/site-packages/airflow/example_dags/example_dag_decorator.py
[2024-08-12 22:40:52,343] {processor.py:651} INFO - DAG(s) dict_keys(['example_dag_decorator']) retrieved from /home/kai/Documents/airflowalura/venv/lib/python3.9/site-packages/airflow/example_dags/example_dag_decorator.py
[2024-08-12 22:40:52,360] {logging_mixin.py:115} INFO - [2024-08-12 22:40:52,360] {dag.py:2379} INFO - Sync 1 DAGs
[2024-08-12 22:40:52,376] {logging_mixin.py:115} INFO - [2024-08-12 22:40:52,376] {dag.py:2927} INFO - Setting next_dagrun for example_dag_decorator to None, run_after=None
[2024-08-12 22:40:52,392] {processor.py:161} INFO - Processing /home/kai/Documents/airflowalura/venv/lib/python3.9/site-packages/airflow/example_dags/example_dag_decorator.py took 0.081 seconds
[2024-08-12 22:41:29,301] {processor.py:153} INFO - Started process (PID=6751) to work on /home/kai/Documents/airflowalura/venv/lib/python3.9/site-packages/airflow/example_dags/example_dag_decorator.py
[2024-08-12 22:41:29,304] {processor.py:641} INFO - Processing file /home/kai/Documents/airflowalura/venv/lib/python3.9/site-packages/airflow/example_dags/example_dag_decorator.py for tasks to queue
[2024-08-12 22:41:29,304] {logging_mixin.py:115} INFO - [2024-08-12 22:41:29,304] {dagbag.py:507} INFO - Filling up the DagBag from /home/kai/Documents/airflowalura/venv/lib/python3.9/site-packages/airflow/example_dags/example_dag_decorator.py
[2024-08-12 22:41:29,335] {processor.py:651} INFO - DAG(s) dict_keys(['example_dag_decorator']) retrieved from /home/kai/Documents/airflowalura/venv/lib/python3.9/site-packages/airflow/example_dags/example_dag_decorator.py
[2024-08-12 22:41:29,352] {logging_mixin.py:115} INFO - [2024-08-12 22:41:29,352] {dag.py:2379} INFO - Sync 1 DAGs
[2024-08-12 22:41:29,370] {logging_mixin.py:115} INFO - [2024-08-12 22:41:29,369] {dag.py:2927} INFO - Setting next_dagrun for example_dag_decorator to None, run_after=None
[2024-08-12 22:41:29,383] {processor.py:161} INFO - Processing /home/kai/Documents/airflowalura/venv/lib/python3.9/site-packages/airflow/example_dags/example_dag_decorator.py took 0.086 seconds
[2024-08-12 22:42:03,300] {processor.py:153} INFO - Started process (PID=7155) to work on /home/kai/Documents/airflowalura/venv/lib/python3.9/site-packages/airflow/example_dags/example_dag_decorator.py
[2024-08-12 22:42:03,303] {processor.py:641} INFO - Processing file /home/kai/Documents/airflowalura/venv/lib/python3.9/site-packages/airflow/example_dags/example_dag_decorator.py for tasks to queue
[2024-08-12 22:42:03,303] {logging_mixin.py:115} INFO - [2024-08-12 22:42:03,303] {dagbag.py:507} INFO - Filling up the DagBag from /home/kai/Documents/airflowalura/venv/lib/python3.9/site-packages/airflow/example_dags/example_dag_decorator.py
[2024-08-12 22:42:03,334] {processor.py:651} INFO - DAG(s) dict_keys(['example_dag_decorator']) retrieved from /home/kai/Documents/airflowalura/venv/lib/python3.9/site-packages/airflow/example_dags/example_dag_decorator.py
[2024-08-12 22:42:03,357] {logging_mixin.py:115} INFO - [2024-08-12 22:42:03,357] {dag.py:2379} INFO - Sync 1 DAGs
[2024-08-12 22:42:03,379] {logging_mixin.py:115} INFO - [2024-08-12 22:42:03,379] {dag.py:2927} INFO - Setting next_dagrun for example_dag_decorator to None, run_after=None
[2024-08-12 22:42:03,396] {processor.py:161} INFO - Processing /home/kai/Documents/airflowalura/venv/lib/python3.9/site-packages/airflow/example_dags/example_dag_decorator.py took 0.100 seconds
[2024-08-12 22:42:40,367] {processor.py:153} INFO - Started process (PID=7346) to work on /home/kai/Documents/airflowalura/venv/lib/python3.9/site-packages/airflow/example_dags/example_dag_decorator.py
[2024-08-12 22:42:40,369] {processor.py:641} INFO - Processing file /home/kai/Documents/airflowalura/venv/lib/python3.9/site-packages/airflow/example_dags/example_dag_decorator.py for tasks to queue
[2024-08-12 22:42:40,370] {logging_mixin.py:115} INFO - [2024-08-12 22:42:40,370] {dagbag.py:507} INFO - Filling up the DagBag from /home/kai/Documents/airflowalura/venv/lib/python3.9/site-packages/airflow/example_dags/example_dag_decorator.py
[2024-08-12 22:42:40,396] {processor.py:651} INFO - DAG(s) dict_keys(['example_dag_decorator']) retrieved from /home/kai/Documents/airflowalura/venv/lib/python3.9/site-packages/airflow/example_dags/example_dag_decorator.py
[2024-08-12 22:42:40,441] {logging_mixin.py:115} INFO - [2024-08-12 22:42:40,441] {dag.py:2379} INFO - Sync 1 DAGs
[2024-08-12 22:42:40,462] {logging_mixin.py:115} INFO - [2024-08-12 22:42:40,462] {dag.py:2927} INFO - Setting next_dagrun for example_dag_decorator to None, run_after=None
[2024-08-12 22:42:40,476] {processor.py:161} INFO - Processing /home/kai/Documents/airflowalura/venv/lib/python3.9/site-packages/airflow/example_dags/example_dag_decorator.py took 0.112 seconds
[2024-08-12 22:43:16,404] {processor.py:153} INFO - Started process (PID=7642) to work on /home/kai/Documents/airflowalura/venv/lib/python3.9/site-packages/airflow/example_dags/example_dag_decorator.py
[2024-08-12 22:43:16,405] {processor.py:641} INFO - Processing file /home/kai/Documents/airflowalura/venv/lib/python3.9/site-packages/airflow/example_dags/example_dag_decorator.py for tasks to queue
[2024-08-12 22:43:16,406] {logging_mixin.py:115} INFO - [2024-08-12 22:43:16,406] {dagbag.py:507} INFO - Filling up the DagBag from /home/kai/Documents/airflowalura/venv/lib/python3.9/site-packages/airflow/example_dags/example_dag_decorator.py
[2024-08-12 22:43:16,439] {processor.py:651} INFO - DAG(s) dict_keys(['example_dag_decorator']) retrieved from /home/kai/Documents/airflowalura/venv/lib/python3.9/site-packages/airflow/example_dags/example_dag_decorator.py
[2024-08-12 22:43:16,488] {logging_mixin.py:115} INFO - [2024-08-12 22:43:16,488] {dag.py:2379} INFO - Sync 1 DAGs
[2024-08-12 22:43:16,506] {logging_mixin.py:115} INFO - [2024-08-12 22:43:16,506] {dag.py:2927} INFO - Setting next_dagrun for example_dag_decorator to None, run_after=None
[2024-08-12 22:43:16,528] {processor.py:161} INFO - Processing /home/kai/Documents/airflowalura/venv/lib/python3.9/site-packages/airflow/example_dags/example_dag_decorator.py took 0.128 seconds
[2024-08-12 22:43:51,527] {processor.py:153} INFO - Started process (PID=7944) to work on /home/kai/Documents/airflowalura/venv/lib/python3.9/site-packages/airflow/example_dags/example_dag_decorator.py
[2024-08-12 22:43:51,528] {processor.py:641} INFO - Processing file /home/kai/Documents/airflowalura/venv/lib/python3.9/site-packages/airflow/example_dags/example_dag_decorator.py for tasks to queue
[2024-08-12 22:43:51,528] {logging_mixin.py:115} INFO - [2024-08-12 22:43:51,528] {dagbag.py:507} INFO - Filling up the DagBag from /home/kai/Documents/airflowalura/venv/lib/python3.9/site-packages/airflow/example_dags/example_dag_decorator.py
[2024-08-12 22:43:51,548] {processor.py:651} INFO - DAG(s) dict_keys(['example_dag_decorator']) retrieved from /home/kai/Documents/airflowalura/venv/lib/python3.9/site-packages/airflow/example_dags/example_dag_decorator.py
[2024-08-12 22:43:51,581] {logging_mixin.py:115} INFO - [2024-08-12 22:43:51,581] {dag.py:2379} INFO - Sync 1 DAGs
[2024-08-12 22:43:51,592] {logging_mixin.py:115} INFO - [2024-08-12 22:43:51,592] {dag.py:2927} INFO - Setting next_dagrun for example_dag_decorator to None, run_after=None
[2024-08-12 22:43:51,603] {processor.py:161} INFO - Processing /home/kai/Documents/airflowalura/venv/lib/python3.9/site-packages/airflow/example_dags/example_dag_decorator.py took 0.078 seconds
[2024-08-12 22:44:27,311] {processor.py:153} INFO - Started process (PID=8131) to work on /home/kai/Documents/airflowalura/venv/lib/python3.9/site-packages/airflow/example_dags/example_dag_decorator.py
[2024-08-12 22:44:27,312] {processor.py:641} INFO - Processing file /home/kai/Documents/airflowalura/venv/lib/python3.9/site-packages/airflow/example_dags/example_dag_decorator.py for tasks to queue
[2024-08-12 22:44:27,313] {logging_mixin.py:115} INFO - [2024-08-12 22:44:27,313] {dagbag.py:507} INFO - Filling up the DagBag from /home/kai/Documents/airflowalura/venv/lib/python3.9/site-packages/airflow/example_dags/example_dag_decorator.py
[2024-08-12 22:44:27,337] {processor.py:651} INFO - DAG(s) dict_keys(['example_dag_decorator']) retrieved from /home/kai/Documents/airflowalura/venv/lib/python3.9/site-packages/airflow/example_dags/example_dag_decorator.py
[2024-08-12 22:44:27,351] {logging_mixin.py:115} INFO - [2024-08-12 22:44:27,351] {dag.py:2379} INFO - Sync 1 DAGs
[2024-08-12 22:44:27,365] {logging_mixin.py:115} INFO - [2024-08-12 22:44:27,365] {dag.py:2927} INFO - Setting next_dagrun for example_dag_decorator to None, run_after=None
[2024-08-12 22:44:27,376] {processor.py:161} INFO - Processing /home/kai/Documents/airflowalura/venv/lib/python3.9/site-packages/airflow/example_dags/example_dag_decorator.py took 0.067 seconds
[2024-08-12 22:45:02,414] {processor.py:153} INFO - Started process (PID=8390) to work on /home/kai/Documents/airflowalura/venv/lib/python3.9/site-packages/airflow/example_dags/example_dag_decorator.py
[2024-08-12 22:45:02,415] {processor.py:641} INFO - Processing file /home/kai/Documents/airflowalura/venv/lib/python3.9/site-packages/airflow/example_dags/example_dag_decorator.py for tasks to queue
[2024-08-12 22:45:02,416] {logging_mixin.py:115} INFO - [2024-08-12 22:45:02,416] {dagbag.py:507} INFO - Filling up the DagBag from /home/kai/Documents/airflowalura/venv/lib/python3.9/site-packages/airflow/example_dags/example_dag_decorator.py
[2024-08-12 22:45:02,438] {processor.py:651} INFO - DAG(s) dict_keys(['example_dag_decorator']) retrieved from /home/kai/Documents/airflowalura/venv/lib/python3.9/site-packages/airflow/example_dags/example_dag_decorator.py
[2024-08-12 22:45:02,451] {logging_mixin.py:115} INFO - [2024-08-12 22:45:02,451] {dag.py:2379} INFO - Sync 1 DAGs
[2024-08-12 22:45:02,468] {logging_mixin.py:115} INFO - [2024-08-12 22:45:02,468] {dag.py:2927} INFO - Setting next_dagrun for example_dag_decorator to None, run_after=None
[2024-08-12 22:45:02,477] {processor.py:161} INFO - Processing /home/kai/Documents/airflowalura/venv/lib/python3.9/site-packages/airflow/example_dags/example_dag_decorator.py took 0.066 seconds
[2024-08-12 22:45:35,282] {processor.py:153} INFO - Started process (PID=8721) to work on /home/kai/Documents/airflowalura/venv/lib/python3.9/site-packages/airflow/example_dags/example_dag_decorator.py
[2024-08-12 22:45:35,283] {processor.py:641} INFO - Processing file /home/kai/Documents/airflowalura/venv/lib/python3.9/site-packages/airflow/example_dags/example_dag_decorator.py for tasks to queue
[2024-08-12 22:45:35,283] {logging_mixin.py:115} INFO - [2024-08-12 22:45:35,283] {dagbag.py:507} INFO - Filling up the DagBag from /home/kai/Documents/airflowalura/venv/lib/python3.9/site-packages/airflow/example_dags/example_dag_decorator.py
[2024-08-12 22:45:35,305] {processor.py:651} INFO - DAG(s) dict_keys(['example_dag_decorator']) retrieved from /home/kai/Documents/airflowalura/venv/lib/python3.9/site-packages/airflow/example_dags/example_dag_decorator.py
[2024-08-12 22:45:35,337] {logging_mixin.py:115} INFO - [2024-08-12 22:45:35,337] {dag.py:2379} INFO - Sync 1 DAGs
[2024-08-12 22:45:35,349] {logging_mixin.py:115} INFO - [2024-08-12 22:45:35,348] {dag.py:2927} INFO - Setting next_dagrun for example_dag_decorator to None, run_after=None
[2024-08-12 22:45:35,358] {processor.py:161} INFO - Processing /home/kai/Documents/airflowalura/venv/lib/python3.9/site-packages/airflow/example_dags/example_dag_decorator.py took 0.078 seconds
[2024-08-12 22:46:11,086] {processor.py:153} INFO - Started process (PID=8915) to work on /home/kai/Documents/airflowalura/venv/lib/python3.9/site-packages/airflow/example_dags/example_dag_decorator.py
[2024-08-12 22:46:11,087] {processor.py:641} INFO - Processing file /home/kai/Documents/airflowalura/venv/lib/python3.9/site-packages/airflow/example_dags/example_dag_decorator.py for tasks to queue
[2024-08-12 22:46:11,087] {logging_mixin.py:115} INFO - [2024-08-12 22:46:11,087] {dagbag.py:507} INFO - Filling up the DagBag from /home/kai/Documents/airflowalura/venv/lib/python3.9/site-packages/airflow/example_dags/example_dag_decorator.py
[2024-08-12 22:46:11,107] {processor.py:651} INFO - DAG(s) dict_keys(['example_dag_decorator']) retrieved from /home/kai/Documents/airflowalura/venv/lib/python3.9/site-packages/airflow/example_dags/example_dag_decorator.py
[2024-08-12 22:46:11,119] {logging_mixin.py:115} INFO - [2024-08-12 22:46:11,119] {dag.py:2379} INFO - Sync 1 DAGs
[2024-08-12 22:46:11,131] {logging_mixin.py:115} INFO - [2024-08-12 22:46:11,131] {dag.py:2927} INFO - Setting next_dagrun for example_dag_decorator to None, run_after=None
[2024-08-12 22:46:11,140] {processor.py:161} INFO - Processing /home/kai/Documents/airflowalura/venv/lib/python3.9/site-packages/airflow/example_dags/example_dag_decorator.py took 0.057 seconds
[2024-08-12 22:46:43,034] {processor.py:153} INFO - Started process (PID=9084) to work on /home/kai/Documents/airflowalura/venv/lib/python3.9/site-packages/airflow/example_dags/example_dag_decorator.py
[2024-08-12 22:46:43,034] {processor.py:641} INFO - Processing file /home/kai/Documents/airflowalura/venv/lib/python3.9/site-packages/airflow/example_dags/example_dag_decorator.py for tasks to queue
[2024-08-12 22:46:43,035] {logging_mixin.py:115} INFO - [2024-08-12 22:46:43,035] {dagbag.py:507} INFO - Filling up the DagBag from /home/kai/Documents/airflowalura/venv/lib/python3.9/site-packages/airflow/example_dags/example_dag_decorator.py
[2024-08-12 22:46:43,055] {processor.py:651} INFO - DAG(s) dict_keys(['example_dag_decorator']) retrieved from /home/kai/Documents/airflowalura/venv/lib/python3.9/site-packages/airflow/example_dags/example_dag_decorator.py
[2024-08-12 22:46:43,069] {logging_mixin.py:115} INFO - [2024-08-12 22:46:43,069] {dag.py:2379} INFO - Sync 1 DAGs
[2024-08-12 22:46:43,083] {logging_mixin.py:115} INFO - [2024-08-12 22:46:43,083] {dag.py:2927} INFO - Setting next_dagrun for example_dag_decorator to None, run_after=None
[2024-08-12 22:46:43,093] {processor.py:161} INFO - Processing /home/kai/Documents/airflowalura/venv/lib/python3.9/site-packages/airflow/example_dags/example_dag_decorator.py took 0.062 seconds
[2024-08-12 22:47:17,853] {processor.py:153} INFO - Started process (PID=9283) to work on /home/kai/Documents/airflowalura/venv/lib/python3.9/site-packages/airflow/example_dags/example_dag_decorator.py
[2024-08-12 22:47:17,854] {processor.py:641} INFO - Processing file /home/kai/Documents/airflowalura/venv/lib/python3.9/site-packages/airflow/example_dags/example_dag_decorator.py for tasks to queue
[2024-08-12 22:47:17,854] {logging_mixin.py:115} INFO - [2024-08-12 22:47:17,854] {dagbag.py:507} INFO - Filling up the DagBag from /home/kai/Documents/airflowalura/venv/lib/python3.9/site-packages/airflow/example_dags/example_dag_decorator.py
[2024-08-12 22:47:17,874] {processor.py:651} INFO - DAG(s) dict_keys(['example_dag_decorator']) retrieved from /home/kai/Documents/airflowalura/venv/lib/python3.9/site-packages/airflow/example_dags/example_dag_decorator.py
[2024-08-12 22:47:17,886] {logging_mixin.py:115} INFO - [2024-08-12 22:47:17,885] {dag.py:2379} INFO - Sync 1 DAGs
[2024-08-12 22:47:17,898] {logging_mixin.py:115} INFO - [2024-08-12 22:47:17,898] {dag.py:2927} INFO - Setting next_dagrun for example_dag_decorator to None, run_after=None
[2024-08-12 22:47:17,907] {processor.py:161} INFO - Processing /home/kai/Documents/airflowalura/venv/lib/python3.9/site-packages/airflow/example_dags/example_dag_decorator.py took 0.056 seconds
[2024-08-12 22:47:51,444] {processor.py:153} INFO - Started process (PID=9481) to work on /home/kai/Documents/airflowalura/venv/lib/python3.9/site-packages/airflow/example_dags/example_dag_decorator.py
[2024-08-12 22:47:51,445] {processor.py:641} INFO - Processing file /home/kai/Documents/airflowalura/venv/lib/python3.9/site-packages/airflow/example_dags/example_dag_decorator.py for tasks to queue
[2024-08-12 22:47:51,446] {logging_mixin.py:115} INFO - [2024-08-12 22:47:51,446] {dagbag.py:507} INFO - Filling up the DagBag from /home/kai/Documents/airflowalura/venv/lib/python3.9/site-packages/airflow/example_dags/example_dag_decorator.py
[2024-08-12 22:47:51,472] {processor.py:651} INFO - DAG(s) dict_keys(['example_dag_decorator']) retrieved from /home/kai/Documents/airflowalura/venv/lib/python3.9/site-packages/airflow/example_dags/example_dag_decorator.py
[2024-08-12 22:47:51,483] {logging_mixin.py:115} INFO - [2024-08-12 22:47:51,483] {dag.py:2379} INFO - Sync 1 DAGs
[2024-08-12 22:47:51,495] {logging_mixin.py:115} INFO - [2024-08-12 22:47:51,495] {dag.py:2927} INFO - Setting next_dagrun for example_dag_decorator to None, run_after=None
[2024-08-12 22:47:51,503] {processor.py:161} INFO - Processing /home/kai/Documents/airflowalura/venv/lib/python3.9/site-packages/airflow/example_dags/example_dag_decorator.py took 0.063 seconds
[2024-08-12 22:48:28,509] {processor.py:153} INFO - Started process (PID=9678) to work on /home/kai/Documents/airflowalura/venv/lib/python3.9/site-packages/airflow/example_dags/example_dag_decorator.py
[2024-08-12 22:48:28,509] {processor.py:641} INFO - Processing file /home/kai/Documents/airflowalura/venv/lib/python3.9/site-packages/airflow/example_dags/example_dag_decorator.py for tasks to queue
[2024-08-12 22:48:28,510] {logging_mixin.py:115} INFO - [2024-08-12 22:48:28,510] {dagbag.py:507} INFO - Filling up the DagBag from /home/kai/Documents/airflowalura/venv/lib/python3.9/site-packages/airflow/example_dags/example_dag_decorator.py
[2024-08-12 22:48:28,535] {processor.py:651} INFO - DAG(s) dict_keys(['example_dag_decorator']) retrieved from /home/kai/Documents/airflowalura/venv/lib/python3.9/site-packages/airflow/example_dags/example_dag_decorator.py
[2024-08-12 22:48:28,546] {logging_mixin.py:115} INFO - [2024-08-12 22:48:28,546] {dag.py:2379} INFO - Sync 1 DAGs
[2024-08-12 22:48:28,558] {logging_mixin.py:115} INFO - [2024-08-12 22:48:28,558] {dag.py:2927} INFO - Setting next_dagrun for example_dag_decorator to None, run_after=None
[2024-08-12 22:48:28,567] {processor.py:161} INFO - Processing /home/kai/Documents/airflowalura/venv/lib/python3.9/site-packages/airflow/example_dags/example_dag_decorator.py took 0.060 seconds
[2024-08-12 22:49:01,572] {processor.py:153} INFO - Started process (PID=9867) to work on /home/kai/Documents/airflowalura/venv/lib/python3.9/site-packages/airflow/example_dags/example_dag_decorator.py
[2024-08-12 22:49:01,573] {processor.py:641} INFO - Processing file /home/kai/Documents/airflowalura/venv/lib/python3.9/site-packages/airflow/example_dags/example_dag_decorator.py for tasks to queue
[2024-08-12 22:49:01,573] {logging_mixin.py:115} INFO - [2024-08-12 22:49:01,573] {dagbag.py:507} INFO - Filling up the DagBag from /home/kai/Documents/airflowalura/venv/lib/python3.9/site-packages/airflow/example_dags/example_dag_decorator.py
[2024-08-12 22:49:01,594] {processor.py:651} INFO - DAG(s) dict_keys(['example_dag_decorator']) retrieved from /home/kai/Documents/airflowalura/venv/lib/python3.9/site-packages/airflow/example_dags/example_dag_decorator.py
[2024-08-12 22:49:01,605] {logging_mixin.py:115} INFO - [2024-08-12 22:49:01,605] {dag.py:2379} INFO - Sync 1 DAGs
[2024-08-12 22:49:01,618] {logging_mixin.py:115} INFO - [2024-08-12 22:49:01,618] {dag.py:2927} INFO - Setting next_dagrun for example_dag_decorator to None, run_after=None
[2024-08-12 22:49:01,628] {processor.py:161} INFO - Processing /home/kai/Documents/airflowalura/venv/lib/python3.9/site-packages/airflow/example_dags/example_dag_decorator.py took 0.058 seconds
[2024-08-12 22:49:35,837] {processor.py:153} INFO - Started process (PID=10058) to work on /home/kai/Documents/airflowalura/venv/lib/python3.9/site-packages/airflow/example_dags/example_dag_decorator.py
[2024-08-12 22:49:35,838] {processor.py:641} INFO - Processing file /home/kai/Documents/airflowalura/venv/lib/python3.9/site-packages/airflow/example_dags/example_dag_decorator.py for tasks to queue
[2024-08-12 22:49:35,838] {logging_mixin.py:115} INFO - [2024-08-12 22:49:35,838] {dagbag.py:507} INFO - Filling up the DagBag from /home/kai/Documents/airflowalura/venv/lib/python3.9/site-packages/airflow/example_dags/example_dag_decorator.py
[2024-08-12 22:49:35,859] {processor.py:651} INFO - DAG(s) dict_keys(['example_dag_decorator']) retrieved from /home/kai/Documents/airflowalura/venv/lib/python3.9/site-packages/airflow/example_dags/example_dag_decorator.py
[2024-08-12 22:49:35,871] {logging_mixin.py:115} INFO - [2024-08-12 22:49:35,871] {dag.py:2379} INFO - Sync 1 DAGs
[2024-08-12 22:49:35,883] {logging_mixin.py:115} INFO - [2024-08-12 22:49:35,883] {dag.py:2927} INFO - Setting next_dagrun for example_dag_decorator to None, run_after=None
[2024-08-12 22:49:35,891] {processor.py:161} INFO - Processing /home/kai/Documents/airflowalura/venv/lib/python3.9/site-packages/airflow/example_dags/example_dag_decorator.py took 0.056 seconds
[2024-08-12 22:50:07,485] {processor.py:153} INFO - Started process (PID=10238) to work on /home/kai/Documents/airflowalura/venv/lib/python3.9/site-packages/airflow/example_dags/example_dag_decorator.py
[2024-08-12 22:50:07,486] {processor.py:641} INFO - Processing file /home/kai/Documents/airflowalura/venv/lib/python3.9/site-packages/airflow/example_dags/example_dag_decorator.py for tasks to queue
[2024-08-12 22:50:07,486] {logging_mixin.py:115} INFO - [2024-08-12 22:50:07,486] {dagbag.py:507} INFO - Filling up the DagBag from /home/kai/Documents/airflowalura/venv/lib/python3.9/site-packages/airflow/example_dags/example_dag_decorator.py
[2024-08-12 22:50:07,507] {processor.py:651} INFO - DAG(s) dict_keys(['example_dag_decorator']) retrieved from /home/kai/Documents/airflowalura/venv/lib/python3.9/site-packages/airflow/example_dags/example_dag_decorator.py
[2024-08-12 22:50:07,520] {logging_mixin.py:115} INFO - [2024-08-12 22:50:07,519] {dag.py:2379} INFO - Sync 1 DAGs
[2024-08-12 22:50:07,532] {logging_mixin.py:115} INFO - [2024-08-12 22:50:07,532] {dag.py:2927} INFO - Setting next_dagrun for example_dag_decorator to None, run_after=None
[2024-08-12 22:50:07,542] {processor.py:161} INFO - Processing /home/kai/Documents/airflowalura/venv/lib/python3.9/site-packages/airflow/example_dags/example_dag_decorator.py took 0.059 seconds
[2024-08-12 22:50:43,076] {processor.py:153} INFO - Started process (PID=10482) to work on /home/kai/Documents/airflowalura/venv/lib/python3.9/site-packages/airflow/example_dags/example_dag_decorator.py
[2024-08-12 22:50:43,077] {processor.py:641} INFO - Processing file /home/kai/Documents/airflowalura/venv/lib/python3.9/site-packages/airflow/example_dags/example_dag_decorator.py for tasks to queue
[2024-08-12 22:50:43,077] {logging_mixin.py:115} INFO - [2024-08-12 22:50:43,077] {dagbag.py:507} INFO - Filling up the DagBag from /home/kai/Documents/airflowalura/venv/lib/python3.9/site-packages/airflow/example_dags/example_dag_decorator.py
[2024-08-12 22:50:43,097] {processor.py:651} INFO - DAG(s) dict_keys(['example_dag_decorator']) retrieved from /home/kai/Documents/airflowalura/venv/lib/python3.9/site-packages/airflow/example_dags/example_dag_decorator.py
[2024-08-12 22:50:43,129] {logging_mixin.py:115} INFO - [2024-08-12 22:50:43,129] {dag.py:2379} INFO - Sync 1 DAGs
[2024-08-12 22:50:43,143] {logging_mixin.py:115} INFO - [2024-08-12 22:50:43,142] {dag.py:2927} INFO - Setting next_dagrun for example_dag_decorator to None, run_after=None
[2024-08-12 22:50:43,155] {processor.py:161} INFO - Processing /home/kai/Documents/airflowalura/venv/lib/python3.9/site-packages/airflow/example_dags/example_dag_decorator.py took 0.081 seconds
[2024-08-12 22:51:17,134] {processor.py:153} INFO - Started process (PID=10683) to work on /home/kai/Documents/airflowalura/venv/lib/python3.9/site-packages/airflow/example_dags/example_dag_decorator.py
[2024-08-12 22:51:17,135] {processor.py:641} INFO - Processing file /home/kai/Documents/airflowalura/venv/lib/python3.9/site-packages/airflow/example_dags/example_dag_decorator.py for tasks to queue
[2024-08-12 22:51:17,136] {logging_mixin.py:115} INFO - [2024-08-12 22:51:17,136] {dagbag.py:507} INFO - Filling up the DagBag from /home/kai/Documents/airflowalura/venv/lib/python3.9/site-packages/airflow/example_dags/example_dag_decorator.py
[2024-08-12 22:51:17,157] {processor.py:651} INFO - DAG(s) dict_keys(['example_dag_decorator']) retrieved from /home/kai/Documents/airflowalura/venv/lib/python3.9/site-packages/airflow/example_dags/example_dag_decorator.py
[2024-08-12 22:51:17,168] {logging_mixin.py:115} INFO - [2024-08-12 22:51:17,168] {dag.py:2379} INFO - Sync 1 DAGs
[2024-08-12 22:51:17,180] {logging_mixin.py:115} INFO - [2024-08-12 22:51:17,180] {dag.py:2927} INFO - Setting next_dagrun for example_dag_decorator to None, run_after=None
[2024-08-12 22:51:17,190] {processor.py:161} INFO - Processing /home/kai/Documents/airflowalura/venv/lib/python3.9/site-packages/airflow/example_dags/example_dag_decorator.py took 0.059 seconds
[2024-08-12 22:51:54,403] {processor.py:153} INFO - Started process (PID=10888) to work on /home/kai/Documents/airflowalura/venv/lib/python3.9/site-packages/airflow/example_dags/example_dag_decorator.py
[2024-08-12 22:51:54,404] {processor.py:641} INFO - Processing file /home/kai/Documents/airflowalura/venv/lib/python3.9/site-packages/airflow/example_dags/example_dag_decorator.py for tasks to queue
[2024-08-12 22:51:54,405] {logging_mixin.py:115} INFO - [2024-08-12 22:51:54,405] {dagbag.py:507} INFO - Filling up the DagBag from /home/kai/Documents/airflowalura/venv/lib/python3.9/site-packages/airflow/example_dags/example_dag_decorator.py
[2024-08-12 22:51:54,426] {processor.py:651} INFO - DAG(s) dict_keys(['example_dag_decorator']) retrieved from /home/kai/Documents/airflowalura/venv/lib/python3.9/site-packages/airflow/example_dags/example_dag_decorator.py
[2024-08-12 22:51:54,458] {logging_mixin.py:115} INFO - [2024-08-12 22:51:54,457] {dag.py:2379} INFO - Sync 1 DAGs
[2024-08-12 22:51:54,468] {logging_mixin.py:115} INFO - [2024-08-12 22:51:54,468] {dag.py:2927} INFO - Setting next_dagrun for example_dag_decorator to None, run_after=None
[2024-08-12 22:51:54,478] {processor.py:161} INFO - Processing /home/kai/Documents/airflowalura/venv/lib/python3.9/site-packages/airflow/example_dags/example_dag_decorator.py took 0.077 seconds
[2024-08-12 22:52:31,318] {processor.py:153} INFO - Started process (PID=11090) to work on /home/kai/Documents/airflowalura/venv/lib/python3.9/site-packages/airflow/example_dags/example_dag_decorator.py
[2024-08-12 22:52:31,320] {processor.py:641} INFO - Processing file /home/kai/Documents/airflowalura/venv/lib/python3.9/site-packages/airflow/example_dags/example_dag_decorator.py for tasks to queue
[2024-08-12 22:52:31,320] {logging_mixin.py:115} INFO - [2024-08-12 22:52:31,320] {dagbag.py:507} INFO - Filling up the DagBag from /home/kai/Documents/airflowalura/venv/lib/python3.9/site-packages/airflow/example_dags/example_dag_decorator.py
[2024-08-12 22:52:31,349] {processor.py:651} INFO - DAG(s) dict_keys(['example_dag_decorator']) retrieved from /home/kai/Documents/airflowalura/venv/lib/python3.9/site-packages/airflow/example_dags/example_dag_decorator.py
[2024-08-12 22:52:31,364] {logging_mixin.py:115} INFO - [2024-08-12 22:52:31,364] {dag.py:2379} INFO - Sync 1 DAGs
[2024-08-12 22:52:31,377] {logging_mixin.py:115} INFO - [2024-08-12 22:52:31,377] {dag.py:2927} INFO - Setting next_dagrun for example_dag_decorator to None, run_after=None
[2024-08-12 22:52:31,386] {processor.py:161} INFO - Processing /home/kai/Documents/airflowalura/venv/lib/python3.9/site-packages/airflow/example_dags/example_dag_decorator.py took 0.073 seconds
[2024-08-12 22:53:06,767] {processor.py:153} INFO - Started process (PID=11286) to work on /home/kai/Documents/airflowalura/venv/lib/python3.9/site-packages/airflow/example_dags/example_dag_decorator.py
[2024-08-12 22:53:06,768] {processor.py:641} INFO - Processing file /home/kai/Documents/airflowalura/venv/lib/python3.9/site-packages/airflow/example_dags/example_dag_decorator.py for tasks to queue
[2024-08-12 22:53:06,769] {logging_mixin.py:115} INFO - [2024-08-12 22:53:06,768] {dagbag.py:507} INFO - Filling up the DagBag from /home/kai/Documents/airflowalura/venv/lib/python3.9/site-packages/airflow/example_dags/example_dag_decorator.py
[2024-08-12 22:53:06,790] {processor.py:651} INFO - DAG(s) dict_keys(['example_dag_decorator']) retrieved from /home/kai/Documents/airflowalura/venv/lib/python3.9/site-packages/airflow/example_dags/example_dag_decorator.py
[2024-08-12 22:53:06,801] {logging_mixin.py:115} INFO - [2024-08-12 22:53:06,801] {dag.py:2379} INFO - Sync 1 DAGs
[2024-08-12 22:53:06,813] {logging_mixin.py:115} INFO - [2024-08-12 22:53:06,813] {dag.py:2927} INFO - Setting next_dagrun for example_dag_decorator to None, run_after=None
[2024-08-12 22:53:06,821] {processor.py:161} INFO - Processing /home/kai/Documents/airflowalura/venv/lib/python3.9/site-packages/airflow/example_dags/example_dag_decorator.py took 0.057 seconds
[2024-08-12 22:53:40,428] {processor.py:153} INFO - Started process (PID=11474) to work on /home/kai/Documents/airflowalura/venv/lib/python3.9/site-packages/airflow/example_dags/example_dag_decorator.py
[2024-08-12 22:53:40,428] {processor.py:641} INFO - Processing file /home/kai/Documents/airflowalura/venv/lib/python3.9/site-packages/airflow/example_dags/example_dag_decorator.py for tasks to queue
[2024-08-12 22:53:40,429] {logging_mixin.py:115} INFO - [2024-08-12 22:53:40,429] {dagbag.py:507} INFO - Filling up the DagBag from /home/kai/Documents/airflowalura/venv/lib/python3.9/site-packages/airflow/example_dags/example_dag_decorator.py
[2024-08-12 22:53:40,450] {processor.py:651} INFO - DAG(s) dict_keys(['example_dag_decorator']) retrieved from /home/kai/Documents/airflowalura/venv/lib/python3.9/site-packages/airflow/example_dags/example_dag_decorator.py
[2024-08-12 22:53:40,461] {logging_mixin.py:115} INFO - [2024-08-12 22:53:40,461] {dag.py:2379} INFO - Sync 1 DAGs
[2024-08-12 22:53:40,473] {logging_mixin.py:115} INFO - [2024-08-12 22:53:40,473] {dag.py:2927} INFO - Setting next_dagrun for example_dag_decorator to None, run_after=None
[2024-08-12 22:53:40,482] {processor.py:161} INFO - Processing /home/kai/Documents/airflowalura/venv/lib/python3.9/site-packages/airflow/example_dags/example_dag_decorator.py took 0.056 seconds
[2024-08-12 22:54:19,189] {processor.py:153} INFO - Started process (PID=11693) to work on /home/kai/Documents/airflowalura/venv/lib/python3.9/site-packages/airflow/example_dags/example_dag_decorator.py
[2024-08-12 22:54:19,190] {processor.py:641} INFO - Processing file /home/kai/Documents/airflowalura/venv/lib/python3.9/site-packages/airflow/example_dags/example_dag_decorator.py for tasks to queue
[2024-08-12 22:54:19,190] {logging_mixin.py:115} INFO - [2024-08-12 22:54:19,190] {dagbag.py:507} INFO - Filling up the DagBag from /home/kai/Documents/airflowalura/venv/lib/python3.9/site-packages/airflow/example_dags/example_dag_decorator.py
[2024-08-12 22:54:19,211] {processor.py:651} INFO - DAG(s) dict_keys(['example_dag_decorator']) retrieved from /home/kai/Documents/airflowalura/venv/lib/python3.9/site-packages/airflow/example_dags/example_dag_decorator.py
[2024-08-12 22:54:19,223] {logging_mixin.py:115} INFO - [2024-08-12 22:54:19,222] {dag.py:2379} INFO - Sync 1 DAGs
[2024-08-12 22:54:19,235] {logging_mixin.py:115} INFO - [2024-08-12 22:54:19,235] {dag.py:2927} INFO - Setting next_dagrun for example_dag_decorator to None, run_after=None
[2024-08-12 22:54:19,244] {processor.py:161} INFO - Processing /home/kai/Documents/airflowalura/venv/lib/python3.9/site-packages/airflow/example_dags/example_dag_decorator.py took 0.057 seconds
[2024-08-12 22:54:54,422] {processor.py:153} INFO - Started process (PID=11889) to work on /home/kai/Documents/airflowalura/venv/lib/python3.9/site-packages/airflow/example_dags/example_dag_decorator.py
[2024-08-12 22:54:54,423] {processor.py:641} INFO - Processing file /home/kai/Documents/airflowalura/venv/lib/python3.9/site-packages/airflow/example_dags/example_dag_decorator.py for tasks to queue
[2024-08-12 22:54:54,424] {logging_mixin.py:115} INFO - [2024-08-12 22:54:54,424] {dagbag.py:507} INFO - Filling up the DagBag from /home/kai/Documents/airflowalura/venv/lib/python3.9/site-packages/airflow/example_dags/example_dag_decorator.py
[2024-08-12 22:54:54,444] {processor.py:651} INFO - DAG(s) dict_keys(['example_dag_decorator']) retrieved from /home/kai/Documents/airflowalura/venv/lib/python3.9/site-packages/airflow/example_dags/example_dag_decorator.py
[2024-08-12 22:54:54,455] {logging_mixin.py:115} INFO - [2024-08-12 22:54:54,455] {dag.py:2379} INFO - Sync 1 DAGs
[2024-08-12 22:54:54,469] {logging_mixin.py:115} INFO - [2024-08-12 22:54:54,469] {dag.py:2927} INFO - Setting next_dagrun for example_dag_decorator to None, run_after=None
[2024-08-12 22:54:54,479] {processor.py:161} INFO - Processing /home/kai/Documents/airflowalura/venv/lib/python3.9/site-packages/airflow/example_dags/example_dag_decorator.py took 0.060 seconds
[2024-08-12 22:55:29,233] {processor.py:153} INFO - Started process (PID=12128) to work on /home/kai/Documents/airflowalura/venv/lib/python3.9/site-packages/airflow/example_dags/example_dag_decorator.py
[2024-08-12 22:55:29,234] {processor.py:641} INFO - Processing file /home/kai/Documents/airflowalura/venv/lib/python3.9/site-packages/airflow/example_dags/example_dag_decorator.py for tasks to queue
[2024-08-12 22:55:29,235] {logging_mixin.py:115} INFO - [2024-08-12 22:55:29,235] {dagbag.py:507} INFO - Filling up the DagBag from /home/kai/Documents/airflowalura/venv/lib/python3.9/site-packages/airflow/example_dags/example_dag_decorator.py
[2024-08-12 22:55:29,258] {processor.py:651} INFO - DAG(s) dict_keys(['example_dag_decorator']) retrieved from /home/kai/Documents/airflowalura/venv/lib/python3.9/site-packages/airflow/example_dags/example_dag_decorator.py
[2024-08-12 22:55:29,290] {logging_mixin.py:115} INFO - [2024-08-12 22:55:29,290] {dag.py:2379} INFO - Sync 1 DAGs
[2024-08-12 22:55:29,301] {logging_mixin.py:115} INFO - [2024-08-12 22:55:29,300] {dag.py:2927} INFO - Setting next_dagrun for example_dag_decorator to None, run_after=None
[2024-08-12 22:55:29,312] {processor.py:161} INFO - Processing /home/kai/Documents/airflowalura/venv/lib/python3.9/site-packages/airflow/example_dags/example_dag_decorator.py took 0.081 seconds
[2024-08-12 22:56:01,368] {processor.py:153} INFO - Started process (PID=12332) to work on /home/kai/Documents/airflowalura/venv/lib/python3.9/site-packages/airflow/example_dags/example_dag_decorator.py
[2024-08-12 22:56:01,369] {processor.py:641} INFO - Processing file /home/kai/Documents/airflowalura/venv/lib/python3.9/site-packages/airflow/example_dags/example_dag_decorator.py for tasks to queue
[2024-08-12 22:56:01,369] {logging_mixin.py:115} INFO - [2024-08-12 22:56:01,369] {dagbag.py:507} INFO - Filling up the DagBag from /home/kai/Documents/airflowalura/venv/lib/python3.9/site-packages/airflow/example_dags/example_dag_decorator.py
[2024-08-12 22:56:01,389] {processor.py:651} INFO - DAG(s) dict_keys(['example_dag_decorator']) retrieved from /home/kai/Documents/airflowalura/venv/lib/python3.9/site-packages/airflow/example_dags/example_dag_decorator.py
[2024-08-12 22:56:01,401] {logging_mixin.py:115} INFO - [2024-08-12 22:56:01,401] {dag.py:2379} INFO - Sync 1 DAGs
[2024-08-12 22:56:01,414] {logging_mixin.py:115} INFO - [2024-08-12 22:56:01,414] {dag.py:2927} INFO - Setting next_dagrun for example_dag_decorator to None, run_after=None
[2024-08-12 22:56:01,423] {processor.py:161} INFO - Processing /home/kai/Documents/airflowalura/venv/lib/python3.9/site-packages/airflow/example_dags/example_dag_decorator.py took 0.058 seconds
[2024-08-12 22:56:37,148] {processor.py:153} INFO - Started process (PID=12542) to work on /home/kai/Documents/airflowalura/venv/lib/python3.9/site-packages/airflow/example_dags/example_dag_decorator.py
[2024-08-12 22:56:37,149] {processor.py:641} INFO - Processing file /home/kai/Documents/airflowalura/venv/lib/python3.9/site-packages/airflow/example_dags/example_dag_decorator.py for tasks to queue
[2024-08-12 22:56:37,149] {logging_mixin.py:115} INFO - [2024-08-12 22:56:37,149] {dagbag.py:507} INFO - Filling up the DagBag from /home/kai/Documents/airflowalura/venv/lib/python3.9/site-packages/airflow/example_dags/example_dag_decorator.py
[2024-08-12 22:56:37,170] {processor.py:651} INFO - DAG(s) dict_keys(['example_dag_decorator']) retrieved from /home/kai/Documents/airflowalura/venv/lib/python3.9/site-packages/airflow/example_dags/example_dag_decorator.py
[2024-08-12 22:56:37,181] {logging_mixin.py:115} INFO - [2024-08-12 22:56:37,181] {dag.py:2379} INFO - Sync 1 DAGs
[2024-08-12 22:56:37,193] {logging_mixin.py:115} INFO - [2024-08-12 22:56:37,193] {dag.py:2927} INFO - Setting next_dagrun for example_dag_decorator to None, run_after=None
[2024-08-12 22:56:37,201] {processor.py:161} INFO - Processing /home/kai/Documents/airflowalura/venv/lib/python3.9/site-packages/airflow/example_dags/example_dag_decorator.py took 0.056 seconds
[2024-08-12 22:57:09,659] {processor.py:153} INFO - Started process (PID=12726) to work on /home/kai/Documents/airflowalura/venv/lib/python3.9/site-packages/airflow/example_dags/example_dag_decorator.py
[2024-08-12 22:57:09,660] {processor.py:641} INFO - Processing file /home/kai/Documents/airflowalura/venv/lib/python3.9/site-packages/airflow/example_dags/example_dag_decorator.py for tasks to queue
[2024-08-12 22:57:09,660] {logging_mixin.py:115} INFO - [2024-08-12 22:57:09,660] {dagbag.py:507} INFO - Filling up the DagBag from /home/kai/Documents/airflowalura/venv/lib/python3.9/site-packages/airflow/example_dags/example_dag_decorator.py
[2024-08-12 22:57:09,680] {processor.py:651} INFO - DAG(s) dict_keys(['example_dag_decorator']) retrieved from /home/kai/Documents/airflowalura/venv/lib/python3.9/site-packages/airflow/example_dags/example_dag_decorator.py
[2024-08-12 22:57:09,691] {logging_mixin.py:115} INFO - [2024-08-12 22:57:09,691] {dag.py:2379} INFO - Sync 1 DAGs
[2024-08-12 22:57:09,703] {logging_mixin.py:115} INFO - [2024-08-12 22:57:09,703] {dag.py:2927} INFO - Setting next_dagrun for example_dag_decorator to None, run_after=None
[2024-08-12 22:57:09,711] {processor.py:161} INFO - Processing /home/kai/Documents/airflowalura/venv/lib/python3.9/site-packages/airflow/example_dags/example_dag_decorator.py took 0.054 seconds
[2024-08-12 22:57:43,717] {processor.py:153} INFO - Started process (PID=12911) to work on /home/kai/Documents/airflowalura/venv/lib/python3.9/site-packages/airflow/example_dags/example_dag_decorator.py
[2024-08-12 22:57:43,718] {processor.py:641} INFO - Processing file /home/kai/Documents/airflowalura/venv/lib/python3.9/site-packages/airflow/example_dags/example_dag_decorator.py for tasks to queue
[2024-08-12 22:57:43,718] {logging_mixin.py:115} INFO - [2024-08-12 22:57:43,718] {dagbag.py:507} INFO - Filling up the DagBag from /home/kai/Documents/airflowalura/venv/lib/python3.9/site-packages/airflow/example_dags/example_dag_decorator.py
[2024-08-12 22:57:43,740] {processor.py:651} INFO - DAG(s) dict_keys(['example_dag_decorator']) retrieved from /home/kai/Documents/airflowalura/venv/lib/python3.9/site-packages/airflow/example_dags/example_dag_decorator.py
[2024-08-12 22:57:43,752] {logging_mixin.py:115} INFO - [2024-08-12 22:57:43,752] {dag.py:2379} INFO - Sync 1 DAGs
[2024-08-12 22:57:43,764] {logging_mixin.py:115} INFO - [2024-08-12 22:57:43,764] {dag.py:2927} INFO - Setting next_dagrun for example_dag_decorator to None, run_after=None
[2024-08-12 22:57:43,773] {processor.py:161} INFO - Processing /home/kai/Documents/airflowalura/venv/lib/python3.9/site-packages/airflow/example_dags/example_dag_decorator.py took 0.058 seconds
[2024-08-12 22:58:19,743] {processor.py:153} INFO - Started process (PID=13106) to work on /home/kai/Documents/airflowalura/venv/lib/python3.9/site-packages/airflow/example_dags/example_dag_decorator.py
[2024-08-12 22:58:19,743] {processor.py:641} INFO - Processing file /home/kai/Documents/airflowalura/venv/lib/python3.9/site-packages/airflow/example_dags/example_dag_decorator.py for tasks to queue
[2024-08-12 22:58:19,744] {logging_mixin.py:115} INFO - [2024-08-12 22:58:19,744] {dagbag.py:507} INFO - Filling up the DagBag from /home/kai/Documents/airflowalura/venv/lib/python3.9/site-packages/airflow/example_dags/example_dag_decorator.py
[2024-08-12 22:58:19,765] {processor.py:651} INFO - DAG(s) dict_keys(['example_dag_decorator']) retrieved from /home/kai/Documents/airflowalura/venv/lib/python3.9/site-packages/airflow/example_dags/example_dag_decorator.py
[2024-08-12 22:58:19,779] {logging_mixin.py:115} INFO - [2024-08-12 22:58:19,779] {dag.py:2379} INFO - Sync 1 DAGs
[2024-08-12 22:58:19,797] {logging_mixin.py:115} INFO - [2024-08-12 22:58:19,797] {dag.py:2927} INFO - Setting next_dagrun for example_dag_decorator to None, run_after=None
[2024-08-12 22:58:19,808] {processor.py:161} INFO - Processing /home/kai/Documents/airflowalura/venv/lib/python3.9/site-packages/airflow/example_dags/example_dag_decorator.py took 0.067 seconds
[2024-08-12 22:58:53,433] {processor.py:153} INFO - Started process (PID=13297) to work on /home/kai/Documents/airflowalura/venv/lib/python3.9/site-packages/airflow/example_dags/example_dag_decorator.py
[2024-08-12 22:58:53,433] {processor.py:641} INFO - Processing file /home/kai/Documents/airflowalura/venv/lib/python3.9/site-packages/airflow/example_dags/example_dag_decorator.py for tasks to queue
[2024-08-12 22:58:53,434] {logging_mixin.py:115} INFO - [2024-08-12 22:58:53,434] {dagbag.py:507} INFO - Filling up the DagBag from /home/kai/Documents/airflowalura/venv/lib/python3.9/site-packages/airflow/example_dags/example_dag_decorator.py
[2024-08-12 22:58:53,457] {processor.py:651} INFO - DAG(s) dict_keys(['example_dag_decorator']) retrieved from /home/kai/Documents/airflowalura/venv/lib/python3.9/site-packages/airflow/example_dags/example_dag_decorator.py
[2024-08-12 22:58:53,469] {logging_mixin.py:115} INFO - [2024-08-12 22:58:53,469] {dag.py:2379} INFO - Sync 1 DAGs
[2024-08-12 22:58:53,482] {logging_mixin.py:115} INFO - [2024-08-12 22:58:53,482] {dag.py:2927} INFO - Setting next_dagrun for example_dag_decorator to None, run_after=None
[2024-08-12 22:58:53,490] {processor.py:161} INFO - Processing /home/kai/Documents/airflowalura/venv/lib/python3.9/site-packages/airflow/example_dags/example_dag_decorator.py took 0.062 seconds
[2024-08-12 22:59:26,929] {processor.py:153} INFO - Started process (PID=13481) to work on /home/kai/Documents/airflowalura/venv/lib/python3.9/site-packages/airflow/example_dags/example_dag_decorator.py
[2024-08-12 22:59:26,930] {processor.py:641} INFO - Processing file /home/kai/Documents/airflowalura/venv/lib/python3.9/site-packages/airflow/example_dags/example_dag_decorator.py for tasks to queue
[2024-08-12 22:59:26,931] {logging_mixin.py:115} INFO - [2024-08-12 22:59:26,930] {dagbag.py:507} INFO - Filling up the DagBag from /home/kai/Documents/airflowalura/venv/lib/python3.9/site-packages/airflow/example_dags/example_dag_decorator.py
[2024-08-12 22:59:26,953] {processor.py:651} INFO - DAG(s) dict_keys(['example_dag_decorator']) retrieved from /home/kai/Documents/airflowalura/venv/lib/python3.9/site-packages/airflow/example_dags/example_dag_decorator.py
[2024-08-12 22:59:26,965] {logging_mixin.py:115} INFO - [2024-08-12 22:59:26,965] {dag.py:2379} INFO - Sync 1 DAGs
[2024-08-12 22:59:26,977] {logging_mixin.py:115} INFO - [2024-08-12 22:59:26,977] {dag.py:2927} INFO - Setting next_dagrun for example_dag_decorator to None, run_after=None
[2024-08-12 22:59:26,986] {processor.py:161} INFO - Processing /home/kai/Documents/airflowalura/venv/lib/python3.9/site-packages/airflow/example_dags/example_dag_decorator.py took 0.060 seconds
[2024-08-12 23:00:02,440] {processor.py:153} INFO - Started process (PID=13684) to work on /home/kai/Documents/airflowalura/venv/lib/python3.9/site-packages/airflow/example_dags/example_dag_decorator.py
[2024-08-12 23:00:02,440] {processor.py:641} INFO - Processing file /home/kai/Documents/airflowalura/venv/lib/python3.9/site-packages/airflow/example_dags/example_dag_decorator.py for tasks to queue
[2024-08-12 23:00:02,441] {logging_mixin.py:115} INFO - [2024-08-12 23:00:02,441] {dagbag.py:507} INFO - Filling up the DagBag from /home/kai/Documents/airflowalura/venv/lib/python3.9/site-packages/airflow/example_dags/example_dag_decorator.py
[2024-08-12 23:00:02,463] {processor.py:651} INFO - DAG(s) dict_keys(['example_dag_decorator']) retrieved from /home/kai/Documents/airflowalura/venv/lib/python3.9/site-packages/airflow/example_dags/example_dag_decorator.py
[2024-08-12 23:00:02,474] {logging_mixin.py:115} INFO - [2024-08-12 23:00:02,474] {dag.py:2379} INFO - Sync 1 DAGs
[2024-08-12 23:00:02,486] {logging_mixin.py:115} INFO - [2024-08-12 23:00:02,486] {dag.py:2927} INFO - Setting next_dagrun for example_dag_decorator to None, run_after=None
[2024-08-12 23:00:02,495] {processor.py:161} INFO - Processing /home/kai/Documents/airflowalura/venv/lib/python3.9/site-packages/airflow/example_dags/example_dag_decorator.py took 0.058 seconds
[2024-08-12 23:00:37,114] {processor.py:153} INFO - Started process (PID=13936) to work on /home/kai/Documents/airflowalura/venv/lib/python3.9/site-packages/airflow/example_dags/example_dag_decorator.py
[2024-08-12 23:00:37,115] {processor.py:641} INFO - Processing file /home/kai/Documents/airflowalura/venv/lib/python3.9/site-packages/airflow/example_dags/example_dag_decorator.py for tasks to queue
[2024-08-12 23:00:37,115] {logging_mixin.py:115} INFO - [2024-08-12 23:00:37,115] {dagbag.py:507} INFO - Filling up the DagBag from /home/kai/Documents/airflowalura/venv/lib/python3.9/site-packages/airflow/example_dags/example_dag_decorator.py
[2024-08-12 23:00:37,136] {processor.py:651} INFO - DAG(s) dict_keys(['example_dag_decorator']) retrieved from /home/kai/Documents/airflowalura/venv/lib/python3.9/site-packages/airflow/example_dags/example_dag_decorator.py
[2024-08-12 23:00:37,167] {logging_mixin.py:115} INFO - [2024-08-12 23:00:37,167] {dag.py:2379} INFO - Sync 1 DAGs
[2024-08-12 23:00:37,179] {logging_mixin.py:115} INFO - [2024-08-12 23:00:37,179] {dag.py:2927} INFO - Setting next_dagrun for example_dag_decorator to None, run_after=None
[2024-08-12 23:00:37,188] {processor.py:161} INFO - Processing /home/kai/Documents/airflowalura/venv/lib/python3.9/site-packages/airflow/example_dags/example_dag_decorator.py took 0.076 seconds
[2024-08-12 23:01:10,798] {processor.py:153} INFO - Started process (PID=14133) to work on /home/kai/Documents/airflowalura/venv/lib/python3.9/site-packages/airflow/example_dags/example_dag_decorator.py
[2024-08-12 23:01:10,799] {processor.py:641} INFO - Processing file /home/kai/Documents/airflowalura/venv/lib/python3.9/site-packages/airflow/example_dags/example_dag_decorator.py for tasks to queue
[2024-08-12 23:01:10,799] {logging_mixin.py:115} INFO - [2024-08-12 23:01:10,799] {dagbag.py:507} INFO - Filling up the DagBag from /home/kai/Documents/airflowalura/venv/lib/python3.9/site-packages/airflow/example_dags/example_dag_decorator.py
[2024-08-12 23:01:10,819] {processor.py:651} INFO - DAG(s) dict_keys(['example_dag_decorator']) retrieved from /home/kai/Documents/airflowalura/venv/lib/python3.9/site-packages/airflow/example_dags/example_dag_decorator.py
[2024-08-12 23:01:10,850] {logging_mixin.py:115} INFO - [2024-08-12 23:01:10,850] {dag.py:2379} INFO - Sync 1 DAGs
[2024-08-12 23:01:10,863] {logging_mixin.py:115} INFO - [2024-08-12 23:01:10,863] {dag.py:2927} INFO - Setting next_dagrun for example_dag_decorator to None, run_after=None
[2024-08-12 23:01:10,873] {processor.py:161} INFO - Processing /home/kai/Documents/airflowalura/venv/lib/python3.9/site-packages/airflow/example_dags/example_dag_decorator.py took 0.077 seconds
[2024-08-12 23:01:46,687] {processor.py:153} INFO - Started process (PID=14333) to work on /home/kai/Documents/airflowalura/venv/lib/python3.9/site-packages/airflow/example_dags/example_dag_decorator.py
[2024-08-12 23:01:46,688] {processor.py:641} INFO - Processing file /home/kai/Documents/airflowalura/venv/lib/python3.9/site-packages/airflow/example_dags/example_dag_decorator.py for tasks to queue
[2024-08-12 23:01:46,688] {logging_mixin.py:115} INFO - [2024-08-12 23:01:46,688] {dagbag.py:507} INFO - Filling up the DagBag from /home/kai/Documents/airflowalura/venv/lib/python3.9/site-packages/airflow/example_dags/example_dag_decorator.py
[2024-08-12 23:01:46,708] {processor.py:651} INFO - DAG(s) dict_keys(['example_dag_decorator']) retrieved from /home/kai/Documents/airflowalura/venv/lib/python3.9/site-packages/airflow/example_dags/example_dag_decorator.py
[2024-08-12 23:01:46,740] {logging_mixin.py:115} INFO - [2024-08-12 23:01:46,740] {dag.py:2379} INFO - Sync 1 DAGs
[2024-08-12 23:01:46,752] {logging_mixin.py:115} INFO - [2024-08-12 23:01:46,752] {dag.py:2927} INFO - Setting next_dagrun for example_dag_decorator to None, run_after=None
[2024-08-12 23:01:46,761] {processor.py:161} INFO - Processing /home/kai/Documents/airflowalura/venv/lib/python3.9/site-packages/airflow/example_dags/example_dag_decorator.py took 0.076 seconds
[2024-08-12 23:02:19,747] {processor.py:153} INFO - Started process (PID=14513) to work on /home/kai/Documents/airflowalura/venv/lib/python3.9/site-packages/airflow/example_dags/example_dag_decorator.py
[2024-08-12 23:02:19,748] {processor.py:641} INFO - Processing file /home/kai/Documents/airflowalura/venv/lib/python3.9/site-packages/airflow/example_dags/example_dag_decorator.py for tasks to queue
[2024-08-12 23:02:19,749] {logging_mixin.py:115} INFO - [2024-08-12 23:02:19,749] {dagbag.py:507} INFO - Filling up the DagBag from /home/kai/Documents/airflowalura/venv/lib/python3.9/site-packages/airflow/example_dags/example_dag_decorator.py
[2024-08-12 23:02:19,769] {processor.py:651} INFO - DAG(s) dict_keys(['example_dag_decorator']) retrieved from /home/kai/Documents/airflowalura/venv/lib/python3.9/site-packages/airflow/example_dags/example_dag_decorator.py
[2024-08-12 23:02:19,781] {logging_mixin.py:115} INFO - [2024-08-12 23:02:19,781] {dag.py:2379} INFO - Sync 1 DAGs
[2024-08-12 23:02:19,794] {logging_mixin.py:115} INFO - [2024-08-12 23:02:19,794] {dag.py:2927} INFO - Setting next_dagrun for example_dag_decorator to None, run_after=None
[2024-08-12 23:02:19,805] {processor.py:161} INFO - Processing /home/kai/Documents/airflowalura/venv/lib/python3.9/site-packages/airflow/example_dags/example_dag_decorator.py took 0.060 seconds
[2024-08-12 23:02:53,393] {processor.py:153} INFO - Started process (PID=14713) to work on /home/kai/Documents/airflowalura/venv/lib/python3.9/site-packages/airflow/example_dags/example_dag_decorator.py
[2024-08-12 23:02:53,394] {processor.py:641} INFO - Processing file /home/kai/Documents/airflowalura/venv/lib/python3.9/site-packages/airflow/example_dags/example_dag_decorator.py for tasks to queue
[2024-08-12 23:02:53,394] {logging_mixin.py:115} INFO - [2024-08-12 23:02:53,394] {dagbag.py:507} INFO - Filling up the DagBag from /home/kai/Documents/airflowalura/venv/lib/python3.9/site-packages/airflow/example_dags/example_dag_decorator.py
[2024-08-12 23:02:53,415] {processor.py:651} INFO - DAG(s) dict_keys(['example_dag_decorator']) retrieved from /home/kai/Documents/airflowalura/venv/lib/python3.9/site-packages/airflow/example_dags/example_dag_decorator.py
[2024-08-12 23:02:53,428] {logging_mixin.py:115} INFO - [2024-08-12 23:02:53,428] {dag.py:2379} INFO - Sync 1 DAGs
[2024-08-12 23:02:53,444] {logging_mixin.py:115} INFO - [2024-08-12 23:02:53,444] {dag.py:2927} INFO - Setting next_dagrun for example_dag_decorator to None, run_after=None
[2024-08-12 23:02:53,453] {processor.py:161} INFO - Processing /home/kai/Documents/airflowalura/venv/lib/python3.9/site-packages/airflow/example_dags/example_dag_decorator.py took 0.063 seconds
[2024-08-12 23:03:28,792] {processor.py:153} INFO - Started process (PID=14908) to work on /home/kai/Documents/airflowalura/venv/lib/python3.9/site-packages/airflow/example_dags/example_dag_decorator.py
[2024-08-12 23:03:28,793] {processor.py:641} INFO - Processing file /home/kai/Documents/airflowalura/venv/lib/python3.9/site-packages/airflow/example_dags/example_dag_decorator.py for tasks to queue
[2024-08-12 23:03:28,794] {logging_mixin.py:115} INFO - [2024-08-12 23:03:28,793] {dagbag.py:507} INFO - Filling up the DagBag from /home/kai/Documents/airflowalura/venv/lib/python3.9/site-packages/airflow/example_dags/example_dag_decorator.py
[2024-08-12 23:03:28,815] {processor.py:651} INFO - DAG(s) dict_keys(['example_dag_decorator']) retrieved from /home/kai/Documents/airflowalura/venv/lib/python3.9/site-packages/airflow/example_dags/example_dag_decorator.py
[2024-08-12 23:03:28,827] {logging_mixin.py:115} INFO - [2024-08-12 23:03:28,827] {dag.py:2379} INFO - Sync 1 DAGs
[2024-08-12 23:03:28,839] {logging_mixin.py:115} INFO - [2024-08-12 23:03:28,839] {dag.py:2927} INFO - Setting next_dagrun for example_dag_decorator to None, run_after=None
[2024-08-12 23:03:28,847] {processor.py:161} INFO - Processing /home/kai/Documents/airflowalura/venv/lib/python3.9/site-packages/airflow/example_dags/example_dag_decorator.py took 0.058 seconds
[2024-08-12 23:04:04,436] {processor.py:153} INFO - Started process (PID=15117) to work on /home/kai/Documents/airflowalura/venv/lib/python3.9/site-packages/airflow/example_dags/example_dag_decorator.py
[2024-08-12 23:04:04,437] {processor.py:641} INFO - Processing file /home/kai/Documents/airflowalura/venv/lib/python3.9/site-packages/airflow/example_dags/example_dag_decorator.py for tasks to queue
[2024-08-12 23:04:04,438] {logging_mixin.py:115} INFO - [2024-08-12 23:04:04,438] {dagbag.py:507} INFO - Filling up the DagBag from /home/kai/Documents/airflowalura/venv/lib/python3.9/site-packages/airflow/example_dags/example_dag_decorator.py
[2024-08-12 23:04:04,462] {processor.py:651} INFO - DAG(s) dict_keys(['example_dag_decorator']) retrieved from /home/kai/Documents/airflowalura/venv/lib/python3.9/site-packages/airflow/example_dags/example_dag_decorator.py
[2024-08-12 23:04:04,477] {logging_mixin.py:115} INFO - [2024-08-12 23:04:04,477] {dag.py:2379} INFO - Sync 1 DAGs
[2024-08-12 23:04:04,490] {logging_mixin.py:115} INFO - [2024-08-12 23:04:04,490] {dag.py:2927} INFO - Setting next_dagrun for example_dag_decorator to None, run_after=None
[2024-08-12 23:04:04,499] {processor.py:161} INFO - Processing /home/kai/Documents/airflowalura/venv/lib/python3.9/site-packages/airflow/example_dags/example_dag_decorator.py took 0.065 seconds
[2024-08-12 23:04:42,076] {processor.py:153} INFO - Started process (PID=15329) to work on /home/kai/Documents/airflowalura/venv/lib/python3.9/site-packages/airflow/example_dags/example_dag_decorator.py
[2024-08-12 23:04:42,077] {processor.py:641} INFO - Processing file /home/kai/Documents/airflowalura/venv/lib/python3.9/site-packages/airflow/example_dags/example_dag_decorator.py for tasks to queue
[2024-08-12 23:04:42,077] {logging_mixin.py:115} INFO - [2024-08-12 23:04:42,077] {dagbag.py:507} INFO - Filling up the DagBag from /home/kai/Documents/airflowalura/venv/lib/python3.9/site-packages/airflow/example_dags/example_dag_decorator.py
[2024-08-12 23:04:42,097] {processor.py:651} INFO - DAG(s) dict_keys(['example_dag_decorator']) retrieved from /home/kai/Documents/airflowalura/venv/lib/python3.9/site-packages/airflow/example_dags/example_dag_decorator.py
[2024-08-12 23:04:42,108] {logging_mixin.py:115} INFO - [2024-08-12 23:04:42,108] {dag.py:2379} INFO - Sync 1 DAGs
[2024-08-12 23:04:42,122] {logging_mixin.py:115} INFO - [2024-08-12 23:04:42,121] {dag.py:2927} INFO - Setting next_dagrun for example_dag_decorator to None, run_after=None
[2024-08-12 23:04:42,131] {processor.py:161} INFO - Processing /home/kai/Documents/airflowalura/venv/lib/python3.9/site-packages/airflow/example_dags/example_dag_decorator.py took 0.057 seconds
[2024-08-12 23:05:14,583] {processor.py:153} INFO - Started process (PID=15527) to work on /home/kai/Documents/airflowalura/venv/lib/python3.9/site-packages/airflow/example_dags/example_dag_decorator.py
[2024-08-12 23:05:14,584] {processor.py:641} INFO - Processing file /home/kai/Documents/airflowalura/venv/lib/python3.9/site-packages/airflow/example_dags/example_dag_decorator.py for tasks to queue
[2024-08-12 23:05:14,584] {logging_mixin.py:115} INFO - [2024-08-12 23:05:14,584] {dagbag.py:507} INFO - Filling up the DagBag from /home/kai/Documents/airflowalura/venv/lib/python3.9/site-packages/airflow/example_dags/example_dag_decorator.py
[2024-08-12 23:05:14,605] {processor.py:651} INFO - DAG(s) dict_keys(['example_dag_decorator']) retrieved from /home/kai/Documents/airflowalura/venv/lib/python3.9/site-packages/airflow/example_dags/example_dag_decorator.py
[2024-08-12 23:05:14,617] {logging_mixin.py:115} INFO - [2024-08-12 23:05:14,617] {dag.py:2379} INFO - Sync 1 DAGs
[2024-08-12 23:05:14,632] {logging_mixin.py:115} INFO - [2024-08-12 23:05:14,632] {dag.py:2927} INFO - Setting next_dagrun for example_dag_decorator to None, run_after=None
[2024-08-12 23:05:14,643] {processor.py:161} INFO - Processing /home/kai/Documents/airflowalura/venv/lib/python3.9/site-packages/airflow/example_dags/example_dag_decorator.py took 0.062 seconds
[2024-08-12 23:05:47,086] {processor.py:153} INFO - Started process (PID=15760) to work on /home/kai/Documents/airflowalura/venv/lib/python3.9/site-packages/airflow/example_dags/example_dag_decorator.py
[2024-08-12 23:05:47,087] {processor.py:641} INFO - Processing file /home/kai/Documents/airflowalura/venv/lib/python3.9/site-packages/airflow/example_dags/example_dag_decorator.py for tasks to queue
[2024-08-12 23:05:47,087] {logging_mixin.py:115} INFO - [2024-08-12 23:05:47,087] {dagbag.py:507} INFO - Filling up the DagBag from /home/kai/Documents/airflowalura/venv/lib/python3.9/site-packages/airflow/example_dags/example_dag_decorator.py
[2024-08-12 23:05:47,111] {processor.py:651} INFO - DAG(s) dict_keys(['example_dag_decorator']) retrieved from /home/kai/Documents/airflowalura/venv/lib/python3.9/site-packages/airflow/example_dags/example_dag_decorator.py
[2024-08-12 23:05:47,145] {logging_mixin.py:115} INFO - [2024-08-12 23:05:47,145] {dag.py:2379} INFO - Sync 1 DAGs
[2024-08-12 23:05:47,160] {logging_mixin.py:115} INFO - [2024-08-12 23:05:47,160] {dag.py:2927} INFO - Setting next_dagrun for example_dag_decorator to None, run_after=None
[2024-08-12 23:05:47,171] {processor.py:161} INFO - Processing /home/kai/Documents/airflowalura/venv/lib/python3.9/site-packages/airflow/example_dags/example_dag_decorator.py took 0.087 seconds
