[2024-08-12 22:18:04,312] {processor.py:153} INFO - Started process (PID=35490) to work on /home/kai/Documents/airflowalura/venv/lib/python3.9/site-packages/airflow/example_dags/example_branch_python_dop_operator_3.py
[2024-08-12 22:18:04,312] {processor.py:641} INFO - Processing file /home/kai/Documents/airflowalura/venv/lib/python3.9/site-packages/airflow/example_dags/example_branch_python_dop_operator_3.py for tasks to queue
[2024-08-12 22:18:04,313] {logging_mixin.py:115} INFO - [2024-08-12 22:18:04,313] {dagbag.py:507} INFO - Filling up the DagBag from /home/kai/Documents/airflowalura/venv/lib/python3.9/site-packages/airflow/example_dags/example_branch_python_dop_operator_3.py
[2024-08-12 22:18:04,321] {processor.py:651} INFO - DAG(s) dict_keys(['example_branch_dop_operator_v3']) retrieved from /home/kai/Documents/airflowalura/venv/lib/python3.9/site-packages/airflow/example_dags/example_branch_python_dop_operator_3.py
[2024-08-12 22:18:04,355] {logging_mixin.py:115} INFO - [2024-08-12 22:18:04,355] {dag.py:2379} INFO - Sync 1 DAGs
[2024-08-12 22:18:04,372] {logging_mixin.py:115} INFO - [2024-08-12 22:18:04,372] {dag.py:2927} INFO - Setting next_dagrun for example_branch_dop_operator_v3 to 2024-08-13T01:17:00+00:00, run_after=2024-08-13T01:18:00+00:00
[2024-08-12 22:18:04,384] {processor.py:161} INFO - Processing /home/kai/Documents/airflowalura/venv/lib/python3.9/site-packages/airflow/example_dags/example_branch_python_dop_operator_3.py took 0.075 seconds
[2024-08-12 22:18:47,073] {processor.py:153} INFO - Started process (PID=36259) to work on /home/kai/Documents/airflowalura/venv/lib/python3.9/site-packages/airflow/example_dags/example_branch_python_dop_operator_3.py
[2024-08-12 22:18:47,074] {processor.py:641} INFO - Processing file /home/kai/Documents/airflowalura/venv/lib/python3.9/site-packages/airflow/example_dags/example_branch_python_dop_operator_3.py for tasks to queue
[2024-08-12 22:18:47,074] {logging_mixin.py:115} INFO - [2024-08-12 22:18:47,074] {dagbag.py:507} INFO - Filling up the DagBag from /home/kai/Documents/airflowalura/venv/lib/python3.9/site-packages/airflow/example_dags/example_branch_python_dop_operator_3.py
[2024-08-12 22:18:47,085] {processor.py:651} INFO - DAG(s) dict_keys(['example_branch_dop_operator_v3']) retrieved from /home/kai/Documents/airflowalura/venv/lib/python3.9/site-packages/airflow/example_dags/example_branch_python_dop_operator_3.py
[2024-08-12 22:18:47,101] {logging_mixin.py:115} INFO - [2024-08-12 22:18:47,101] {dag.py:2379} INFO - Sync 1 DAGs
[2024-08-12 22:18:47,123] {logging_mixin.py:115} INFO - [2024-08-12 22:18:47,123] {dag.py:2927} INFO - Setting next_dagrun for example_branch_dop_operator_v3 to 2024-08-13T01:17:00+00:00, run_after=2024-08-13T01:18:00+00:00
[2024-08-12 22:18:47,135] {processor.py:161} INFO - Processing /home/kai/Documents/airflowalura/venv/lib/python3.9/site-packages/airflow/example_dags/example_branch_python_dop_operator_3.py took 0.065 seconds
[2024-08-12 22:19:20,767] {processor.py:153} INFO - Started process (PID=36471) to work on /home/kai/Documents/airflowalura/venv/lib/python3.9/site-packages/airflow/example_dags/example_branch_python_dop_operator_3.py
[2024-08-12 22:19:20,768] {processor.py:641} INFO - Processing file /home/kai/Documents/airflowalura/venv/lib/python3.9/site-packages/airflow/example_dags/example_branch_python_dop_operator_3.py for tasks to queue
[2024-08-12 22:19:20,769] {logging_mixin.py:115} INFO - [2024-08-12 22:19:20,769] {dagbag.py:507} INFO - Filling up the DagBag from /home/kai/Documents/airflowalura/venv/lib/python3.9/site-packages/airflow/example_dags/example_branch_python_dop_operator_3.py
[2024-08-12 22:19:20,777] {processor.py:651} INFO - DAG(s) dict_keys(['example_branch_dop_operator_v3']) retrieved from /home/kai/Documents/airflowalura/venv/lib/python3.9/site-packages/airflow/example_dags/example_branch_python_dop_operator_3.py
[2024-08-12 22:19:20,790] {logging_mixin.py:115} INFO - [2024-08-12 22:19:20,790] {dag.py:2379} INFO - Sync 1 DAGs
[2024-08-12 22:19:20,808] {logging_mixin.py:115} INFO - [2024-08-12 22:19:20,808] {dag.py:2927} INFO - Setting next_dagrun for example_branch_dop_operator_v3 to 2024-08-13T01:18:00+00:00, run_after=2024-08-13T01:19:00+00:00
[2024-08-12 22:19:20,818] {processor.py:161} INFO - Processing /home/kai/Documents/airflowalura/venv/lib/python3.9/site-packages/airflow/example_dags/example_branch_python_dop_operator_3.py took 0.053 seconds
[2024-08-12 22:19:53,838] {processor.py:153} INFO - Started process (PID=36678) to work on /home/kai/Documents/airflowalura/venv/lib/python3.9/site-packages/airflow/example_dags/example_branch_python_dop_operator_3.py
[2024-08-12 22:19:53,839] {processor.py:641} INFO - Processing file /home/kai/Documents/airflowalura/venv/lib/python3.9/site-packages/airflow/example_dags/example_branch_python_dop_operator_3.py for tasks to queue
[2024-08-12 22:19:53,839] {logging_mixin.py:115} INFO - [2024-08-12 22:19:53,839] {dagbag.py:507} INFO - Filling up the DagBag from /home/kai/Documents/airflowalura/venv/lib/python3.9/site-packages/airflow/example_dags/example_branch_python_dop_operator_3.py
[2024-08-12 22:19:53,848] {processor.py:651} INFO - DAG(s) dict_keys(['example_branch_dop_operator_v3']) retrieved from /home/kai/Documents/airflowalura/venv/lib/python3.9/site-packages/airflow/example_dags/example_branch_python_dop_operator_3.py
[2024-08-12 22:19:53,861] {logging_mixin.py:115} INFO - [2024-08-12 22:19:53,861] {dag.py:2379} INFO - Sync 1 DAGs
[2024-08-12 22:19:53,880] {logging_mixin.py:115} INFO - [2024-08-12 22:19:53,880] {dag.py:2927} INFO - Setting next_dagrun for example_branch_dop_operator_v3 to 2024-08-13T01:18:00+00:00, run_after=2024-08-13T01:19:00+00:00
[2024-08-12 22:19:53,889] {processor.py:161} INFO - Processing /home/kai/Documents/airflowalura/venv/lib/python3.9/site-packages/airflow/example_dags/example_branch_python_dop_operator_3.py took 0.054 seconds
[2024-08-12 22:20:27,380] {processor.py:153} INFO - Started process (PID=36900) to work on /home/kai/Documents/airflowalura/venv/lib/python3.9/site-packages/airflow/example_dags/example_branch_python_dop_operator_3.py
[2024-08-12 22:20:27,381] {processor.py:641} INFO - Processing file /home/kai/Documents/airflowalura/venv/lib/python3.9/site-packages/airflow/example_dags/example_branch_python_dop_operator_3.py for tasks to queue
[2024-08-12 22:20:27,381] {logging_mixin.py:115} INFO - [2024-08-12 22:20:27,381] {dagbag.py:507} INFO - Filling up the DagBag from /home/kai/Documents/airflowalura/venv/lib/python3.9/site-packages/airflow/example_dags/example_branch_python_dop_operator_3.py
[2024-08-12 22:20:27,389] {processor.py:651} INFO - DAG(s) dict_keys(['example_branch_dop_operator_v3']) retrieved from /home/kai/Documents/airflowalura/venv/lib/python3.9/site-packages/airflow/example_dags/example_branch_python_dop_operator_3.py
[2024-08-12 22:20:27,402] {logging_mixin.py:115} INFO - [2024-08-12 22:20:27,402] {dag.py:2379} INFO - Sync 1 DAGs
[2024-08-12 22:20:27,421] {logging_mixin.py:115} INFO - [2024-08-12 22:20:27,420] {dag.py:2927} INFO - Setting next_dagrun for example_branch_dop_operator_v3 to 2024-08-13T01:19:00+00:00, run_after=2024-08-13T01:20:00+00:00
[2024-08-12 22:20:27,430] {processor.py:161} INFO - Processing /home/kai/Documents/airflowalura/venv/lib/python3.9/site-packages/airflow/example_dags/example_branch_python_dop_operator_3.py took 0.052 seconds
[2024-08-12 22:21:02,397] {processor.py:153} INFO - Started process (PID=37121) to work on /home/kai/Documents/airflowalura/venv/lib/python3.9/site-packages/airflow/example_dags/example_branch_python_dop_operator_3.py
[2024-08-12 22:21:02,398] {processor.py:641} INFO - Processing file /home/kai/Documents/airflowalura/venv/lib/python3.9/site-packages/airflow/example_dags/example_branch_python_dop_operator_3.py for tasks to queue
[2024-08-12 22:21:02,398] {logging_mixin.py:115} INFO - [2024-08-12 22:21:02,398] {dagbag.py:507} INFO - Filling up the DagBag from /home/kai/Documents/airflowalura/venv/lib/python3.9/site-packages/airflow/example_dags/example_branch_python_dop_operator_3.py
[2024-08-12 22:21:02,406] {processor.py:651} INFO - DAG(s) dict_keys(['example_branch_dop_operator_v3']) retrieved from /home/kai/Documents/airflowalura/venv/lib/python3.9/site-packages/airflow/example_dags/example_branch_python_dop_operator_3.py
[2024-08-12 22:21:02,421] {logging_mixin.py:115} INFO - [2024-08-12 22:21:02,421] {dag.py:2379} INFO - Sync 1 DAGs
[2024-08-12 22:21:02,444] {logging_mixin.py:115} INFO - [2024-08-12 22:21:02,443] {dag.py:2927} INFO - Setting next_dagrun for example_branch_dop_operator_v3 to 2024-08-13T01:20:00+00:00, run_after=2024-08-13T01:21:00+00:00
[2024-08-12 22:21:02,454] {processor.py:161} INFO - Processing /home/kai/Documents/airflowalura/venv/lib/python3.9/site-packages/airflow/example_dags/example_branch_python_dop_operator_3.py took 0.060 seconds
[2024-08-12 22:21:38,810] {processor.py:153} INFO - Started process (PID=37518) to work on /home/kai/Documents/airflowalura/venv/lib/python3.9/site-packages/airflow/example_dags/example_branch_python_dop_operator_3.py
[2024-08-12 22:21:38,811] {processor.py:641} INFO - Processing file /home/kai/Documents/airflowalura/venv/lib/python3.9/site-packages/airflow/example_dags/example_branch_python_dop_operator_3.py for tasks to queue
[2024-08-12 22:21:38,812] {logging_mixin.py:115} INFO - [2024-08-12 22:21:38,811] {dagbag.py:507} INFO - Filling up the DagBag from /home/kai/Documents/airflowalura/venv/lib/python3.9/site-packages/airflow/example_dags/example_branch_python_dop_operator_3.py
[2024-08-12 22:21:38,824] {processor.py:651} INFO - DAG(s) dict_keys(['example_branch_dop_operator_v3']) retrieved from /home/kai/Documents/airflowalura/venv/lib/python3.9/site-packages/airflow/example_dags/example_branch_python_dop_operator_3.py
[2024-08-12 22:21:38,842] {logging_mixin.py:115} INFO - [2024-08-12 22:21:38,842] {dag.py:2379} INFO - Sync 1 DAGs
[2024-08-12 22:21:38,863] {logging_mixin.py:115} INFO - [2024-08-12 22:21:38,863] {dag.py:2927} INFO - Setting next_dagrun for example_branch_dop_operator_v3 to 2024-08-13T01:20:00+00:00, run_after=2024-08-13T01:21:00+00:00
[2024-08-12 22:21:38,876] {processor.py:161} INFO - Processing /home/kai/Documents/airflowalura/venv/lib/python3.9/site-packages/airflow/example_dags/example_branch_python_dop_operator_3.py took 0.069 seconds
[2024-08-12 22:24:50,245] {processor.py:153} INFO - Started process (PID=39239) to work on /home/kai/Documents/airflowalura/venv/lib/python3.9/site-packages/airflow/example_dags/example_branch_python_dop_operator_3.py
[2024-08-12 22:24:50,249] {processor.py:641} INFO - Processing file /home/kai/Documents/airflowalura/venv/lib/python3.9/site-packages/airflow/example_dags/example_branch_python_dop_operator_3.py for tasks to queue
[2024-08-12 22:24:50,250] {logging_mixin.py:115} INFO - [2024-08-12 22:24:50,250] {dagbag.py:507} INFO - Filling up the DagBag from /home/kai/Documents/airflowalura/venv/lib/python3.9/site-packages/airflow/example_dags/example_branch_python_dop_operator_3.py
[2024-08-12 22:24:50,274] {processor.py:651} INFO - DAG(s) dict_keys(['example_branch_dop_operator_v3']) retrieved from /home/kai/Documents/airflowalura/venv/lib/python3.9/site-packages/airflow/example_dags/example_branch_python_dop_operator_3.py
[2024-08-12 22:24:50,300] {logging_mixin.py:115} INFO - [2024-08-12 22:24:50,300] {dag.py:2379} INFO - Sync 1 DAGs
[2024-08-12 22:24:50,336] {logging_mixin.py:115} INFO - [2024-08-12 22:24:50,336] {dag.py:2927} INFO - Setting next_dagrun for example_branch_dop_operator_v3 to 2024-08-13T01:23:00+00:00, run_after=2024-08-13T01:24:00+00:00
[2024-08-12 22:24:50,350] {processor.py:161} INFO - Processing /home/kai/Documents/airflowalura/venv/lib/python3.9/site-packages/airflow/example_dags/example_branch_python_dop_operator_3.py took 0.108 seconds
[2024-08-12 22:25:26,642] {processor.py:153} INFO - Started process (PID=39544) to work on /home/kai/Documents/airflowalura/venv/lib/python3.9/site-packages/airflow/example_dags/example_branch_python_dop_operator_3.py
[2024-08-12 22:25:26,643] {processor.py:641} INFO - Processing file /home/kai/Documents/airflowalura/venv/lib/python3.9/site-packages/airflow/example_dags/example_branch_python_dop_operator_3.py for tasks to queue
[2024-08-12 22:25:26,644] {logging_mixin.py:115} INFO - [2024-08-12 22:25:26,644] {dagbag.py:507} INFO - Filling up the DagBag from /home/kai/Documents/airflowalura/venv/lib/python3.9/site-packages/airflow/example_dags/example_branch_python_dop_operator_3.py
[2024-08-12 22:25:26,652] {processor.py:651} INFO - DAG(s) dict_keys(['example_branch_dop_operator_v3']) retrieved from /home/kai/Documents/airflowalura/venv/lib/python3.9/site-packages/airflow/example_dags/example_branch_python_dop_operator_3.py
[2024-08-12 22:25:26,668] {logging_mixin.py:115} INFO - [2024-08-12 22:25:26,668] {dag.py:2379} INFO - Sync 1 DAGs
[2024-08-12 22:25:26,698] {logging_mixin.py:115} INFO - [2024-08-12 22:25:26,697] {dag.py:2927} INFO - Setting next_dagrun for example_branch_dop_operator_v3 to 2024-08-13T01:24:00+00:00, run_after=2024-08-13T01:25:00+00:00
[2024-08-12 22:25:26,722] {processor.py:161} INFO - Processing /home/kai/Documents/airflowalura/venv/lib/python3.9/site-packages/airflow/example_dags/example_branch_python_dop_operator_3.py took 0.083 seconds
[2024-08-12 22:26:02,512] {processor.py:153} INFO - Started process (PID=39872) to work on /home/kai/Documents/airflowalura/venv/lib/python3.9/site-packages/airflow/example_dags/example_branch_python_dop_operator_3.py
[2024-08-12 22:26:02,516] {processor.py:641} INFO - Processing file /home/kai/Documents/airflowalura/venv/lib/python3.9/site-packages/airflow/example_dags/example_branch_python_dop_operator_3.py for tasks to queue
[2024-08-12 22:26:02,517] {logging_mixin.py:115} INFO - [2024-08-12 22:26:02,517] {dagbag.py:507} INFO - Filling up the DagBag from /home/kai/Documents/airflowalura/venv/lib/python3.9/site-packages/airflow/example_dags/example_branch_python_dop_operator_3.py
[2024-08-12 22:26:02,536] {processor.py:651} INFO - DAG(s) dict_keys(['example_branch_dop_operator_v3']) retrieved from /home/kai/Documents/airflowalura/venv/lib/python3.9/site-packages/airflow/example_dags/example_branch_python_dop_operator_3.py
[2024-08-12 22:26:02,588] {logging_mixin.py:115} INFO - [2024-08-12 22:26:02,588] {dag.py:2379} INFO - Sync 1 DAGs
[2024-08-12 22:26:02,631] {logging_mixin.py:115} INFO - [2024-08-12 22:26:02,631] {dag.py:2927} INFO - Setting next_dagrun for example_branch_dop_operator_v3 to 2024-08-13T01:25:00+00:00, run_after=2024-08-13T01:26:00+00:00
[2024-08-12 22:26:02,653] {processor.py:161} INFO - Processing /home/kai/Documents/airflowalura/venv/lib/python3.9/site-packages/airflow/example_dags/example_branch_python_dop_operator_3.py took 0.145 seconds
[2024-08-12 22:26:38,972] {processor.py:153} INFO - Started process (PID=40435) to work on /home/kai/Documents/airflowalura/venv/lib/python3.9/site-packages/airflow/example_dags/example_branch_python_dop_operator_3.py
[2024-08-12 22:26:38,977] {processor.py:641} INFO - Processing file /home/kai/Documents/airflowalura/venv/lib/python3.9/site-packages/airflow/example_dags/example_branch_python_dop_operator_3.py for tasks to queue
[2024-08-12 22:26:38,977] {logging_mixin.py:115} INFO - [2024-08-12 22:26:38,977] {dagbag.py:507} INFO - Filling up the DagBag from /home/kai/Documents/airflowalura/venv/lib/python3.9/site-packages/airflow/example_dags/example_branch_python_dop_operator_3.py
[2024-08-12 22:26:38,989] {processor.py:651} INFO - DAG(s) dict_keys(['example_branch_dop_operator_v3']) retrieved from /home/kai/Documents/airflowalura/venv/lib/python3.9/site-packages/airflow/example_dags/example_branch_python_dop_operator_3.py
[2024-08-12 22:26:39,021] {logging_mixin.py:115} INFO - [2024-08-12 22:26:39,021] {dag.py:2379} INFO - Sync 1 DAGs
[2024-08-12 22:26:39,071] {logging_mixin.py:115} INFO - [2024-08-12 22:26:39,071] {dag.py:2927} INFO - Setting next_dagrun for example_branch_dop_operator_v3 to 2024-08-13T01:25:00+00:00, run_after=2024-08-13T01:26:00+00:00
[2024-08-12 22:26:39,092] {processor.py:161} INFO - Processing /home/kai/Documents/airflowalura/venv/lib/python3.9/site-packages/airflow/example_dags/example_branch_python_dop_operator_3.py took 0.123 seconds
[2024-08-12 22:27:13,847] {processor.py:153} INFO - Started process (PID=40713) to work on /home/kai/Documents/airflowalura/venv/lib/python3.9/site-packages/airflow/example_dags/example_branch_python_dop_operator_3.py
[2024-08-12 22:27:13,850] {processor.py:641} INFO - Processing file /home/kai/Documents/airflowalura/venv/lib/python3.9/site-packages/airflow/example_dags/example_branch_python_dop_operator_3.py for tasks to queue
[2024-08-12 22:27:13,851] {logging_mixin.py:115} INFO - [2024-08-12 22:27:13,851] {dagbag.py:507} INFO - Filling up the DagBag from /home/kai/Documents/airflowalura/venv/lib/python3.9/site-packages/airflow/example_dags/example_branch_python_dop_operator_3.py
[2024-08-12 22:27:13,860] {processor.py:651} INFO - DAG(s) dict_keys(['example_branch_dop_operator_v3']) retrieved from /home/kai/Documents/airflowalura/venv/lib/python3.9/site-packages/airflow/example_dags/example_branch_python_dop_operator_3.py
[2024-08-12 22:27:13,882] {logging_mixin.py:115} INFO - [2024-08-12 22:27:13,882] {dag.py:2379} INFO - Sync 1 DAGs
[2024-08-12 22:27:13,911] {logging_mixin.py:115} INFO - [2024-08-12 22:27:13,911] {dag.py:2927} INFO - Setting next_dagrun for example_branch_dop_operator_v3 to 2024-08-13T01:26:00+00:00, run_after=2024-08-13T01:27:00+00:00
[2024-08-12 22:27:13,927] {processor.py:161} INFO - Processing /home/kai/Documents/airflowalura/venv/lib/python3.9/site-packages/airflow/example_dags/example_branch_python_dop_operator_3.py took 0.084 seconds
[2024-08-12 22:28:50,557] {processor.py:153} INFO - Started process (PID=41750) to work on /home/kai/Documents/airflowalura/venv/lib/python3.9/site-packages/airflow/example_dags/example_branch_python_dop_operator_3.py
[2024-08-12 22:28:50,561] {processor.py:641} INFO - Processing file /home/kai/Documents/airflowalura/venv/lib/python3.9/site-packages/airflow/example_dags/example_branch_python_dop_operator_3.py for tasks to queue
[2024-08-12 22:28:50,561] {logging_mixin.py:115} INFO - [2024-08-12 22:28:50,561] {dagbag.py:507} INFO - Filling up the DagBag from /home/kai/Documents/airflowalura/venv/lib/python3.9/site-packages/airflow/example_dags/example_branch_python_dop_operator_3.py
[2024-08-12 22:28:50,575] {processor.py:651} INFO - DAG(s) dict_keys(['example_branch_dop_operator_v3']) retrieved from /home/kai/Documents/airflowalura/venv/lib/python3.9/site-packages/airflow/example_dags/example_branch_python_dop_operator_3.py
[2024-08-12 22:28:50,590] {logging_mixin.py:115} INFO - [2024-08-12 22:28:50,590] {dag.py:2379} INFO - Sync 1 DAGs
[2024-08-12 22:28:50,611] {logging_mixin.py:115} INFO - [2024-08-12 22:28:50,611] {dag.py:2927} INFO - Setting next_dagrun for example_branch_dop_operator_v3 to 2024-08-13T01:27:00+00:00, run_after=2024-08-13T01:28:00+00:00
[2024-08-12 22:28:50,628] {processor.py:161} INFO - Processing /home/kai/Documents/airflowalura/venv/lib/python3.9/site-packages/airflow/example_dags/example_branch_python_dop_operator_3.py took 0.075 seconds
[2024-08-12 22:35:40,204] {processor.py:153} INFO - Started process (PID=3362) to work on /home/kai/Documents/airflowalura/venv/lib/python3.9/site-packages/airflow/example_dags/example_branch_python_dop_operator_3.py
[2024-08-12 22:35:40,205] {processor.py:641} INFO - Processing file /home/kai/Documents/airflowalura/venv/lib/python3.9/site-packages/airflow/example_dags/example_branch_python_dop_operator_3.py for tasks to queue
[2024-08-12 22:35:40,206] {logging_mixin.py:115} INFO - [2024-08-12 22:35:40,206] {dagbag.py:507} INFO - Filling up the DagBag from /home/kai/Documents/airflowalura/venv/lib/python3.9/site-packages/airflow/example_dags/example_branch_python_dop_operator_3.py
[2024-08-12 22:35:40,213] {processor.py:651} INFO - DAG(s) dict_keys(['example_branch_dop_operator_v3']) retrieved from /home/kai/Documents/airflowalura/venv/lib/python3.9/site-packages/airflow/example_dags/example_branch_python_dop_operator_3.py
[2024-08-12 22:35:40,232] {logging_mixin.py:115} INFO - [2024-08-12 22:35:40,231] {dag.py:2379} INFO - Sync 1 DAGs
[2024-08-12 22:35:40,253] {logging_mixin.py:115} INFO - [2024-08-12 22:35:40,252] {dag.py:2927} INFO - Setting next_dagrun for example_branch_dop_operator_v3 to 2024-08-13T01:34:00+00:00, run_after=2024-08-13T01:35:00+00:00
[2024-08-12 22:35:40,262] {processor.py:161} INFO - Processing /home/kai/Documents/airflowalura/venv/lib/python3.9/site-packages/airflow/example_dags/example_branch_python_dop_operator_3.py took 0.061 seconds
[2024-08-12 22:36:15,192] {processor.py:153} INFO - Started process (PID=3935) to work on /home/kai/Documents/airflowalura/venv/lib/python3.9/site-packages/airflow/example_dags/example_branch_python_dop_operator_3.py
[2024-08-12 22:36:15,193] {processor.py:641} INFO - Processing file /home/kai/Documents/airflowalura/venv/lib/python3.9/site-packages/airflow/example_dags/example_branch_python_dop_operator_3.py for tasks to queue
[2024-08-12 22:36:15,193] {logging_mixin.py:115} INFO - [2024-08-12 22:36:15,193] {dagbag.py:507} INFO - Filling up the DagBag from /home/kai/Documents/airflowalura/venv/lib/python3.9/site-packages/airflow/example_dags/example_branch_python_dop_operator_3.py
[2024-08-12 22:36:15,201] {processor.py:651} INFO - DAG(s) dict_keys(['example_branch_dop_operator_v3']) retrieved from /home/kai/Documents/airflowalura/venv/lib/python3.9/site-packages/airflow/example_dags/example_branch_python_dop_operator_3.py
[2024-08-12 22:36:15,213] {logging_mixin.py:115} INFO - [2024-08-12 22:36:15,213] {dag.py:2379} INFO - Sync 1 DAGs
[2024-08-12 22:36:15,230] {logging_mixin.py:115} INFO - [2024-08-12 22:36:15,230] {dag.py:2927} INFO - Setting next_dagrun for example_branch_dop_operator_v3 to 2024-08-13T01:35:00+00:00, run_after=2024-08-13T01:36:00+00:00
[2024-08-12 22:36:15,240] {processor.py:161} INFO - Processing /home/kai/Documents/airflowalura/venv/lib/python3.9/site-packages/airflow/example_dags/example_branch_python_dop_operator_3.py took 0.050 seconds
[2024-08-12 22:36:48,132] {processor.py:153} INFO - Started process (PID=4123) to work on /home/kai/Documents/airflowalura/venv/lib/python3.9/site-packages/airflow/example_dags/example_branch_python_dop_operator_3.py
[2024-08-12 22:36:48,133] {processor.py:641} INFO - Processing file /home/kai/Documents/airflowalura/venv/lib/python3.9/site-packages/airflow/example_dags/example_branch_python_dop_operator_3.py for tasks to queue
[2024-08-12 22:36:48,134] {logging_mixin.py:115} INFO - [2024-08-12 22:36:48,134] {dagbag.py:507} INFO - Filling up the DagBag from /home/kai/Documents/airflowalura/venv/lib/python3.9/site-packages/airflow/example_dags/example_branch_python_dop_operator_3.py
[2024-08-12 22:36:48,142] {processor.py:651} INFO - DAG(s) dict_keys(['example_branch_dop_operator_v3']) retrieved from /home/kai/Documents/airflowalura/venv/lib/python3.9/site-packages/airflow/example_dags/example_branch_python_dop_operator_3.py
[2024-08-12 22:36:48,155] {logging_mixin.py:115} INFO - [2024-08-12 22:36:48,155] {dag.py:2379} INFO - Sync 1 DAGs
[2024-08-12 22:36:48,175] {logging_mixin.py:115} INFO - [2024-08-12 22:36:48,175] {dag.py:2927} INFO - Setting next_dagrun for example_branch_dop_operator_v3 to 2024-08-13T01:35:00+00:00, run_after=2024-08-13T01:36:00+00:00
[2024-08-12 22:36:48,187] {processor.py:161} INFO - Processing /home/kai/Documents/airflowalura/venv/lib/python3.9/site-packages/airflow/example_dags/example_branch_python_dop_operator_3.py took 0.057 seconds
[2024-08-12 22:37:21,203] {processor.py:153} INFO - Started process (PID=4401) to work on /home/kai/Documents/airflowalura/venv/lib/python3.9/site-packages/airflow/example_dags/example_branch_python_dop_operator_3.py
[2024-08-12 22:37:21,204] {processor.py:641} INFO - Processing file /home/kai/Documents/airflowalura/venv/lib/python3.9/site-packages/airflow/example_dags/example_branch_python_dop_operator_3.py for tasks to queue
[2024-08-12 22:37:21,204] {logging_mixin.py:115} INFO - [2024-08-12 22:37:21,204] {dagbag.py:507} INFO - Filling up the DagBag from /home/kai/Documents/airflowalura/venv/lib/python3.9/site-packages/airflow/example_dags/example_branch_python_dop_operator_3.py
[2024-08-12 22:37:21,213] {processor.py:651} INFO - DAG(s) dict_keys(['example_branch_dop_operator_v3']) retrieved from /home/kai/Documents/airflowalura/venv/lib/python3.9/site-packages/airflow/example_dags/example_branch_python_dop_operator_3.py
[2024-08-12 22:37:21,234] {logging_mixin.py:115} INFO - [2024-08-12 22:37:21,234] {dag.py:2379} INFO - Sync 1 DAGs
[2024-08-12 22:37:21,251] {logging_mixin.py:115} INFO - [2024-08-12 22:37:21,251] {dag.py:2927} INFO - Setting next_dagrun for example_branch_dop_operator_v3 to 2024-08-13T01:36:00+00:00, run_after=2024-08-13T01:37:00+00:00
[2024-08-12 22:37:21,260] {processor.py:161} INFO - Processing /home/kai/Documents/airflowalura/venv/lib/python3.9/site-packages/airflow/example_dags/example_branch_python_dop_operator_3.py took 0.059 seconds
[2024-08-12 22:37:57,947] {processor.py:153} INFO - Started process (PID=4778) to work on /home/kai/Documents/airflowalura/venv/lib/python3.9/site-packages/airflow/example_dags/example_branch_python_dop_operator_3.py
[2024-08-12 22:37:57,948] {processor.py:641} INFO - Processing file /home/kai/Documents/airflowalura/venv/lib/python3.9/site-packages/airflow/example_dags/example_branch_python_dop_operator_3.py for tasks to queue
[2024-08-12 22:37:57,949] {logging_mixin.py:115} INFO - [2024-08-12 22:37:57,948] {dagbag.py:507} INFO - Filling up the DagBag from /home/kai/Documents/airflowalura/venv/lib/python3.9/site-packages/airflow/example_dags/example_branch_python_dop_operator_3.py
[2024-08-12 22:37:57,956] {processor.py:651} INFO - DAG(s) dict_keys(['example_branch_dop_operator_v3']) retrieved from /home/kai/Documents/airflowalura/venv/lib/python3.9/site-packages/airflow/example_dags/example_branch_python_dop_operator_3.py
[2024-08-12 22:37:57,969] {logging_mixin.py:115} INFO - [2024-08-12 22:37:57,969] {dag.py:2379} INFO - Sync 1 DAGs
[2024-08-12 22:37:57,989] {logging_mixin.py:115} INFO - [2024-08-12 22:37:57,988] {dag.py:2927} INFO - Setting next_dagrun for example_branch_dop_operator_v3 to 2024-08-13T01:36:00+00:00, run_after=2024-08-13T01:37:00+00:00
[2024-08-12 22:37:57,998] {processor.py:161} INFO - Processing /home/kai/Documents/airflowalura/venv/lib/python3.9/site-packages/airflow/example_dags/example_branch_python_dop_operator_3.py took 0.054 seconds
[2024-08-12 22:38:33,587] {processor.py:153} INFO - Started process (PID=5093) to work on /home/kai/Documents/airflowalura/venv/lib/python3.9/site-packages/airflow/example_dags/example_branch_python_dop_operator_3.py
[2024-08-12 22:38:33,588] {processor.py:641} INFO - Processing file /home/kai/Documents/airflowalura/venv/lib/python3.9/site-packages/airflow/example_dags/example_branch_python_dop_operator_3.py for tasks to queue
[2024-08-12 22:38:33,589] {logging_mixin.py:115} INFO - [2024-08-12 22:38:33,589] {dagbag.py:507} INFO - Filling up the DagBag from /home/kai/Documents/airflowalura/venv/lib/python3.9/site-packages/airflow/example_dags/example_branch_python_dop_operator_3.py
[2024-08-12 22:38:33,597] {processor.py:651} INFO - DAG(s) dict_keys(['example_branch_dop_operator_v3']) retrieved from /home/kai/Documents/airflowalura/venv/lib/python3.9/site-packages/airflow/example_dags/example_branch_python_dop_operator_3.py
[2024-08-12 22:38:33,610] {logging_mixin.py:115} INFO - [2024-08-12 22:38:33,609] {dag.py:2379} INFO - Sync 1 DAGs
[2024-08-12 22:38:33,628] {logging_mixin.py:115} INFO - [2024-08-12 22:38:33,628] {dag.py:2927} INFO - Setting next_dagrun for example_branch_dop_operator_v3 to 2024-08-13T01:37:00+00:00, run_after=2024-08-13T01:38:00+00:00
[2024-08-12 22:38:33,638] {processor.py:161} INFO - Processing /home/kai/Documents/airflowalura/venv/lib/python3.9/site-packages/airflow/example_dags/example_branch_python_dop_operator_3.py took 0.052 seconds
[2024-08-12 22:39:06,829] {processor.py:153} INFO - Started process (PID=5441) to work on /home/kai/Documents/airflowalura/venv/lib/python3.9/site-packages/airflow/example_dags/example_branch_python_dop_operator_3.py
[2024-08-12 22:39:06,830] {processor.py:641} INFO - Processing file /home/kai/Documents/airflowalura/venv/lib/python3.9/site-packages/airflow/example_dags/example_branch_python_dop_operator_3.py for tasks to queue
[2024-08-12 22:39:06,830] {logging_mixin.py:115} INFO - [2024-08-12 22:39:06,830] {dagbag.py:507} INFO - Filling up the DagBag from /home/kai/Documents/airflowalura/venv/lib/python3.9/site-packages/airflow/example_dags/example_branch_python_dop_operator_3.py
[2024-08-12 22:39:06,838] {processor.py:651} INFO - DAG(s) dict_keys(['example_branch_dop_operator_v3']) retrieved from /home/kai/Documents/airflowalura/venv/lib/python3.9/site-packages/airflow/example_dags/example_branch_python_dop_operator_3.py
[2024-08-12 22:39:06,852] {logging_mixin.py:115} INFO - [2024-08-12 22:39:06,851] {dag.py:2379} INFO - Sync 1 DAGs
[2024-08-12 22:39:06,872] {logging_mixin.py:115} INFO - [2024-08-12 22:39:06,872] {dag.py:2927} INFO - Setting next_dagrun for example_branch_dop_operator_v3 to 2024-08-13T01:38:00+00:00, run_after=2024-08-13T01:39:00+00:00
[2024-08-12 22:39:06,881] {processor.py:161} INFO - Processing /home/kai/Documents/airflowalura/venv/lib/python3.9/site-packages/airflow/example_dags/example_branch_python_dop_operator_3.py took 0.055 seconds
[2024-08-12 22:39:43,807] {processor.py:153} INFO - Started process (PID=5701) to work on /home/kai/Documents/airflowalura/venv/lib/python3.9/site-packages/airflow/example_dags/example_branch_python_dop_operator_3.py
[2024-08-12 22:39:43,808] {processor.py:641} INFO - Processing file /home/kai/Documents/airflowalura/venv/lib/python3.9/site-packages/airflow/example_dags/example_branch_python_dop_operator_3.py for tasks to queue
[2024-08-12 22:39:43,809] {logging_mixin.py:115} INFO - [2024-08-12 22:39:43,809] {dagbag.py:507} INFO - Filling up the DagBag from /home/kai/Documents/airflowalura/venv/lib/python3.9/site-packages/airflow/example_dags/example_branch_python_dop_operator_3.py
[2024-08-12 22:39:43,819] {processor.py:651} INFO - DAG(s) dict_keys(['example_branch_dop_operator_v3']) retrieved from /home/kai/Documents/airflowalura/venv/lib/python3.9/site-packages/airflow/example_dags/example_branch_python_dop_operator_3.py
[2024-08-12 22:39:43,834] {logging_mixin.py:115} INFO - [2024-08-12 22:39:43,834] {dag.py:2379} INFO - Sync 1 DAGs
[2024-08-12 22:39:43,855] {logging_mixin.py:115} INFO - [2024-08-12 22:39:43,855] {dag.py:2927} INFO - Setting next_dagrun for example_branch_dop_operator_v3 to 2024-08-13T01:38:00+00:00, run_after=2024-08-13T01:39:00+00:00
[2024-08-12 22:39:43,866] {processor.py:161} INFO - Processing /home/kai/Documents/airflowalura/venv/lib/python3.9/site-packages/airflow/example_dags/example_branch_python_dop_operator_3.py took 0.062 seconds
[2024-08-12 22:40:17,083] {processor.py:153} INFO - Started process (PID=6093) to work on /home/kai/Documents/airflowalura/venv/lib/python3.9/site-packages/airflow/example_dags/example_branch_python_dop_operator_3.py
[2024-08-12 22:40:17,084] {processor.py:641} INFO - Processing file /home/kai/Documents/airflowalura/venv/lib/python3.9/site-packages/airflow/example_dags/example_branch_python_dop_operator_3.py for tasks to queue
[2024-08-12 22:40:17,085] {logging_mixin.py:115} INFO - [2024-08-12 22:40:17,085] {dagbag.py:507} INFO - Filling up the DagBag from /home/kai/Documents/airflowalura/venv/lib/python3.9/site-packages/airflow/example_dags/example_branch_python_dop_operator_3.py
[2024-08-12 22:40:17,094] {processor.py:651} INFO - DAG(s) dict_keys(['example_branch_dop_operator_v3']) retrieved from /home/kai/Documents/airflowalura/venv/lib/python3.9/site-packages/airflow/example_dags/example_branch_python_dop_operator_3.py
[2024-08-12 22:40:17,108] {logging_mixin.py:115} INFO - [2024-08-12 22:40:17,108] {dag.py:2379} INFO - Sync 1 DAGs
[2024-08-12 22:40:17,128] {logging_mixin.py:115} INFO - [2024-08-12 22:40:17,128] {dag.py:2927} INFO - Setting next_dagrun for example_branch_dop_operator_v3 to 2024-08-13T01:39:00+00:00, run_after=2024-08-13T01:40:00+00:00
[2024-08-12 22:40:17,139] {processor.py:161} INFO - Processing /home/kai/Documents/airflowalura/venv/lib/python3.9/site-packages/airflow/example_dags/example_branch_python_dop_operator_3.py took 0.059 seconds
[2024-08-12 22:40:50,052] {processor.py:153} INFO - Started process (PID=6343) to work on /home/kai/Documents/airflowalura/venv/lib/python3.9/site-packages/airflow/example_dags/example_branch_python_dop_operator_3.py
[2024-08-12 22:40:50,053] {processor.py:641} INFO - Processing file /home/kai/Documents/airflowalura/venv/lib/python3.9/site-packages/airflow/example_dags/example_branch_python_dop_operator_3.py for tasks to queue
[2024-08-12 22:40:50,054] {logging_mixin.py:115} INFO - [2024-08-12 22:40:50,053] {dagbag.py:507} INFO - Filling up the DagBag from /home/kai/Documents/airflowalura/venv/lib/python3.9/site-packages/airflow/example_dags/example_branch_python_dop_operator_3.py
[2024-08-12 22:40:50,062] {processor.py:651} INFO - DAG(s) dict_keys(['example_branch_dop_operator_v3']) retrieved from /home/kai/Documents/airflowalura/venv/lib/python3.9/site-packages/airflow/example_dags/example_branch_python_dop_operator_3.py
[2024-08-12 22:40:50,081] {logging_mixin.py:115} INFO - [2024-08-12 22:40:50,081] {dag.py:2379} INFO - Sync 1 DAGs
[2024-08-12 22:40:50,105] {logging_mixin.py:115} INFO - [2024-08-12 22:40:50,105] {dag.py:2927} INFO - Setting next_dagrun for example_branch_dop_operator_v3 to 2024-08-13T01:39:00+00:00, run_after=2024-08-13T01:40:00+00:00
[2024-08-12 22:40:50,137] {processor.py:161} INFO - Processing /home/kai/Documents/airflowalura/venv/lib/python3.9/site-packages/airflow/example_dags/example_branch_python_dop_operator_3.py took 0.088 seconds
[2024-08-12 22:41:24,738] {processor.py:153} INFO - Started process (PID=6678) to work on /home/kai/Documents/airflowalura/venv/lib/python3.9/site-packages/airflow/example_dags/example_branch_python_dop_operator_3.py
[2024-08-12 22:41:24,739] {processor.py:641} INFO - Processing file /home/kai/Documents/airflowalura/venv/lib/python3.9/site-packages/airflow/example_dags/example_branch_python_dop_operator_3.py for tasks to queue
[2024-08-12 22:41:24,739] {logging_mixin.py:115} INFO - [2024-08-12 22:41:24,739] {dagbag.py:507} INFO - Filling up the DagBag from /home/kai/Documents/airflowalura/venv/lib/python3.9/site-packages/airflow/example_dags/example_branch_python_dop_operator_3.py
[2024-08-12 22:41:24,753] {processor.py:651} INFO - DAG(s) dict_keys(['example_branch_dop_operator_v3']) retrieved from /home/kai/Documents/airflowalura/venv/lib/python3.9/site-packages/airflow/example_dags/example_branch_python_dop_operator_3.py
[2024-08-12 22:41:24,774] {logging_mixin.py:115} INFO - [2024-08-12 22:41:24,774] {dag.py:2379} INFO - Sync 1 DAGs
[2024-08-12 22:41:24,807] {logging_mixin.py:115} INFO - [2024-08-12 22:41:24,807] {dag.py:2927} INFO - Setting next_dagrun for example_branch_dop_operator_v3 to 2024-08-13T01:40:00+00:00, run_after=2024-08-13T01:41:00+00:00
[2024-08-12 22:41:24,821] {processor.py:161} INFO - Processing /home/kai/Documents/airflowalura/venv/lib/python3.9/site-packages/airflow/example_dags/example_branch_python_dop_operator_3.py took 0.087 seconds
[2024-08-12 22:41:59,723] {processor.py:153} INFO - Started process (PID=7131) to work on /home/kai/Documents/airflowalura/venv/lib/python3.9/site-packages/airflow/example_dags/example_branch_python_dop_operator_3.py
[2024-08-12 22:41:59,724] {processor.py:641} INFO - Processing file /home/kai/Documents/airflowalura/venv/lib/python3.9/site-packages/airflow/example_dags/example_branch_python_dop_operator_3.py for tasks to queue
[2024-08-12 22:41:59,724] {logging_mixin.py:115} INFO - [2024-08-12 22:41:59,724] {dagbag.py:507} INFO - Filling up the DagBag from /home/kai/Documents/airflowalura/venv/lib/python3.9/site-packages/airflow/example_dags/example_branch_python_dop_operator_3.py
[2024-08-12 22:41:59,734] {processor.py:651} INFO - DAG(s) dict_keys(['example_branch_dop_operator_v3']) retrieved from /home/kai/Documents/airflowalura/venv/lib/python3.9/site-packages/airflow/example_dags/example_branch_python_dop_operator_3.py
[2024-08-12 22:41:59,751] {logging_mixin.py:115} INFO - [2024-08-12 22:41:59,751] {dag.py:2379} INFO - Sync 1 DAGs
[2024-08-12 22:41:59,773] {logging_mixin.py:115} INFO - [2024-08-12 22:41:59,773] {dag.py:2927} INFO - Setting next_dagrun for example_branch_dop_operator_v3 to 2024-08-13T01:40:00+00:00, run_after=2024-08-13T01:41:00+00:00
[2024-08-12 22:41:59,785] {processor.py:161} INFO - Processing /home/kai/Documents/airflowalura/venv/lib/python3.9/site-packages/airflow/example_dags/example_branch_python_dop_operator_3.py took 0.064 seconds
[2024-08-12 22:42:35,956] {processor.py:153} INFO - Started process (PID=7324) to work on /home/kai/Documents/airflowalura/venv/lib/python3.9/site-packages/airflow/example_dags/example_branch_python_dop_operator_3.py
[2024-08-12 22:42:35,958] {processor.py:641} INFO - Processing file /home/kai/Documents/airflowalura/venv/lib/python3.9/site-packages/airflow/example_dags/example_branch_python_dop_operator_3.py for tasks to queue
[2024-08-12 22:42:35,958] {logging_mixin.py:115} INFO - [2024-08-12 22:42:35,958] {dagbag.py:507} INFO - Filling up the DagBag from /home/kai/Documents/airflowalura/venv/lib/python3.9/site-packages/airflow/example_dags/example_branch_python_dop_operator_3.py
[2024-08-12 22:42:35,970] {processor.py:651} INFO - DAG(s) dict_keys(['example_branch_dop_operator_v3']) retrieved from /home/kai/Documents/airflowalura/venv/lib/python3.9/site-packages/airflow/example_dags/example_branch_python_dop_operator_3.py
[2024-08-12 22:42:35,989] {logging_mixin.py:115} INFO - [2024-08-12 22:42:35,988] {dag.py:2379} INFO - Sync 1 DAGs
[2024-08-12 22:42:36,013] {logging_mixin.py:115} INFO - [2024-08-12 22:42:36,013] {dag.py:2927} INFO - Setting next_dagrun for example_branch_dop_operator_v3 to 2024-08-13T01:41:00+00:00, run_after=2024-08-13T01:42:00+00:00
[2024-08-12 22:42:36,028] {processor.py:161} INFO - Processing /home/kai/Documents/airflowalura/venv/lib/python3.9/site-packages/airflow/example_dags/example_branch_python_dop_operator_3.py took 0.076 seconds
[2024-08-12 22:43:12,024] {processor.py:153} INFO - Started process (PID=7618) to work on /home/kai/Documents/airflowalura/venv/lib/python3.9/site-packages/airflow/example_dags/example_branch_python_dop_operator_3.py
[2024-08-12 22:43:12,026] {processor.py:641} INFO - Processing file /home/kai/Documents/airflowalura/venv/lib/python3.9/site-packages/airflow/example_dags/example_branch_python_dop_operator_3.py for tasks to queue
[2024-08-12 22:43:12,027] {logging_mixin.py:115} INFO - [2024-08-12 22:43:12,027] {dagbag.py:507} INFO - Filling up the DagBag from /home/kai/Documents/airflowalura/venv/lib/python3.9/site-packages/airflow/example_dags/example_branch_python_dop_operator_3.py
[2024-08-12 22:43:12,041] {processor.py:651} INFO - DAG(s) dict_keys(['example_branch_dop_operator_v3']) retrieved from /home/kai/Documents/airflowalura/venv/lib/python3.9/site-packages/airflow/example_dags/example_branch_python_dop_operator_3.py
[2024-08-12 22:43:12,070] {logging_mixin.py:115} INFO - [2024-08-12 22:43:12,070] {dag.py:2379} INFO - Sync 1 DAGs
[2024-08-12 22:43:12,101] {logging_mixin.py:115} INFO - [2024-08-12 22:43:12,101] {dag.py:2927} INFO - Setting next_dagrun for example_branch_dop_operator_v3 to 2024-08-13T01:42:00+00:00, run_after=2024-08-13T01:43:00+00:00
[2024-08-12 22:43:12,134] {processor.py:161} INFO - Processing /home/kai/Documents/airflowalura/venv/lib/python3.9/site-packages/airflow/example_dags/example_branch_python_dop_operator_3.py took 0.115 seconds
[2024-08-12 22:43:47,349] {processor.py:153} INFO - Started process (PID=7866) to work on /home/kai/Documents/airflowalura/venv/lib/python3.9/site-packages/airflow/example_dags/example_branch_python_dop_operator_3.py
[2024-08-12 22:43:47,350] {processor.py:641} INFO - Processing file /home/kai/Documents/airflowalura/venv/lib/python3.9/site-packages/airflow/example_dags/example_branch_python_dop_operator_3.py for tasks to queue
[2024-08-12 22:43:47,350] {logging_mixin.py:115} INFO - [2024-08-12 22:43:47,350] {dagbag.py:507} INFO - Filling up the DagBag from /home/kai/Documents/airflowalura/venv/lib/python3.9/site-packages/airflow/example_dags/example_branch_python_dop_operator_3.py
[2024-08-12 22:43:47,358] {processor.py:651} INFO - DAG(s) dict_keys(['example_branch_dop_operator_v3']) retrieved from /home/kai/Documents/airflowalura/venv/lib/python3.9/site-packages/airflow/example_dags/example_branch_python_dop_operator_3.py
[2024-08-12 22:43:47,376] {logging_mixin.py:115} INFO - [2024-08-12 22:43:47,376] {dag.py:2379} INFO - Sync 1 DAGs
[2024-08-12 22:43:47,395] {logging_mixin.py:115} INFO - [2024-08-12 22:43:47,395] {dag.py:2927} INFO - Setting next_dagrun for example_branch_dop_operator_v3 to 2024-08-13T01:42:00+00:00, run_after=2024-08-13T01:43:00+00:00
[2024-08-12 22:43:47,408] {processor.py:161} INFO - Processing /home/kai/Documents/airflowalura/venv/lib/python3.9/site-packages/airflow/example_dags/example_branch_python_dop_operator_3.py took 0.062 seconds
[2024-08-12 22:44:23,022] {processor.py:153} INFO - Started process (PID=8108) to work on /home/kai/Documents/airflowalura/venv/lib/python3.9/site-packages/airflow/example_dags/example_branch_python_dop_operator_3.py
[2024-08-12 22:44:23,023] {processor.py:641} INFO - Processing file /home/kai/Documents/airflowalura/venv/lib/python3.9/site-packages/airflow/example_dags/example_branch_python_dop_operator_3.py for tasks to queue
[2024-08-12 22:44:23,023] {logging_mixin.py:115} INFO - [2024-08-12 22:44:23,023] {dagbag.py:507} INFO - Filling up the DagBag from /home/kai/Documents/airflowalura/venv/lib/python3.9/site-packages/airflow/example_dags/example_branch_python_dop_operator_3.py
[2024-08-12 22:44:23,032] {processor.py:651} INFO - DAG(s) dict_keys(['example_branch_dop_operator_v3']) retrieved from /home/kai/Documents/airflowalura/venv/lib/python3.9/site-packages/airflow/example_dags/example_branch_python_dop_operator_3.py
[2024-08-12 22:44:23,046] {logging_mixin.py:115} INFO - [2024-08-12 22:44:23,046] {dag.py:2379} INFO - Sync 1 DAGs
[2024-08-12 22:44:23,064] {logging_mixin.py:115} INFO - [2024-08-12 22:44:23,064] {dag.py:2927} INFO - Setting next_dagrun for example_branch_dop_operator_v3 to 2024-08-13T01:43:00+00:00, run_after=2024-08-13T01:44:00+00:00
[2024-08-12 22:44:23,074] {processor.py:161} INFO - Processing /home/kai/Documents/airflowalura/venv/lib/python3.9/site-packages/airflow/example_dags/example_branch_python_dop_operator_3.py took 0.054 seconds
[2024-08-12 22:44:59,315] {processor.py:153} INFO - Started process (PID=8342) to work on /home/kai/Documents/airflowalura/venv/lib/python3.9/site-packages/airflow/example_dags/example_branch_python_dop_operator_3.py
[2024-08-12 22:44:59,317] {processor.py:641} INFO - Processing file /home/kai/Documents/airflowalura/venv/lib/python3.9/site-packages/airflow/example_dags/example_branch_python_dop_operator_3.py for tasks to queue
[2024-08-12 22:44:59,318] {logging_mixin.py:115} INFO - [2024-08-12 22:44:59,318] {dagbag.py:507} INFO - Filling up the DagBag from /home/kai/Documents/airflowalura/venv/lib/python3.9/site-packages/airflow/example_dags/example_branch_python_dop_operator_3.py
[2024-08-12 22:44:59,329] {processor.py:651} INFO - DAG(s) dict_keys(['example_branch_dop_operator_v3']) retrieved from /home/kai/Documents/airflowalura/venv/lib/python3.9/site-packages/airflow/example_dags/example_branch_python_dop_operator_3.py
[2024-08-12 22:44:59,342] {logging_mixin.py:115} INFO - [2024-08-12 22:44:59,342] {dag.py:2379} INFO - Sync 1 DAGs
[2024-08-12 22:44:59,365] {logging_mixin.py:115} INFO - [2024-08-12 22:44:59,364] {dag.py:2927} INFO - Setting next_dagrun for example_branch_dop_operator_v3 to 2024-08-13T01:43:00+00:00, run_after=2024-08-13T01:44:00+00:00
[2024-08-12 22:44:59,376] {processor.py:161} INFO - Processing /home/kai/Documents/airflowalura/venv/lib/python3.9/site-packages/airflow/example_dags/example_branch_python_dop_operator_3.py took 0.063 seconds
[2024-08-12 22:45:31,765] {processor.py:153} INFO - Started process (PID=8700) to work on /home/kai/Documents/airflowalura/venv/lib/python3.9/site-packages/airflow/example_dags/example_branch_python_dop_operator_3.py
[2024-08-12 22:45:31,766] {processor.py:641} INFO - Processing file /home/kai/Documents/airflowalura/venv/lib/python3.9/site-packages/airflow/example_dags/example_branch_python_dop_operator_3.py for tasks to queue
[2024-08-12 22:45:31,766] {logging_mixin.py:115} INFO - [2024-08-12 22:45:31,766] {dagbag.py:507} INFO - Filling up the DagBag from /home/kai/Documents/airflowalura/venv/lib/python3.9/site-packages/airflow/example_dags/example_branch_python_dop_operator_3.py
[2024-08-12 22:45:31,784] {processor.py:651} INFO - DAG(s) dict_keys(['example_branch_dop_operator_v3']) retrieved from /home/kai/Documents/airflowalura/venv/lib/python3.9/site-packages/airflow/example_dags/example_branch_python_dop_operator_3.py
[2024-08-12 22:45:31,798] {logging_mixin.py:115} INFO - [2024-08-12 22:45:31,798] {dag.py:2379} INFO - Sync 1 DAGs
[2024-08-12 22:45:31,816] {logging_mixin.py:115} INFO - [2024-08-12 22:45:31,816] {dag.py:2927} INFO - Setting next_dagrun for example_branch_dop_operator_v3 to 2024-08-13T01:44:00+00:00, run_after=2024-08-13T01:45:00+00:00
[2024-08-12 22:45:31,826] {processor.py:161} INFO - Processing /home/kai/Documents/airflowalura/venv/lib/python3.9/site-packages/airflow/example_dags/example_branch_python_dop_operator_3.py took 0.064 seconds
[2024-08-12 22:46:05,546] {processor.py:153} INFO - Started process (PID=8887) to work on /home/kai/Documents/airflowalura/venv/lib/python3.9/site-packages/airflow/example_dags/example_branch_python_dop_operator_3.py
[2024-08-12 22:46:05,547] {processor.py:641} INFO - Processing file /home/kai/Documents/airflowalura/venv/lib/python3.9/site-packages/airflow/example_dags/example_branch_python_dop_operator_3.py for tasks to queue
[2024-08-12 22:46:05,547] {logging_mixin.py:115} INFO - [2024-08-12 22:46:05,547] {dagbag.py:507} INFO - Filling up the DagBag from /home/kai/Documents/airflowalura/venv/lib/python3.9/site-packages/airflow/example_dags/example_branch_python_dop_operator_3.py
[2024-08-12 22:46:05,555] {processor.py:651} INFO - DAG(s) dict_keys(['example_branch_dop_operator_v3']) retrieved from /home/kai/Documents/airflowalura/venv/lib/python3.9/site-packages/airflow/example_dags/example_branch_python_dop_operator_3.py
[2024-08-12 22:46:05,567] {logging_mixin.py:115} INFO - [2024-08-12 22:46:05,567] {dag.py:2379} INFO - Sync 1 DAGs
[2024-08-12 22:46:05,584] {logging_mixin.py:115} INFO - [2024-08-12 22:46:05,584] {dag.py:2927} INFO - Setting next_dagrun for example_branch_dop_operator_v3 to 2024-08-13T01:45:00+00:00, run_after=2024-08-13T01:46:00+00:00
[2024-08-12 22:46:05,594] {processor.py:161} INFO - Processing /home/kai/Documents/airflowalura/venv/lib/python3.9/site-packages/airflow/example_dags/example_branch_python_dop_operator_3.py took 0.050 seconds
[2024-08-12 22:46:38,522] {processor.py:153} INFO - Started process (PID=9061) to work on /home/kai/Documents/airflowalura/venv/lib/python3.9/site-packages/airflow/example_dags/example_branch_python_dop_operator_3.py
[2024-08-12 22:46:38,523] {processor.py:641} INFO - Processing file /home/kai/Documents/airflowalura/venv/lib/python3.9/site-packages/airflow/example_dags/example_branch_python_dop_operator_3.py for tasks to queue
[2024-08-12 22:46:38,523] {logging_mixin.py:115} INFO - [2024-08-12 22:46:38,523] {dagbag.py:507} INFO - Filling up the DagBag from /home/kai/Documents/airflowalura/venv/lib/python3.9/site-packages/airflow/example_dags/example_branch_python_dop_operator_3.py
[2024-08-12 22:46:38,531] {processor.py:651} INFO - DAG(s) dict_keys(['example_branch_dop_operator_v3']) retrieved from /home/kai/Documents/airflowalura/venv/lib/python3.9/site-packages/airflow/example_dags/example_branch_python_dop_operator_3.py
[2024-08-12 22:46:38,545] {logging_mixin.py:115} INFO - [2024-08-12 22:46:38,545] {dag.py:2379} INFO - Sync 1 DAGs
[2024-08-12 22:46:38,569] {logging_mixin.py:115} INFO - [2024-08-12 22:46:38,569] {dag.py:2927} INFO - Setting next_dagrun for example_branch_dop_operator_v3 to 2024-08-13T01:45:00+00:00, run_after=2024-08-13T01:46:00+00:00
[2024-08-12 22:46:38,582] {processor.py:161} INFO - Processing /home/kai/Documents/airflowalura/venv/lib/python3.9/site-packages/airflow/example_dags/example_branch_python_dop_operator_3.py took 0.063 seconds
[2024-08-12 22:47:14,043] {processor.py:153} INFO - Started process (PID=9264) to work on /home/kai/Documents/airflowalura/venv/lib/python3.9/site-packages/airflow/example_dags/example_branch_python_dop_operator_3.py
[2024-08-12 22:47:14,043] {processor.py:641} INFO - Processing file /home/kai/Documents/airflowalura/venv/lib/python3.9/site-packages/airflow/example_dags/example_branch_python_dop_operator_3.py for tasks to queue
[2024-08-12 22:47:14,044] {logging_mixin.py:115} INFO - [2024-08-12 22:47:14,044] {dagbag.py:507} INFO - Filling up the DagBag from /home/kai/Documents/airflowalura/venv/lib/python3.9/site-packages/airflow/example_dags/example_branch_python_dop_operator_3.py
[2024-08-12 22:47:14,052] {processor.py:651} INFO - DAG(s) dict_keys(['example_branch_dop_operator_v3']) retrieved from /home/kai/Documents/airflowalura/venv/lib/python3.9/site-packages/airflow/example_dags/example_branch_python_dop_operator_3.py
[2024-08-12 22:47:14,065] {logging_mixin.py:115} INFO - [2024-08-12 22:47:14,065] {dag.py:2379} INFO - Sync 1 DAGs
[2024-08-12 22:47:14,094] {logging_mixin.py:115} INFO - [2024-08-12 22:47:14,094] {dag.py:2927} INFO - Setting next_dagrun for example_branch_dop_operator_v3 to 2024-08-13T01:46:00+00:00, run_after=2024-08-13T01:47:00+00:00
[2024-08-12 22:47:14,105] {processor.py:161} INFO - Processing /home/kai/Documents/airflowalura/venv/lib/python3.9/site-packages/airflow/example_dags/example_branch_python_dop_operator_3.py took 0.064 seconds
[2024-08-12 22:47:47,561] {processor.py:153} INFO - Started process (PID=9456) to work on /home/kai/Documents/airflowalura/venv/lib/python3.9/site-packages/airflow/example_dags/example_branch_python_dop_operator_3.py
[2024-08-12 22:47:47,562] {processor.py:641} INFO - Processing file /home/kai/Documents/airflowalura/venv/lib/python3.9/site-packages/airflow/example_dags/example_branch_python_dop_operator_3.py for tasks to queue
[2024-08-12 22:47:47,563] {logging_mixin.py:115} INFO - [2024-08-12 22:47:47,562] {dagbag.py:507} INFO - Filling up the DagBag from /home/kai/Documents/airflowalura/venv/lib/python3.9/site-packages/airflow/example_dags/example_branch_python_dop_operator_3.py
[2024-08-12 22:47:47,571] {processor.py:651} INFO - DAG(s) dict_keys(['example_branch_dop_operator_v3']) retrieved from /home/kai/Documents/airflowalura/venv/lib/python3.9/site-packages/airflow/example_dags/example_branch_python_dop_operator_3.py
[2024-08-12 22:47:47,583] {logging_mixin.py:115} INFO - [2024-08-12 22:47:47,583] {dag.py:2379} INFO - Sync 1 DAGs
[2024-08-12 22:47:47,600] {logging_mixin.py:115} INFO - [2024-08-12 22:47:47,600] {dag.py:2927} INFO - Setting next_dagrun for example_branch_dop_operator_v3 to 2024-08-13T01:46:00+00:00, run_after=2024-08-13T01:47:00+00:00
[2024-08-12 22:47:47,610] {processor.py:161} INFO - Processing /home/kai/Documents/airflowalura/venv/lib/python3.9/site-packages/airflow/example_dags/example_branch_python_dop_operator_3.py took 0.051 seconds
[2024-08-12 22:48:24,950] {processor.py:153} INFO - Started process (PID=9661) to work on /home/kai/Documents/airflowalura/venv/lib/python3.9/site-packages/airflow/example_dags/example_branch_python_dop_operator_3.py
[2024-08-12 22:48:24,950] {processor.py:641} INFO - Processing file /home/kai/Documents/airflowalura/venv/lib/python3.9/site-packages/airflow/example_dags/example_branch_python_dop_operator_3.py for tasks to queue
[2024-08-12 22:48:24,951] {logging_mixin.py:115} INFO - [2024-08-12 22:48:24,951] {dagbag.py:507} INFO - Filling up the DagBag from /home/kai/Documents/airflowalura/venv/lib/python3.9/site-packages/airflow/example_dags/example_branch_python_dop_operator_3.py
[2024-08-12 22:48:24,959] {processor.py:651} INFO - DAG(s) dict_keys(['example_branch_dop_operator_v3']) retrieved from /home/kai/Documents/airflowalura/venv/lib/python3.9/site-packages/airflow/example_dags/example_branch_python_dop_operator_3.py
[2024-08-12 22:48:24,971] {logging_mixin.py:115} INFO - [2024-08-12 22:48:24,971] {dag.py:2379} INFO - Sync 1 DAGs
[2024-08-12 22:48:24,988] {logging_mixin.py:115} INFO - [2024-08-12 22:48:24,988] {dag.py:2927} INFO - Setting next_dagrun for example_branch_dop_operator_v3 to 2024-08-13T01:47:00+00:00, run_after=2024-08-13T01:48:00+00:00
[2024-08-12 22:48:24,998] {processor.py:161} INFO - Processing /home/kai/Documents/airflowalura/venv/lib/python3.9/site-packages/airflow/example_dags/example_branch_python_dop_operator_3.py took 0.051 seconds
[2024-08-12 22:48:59,319] {processor.py:153} INFO - Started process (PID=9857) to work on /home/kai/Documents/airflowalura/venv/lib/python3.9/site-packages/airflow/example_dags/example_branch_python_dop_operator_3.py
[2024-08-12 22:48:59,319] {processor.py:641} INFO - Processing file /home/kai/Documents/airflowalura/venv/lib/python3.9/site-packages/airflow/example_dags/example_branch_python_dop_operator_3.py for tasks to queue
[2024-08-12 22:48:59,320] {logging_mixin.py:115} INFO - [2024-08-12 22:48:59,320] {dagbag.py:507} INFO - Filling up the DagBag from /home/kai/Documents/airflowalura/venv/lib/python3.9/site-packages/airflow/example_dags/example_branch_python_dop_operator_3.py
[2024-08-12 22:48:59,330] {processor.py:651} INFO - DAG(s) dict_keys(['example_branch_dop_operator_v3']) retrieved from /home/kai/Documents/airflowalura/venv/lib/python3.9/site-packages/airflow/example_dags/example_branch_python_dop_operator_3.py
[2024-08-12 22:48:59,348] {logging_mixin.py:115} INFO - [2024-08-12 22:48:59,348] {dag.py:2379} INFO - Sync 1 DAGs
[2024-08-12 22:48:59,366] {logging_mixin.py:115} INFO - [2024-08-12 22:48:59,366] {dag.py:2927} INFO - Setting next_dagrun for example_branch_dop_operator_v3 to 2024-08-13T01:47:00+00:00, run_after=2024-08-13T01:48:00+00:00
[2024-08-12 22:48:59,374] {processor.py:161} INFO - Processing /home/kai/Documents/airflowalura/venv/lib/python3.9/site-packages/airflow/example_dags/example_branch_python_dop_operator_3.py took 0.058 seconds
[2024-08-12 22:49:34,125] {processor.py:153} INFO - Started process (PID=10048) to work on /home/kai/Documents/airflowalura/venv/lib/python3.9/site-packages/airflow/example_dags/example_branch_python_dop_operator_3.py
[2024-08-12 22:49:34,126] {processor.py:641} INFO - Processing file /home/kai/Documents/airflowalura/venv/lib/python3.9/site-packages/airflow/example_dags/example_branch_python_dop_operator_3.py for tasks to queue
[2024-08-12 22:49:34,126] {logging_mixin.py:115} INFO - [2024-08-12 22:49:34,126] {dagbag.py:507} INFO - Filling up the DagBag from /home/kai/Documents/airflowalura/venv/lib/python3.9/site-packages/airflow/example_dags/example_branch_python_dop_operator_3.py
[2024-08-12 22:49:34,135] {processor.py:651} INFO - DAG(s) dict_keys(['example_branch_dop_operator_v3']) retrieved from /home/kai/Documents/airflowalura/venv/lib/python3.9/site-packages/airflow/example_dags/example_branch_python_dop_operator_3.py
[2024-08-12 22:49:34,148] {logging_mixin.py:115} INFO - [2024-08-12 22:49:34,148] {dag.py:2379} INFO - Sync 1 DAGs
[2024-08-12 22:49:34,166] {logging_mixin.py:115} INFO - [2024-08-12 22:49:34,166] {dag.py:2927} INFO - Setting next_dagrun for example_branch_dop_operator_v3 to 2024-08-13T01:48:00+00:00, run_after=2024-08-13T01:49:00+00:00
[2024-08-12 22:49:34,175] {processor.py:161} INFO - Processing /home/kai/Documents/airflowalura/venv/lib/python3.9/site-packages/airflow/example_dags/example_branch_python_dop_operator_3.py took 0.053 seconds
[2024-08-12 22:50:06,221] {processor.py:153} INFO - Started process (PID=10230) to work on /home/kai/Documents/airflowalura/venv/lib/python3.9/site-packages/airflow/example_dags/example_branch_python_dop_operator_3.py
[2024-08-12 22:50:06,222] {processor.py:641} INFO - Processing file /home/kai/Documents/airflowalura/venv/lib/python3.9/site-packages/airflow/example_dags/example_branch_python_dop_operator_3.py for tasks to queue
[2024-08-12 22:50:06,222] {logging_mixin.py:115} INFO - [2024-08-12 22:50:06,222] {dagbag.py:507} INFO - Filling up the DagBag from /home/kai/Documents/airflowalura/venv/lib/python3.9/site-packages/airflow/example_dags/example_branch_python_dop_operator_3.py
[2024-08-12 22:50:06,229] {processor.py:651} INFO - DAG(s) dict_keys(['example_branch_dop_operator_v3']) retrieved from /home/kai/Documents/airflowalura/venv/lib/python3.9/site-packages/airflow/example_dags/example_branch_python_dop_operator_3.py
[2024-08-12 22:50:06,242] {logging_mixin.py:115} INFO - [2024-08-12 22:50:06,241] {dag.py:2379} INFO - Sync 1 DAGs
[2024-08-12 22:50:06,259] {logging_mixin.py:115} INFO - [2024-08-12 22:50:06,259] {dag.py:2927} INFO - Setting next_dagrun for example_branch_dop_operator_v3 to 2024-08-13T01:49:00+00:00, run_after=2024-08-13T01:50:00+00:00
[2024-08-12 22:50:06,268] {processor.py:161} INFO - Processing /home/kai/Documents/airflowalura/venv/lib/python3.9/site-packages/airflow/example_dags/example_branch_python_dop_operator_3.py took 0.049 seconds
[2024-08-12 22:50:40,822] {processor.py:153} INFO - Started process (PID=10474) to work on /home/kai/Documents/airflowalura/venv/lib/python3.9/site-packages/airflow/example_dags/example_branch_python_dop_operator_3.py
[2024-08-12 22:50:40,823] {processor.py:641} INFO - Processing file /home/kai/Documents/airflowalura/venv/lib/python3.9/site-packages/airflow/example_dags/example_branch_python_dop_operator_3.py for tasks to queue
[2024-08-12 22:50:40,824] {logging_mixin.py:115} INFO - [2024-08-12 22:50:40,823] {dagbag.py:507} INFO - Filling up the DagBag from /home/kai/Documents/airflowalura/venv/lib/python3.9/site-packages/airflow/example_dags/example_branch_python_dop_operator_3.py
[2024-08-12 22:50:40,832] {processor.py:651} INFO - DAG(s) dict_keys(['example_branch_dop_operator_v3']) retrieved from /home/kai/Documents/airflowalura/venv/lib/python3.9/site-packages/airflow/example_dags/example_branch_python_dop_operator_3.py
[2024-08-12 22:50:40,847] {logging_mixin.py:115} INFO - [2024-08-12 22:50:40,847] {dag.py:2379} INFO - Sync 1 DAGs
[2024-08-12 22:50:40,863] {logging_mixin.py:115} INFO - [2024-08-12 22:50:40,863] {dag.py:2927} INFO - Setting next_dagrun for example_branch_dop_operator_v3 to 2024-08-13T01:49:00+00:00, run_after=2024-08-13T01:50:00+00:00
[2024-08-12 22:50:40,879] {processor.py:161} INFO - Processing /home/kai/Documents/airflowalura/venv/lib/python3.9/site-packages/airflow/example_dags/example_branch_python_dop_operator_3.py took 0.059 seconds
[2024-08-12 22:51:15,616] {processor.py:153} INFO - Started process (PID=10672) to work on /home/kai/Documents/airflowalura/venv/lib/python3.9/site-packages/airflow/example_dags/example_branch_python_dop_operator_3.py
[2024-08-12 22:51:15,616] {processor.py:641} INFO - Processing file /home/kai/Documents/airflowalura/venv/lib/python3.9/site-packages/airflow/example_dags/example_branch_python_dop_operator_3.py for tasks to queue
[2024-08-12 22:51:15,617] {logging_mixin.py:115} INFO - [2024-08-12 22:51:15,617] {dagbag.py:507} INFO - Filling up the DagBag from /home/kai/Documents/airflowalura/venv/lib/python3.9/site-packages/airflow/example_dags/example_branch_python_dop_operator_3.py
[2024-08-12 22:51:15,625] {processor.py:651} INFO - DAG(s) dict_keys(['example_branch_dop_operator_v3']) retrieved from /home/kai/Documents/airflowalura/venv/lib/python3.9/site-packages/airflow/example_dags/example_branch_python_dop_operator_3.py
[2024-08-12 22:51:15,640] {logging_mixin.py:115} INFO - [2024-08-12 22:51:15,640] {dag.py:2379} INFO - Sync 1 DAGs
[2024-08-12 22:51:15,660] {logging_mixin.py:115} INFO - [2024-08-12 22:51:15,660] {dag.py:2927} INFO - Setting next_dagrun for example_branch_dop_operator_v3 to 2024-08-13T01:50:00+00:00, run_after=2024-08-13T01:51:00+00:00
[2024-08-12 22:51:15,669] {processor.py:161} INFO - Processing /home/kai/Documents/airflowalura/venv/lib/python3.9/site-packages/airflow/example_dags/example_branch_python_dop_operator_3.py took 0.055 seconds
[2024-08-12 22:51:49,671] {processor.py:153} INFO - Started process (PID=10859) to work on /home/kai/Documents/airflowalura/venv/lib/python3.9/site-packages/airflow/example_dags/example_branch_python_dop_operator_3.py
[2024-08-12 22:51:49,671] {processor.py:641} INFO - Processing file /home/kai/Documents/airflowalura/venv/lib/python3.9/site-packages/airflow/example_dags/example_branch_python_dop_operator_3.py for tasks to queue
[2024-08-12 22:51:49,672] {logging_mixin.py:115} INFO - [2024-08-12 22:51:49,672] {dagbag.py:507} INFO - Filling up the DagBag from /home/kai/Documents/airflowalura/venv/lib/python3.9/site-packages/airflow/example_dags/example_branch_python_dop_operator_3.py
[2024-08-12 22:51:49,679] {processor.py:651} INFO - DAG(s) dict_keys(['example_branch_dop_operator_v3']) retrieved from /home/kai/Documents/airflowalura/venv/lib/python3.9/site-packages/airflow/example_dags/example_branch_python_dop_operator_3.py
[2024-08-12 22:51:49,694] {logging_mixin.py:115} INFO - [2024-08-12 22:51:49,694] {dag.py:2379} INFO - Sync 1 DAGs
[2024-08-12 22:51:49,709] {logging_mixin.py:115} INFO - [2024-08-12 22:51:49,709] {dag.py:2927} INFO - Setting next_dagrun for example_branch_dop_operator_v3 to 2024-08-13T01:50:00+00:00, run_after=2024-08-13T01:51:00+00:00
[2024-08-12 22:51:49,718] {processor.py:161} INFO - Processing /home/kai/Documents/airflowalura/venv/lib/python3.9/site-packages/airflow/example_dags/example_branch_python_dop_operator_3.py took 0.050 seconds
[2024-08-12 22:52:26,829] {processor.py:153} INFO - Started process (PID=11066) to work on /home/kai/Documents/airflowalura/venv/lib/python3.9/site-packages/airflow/example_dags/example_branch_python_dop_operator_3.py
[2024-08-12 22:52:26,830] {processor.py:641} INFO - Processing file /home/kai/Documents/airflowalura/venv/lib/python3.9/site-packages/airflow/example_dags/example_branch_python_dop_operator_3.py for tasks to queue
[2024-08-12 22:52:26,831] {logging_mixin.py:115} INFO - [2024-08-12 22:52:26,831] {dagbag.py:507} INFO - Filling up the DagBag from /home/kai/Documents/airflowalura/venv/lib/python3.9/site-packages/airflow/example_dags/example_branch_python_dop_operator_3.py
[2024-08-12 22:52:26,840] {processor.py:651} INFO - DAG(s) dict_keys(['example_branch_dop_operator_v3']) retrieved from /home/kai/Documents/airflowalura/venv/lib/python3.9/site-packages/airflow/example_dags/example_branch_python_dop_operator_3.py
[2024-08-12 22:52:26,855] {logging_mixin.py:115} INFO - [2024-08-12 22:52:26,855] {dag.py:2379} INFO - Sync 1 DAGs
[2024-08-12 22:52:26,871] {logging_mixin.py:115} INFO - [2024-08-12 22:52:26,871] {dag.py:2927} INFO - Setting next_dagrun for example_branch_dop_operator_v3 to 2024-08-13T01:51:00+00:00, run_after=2024-08-13T01:52:00+00:00
[2024-08-12 22:52:26,880] {processor.py:161} INFO - Processing /home/kai/Documents/airflowalura/venv/lib/python3.9/site-packages/airflow/example_dags/example_branch_python_dop_operator_3.py took 0.053 seconds
[2024-08-12 22:53:02,732] {processor.py:153} INFO - Started process (PID=11263) to work on /home/kai/Documents/airflowalura/venv/lib/python3.9/site-packages/airflow/example_dags/example_branch_python_dop_operator_3.py
[2024-08-12 22:53:02,733] {processor.py:641} INFO - Processing file /home/kai/Documents/airflowalura/venv/lib/python3.9/site-packages/airflow/example_dags/example_branch_python_dop_operator_3.py for tasks to queue
[2024-08-12 22:53:02,733] {logging_mixin.py:115} INFO - [2024-08-12 22:53:02,733] {dagbag.py:507} INFO - Filling up the DagBag from /home/kai/Documents/airflowalura/venv/lib/python3.9/site-packages/airflow/example_dags/example_branch_python_dop_operator_3.py
[2024-08-12 22:53:02,741] {processor.py:651} INFO - DAG(s) dict_keys(['example_branch_dop_operator_v3']) retrieved from /home/kai/Documents/airflowalura/venv/lib/python3.9/site-packages/airflow/example_dags/example_branch_python_dop_operator_3.py
[2024-08-12 22:53:02,755] {logging_mixin.py:115} INFO - [2024-08-12 22:53:02,755] {dag.py:2379} INFO - Sync 1 DAGs
[2024-08-12 22:53:02,771] {logging_mixin.py:115} INFO - [2024-08-12 22:53:02,771] {dag.py:2927} INFO - Setting next_dagrun for example_branch_dop_operator_v3 to 2024-08-13T01:52:00+00:00, run_after=2024-08-13T01:53:00+00:00
[2024-08-12 22:53:02,779] {processor.py:161} INFO - Processing /home/kai/Documents/airflowalura/venv/lib/python3.9/site-packages/airflow/example_dags/example_branch_python_dop_operator_3.py took 0.050 seconds
[2024-08-12 22:53:35,286] {processor.py:153} INFO - Started process (PID=11445) to work on /home/kai/Documents/airflowalura/venv/lib/python3.9/site-packages/airflow/example_dags/example_branch_python_dop_operator_3.py
[2024-08-12 22:53:35,288] {processor.py:641} INFO - Processing file /home/kai/Documents/airflowalura/venv/lib/python3.9/site-packages/airflow/example_dags/example_branch_python_dop_operator_3.py for tasks to queue
[2024-08-12 22:53:35,288] {logging_mixin.py:115} INFO - [2024-08-12 22:53:35,288] {dagbag.py:507} INFO - Filling up the DagBag from /home/kai/Documents/airflowalura/venv/lib/python3.9/site-packages/airflow/example_dags/example_branch_python_dop_operator_3.py
[2024-08-12 22:53:35,296] {processor.py:651} INFO - DAG(s) dict_keys(['example_branch_dop_operator_v3']) retrieved from /home/kai/Documents/airflowalura/venv/lib/python3.9/site-packages/airflow/example_dags/example_branch_python_dop_operator_3.py
[2024-08-12 22:53:35,310] {logging_mixin.py:115} INFO - [2024-08-12 22:53:35,310] {dag.py:2379} INFO - Sync 1 DAGs
[2024-08-12 22:53:35,325] {logging_mixin.py:115} INFO - [2024-08-12 22:53:35,325] {dag.py:2927} INFO - Setting next_dagrun for example_branch_dop_operator_v3 to 2024-08-13T01:52:00+00:00, run_after=2024-08-13T01:53:00+00:00
[2024-08-12 22:53:35,333] {processor.py:161} INFO - Processing /home/kai/Documents/airflowalura/venv/lib/python3.9/site-packages/airflow/example_dags/example_branch_python_dop_operator_3.py took 0.049 seconds
[2024-08-12 22:54:12,364] {processor.py:153} INFO - Started process (PID=11657) to work on /home/kai/Documents/airflowalura/venv/lib/python3.9/site-packages/airflow/example_dags/example_branch_python_dop_operator_3.py
[2024-08-12 22:54:12,365] {processor.py:641} INFO - Processing file /home/kai/Documents/airflowalura/venv/lib/python3.9/site-packages/airflow/example_dags/example_branch_python_dop_operator_3.py for tasks to queue
[2024-08-12 22:54:12,366] {logging_mixin.py:115} INFO - [2024-08-12 22:54:12,366] {dagbag.py:507} INFO - Filling up the DagBag from /home/kai/Documents/airflowalura/venv/lib/python3.9/site-packages/airflow/example_dags/example_branch_python_dop_operator_3.py
[2024-08-12 22:54:12,375] {processor.py:651} INFO - DAG(s) dict_keys(['example_branch_dop_operator_v3']) retrieved from /home/kai/Documents/airflowalura/venv/lib/python3.9/site-packages/airflow/example_dags/example_branch_python_dop_operator_3.py
[2024-08-12 22:54:12,394] {logging_mixin.py:115} INFO - [2024-08-12 22:54:12,393] {dag.py:2379} INFO - Sync 1 DAGs
[2024-08-12 22:54:12,424] {logging_mixin.py:115} INFO - [2024-08-12 22:54:12,424] {dag.py:2927} INFO - Setting next_dagrun for example_branch_dop_operator_v3 to 2024-08-13T01:53:00+00:00, run_after=2024-08-13T01:54:00+00:00
[2024-08-12 22:54:12,436] {processor.py:161} INFO - Processing /home/kai/Documents/airflowalura/venv/lib/python3.9/site-packages/airflow/example_dags/example_branch_python_dop_operator_3.py took 0.074 seconds
[2024-08-12 22:54:49,293] {processor.py:153} INFO - Started process (PID=11863) to work on /home/kai/Documents/airflowalura/venv/lib/python3.9/site-packages/airflow/example_dags/example_branch_python_dop_operator_3.py
[2024-08-12 22:54:49,294] {processor.py:641} INFO - Processing file /home/kai/Documents/airflowalura/venv/lib/python3.9/site-packages/airflow/example_dags/example_branch_python_dop_operator_3.py for tasks to queue
[2024-08-12 22:54:49,295] {logging_mixin.py:115} INFO - [2024-08-12 22:54:49,294] {dagbag.py:507} INFO - Filling up the DagBag from /home/kai/Documents/airflowalura/venv/lib/python3.9/site-packages/airflow/example_dags/example_branch_python_dop_operator_3.py
[2024-08-12 22:54:49,303] {processor.py:651} INFO - DAG(s) dict_keys(['example_branch_dop_operator_v3']) retrieved from /home/kai/Documents/airflowalura/venv/lib/python3.9/site-packages/airflow/example_dags/example_branch_python_dop_operator_3.py
[2024-08-12 22:54:49,319] {logging_mixin.py:115} INFO - [2024-08-12 22:54:49,319] {dag.py:2379} INFO - Sync 1 DAGs
[2024-08-12 22:54:49,334] {logging_mixin.py:115} INFO - [2024-08-12 22:54:49,334] {dag.py:2927} INFO - Setting next_dagrun for example_branch_dop_operator_v3 to 2024-08-13T01:53:00+00:00, run_after=2024-08-13T01:54:00+00:00
[2024-08-12 22:54:49,344] {processor.py:161} INFO - Processing /home/kai/Documents/airflowalura/venv/lib/python3.9/site-packages/airflow/example_dags/example_branch_python_dop_operator_3.py took 0.053 seconds
[2024-08-12 22:55:21,835] {processor.py:153} INFO - Started process (PID=12091) to work on /home/kai/Documents/airflowalura/venv/lib/python3.9/site-packages/airflow/example_dags/example_branch_python_dop_operator_3.py
[2024-08-12 22:55:21,836] {processor.py:641} INFO - Processing file /home/kai/Documents/airflowalura/venv/lib/python3.9/site-packages/airflow/example_dags/example_branch_python_dop_operator_3.py for tasks to queue
[2024-08-12 22:55:21,837] {logging_mixin.py:115} INFO - [2024-08-12 22:55:21,836] {dagbag.py:507} INFO - Filling up the DagBag from /home/kai/Documents/airflowalura/venv/lib/python3.9/site-packages/airflow/example_dags/example_branch_python_dop_operator_3.py
[2024-08-12 22:55:21,844] {processor.py:651} INFO - DAG(s) dict_keys(['example_branch_dop_operator_v3']) retrieved from /home/kai/Documents/airflowalura/venv/lib/python3.9/site-packages/airflow/example_dags/example_branch_python_dop_operator_3.py
[2024-08-12 22:55:21,858] {logging_mixin.py:115} INFO - [2024-08-12 22:55:21,858] {dag.py:2379} INFO - Sync 1 DAGs
[2024-08-12 22:55:21,873] {logging_mixin.py:115} INFO - [2024-08-12 22:55:21,873] {dag.py:2927} INFO - Setting next_dagrun for example_branch_dop_operator_v3 to 2024-08-13T01:54:00+00:00, run_after=2024-08-13T01:55:00+00:00
[2024-08-12 22:55:21,882] {processor.py:161} INFO - Processing /home/kai/Documents/airflowalura/venv/lib/python3.9/site-packages/airflow/example_dags/example_branch_python_dop_operator_3.py took 0.049 seconds
[2024-08-12 22:55:55,110] {processor.py:153} INFO - Started process (PID=12272) to work on /home/kai/Documents/airflowalura/venv/lib/python3.9/site-packages/airflow/example_dags/example_branch_python_dop_operator_3.py
[2024-08-12 22:55:55,111] {processor.py:641} INFO - Processing file /home/kai/Documents/airflowalura/venv/lib/python3.9/site-packages/airflow/example_dags/example_branch_python_dop_operator_3.py for tasks to queue
[2024-08-12 22:55:55,112] {logging_mixin.py:115} INFO - [2024-08-12 22:55:55,111] {dagbag.py:507} INFO - Filling up the DagBag from /home/kai/Documents/airflowalura/venv/lib/python3.9/site-packages/airflow/example_dags/example_branch_python_dop_operator_3.py
[2024-08-12 22:55:55,120] {processor.py:651} INFO - DAG(s) dict_keys(['example_branch_dop_operator_v3']) retrieved from /home/kai/Documents/airflowalura/venv/lib/python3.9/site-packages/airflow/example_dags/example_branch_python_dop_operator_3.py
[2024-08-12 22:55:55,135] {logging_mixin.py:115} INFO - [2024-08-12 22:55:55,135] {dag.py:2379} INFO - Sync 1 DAGs
[2024-08-12 22:55:55,151] {logging_mixin.py:115} INFO - [2024-08-12 22:55:55,151] {dag.py:2927} INFO - Setting next_dagrun for example_branch_dop_operator_v3 to 2024-08-13T01:54:00+00:00, run_after=2024-08-13T01:55:00+00:00
[2024-08-12 22:55:55,161] {processor.py:161} INFO - Processing /home/kai/Documents/airflowalura/venv/lib/python3.9/site-packages/airflow/example_dags/example_branch_python_dop_operator_3.py took 0.053 seconds
[2024-08-12 22:56:28,612] {processor.py:153} INFO - Started process (PID=12497) to work on /home/kai/Documents/airflowalura/venv/lib/python3.9/site-packages/airflow/example_dags/example_branch_python_dop_operator_3.py
[2024-08-12 22:56:28,613] {processor.py:641} INFO - Processing file /home/kai/Documents/airflowalura/venv/lib/python3.9/site-packages/airflow/example_dags/example_branch_python_dop_operator_3.py for tasks to queue
[2024-08-12 22:56:28,613] {logging_mixin.py:115} INFO - [2024-08-12 22:56:28,613] {dagbag.py:507} INFO - Filling up the DagBag from /home/kai/Documents/airflowalura/venv/lib/python3.9/site-packages/airflow/example_dags/example_branch_python_dop_operator_3.py
[2024-08-12 22:56:28,621] {processor.py:651} INFO - DAG(s) dict_keys(['example_branch_dop_operator_v3']) retrieved from /home/kai/Documents/airflowalura/venv/lib/python3.9/site-packages/airflow/example_dags/example_branch_python_dop_operator_3.py
[2024-08-12 22:56:28,642] {logging_mixin.py:115} INFO - [2024-08-12 22:56:28,642] {dag.py:2379} INFO - Sync 1 DAGs
[2024-08-12 22:56:28,659] {logging_mixin.py:115} INFO - [2024-08-12 22:56:28,659] {dag.py:2927} INFO - Setting next_dagrun for example_branch_dop_operator_v3 to 2024-08-13T01:55:00+00:00, run_after=2024-08-13T01:56:00+00:00
[2024-08-12 22:56:28,668] {processor.py:161} INFO - Processing /home/kai/Documents/airflowalura/venv/lib/python3.9/site-packages/airflow/example_dags/example_branch_python_dop_operator_3.py took 0.059 seconds
[2024-08-12 22:57:02,133] {processor.py:153} INFO - Started process (PID=12688) to work on /home/kai/Documents/airflowalura/venv/lib/python3.9/site-packages/airflow/example_dags/example_branch_python_dop_operator_3.py
[2024-08-12 22:57:02,134] {processor.py:641} INFO - Processing file /home/kai/Documents/airflowalura/venv/lib/python3.9/site-packages/airflow/example_dags/example_branch_python_dop_operator_3.py for tasks to queue
[2024-08-12 22:57:02,134] {logging_mixin.py:115} INFO - [2024-08-12 22:57:02,134] {dagbag.py:507} INFO - Filling up the DagBag from /home/kai/Documents/airflowalura/venv/lib/python3.9/site-packages/airflow/example_dags/example_branch_python_dop_operator_3.py
[2024-08-12 22:57:02,142] {processor.py:651} INFO - DAG(s) dict_keys(['example_branch_dop_operator_v3']) retrieved from /home/kai/Documents/airflowalura/venv/lib/python3.9/site-packages/airflow/example_dags/example_branch_python_dop_operator_3.py
[2024-08-12 22:57:02,156] {logging_mixin.py:115} INFO - [2024-08-12 22:57:02,156] {dag.py:2379} INFO - Sync 1 DAGs
[2024-08-12 22:57:02,171] {logging_mixin.py:115} INFO - [2024-08-12 22:57:02,171] {dag.py:2927} INFO - Setting next_dagrun for example_branch_dop_operator_v3 to 2024-08-13T01:56:00+00:00, run_after=2024-08-13T01:57:00+00:00
[2024-08-12 22:57:02,181] {processor.py:161} INFO - Processing /home/kai/Documents/airflowalura/venv/lib/python3.9/site-packages/airflow/example_dags/example_branch_python_dop_operator_3.py took 0.051 seconds
[2024-08-12 22:57:35,336] {processor.py:153} INFO - Started process (PID=12868) to work on /home/kai/Documents/airflowalura/venv/lib/python3.9/site-packages/airflow/example_dags/example_branch_python_dop_operator_3.py
[2024-08-12 22:57:35,336] {processor.py:641} INFO - Processing file /home/kai/Documents/airflowalura/venv/lib/python3.9/site-packages/airflow/example_dags/example_branch_python_dop_operator_3.py for tasks to queue
[2024-08-12 22:57:35,337] {logging_mixin.py:115} INFO - [2024-08-12 22:57:35,337] {dagbag.py:507} INFO - Filling up the DagBag from /home/kai/Documents/airflowalura/venv/lib/python3.9/site-packages/airflow/example_dags/example_branch_python_dop_operator_3.py
[2024-08-12 22:57:35,345] {processor.py:651} INFO - DAG(s) dict_keys(['example_branch_dop_operator_v3']) retrieved from /home/kai/Documents/airflowalura/venv/lib/python3.9/site-packages/airflow/example_dags/example_branch_python_dop_operator_3.py
[2024-08-12 22:57:35,360] {logging_mixin.py:115} INFO - [2024-08-12 22:57:35,360] {dag.py:2379} INFO - Sync 1 DAGs
[2024-08-12 22:57:35,376] {logging_mixin.py:115} INFO - [2024-08-12 22:57:35,376] {dag.py:2927} INFO - Setting next_dagrun for example_branch_dop_operator_v3 to 2024-08-13T01:56:00+00:00, run_after=2024-08-13T01:57:00+00:00
[2024-08-12 22:57:35,385] {processor.py:161} INFO - Processing /home/kai/Documents/airflowalura/venv/lib/python3.9/site-packages/airflow/example_dags/example_branch_python_dop_operator_3.py took 0.052 seconds
[2024-08-12 22:58:08,398] {processor.py:153} INFO - Started process (PID=13050) to work on /home/kai/Documents/airflowalura/venv/lib/python3.9/site-packages/airflow/example_dags/example_branch_python_dop_operator_3.py
[2024-08-12 22:58:08,399] {processor.py:641} INFO - Processing file /home/kai/Documents/airflowalura/venv/lib/python3.9/site-packages/airflow/example_dags/example_branch_python_dop_operator_3.py for tasks to queue
[2024-08-12 22:58:08,399] {logging_mixin.py:115} INFO - [2024-08-12 22:58:08,399] {dagbag.py:507} INFO - Filling up the DagBag from /home/kai/Documents/airflowalura/venv/lib/python3.9/site-packages/airflow/example_dags/example_branch_python_dop_operator_3.py
[2024-08-12 22:58:08,408] {processor.py:651} INFO - DAG(s) dict_keys(['example_branch_dop_operator_v3']) retrieved from /home/kai/Documents/airflowalura/venv/lib/python3.9/site-packages/airflow/example_dags/example_branch_python_dop_operator_3.py
[2024-08-12 22:58:08,423] {logging_mixin.py:115} INFO - [2024-08-12 22:58:08,423] {dag.py:2379} INFO - Sync 1 DAGs
[2024-08-12 22:58:08,440] {logging_mixin.py:115} INFO - [2024-08-12 22:58:08,440] {dag.py:2927} INFO - Setting next_dagrun for example_branch_dop_operator_v3 to 2024-08-13T01:57:00+00:00, run_after=2024-08-13T01:58:00+00:00
[2024-08-12 22:58:08,452] {processor.py:161} INFO - Processing /home/kai/Documents/airflowalura/venv/lib/python3.9/site-packages/airflow/example_dags/example_branch_python_dop_operator_3.py took 0.056 seconds
[2024-08-12 22:58:42,228] {processor.py:153} INFO - Started process (PID=13238) to work on /home/kai/Documents/airflowalura/venv/lib/python3.9/site-packages/airflow/example_dags/example_branch_python_dop_operator_3.py
[2024-08-12 22:58:42,229] {processor.py:641} INFO - Processing file /home/kai/Documents/airflowalura/venv/lib/python3.9/site-packages/airflow/example_dags/example_branch_python_dop_operator_3.py for tasks to queue
[2024-08-12 22:58:42,229] {logging_mixin.py:115} INFO - [2024-08-12 22:58:42,229] {dagbag.py:507} INFO - Filling up the DagBag from /home/kai/Documents/airflowalura/venv/lib/python3.9/site-packages/airflow/example_dags/example_branch_python_dop_operator_3.py
[2024-08-12 22:58:42,241] {processor.py:651} INFO - DAG(s) dict_keys(['example_branch_dop_operator_v3']) retrieved from /home/kai/Documents/airflowalura/venv/lib/python3.9/site-packages/airflow/example_dags/example_branch_python_dop_operator_3.py
[2024-08-12 22:58:42,261] {logging_mixin.py:115} INFO - [2024-08-12 22:58:42,260] {dag.py:2379} INFO - Sync 1 DAGs
[2024-08-12 22:58:42,280] {logging_mixin.py:115} INFO - [2024-08-12 22:58:42,280] {dag.py:2927} INFO - Setting next_dagrun for example_branch_dop_operator_v3 to 2024-08-13T01:57:00+00:00, run_after=2024-08-13T01:58:00+00:00
[2024-08-12 22:58:42,290] {processor.py:161} INFO - Processing /home/kai/Documents/airflowalura/venv/lib/python3.9/site-packages/airflow/example_dags/example_branch_python_dop_operator_3.py took 0.067 seconds
[2024-08-12 22:59:17,352] {processor.py:153} INFO - Started process (PID=13428) to work on /home/kai/Documents/airflowalura/venv/lib/python3.9/site-packages/airflow/example_dags/example_branch_python_dop_operator_3.py
[2024-08-12 22:59:17,353] {processor.py:641} INFO - Processing file /home/kai/Documents/airflowalura/venv/lib/python3.9/site-packages/airflow/example_dags/example_branch_python_dop_operator_3.py for tasks to queue
[2024-08-12 22:59:17,354] {logging_mixin.py:115} INFO - [2024-08-12 22:59:17,354] {dagbag.py:507} INFO - Filling up the DagBag from /home/kai/Documents/airflowalura/venv/lib/python3.9/site-packages/airflow/example_dags/example_branch_python_dop_operator_3.py
[2024-08-12 22:59:17,362] {processor.py:651} INFO - DAG(s) dict_keys(['example_branch_dop_operator_v3']) retrieved from /home/kai/Documents/airflowalura/venv/lib/python3.9/site-packages/airflow/example_dags/example_branch_python_dop_operator_3.py
[2024-08-12 22:59:17,376] {logging_mixin.py:115} INFO - [2024-08-12 22:59:17,376] {dag.py:2379} INFO - Sync 1 DAGs
[2024-08-12 22:59:17,392] {logging_mixin.py:115} INFO - [2024-08-12 22:59:17,391] {dag.py:2927} INFO - Setting next_dagrun for example_branch_dop_operator_v3 to 2024-08-13T01:58:00+00:00, run_after=2024-08-13T01:59:00+00:00
[2024-08-12 22:59:17,402] {processor.py:161} INFO - Processing /home/kai/Documents/airflowalura/venv/lib/python3.9/site-packages/airflow/example_dags/example_branch_python_dop_operator_3.py took 0.053 seconds
[2024-08-12 22:59:49,911] {processor.py:153} INFO - Started process (PID=13618) to work on /home/kai/Documents/airflowalura/venv/lib/python3.9/site-packages/airflow/example_dags/example_branch_python_dop_operator_3.py
[2024-08-12 22:59:49,912] {processor.py:641} INFO - Processing file /home/kai/Documents/airflowalura/venv/lib/python3.9/site-packages/airflow/example_dags/example_branch_python_dop_operator_3.py for tasks to queue
[2024-08-12 22:59:49,912] {logging_mixin.py:115} INFO - [2024-08-12 22:59:49,912] {dagbag.py:507} INFO - Filling up the DagBag from /home/kai/Documents/airflowalura/venv/lib/python3.9/site-packages/airflow/example_dags/example_branch_python_dop_operator_3.py
[2024-08-12 22:59:49,920] {processor.py:651} INFO - DAG(s) dict_keys(['example_branch_dop_operator_v3']) retrieved from /home/kai/Documents/airflowalura/venv/lib/python3.9/site-packages/airflow/example_dags/example_branch_python_dop_operator_3.py
[2024-08-12 22:59:49,937] {logging_mixin.py:115} INFO - [2024-08-12 22:59:49,937] {dag.py:2379} INFO - Sync 1 DAGs
[2024-08-12 22:59:49,954] {logging_mixin.py:115} INFO - [2024-08-12 22:59:49,954] {dag.py:2927} INFO - Setting next_dagrun for example_branch_dop_operator_v3 to 2024-08-13T01:58:00+00:00, run_after=2024-08-13T01:59:00+00:00
[2024-08-12 22:59:49,966] {processor.py:161} INFO - Processing /home/kai/Documents/airflowalura/venv/lib/python3.9/site-packages/airflow/example_dags/example_branch_python_dop_operator_3.py took 0.057 seconds
[2024-08-12 23:00:24,522] {processor.py:153} INFO - Started process (PID=13865) to work on /home/kai/Documents/airflowalura/venv/lib/python3.9/site-packages/airflow/example_dags/example_branch_python_dop_operator_3.py
[2024-08-12 23:00:24,522] {processor.py:641} INFO - Processing file /home/kai/Documents/airflowalura/venv/lib/python3.9/site-packages/airflow/example_dags/example_branch_python_dop_operator_3.py for tasks to queue
[2024-08-12 23:00:24,523] {logging_mixin.py:115} INFO - [2024-08-12 23:00:24,523] {dagbag.py:507} INFO - Filling up the DagBag from /home/kai/Documents/airflowalura/venv/lib/python3.9/site-packages/airflow/example_dags/example_branch_python_dop_operator_3.py
[2024-08-12 23:00:24,531] {processor.py:651} INFO - DAG(s) dict_keys(['example_branch_dop_operator_v3']) retrieved from /home/kai/Documents/airflowalura/venv/lib/python3.9/site-packages/airflow/example_dags/example_branch_python_dop_operator_3.py
[2024-08-12 23:00:24,547] {logging_mixin.py:115} INFO - [2024-08-12 23:00:24,547] {dag.py:2379} INFO - Sync 1 DAGs
[2024-08-12 23:00:24,562] {logging_mixin.py:115} INFO - [2024-08-12 23:00:24,562] {dag.py:2927} INFO - Setting next_dagrun for example_branch_dop_operator_v3 to 2024-08-13T01:59:00+00:00, run_after=2024-08-13T02:00:00+00:00
[2024-08-12 23:00:24,571] {processor.py:161} INFO - Processing /home/kai/Documents/airflowalura/venv/lib/python3.9/site-packages/airflow/example_dags/example_branch_python_dop_operator_3.py took 0.053 seconds
[2024-08-12 23:00:57,644] {processor.py:153} INFO - Started process (PID=14060) to work on /home/kai/Documents/airflowalura/venv/lib/python3.9/site-packages/airflow/example_dags/example_branch_python_dop_operator_3.py
[2024-08-12 23:00:57,645] {processor.py:641} INFO - Processing file /home/kai/Documents/airflowalura/venv/lib/python3.9/site-packages/airflow/example_dags/example_branch_python_dop_operator_3.py for tasks to queue
[2024-08-12 23:00:57,645] {logging_mixin.py:115} INFO - [2024-08-12 23:00:57,645] {dagbag.py:507} INFO - Filling up the DagBag from /home/kai/Documents/airflowalura/venv/lib/python3.9/site-packages/airflow/example_dags/example_branch_python_dop_operator_3.py
[2024-08-12 23:00:57,653] {processor.py:651} INFO - DAG(s) dict_keys(['example_branch_dop_operator_v3']) retrieved from /home/kai/Documents/airflowalura/venv/lib/python3.9/site-packages/airflow/example_dags/example_branch_python_dop_operator_3.py
[2024-08-12 23:00:57,670] {logging_mixin.py:115} INFO - [2024-08-12 23:00:57,670] {dag.py:2379} INFO - Sync 1 DAGs
[2024-08-12 23:00:57,687] {logging_mixin.py:115} INFO - [2024-08-12 23:00:57,687] {dag.py:2927} INFO - Setting next_dagrun for example_branch_dop_operator_v3 to 2024-08-13T01:59:00+00:00, run_after=2024-08-13T02:00:00+00:00
[2024-08-12 23:00:57,696] {processor.py:161} INFO - Processing /home/kai/Documents/airflowalura/venv/lib/python3.9/site-packages/airflow/example_dags/example_branch_python_dop_operator_3.py took 0.055 seconds
[2024-08-12 23:01:36,420] {processor.py:153} INFO - Started process (PID=14274) to work on /home/kai/Documents/airflowalura/venv/lib/python3.9/site-packages/airflow/example_dags/example_branch_python_dop_operator_3.py
[2024-08-12 23:01:36,421] {processor.py:641} INFO - Processing file /home/kai/Documents/airflowalura/venv/lib/python3.9/site-packages/airflow/example_dags/example_branch_python_dop_operator_3.py for tasks to queue
[2024-08-12 23:01:36,422] {logging_mixin.py:115} INFO - [2024-08-12 23:01:36,421] {dagbag.py:507} INFO - Filling up the DagBag from /home/kai/Documents/airflowalura/venv/lib/python3.9/site-packages/airflow/example_dags/example_branch_python_dop_operator_3.py
[2024-08-12 23:01:36,430] {processor.py:651} INFO - DAG(s) dict_keys(['example_branch_dop_operator_v3']) retrieved from /home/kai/Documents/airflowalura/venv/lib/python3.9/site-packages/airflow/example_dags/example_branch_python_dop_operator_3.py
[2024-08-12 23:01:36,447] {logging_mixin.py:115} INFO - [2024-08-12 23:01:36,447] {dag.py:2379} INFO - Sync 1 DAGs
[2024-08-12 23:01:36,464] {logging_mixin.py:115} INFO - [2024-08-12 23:01:36,464] {dag.py:2927} INFO - Setting next_dagrun for example_branch_dop_operator_v3 to 2024-08-13T02:00:00+00:00, run_after=2024-08-13T02:01:00+00:00
[2024-08-12 23:01:36,474] {processor.py:161} INFO - Processing /home/kai/Documents/airflowalura/venv/lib/python3.9/site-packages/airflow/example_dags/example_branch_python_dop_operator_3.py took 0.056 seconds
[2024-08-12 23:02:08,350] {processor.py:153} INFO - Started process (PID=14453) to work on /home/kai/Documents/airflowalura/venv/lib/python3.9/site-packages/airflow/example_dags/example_branch_python_dop_operator_3.py
[2024-08-12 23:02:08,350] {processor.py:641} INFO - Processing file /home/kai/Documents/airflowalura/venv/lib/python3.9/site-packages/airflow/example_dags/example_branch_python_dop_operator_3.py for tasks to queue
[2024-08-12 23:02:08,351] {logging_mixin.py:115} INFO - [2024-08-12 23:02:08,351] {dagbag.py:507} INFO - Filling up the DagBag from /home/kai/Documents/airflowalura/venv/lib/python3.9/site-packages/airflow/example_dags/example_branch_python_dop_operator_3.py
[2024-08-12 23:02:08,358] {processor.py:651} INFO - DAG(s) dict_keys(['example_branch_dop_operator_v3']) retrieved from /home/kai/Documents/airflowalura/venv/lib/python3.9/site-packages/airflow/example_dags/example_branch_python_dop_operator_3.py
[2024-08-12 23:02:08,372] {logging_mixin.py:115} INFO - [2024-08-12 23:02:08,372] {dag.py:2379} INFO - Sync 1 DAGs
[2024-08-12 23:02:08,388] {logging_mixin.py:115} INFO - [2024-08-12 23:02:08,388] {dag.py:2927} INFO - Setting next_dagrun for example_branch_dop_operator_v3 to 2024-08-13T02:01:00+00:00, run_after=2024-08-13T02:02:00+00:00
[2024-08-12 23:02:08,397] {processor.py:161} INFO - Processing /home/kai/Documents/airflowalura/venv/lib/python3.9/site-packages/airflow/example_dags/example_branch_python_dop_operator_3.py took 0.050 seconds
[2024-08-12 23:02:43,127] {processor.py:153} INFO - Started process (PID=14633) to work on /home/kai/Documents/airflowalura/venv/lib/python3.9/site-packages/airflow/example_dags/example_branch_python_dop_operator_3.py
[2024-08-12 23:02:43,128] {processor.py:641} INFO - Processing file /home/kai/Documents/airflowalura/venv/lib/python3.9/site-packages/airflow/example_dags/example_branch_python_dop_operator_3.py for tasks to queue
[2024-08-12 23:02:43,128] {logging_mixin.py:115} INFO - [2024-08-12 23:02:43,128] {dagbag.py:507} INFO - Filling up the DagBag from /home/kai/Documents/airflowalura/venv/lib/python3.9/site-packages/airflow/example_dags/example_branch_python_dop_operator_3.py
[2024-08-12 23:02:43,135] {processor.py:651} INFO - DAG(s) dict_keys(['example_branch_dop_operator_v3']) retrieved from /home/kai/Documents/airflowalura/venv/lib/python3.9/site-packages/airflow/example_dags/example_branch_python_dop_operator_3.py
[2024-08-12 23:02:43,150] {logging_mixin.py:115} INFO - [2024-08-12 23:02:43,150] {dag.py:2379} INFO - Sync 1 DAGs
[2024-08-12 23:02:43,166] {logging_mixin.py:115} INFO - [2024-08-12 23:02:43,166] {dag.py:2927} INFO - Setting next_dagrun for example_branch_dop_operator_v3 to 2024-08-13T02:01:00+00:00, run_after=2024-08-13T02:02:00+00:00
[2024-08-12 23:02:43,175] {processor.py:161} INFO - Processing /home/kai/Documents/airflowalura/venv/lib/python3.9/site-packages/airflow/example_dags/example_branch_python_dop_operator_3.py took 0.051 seconds
[2024-08-12 23:03:17,718] {processor.py:153} INFO - Started process (PID=14847) to work on /home/kai/Documents/airflowalura/venv/lib/python3.9/site-packages/airflow/example_dags/example_branch_python_dop_operator_3.py
[2024-08-12 23:03:17,719] {processor.py:641} INFO - Processing file /home/kai/Documents/airflowalura/venv/lib/python3.9/site-packages/airflow/example_dags/example_branch_python_dop_operator_3.py for tasks to queue
[2024-08-12 23:03:17,719] {logging_mixin.py:115} INFO - [2024-08-12 23:03:17,719] {dagbag.py:507} INFO - Filling up the DagBag from /home/kai/Documents/airflowalura/venv/lib/python3.9/site-packages/airflow/example_dags/example_branch_python_dop_operator_3.py
[2024-08-12 23:03:17,727] {processor.py:651} INFO - DAG(s) dict_keys(['example_branch_dop_operator_v3']) retrieved from /home/kai/Documents/airflowalura/venv/lib/python3.9/site-packages/airflow/example_dags/example_branch_python_dop_operator_3.py
[2024-08-12 23:03:17,745] {logging_mixin.py:115} INFO - [2024-08-12 23:03:17,745] {dag.py:2379} INFO - Sync 1 DAGs
[2024-08-12 23:03:17,767] {logging_mixin.py:115} INFO - [2024-08-12 23:03:17,767] {dag.py:2927} INFO - Setting next_dagrun for example_branch_dop_operator_v3 to 2024-08-13T02:02:00+00:00, run_after=2024-08-13T02:03:00+00:00
[2024-08-12 23:03:17,779] {processor.py:161} INFO - Processing /home/kai/Documents/airflowalura/venv/lib/python3.9/site-packages/airflow/example_dags/example_branch_python_dop_operator_3.py took 0.063 seconds
[2024-08-12 23:03:50,789] {processor.py:153} INFO - Started process (PID=15029) to work on /home/kai/Documents/airflowalura/venv/lib/python3.9/site-packages/airflow/example_dags/example_branch_python_dop_operator_3.py
[2024-08-12 23:03:50,790] {processor.py:641} INFO - Processing file /home/kai/Documents/airflowalura/venv/lib/python3.9/site-packages/airflow/example_dags/example_branch_python_dop_operator_3.py for tasks to queue
[2024-08-12 23:03:50,791] {logging_mixin.py:115} INFO - [2024-08-12 23:03:50,790] {dagbag.py:507} INFO - Filling up the DagBag from /home/kai/Documents/airflowalura/venv/lib/python3.9/site-packages/airflow/example_dags/example_branch_python_dop_operator_3.py
[2024-08-12 23:03:50,798] {processor.py:651} INFO - DAG(s) dict_keys(['example_branch_dop_operator_v3']) retrieved from /home/kai/Documents/airflowalura/venv/lib/python3.9/site-packages/airflow/example_dags/example_branch_python_dop_operator_3.py
[2024-08-12 23:03:50,812] {logging_mixin.py:115} INFO - [2024-08-12 23:03:50,811] {dag.py:2379} INFO - Sync 1 DAGs
[2024-08-12 23:03:50,827] {logging_mixin.py:115} INFO - [2024-08-12 23:03:50,826] {dag.py:2927} INFO - Setting next_dagrun for example_branch_dop_operator_v3 to 2024-08-13T02:02:00+00:00, run_after=2024-08-13T02:03:00+00:00
[2024-08-12 23:03:50,835] {processor.py:161} INFO - Processing /home/kai/Documents/airflowalura/venv/lib/python3.9/site-packages/airflow/example_dags/example_branch_python_dop_operator_3.py took 0.048 seconds
[2024-08-12 23:04:27,438] {processor.py:153} INFO - Started process (PID=15251) to work on /home/kai/Documents/airflowalura/venv/lib/python3.9/site-packages/airflow/example_dags/example_branch_python_dop_operator_3.py
[2024-08-12 23:04:27,439] {processor.py:641} INFO - Processing file /home/kai/Documents/airflowalura/venv/lib/python3.9/site-packages/airflow/example_dags/example_branch_python_dop_operator_3.py for tasks to queue
[2024-08-12 23:04:27,439] {logging_mixin.py:115} INFO - [2024-08-12 23:04:27,439] {dagbag.py:507} INFO - Filling up the DagBag from /home/kai/Documents/airflowalura/venv/lib/python3.9/site-packages/airflow/example_dags/example_branch_python_dop_operator_3.py
[2024-08-12 23:04:27,447] {processor.py:651} INFO - DAG(s) dict_keys(['example_branch_dop_operator_v3']) retrieved from /home/kai/Documents/airflowalura/venv/lib/python3.9/site-packages/airflow/example_dags/example_branch_python_dop_operator_3.py
[2024-08-12 23:04:27,462] {logging_mixin.py:115} INFO - [2024-08-12 23:04:27,462] {dag.py:2379} INFO - Sync 1 DAGs
[2024-08-12 23:04:27,479] {logging_mixin.py:115} INFO - [2024-08-12 23:04:27,479] {dag.py:2927} INFO - Setting next_dagrun for example_branch_dop_operator_v3 to 2024-08-13T02:03:00+00:00, run_after=2024-08-13T02:04:00+00:00
[2024-08-12 23:04:27,489] {processor.py:161} INFO - Processing /home/kai/Documents/airflowalura/venv/lib/python3.9/site-packages/airflow/example_dags/example_branch_python_dop_operator_3.py took 0.056 seconds
[2024-08-12 23:05:00,582] {processor.py:153} INFO - Started process (PID=15434) to work on /home/kai/Documents/airflowalura/venv/lib/python3.9/site-packages/airflow/example_dags/example_branch_python_dop_operator_3.py
[2024-08-12 23:05:00,583] {processor.py:641} INFO - Processing file /home/kai/Documents/airflowalura/venv/lib/python3.9/site-packages/airflow/example_dags/example_branch_python_dop_operator_3.py for tasks to queue
[2024-08-12 23:05:00,584] {logging_mixin.py:115} INFO - [2024-08-12 23:05:00,583] {dagbag.py:507} INFO - Filling up the DagBag from /home/kai/Documents/airflowalura/venv/lib/python3.9/site-packages/airflow/example_dags/example_branch_python_dop_operator_3.py
[2024-08-12 23:05:00,591] {processor.py:651} INFO - DAG(s) dict_keys(['example_branch_dop_operator_v3']) retrieved from /home/kai/Documents/airflowalura/venv/lib/python3.9/site-packages/airflow/example_dags/example_branch_python_dop_operator_3.py
[2024-08-12 23:05:00,606] {logging_mixin.py:115} INFO - [2024-08-12 23:05:00,606] {dag.py:2379} INFO - Sync 1 DAGs
[2024-08-12 23:05:00,621] {logging_mixin.py:115} INFO - [2024-08-12 23:05:00,621] {dag.py:2927} INFO - Setting next_dagrun for example_branch_dop_operator_v3 to 2024-08-13T02:04:00+00:00, run_after=2024-08-13T02:05:00+00:00
[2024-08-12 23:05:00,630] {processor.py:161} INFO - Processing /home/kai/Documents/airflowalura/venv/lib/python3.9/site-packages/airflow/example_dags/example_branch_python_dop_operator_3.py took 0.050 seconds
[2024-08-12 23:05:33,439] {processor.py:153} INFO - Started process (PID=15681) to work on /home/kai/Documents/airflowalura/venv/lib/python3.9/site-packages/airflow/example_dags/example_branch_python_dop_operator_3.py
[2024-08-12 23:05:33,439] {processor.py:641} INFO - Processing file /home/kai/Documents/airflowalura/venv/lib/python3.9/site-packages/airflow/example_dags/example_branch_python_dop_operator_3.py for tasks to queue
[2024-08-12 23:05:33,440] {logging_mixin.py:115} INFO - [2024-08-12 23:05:33,440] {dagbag.py:507} INFO - Filling up the DagBag from /home/kai/Documents/airflowalura/venv/lib/python3.9/site-packages/airflow/example_dags/example_branch_python_dop_operator_3.py
[2024-08-12 23:05:33,451] {processor.py:651} INFO - DAG(s) dict_keys(['example_branch_dop_operator_v3']) retrieved from /home/kai/Documents/airflowalura/venv/lib/python3.9/site-packages/airflow/example_dags/example_branch_python_dop_operator_3.py
[2024-08-12 23:05:33,465] {logging_mixin.py:115} INFO - [2024-08-12 23:05:33,464] {dag.py:2379} INFO - Sync 1 DAGs
[2024-08-12 23:05:33,481] {logging_mixin.py:115} INFO - [2024-08-12 23:05:33,481] {dag.py:2927} INFO - Setting next_dagrun for example_branch_dop_operator_v3 to 2024-08-13T02:04:00+00:00, run_after=2024-08-13T02:05:00+00:00
[2024-08-12 23:05:33,489] {processor.py:161} INFO - Processing /home/kai/Documents/airflowalura/venv/lib/python3.9/site-packages/airflow/example_dags/example_branch_python_dop_operator_3.py took 0.054 seconds
