[2024-08-12 22:18:22,136] {processor.py:153} INFO - Started process (PID=35860) to work on /home/kai/Documents/airflowalura/venv/lib/python3.9/site-packages/airflow/example_dags/example_latest_only_with_trigger.py
[2024-08-12 22:18:22,137] {processor.py:641} INFO - Processing file /home/kai/Documents/airflowalura/venv/lib/python3.9/site-packages/airflow/example_dags/example_latest_only_with_trigger.py for tasks to queue
[2024-08-12 22:18:22,137] {logging_mixin.py:115} INFO - [2024-08-12 22:18:22,137] {dagbag.py:507} INFO - Filling up the DagBag from /home/kai/Documents/airflowalura/venv/lib/python3.9/site-packages/airflow/example_dags/example_latest_only_with_trigger.py
[2024-08-12 22:18:22,145] {processor.py:651} INFO - DAG(s) dict_keys(['latest_only_with_trigger']) retrieved from /home/kai/Documents/airflowalura/venv/lib/python3.9/site-packages/airflow/example_dags/example_latest_only_with_trigger.py
[2024-08-12 22:18:22,185] {logging_mixin.py:115} INFO - [2024-08-12 22:18:22,185] {dag.py:2379} INFO - Sync 1 DAGs
[2024-08-12 22:18:22,198] {logging_mixin.py:115} INFO - [2024-08-12 22:18:22,198] {dag.py:2927} INFO - Setting next_dagrun for latest_only_with_trigger to 2024-08-12T21:18:22.198562+00:00, run_after=2024-08-13T01:18:22.198562+00:00
[2024-08-12 22:18:22,212] {processor.py:161} INFO - Processing /home/kai/Documents/airflowalura/venv/lib/python3.9/site-packages/airflow/example_dags/example_latest_only_with_trigger.py took 0.078 seconds
[2024-08-12 22:18:57,349] {processor.py:153} INFO - Started process (PID=36320) to work on /home/kai/Documents/airflowalura/venv/lib/python3.9/site-packages/airflow/example_dags/example_latest_only_with_trigger.py
[2024-08-12 22:18:57,350] {processor.py:641} INFO - Processing file /home/kai/Documents/airflowalura/venv/lib/python3.9/site-packages/airflow/example_dags/example_latest_only_with_trigger.py for tasks to queue
[2024-08-12 22:18:57,350] {logging_mixin.py:115} INFO - [2024-08-12 22:18:57,350] {dagbag.py:507} INFO - Filling up the DagBag from /home/kai/Documents/airflowalura/venv/lib/python3.9/site-packages/airflow/example_dags/example_latest_only_with_trigger.py
[2024-08-12 22:18:57,356] {processor.py:651} INFO - DAG(s) dict_keys(['latest_only_with_trigger']) retrieved from /home/kai/Documents/airflowalura/venv/lib/python3.9/site-packages/airflow/example_dags/example_latest_only_with_trigger.py
[2024-08-12 22:18:57,373] {logging_mixin.py:115} INFO - [2024-08-12 22:18:57,372] {dag.py:2379} INFO - Sync 1 DAGs
[2024-08-12 22:18:57,393] {logging_mixin.py:115} INFO - [2024-08-12 22:18:57,392] {dag.py:2927} INFO - Setting next_dagrun for latest_only_with_trigger to 2024-08-12T21:18:57.392645+00:00, run_after=2024-08-13T01:18:57.392645+00:00
[2024-08-12 22:18:57,404] {processor.py:161} INFO - Processing /home/kai/Documents/airflowalura/venv/lib/python3.9/site-packages/airflow/example_dags/example_latest_only_with_trigger.py took 0.058 seconds
[2024-08-12 22:19:33,301] {processor.py:153} INFO - Started process (PID=36551) to work on /home/kai/Documents/airflowalura/venv/lib/python3.9/site-packages/airflow/example_dags/example_latest_only_with_trigger.py
[2024-08-12 22:19:33,302] {processor.py:641} INFO - Processing file /home/kai/Documents/airflowalura/venv/lib/python3.9/site-packages/airflow/example_dags/example_latest_only_with_trigger.py for tasks to queue
[2024-08-12 22:19:33,303] {logging_mixin.py:115} INFO - [2024-08-12 22:19:33,303] {dagbag.py:507} INFO - Filling up the DagBag from /home/kai/Documents/airflowalura/venv/lib/python3.9/site-packages/airflow/example_dags/example_latest_only_with_trigger.py
[2024-08-12 22:19:33,309] {processor.py:651} INFO - DAG(s) dict_keys(['latest_only_with_trigger']) retrieved from /home/kai/Documents/airflowalura/venv/lib/python3.9/site-packages/airflow/example_dags/example_latest_only_with_trigger.py
[2024-08-12 22:19:33,324] {logging_mixin.py:115} INFO - [2024-08-12 22:19:33,324] {dag.py:2379} INFO - Sync 1 DAGs
[2024-08-12 22:19:33,340] {logging_mixin.py:115} INFO - [2024-08-12 22:19:33,340] {dag.py:2927} INFO - Setting next_dagrun for latest_only_with_trigger to 2024-08-12T21:19:33.340500+00:00, run_after=2024-08-13T01:19:33.340500+00:00
[2024-08-12 22:19:33,349] {processor.py:161} INFO - Processing /home/kai/Documents/airflowalura/venv/lib/python3.9/site-packages/airflow/example_dags/example_latest_only_with_trigger.py took 0.050 seconds
[2024-08-12 22:20:06,355] {processor.py:153} INFO - Started process (PID=36762) to work on /home/kai/Documents/airflowalura/venv/lib/python3.9/site-packages/airflow/example_dags/example_latest_only_with_trigger.py
[2024-08-12 22:20:06,356] {processor.py:641} INFO - Processing file /home/kai/Documents/airflowalura/venv/lib/python3.9/site-packages/airflow/example_dags/example_latest_only_with_trigger.py for tasks to queue
[2024-08-12 22:20:06,356] {logging_mixin.py:115} INFO - [2024-08-12 22:20:06,356] {dagbag.py:507} INFO - Filling up the DagBag from /home/kai/Documents/airflowalura/venv/lib/python3.9/site-packages/airflow/example_dags/example_latest_only_with_trigger.py
[2024-08-12 22:20:06,362] {processor.py:651} INFO - DAG(s) dict_keys(['latest_only_with_trigger']) retrieved from /home/kai/Documents/airflowalura/venv/lib/python3.9/site-packages/airflow/example_dags/example_latest_only_with_trigger.py
[2024-08-12 22:20:06,375] {logging_mixin.py:115} INFO - [2024-08-12 22:20:06,375] {dag.py:2379} INFO - Sync 1 DAGs
[2024-08-12 22:20:06,394] {logging_mixin.py:115} INFO - [2024-08-12 22:20:06,394] {dag.py:2927} INFO - Setting next_dagrun for latest_only_with_trigger to 2024-08-12T21:20:06.394202+00:00, run_after=2024-08-13T01:20:06.394202+00:00
[2024-08-12 22:20:06,403] {processor.py:161} INFO - Processing /home/kai/Documents/airflowalura/venv/lib/python3.9/site-packages/airflow/example_dags/example_latest_only_with_trigger.py took 0.051 seconds
[2024-08-12 22:20:40,897] {processor.py:153} INFO - Started process (PID=36989) to work on /home/kai/Documents/airflowalura/venv/lib/python3.9/site-packages/airflow/example_dags/example_latest_only_with_trigger.py
[2024-08-12 22:20:40,898] {processor.py:641} INFO - Processing file /home/kai/Documents/airflowalura/venv/lib/python3.9/site-packages/airflow/example_dags/example_latest_only_with_trigger.py for tasks to queue
[2024-08-12 22:20:40,898] {logging_mixin.py:115} INFO - [2024-08-12 22:20:40,898] {dagbag.py:507} INFO - Filling up the DagBag from /home/kai/Documents/airflowalura/venv/lib/python3.9/site-packages/airflow/example_dags/example_latest_only_with_trigger.py
[2024-08-12 22:20:40,906] {processor.py:651} INFO - DAG(s) dict_keys(['latest_only_with_trigger']) retrieved from /home/kai/Documents/airflowalura/venv/lib/python3.9/site-packages/airflow/example_dags/example_latest_only_with_trigger.py
[2024-08-12 22:20:40,923] {logging_mixin.py:115} INFO - [2024-08-12 22:20:40,922] {dag.py:2379} INFO - Sync 1 DAGs
[2024-08-12 22:20:40,954] {logging_mixin.py:115} INFO - [2024-08-12 22:20:40,954] {dag.py:2927} INFO - Setting next_dagrun for latest_only_with_trigger to 2024-08-12T21:20:40.954477+00:00, run_after=2024-08-13T01:20:40.954477+00:00
[2024-08-12 22:20:40,972] {processor.py:161} INFO - Processing /home/kai/Documents/airflowalura/venv/lib/python3.9/site-packages/airflow/example_dags/example_latest_only_with_trigger.py took 0.078 seconds
[2024-08-12 22:21:18,788] {processor.py:153} INFO - Started process (PID=37229) to work on /home/kai/Documents/airflowalura/venv/lib/python3.9/site-packages/airflow/example_dags/example_latest_only_with_trigger.py
[2024-08-12 22:21:18,789] {processor.py:641} INFO - Processing file /home/kai/Documents/airflowalura/venv/lib/python3.9/site-packages/airflow/example_dags/example_latest_only_with_trigger.py for tasks to queue
[2024-08-12 22:21:18,789] {logging_mixin.py:115} INFO - [2024-08-12 22:21:18,789] {dagbag.py:507} INFO - Filling up the DagBag from /home/kai/Documents/airflowalura/venv/lib/python3.9/site-packages/airflow/example_dags/example_latest_only_with_trigger.py
[2024-08-12 22:21:18,795] {processor.py:651} INFO - DAG(s) dict_keys(['latest_only_with_trigger']) retrieved from /home/kai/Documents/airflowalura/venv/lib/python3.9/site-packages/airflow/example_dags/example_latest_only_with_trigger.py
[2024-08-12 22:21:18,810] {logging_mixin.py:115} INFO - [2024-08-12 22:21:18,810] {dag.py:2379} INFO - Sync 1 DAGs
[2024-08-12 22:21:18,830] {logging_mixin.py:115} INFO - [2024-08-12 22:21:18,830] {dag.py:2927} INFO - Setting next_dagrun for latest_only_with_trigger to 2024-08-12T21:21:18.830047+00:00, run_after=2024-08-13T01:21:18.830047+00:00
[2024-08-12 22:21:18,839] {processor.py:161} INFO - Processing /home/kai/Documents/airflowalura/venv/lib/python3.9/site-packages/airflow/example_dags/example_latest_only_with_trigger.py took 0.054 seconds
[2024-08-12 22:21:54,166] {processor.py:153} INFO - Started process (PID=37619) to work on /home/kai/Documents/airflowalura/venv/lib/python3.9/site-packages/airflow/example_dags/example_latest_only_with_trigger.py
[2024-08-12 22:21:54,167] {processor.py:641} INFO - Processing file /home/kai/Documents/airflowalura/venv/lib/python3.9/site-packages/airflow/example_dags/example_latest_only_with_trigger.py for tasks to queue
[2024-08-12 22:21:54,168] {logging_mixin.py:115} INFO - [2024-08-12 22:21:54,168] {dagbag.py:507} INFO - Filling up the DagBag from /home/kai/Documents/airflowalura/venv/lib/python3.9/site-packages/airflow/example_dags/example_latest_only_with_trigger.py
[2024-08-12 22:21:54,173] {processor.py:651} INFO - DAG(s) dict_keys(['latest_only_with_trigger']) retrieved from /home/kai/Documents/airflowalura/venv/lib/python3.9/site-packages/airflow/example_dags/example_latest_only_with_trigger.py
[2024-08-12 22:21:54,187] {logging_mixin.py:115} INFO - [2024-08-12 22:21:54,187] {dag.py:2379} INFO - Sync 1 DAGs
[2024-08-12 22:21:54,203] {logging_mixin.py:115} INFO - [2024-08-12 22:21:54,203] {dag.py:2927} INFO - Setting next_dagrun for latest_only_with_trigger to 2024-08-12T21:21:54.203289+00:00, run_after=2024-08-13T01:21:54.203289+00:00
[2024-08-12 22:21:54,212] {processor.py:161} INFO - Processing /home/kai/Documents/airflowalura/venv/lib/python3.9/site-packages/airflow/example_dags/example_latest_only_with_trigger.py took 0.049 seconds
[2024-08-12 22:24:59,190] {processor.py:153} INFO - Started process (PID=39304) to work on /home/kai/Documents/airflowalura/venv/lib/python3.9/site-packages/airflow/example_dags/example_latest_only_with_trigger.py
[2024-08-12 22:24:59,195] {processor.py:641} INFO - Processing file /home/kai/Documents/airflowalura/venv/lib/python3.9/site-packages/airflow/example_dags/example_latest_only_with_trigger.py for tasks to queue
[2024-08-12 22:24:59,196] {logging_mixin.py:115} INFO - [2024-08-12 22:24:59,195] {dagbag.py:507} INFO - Filling up the DagBag from /home/kai/Documents/airflowalura/venv/lib/python3.9/site-packages/airflow/example_dags/example_latest_only_with_trigger.py
[2024-08-12 22:24:59,203] {processor.py:651} INFO - DAG(s) dict_keys(['latest_only_with_trigger']) retrieved from /home/kai/Documents/airflowalura/venv/lib/python3.9/site-packages/airflow/example_dags/example_latest_only_with_trigger.py
[2024-08-12 22:24:59,234] {logging_mixin.py:115} INFO - [2024-08-12 22:24:59,234] {dag.py:2379} INFO - Sync 1 DAGs
[2024-08-12 22:24:59,270] {logging_mixin.py:115} INFO - [2024-08-12 22:24:59,269] {dag.py:2927} INFO - Setting next_dagrun for latest_only_with_trigger to 2024-08-12T21:24:59.269568+00:00, run_after=2024-08-13T01:24:59.269568+00:00
[2024-08-12 22:24:59,300] {processor.py:161} INFO - Processing /home/kai/Documents/airflowalura/venv/lib/python3.9/site-packages/airflow/example_dags/example_latest_only_with_trigger.py took 0.115 seconds
[2024-08-12 22:25:41,535] {processor.py:153} INFO - Started process (PID=39665) to work on /home/kai/Documents/airflowalura/venv/lib/python3.9/site-packages/airflow/example_dags/example_latest_only_with_trigger.py
[2024-08-12 22:25:41,537] {processor.py:641} INFO - Processing file /home/kai/Documents/airflowalura/venv/lib/python3.9/site-packages/airflow/example_dags/example_latest_only_with_trigger.py for tasks to queue
[2024-08-12 22:25:41,538] {logging_mixin.py:115} INFO - [2024-08-12 22:25:41,538] {dagbag.py:507} INFO - Filling up the DagBag from /home/kai/Documents/airflowalura/venv/lib/python3.9/site-packages/airflow/example_dags/example_latest_only_with_trigger.py
[2024-08-12 22:25:41,545] {processor.py:651} INFO - DAG(s) dict_keys(['latest_only_with_trigger']) retrieved from /home/kai/Documents/airflowalura/venv/lib/python3.9/site-packages/airflow/example_dags/example_latest_only_with_trigger.py
[2024-08-12 22:25:41,567] {logging_mixin.py:115} INFO - [2024-08-12 22:25:41,566] {dag.py:2379} INFO - Sync 1 DAGs
[2024-08-12 22:25:41,589] {logging_mixin.py:115} INFO - [2024-08-12 22:25:41,588] {dag.py:2927} INFO - Setting next_dagrun for latest_only_with_trigger to 2024-08-12T21:25:41.588665+00:00, run_after=2024-08-13T01:25:41.588665+00:00
[2024-08-12 22:25:41,607] {processor.py:161} INFO - Processing /home/kai/Documents/airflowalura/venv/lib/python3.9/site-packages/airflow/example_dags/example_latest_only_with_trigger.py took 0.075 seconds
[2024-08-12 22:26:19,766] {processor.py:153} INFO - Started process (PID=40257) to work on /home/kai/Documents/airflowalura/venv/lib/python3.9/site-packages/airflow/example_dags/example_latest_only_with_trigger.py
[2024-08-12 22:26:19,778] {processor.py:641} INFO - Processing file /home/kai/Documents/airflowalura/venv/lib/python3.9/site-packages/airflow/example_dags/example_latest_only_with_trigger.py for tasks to queue
[2024-08-12 22:26:19,779] {logging_mixin.py:115} INFO - [2024-08-12 22:26:19,779] {dagbag.py:507} INFO - Filling up the DagBag from /home/kai/Documents/airflowalura/venv/lib/python3.9/site-packages/airflow/example_dags/example_latest_only_with_trigger.py
[2024-08-12 22:26:19,789] {processor.py:651} INFO - DAG(s) dict_keys(['latest_only_with_trigger']) retrieved from /home/kai/Documents/airflowalura/venv/lib/python3.9/site-packages/airflow/example_dags/example_latest_only_with_trigger.py
[2024-08-12 22:26:19,814] {logging_mixin.py:115} INFO - [2024-08-12 22:26:19,814] {dag.py:2379} INFO - Sync 1 DAGs
[2024-08-12 22:26:19,842] {logging_mixin.py:115} INFO - [2024-08-12 22:26:19,842] {dag.py:2927} INFO - Setting next_dagrun for latest_only_with_trigger to 2024-08-12T21:26:19.841612+00:00, run_after=2024-08-13T01:26:19.841612+00:00
[2024-08-12 22:26:19,857] {processor.py:161} INFO - Processing /home/kai/Documents/airflowalura/venv/lib/python3.9/site-packages/airflow/example_dags/example_latest_only_with_trigger.py took 0.095 seconds
[2024-08-12 22:26:56,397] {processor.py:153} INFO - Started process (PID=40572) to work on /home/kai/Documents/airflowalura/venv/lib/python3.9/site-packages/airflow/example_dags/example_latest_only_with_trigger.py
[2024-08-12 22:26:56,397] {processor.py:641} INFO - Processing file /home/kai/Documents/airflowalura/venv/lib/python3.9/site-packages/airflow/example_dags/example_latest_only_with_trigger.py for tasks to queue
[2024-08-12 22:26:56,398] {logging_mixin.py:115} INFO - [2024-08-12 22:26:56,398] {dagbag.py:507} INFO - Filling up the DagBag from /home/kai/Documents/airflowalura/venv/lib/python3.9/site-packages/airflow/example_dags/example_latest_only_with_trigger.py
[2024-08-12 22:26:56,404] {processor.py:651} INFO - DAG(s) dict_keys(['latest_only_with_trigger']) retrieved from /home/kai/Documents/airflowalura/venv/lib/python3.9/site-packages/airflow/example_dags/example_latest_only_with_trigger.py
[2024-08-12 22:26:56,423] {logging_mixin.py:115} INFO - [2024-08-12 22:26:56,423] {dag.py:2379} INFO - Sync 1 DAGs
[2024-08-12 22:26:56,447] {logging_mixin.py:115} INFO - [2024-08-12 22:26:56,447] {dag.py:2927} INFO - Setting next_dagrun for latest_only_with_trigger to 2024-08-12T21:26:56.447551+00:00, run_after=2024-08-13T01:26:56.447551+00:00
[2024-08-12 22:26:56,462] {processor.py:161} INFO - Processing /home/kai/Documents/airflowalura/venv/lib/python3.9/site-packages/airflow/example_dags/example_latest_only_with_trigger.py took 0.083 seconds
[2024-08-12 22:27:34,812] {processor.py:153} INFO - Started process (PID=40893) to work on /home/kai/Documents/airflowalura/venv/lib/python3.9/site-packages/airflow/example_dags/example_latest_only_with_trigger.py
[2024-08-12 22:27:34,813] {processor.py:641} INFO - Processing file /home/kai/Documents/airflowalura/venv/lib/python3.9/site-packages/airflow/example_dags/example_latest_only_with_trigger.py for tasks to queue
[2024-08-12 22:27:34,814] {logging_mixin.py:115} INFO - [2024-08-12 22:27:34,813] {dagbag.py:507} INFO - Filling up the DagBag from /home/kai/Documents/airflowalura/venv/lib/python3.9/site-packages/airflow/example_dags/example_latest_only_with_trigger.py
[2024-08-12 22:27:34,821] {processor.py:651} INFO - DAG(s) dict_keys(['latest_only_with_trigger']) retrieved from /home/kai/Documents/airflowalura/venv/lib/python3.9/site-packages/airflow/example_dags/example_latest_only_with_trigger.py
[2024-08-12 22:27:34,840] {logging_mixin.py:115} INFO - [2024-08-12 22:27:34,840] {dag.py:2379} INFO - Sync 1 DAGs
[2024-08-12 22:27:34,859] {logging_mixin.py:115} INFO - [2024-08-12 22:27:34,859] {dag.py:2927} INFO - Setting next_dagrun for latest_only_with_trigger to 2024-08-12T21:27:34.859118+00:00, run_after=2024-08-13T01:27:34.859118+00:00
[2024-08-12 22:27:34,874] {processor.py:161} INFO - Processing /home/kai/Documents/airflowalura/venv/lib/python3.9/site-packages/airflow/example_dags/example_latest_only_with_trigger.py took 0.066 seconds
[2024-08-12 22:28:58,611] {processor.py:153} INFO - Started process (PID=41842) to work on /home/kai/Documents/airflowalura/venv/lib/python3.9/site-packages/airflow/example_dags/example_latest_only_with_trigger.py
[2024-08-12 22:28:58,612] {processor.py:641} INFO - Processing file /home/kai/Documents/airflowalura/venv/lib/python3.9/site-packages/airflow/example_dags/example_latest_only_with_trigger.py for tasks to queue
[2024-08-12 22:28:58,612] {logging_mixin.py:115} INFO - [2024-08-12 22:28:58,612] {dagbag.py:507} INFO - Filling up the DagBag from /home/kai/Documents/airflowalura/venv/lib/python3.9/site-packages/airflow/example_dags/example_latest_only_with_trigger.py
[2024-08-12 22:28:58,619] {processor.py:651} INFO - DAG(s) dict_keys(['latest_only_with_trigger']) retrieved from /home/kai/Documents/airflowalura/venv/lib/python3.9/site-packages/airflow/example_dags/example_latest_only_with_trigger.py
[2024-08-12 22:28:58,635] {logging_mixin.py:115} INFO - [2024-08-12 22:28:58,635] {dag.py:2379} INFO - Sync 1 DAGs
[2024-08-12 22:28:58,653] {logging_mixin.py:115} INFO - [2024-08-12 22:28:58,653] {dag.py:2927} INFO - Setting next_dagrun for latest_only_with_trigger to 2024-08-12T21:28:58.653394+00:00, run_after=2024-08-13T01:28:58.653394+00:00
[2024-08-12 22:28:58,666] {processor.py:161} INFO - Processing /home/kai/Documents/airflowalura/venv/lib/python3.9/site-packages/airflow/example_dags/example_latest_only_with_trigger.py took 0.058 seconds
[2024-08-12 22:35:47,708] {processor.py:153} INFO - Started process (PID=3724) to work on /home/kai/Documents/airflowalura/venv/lib/python3.9/site-packages/airflow/example_dags/example_latest_only_with_trigger.py
[2024-08-12 22:35:47,709] {processor.py:641} INFO - Processing file /home/kai/Documents/airflowalura/venv/lib/python3.9/site-packages/airflow/example_dags/example_latest_only_with_trigger.py for tasks to queue
[2024-08-12 22:35:47,710] {logging_mixin.py:115} INFO - [2024-08-12 22:35:47,710] {dagbag.py:507} INFO - Filling up the DagBag from /home/kai/Documents/airflowalura/venv/lib/python3.9/site-packages/airflow/example_dags/example_latest_only_with_trigger.py
[2024-08-12 22:35:47,716] {processor.py:651} INFO - DAG(s) dict_keys(['latest_only_with_trigger']) retrieved from /home/kai/Documents/airflowalura/venv/lib/python3.9/site-packages/airflow/example_dags/example_latest_only_with_trigger.py
[2024-08-12 22:35:47,734] {logging_mixin.py:115} INFO - [2024-08-12 22:35:47,734] {dag.py:2379} INFO - Sync 1 DAGs
[2024-08-12 22:35:47,753] {logging_mixin.py:115} INFO - [2024-08-12 22:35:47,753] {dag.py:2927} INFO - Setting next_dagrun for latest_only_with_trigger to 2024-08-12T21:35:47.753276+00:00, run_after=2024-08-13T01:35:47.753276+00:00
[2024-08-12 22:35:47,764] {processor.py:161} INFO - Processing /home/kai/Documents/airflowalura/venv/lib/python3.9/site-packages/airflow/example_dags/example_latest_only_with_trigger.py took 0.059 seconds
[2024-08-12 22:36:25,494] {processor.py:153} INFO - Started process (PID=3994) to work on /home/kai/Documents/airflowalura/venv/lib/python3.9/site-packages/airflow/example_dags/example_latest_only_with_trigger.py
[2024-08-12 22:36:25,495] {processor.py:641} INFO - Processing file /home/kai/Documents/airflowalura/venv/lib/python3.9/site-packages/airflow/example_dags/example_latest_only_with_trigger.py for tasks to queue
[2024-08-12 22:36:25,496] {logging_mixin.py:115} INFO - [2024-08-12 22:36:25,496] {dagbag.py:507} INFO - Filling up the DagBag from /home/kai/Documents/airflowalura/venv/lib/python3.9/site-packages/airflow/example_dags/example_latest_only_with_trigger.py
[2024-08-12 22:36:25,502] {processor.py:651} INFO - DAG(s) dict_keys(['latest_only_with_trigger']) retrieved from /home/kai/Documents/airflowalura/venv/lib/python3.9/site-packages/airflow/example_dags/example_latest_only_with_trigger.py
[2024-08-12 22:36:25,519] {logging_mixin.py:115} INFO - [2024-08-12 22:36:25,519] {dag.py:2379} INFO - Sync 1 DAGs
[2024-08-12 22:36:25,535] {logging_mixin.py:115} INFO - [2024-08-12 22:36:25,535] {dag.py:2927} INFO - Setting next_dagrun for latest_only_with_trigger to 2024-08-12T21:36:25.534876+00:00, run_after=2024-08-13T01:36:25.534876+00:00
[2024-08-12 22:36:25,545] {processor.py:161} INFO - Processing /home/kai/Documents/airflowalura/venv/lib/python3.9/site-packages/airflow/example_dags/example_latest_only_with_trigger.py took 0.053 seconds
[2024-08-12 22:36:58,406] {processor.py:153} INFO - Started process (PID=4178) to work on /home/kai/Documents/airflowalura/venv/lib/python3.9/site-packages/airflow/example_dags/example_latest_only_with_trigger.py
[2024-08-12 22:36:58,407] {processor.py:641} INFO - Processing file /home/kai/Documents/airflowalura/venv/lib/python3.9/site-packages/airflow/example_dags/example_latest_only_with_trigger.py for tasks to queue
[2024-08-12 22:36:58,408] {logging_mixin.py:115} INFO - [2024-08-12 22:36:58,407] {dagbag.py:507} INFO - Filling up the DagBag from /home/kai/Documents/airflowalura/venv/lib/python3.9/site-packages/airflow/example_dags/example_latest_only_with_trigger.py
[2024-08-12 22:36:58,413] {processor.py:651} INFO - DAG(s) dict_keys(['latest_only_with_trigger']) retrieved from /home/kai/Documents/airflowalura/venv/lib/python3.9/site-packages/airflow/example_dags/example_latest_only_with_trigger.py
[2024-08-12 22:36:58,429] {logging_mixin.py:115} INFO - [2024-08-12 22:36:58,428] {dag.py:2379} INFO - Sync 1 DAGs
[2024-08-12 22:36:58,447] {logging_mixin.py:115} INFO - [2024-08-12 22:36:58,447] {dag.py:2927} INFO - Setting next_dagrun for latest_only_with_trigger to 2024-08-12T21:36:58.447205+00:00, run_after=2024-08-13T01:36:58.447205+00:00
[2024-08-12 22:36:58,459] {processor.py:161} INFO - Processing /home/kai/Documents/airflowalura/venv/lib/python3.9/site-packages/airflow/example_dags/example_latest_only_with_trigger.py took 0.055 seconds
[2024-08-12 22:37:33,120] {processor.py:153} INFO - Started process (PID=4602) to work on /home/kai/Documents/airflowalura/venv/lib/python3.9/site-packages/airflow/example_dags/example_latest_only_with_trigger.py
[2024-08-12 22:37:33,120] {processor.py:641} INFO - Processing file /home/kai/Documents/airflowalura/venv/lib/python3.9/site-packages/airflow/example_dags/example_latest_only_with_trigger.py for tasks to queue
[2024-08-12 22:37:33,121] {logging_mixin.py:115} INFO - [2024-08-12 22:37:33,121] {dagbag.py:507} INFO - Filling up the DagBag from /home/kai/Documents/airflowalura/venv/lib/python3.9/site-packages/airflow/example_dags/example_latest_only_with_trigger.py
[2024-08-12 22:37:33,126] {processor.py:651} INFO - DAG(s) dict_keys(['latest_only_with_trigger']) retrieved from /home/kai/Documents/airflowalura/venv/lib/python3.9/site-packages/airflow/example_dags/example_latest_only_with_trigger.py
[2024-08-12 22:37:33,148] {logging_mixin.py:115} INFO - [2024-08-12 22:37:33,148] {dag.py:2379} INFO - Sync 1 DAGs
[2024-08-12 22:37:33,167] {logging_mixin.py:115} INFO - [2024-08-12 22:37:33,167] {dag.py:2927} INFO - Setting next_dagrun for latest_only_with_trigger to 2024-08-12T21:37:33.167057+00:00, run_after=2024-08-13T01:37:33.167057+00:00
[2024-08-12 22:37:33,179] {processor.py:161} INFO - Processing /home/kai/Documents/airflowalura/venv/lib/python3.9/site-packages/airflow/example_dags/example_latest_only_with_trigger.py took 0.062 seconds
[2024-08-12 22:38:08,080] {processor.py:153} INFO - Started process (PID=4836) to work on /home/kai/Documents/airflowalura/venv/lib/python3.9/site-packages/airflow/example_dags/example_latest_only_with_trigger.py
[2024-08-12 22:38:08,080] {processor.py:641} INFO - Processing file /home/kai/Documents/airflowalura/venv/lib/python3.9/site-packages/airflow/example_dags/example_latest_only_with_trigger.py for tasks to queue
[2024-08-12 22:38:08,081] {logging_mixin.py:115} INFO - [2024-08-12 22:38:08,081] {dagbag.py:507} INFO - Filling up the DagBag from /home/kai/Documents/airflowalura/venv/lib/python3.9/site-packages/airflow/example_dags/example_latest_only_with_trigger.py
[2024-08-12 22:38:08,088] {processor.py:651} INFO - DAG(s) dict_keys(['latest_only_with_trigger']) retrieved from /home/kai/Documents/airflowalura/venv/lib/python3.9/site-packages/airflow/example_dags/example_latest_only_with_trigger.py
[2024-08-12 22:38:08,102] {logging_mixin.py:115} INFO - [2024-08-12 22:38:08,102] {dag.py:2379} INFO - Sync 1 DAGs
[2024-08-12 22:38:08,119] {logging_mixin.py:115} INFO - [2024-08-12 22:38:08,119] {dag.py:2927} INFO - Setting next_dagrun for latest_only_with_trigger to 2024-08-12T21:38:08.119012+00:00, run_after=2024-08-13T01:38:08.119012+00:00
[2024-08-12 22:38:08,129] {processor.py:161} INFO - Processing /home/kai/Documents/airflowalura/venv/lib/python3.9/site-packages/airflow/example_dags/example_latest_only_with_trigger.py took 0.053 seconds
[2024-08-12 22:38:41,140] {processor.py:153} INFO - Started process (PID=5137) to work on /home/kai/Documents/airflowalura/venv/lib/python3.9/site-packages/airflow/example_dags/example_latest_only_with_trigger.py
[2024-08-12 22:38:41,141] {processor.py:641} INFO - Processing file /home/kai/Documents/airflowalura/venv/lib/python3.9/site-packages/airflow/example_dags/example_latest_only_with_trigger.py for tasks to queue
[2024-08-12 22:38:41,142] {logging_mixin.py:115} INFO - [2024-08-12 22:38:41,141] {dagbag.py:507} INFO - Filling up the DagBag from /home/kai/Documents/airflowalura/venv/lib/python3.9/site-packages/airflow/example_dags/example_latest_only_with_trigger.py
[2024-08-12 22:38:41,148] {processor.py:651} INFO - DAG(s) dict_keys(['latest_only_with_trigger']) retrieved from /home/kai/Documents/airflowalura/venv/lib/python3.9/site-packages/airflow/example_dags/example_latest_only_with_trigger.py
[2024-08-12 22:38:41,164] {logging_mixin.py:115} INFO - [2024-08-12 22:38:41,164] {dag.py:2379} INFO - Sync 1 DAGs
[2024-08-12 22:38:41,182] {logging_mixin.py:115} INFO - [2024-08-12 22:38:41,182] {dag.py:2927} INFO - Setting next_dagrun for latest_only_with_trigger to 2024-08-12T21:38:41.182325+00:00, run_after=2024-08-13T01:38:41.182325+00:00
[2024-08-12 22:38:41,195] {processor.py:161} INFO - Processing /home/kai/Documents/airflowalura/venv/lib/python3.9/site-packages/airflow/example_dags/example_latest_only_with_trigger.py took 0.057 seconds
[2024-08-12 22:39:16,827] {processor.py:153} INFO - Started process (PID=5549) to work on /home/kai/Documents/airflowalura/venv/lib/python3.9/site-packages/airflow/example_dags/example_latest_only_with_trigger.py
[2024-08-12 22:39:16,827] {processor.py:641} INFO - Processing file /home/kai/Documents/airflowalura/venv/lib/python3.9/site-packages/airflow/example_dags/example_latest_only_with_trigger.py for tasks to queue
[2024-08-12 22:39:16,828] {logging_mixin.py:115} INFO - [2024-08-12 22:39:16,828] {dagbag.py:507} INFO - Filling up the DagBag from /home/kai/Documents/airflowalura/venv/lib/python3.9/site-packages/airflow/example_dags/example_latest_only_with_trigger.py
[2024-08-12 22:39:16,833] {processor.py:651} INFO - DAG(s) dict_keys(['latest_only_with_trigger']) retrieved from /home/kai/Documents/airflowalura/venv/lib/python3.9/site-packages/airflow/example_dags/example_latest_only_with_trigger.py
[2024-08-12 22:39:16,846] {logging_mixin.py:115} INFO - [2024-08-12 22:39:16,846] {dag.py:2379} INFO - Sync 1 DAGs
[2024-08-12 22:39:16,862] {logging_mixin.py:115} INFO - [2024-08-12 22:39:16,862] {dag.py:2927} INFO - Setting next_dagrun for latest_only_with_trigger to 2024-08-12T21:39:16.861964+00:00, run_after=2024-08-13T01:39:16.861964+00:00
[2024-08-12 22:39:16,871] {processor.py:161} INFO - Processing /home/kai/Documents/airflowalura/venv/lib/python3.9/site-packages/airflow/example_dags/example_latest_only_with_trigger.py took 0.047 seconds
[2024-08-12 22:39:52,966] {processor.py:153} INFO - Started process (PID=5758) to work on /home/kai/Documents/airflowalura/venv/lib/python3.9/site-packages/airflow/example_dags/example_latest_only_with_trigger.py
[2024-08-12 22:39:52,967] {processor.py:641} INFO - Processing file /home/kai/Documents/airflowalura/venv/lib/python3.9/site-packages/airflow/example_dags/example_latest_only_with_trigger.py for tasks to queue
[2024-08-12 22:39:52,968] {logging_mixin.py:115} INFO - [2024-08-12 22:39:52,968] {dagbag.py:507} INFO - Filling up the DagBag from /home/kai/Documents/airflowalura/venv/lib/python3.9/site-packages/airflow/example_dags/example_latest_only_with_trigger.py
[2024-08-12 22:39:52,973] {processor.py:651} INFO - DAG(s) dict_keys(['latest_only_with_trigger']) retrieved from /home/kai/Documents/airflowalura/venv/lib/python3.9/site-packages/airflow/example_dags/example_latest_only_with_trigger.py
[2024-08-12 22:39:52,988] {logging_mixin.py:115} INFO - [2024-08-12 22:39:52,988] {dag.py:2379} INFO - Sync 1 DAGs
[2024-08-12 22:39:53,005] {logging_mixin.py:115} INFO - [2024-08-12 22:39:53,005] {dag.py:2927} INFO - Setting next_dagrun for latest_only_with_trigger to 2024-08-12T21:39:53.005086+00:00, run_after=2024-08-13T01:39:53.005086+00:00
[2024-08-12 22:39:53,017] {processor.py:161} INFO - Processing /home/kai/Documents/airflowalura/venv/lib/python3.9/site-packages/airflow/example_dags/example_latest_only_with_trigger.py took 0.054 seconds
[2024-08-12 22:40:27,795] {processor.py:153} INFO - Started process (PID=6209) to work on /home/kai/Documents/airflowalura/venv/lib/python3.9/site-packages/airflow/example_dags/example_latest_only_with_trigger.py
[2024-08-12 22:40:27,795] {processor.py:641} INFO - Processing file /home/kai/Documents/airflowalura/venv/lib/python3.9/site-packages/airflow/example_dags/example_latest_only_with_trigger.py for tasks to queue
[2024-08-12 22:40:27,796] {logging_mixin.py:115} INFO - [2024-08-12 22:40:27,796] {dagbag.py:507} INFO - Filling up the DagBag from /home/kai/Documents/airflowalura/venv/lib/python3.9/site-packages/airflow/example_dags/example_latest_only_with_trigger.py
[2024-08-12 22:40:27,800] {processor.py:651} INFO - DAG(s) dict_keys(['latest_only_with_trigger']) retrieved from /home/kai/Documents/airflowalura/venv/lib/python3.9/site-packages/airflow/example_dags/example_latest_only_with_trigger.py
[2024-08-12 22:40:27,813] {logging_mixin.py:115} INFO - [2024-08-12 22:40:27,813] {dag.py:2379} INFO - Sync 1 DAGs
[2024-08-12 22:40:27,828] {logging_mixin.py:115} INFO - [2024-08-12 22:40:27,828] {dag.py:2927} INFO - Setting next_dagrun for latest_only_with_trigger to 2024-08-12T21:40:27.828347+00:00, run_after=2024-08-13T01:40:27.828347+00:00
[2024-08-12 22:40:27,837] {processor.py:161} INFO - Processing /home/kai/Documents/airflowalura/venv/lib/python3.9/site-packages/airflow/example_dags/example_latest_only_with_trigger.py took 0.044 seconds
[2024-08-12 22:41:02,647] {processor.py:153} INFO - Started process (PID=6417) to work on /home/kai/Documents/airflowalura/venv/lib/python3.9/site-packages/airflow/example_dags/example_latest_only_with_trigger.py
[2024-08-12 22:41:02,650] {processor.py:641} INFO - Processing file /home/kai/Documents/airflowalura/venv/lib/python3.9/site-packages/airflow/example_dags/example_latest_only_with_trigger.py for tasks to queue
[2024-08-12 22:41:02,651] {logging_mixin.py:115} INFO - [2024-08-12 22:41:02,651] {dagbag.py:507} INFO - Filling up the DagBag from /home/kai/Documents/airflowalura/venv/lib/python3.9/site-packages/airflow/example_dags/example_latest_only_with_trigger.py
[2024-08-12 22:41:02,656] {processor.py:651} INFO - DAG(s) dict_keys(['latest_only_with_trigger']) retrieved from /home/kai/Documents/airflowalura/venv/lib/python3.9/site-packages/airflow/example_dags/example_latest_only_with_trigger.py
[2024-08-12 22:41:02,673] {logging_mixin.py:115} INFO - [2024-08-12 22:41:02,673] {dag.py:2379} INFO - Sync 1 DAGs
[2024-08-12 22:41:02,701] {logging_mixin.py:115} INFO - [2024-08-12 22:41:02,701] {dag.py:2927} INFO - Setting next_dagrun for latest_only_with_trigger to 2024-08-12T21:41:02.700962+00:00, run_after=2024-08-13T01:41:02.700962+00:00
[2024-08-12 22:41:02,712] {processor.py:161} INFO - Processing /home/kai/Documents/airflowalura/venv/lib/python3.9/site-packages/airflow/example_dags/example_latest_only_with_trigger.py took 0.068 seconds
[2024-08-12 22:41:41,165] {processor.py:153} INFO - Started process (PID=6900) to work on /home/kai/Documents/airflowalura/venv/lib/python3.9/site-packages/airflow/example_dags/example_latest_only_with_trigger.py
[2024-08-12 22:41:41,166] {processor.py:641} INFO - Processing file /home/kai/Documents/airflowalura/venv/lib/python3.9/site-packages/airflow/example_dags/example_latest_only_with_trigger.py for tasks to queue
[2024-08-12 22:41:41,166] {logging_mixin.py:115} INFO - [2024-08-12 22:41:41,166] {dagbag.py:507} INFO - Filling up the DagBag from /home/kai/Documents/airflowalura/venv/lib/python3.9/site-packages/airflow/example_dags/example_latest_only_with_trigger.py
[2024-08-12 22:41:41,172] {processor.py:651} INFO - DAG(s) dict_keys(['latest_only_with_trigger']) retrieved from /home/kai/Documents/airflowalura/venv/lib/python3.9/site-packages/airflow/example_dags/example_latest_only_with_trigger.py
[2024-08-12 22:41:41,188] {logging_mixin.py:115} INFO - [2024-08-12 22:41:41,188] {dag.py:2379} INFO - Sync 1 DAGs
[2024-08-12 22:41:41,210] {logging_mixin.py:115} INFO - [2024-08-12 22:41:41,210] {dag.py:2927} INFO - Setting next_dagrun for latest_only_with_trigger to 2024-08-12T21:41:41.210082+00:00, run_after=2024-08-13T01:41:41.210082+00:00
[2024-08-12 22:41:41,221] {processor.py:161} INFO - Processing /home/kai/Documents/airflowalura/venv/lib/python3.9/site-packages/airflow/example_dags/example_latest_only_with_trigger.py took 0.060 seconds
[2024-08-12 22:42:17,307] {processor.py:153} INFO - Started process (PID=7231) to work on /home/kai/Documents/airflowalura/venv/lib/python3.9/site-packages/airflow/example_dags/example_latest_only_with_trigger.py
[2024-08-12 22:42:17,309] {processor.py:641} INFO - Processing file /home/kai/Documents/airflowalura/venv/lib/python3.9/site-packages/airflow/example_dags/example_latest_only_with_trigger.py for tasks to queue
[2024-08-12 22:42:17,309] {logging_mixin.py:115} INFO - [2024-08-12 22:42:17,309] {dagbag.py:507} INFO - Filling up the DagBag from /home/kai/Documents/airflowalura/venv/lib/python3.9/site-packages/airflow/example_dags/example_latest_only_with_trigger.py
[2024-08-12 22:42:17,315] {processor.py:651} INFO - DAG(s) dict_keys(['latest_only_with_trigger']) retrieved from /home/kai/Documents/airflowalura/venv/lib/python3.9/site-packages/airflow/example_dags/example_latest_only_with_trigger.py
[2024-08-12 22:42:17,332] {logging_mixin.py:115} INFO - [2024-08-12 22:42:17,332] {dag.py:2379} INFO - Sync 1 DAGs
[2024-08-12 22:42:17,351] {logging_mixin.py:115} INFO - [2024-08-12 22:42:17,351] {dag.py:2927} INFO - Setting next_dagrun for latest_only_with_trigger to 2024-08-12T21:42:17.351125+00:00, run_after=2024-08-13T01:42:17.351125+00:00
[2024-08-12 22:42:17,363] {processor.py:161} INFO - Processing /home/kai/Documents/airflowalura/venv/lib/python3.9/site-packages/airflow/example_dags/example_latest_only_with_trigger.py took 0.058 seconds
[2024-08-12 22:42:55,779] {processor.py:153} INFO - Started process (PID=7540) to work on /home/kai/Documents/airflowalura/venv/lib/python3.9/site-packages/airflow/example_dags/example_latest_only_with_trigger.py
[2024-08-12 22:42:55,780] {processor.py:641} INFO - Processing file /home/kai/Documents/airflowalura/venv/lib/python3.9/site-packages/airflow/example_dags/example_latest_only_with_trigger.py for tasks to queue
[2024-08-12 22:42:55,781] {logging_mixin.py:115} INFO - [2024-08-12 22:42:55,781] {dagbag.py:507} INFO - Filling up the DagBag from /home/kai/Documents/airflowalura/venv/lib/python3.9/site-packages/airflow/example_dags/example_latest_only_with_trigger.py
[2024-08-12 22:42:55,788] {processor.py:651} INFO - DAG(s) dict_keys(['latest_only_with_trigger']) retrieved from /home/kai/Documents/airflowalura/venv/lib/python3.9/site-packages/airflow/example_dags/example_latest_only_with_trigger.py
[2024-08-12 22:42:55,809] {logging_mixin.py:115} INFO - [2024-08-12 22:42:55,809] {dag.py:2379} INFO - Sync 1 DAGs
[2024-08-12 22:42:55,840] {logging_mixin.py:115} INFO - [2024-08-12 22:42:55,840] {dag.py:2927} INFO - Setting next_dagrun for latest_only_with_trigger to 2024-08-12T21:42:55.839810+00:00, run_after=2024-08-13T01:42:55.839810+00:00
[2024-08-12 22:42:55,858] {processor.py:161} INFO - Processing /home/kai/Documents/airflowalura/venv/lib/python3.9/site-packages/airflow/example_dags/example_latest_only_with_trigger.py took 0.082 seconds
[2024-08-12 22:43:34,241] {processor.py:153} INFO - Started process (PID=7740) to work on /home/kai/Documents/airflowalura/venv/lib/python3.9/site-packages/airflow/example_dags/example_latest_only_with_trigger.py
[2024-08-12 22:43:34,243] {processor.py:641} INFO - Processing file /home/kai/Documents/airflowalura/venv/lib/python3.9/site-packages/airflow/example_dags/example_latest_only_with_trigger.py for tasks to queue
[2024-08-12 22:43:34,244] {logging_mixin.py:115} INFO - [2024-08-12 22:43:34,244] {dagbag.py:507} INFO - Filling up the DagBag from /home/kai/Documents/airflowalura/venv/lib/python3.9/site-packages/airflow/example_dags/example_latest_only_with_trigger.py
[2024-08-12 22:43:34,250] {processor.py:651} INFO - DAG(s) dict_keys(['latest_only_with_trigger']) retrieved from /home/kai/Documents/airflowalura/venv/lib/python3.9/site-packages/airflow/example_dags/example_latest_only_with_trigger.py
[2024-08-12 22:43:34,277] {logging_mixin.py:115} INFO - [2024-08-12 22:43:34,277] {dag.py:2379} INFO - Sync 1 DAGs
[2024-08-12 22:43:34,306] {logging_mixin.py:115} INFO - [2024-08-12 22:43:34,306] {dag.py:2927} INFO - Setting next_dagrun for latest_only_with_trigger to 2024-08-12T21:43:34.306394+00:00, run_after=2024-08-13T01:43:34.306394+00:00
[2024-08-12 22:43:34,322] {processor.py:161} INFO - Processing /home/kai/Documents/airflowalura/venv/lib/python3.9/site-packages/airflow/example_dags/example_latest_only_with_trigger.py took 0.083 seconds
[2024-08-12 22:44:12,891] {processor.py:153} INFO - Started process (PID=8051) to work on /home/kai/Documents/airflowalura/venv/lib/python3.9/site-packages/airflow/example_dags/example_latest_only_with_trigger.py
[2024-08-12 22:44:12,892] {processor.py:641} INFO - Processing file /home/kai/Documents/airflowalura/venv/lib/python3.9/site-packages/airflow/example_dags/example_latest_only_with_trigger.py for tasks to queue
[2024-08-12 22:44:12,893] {logging_mixin.py:115} INFO - [2024-08-12 22:44:12,893] {dagbag.py:507} INFO - Filling up the DagBag from /home/kai/Documents/airflowalura/venv/lib/python3.9/site-packages/airflow/example_dags/example_latest_only_with_trigger.py
[2024-08-12 22:44:12,899] {processor.py:651} INFO - DAG(s) dict_keys(['latest_only_with_trigger']) retrieved from /home/kai/Documents/airflowalura/venv/lib/python3.9/site-packages/airflow/example_dags/example_latest_only_with_trigger.py
[2024-08-12 22:44:12,913] {logging_mixin.py:115} INFO - [2024-08-12 22:44:12,913] {dag.py:2379} INFO - Sync 1 DAGs
[2024-08-12 22:44:12,929] {logging_mixin.py:115} INFO - [2024-08-12 22:44:12,929] {dag.py:2927} INFO - Setting next_dagrun for latest_only_with_trigger to 2024-08-12T21:44:12.928851+00:00, run_after=2024-08-13T01:44:12.928851+00:00
[2024-08-12 22:44:12,938] {processor.py:161} INFO - Processing /home/kai/Documents/airflowalura/venv/lib/python3.9/site-packages/airflow/example_dags/example_latest_only_with_trigger.py took 0.049 seconds
[2024-08-12 22:44:47,818] {processor.py:153} INFO - Started process (PID=8247) to work on /home/kai/Documents/airflowalura/venv/lib/python3.9/site-packages/airflow/example_dags/example_latest_only_with_trigger.py
[2024-08-12 22:44:47,819] {processor.py:641} INFO - Processing file /home/kai/Documents/airflowalura/venv/lib/python3.9/site-packages/airflow/example_dags/example_latest_only_with_trigger.py for tasks to queue
[2024-08-12 22:44:47,820] {logging_mixin.py:115} INFO - [2024-08-12 22:44:47,820] {dagbag.py:507} INFO - Filling up the DagBag from /home/kai/Documents/airflowalura/venv/lib/python3.9/site-packages/airflow/example_dags/example_latest_only_with_trigger.py
[2024-08-12 22:44:47,825] {processor.py:651} INFO - DAG(s) dict_keys(['latest_only_with_trigger']) retrieved from /home/kai/Documents/airflowalura/venv/lib/python3.9/site-packages/airflow/example_dags/example_latest_only_with_trigger.py
[2024-08-12 22:44:47,841] {logging_mixin.py:115} INFO - [2024-08-12 22:44:47,841] {dag.py:2379} INFO - Sync 1 DAGs
[2024-08-12 22:44:47,861] {logging_mixin.py:115} INFO - [2024-08-12 22:44:47,861] {dag.py:2927} INFO - Setting next_dagrun for latest_only_with_trigger to 2024-08-12T21:44:47.861384+00:00, run_after=2024-08-13T01:44:47.861384+00:00
[2024-08-12 22:44:47,871] {processor.py:161} INFO - Processing /home/kai/Documents/airflowalura/venv/lib/python3.9/site-packages/airflow/example_dags/example_latest_only_with_trigger.py took 0.055 seconds
[2024-08-12 22:45:21,292] {processor.py:153} INFO - Started process (PID=8592) to work on /home/kai/Documents/airflowalura/venv/lib/python3.9/site-packages/airflow/example_dags/example_latest_only_with_trigger.py
[2024-08-12 22:45:21,293] {processor.py:641} INFO - Processing file /home/kai/Documents/airflowalura/venv/lib/python3.9/site-packages/airflow/example_dags/example_latest_only_with_trigger.py for tasks to queue
[2024-08-12 22:45:21,295] {logging_mixin.py:115} INFO - [2024-08-12 22:45:21,294] {dagbag.py:507} INFO - Filling up the DagBag from /home/kai/Documents/airflowalura/venv/lib/python3.9/site-packages/airflow/example_dags/example_latest_only_with_trigger.py
[2024-08-12 22:45:21,300] {processor.py:651} INFO - DAG(s) dict_keys(['latest_only_with_trigger']) retrieved from /home/kai/Documents/airflowalura/venv/lib/python3.9/site-packages/airflow/example_dags/example_latest_only_with_trigger.py
[2024-08-12 22:45:21,313] {logging_mixin.py:115} INFO - [2024-08-12 22:45:21,312] {dag.py:2379} INFO - Sync 1 DAGs
[2024-08-12 22:45:21,327] {logging_mixin.py:115} INFO - [2024-08-12 22:45:21,327] {dag.py:2927} INFO - Setting next_dagrun for latest_only_with_trigger to 2024-08-12T21:45:21.327364+00:00, run_after=2024-08-13T01:45:21.327364+00:00
[2024-08-12 22:45:21,337] {processor.py:161} INFO - Processing /home/kai/Documents/airflowalura/venv/lib/python3.9/site-packages/airflow/example_dags/example_latest_only_with_trigger.py took 0.049 seconds
[2024-08-12 22:45:55,287] {processor.py:153} INFO - Started process (PID=8833) to work on /home/kai/Documents/airflowalura/venv/lib/python3.9/site-packages/airflow/example_dags/example_latest_only_with_trigger.py
[2024-08-12 22:45:55,288] {processor.py:641} INFO - Processing file /home/kai/Documents/airflowalura/venv/lib/python3.9/site-packages/airflow/example_dags/example_latest_only_with_trigger.py for tasks to queue
[2024-08-12 22:45:55,288] {logging_mixin.py:115} INFO - [2024-08-12 22:45:55,288] {dagbag.py:507} INFO - Filling up the DagBag from /home/kai/Documents/airflowalura/venv/lib/python3.9/site-packages/airflow/example_dags/example_latest_only_with_trigger.py
[2024-08-12 22:45:55,294] {processor.py:651} INFO - DAG(s) dict_keys(['latest_only_with_trigger']) retrieved from /home/kai/Documents/airflowalura/venv/lib/python3.9/site-packages/airflow/example_dags/example_latest_only_with_trigger.py
[2024-08-12 22:45:55,308] {logging_mixin.py:115} INFO - [2024-08-12 22:45:55,308] {dag.py:2379} INFO - Sync 1 DAGs
[2024-08-12 22:45:55,328] {logging_mixin.py:115} INFO - [2024-08-12 22:45:55,328] {dag.py:2927} INFO - Setting next_dagrun for latest_only_with_trigger to 2024-08-12T21:45:55.328286+00:00, run_after=2024-08-13T01:45:55.328286+00:00
[2024-08-12 22:45:55,341] {processor.py:161} INFO - Processing /home/kai/Documents/airflowalura/venv/lib/python3.9/site-packages/airflow/example_dags/example_latest_only_with_trigger.py took 0.056 seconds
[2024-08-12 22:46:29,389] {processor.py:153} INFO - Started process (PID=9013) to work on /home/kai/Documents/airflowalura/venv/lib/python3.9/site-packages/airflow/example_dags/example_latest_only_with_trigger.py
[2024-08-12 22:46:29,391] {processor.py:641} INFO - Processing file /home/kai/Documents/airflowalura/venv/lib/python3.9/site-packages/airflow/example_dags/example_latest_only_with_trigger.py for tasks to queue
[2024-08-12 22:46:29,391] {logging_mixin.py:115} INFO - [2024-08-12 22:46:29,391] {dagbag.py:507} INFO - Filling up the DagBag from /home/kai/Documents/airflowalura/venv/lib/python3.9/site-packages/airflow/example_dags/example_latest_only_with_trigger.py
[2024-08-12 22:46:29,397] {processor.py:651} INFO - DAG(s) dict_keys(['latest_only_with_trigger']) retrieved from /home/kai/Documents/airflowalura/venv/lib/python3.9/site-packages/airflow/example_dags/example_latest_only_with_trigger.py
[2024-08-12 22:46:29,411] {logging_mixin.py:115} INFO - [2024-08-12 22:46:29,411] {dag.py:2379} INFO - Sync 1 DAGs
[2024-08-12 22:46:29,426] {logging_mixin.py:115} INFO - [2024-08-12 22:46:29,426] {dag.py:2927} INFO - Setting next_dagrun for latest_only_with_trigger to 2024-08-12T21:46:29.426333+00:00, run_after=2024-08-13T01:46:29.426333+00:00
[2024-08-12 22:46:29,436] {processor.py:161} INFO - Processing /home/kai/Documents/airflowalura/venv/lib/python3.9/site-packages/airflow/example_dags/example_latest_only_with_trigger.py took 0.049 seconds
[2024-08-12 22:47:03,584] {processor.py:153} INFO - Started process (PID=9205) to work on /home/kai/Documents/airflowalura/venv/lib/python3.9/site-packages/airflow/example_dags/example_latest_only_with_trigger.py
[2024-08-12 22:47:03,585] {processor.py:641} INFO - Processing file /home/kai/Documents/airflowalura/venv/lib/python3.9/site-packages/airflow/example_dags/example_latest_only_with_trigger.py for tasks to queue
[2024-08-12 22:47:03,585] {logging_mixin.py:115} INFO - [2024-08-12 22:47:03,585] {dagbag.py:507} INFO - Filling up the DagBag from /home/kai/Documents/airflowalura/venv/lib/python3.9/site-packages/airflow/example_dags/example_latest_only_with_trigger.py
[2024-08-12 22:47:03,590] {processor.py:651} INFO - DAG(s) dict_keys(['latest_only_with_trigger']) retrieved from /home/kai/Documents/airflowalura/venv/lib/python3.9/site-packages/airflow/example_dags/example_latest_only_with_trigger.py
[2024-08-12 22:47:03,606] {logging_mixin.py:115} INFO - [2024-08-12 22:47:03,606] {dag.py:2379} INFO - Sync 1 DAGs
[2024-08-12 22:47:03,621] {logging_mixin.py:115} INFO - [2024-08-12 22:47:03,621] {dag.py:2927} INFO - Setting next_dagrun for latest_only_with_trigger to 2024-08-12T21:47:03.621162+00:00, run_after=2024-08-13T01:47:03.621162+00:00
[2024-08-12 22:47:03,634] {processor.py:161} INFO - Processing /home/kai/Documents/airflowalura/venv/lib/python3.9/site-packages/airflow/example_dags/example_latest_only_with_trigger.py took 0.052 seconds
[2024-08-12 22:47:36,314] {processor.py:153} INFO - Started process (PID=9393) to work on /home/kai/Documents/airflowalura/venv/lib/python3.9/site-packages/airflow/example_dags/example_latest_only_with_trigger.py
[2024-08-12 22:47:36,315] {processor.py:641} INFO - Processing file /home/kai/Documents/airflowalura/venv/lib/python3.9/site-packages/airflow/example_dags/example_latest_only_with_trigger.py for tasks to queue
[2024-08-12 22:47:36,316] {logging_mixin.py:115} INFO - [2024-08-12 22:47:36,315] {dagbag.py:507} INFO - Filling up the DagBag from /home/kai/Documents/airflowalura/venv/lib/python3.9/site-packages/airflow/example_dags/example_latest_only_with_trigger.py
[2024-08-12 22:47:36,320] {processor.py:651} INFO - DAG(s) dict_keys(['latest_only_with_trigger']) retrieved from /home/kai/Documents/airflowalura/venv/lib/python3.9/site-packages/airflow/example_dags/example_latest_only_with_trigger.py
[2024-08-12 22:47:36,333] {logging_mixin.py:115} INFO - [2024-08-12 22:47:36,333] {dag.py:2379} INFO - Sync 1 DAGs
[2024-08-12 22:47:36,348] {logging_mixin.py:115} INFO - [2024-08-12 22:47:36,348] {dag.py:2927} INFO - Setting next_dagrun for latest_only_with_trigger to 2024-08-12T21:47:36.348233+00:00, run_after=2024-08-13T01:47:36.348233+00:00
[2024-08-12 22:47:36,357] {processor.py:161} INFO - Processing /home/kai/Documents/airflowalura/venv/lib/python3.9/site-packages/airflow/example_dags/example_latest_only_with_trigger.py took 0.045 seconds
[2024-08-12 22:48:13,234] {processor.py:153} INFO - Started process (PID=9597) to work on /home/kai/Documents/airflowalura/venv/lib/python3.9/site-packages/airflow/example_dags/example_latest_only_with_trigger.py
[2024-08-12 22:48:13,234] {processor.py:641} INFO - Processing file /home/kai/Documents/airflowalura/venv/lib/python3.9/site-packages/airflow/example_dags/example_latest_only_with_trigger.py for tasks to queue
[2024-08-12 22:48:13,235] {logging_mixin.py:115} INFO - [2024-08-12 22:48:13,235] {dagbag.py:507} INFO - Filling up the DagBag from /home/kai/Documents/airflowalura/venv/lib/python3.9/site-packages/airflow/example_dags/example_latest_only_with_trigger.py
[2024-08-12 22:48:13,240] {processor.py:651} INFO - DAG(s) dict_keys(['latest_only_with_trigger']) retrieved from /home/kai/Documents/airflowalura/venv/lib/python3.9/site-packages/airflow/example_dags/example_latest_only_with_trigger.py
[2024-08-12 22:48:13,253] {logging_mixin.py:115} INFO - [2024-08-12 22:48:13,253] {dag.py:2379} INFO - Sync 1 DAGs
[2024-08-12 22:48:13,269] {logging_mixin.py:115} INFO - [2024-08-12 22:48:13,269] {dag.py:2927} INFO - Setting next_dagrun for latest_only_with_trigger to 2024-08-12T21:48:13.268870+00:00, run_after=2024-08-13T01:48:13.268870+00:00
[2024-08-12 22:48:13,279] {processor.py:161} INFO - Processing /home/kai/Documents/airflowalura/venv/lib/python3.9/site-packages/airflow/example_dags/example_latest_only_with_trigger.py took 0.048 seconds
[2024-08-12 22:48:45,205] {processor.py:153} INFO - Started process (PID=9773) to work on /home/kai/Documents/airflowalura/venv/lib/python3.9/site-packages/airflow/example_dags/example_latest_only_with_trigger.py
[2024-08-12 22:48:45,206] {processor.py:641} INFO - Processing file /home/kai/Documents/airflowalura/venv/lib/python3.9/site-packages/airflow/example_dags/example_latest_only_with_trigger.py for tasks to queue
[2024-08-12 22:48:45,207] {logging_mixin.py:115} INFO - [2024-08-12 22:48:45,206] {dagbag.py:507} INFO - Filling up the DagBag from /home/kai/Documents/airflowalura/venv/lib/python3.9/site-packages/airflow/example_dags/example_latest_only_with_trigger.py
[2024-08-12 22:48:45,212] {processor.py:651} INFO - DAG(s) dict_keys(['latest_only_with_trigger']) retrieved from /home/kai/Documents/airflowalura/venv/lib/python3.9/site-packages/airflow/example_dags/example_latest_only_with_trigger.py
[2024-08-12 22:48:45,225] {logging_mixin.py:115} INFO - [2024-08-12 22:48:45,225] {dag.py:2379} INFO - Sync 1 DAGs
[2024-08-12 22:48:45,240] {logging_mixin.py:115} INFO - [2024-08-12 22:48:45,240] {dag.py:2927} INFO - Setting next_dagrun for latest_only_with_trigger to 2024-08-12T21:48:45.240483+00:00, run_after=2024-08-13T01:48:45.240483+00:00
[2024-08-12 22:48:45,250] {processor.py:161} INFO - Processing /home/kai/Documents/airflowalura/venv/lib/python3.9/site-packages/airflow/example_dags/example_latest_only_with_trigger.py took 0.049 seconds
[2024-08-12 22:49:22,102] {processor.py:153} INFO - Started process (PID=9979) to work on /home/kai/Documents/airflowalura/venv/lib/python3.9/site-packages/airflow/example_dags/example_latest_only_with_trigger.py
[2024-08-12 22:49:22,102] {processor.py:641} INFO - Processing file /home/kai/Documents/airflowalura/venv/lib/python3.9/site-packages/airflow/example_dags/example_latest_only_with_trigger.py for tasks to queue
[2024-08-12 22:49:22,103] {logging_mixin.py:115} INFO - [2024-08-12 22:49:22,102] {dagbag.py:507} INFO - Filling up the DagBag from /home/kai/Documents/airflowalura/venv/lib/python3.9/site-packages/airflow/example_dags/example_latest_only_with_trigger.py
[2024-08-12 22:49:22,107] {processor.py:651} INFO - DAG(s) dict_keys(['latest_only_with_trigger']) retrieved from /home/kai/Documents/airflowalura/venv/lib/python3.9/site-packages/airflow/example_dags/example_latest_only_with_trigger.py
[2024-08-12 22:49:22,119] {logging_mixin.py:115} INFO - [2024-08-12 22:49:22,119] {dag.py:2379} INFO - Sync 1 DAGs
[2024-08-12 22:49:22,134] {logging_mixin.py:115} INFO - [2024-08-12 22:49:22,134] {dag.py:2927} INFO - Setting next_dagrun for latest_only_with_trigger to 2024-08-12T21:49:22.134484+00:00, run_after=2024-08-13T01:49:22.134484+00:00
[2024-08-12 22:49:22,143] {processor.py:161} INFO - Processing /home/kai/Documents/airflowalura/venv/lib/python3.9/site-packages/airflow/example_dags/example_latest_only_with_trigger.py took 0.043 seconds
[2024-08-12 22:49:55,744] {processor.py:153} INFO - Started process (PID=10172) to work on /home/kai/Documents/airflowalura/venv/lib/python3.9/site-packages/airflow/example_dags/example_latest_only_with_trigger.py
[2024-08-12 22:49:55,744] {processor.py:641} INFO - Processing file /home/kai/Documents/airflowalura/venv/lib/python3.9/site-packages/airflow/example_dags/example_latest_only_with_trigger.py for tasks to queue
[2024-08-12 22:49:55,745] {logging_mixin.py:115} INFO - [2024-08-12 22:49:55,745] {dagbag.py:507} INFO - Filling up the DagBag from /home/kai/Documents/airflowalura/venv/lib/python3.9/site-packages/airflow/example_dags/example_latest_only_with_trigger.py
[2024-08-12 22:49:55,750] {processor.py:651} INFO - DAG(s) dict_keys(['latest_only_with_trigger']) retrieved from /home/kai/Documents/airflowalura/venv/lib/python3.9/site-packages/airflow/example_dags/example_latest_only_with_trigger.py
[2024-08-12 22:49:55,762] {logging_mixin.py:115} INFO - [2024-08-12 22:49:55,762] {dag.py:2379} INFO - Sync 1 DAGs
[2024-08-12 22:49:55,780] {logging_mixin.py:115} INFO - [2024-08-12 22:49:55,780] {dag.py:2927} INFO - Setting next_dagrun for latest_only_with_trigger to 2024-08-12T21:49:55.779718+00:00, run_after=2024-08-13T01:49:55.779718+00:00
[2024-08-12 22:49:55,788] {processor.py:161} INFO - Processing /home/kai/Documents/airflowalura/venv/lib/python3.9/site-packages/airflow/example_dags/example_latest_only_with_trigger.py took 0.047 seconds
[2024-08-12 22:50:28,749] {processor.py:153} INFO - Started process (PID=10407) to work on /home/kai/Documents/airflowalura/venv/lib/python3.9/site-packages/airflow/example_dags/example_latest_only_with_trigger.py
[2024-08-12 22:50:28,749] {processor.py:641} INFO - Processing file /home/kai/Documents/airflowalura/venv/lib/python3.9/site-packages/airflow/example_dags/example_latest_only_with_trigger.py for tasks to queue
[2024-08-12 22:50:28,750] {logging_mixin.py:115} INFO - [2024-08-12 22:50:28,750] {dagbag.py:507} INFO - Filling up the DagBag from /home/kai/Documents/airflowalura/venv/lib/python3.9/site-packages/airflow/example_dags/example_latest_only_with_trigger.py
[2024-08-12 22:50:28,754] {processor.py:651} INFO - DAG(s) dict_keys(['latest_only_with_trigger']) retrieved from /home/kai/Documents/airflowalura/venv/lib/python3.9/site-packages/airflow/example_dags/example_latest_only_with_trigger.py
[2024-08-12 22:50:28,767] {logging_mixin.py:115} INFO - [2024-08-12 22:50:28,767] {dag.py:2379} INFO - Sync 1 DAGs
[2024-08-12 22:50:28,782] {logging_mixin.py:115} INFO - [2024-08-12 22:50:28,782] {dag.py:2927} INFO - Setting next_dagrun for latest_only_with_trigger to 2024-08-12T21:50:28.782344+00:00, run_after=2024-08-13T01:50:28.782344+00:00
[2024-08-12 22:50:28,791] {processor.py:161} INFO - Processing /home/kai/Documents/airflowalura/venv/lib/python3.9/site-packages/airflow/example_dags/example_latest_only_with_trigger.py took 0.044 seconds
[2024-08-12 22:51:07,009] {processor.py:153} INFO - Started process (PID=10624) to work on /home/kai/Documents/airflowalura/venv/lib/python3.9/site-packages/airflow/example_dags/example_latest_only_with_trigger.py
[2024-08-12 22:51:07,009] {processor.py:641} INFO - Processing file /home/kai/Documents/airflowalura/venv/lib/python3.9/site-packages/airflow/example_dags/example_latest_only_with_trigger.py for tasks to queue
[2024-08-12 22:51:07,010] {logging_mixin.py:115} INFO - [2024-08-12 22:51:07,010] {dagbag.py:507} INFO - Filling up the DagBag from /home/kai/Documents/airflowalura/venv/lib/python3.9/site-packages/airflow/example_dags/example_latest_only_with_trigger.py
[2024-08-12 22:51:07,015] {processor.py:651} INFO - DAG(s) dict_keys(['latest_only_with_trigger']) retrieved from /home/kai/Documents/airflowalura/venv/lib/python3.9/site-packages/airflow/example_dags/example_latest_only_with_trigger.py
[2024-08-12 22:51:07,029] {logging_mixin.py:115} INFO - [2024-08-12 22:51:07,029] {dag.py:2379} INFO - Sync 1 DAGs
[2024-08-12 22:51:07,044] {logging_mixin.py:115} INFO - [2024-08-12 22:51:07,044] {dag.py:2927} INFO - Setting next_dagrun for latest_only_with_trigger to 2024-08-12T21:51:07.044025+00:00, run_after=2024-08-13T01:51:07.044025+00:00
[2024-08-12 22:51:07,054] {processor.py:161} INFO - Processing /home/kai/Documents/airflowalura/venv/lib/python3.9/site-packages/airflow/example_dags/example_latest_only_with_trigger.py took 0.048 seconds
[2024-08-12 22:51:40,398] {processor.py:153} INFO - Started process (PID=10803) to work on /home/kai/Documents/airflowalura/venv/lib/python3.9/site-packages/airflow/example_dags/example_latest_only_with_trigger.py
[2024-08-12 22:51:40,398] {processor.py:641} INFO - Processing file /home/kai/Documents/airflowalura/venv/lib/python3.9/site-packages/airflow/example_dags/example_latest_only_with_trigger.py for tasks to queue
[2024-08-12 22:51:40,399] {logging_mixin.py:115} INFO - [2024-08-12 22:51:40,399] {dagbag.py:507} INFO - Filling up the DagBag from /home/kai/Documents/airflowalura/venv/lib/python3.9/site-packages/airflow/example_dags/example_latest_only_with_trigger.py
[2024-08-12 22:51:40,404] {processor.py:651} INFO - DAG(s) dict_keys(['latest_only_with_trigger']) retrieved from /home/kai/Documents/airflowalura/venv/lib/python3.9/site-packages/airflow/example_dags/example_latest_only_with_trigger.py
[2024-08-12 22:51:40,416] {logging_mixin.py:115} INFO - [2024-08-12 22:51:40,416] {dag.py:2379} INFO - Sync 1 DAGs
[2024-08-12 22:51:40,431] {logging_mixin.py:115} INFO - [2024-08-12 22:51:40,431] {dag.py:2927} INFO - Setting next_dagrun for latest_only_with_trigger to 2024-08-12T21:51:40.431245+00:00, run_after=2024-08-13T01:51:40.431245+00:00
[2024-08-12 22:51:40,441] {processor.py:161} INFO - Processing /home/kai/Documents/airflowalura/venv/lib/python3.9/site-packages/airflow/example_dags/example_latest_only_with_trigger.py took 0.046 seconds
[2024-08-12 22:52:16,593] {processor.py:153} INFO - Started process (PID=11010) to work on /home/kai/Documents/airflowalura/venv/lib/python3.9/site-packages/airflow/example_dags/example_latest_only_with_trigger.py
[2024-08-12 22:52:16,593] {processor.py:641} INFO - Processing file /home/kai/Documents/airflowalura/venv/lib/python3.9/site-packages/airflow/example_dags/example_latest_only_with_trigger.py for tasks to queue
[2024-08-12 22:52:16,594] {logging_mixin.py:115} INFO - [2024-08-12 22:52:16,594] {dagbag.py:507} INFO - Filling up the DagBag from /home/kai/Documents/airflowalura/venv/lib/python3.9/site-packages/airflow/example_dags/example_latest_only_with_trigger.py
[2024-08-12 22:52:16,599] {processor.py:651} INFO - DAG(s) dict_keys(['latest_only_with_trigger']) retrieved from /home/kai/Documents/airflowalura/venv/lib/python3.9/site-packages/airflow/example_dags/example_latest_only_with_trigger.py
[2024-08-12 22:52:16,612] {logging_mixin.py:115} INFO - [2024-08-12 22:52:16,612] {dag.py:2379} INFO - Sync 1 DAGs
[2024-08-12 22:52:16,627] {logging_mixin.py:115} INFO - [2024-08-12 22:52:16,627] {dag.py:2927} INFO - Setting next_dagrun for latest_only_with_trigger to 2024-08-12T21:52:16.627388+00:00, run_after=2024-08-13T01:52:16.627388+00:00
[2024-08-12 22:52:16,637] {processor.py:161} INFO - Processing /home/kai/Documents/airflowalura/venv/lib/python3.9/site-packages/airflow/example_dags/example_latest_only_with_trigger.py took 0.046 seconds
[2024-08-12 22:52:51,554] {processor.py:153} INFO - Started process (PID=11206) to work on /home/kai/Documents/airflowalura/venv/lib/python3.9/site-packages/airflow/example_dags/example_latest_only_with_trigger.py
[2024-08-12 22:52:51,555] {processor.py:641} INFO - Processing file /home/kai/Documents/airflowalura/venv/lib/python3.9/site-packages/airflow/example_dags/example_latest_only_with_trigger.py for tasks to queue
[2024-08-12 22:52:51,555] {logging_mixin.py:115} INFO - [2024-08-12 22:52:51,555] {dagbag.py:507} INFO - Filling up the DagBag from /home/kai/Documents/airflowalura/venv/lib/python3.9/site-packages/airflow/example_dags/example_latest_only_with_trigger.py
[2024-08-12 22:52:51,560] {processor.py:651} INFO - DAG(s) dict_keys(['latest_only_with_trigger']) retrieved from /home/kai/Documents/airflowalura/venv/lib/python3.9/site-packages/airflow/example_dags/example_latest_only_with_trigger.py
[2024-08-12 22:52:51,574] {logging_mixin.py:115} INFO - [2024-08-12 22:52:51,573] {dag.py:2379} INFO - Sync 1 DAGs
[2024-08-12 22:52:51,589] {logging_mixin.py:115} INFO - [2024-08-12 22:52:51,589] {dag.py:2927} INFO - Setting next_dagrun for latest_only_with_trigger to 2024-08-12T21:52:51.589368+00:00, run_after=2024-08-13T01:52:51.589368+00:00
[2024-08-12 22:52:51,600] {processor.py:161} INFO - Processing /home/kai/Documents/airflowalura/venv/lib/python3.9/site-packages/airflow/example_dags/example_latest_only_with_trigger.py took 0.048 seconds
[2024-08-12 22:53:27,276] {processor.py:153} INFO - Started process (PID=11400) to work on /home/kai/Documents/airflowalura/venv/lib/python3.9/site-packages/airflow/example_dags/example_latest_only_with_trigger.py
[2024-08-12 22:53:27,276] {processor.py:641} INFO - Processing file /home/kai/Documents/airflowalura/venv/lib/python3.9/site-packages/airflow/example_dags/example_latest_only_with_trigger.py for tasks to queue
[2024-08-12 22:53:27,277] {logging_mixin.py:115} INFO - [2024-08-12 22:53:27,277] {dagbag.py:507} INFO - Filling up the DagBag from /home/kai/Documents/airflowalura/venv/lib/python3.9/site-packages/airflow/example_dags/example_latest_only_with_trigger.py
[2024-08-12 22:53:27,281] {processor.py:651} INFO - DAG(s) dict_keys(['latest_only_with_trigger']) retrieved from /home/kai/Documents/airflowalura/venv/lib/python3.9/site-packages/airflow/example_dags/example_latest_only_with_trigger.py
[2024-08-12 22:53:27,295] {logging_mixin.py:115} INFO - [2024-08-12 22:53:27,295] {dag.py:2379} INFO - Sync 1 DAGs
[2024-08-12 22:53:27,310] {logging_mixin.py:115} INFO - [2024-08-12 22:53:27,310] {dag.py:2927} INFO - Setting next_dagrun for latest_only_with_trigger to 2024-08-12T21:53:27.309908+00:00, run_after=2024-08-13T01:53:27.309908+00:00
[2024-08-12 22:53:27,321] {processor.py:161} INFO - Processing /home/kai/Documents/airflowalura/venv/lib/python3.9/site-packages/airflow/example_dags/example_latest_only_with_trigger.py took 0.048 seconds
[2024-08-12 22:54:03,205] {processor.py:153} INFO - Started process (PID=11603) to work on /home/kai/Documents/airflowalura/venv/lib/python3.9/site-packages/airflow/example_dags/example_latest_only_with_trigger.py
[2024-08-12 22:54:03,206] {processor.py:641} INFO - Processing file /home/kai/Documents/airflowalura/venv/lib/python3.9/site-packages/airflow/example_dags/example_latest_only_with_trigger.py for tasks to queue
[2024-08-12 22:54:03,207] {logging_mixin.py:115} INFO - [2024-08-12 22:54:03,207] {dagbag.py:507} INFO - Filling up the DagBag from /home/kai/Documents/airflowalura/venv/lib/python3.9/site-packages/airflow/example_dags/example_latest_only_with_trigger.py
[2024-08-12 22:54:03,212] {processor.py:651} INFO - DAG(s) dict_keys(['latest_only_with_trigger']) retrieved from /home/kai/Documents/airflowalura/venv/lib/python3.9/site-packages/airflow/example_dags/example_latest_only_with_trigger.py
[2024-08-12 22:54:03,226] {logging_mixin.py:115} INFO - [2024-08-12 22:54:03,226] {dag.py:2379} INFO - Sync 1 DAGs
[2024-08-12 22:54:03,241] {logging_mixin.py:115} INFO - [2024-08-12 22:54:03,241] {dag.py:2927} INFO - Setting next_dagrun for latest_only_with_trigger to 2024-08-12T21:54:03.241012+00:00, run_after=2024-08-13T01:54:03.241012+00:00
[2024-08-12 22:54:03,251] {processor.py:161} INFO - Processing /home/kai/Documents/airflowalura/venv/lib/python3.9/site-packages/airflow/example_dags/example_latest_only_with_trigger.py took 0.048 seconds
[2024-08-12 22:54:39,466] {processor.py:153} INFO - Started process (PID=11806) to work on /home/kai/Documents/airflowalura/venv/lib/python3.9/site-packages/airflow/example_dags/example_latest_only_with_trigger.py
[2024-08-12 22:54:39,467] {processor.py:641} INFO - Processing file /home/kai/Documents/airflowalura/venv/lib/python3.9/site-packages/airflow/example_dags/example_latest_only_with_trigger.py for tasks to queue
[2024-08-12 22:54:39,468] {logging_mixin.py:115} INFO - [2024-08-12 22:54:39,467] {dagbag.py:507} INFO - Filling up the DagBag from /home/kai/Documents/airflowalura/venv/lib/python3.9/site-packages/airflow/example_dags/example_latest_only_with_trigger.py
[2024-08-12 22:54:39,472] {processor.py:651} INFO - DAG(s) dict_keys(['latest_only_with_trigger']) retrieved from /home/kai/Documents/airflowalura/venv/lib/python3.9/site-packages/airflow/example_dags/example_latest_only_with_trigger.py
[2024-08-12 22:54:39,486] {logging_mixin.py:115} INFO - [2024-08-12 22:54:39,486] {dag.py:2379} INFO - Sync 1 DAGs
[2024-08-12 22:54:39,502] {logging_mixin.py:115} INFO - [2024-08-12 22:54:39,502] {dag.py:2927} INFO - Setting next_dagrun for latest_only_with_trigger to 2024-08-12T21:54:39.502012+00:00, run_after=2024-08-13T01:54:39.502012+00:00
[2024-08-12 22:54:39,512] {processor.py:161} INFO - Processing /home/kai/Documents/airflowalura/venv/lib/python3.9/site-packages/airflow/example_dags/example_latest_only_with_trigger.py took 0.048 seconds
[2024-08-12 22:55:12,701] {processor.py:153} INFO - Started process (PID=11993) to work on /home/kai/Documents/airflowalura/venv/lib/python3.9/site-packages/airflow/example_dags/example_latest_only_with_trigger.py
[2024-08-12 22:55:12,701] {processor.py:641} INFO - Processing file /home/kai/Documents/airflowalura/venv/lib/python3.9/site-packages/airflow/example_dags/example_latest_only_with_trigger.py for tasks to queue
[2024-08-12 22:55:12,702] {logging_mixin.py:115} INFO - [2024-08-12 22:55:12,702] {dagbag.py:507} INFO - Filling up the DagBag from /home/kai/Documents/airflowalura/venv/lib/python3.9/site-packages/airflow/example_dags/example_latest_only_with_trigger.py
[2024-08-12 22:55:12,706] {processor.py:651} INFO - DAG(s) dict_keys(['latest_only_with_trigger']) retrieved from /home/kai/Documents/airflowalura/venv/lib/python3.9/site-packages/airflow/example_dags/example_latest_only_with_trigger.py
[2024-08-12 22:55:12,720] {logging_mixin.py:115} INFO - [2024-08-12 22:55:12,720] {dag.py:2379} INFO - Sync 1 DAGs
[2024-08-12 22:55:12,735] {logging_mixin.py:115} INFO - [2024-08-12 22:55:12,735] {dag.py:2927} INFO - Setting next_dagrun for latest_only_with_trigger to 2024-08-12T21:55:12.735134+00:00, run_after=2024-08-13T01:55:12.735134+00:00
[2024-08-12 22:55:12,744] {processor.py:161} INFO - Processing /home/kai/Documents/airflowalura/venv/lib/python3.9/site-packages/airflow/example_dags/example_latest_only_with_trigger.py took 0.045 seconds
[2024-08-12 22:55:48,678] {processor.py:153} INFO - Started process (PID=12239) to work on /home/kai/Documents/airflowalura/venv/lib/python3.9/site-packages/airflow/example_dags/example_latest_only_with_trigger.py
[2024-08-12 22:55:48,679] {processor.py:641} INFO - Processing file /home/kai/Documents/airflowalura/venv/lib/python3.9/site-packages/airflow/example_dags/example_latest_only_with_trigger.py for tasks to queue
[2024-08-12 22:55:48,680] {logging_mixin.py:115} INFO - [2024-08-12 22:55:48,680] {dagbag.py:507} INFO - Filling up the DagBag from /home/kai/Documents/airflowalura/venv/lib/python3.9/site-packages/airflow/example_dags/example_latest_only_with_trigger.py
[2024-08-12 22:55:48,687] {processor.py:651} INFO - DAG(s) dict_keys(['latest_only_with_trigger']) retrieved from /home/kai/Documents/airflowalura/venv/lib/python3.9/site-packages/airflow/example_dags/example_latest_only_with_trigger.py
[2024-08-12 22:55:48,703] {logging_mixin.py:115} INFO - [2024-08-12 22:55:48,703] {dag.py:2379} INFO - Sync 1 DAGs
[2024-08-12 22:55:48,717] {logging_mixin.py:115} INFO - [2024-08-12 22:55:48,717] {dag.py:2927} INFO - Setting next_dagrun for latest_only_with_trigger to 2024-08-12T21:55:48.716963+00:00, run_after=2024-08-13T01:55:48.716963+00:00
[2024-08-12 22:55:48,726] {processor.py:161} INFO - Processing /home/kai/Documents/airflowalura/venv/lib/python3.9/site-packages/airflow/example_dags/example_latest_only_with_trigger.py took 0.053 seconds
[2024-08-12 22:56:22,748] {processor.py:153} INFO - Started process (PID=12462) to work on /home/kai/Documents/airflowalura/venv/lib/python3.9/site-packages/airflow/example_dags/example_latest_only_with_trigger.py
[2024-08-12 22:56:22,749] {processor.py:641} INFO - Processing file /home/kai/Documents/airflowalura/venv/lib/python3.9/site-packages/airflow/example_dags/example_latest_only_with_trigger.py for tasks to queue
[2024-08-12 22:56:22,749] {logging_mixin.py:115} INFO - [2024-08-12 22:56:22,749] {dagbag.py:507} INFO - Filling up the DagBag from /home/kai/Documents/airflowalura/venv/lib/python3.9/site-packages/airflow/example_dags/example_latest_only_with_trigger.py
[2024-08-12 22:56:22,756] {processor.py:651} INFO - DAG(s) dict_keys(['latest_only_with_trigger']) retrieved from /home/kai/Documents/airflowalura/venv/lib/python3.9/site-packages/airflow/example_dags/example_latest_only_with_trigger.py
[2024-08-12 22:56:22,772] {logging_mixin.py:115} INFO - [2024-08-12 22:56:22,772] {dag.py:2379} INFO - Sync 1 DAGs
[2024-08-12 22:56:22,784] {logging_mixin.py:115} INFO - [2024-08-12 22:56:22,784] {dag.py:2927} INFO - Setting next_dagrun for latest_only_with_trigger to 2024-08-12T21:56:22.784352+00:00, run_after=2024-08-13T01:56:22.784352+00:00
[2024-08-12 22:56:22,793] {processor.py:161} INFO - Processing /home/kai/Documents/airflowalura/venv/lib/python3.9/site-packages/airflow/example_dags/example_latest_only_with_trigger.py took 0.047 seconds
[2024-08-12 22:56:59,395] {processor.py:153} INFO - Started process (PID=12673) to work on /home/kai/Documents/airflowalura/venv/lib/python3.9/site-packages/airflow/example_dags/example_latest_only_with_trigger.py
[2024-08-12 22:56:59,396] {processor.py:641} INFO - Processing file /home/kai/Documents/airflowalura/venv/lib/python3.9/site-packages/airflow/example_dags/example_latest_only_with_trigger.py for tasks to queue
[2024-08-12 22:56:59,397] {logging_mixin.py:115} INFO - [2024-08-12 22:56:59,397] {dagbag.py:507} INFO - Filling up the DagBag from /home/kai/Documents/airflowalura/venv/lib/python3.9/site-packages/airflow/example_dags/example_latest_only_with_trigger.py
[2024-08-12 22:56:59,402] {processor.py:651} INFO - DAG(s) dict_keys(['latest_only_with_trigger']) retrieved from /home/kai/Documents/airflowalura/venv/lib/python3.9/site-packages/airflow/example_dags/example_latest_only_with_trigger.py
[2024-08-12 22:56:59,417] {logging_mixin.py:115} INFO - [2024-08-12 22:56:59,416] {dag.py:2379} INFO - Sync 1 DAGs
[2024-08-12 22:56:59,433] {logging_mixin.py:115} INFO - [2024-08-12 22:56:59,433] {dag.py:2927} INFO - Setting next_dagrun for latest_only_with_trigger to 2024-08-12T21:56:59.431219+00:00, run_after=2024-08-13T01:56:59.431219+00:00
[2024-08-12 22:56:59,444] {processor.py:161} INFO - Processing /home/kai/Documents/airflowalura/venv/lib/python3.9/site-packages/airflow/example_dags/example_latest_only_with_trigger.py took 0.051 seconds
[2024-08-12 22:57:32,464] {processor.py:153} INFO - Started process (PID=12851) to work on /home/kai/Documents/airflowalura/venv/lib/python3.9/site-packages/airflow/example_dags/example_latest_only_with_trigger.py
[2024-08-12 22:57:32,465] {processor.py:641} INFO - Processing file /home/kai/Documents/airflowalura/venv/lib/python3.9/site-packages/airflow/example_dags/example_latest_only_with_trigger.py for tasks to queue
[2024-08-12 22:57:32,465] {logging_mixin.py:115} INFO - [2024-08-12 22:57:32,465] {dagbag.py:507} INFO - Filling up the DagBag from /home/kai/Documents/airflowalura/venv/lib/python3.9/site-packages/airflow/example_dags/example_latest_only_with_trigger.py
[2024-08-12 22:57:32,470] {processor.py:651} INFO - DAG(s) dict_keys(['latest_only_with_trigger']) retrieved from /home/kai/Documents/airflowalura/venv/lib/python3.9/site-packages/airflow/example_dags/example_latest_only_with_trigger.py
[2024-08-12 22:57:32,485] {logging_mixin.py:115} INFO - [2024-08-12 22:57:32,485] {dag.py:2379} INFO - Sync 1 DAGs
[2024-08-12 22:57:32,499] {logging_mixin.py:115} INFO - [2024-08-12 22:57:32,499] {dag.py:2927} INFO - Setting next_dagrun for latest_only_with_trigger to 2024-08-12T21:57:32.499357+00:00, run_after=2024-08-13T01:57:32.499357+00:00
[2024-08-12 22:57:32,509] {processor.py:161} INFO - Processing /home/kai/Documents/airflowalura/venv/lib/python3.9/site-packages/airflow/example_dags/example_latest_only_with_trigger.py took 0.047 seconds
[2024-08-12 22:58:09,525] {processor.py:153} INFO - Started process (PID=13056) to work on /home/kai/Documents/airflowalura/venv/lib/python3.9/site-packages/airflow/example_dags/example_latest_only_with_trigger.py
[2024-08-12 22:58:09,526] {processor.py:641} INFO - Processing file /home/kai/Documents/airflowalura/venv/lib/python3.9/site-packages/airflow/example_dags/example_latest_only_with_trigger.py for tasks to queue
[2024-08-12 22:58:09,526] {logging_mixin.py:115} INFO - [2024-08-12 22:58:09,526] {dagbag.py:507} INFO - Filling up the DagBag from /home/kai/Documents/airflowalura/venv/lib/python3.9/site-packages/airflow/example_dags/example_latest_only_with_trigger.py
[2024-08-12 22:58:09,531] {processor.py:651} INFO - DAG(s) dict_keys(['latest_only_with_trigger']) retrieved from /home/kai/Documents/airflowalura/venv/lib/python3.9/site-packages/airflow/example_dags/example_latest_only_with_trigger.py
[2024-08-12 22:58:09,546] {logging_mixin.py:115} INFO - [2024-08-12 22:58:09,546] {dag.py:2379} INFO - Sync 1 DAGs
[2024-08-12 22:58:09,559] {logging_mixin.py:115} INFO - [2024-08-12 22:58:09,559] {dag.py:2927} INFO - Setting next_dagrun for latest_only_with_trigger to 2024-08-12T21:58:09.558854+00:00, run_after=2024-08-13T01:58:09.558854+00:00
[2024-08-12 22:58:09,569] {processor.py:161} INFO - Processing /home/kai/Documents/airflowalura/venv/lib/python3.9/site-packages/airflow/example_dags/example_latest_only_with_trigger.py took 0.047 seconds
[2024-08-12 22:58:43,366] {processor.py:153} INFO - Started process (PID=13243) to work on /home/kai/Documents/airflowalura/venv/lib/python3.9/site-packages/airflow/example_dags/example_latest_only_with_trigger.py
[2024-08-12 22:58:43,367] {processor.py:641} INFO - Processing file /home/kai/Documents/airflowalura/venv/lib/python3.9/site-packages/airflow/example_dags/example_latest_only_with_trigger.py for tasks to queue
[2024-08-12 22:58:43,368] {logging_mixin.py:115} INFO - [2024-08-12 22:58:43,368] {dagbag.py:507} INFO - Filling up the DagBag from /home/kai/Documents/airflowalura/venv/lib/python3.9/site-packages/airflow/example_dags/example_latest_only_with_trigger.py
[2024-08-12 22:58:43,373] {processor.py:651} INFO - DAG(s) dict_keys(['latest_only_with_trigger']) retrieved from /home/kai/Documents/airflowalura/venv/lib/python3.9/site-packages/airflow/example_dags/example_latest_only_with_trigger.py
[2024-08-12 22:58:43,388] {logging_mixin.py:115} INFO - [2024-08-12 22:58:43,388] {dag.py:2379} INFO - Sync 1 DAGs
[2024-08-12 22:58:43,402] {logging_mixin.py:115} INFO - [2024-08-12 22:58:43,402] {dag.py:2927} INFO - Setting next_dagrun for latest_only_with_trigger to 2024-08-12T21:58:43.402072+00:00, run_after=2024-08-13T01:58:43.402072+00:00
[2024-08-12 22:58:43,412] {processor.py:161} INFO - Processing /home/kai/Documents/airflowalura/venv/lib/python3.9/site-packages/airflow/example_dags/example_latest_only_with_trigger.py took 0.049 seconds
[2024-08-12 22:59:17,974] {processor.py:153} INFO - Started process (PID=13432) to work on /home/kai/Documents/airflowalura/venv/lib/python3.9/site-packages/airflow/example_dags/example_latest_only_with_trigger.py
[2024-08-12 22:59:17,975] {processor.py:641} INFO - Processing file /home/kai/Documents/airflowalura/venv/lib/python3.9/site-packages/airflow/example_dags/example_latest_only_with_trigger.py for tasks to queue
[2024-08-12 22:59:17,976] {logging_mixin.py:115} INFO - [2024-08-12 22:59:17,976] {dagbag.py:507} INFO - Filling up the DagBag from /home/kai/Documents/airflowalura/venv/lib/python3.9/site-packages/airflow/example_dags/example_latest_only_with_trigger.py
[2024-08-12 22:59:17,982] {processor.py:651} INFO - DAG(s) dict_keys(['latest_only_with_trigger']) retrieved from /home/kai/Documents/airflowalura/venv/lib/python3.9/site-packages/airflow/example_dags/example_latest_only_with_trigger.py
[2024-08-12 22:59:17,997] {logging_mixin.py:115} INFO - [2024-08-12 22:59:17,997] {dag.py:2379} INFO - Sync 1 DAGs
[2024-08-12 22:59:18,011] {logging_mixin.py:115} INFO - [2024-08-12 22:59:18,011] {dag.py:2927} INFO - Setting next_dagrun for latest_only_with_trigger to 2024-08-12T21:59:18.011523+00:00, run_after=2024-08-13T01:59:18.011523+00:00
[2024-08-12 22:59:18,021] {processor.py:161} INFO - Processing /home/kai/Documents/airflowalura/venv/lib/python3.9/site-packages/airflow/example_dags/example_latest_only_with_trigger.py took 0.049 seconds
[2024-08-12 22:59:51,060] {processor.py:153} INFO - Started process (PID=13625) to work on /home/kai/Documents/airflowalura/venv/lib/python3.9/site-packages/airflow/example_dags/example_latest_only_with_trigger.py
[2024-08-12 22:59:51,060] {processor.py:641} INFO - Processing file /home/kai/Documents/airflowalura/venv/lib/python3.9/site-packages/airflow/example_dags/example_latest_only_with_trigger.py for tasks to queue
[2024-08-12 22:59:51,061] {logging_mixin.py:115} INFO - [2024-08-12 22:59:51,061] {dagbag.py:507} INFO - Filling up the DagBag from /home/kai/Documents/airflowalura/venv/lib/python3.9/site-packages/airflow/example_dags/example_latest_only_with_trigger.py
[2024-08-12 22:59:51,066] {processor.py:651} INFO - DAG(s) dict_keys(['latest_only_with_trigger']) retrieved from /home/kai/Documents/airflowalura/venv/lib/python3.9/site-packages/airflow/example_dags/example_latest_only_with_trigger.py
[2024-08-12 22:59:51,081] {logging_mixin.py:115} INFO - [2024-08-12 22:59:51,081] {dag.py:2379} INFO - Sync 1 DAGs
[2024-08-12 22:59:51,095] {logging_mixin.py:115} INFO - [2024-08-12 22:59:51,095] {dag.py:2927} INFO - Setting next_dagrun for latest_only_with_trigger to 2024-08-12T21:59:51.094940+00:00, run_after=2024-08-13T01:59:51.094940+00:00
[2024-08-12 22:59:51,104] {processor.py:161} INFO - Processing /home/kai/Documents/airflowalura/venv/lib/python3.9/site-packages/airflow/example_dags/example_latest_only_with_trigger.py took 0.047 seconds
[2024-08-12 23:00:29,712] {processor.py:153} INFO - Started process (PID=13895) to work on /home/kai/Documents/airflowalura/venv/lib/python3.9/site-packages/airflow/example_dags/example_latest_only_with_trigger.py
[2024-08-12 23:00:29,713] {processor.py:641} INFO - Processing file /home/kai/Documents/airflowalura/venv/lib/python3.9/site-packages/airflow/example_dags/example_latest_only_with_trigger.py for tasks to queue
[2024-08-12 23:00:29,713] {logging_mixin.py:115} INFO - [2024-08-12 23:00:29,713] {dagbag.py:507} INFO - Filling up the DagBag from /home/kai/Documents/airflowalura/venv/lib/python3.9/site-packages/airflow/example_dags/example_latest_only_with_trigger.py
[2024-08-12 23:00:29,718] {processor.py:651} INFO - DAG(s) dict_keys(['latest_only_with_trigger']) retrieved from /home/kai/Documents/airflowalura/venv/lib/python3.9/site-packages/airflow/example_dags/example_latest_only_with_trigger.py
[2024-08-12 23:00:29,732] {logging_mixin.py:115} INFO - [2024-08-12 23:00:29,732] {dag.py:2379} INFO - Sync 1 DAGs
[2024-08-12 23:00:29,746] {logging_mixin.py:115} INFO - [2024-08-12 23:00:29,746] {dag.py:2927} INFO - Setting next_dagrun for latest_only_with_trigger to 2024-08-12T22:00:29.746156+00:00, run_after=2024-08-13T02:00:29.746156+00:00
[2024-08-12 23:00:29,754] {processor.py:161} INFO - Processing /home/kai/Documents/airflowalura/venv/lib/python3.9/site-packages/airflow/example_dags/example_latest_only_with_trigger.py took 0.044 seconds
[2024-08-12 23:01:02,778] {processor.py:153} INFO - Started process (PID=14092) to work on /home/kai/Documents/airflowalura/venv/lib/python3.9/site-packages/airflow/example_dags/example_latest_only_with_trigger.py
[2024-08-12 23:01:02,779] {processor.py:641} INFO - Processing file /home/kai/Documents/airflowalura/venv/lib/python3.9/site-packages/airflow/example_dags/example_latest_only_with_trigger.py for tasks to queue
[2024-08-12 23:01:02,780] {logging_mixin.py:115} INFO - [2024-08-12 23:01:02,780] {dagbag.py:507} INFO - Filling up the DagBag from /home/kai/Documents/airflowalura/venv/lib/python3.9/site-packages/airflow/example_dags/example_latest_only_with_trigger.py
[2024-08-12 23:01:02,784] {processor.py:651} INFO - DAG(s) dict_keys(['latest_only_with_trigger']) retrieved from /home/kai/Documents/airflowalura/venv/lib/python3.9/site-packages/airflow/example_dags/example_latest_only_with_trigger.py
[2024-08-12 23:01:02,801] {logging_mixin.py:115} INFO - [2024-08-12 23:01:02,801] {dag.py:2379} INFO - Sync 1 DAGs
[2024-08-12 23:01:02,814] {logging_mixin.py:115} INFO - [2024-08-12 23:01:02,814] {dag.py:2927} INFO - Setting next_dagrun for latest_only_with_trigger to 2024-08-12T22:01:02.814190+00:00, run_after=2024-08-13T02:01:02.814190+00:00
[2024-08-12 23:01:02,823] {processor.py:161} INFO - Processing /home/kai/Documents/airflowalura/venv/lib/python3.9/site-packages/airflow/example_dags/example_latest_only_with_trigger.py took 0.047 seconds
[2024-08-12 23:01:43,034] {processor.py:153} INFO - Started process (PID=14312) to work on /home/kai/Documents/airflowalura/venv/lib/python3.9/site-packages/airflow/example_dags/example_latest_only_with_trigger.py
[2024-08-12 23:01:43,035] {processor.py:641} INFO - Processing file /home/kai/Documents/airflowalura/venv/lib/python3.9/site-packages/airflow/example_dags/example_latest_only_with_trigger.py for tasks to queue
[2024-08-12 23:01:43,035] {logging_mixin.py:115} INFO - [2024-08-12 23:01:43,035] {dagbag.py:507} INFO - Filling up the DagBag from /home/kai/Documents/airflowalura/venv/lib/python3.9/site-packages/airflow/example_dags/example_latest_only_with_trigger.py
[2024-08-12 23:01:43,040] {processor.py:651} INFO - DAG(s) dict_keys(['latest_only_with_trigger']) retrieved from /home/kai/Documents/airflowalura/venv/lib/python3.9/site-packages/airflow/example_dags/example_latest_only_with_trigger.py
[2024-08-12 23:01:43,055] {logging_mixin.py:115} INFO - [2024-08-12 23:01:43,055] {dag.py:2379} INFO - Sync 1 DAGs
[2024-08-12 23:01:43,068] {logging_mixin.py:115} INFO - [2024-08-12 23:01:43,068] {dag.py:2927} INFO - Setting next_dagrun for latest_only_with_trigger to 2024-08-12T22:01:43.068251+00:00, run_after=2024-08-13T02:01:43.068251+00:00
[2024-08-12 23:01:43,081] {processor.py:161} INFO - Processing /home/kai/Documents/airflowalura/venv/lib/python3.9/site-packages/airflow/example_dags/example_latest_only_with_trigger.py took 0.049 seconds
[2024-08-12 23:02:15,813] {processor.py:153} INFO - Started process (PID=14492) to work on /home/kai/Documents/airflowalura/venv/lib/python3.9/site-packages/airflow/example_dags/example_latest_only_with_trigger.py
[2024-08-12 23:02:15,814] {processor.py:641} INFO - Processing file /home/kai/Documents/airflowalura/venv/lib/python3.9/site-packages/airflow/example_dags/example_latest_only_with_trigger.py for tasks to queue
[2024-08-12 23:02:15,814] {logging_mixin.py:115} INFO - [2024-08-12 23:02:15,814] {dagbag.py:507} INFO - Filling up the DagBag from /home/kai/Documents/airflowalura/venv/lib/python3.9/site-packages/airflow/example_dags/example_latest_only_with_trigger.py
[2024-08-12 23:02:15,820] {processor.py:651} INFO - DAG(s) dict_keys(['latest_only_with_trigger']) retrieved from /home/kai/Documents/airflowalura/venv/lib/python3.9/site-packages/airflow/example_dags/example_latest_only_with_trigger.py
[2024-08-12 23:02:15,836] {logging_mixin.py:115} INFO - [2024-08-12 23:02:15,836] {dag.py:2379} INFO - Sync 1 DAGs
[2024-08-12 23:02:15,849] {logging_mixin.py:115} INFO - [2024-08-12 23:02:15,849] {dag.py:2927} INFO - Setting next_dagrun for latest_only_with_trigger to 2024-08-12T22:02:15.849475+00:00, run_after=2024-08-13T02:02:15.849475+00:00
[2024-08-12 23:02:15,860] {processor.py:161} INFO - Processing /home/kai/Documents/airflowalura/venv/lib/python3.9/site-packages/airflow/example_dags/example_latest_only_with_trigger.py took 0.049 seconds
[2024-08-12 23:02:54,525] {processor.py:153} INFO - Started process (PID=14720) to work on /home/kai/Documents/airflowalura/venv/lib/python3.9/site-packages/airflow/example_dags/example_latest_only_with_trigger.py
[2024-08-12 23:02:54,526] {processor.py:641} INFO - Processing file /home/kai/Documents/airflowalura/venv/lib/python3.9/site-packages/airflow/example_dags/example_latest_only_with_trigger.py for tasks to queue
[2024-08-12 23:02:54,527] {logging_mixin.py:115} INFO - [2024-08-12 23:02:54,527] {dagbag.py:507} INFO - Filling up the DagBag from /home/kai/Documents/airflowalura/venv/lib/python3.9/site-packages/airflow/example_dags/example_latest_only_with_trigger.py
[2024-08-12 23:02:54,532] {processor.py:651} INFO - DAG(s) dict_keys(['latest_only_with_trigger']) retrieved from /home/kai/Documents/airflowalura/venv/lib/python3.9/site-packages/airflow/example_dags/example_latest_only_with_trigger.py
[2024-08-12 23:02:54,550] {logging_mixin.py:115} INFO - [2024-08-12 23:02:54,549] {dag.py:2379} INFO - Sync 1 DAGs
[2024-08-12 23:02:54,566] {logging_mixin.py:115} INFO - [2024-08-12 23:02:54,566] {dag.py:2927} INFO - Setting next_dagrun for latest_only_with_trigger to 2024-08-12T22:02:54.566178+00:00, run_after=2024-08-13T02:02:54.566178+00:00
[2024-08-12 23:02:54,579] {processor.py:161} INFO - Processing /home/kai/Documents/airflowalura/venv/lib/python3.9/site-packages/airflow/example_dags/example_latest_only_with_trigger.py took 0.057 seconds
[2024-08-12 23:03:29,109] {processor.py:153} INFO - Started process (PID=14913) to work on /home/kai/Documents/airflowalura/venv/lib/python3.9/site-packages/airflow/example_dags/example_latest_only_with_trigger.py
[2024-08-12 23:03:29,109] {processor.py:641} INFO - Processing file /home/kai/Documents/airflowalura/venv/lib/python3.9/site-packages/airflow/example_dags/example_latest_only_with_trigger.py for tasks to queue
[2024-08-12 23:03:29,110] {logging_mixin.py:115} INFO - [2024-08-12 23:03:29,110] {dagbag.py:507} INFO - Filling up the DagBag from /home/kai/Documents/airflowalura/venv/lib/python3.9/site-packages/airflow/example_dags/example_latest_only_with_trigger.py
[2024-08-12 23:03:29,114] {processor.py:651} INFO - DAG(s) dict_keys(['latest_only_with_trigger']) retrieved from /home/kai/Documents/airflowalura/venv/lib/python3.9/site-packages/airflow/example_dags/example_latest_only_with_trigger.py
[2024-08-12 23:03:29,129] {logging_mixin.py:115} INFO - [2024-08-12 23:03:29,129] {dag.py:2379} INFO - Sync 1 DAGs
[2024-08-12 23:03:29,143] {logging_mixin.py:115} INFO - [2024-08-12 23:03:29,143] {dag.py:2927} INFO - Setting next_dagrun for latest_only_with_trigger to 2024-08-12T22:03:29.142724+00:00, run_after=2024-08-13T02:03:29.142724+00:00
[2024-08-12 23:03:29,154] {processor.py:161} INFO - Processing /home/kai/Documents/airflowalura/venv/lib/python3.9/site-packages/airflow/example_dags/example_latest_only_with_trigger.py took 0.047 seconds
[2024-08-12 23:04:05,062] {processor.py:153} INFO - Started process (PID=15124) to work on /home/kai/Documents/airflowalura/venv/lib/python3.9/site-packages/airflow/example_dags/example_latest_only_with_trigger.py
[2024-08-12 23:04:05,063] {processor.py:641} INFO - Processing file /home/kai/Documents/airflowalura/venv/lib/python3.9/site-packages/airflow/example_dags/example_latest_only_with_trigger.py for tasks to queue
[2024-08-12 23:04:05,064] {logging_mixin.py:115} INFO - [2024-08-12 23:04:05,063] {dagbag.py:507} INFO - Filling up the DagBag from /home/kai/Documents/airflowalura/venv/lib/python3.9/site-packages/airflow/example_dags/example_latest_only_with_trigger.py
[2024-08-12 23:04:05,071] {processor.py:651} INFO - DAG(s) dict_keys(['latest_only_with_trigger']) retrieved from /home/kai/Documents/airflowalura/venv/lib/python3.9/site-packages/airflow/example_dags/example_latest_only_with_trigger.py
[2024-08-12 23:04:05,088] {logging_mixin.py:115} INFO - [2024-08-12 23:04:05,088] {dag.py:2379} INFO - Sync 1 DAGs
[2024-08-12 23:04:05,102] {logging_mixin.py:115} INFO - [2024-08-12 23:04:05,102] {dag.py:2927} INFO - Setting next_dagrun for latest_only_with_trigger to 2024-08-12T22:04:05.102318+00:00, run_after=2024-08-13T02:04:05.102318+00:00
[2024-08-12 23:04:05,111] {processor.py:161} INFO - Processing /home/kai/Documents/airflowalura/venv/lib/python3.9/site-packages/airflow/example_dags/example_latest_only_with_trigger.py took 0.052 seconds
[2024-08-12 23:04:43,202] {processor.py:153} INFO - Started process (PID=15333) to work on /home/kai/Documents/airflowalura/venv/lib/python3.9/site-packages/airflow/example_dags/example_latest_only_with_trigger.py
[2024-08-12 23:04:43,203] {processor.py:641} INFO - Processing file /home/kai/Documents/airflowalura/venv/lib/python3.9/site-packages/airflow/example_dags/example_latest_only_with_trigger.py for tasks to queue
[2024-08-12 23:04:43,204] {logging_mixin.py:115} INFO - [2024-08-12 23:04:43,203] {dagbag.py:507} INFO - Filling up the DagBag from /home/kai/Documents/airflowalura/venv/lib/python3.9/site-packages/airflow/example_dags/example_latest_only_with_trigger.py
[2024-08-12 23:04:43,208] {processor.py:651} INFO - DAG(s) dict_keys(['latest_only_with_trigger']) retrieved from /home/kai/Documents/airflowalura/venv/lib/python3.9/site-packages/airflow/example_dags/example_latest_only_with_trigger.py
[2024-08-12 23:04:43,224] {logging_mixin.py:115} INFO - [2024-08-12 23:04:43,224] {dag.py:2379} INFO - Sync 1 DAGs
[2024-08-12 23:04:43,237] {logging_mixin.py:115} INFO - [2024-08-12 23:04:43,237] {dag.py:2927} INFO - Setting next_dagrun for latest_only_with_trigger to 2024-08-12T22:04:43.237269+00:00, run_after=2024-08-13T02:04:43.237269+00:00
[2024-08-12 23:04:43,247] {processor.py:161} INFO - Processing /home/kai/Documents/airflowalura/venv/lib/python3.9/site-packages/airflow/example_dags/example_latest_only_with_trigger.py took 0.048 seconds
[2024-08-12 23:05:15,217] {processor.py:153} INFO - Started process (PID=15529) to work on /home/kai/Documents/airflowalura/venv/lib/python3.9/site-packages/airflow/example_dags/example_latest_only_with_trigger.py
[2024-08-12 23:05:15,218] {processor.py:641} INFO - Processing file /home/kai/Documents/airflowalura/venv/lib/python3.9/site-packages/airflow/example_dags/example_latest_only_with_trigger.py for tasks to queue
[2024-08-12 23:05:15,219] {logging_mixin.py:115} INFO - [2024-08-12 23:05:15,219] {dagbag.py:507} INFO - Filling up the DagBag from /home/kai/Documents/airflowalura/venv/lib/python3.9/site-packages/airflow/example_dags/example_latest_only_with_trigger.py
[2024-08-12 23:05:15,224] {processor.py:651} INFO - DAG(s) dict_keys(['latest_only_with_trigger']) retrieved from /home/kai/Documents/airflowalura/venv/lib/python3.9/site-packages/airflow/example_dags/example_latest_only_with_trigger.py
[2024-08-12 23:05:15,240] {logging_mixin.py:115} INFO - [2024-08-12 23:05:15,240] {dag.py:2379} INFO - Sync 1 DAGs
[2024-08-12 23:05:15,254] {logging_mixin.py:115} INFO - [2024-08-12 23:05:15,254] {dag.py:2927} INFO - Setting next_dagrun for latest_only_with_trigger to 2024-08-12T22:05:15.254557+00:00, run_after=2024-08-13T02:05:15.254557+00:00
[2024-08-12 23:05:15,268] {processor.py:161} INFO - Processing /home/kai/Documents/airflowalura/venv/lib/python3.9/site-packages/airflow/example_dags/example_latest_only_with_trigger.py took 0.054 seconds
[2024-08-12 23:05:48,839] {processor.py:153} INFO - Started process (PID=15772) to work on /home/kai/Documents/airflowalura/venv/lib/python3.9/site-packages/airflow/example_dags/example_latest_only_with_trigger.py
[2024-08-12 23:05:48,840] {processor.py:641} INFO - Processing file /home/kai/Documents/airflowalura/venv/lib/python3.9/site-packages/airflow/example_dags/example_latest_only_with_trigger.py for tasks to queue
[2024-08-12 23:05:48,840] {logging_mixin.py:115} INFO - [2024-08-12 23:05:48,840] {dagbag.py:507} INFO - Filling up the DagBag from /home/kai/Documents/airflowalura/venv/lib/python3.9/site-packages/airflow/example_dags/example_latest_only_with_trigger.py
[2024-08-12 23:05:48,849] {processor.py:651} INFO - DAG(s) dict_keys(['latest_only_with_trigger']) retrieved from /home/kai/Documents/airflowalura/venv/lib/python3.9/site-packages/airflow/example_dags/example_latest_only_with_trigger.py
[2024-08-12 23:05:48,861] {logging_mixin.py:115} INFO - [2024-08-12 23:05:48,861] {dag.py:2379} INFO - Sync 1 DAGs
[2024-08-12 23:05:48,876] {logging_mixin.py:115} INFO - [2024-08-12 23:05:48,875] {dag.py:2927} INFO - Setting next_dagrun for latest_only_with_trigger to 2024-08-12T22:05:48.875758+00:00, run_after=2024-08-13T02:05:48.875758+00:00
[2024-08-12 23:05:48,884] {processor.py:161} INFO - Processing /home/kai/Documents/airflowalura/venv/lib/python3.9/site-packages/airflow/example_dags/example_latest_only_with_trigger.py took 0.048 seconds
