[2024-08-12 22:17:59,179] {processor.py:153} INFO - Started process (PID=35389) to work on /home/kai/Documents/airflowalura/venv/lib/python3.9/site-packages/airflow/example_dags/example_latest_only.py
[2024-08-12 22:17:59,179] {processor.py:641} INFO - Processing file /home/kai/Documents/airflowalura/venv/lib/python3.9/site-packages/airflow/example_dags/example_latest_only.py for tasks to queue
[2024-08-12 22:17:59,180] {logging_mixin.py:115} INFO - [2024-08-12 22:17:59,180] {dagbag.py:507} INFO - Filling up the DagBag from /home/kai/Documents/airflowalura/venv/lib/python3.9/site-packages/airflow/example_dags/example_latest_only.py
[2024-08-12 22:17:59,184] {processor.py:651} INFO - DAG(s) dict_keys(['latest_only']) retrieved from /home/kai/Documents/airflowalura/venv/lib/python3.9/site-packages/airflow/example_dags/example_latest_only.py
[2024-08-12 22:17:59,220] {logging_mixin.py:115} INFO - [2024-08-12 22:17:59,220] {dag.py:2379} INFO - Sync 1 DAGs
[2024-08-12 22:17:59,234] {logging_mixin.py:115} INFO - [2024-08-12 22:17:59,234] {dag.py:2927} INFO - Setting next_dagrun for latest_only to 2024-08-12T21:17:59.233937+00:00, run_after=2024-08-13T01:17:59.233937+00:00
[2024-08-12 22:17:59,249] {processor.py:161} INFO - Processing /home/kai/Documents/airflowalura/venv/lib/python3.9/site-packages/airflow/example_dags/example_latest_only.py took 0.072 seconds
[2024-08-12 22:18:41,944] {processor.py:153} INFO - Started process (PID=36164) to work on /home/kai/Documents/airflowalura/venv/lib/python3.9/site-packages/airflow/example_dags/example_latest_only.py
[2024-08-12 22:18:41,945] {processor.py:641} INFO - Processing file /home/kai/Documents/airflowalura/venv/lib/python3.9/site-packages/airflow/example_dags/example_latest_only.py for tasks to queue
[2024-08-12 22:18:41,945] {logging_mixin.py:115} INFO - [2024-08-12 22:18:41,945] {dagbag.py:507} INFO - Filling up the DagBag from /home/kai/Documents/airflowalura/venv/lib/python3.9/site-packages/airflow/example_dags/example_latest_only.py
[2024-08-12 22:18:41,950] {processor.py:651} INFO - DAG(s) dict_keys(['latest_only']) retrieved from /home/kai/Documents/airflowalura/venv/lib/python3.9/site-packages/airflow/example_dags/example_latest_only.py
[2024-08-12 22:18:41,964] {logging_mixin.py:115} INFO - [2024-08-12 22:18:41,964] {dag.py:2379} INFO - Sync 1 DAGs
[2024-08-12 22:18:41,984] {logging_mixin.py:115} INFO - [2024-08-12 22:18:41,984] {dag.py:2927} INFO - Setting next_dagrun for latest_only to 2024-08-12T21:18:41.984128+00:00, run_after=2024-08-13T01:18:41.984128+00:00
[2024-08-12 22:18:41,993] {processor.py:161} INFO - Processing /home/kai/Documents/airflowalura/venv/lib/python3.9/site-packages/airflow/example_dags/example_latest_only.py took 0.052 seconds
[2024-08-12 22:19:15,633] {processor.py:153} INFO - Started process (PID=36441) to work on /home/kai/Documents/airflowalura/venv/lib/python3.9/site-packages/airflow/example_dags/example_latest_only.py
[2024-08-12 22:19:15,634] {processor.py:641} INFO - Processing file /home/kai/Documents/airflowalura/venv/lib/python3.9/site-packages/airflow/example_dags/example_latest_only.py for tasks to queue
[2024-08-12 22:19:15,634] {logging_mixin.py:115} INFO - [2024-08-12 22:19:15,634] {dagbag.py:507} INFO - Filling up the DagBag from /home/kai/Documents/airflowalura/venv/lib/python3.9/site-packages/airflow/example_dags/example_latest_only.py
[2024-08-12 22:19:15,639] {processor.py:651} INFO - DAG(s) dict_keys(['latest_only']) retrieved from /home/kai/Documents/airflowalura/venv/lib/python3.9/site-packages/airflow/example_dags/example_latest_only.py
[2024-08-12 22:19:15,652] {logging_mixin.py:115} INFO - [2024-08-12 22:19:15,652] {dag.py:2379} INFO - Sync 1 DAGs
[2024-08-12 22:19:15,668] {logging_mixin.py:115} INFO - [2024-08-12 22:19:15,668] {dag.py:2927} INFO - Setting next_dagrun for latest_only to 2024-08-12T21:19:15.668298+00:00, run_after=2024-08-13T01:19:15.668298+00:00
[2024-08-12 22:19:15,680] {processor.py:161} INFO - Processing /home/kai/Documents/airflowalura/venv/lib/python3.9/site-packages/airflow/example_dags/example_latest_only.py took 0.049 seconds
[2024-08-12 22:19:49,819] {processor.py:153} INFO - Started process (PID=36651) to work on /home/kai/Documents/airflowalura/venv/lib/python3.9/site-packages/airflow/example_dags/example_latest_only.py
[2024-08-12 22:19:49,819] {processor.py:641} INFO - Processing file /home/kai/Documents/airflowalura/venv/lib/python3.9/site-packages/airflow/example_dags/example_latest_only.py for tasks to queue
[2024-08-12 22:19:49,820] {logging_mixin.py:115} INFO - [2024-08-12 22:19:49,820] {dagbag.py:507} INFO - Filling up the DagBag from /home/kai/Documents/airflowalura/venv/lib/python3.9/site-packages/airflow/example_dags/example_latest_only.py
[2024-08-12 22:19:49,825] {processor.py:651} INFO - DAG(s) dict_keys(['latest_only']) retrieved from /home/kai/Documents/airflowalura/venv/lib/python3.9/site-packages/airflow/example_dags/example_latest_only.py
[2024-08-12 22:19:49,840] {logging_mixin.py:115} INFO - [2024-08-12 22:19:49,840] {dag.py:2379} INFO - Sync 1 DAGs
[2024-08-12 22:19:49,856] {logging_mixin.py:115} INFO - [2024-08-12 22:19:49,856] {dag.py:2927} INFO - Setting next_dagrun for latest_only to 2024-08-12T21:19:49.856044+00:00, run_after=2024-08-13T01:19:49.856044+00:00
[2024-08-12 22:19:49,865] {processor.py:161} INFO - Processing /home/kai/Documents/airflowalura/venv/lib/python3.9/site-packages/airflow/example_dags/example_latest_only.py took 0.049 seconds
[2024-08-12 22:20:22,379] {processor.py:153} INFO - Started process (PID=36867) to work on /home/kai/Documents/airflowalura/venv/lib/python3.9/site-packages/airflow/example_dags/example_latest_only.py
[2024-08-12 22:20:22,380] {processor.py:641} INFO - Processing file /home/kai/Documents/airflowalura/venv/lib/python3.9/site-packages/airflow/example_dags/example_latest_only.py for tasks to queue
[2024-08-12 22:20:22,380] {logging_mixin.py:115} INFO - [2024-08-12 22:20:22,380] {dagbag.py:507} INFO - Filling up the DagBag from /home/kai/Documents/airflowalura/venv/lib/python3.9/site-packages/airflow/example_dags/example_latest_only.py
[2024-08-12 22:20:22,385] {processor.py:651} INFO - DAG(s) dict_keys(['latest_only']) retrieved from /home/kai/Documents/airflowalura/venv/lib/python3.9/site-packages/airflow/example_dags/example_latest_only.py
[2024-08-12 22:20:22,399] {logging_mixin.py:115} INFO - [2024-08-12 22:20:22,398] {dag.py:2379} INFO - Sync 1 DAGs
[2024-08-12 22:20:22,415] {logging_mixin.py:115} INFO - [2024-08-12 22:20:22,415] {dag.py:2927} INFO - Setting next_dagrun for latest_only to 2024-08-12T21:20:22.414813+00:00, run_after=2024-08-13T01:20:22.414813+00:00
[2024-08-12 22:20:22,424] {processor.py:161} INFO - Processing /home/kai/Documents/airflowalura/venv/lib/python3.9/site-packages/airflow/example_dags/example_latest_only.py took 0.048 seconds
[2024-08-12 22:20:56,514] {processor.py:153} INFO - Started process (PID=37083) to work on /home/kai/Documents/airflowalura/venv/lib/python3.9/site-packages/airflow/example_dags/example_latest_only.py
[2024-08-12 22:20:56,515] {processor.py:641} INFO - Processing file /home/kai/Documents/airflowalura/venv/lib/python3.9/site-packages/airflow/example_dags/example_latest_only.py for tasks to queue
[2024-08-12 22:20:56,516] {logging_mixin.py:115} INFO - [2024-08-12 22:20:56,516] {dagbag.py:507} INFO - Filling up the DagBag from /home/kai/Documents/airflowalura/venv/lib/python3.9/site-packages/airflow/example_dags/example_latest_only.py
[2024-08-12 22:20:56,520] {processor.py:651} INFO - DAG(s) dict_keys(['latest_only']) retrieved from /home/kai/Documents/airflowalura/venv/lib/python3.9/site-packages/airflow/example_dags/example_latest_only.py
[2024-08-12 22:20:56,534] {logging_mixin.py:115} INFO - [2024-08-12 22:20:56,534] {dag.py:2379} INFO - Sync 1 DAGs
[2024-08-12 22:20:56,553] {logging_mixin.py:115} INFO - [2024-08-12 22:20:56,553] {dag.py:2927} INFO - Setting next_dagrun for latest_only to 2024-08-12T21:20:56.553271+00:00, run_after=2024-08-13T01:20:56.553271+00:00
[2024-08-12 22:20:56,562] {processor.py:161} INFO - Processing /home/kai/Documents/airflowalura/venv/lib/python3.9/site-packages/airflow/example_dags/example_latest_only.py took 0.050 seconds
[2024-08-12 22:21:32,795] {processor.py:153} INFO - Started process (PID=37431) to work on /home/kai/Documents/airflowalura/venv/lib/python3.9/site-packages/airflow/example_dags/example_latest_only.py
[2024-08-12 22:21:32,796] {processor.py:641} INFO - Processing file /home/kai/Documents/airflowalura/venv/lib/python3.9/site-packages/airflow/example_dags/example_latest_only.py for tasks to queue
[2024-08-12 22:21:32,796] {logging_mixin.py:115} INFO - [2024-08-12 22:21:32,796] {dagbag.py:507} INFO - Filling up the DagBag from /home/kai/Documents/airflowalura/venv/lib/python3.9/site-packages/airflow/example_dags/example_latest_only.py
[2024-08-12 22:21:32,802] {processor.py:651} INFO - DAG(s) dict_keys(['latest_only']) retrieved from /home/kai/Documents/airflowalura/venv/lib/python3.9/site-packages/airflow/example_dags/example_latest_only.py
[2024-08-12 22:21:32,821] {logging_mixin.py:115} INFO - [2024-08-12 22:21:32,820] {dag.py:2379} INFO - Sync 1 DAGs
[2024-08-12 22:21:32,841] {logging_mixin.py:115} INFO - [2024-08-12 22:21:32,841] {dag.py:2927} INFO - Setting next_dagrun for latest_only to 2024-08-12T21:21:32.841159+00:00, run_after=2024-08-13T01:21:32.841159+00:00
[2024-08-12 22:21:32,853] {processor.py:161} INFO - Processing /home/kai/Documents/airflowalura/venv/lib/python3.9/site-packages/airflow/example_dags/example_latest_only.py took 0.061 seconds
[2024-08-12 22:24:44,965] {processor.py:153} INFO - Started process (PID=39197) to work on /home/kai/Documents/airflowalura/venv/lib/python3.9/site-packages/airflow/example_dags/example_latest_only.py
[2024-08-12 22:24:44,969] {processor.py:641} INFO - Processing file /home/kai/Documents/airflowalura/venv/lib/python3.9/site-packages/airflow/example_dags/example_latest_only.py for tasks to queue
[2024-08-12 22:24:44,970] {logging_mixin.py:115} INFO - [2024-08-12 22:24:44,970] {dagbag.py:507} INFO - Filling up the DagBag from /home/kai/Documents/airflowalura/venv/lib/python3.9/site-packages/airflow/example_dags/example_latest_only.py
[2024-08-12 22:24:44,984] {processor.py:651} INFO - DAG(s) dict_keys(['latest_only']) retrieved from /home/kai/Documents/airflowalura/venv/lib/python3.9/site-packages/airflow/example_dags/example_latest_only.py
[2024-08-12 22:24:45,010] {logging_mixin.py:115} INFO - [2024-08-12 22:24:45,010] {dag.py:2379} INFO - Sync 1 DAGs
[2024-08-12 22:24:45,044] {logging_mixin.py:115} INFO - [2024-08-12 22:24:45,044] {dag.py:2927} INFO - Setting next_dagrun for latest_only to 2024-08-12T21:24:45.042530+00:00, run_after=2024-08-13T01:24:45.042530+00:00
[2024-08-12 22:24:45,063] {processor.py:161} INFO - Processing /home/kai/Documents/airflowalura/venv/lib/python3.9/site-packages/airflow/example_dags/example_latest_only.py took 0.105 seconds
[2024-08-12 22:25:21,486] {processor.py:153} INFO - Started process (PID=39503) to work on /home/kai/Documents/airflowalura/venv/lib/python3.9/site-packages/airflow/example_dags/example_latest_only.py
[2024-08-12 22:25:21,488] {processor.py:641} INFO - Processing file /home/kai/Documents/airflowalura/venv/lib/python3.9/site-packages/airflow/example_dags/example_latest_only.py for tasks to queue
[2024-08-12 22:25:21,489] {logging_mixin.py:115} INFO - [2024-08-12 22:25:21,489] {dagbag.py:507} INFO - Filling up the DagBag from /home/kai/Documents/airflowalura/venv/lib/python3.9/site-packages/airflow/example_dags/example_latest_only.py
[2024-08-12 22:25:21,504] {processor.py:651} INFO - DAG(s) dict_keys(['latest_only']) retrieved from /home/kai/Documents/airflowalura/venv/lib/python3.9/site-packages/airflow/example_dags/example_latest_only.py
[2024-08-12 22:25:21,525] {logging_mixin.py:115} INFO - [2024-08-12 22:25:21,525] {dag.py:2379} INFO - Sync 1 DAGs
[2024-08-12 22:25:21,558] {logging_mixin.py:115} INFO - [2024-08-12 22:25:21,558] {dag.py:2927} INFO - Setting next_dagrun for latest_only to 2024-08-12T21:25:21.557431+00:00, run_after=2024-08-13T01:25:21.557431+00:00
[2024-08-12 22:25:21,575] {processor.py:161} INFO - Processing /home/kai/Documents/airflowalura/venv/lib/python3.9/site-packages/airflow/example_dags/example_latest_only.py took 0.093 seconds
[2024-08-12 22:25:57,011] {processor.py:153} INFO - Started process (PID=39822) to work on /home/kai/Documents/airflowalura/venv/lib/python3.9/site-packages/airflow/example_dags/example_latest_only.py
[2024-08-12 22:25:57,013] {processor.py:641} INFO - Processing file /home/kai/Documents/airflowalura/venv/lib/python3.9/site-packages/airflow/example_dags/example_latest_only.py for tasks to queue
[2024-08-12 22:25:57,013] {logging_mixin.py:115} INFO - [2024-08-12 22:25:57,013] {dagbag.py:507} INFO - Filling up the DagBag from /home/kai/Documents/airflowalura/venv/lib/python3.9/site-packages/airflow/example_dags/example_latest_only.py
[2024-08-12 22:25:57,019] {processor.py:651} INFO - DAG(s) dict_keys(['latest_only']) retrieved from /home/kai/Documents/airflowalura/venv/lib/python3.9/site-packages/airflow/example_dags/example_latest_only.py
[2024-08-12 22:25:57,040] {logging_mixin.py:115} INFO - [2024-08-12 22:25:57,040] {dag.py:2379} INFO - Sync 1 DAGs
[2024-08-12 22:25:57,073] {logging_mixin.py:115} INFO - [2024-08-12 22:25:57,073] {dag.py:2927} INFO - Setting next_dagrun for latest_only to 2024-08-12T21:25:57.073100+00:00, run_after=2024-08-13T01:25:57.073100+00:00
[2024-08-12 22:25:57,090] {processor.py:161} INFO - Processing /home/kai/Documents/airflowalura/venv/lib/python3.9/site-packages/airflow/example_dags/example_latest_only.py took 0.082 seconds
[2024-08-12 22:26:33,595] {processor.py:153} INFO - Started process (PID=40391) to work on /home/kai/Documents/airflowalura/venv/lib/python3.9/site-packages/airflow/example_dags/example_latest_only.py
[2024-08-12 22:26:33,604] {processor.py:641} INFO - Processing file /home/kai/Documents/airflowalura/venv/lib/python3.9/site-packages/airflow/example_dags/example_latest_only.py for tasks to queue
[2024-08-12 22:26:33,605] {logging_mixin.py:115} INFO - [2024-08-12 22:26:33,605] {dagbag.py:507} INFO - Filling up the DagBag from /home/kai/Documents/airflowalura/venv/lib/python3.9/site-packages/airflow/example_dags/example_latest_only.py
[2024-08-12 22:26:33,616] {processor.py:651} INFO - DAG(s) dict_keys(['latest_only']) retrieved from /home/kai/Documents/airflowalura/venv/lib/python3.9/site-packages/airflow/example_dags/example_latest_only.py
[2024-08-12 22:26:33,639] {logging_mixin.py:115} INFO - [2024-08-12 22:26:33,639] {dag.py:2379} INFO - Sync 1 DAGs
[2024-08-12 22:26:33,663] {logging_mixin.py:115} INFO - [2024-08-12 22:26:33,663] {dag.py:2927} INFO - Setting next_dagrun for latest_only to 2024-08-12T21:26:33.663293+00:00, run_after=2024-08-13T01:26:33.663293+00:00
[2024-08-12 22:26:33,682] {processor.py:161} INFO - Processing /home/kai/Documents/airflowalura/venv/lib/python3.9/site-packages/airflow/example_dags/example_latest_only.py took 0.089 seconds
[2024-08-12 22:27:08,259] {processor.py:153} INFO - Started process (PID=40665) to work on /home/kai/Documents/airflowalura/venv/lib/python3.9/site-packages/airflow/example_dags/example_latest_only.py
[2024-08-12 22:27:08,264] {processor.py:641} INFO - Processing file /home/kai/Documents/airflowalura/venv/lib/python3.9/site-packages/airflow/example_dags/example_latest_only.py for tasks to queue
[2024-08-12 22:27:08,265] {logging_mixin.py:115} INFO - [2024-08-12 22:27:08,264] {dagbag.py:507} INFO - Filling up the DagBag from /home/kai/Documents/airflowalura/venv/lib/python3.9/site-packages/airflow/example_dags/example_latest_only.py
[2024-08-12 22:27:08,270] {processor.py:651} INFO - DAG(s) dict_keys(['latest_only']) retrieved from /home/kai/Documents/airflowalura/venv/lib/python3.9/site-packages/airflow/example_dags/example_latest_only.py
[2024-08-12 22:27:08,286] {logging_mixin.py:115} INFO - [2024-08-12 22:27:08,286] {dag.py:2379} INFO - Sync 1 DAGs
[2024-08-12 22:27:08,308] {logging_mixin.py:115} INFO - [2024-08-12 22:27:08,308] {dag.py:2927} INFO - Setting next_dagrun for latest_only to 2024-08-12T21:27:08.307882+00:00, run_after=2024-08-13T01:27:08.307882+00:00
[2024-08-12 22:27:08,322] {processor.py:161} INFO - Processing /home/kai/Documents/airflowalura/venv/lib/python3.9/site-packages/airflow/example_dags/example_latest_only.py took 0.068 seconds
[2024-08-12 22:27:44,274] {processor.py:153} INFO - Started process (PID=40962) to work on /home/kai/Documents/airflowalura/venv/lib/python3.9/site-packages/airflow/example_dags/example_latest_only.py
[2024-08-12 22:27:44,275] {processor.py:641} INFO - Processing file /home/kai/Documents/airflowalura/venv/lib/python3.9/site-packages/airflow/example_dags/example_latest_only.py for tasks to queue
[2024-08-12 22:27:44,276] {logging_mixin.py:115} INFO - [2024-08-12 22:27:44,276] {dagbag.py:507} INFO - Filling up the DagBag from /home/kai/Documents/airflowalura/venv/lib/python3.9/site-packages/airflow/example_dags/example_latest_only.py
[2024-08-12 22:27:44,293] {processor.py:651} INFO - DAG(s) dict_keys(['latest_only']) retrieved from /home/kai/Documents/airflowalura/venv/lib/python3.9/site-packages/airflow/example_dags/example_latest_only.py
[2024-08-12 22:27:44,316] {logging_mixin.py:115} INFO - [2024-08-12 22:27:44,315] {dag.py:2379} INFO - Sync 1 DAGs
[2024-08-12 22:27:44,344] {logging_mixin.py:115} INFO - [2024-08-12 22:27:44,344] {dag.py:2927} INFO - Setting next_dagrun for latest_only to 2024-08-12T21:27:44.343787+00:00, run_after=2024-08-13T01:27:44.343787+00:00
[2024-08-12 22:27:44,361] {processor.py:161} INFO - Processing /home/kai/Documents/airflowalura/venv/lib/python3.9/site-packages/airflow/example_dags/example_latest_only.py took 0.092 seconds
[2024-08-12 22:28:45,307] {processor.py:153} INFO - Started process (PID=41697) to work on /home/kai/Documents/airflowalura/venv/lib/python3.9/site-packages/airflow/example_dags/example_latest_only.py
[2024-08-12 22:28:45,313] {processor.py:641} INFO - Processing file /home/kai/Documents/airflowalura/venv/lib/python3.9/site-packages/airflow/example_dags/example_latest_only.py for tasks to queue
[2024-08-12 22:28:45,313] {logging_mixin.py:115} INFO - [2024-08-12 22:28:45,313] {dagbag.py:507} INFO - Filling up the DagBag from /home/kai/Documents/airflowalura/venv/lib/python3.9/site-packages/airflow/example_dags/example_latest_only.py
[2024-08-12 22:28:45,321] {processor.py:651} INFO - DAG(s) dict_keys(['latest_only']) retrieved from /home/kai/Documents/airflowalura/venv/lib/python3.9/site-packages/airflow/example_dags/example_latest_only.py
[2024-08-12 22:28:45,345] {logging_mixin.py:115} INFO - [2024-08-12 22:28:45,344] {dag.py:2379} INFO - Sync 1 DAGs
[2024-08-12 22:28:45,369] {logging_mixin.py:115} INFO - [2024-08-12 22:28:45,369] {dag.py:2927} INFO - Setting next_dagrun for latest_only to 2024-08-12T21:28:45.368418+00:00, run_after=2024-08-13T01:28:45.368418+00:00
[2024-08-12 22:28:45,396] {processor.py:161} INFO - Processing /home/kai/Documents/airflowalura/venv/lib/python3.9/site-packages/airflow/example_dags/example_latest_only.py took 0.092 seconds
[2024-08-12 22:35:35,068] {processor.py:153} INFO - Started process (PID=3312) to work on /home/kai/Documents/airflowalura/venv/lib/python3.9/site-packages/airflow/example_dags/example_latest_only.py
[2024-08-12 22:35:35,068] {processor.py:641} INFO - Processing file /home/kai/Documents/airflowalura/venv/lib/python3.9/site-packages/airflow/example_dags/example_latest_only.py for tasks to queue
[2024-08-12 22:35:35,069] {logging_mixin.py:115} INFO - [2024-08-12 22:35:35,069] {dagbag.py:507} INFO - Filling up the DagBag from /home/kai/Documents/airflowalura/venv/lib/python3.9/site-packages/airflow/example_dags/example_latest_only.py
[2024-08-12 22:35:35,074] {processor.py:651} INFO - DAG(s) dict_keys(['latest_only']) retrieved from /home/kai/Documents/airflowalura/venv/lib/python3.9/site-packages/airflow/example_dags/example_latest_only.py
[2024-08-12 22:35:35,087] {logging_mixin.py:115} INFO - [2024-08-12 22:35:35,087] {dag.py:2379} INFO - Sync 1 DAGs
[2024-08-12 22:35:35,105] {logging_mixin.py:115} INFO - [2024-08-12 22:35:35,105] {dag.py:2927} INFO - Setting next_dagrun for latest_only to 2024-08-12T21:35:35.105508+00:00, run_after=2024-08-13T01:35:35.105508+00:00
[2024-08-12 22:35:35,115] {processor.py:161} INFO - Processing /home/kai/Documents/airflowalura/venv/lib/python3.9/site-packages/airflow/example_dags/example_latest_only.py took 0.050 seconds
[2024-08-12 22:36:10,406] {processor.py:153} INFO - Started process (PID=3908) to work on /home/kai/Documents/airflowalura/venv/lib/python3.9/site-packages/airflow/example_dags/example_latest_only.py
[2024-08-12 22:36:10,408] {processor.py:641} INFO - Processing file /home/kai/Documents/airflowalura/venv/lib/python3.9/site-packages/airflow/example_dags/example_latest_only.py for tasks to queue
[2024-08-12 22:36:10,408] {logging_mixin.py:115} INFO - [2024-08-12 22:36:10,408] {dagbag.py:507} INFO - Filling up the DagBag from /home/kai/Documents/airflowalura/venv/lib/python3.9/site-packages/airflow/example_dags/example_latest_only.py
[2024-08-12 22:36:10,415] {processor.py:651} INFO - DAG(s) dict_keys(['latest_only']) retrieved from /home/kai/Documents/airflowalura/venv/lib/python3.9/site-packages/airflow/example_dags/example_latest_only.py
[2024-08-12 22:36:10,461] {logging_mixin.py:115} INFO - [2024-08-12 22:36:10,461] {dag.py:2379} INFO - Sync 1 DAGs
[2024-08-12 22:36:10,490] {logging_mixin.py:115} INFO - [2024-08-12 22:36:10,490] {dag.py:2927} INFO - Setting next_dagrun for latest_only to 2024-08-12T21:36:10.489530+00:00, run_after=2024-08-13T01:36:10.489530+00:00
[2024-08-12 22:36:10,505] {processor.py:161} INFO - Processing /home/kai/Documents/airflowalura/venv/lib/python3.9/site-packages/airflow/example_dags/example_latest_only.py took 0.102 seconds
[2024-08-12 22:36:44,136] {processor.py:153} INFO - Started process (PID=4099) to work on /home/kai/Documents/airflowalura/venv/lib/python3.9/site-packages/airflow/example_dags/example_latest_only.py
[2024-08-12 22:36:44,137] {processor.py:641} INFO - Processing file /home/kai/Documents/airflowalura/venv/lib/python3.9/site-packages/airflow/example_dags/example_latest_only.py for tasks to queue
[2024-08-12 22:36:44,137] {logging_mixin.py:115} INFO - [2024-08-12 22:36:44,137] {dagbag.py:507} INFO - Filling up the DagBag from /home/kai/Documents/airflowalura/venv/lib/python3.9/site-packages/airflow/example_dags/example_latest_only.py
[2024-08-12 22:36:44,141] {processor.py:651} INFO - DAG(s) dict_keys(['latest_only']) retrieved from /home/kai/Documents/airflowalura/venv/lib/python3.9/site-packages/airflow/example_dags/example_latest_only.py
[2024-08-12 22:36:44,155] {logging_mixin.py:115} INFO - [2024-08-12 22:36:44,155] {dag.py:2379} INFO - Sync 1 DAGs
[2024-08-12 22:36:44,173] {logging_mixin.py:115} INFO - [2024-08-12 22:36:44,173] {dag.py:2927} INFO - Setting next_dagrun for latest_only to 2024-08-12T21:36:44.173020+00:00, run_after=2024-08-13T01:36:44.173020+00:00
[2024-08-12 22:36:44,183] {processor.py:161} INFO - Processing /home/kai/Documents/airflowalura/venv/lib/python3.9/site-packages/airflow/example_dags/example_latest_only.py took 0.049 seconds
[2024-08-12 22:37:16,257] {processor.py:153} INFO - Started process (PID=4329) to work on /home/kai/Documents/airflowalura/venv/lib/python3.9/site-packages/airflow/example_dags/example_latest_only.py
[2024-08-12 22:37:16,258] {processor.py:641} INFO - Processing file /home/kai/Documents/airflowalura/venv/lib/python3.9/site-packages/airflow/example_dags/example_latest_only.py for tasks to queue
[2024-08-12 22:37:16,259] {logging_mixin.py:115} INFO - [2024-08-12 22:37:16,259] {dagbag.py:507} INFO - Filling up the DagBag from /home/kai/Documents/airflowalura/venv/lib/python3.9/site-packages/airflow/example_dags/example_latest_only.py
[2024-08-12 22:37:16,266] {processor.py:651} INFO - DAG(s) dict_keys(['latest_only']) retrieved from /home/kai/Documents/airflowalura/venv/lib/python3.9/site-packages/airflow/example_dags/example_latest_only.py
[2024-08-12 22:37:16,291] {logging_mixin.py:115} INFO - [2024-08-12 22:37:16,291] {dag.py:2379} INFO - Sync 1 DAGs
[2024-08-12 22:37:16,318] {logging_mixin.py:115} INFO - [2024-08-12 22:37:16,318] {dag.py:2927} INFO - Setting next_dagrun for latest_only to 2024-08-12T21:37:16.318028+00:00, run_after=2024-08-13T01:37:16.318028+00:00
[2024-08-12 22:37:16,336] {processor.py:161} INFO - Processing /home/kai/Documents/airflowalura/venv/lib/python3.9/site-packages/airflow/example_dags/example_latest_only.py took 0.083 seconds
[2024-08-12 22:37:50,807] {processor.py:153} INFO - Started process (PID=4744) to work on /home/kai/Documents/airflowalura/venv/lib/python3.9/site-packages/airflow/example_dags/example_latest_only.py
[2024-08-12 22:37:50,808] {processor.py:641} INFO - Processing file /home/kai/Documents/airflowalura/venv/lib/python3.9/site-packages/airflow/example_dags/example_latest_only.py for tasks to queue
[2024-08-12 22:37:50,809] {logging_mixin.py:115} INFO - [2024-08-12 22:37:50,808] {dagbag.py:507} INFO - Filling up the DagBag from /home/kai/Documents/airflowalura/venv/lib/python3.9/site-packages/airflow/example_dags/example_latest_only.py
[2024-08-12 22:37:50,813] {processor.py:651} INFO - DAG(s) dict_keys(['latest_only']) retrieved from /home/kai/Documents/airflowalura/venv/lib/python3.9/site-packages/airflow/example_dags/example_latest_only.py
[2024-08-12 22:37:50,826] {logging_mixin.py:115} INFO - [2024-08-12 22:37:50,826] {dag.py:2379} INFO - Sync 1 DAGs
[2024-08-12 22:37:50,845] {logging_mixin.py:115} INFO - [2024-08-12 22:37:50,845] {dag.py:2927} INFO - Setting next_dagrun for latest_only to 2024-08-12T21:37:50.844938+00:00, run_after=2024-08-13T01:37:50.844938+00:00
[2024-08-12 22:37:50,855] {processor.py:161} INFO - Processing /home/kai/Documents/airflowalura/venv/lib/python3.9/site-packages/airflow/example_dags/example_latest_only.py took 0.050 seconds
[2024-08-12 22:38:28,339] {processor.py:153} INFO - Started process (PID=5060) to work on /home/kai/Documents/airflowalura/venv/lib/python3.9/site-packages/airflow/example_dags/example_latest_only.py
[2024-08-12 22:38:28,340] {processor.py:641} INFO - Processing file /home/kai/Documents/airflowalura/venv/lib/python3.9/site-packages/airflow/example_dags/example_latest_only.py for tasks to queue
[2024-08-12 22:38:28,340] {logging_mixin.py:115} INFO - [2024-08-12 22:38:28,340] {dagbag.py:507} INFO - Filling up the DagBag from /home/kai/Documents/airflowalura/venv/lib/python3.9/site-packages/airflow/example_dags/example_latest_only.py
[2024-08-12 22:38:28,346] {processor.py:651} INFO - DAG(s) dict_keys(['latest_only']) retrieved from /home/kai/Documents/airflowalura/venv/lib/python3.9/site-packages/airflow/example_dags/example_latest_only.py
[2024-08-12 22:38:28,360] {logging_mixin.py:115} INFO - [2024-08-12 22:38:28,360] {dag.py:2379} INFO - Sync 1 DAGs
[2024-08-12 22:38:28,377] {logging_mixin.py:115} INFO - [2024-08-12 22:38:28,377] {dag.py:2927} INFO - Setting next_dagrun for latest_only to 2024-08-12T21:38:28.377024+00:00, run_after=2024-08-13T01:38:28.377024+00:00
[2024-08-12 22:38:28,386] {processor.py:161} INFO - Processing /home/kai/Documents/airflowalura/venv/lib/python3.9/site-packages/airflow/example_dags/example_latest_only.py took 0.050 seconds
[2024-08-12 22:39:00,553] {processor.py:153} INFO - Started process (PID=5355) to work on /home/kai/Documents/airflowalura/venv/lib/python3.9/site-packages/airflow/example_dags/example_latest_only.py
[2024-08-12 22:39:00,554] {processor.py:641} INFO - Processing file /home/kai/Documents/airflowalura/venv/lib/python3.9/site-packages/airflow/example_dags/example_latest_only.py for tasks to queue
[2024-08-12 22:39:00,555] {logging_mixin.py:115} INFO - [2024-08-12 22:39:00,555] {dagbag.py:507} INFO - Filling up the DagBag from /home/kai/Documents/airflowalura/venv/lib/python3.9/site-packages/airflow/example_dags/example_latest_only.py
[2024-08-12 22:39:00,560] {processor.py:651} INFO - DAG(s) dict_keys(['latest_only']) retrieved from /home/kai/Documents/airflowalura/venv/lib/python3.9/site-packages/airflow/example_dags/example_latest_only.py
[2024-08-12 22:39:00,577] {logging_mixin.py:115} INFO - [2024-08-12 22:39:00,577] {dag.py:2379} INFO - Sync 1 DAGs
[2024-08-12 22:39:00,596] {logging_mixin.py:115} INFO - [2024-08-12 22:39:00,596] {dag.py:2927} INFO - Setting next_dagrun for latest_only to 2024-08-12T21:39:00.596317+00:00, run_after=2024-08-13T01:39:00.596317+00:00
[2024-08-12 22:39:00,607] {processor.py:161} INFO - Processing /home/kai/Documents/airflowalura/venv/lib/python3.9/site-packages/airflow/example_dags/example_latest_only.py took 0.056 seconds
[2024-08-12 22:39:37,602] {processor.py:153} INFO - Started process (PID=5661) to work on /home/kai/Documents/airflowalura/venv/lib/python3.9/site-packages/airflow/example_dags/example_latest_only.py
[2024-08-12 22:39:37,603] {processor.py:641} INFO - Processing file /home/kai/Documents/airflowalura/venv/lib/python3.9/site-packages/airflow/example_dags/example_latest_only.py for tasks to queue
[2024-08-12 22:39:37,603] {logging_mixin.py:115} INFO - [2024-08-12 22:39:37,603] {dagbag.py:507} INFO - Filling up the DagBag from /home/kai/Documents/airflowalura/venv/lib/python3.9/site-packages/airflow/example_dags/example_latest_only.py
[2024-08-12 22:39:37,607] {processor.py:651} INFO - DAG(s) dict_keys(['latest_only']) retrieved from /home/kai/Documents/airflowalura/venv/lib/python3.9/site-packages/airflow/example_dags/example_latest_only.py
[2024-08-12 22:39:37,620] {logging_mixin.py:115} INFO - [2024-08-12 22:39:37,620] {dag.py:2379} INFO - Sync 1 DAGs
[2024-08-12 22:39:37,639] {logging_mixin.py:115} INFO - [2024-08-12 22:39:37,639] {dag.py:2927} INFO - Setting next_dagrun for latest_only to 2024-08-12T21:39:37.639022+00:00, run_after=2024-08-13T01:39:37.639022+00:00
[2024-08-12 22:39:37,650] {processor.py:161} INFO - Processing /home/kai/Documents/airflowalura/venv/lib/python3.9/site-packages/airflow/example_dags/example_latest_only.py took 0.050 seconds
[2024-08-12 22:40:11,791] {processor.py:153} INFO - Started process (PID=6011) to work on /home/kai/Documents/airflowalura/venv/lib/python3.9/site-packages/airflow/example_dags/example_latest_only.py
[2024-08-12 22:40:11,792] {processor.py:641} INFO - Processing file /home/kai/Documents/airflowalura/venv/lib/python3.9/site-packages/airflow/example_dags/example_latest_only.py for tasks to queue
[2024-08-12 22:40:11,793] {logging_mixin.py:115} INFO - [2024-08-12 22:40:11,793] {dagbag.py:507} INFO - Filling up the DagBag from /home/kai/Documents/airflowalura/venv/lib/python3.9/site-packages/airflow/example_dags/example_latest_only.py
[2024-08-12 22:40:11,799] {processor.py:651} INFO - DAG(s) dict_keys(['latest_only']) retrieved from /home/kai/Documents/airflowalura/venv/lib/python3.9/site-packages/airflow/example_dags/example_latest_only.py
[2024-08-12 22:40:11,817] {logging_mixin.py:115} INFO - [2024-08-12 22:40:11,817] {dag.py:2379} INFO - Sync 1 DAGs
[2024-08-12 22:40:11,839] {logging_mixin.py:115} INFO - [2024-08-12 22:40:11,839] {dag.py:2927} INFO - Setting next_dagrun for latest_only to 2024-08-12T21:40:11.838897+00:00, run_after=2024-08-13T01:40:11.838897+00:00
[2024-08-12 22:40:11,849] {processor.py:161} INFO - Processing /home/kai/Documents/airflowalura/venv/lib/python3.9/site-packages/airflow/example_dags/example_latest_only.py took 0.061 seconds
[2024-08-12 22:40:44,340] {processor.py:153} INFO - Started process (PID=6306) to work on /home/kai/Documents/airflowalura/venv/lib/python3.9/site-packages/airflow/example_dags/example_latest_only.py
[2024-08-12 22:40:44,341] {processor.py:641} INFO - Processing file /home/kai/Documents/airflowalura/venv/lib/python3.9/site-packages/airflow/example_dags/example_latest_only.py for tasks to queue
[2024-08-12 22:40:44,341] {logging_mixin.py:115} INFO - [2024-08-12 22:40:44,341] {dagbag.py:507} INFO - Filling up the DagBag from /home/kai/Documents/airflowalura/venv/lib/python3.9/site-packages/airflow/example_dags/example_latest_only.py
[2024-08-12 22:40:44,346] {processor.py:651} INFO - DAG(s) dict_keys(['latest_only']) retrieved from /home/kai/Documents/airflowalura/venv/lib/python3.9/site-packages/airflow/example_dags/example_latest_only.py
[2024-08-12 22:40:44,361] {logging_mixin.py:115} INFO - [2024-08-12 22:40:44,360] {dag.py:2379} INFO - Sync 1 DAGs
[2024-08-12 22:40:44,377] {logging_mixin.py:115} INFO - [2024-08-12 22:40:44,377] {dag.py:2927} INFO - Setting next_dagrun for latest_only to 2024-08-12T21:40:44.376938+00:00, run_after=2024-08-13T01:40:44.376938+00:00
[2024-08-12 22:40:44,387] {processor.py:161} INFO - Processing /home/kai/Documents/airflowalura/venv/lib/python3.9/site-packages/airflow/example_dags/example_latest_only.py took 0.050 seconds
[2024-08-12 22:41:18,908] {processor.py:153} INFO - Started process (PID=6564) to work on /home/kai/Documents/airflowalura/venv/lib/python3.9/site-packages/airflow/example_dags/example_latest_only.py
[2024-08-12 22:41:18,909] {processor.py:641} INFO - Processing file /home/kai/Documents/airflowalura/venv/lib/python3.9/site-packages/airflow/example_dags/example_latest_only.py for tasks to queue
[2024-08-12 22:41:18,910] {logging_mixin.py:115} INFO - [2024-08-12 22:41:18,910] {dagbag.py:507} INFO - Filling up the DagBag from /home/kai/Documents/airflowalura/venv/lib/python3.9/site-packages/airflow/example_dags/example_latest_only.py
[2024-08-12 22:41:18,917] {processor.py:651} INFO - DAG(s) dict_keys(['latest_only']) retrieved from /home/kai/Documents/airflowalura/venv/lib/python3.9/site-packages/airflow/example_dags/example_latest_only.py
[2024-08-12 22:41:18,936] {logging_mixin.py:115} INFO - [2024-08-12 22:41:18,936] {dag.py:2379} INFO - Sync 1 DAGs
[2024-08-12 22:41:18,954] {logging_mixin.py:115} INFO - [2024-08-12 22:41:18,953] {dag.py:2927} INFO - Setting next_dagrun for latest_only to 2024-08-12T21:41:18.953617+00:00, run_after=2024-08-13T01:41:18.953617+00:00
[2024-08-12 22:41:18,968] {processor.py:161} INFO - Processing /home/kai/Documents/airflowalura/venv/lib/python3.9/site-packages/airflow/example_dags/example_latest_only.py took 0.063 seconds
[2024-08-12 22:41:54,963] {processor.py:153} INFO - Started process (PID=7073) to work on /home/kai/Documents/airflowalura/venv/lib/python3.9/site-packages/airflow/example_dags/example_latest_only.py
[2024-08-12 22:41:54,963] {processor.py:641} INFO - Processing file /home/kai/Documents/airflowalura/venv/lib/python3.9/site-packages/airflow/example_dags/example_latest_only.py for tasks to queue
[2024-08-12 22:41:54,964] {logging_mixin.py:115} INFO - [2024-08-12 22:41:54,964] {dagbag.py:507} INFO - Filling up the DagBag from /home/kai/Documents/airflowalura/venv/lib/python3.9/site-packages/airflow/example_dags/example_latest_only.py
[2024-08-12 22:41:54,971] {processor.py:651} INFO - DAG(s) dict_keys(['latest_only']) retrieved from /home/kai/Documents/airflowalura/venv/lib/python3.9/site-packages/airflow/example_dags/example_latest_only.py
[2024-08-12 22:41:54,993] {logging_mixin.py:115} INFO - [2024-08-12 22:41:54,992] {dag.py:2379} INFO - Sync 1 DAGs
[2024-08-12 22:41:55,014] {logging_mixin.py:115} INFO - [2024-08-12 22:41:55,014] {dag.py:2927} INFO - Setting next_dagrun for latest_only to 2024-08-12T21:41:55.013960+00:00, run_after=2024-08-13T01:41:55.013960+00:00
[2024-08-12 22:41:55,031] {processor.py:161} INFO - Processing /home/kai/Documents/airflowalura/venv/lib/python3.9/site-packages/airflow/example_dags/example_latest_only.py took 0.071 seconds
[2024-08-12 22:42:29,788] {processor.py:153} INFO - Started process (PID=7292) to work on /home/kai/Documents/airflowalura/venv/lib/python3.9/site-packages/airflow/example_dags/example_latest_only.py
[2024-08-12 22:42:29,789] {processor.py:641} INFO - Processing file /home/kai/Documents/airflowalura/venv/lib/python3.9/site-packages/airflow/example_dags/example_latest_only.py for tasks to queue
[2024-08-12 22:42:29,790] {logging_mixin.py:115} INFO - [2024-08-12 22:42:29,789] {dagbag.py:507} INFO - Filling up the DagBag from /home/kai/Documents/airflowalura/venv/lib/python3.9/site-packages/airflow/example_dags/example_latest_only.py
[2024-08-12 22:42:29,799] {processor.py:651} INFO - DAG(s) dict_keys(['latest_only']) retrieved from /home/kai/Documents/airflowalura/venv/lib/python3.9/site-packages/airflow/example_dags/example_latest_only.py
[2024-08-12 22:42:29,835] {logging_mixin.py:115} INFO - [2024-08-12 22:42:29,835] {dag.py:2379} INFO - Sync 1 DAGs
[2024-08-12 22:42:29,860] {logging_mixin.py:115} INFO - [2024-08-12 22:42:29,860] {dag.py:2927} INFO - Setting next_dagrun for latest_only to 2024-08-12T21:42:29.860575+00:00, run_after=2024-08-13T01:42:29.860575+00:00
[2024-08-12 22:42:29,882] {processor.py:161} INFO - Processing /home/kai/Documents/airflowalura/venv/lib/python3.9/site-packages/airflow/example_dags/example_latest_only.py took 0.098 seconds
[2024-08-12 22:43:03,825] {processor.py:153} INFO - Started process (PID=7577) to work on /home/kai/Documents/airflowalura/venv/lib/python3.9/site-packages/airflow/example_dags/example_latest_only.py
[2024-08-12 22:43:03,825] {processor.py:641} INFO - Processing file /home/kai/Documents/airflowalura/venv/lib/python3.9/site-packages/airflow/example_dags/example_latest_only.py for tasks to queue
[2024-08-12 22:43:03,826] {logging_mixin.py:115} INFO - [2024-08-12 22:43:03,826] {dagbag.py:507} INFO - Filling up the DagBag from /home/kai/Documents/airflowalura/venv/lib/python3.9/site-packages/airflow/example_dags/example_latest_only.py
[2024-08-12 22:43:03,833] {processor.py:651} INFO - DAG(s) dict_keys(['latest_only']) retrieved from /home/kai/Documents/airflowalura/venv/lib/python3.9/site-packages/airflow/example_dags/example_latest_only.py
[2024-08-12 22:43:03,849] {logging_mixin.py:115} INFO - [2024-08-12 22:43:03,849] {dag.py:2379} INFO - Sync 1 DAGs
[2024-08-12 22:43:03,867] {logging_mixin.py:115} INFO - [2024-08-12 22:43:03,867] {dag.py:2927} INFO - Setting next_dagrun for latest_only to 2024-08-12T21:43:03.867232+00:00, run_after=2024-08-13T01:43:03.867232+00:00
[2024-08-12 22:43:03,880] {processor.py:161} INFO - Processing /home/kai/Documents/airflowalura/venv/lib/python3.9/site-packages/airflow/example_dags/example_latest_only.py took 0.058 seconds
[2024-08-12 22:43:39,945] {processor.py:153} INFO - Started process (PID=7764) to work on /home/kai/Documents/airflowalura/venv/lib/python3.9/site-packages/airflow/example_dags/example_latest_only.py
[2024-08-12 22:43:39,947] {processor.py:641} INFO - Processing file /home/kai/Documents/airflowalura/venv/lib/python3.9/site-packages/airflow/example_dags/example_latest_only.py for tasks to queue
[2024-08-12 22:43:39,947] {logging_mixin.py:115} INFO - [2024-08-12 22:43:39,947] {dagbag.py:507} INFO - Filling up the DagBag from /home/kai/Documents/airflowalura/venv/lib/python3.9/site-packages/airflow/example_dags/example_latest_only.py
[2024-08-12 22:43:39,953] {processor.py:651} INFO - DAG(s) dict_keys(['latest_only']) retrieved from /home/kai/Documents/airflowalura/venv/lib/python3.9/site-packages/airflow/example_dags/example_latest_only.py
[2024-08-12 22:43:39,969] {logging_mixin.py:115} INFO - [2024-08-12 22:43:39,969] {dag.py:2379} INFO - Sync 1 DAGs
[2024-08-12 22:43:39,990] {logging_mixin.py:115} INFO - [2024-08-12 22:43:39,990] {dag.py:2927} INFO - Setting next_dagrun for latest_only to 2024-08-12T21:43:39.990241+00:00, run_after=2024-08-13T01:43:39.990241+00:00
[2024-08-12 22:43:40,006] {processor.py:161} INFO - Processing /home/kai/Documents/airflowalura/venv/lib/python3.9/site-packages/airflow/example_dags/example_latest_only.py took 0.064 seconds
[2024-08-12 22:44:15,910] {processor.py:153} INFO - Started process (PID=8068) to work on /home/kai/Documents/airflowalura/venv/lib/python3.9/site-packages/airflow/example_dags/example_latest_only.py
[2024-08-12 22:44:15,911] {processor.py:641} INFO - Processing file /home/kai/Documents/airflowalura/venv/lib/python3.9/site-packages/airflow/example_dags/example_latest_only.py for tasks to queue
[2024-08-12 22:44:15,911] {logging_mixin.py:115} INFO - [2024-08-12 22:44:15,911] {dagbag.py:507} INFO - Filling up the DagBag from /home/kai/Documents/airflowalura/venv/lib/python3.9/site-packages/airflow/example_dags/example_latest_only.py
[2024-08-12 22:44:15,917] {processor.py:651} INFO - DAG(s) dict_keys(['latest_only']) retrieved from /home/kai/Documents/airflowalura/venv/lib/python3.9/site-packages/airflow/example_dags/example_latest_only.py
[2024-08-12 22:44:15,932] {logging_mixin.py:115} INFO - [2024-08-12 22:44:15,932] {dag.py:2379} INFO - Sync 1 DAGs
[2024-08-12 22:44:15,951] {logging_mixin.py:115} INFO - [2024-08-12 22:44:15,951] {dag.py:2927} INFO - Setting next_dagrun for latest_only to 2024-08-12T21:44:15.950648+00:00, run_after=2024-08-13T01:44:15.950648+00:00
[2024-08-12 22:44:15,964] {processor.py:161} INFO - Processing /home/kai/Documents/airflowalura/venv/lib/python3.9/site-packages/airflow/example_dags/example_latest_only.py took 0.057 seconds
[2024-08-12 22:44:49,897] {processor.py:153} INFO - Started process (PID=8259) to work on /home/kai/Documents/airflowalura/venv/lib/python3.9/site-packages/airflow/example_dags/example_latest_only.py
[2024-08-12 22:44:49,898] {processor.py:641} INFO - Processing file /home/kai/Documents/airflowalura/venv/lib/python3.9/site-packages/airflow/example_dags/example_latest_only.py for tasks to queue
[2024-08-12 22:44:49,898] {logging_mixin.py:115} INFO - [2024-08-12 22:44:49,898] {dagbag.py:507} INFO - Filling up the DagBag from /home/kai/Documents/airflowalura/venv/lib/python3.9/site-packages/airflow/example_dags/example_latest_only.py
[2024-08-12 22:44:49,903] {processor.py:651} INFO - DAG(s) dict_keys(['latest_only']) retrieved from /home/kai/Documents/airflowalura/venv/lib/python3.9/site-packages/airflow/example_dags/example_latest_only.py
[2024-08-12 22:44:49,916] {logging_mixin.py:115} INFO - [2024-08-12 22:44:49,916] {dag.py:2379} INFO - Sync 1 DAGs
[2024-08-12 22:44:49,932] {logging_mixin.py:115} INFO - [2024-08-12 22:44:49,932] {dag.py:2927} INFO - Setting next_dagrun for latest_only to 2024-08-12T21:44:49.932151+00:00, run_after=2024-08-13T01:44:49.932151+00:00
[2024-08-12 22:44:49,942] {processor.py:161} INFO - Processing /home/kai/Documents/airflowalura/venv/lib/python3.9/site-packages/airflow/example_dags/example_latest_only.py took 0.048 seconds
[2024-08-12 22:45:21,497] {processor.py:153} INFO - Started process (PID=8594) to work on /home/kai/Documents/airflowalura/venv/lib/python3.9/site-packages/airflow/example_dags/example_latest_only.py
[2024-08-12 22:45:21,497] {processor.py:641} INFO - Processing file /home/kai/Documents/airflowalura/venv/lib/python3.9/site-packages/airflow/example_dags/example_latest_only.py for tasks to queue
[2024-08-12 22:45:21,498] {logging_mixin.py:115} INFO - [2024-08-12 22:45:21,498] {dagbag.py:507} INFO - Filling up the DagBag from /home/kai/Documents/airflowalura/venv/lib/python3.9/site-packages/airflow/example_dags/example_latest_only.py
[2024-08-12 22:45:21,502] {processor.py:651} INFO - DAG(s) dict_keys(['latest_only']) retrieved from /home/kai/Documents/airflowalura/venv/lib/python3.9/site-packages/airflow/example_dags/example_latest_only.py
[2024-08-12 22:45:21,516] {logging_mixin.py:115} INFO - [2024-08-12 22:45:21,516] {dag.py:2379} INFO - Sync 1 DAGs
[2024-08-12 22:45:21,532] {logging_mixin.py:115} INFO - [2024-08-12 22:45:21,532] {dag.py:2927} INFO - Setting next_dagrun for latest_only to 2024-08-12T21:45:21.531845+00:00, run_after=2024-08-13T01:45:21.531845+00:00
[2024-08-12 22:45:21,540] {processor.py:161} INFO - Processing /home/kai/Documents/airflowalura/venv/lib/python3.9/site-packages/airflow/example_dags/example_latest_only.py took 0.045 seconds
[2024-08-12 22:45:58,568] {processor.py:153} INFO - Started process (PID=8849) to work on /home/kai/Documents/airflowalura/venv/lib/python3.9/site-packages/airflow/example_dags/example_latest_only.py
[2024-08-12 22:45:58,570] {processor.py:641} INFO - Processing file /home/kai/Documents/airflowalura/venv/lib/python3.9/site-packages/airflow/example_dags/example_latest_only.py for tasks to queue
[2024-08-12 22:45:58,571] {logging_mixin.py:115} INFO - [2024-08-12 22:45:58,571] {dagbag.py:507} INFO - Filling up the DagBag from /home/kai/Documents/airflowalura/venv/lib/python3.9/site-packages/airflow/example_dags/example_latest_only.py
[2024-08-12 22:45:58,575] {processor.py:651} INFO - DAG(s) dict_keys(['latest_only']) retrieved from /home/kai/Documents/airflowalura/venv/lib/python3.9/site-packages/airflow/example_dags/example_latest_only.py
[2024-08-12 22:45:58,588] {logging_mixin.py:115} INFO - [2024-08-12 22:45:58,588] {dag.py:2379} INFO - Sync 1 DAGs
[2024-08-12 22:45:58,604] {logging_mixin.py:115} INFO - [2024-08-12 22:45:58,604] {dag.py:2927} INFO - Setting next_dagrun for latest_only to 2024-08-12T21:45:58.603989+00:00, run_after=2024-08-13T01:45:58.603989+00:00
[2024-08-12 22:45:58,615] {processor.py:161} INFO - Processing /home/kai/Documents/airflowalura/venv/lib/python3.9/site-packages/airflow/example_dags/example_latest_only.py took 0.049 seconds
[2024-08-12 22:46:30,514] {processor.py:153} INFO - Started process (PID=9018) to work on /home/kai/Documents/airflowalura/venv/lib/python3.9/site-packages/airflow/example_dags/example_latest_only.py
[2024-08-12 22:46:30,515] {processor.py:641} INFO - Processing file /home/kai/Documents/airflowalura/venv/lib/python3.9/site-packages/airflow/example_dags/example_latest_only.py for tasks to queue
[2024-08-12 22:46:30,515] {logging_mixin.py:115} INFO - [2024-08-12 22:46:30,515] {dagbag.py:507} INFO - Filling up the DagBag from /home/kai/Documents/airflowalura/venv/lib/python3.9/site-packages/airflow/example_dags/example_latest_only.py
[2024-08-12 22:46:30,520] {processor.py:651} INFO - DAG(s) dict_keys(['latest_only']) retrieved from /home/kai/Documents/airflowalura/venv/lib/python3.9/site-packages/airflow/example_dags/example_latest_only.py
[2024-08-12 22:46:30,533] {logging_mixin.py:115} INFO - [2024-08-12 22:46:30,533] {dag.py:2379} INFO - Sync 1 DAGs
[2024-08-12 22:46:30,548] {logging_mixin.py:115} INFO - [2024-08-12 22:46:30,547] {dag.py:2927} INFO - Setting next_dagrun for latest_only to 2024-08-12T21:46:30.547698+00:00, run_after=2024-08-13T01:46:30.547698+00:00
[2024-08-12 22:46:30,559] {processor.py:161} INFO - Processing /home/kai/Documents/airflowalura/venv/lib/python3.9/site-packages/airflow/example_dags/example_latest_only.py took 0.048 seconds
[2024-08-12 22:47:05,326] {processor.py:153} INFO - Started process (PID=9217) to work on /home/kai/Documents/airflowalura/venv/lib/python3.9/site-packages/airflow/example_dags/example_latest_only.py
[2024-08-12 22:47:05,327] {processor.py:641} INFO - Processing file /home/kai/Documents/airflowalura/venv/lib/python3.9/site-packages/airflow/example_dags/example_latest_only.py for tasks to queue
[2024-08-12 22:47:05,327] {logging_mixin.py:115} INFO - [2024-08-12 22:47:05,327] {dagbag.py:507} INFO - Filling up the DagBag from /home/kai/Documents/airflowalura/venv/lib/python3.9/site-packages/airflow/example_dags/example_latest_only.py
[2024-08-12 22:47:05,333] {processor.py:651} INFO - DAG(s) dict_keys(['latest_only']) retrieved from /home/kai/Documents/airflowalura/venv/lib/python3.9/site-packages/airflow/example_dags/example_latest_only.py
[2024-08-12 22:47:05,346] {logging_mixin.py:115} INFO - [2024-08-12 22:47:05,346] {dag.py:2379} INFO - Sync 1 DAGs
[2024-08-12 22:47:05,360] {logging_mixin.py:115} INFO - [2024-08-12 22:47:05,360] {dag.py:2927} INFO - Setting next_dagrun for latest_only to 2024-08-12T21:47:05.360350+00:00, run_after=2024-08-13T01:47:05.360350+00:00
[2024-08-12 22:47:05,369] {processor.py:161} INFO - Processing /home/kai/Documents/airflowalura/venv/lib/python3.9/site-packages/airflow/example_dags/example_latest_only.py took 0.045 seconds
[2024-08-12 22:47:38,571] {processor.py:153} INFO - Started process (PID=9404) to work on /home/kai/Documents/airflowalura/venv/lib/python3.9/site-packages/airflow/example_dags/example_latest_only.py
[2024-08-12 22:47:38,571] {processor.py:641} INFO - Processing file /home/kai/Documents/airflowalura/venv/lib/python3.9/site-packages/airflow/example_dags/example_latest_only.py for tasks to queue
[2024-08-12 22:47:38,572] {logging_mixin.py:115} INFO - [2024-08-12 22:47:38,572] {dagbag.py:507} INFO - Filling up the DagBag from /home/kai/Documents/airflowalura/venv/lib/python3.9/site-packages/airflow/example_dags/example_latest_only.py
[2024-08-12 22:47:38,576] {processor.py:651} INFO - DAG(s) dict_keys(['latest_only']) retrieved from /home/kai/Documents/airflowalura/venv/lib/python3.9/site-packages/airflow/example_dags/example_latest_only.py
[2024-08-12 22:47:38,589] {logging_mixin.py:115} INFO - [2024-08-12 22:47:38,589] {dag.py:2379} INFO - Sync 1 DAGs
[2024-08-12 22:47:38,605] {logging_mixin.py:115} INFO - [2024-08-12 22:47:38,605] {dag.py:2927} INFO - Setting next_dagrun for latest_only to 2024-08-12T21:47:38.605448+00:00, run_after=2024-08-13T01:47:38.605448+00:00
[2024-08-12 22:47:38,615] {processor.py:161} INFO - Processing /home/kai/Documents/airflowalura/venv/lib/python3.9/site-packages/airflow/example_dags/example_latest_only.py took 0.047 seconds
[2024-08-12 22:48:15,959] {processor.py:153} INFO - Started process (PID=9610) to work on /home/kai/Documents/airflowalura/venv/lib/python3.9/site-packages/airflow/example_dags/example_latest_only.py
[2024-08-12 22:48:15,960] {processor.py:641} INFO - Processing file /home/kai/Documents/airflowalura/venv/lib/python3.9/site-packages/airflow/example_dags/example_latest_only.py for tasks to queue
[2024-08-12 22:48:15,961] {logging_mixin.py:115} INFO - [2024-08-12 22:48:15,960] {dagbag.py:507} INFO - Filling up the DagBag from /home/kai/Documents/airflowalura/venv/lib/python3.9/site-packages/airflow/example_dags/example_latest_only.py
[2024-08-12 22:48:15,966] {processor.py:651} INFO - DAG(s) dict_keys(['latest_only']) retrieved from /home/kai/Documents/airflowalura/venv/lib/python3.9/site-packages/airflow/example_dags/example_latest_only.py
[2024-08-12 22:48:15,980] {logging_mixin.py:115} INFO - [2024-08-12 22:48:15,980] {dag.py:2379} INFO - Sync 1 DAGs
[2024-08-12 22:48:15,997] {logging_mixin.py:115} INFO - [2024-08-12 22:48:15,997] {dag.py:2927} INFO - Setting next_dagrun for latest_only to 2024-08-12T21:48:15.997029+00:00, run_after=2024-08-13T01:48:15.997029+00:00
[2024-08-12 22:48:16,008] {processor.py:161} INFO - Processing /home/kai/Documents/airflowalura/venv/lib/python3.9/site-packages/airflow/example_dags/example_latest_only.py took 0.052 seconds
[2024-08-12 22:48:47,922] {processor.py:153} INFO - Started process (PID=9790) to work on /home/kai/Documents/airflowalura/venv/lib/python3.9/site-packages/airflow/example_dags/example_latest_only.py
[2024-08-12 22:48:47,923] {processor.py:641} INFO - Processing file /home/kai/Documents/airflowalura/venv/lib/python3.9/site-packages/airflow/example_dags/example_latest_only.py for tasks to queue
[2024-08-12 22:48:47,923] {logging_mixin.py:115} INFO - [2024-08-12 22:48:47,923] {dagbag.py:507} INFO - Filling up the DagBag from /home/kai/Documents/airflowalura/venv/lib/python3.9/site-packages/airflow/example_dags/example_latest_only.py
[2024-08-12 22:48:47,928] {processor.py:651} INFO - DAG(s) dict_keys(['latest_only']) retrieved from /home/kai/Documents/airflowalura/venv/lib/python3.9/site-packages/airflow/example_dags/example_latest_only.py
[2024-08-12 22:48:47,941] {logging_mixin.py:115} INFO - [2024-08-12 22:48:47,941] {dag.py:2379} INFO - Sync 1 DAGs
[2024-08-12 22:48:47,956] {logging_mixin.py:115} INFO - [2024-08-12 22:48:47,956] {dag.py:2927} INFO - Setting next_dagrun for latest_only to 2024-08-12T21:48:47.956177+00:00, run_after=2024-08-13T01:48:47.956177+00:00
[2024-08-12 22:48:47,966] {processor.py:161} INFO - Processing /home/kai/Documents/airflowalura/venv/lib/python3.9/site-packages/airflow/example_dags/example_latest_only.py took 0.046 seconds
[2024-08-12 22:49:25,002] {processor.py:153} INFO - Started process (PID=9999) to work on /home/kai/Documents/airflowalura/venv/lib/python3.9/site-packages/airflow/example_dags/example_latest_only.py
[2024-08-12 22:49:25,004] {processor.py:641} INFO - Processing file /home/kai/Documents/airflowalura/venv/lib/python3.9/site-packages/airflow/example_dags/example_latest_only.py for tasks to queue
[2024-08-12 22:49:25,005] {logging_mixin.py:115} INFO - [2024-08-12 22:49:25,004] {dagbag.py:507} INFO - Filling up the DagBag from /home/kai/Documents/airflowalura/venv/lib/python3.9/site-packages/airflow/example_dags/example_latest_only.py
[2024-08-12 22:49:25,014] {processor.py:651} INFO - DAG(s) dict_keys(['latest_only']) retrieved from /home/kai/Documents/airflowalura/venv/lib/python3.9/site-packages/airflow/example_dags/example_latest_only.py
[2024-08-12 22:49:25,030] {logging_mixin.py:115} INFO - [2024-08-12 22:49:25,030] {dag.py:2379} INFO - Sync 1 DAGs
[2024-08-12 22:49:25,045] {logging_mixin.py:115} INFO - [2024-08-12 22:49:25,045] {dag.py:2927} INFO - Setting next_dagrun for latest_only to 2024-08-12T21:49:25.045087+00:00, run_after=2024-08-13T01:49:25.045087+00:00
[2024-08-12 22:49:25,054] {processor.py:161} INFO - Processing /home/kai/Documents/airflowalura/venv/lib/python3.9/site-packages/airflow/example_dags/example_latest_only.py took 0.057 seconds
[2024-08-12 22:49:58,349] {processor.py:153} INFO - Started process (PID=10184) to work on /home/kai/Documents/airflowalura/venv/lib/python3.9/site-packages/airflow/example_dags/example_latest_only.py
[2024-08-12 22:49:58,350] {processor.py:641} INFO - Processing file /home/kai/Documents/airflowalura/venv/lib/python3.9/site-packages/airflow/example_dags/example_latest_only.py for tasks to queue
[2024-08-12 22:49:58,351] {logging_mixin.py:115} INFO - [2024-08-12 22:49:58,350] {dagbag.py:507} INFO - Filling up the DagBag from /home/kai/Documents/airflowalura/venv/lib/python3.9/site-packages/airflow/example_dags/example_latest_only.py
[2024-08-12 22:49:58,356] {processor.py:651} INFO - DAG(s) dict_keys(['latest_only']) retrieved from /home/kai/Documents/airflowalura/venv/lib/python3.9/site-packages/airflow/example_dags/example_latest_only.py
[2024-08-12 22:49:58,368] {logging_mixin.py:115} INFO - [2024-08-12 22:49:58,368] {dag.py:2379} INFO - Sync 1 DAGs
[2024-08-12 22:49:58,382] {logging_mixin.py:115} INFO - [2024-08-12 22:49:58,382] {dag.py:2927} INFO - Setting next_dagrun for latest_only to 2024-08-12T21:49:58.382630+00:00, run_after=2024-08-13T01:49:58.382630+00:00
[2024-08-12 22:49:58,391] {processor.py:161} INFO - Processing /home/kai/Documents/airflowalura/venv/lib/python3.9/site-packages/airflow/example_dags/example_latest_only.py took 0.044 seconds
[2024-08-12 22:50:30,559] {processor.py:153} INFO - Started process (PID=10419) to work on /home/kai/Documents/airflowalura/venv/lib/python3.9/site-packages/airflow/example_dags/example_latest_only.py
[2024-08-12 22:50:30,560] {processor.py:641} INFO - Processing file /home/kai/Documents/airflowalura/venv/lib/python3.9/site-packages/airflow/example_dags/example_latest_only.py for tasks to queue
[2024-08-12 22:50:30,561] {logging_mixin.py:115} INFO - [2024-08-12 22:50:30,561] {dagbag.py:507} INFO - Filling up the DagBag from /home/kai/Documents/airflowalura/venv/lib/python3.9/site-packages/airflow/example_dags/example_latest_only.py
[2024-08-12 22:50:30,566] {processor.py:651} INFO - DAG(s) dict_keys(['latest_only']) retrieved from /home/kai/Documents/airflowalura/venv/lib/python3.9/site-packages/airflow/example_dags/example_latest_only.py
[2024-08-12 22:50:30,582] {logging_mixin.py:115} INFO - [2024-08-12 22:50:30,581] {dag.py:2379} INFO - Sync 1 DAGs
[2024-08-12 22:50:30,600] {logging_mixin.py:115} INFO - [2024-08-12 22:50:30,600] {dag.py:2927} INFO - Setting next_dagrun for latest_only to 2024-08-12T21:50:30.599789+00:00, run_after=2024-08-13T01:50:30.599789+00:00
[2024-08-12 22:50:30,612] {processor.py:161} INFO - Processing /home/kai/Documents/airflowalura/venv/lib/python3.9/site-packages/airflow/example_dags/example_latest_only.py took 0.057 seconds
[2024-08-12 22:51:04,707] {processor.py:153} INFO - Started process (PID=10609) to work on /home/kai/Documents/airflowalura/venv/lib/python3.9/site-packages/airflow/example_dags/example_latest_only.py
[2024-08-12 22:51:04,708] {processor.py:641} INFO - Processing file /home/kai/Documents/airflowalura/venv/lib/python3.9/site-packages/airflow/example_dags/example_latest_only.py for tasks to queue
[2024-08-12 22:51:04,708] {logging_mixin.py:115} INFO - [2024-08-12 22:51:04,708] {dagbag.py:507} INFO - Filling up the DagBag from /home/kai/Documents/airflowalura/venv/lib/python3.9/site-packages/airflow/example_dags/example_latest_only.py
[2024-08-12 22:51:04,712] {processor.py:651} INFO - DAG(s) dict_keys(['latest_only']) retrieved from /home/kai/Documents/airflowalura/venv/lib/python3.9/site-packages/airflow/example_dags/example_latest_only.py
[2024-08-12 22:51:04,725] {logging_mixin.py:115} INFO - [2024-08-12 22:51:04,725] {dag.py:2379} INFO - Sync 1 DAGs
[2024-08-12 22:51:04,740] {logging_mixin.py:115} INFO - [2024-08-12 22:51:04,740] {dag.py:2927} INFO - Setting next_dagrun for latest_only to 2024-08-12T21:51:04.739984+00:00, run_after=2024-08-13T01:51:04.739984+00:00
[2024-08-12 22:51:04,749] {processor.py:161} INFO - Processing /home/kai/Documents/airflowalura/venv/lib/python3.9/site-packages/airflow/example_dags/example_latest_only.py took 0.045 seconds
[2024-08-12 22:51:37,283] {processor.py:153} INFO - Started process (PID=10787) to work on /home/kai/Documents/airflowalura/venv/lib/python3.9/site-packages/airflow/example_dags/example_latest_only.py
[2024-08-12 22:51:37,284] {processor.py:641} INFO - Processing file /home/kai/Documents/airflowalura/venv/lib/python3.9/site-packages/airflow/example_dags/example_latest_only.py for tasks to queue
[2024-08-12 22:51:37,284] {logging_mixin.py:115} INFO - [2024-08-12 22:51:37,284] {dagbag.py:507} INFO - Filling up the DagBag from /home/kai/Documents/airflowalura/venv/lib/python3.9/site-packages/airflow/example_dags/example_latest_only.py
[2024-08-12 22:51:37,289] {processor.py:651} INFO - DAG(s) dict_keys(['latest_only']) retrieved from /home/kai/Documents/airflowalura/venv/lib/python3.9/site-packages/airflow/example_dags/example_latest_only.py
[2024-08-12 22:51:37,302] {logging_mixin.py:115} INFO - [2024-08-12 22:51:37,302] {dag.py:2379} INFO - Sync 1 DAGs
[2024-08-12 22:51:37,317] {logging_mixin.py:115} INFO - [2024-08-12 22:51:37,317] {dag.py:2927} INFO - Setting next_dagrun for latest_only to 2024-08-12T21:51:37.316837+00:00, run_after=2024-08-13T01:51:37.316837+00:00
[2024-08-12 22:51:37,326] {processor.py:161} INFO - Processing /home/kai/Documents/airflowalura/venv/lib/python3.9/site-packages/airflow/example_dags/example_latest_only.py took 0.045 seconds
[2024-08-12 22:52:13,218] {processor.py:153} INFO - Started process (PID=10993) to work on /home/kai/Documents/airflowalura/venv/lib/python3.9/site-packages/airflow/example_dags/example_latest_only.py
[2024-08-12 22:52:13,219] {processor.py:641} INFO - Processing file /home/kai/Documents/airflowalura/venv/lib/python3.9/site-packages/airflow/example_dags/example_latest_only.py for tasks to queue
[2024-08-12 22:52:13,219] {logging_mixin.py:115} INFO - [2024-08-12 22:52:13,219] {dagbag.py:507} INFO - Filling up the DagBag from /home/kai/Documents/airflowalura/venv/lib/python3.9/site-packages/airflow/example_dags/example_latest_only.py
[2024-08-12 22:52:13,224] {processor.py:651} INFO - DAG(s) dict_keys(['latest_only']) retrieved from /home/kai/Documents/airflowalura/venv/lib/python3.9/site-packages/airflow/example_dags/example_latest_only.py
[2024-08-12 22:52:13,238] {logging_mixin.py:115} INFO - [2024-08-12 22:52:13,238] {dag.py:2379} INFO - Sync 1 DAGs
[2024-08-12 22:52:13,253] {logging_mixin.py:115} INFO - [2024-08-12 22:52:13,253] {dag.py:2927} INFO - Setting next_dagrun for latest_only to 2024-08-12T21:52:13.253637+00:00, run_after=2024-08-13T01:52:13.253637+00:00
[2024-08-12 22:52:13,263] {processor.py:161} INFO - Processing /home/kai/Documents/airflowalura/venv/lib/python3.9/site-packages/airflow/example_dags/example_latest_only.py took 0.046 seconds
[2024-08-12 22:52:46,242] {processor.py:153} INFO - Started process (PID=11171) to work on /home/kai/Documents/airflowalura/venv/lib/python3.9/site-packages/airflow/example_dags/example_latest_only.py
[2024-08-12 22:52:46,243] {processor.py:641} INFO - Processing file /home/kai/Documents/airflowalura/venv/lib/python3.9/site-packages/airflow/example_dags/example_latest_only.py for tasks to queue
[2024-08-12 22:52:46,243] {logging_mixin.py:115} INFO - [2024-08-12 22:52:46,243] {dagbag.py:507} INFO - Filling up the DagBag from /home/kai/Documents/airflowalura/venv/lib/python3.9/site-packages/airflow/example_dags/example_latest_only.py
[2024-08-12 22:52:46,247] {processor.py:651} INFO - DAG(s) dict_keys(['latest_only']) retrieved from /home/kai/Documents/airflowalura/venv/lib/python3.9/site-packages/airflow/example_dags/example_latest_only.py
[2024-08-12 22:52:46,260] {logging_mixin.py:115} INFO - [2024-08-12 22:52:46,260] {dag.py:2379} INFO - Sync 1 DAGs
[2024-08-12 22:52:46,275] {logging_mixin.py:115} INFO - [2024-08-12 22:52:46,275] {dag.py:2927} INFO - Setting next_dagrun for latest_only to 2024-08-12T21:52:46.275589+00:00, run_after=2024-08-13T01:52:46.275589+00:00
[2024-08-12 22:52:46,286] {processor.py:161} INFO - Processing /home/kai/Documents/airflowalura/venv/lib/python3.9/site-packages/airflow/example_dags/example_latest_only.py took 0.046 seconds
[2024-08-12 22:53:18,479] {processor.py:153} INFO - Started process (PID=11350) to work on /home/kai/Documents/airflowalura/venv/lib/python3.9/site-packages/airflow/example_dags/example_latest_only.py
[2024-08-12 22:53:18,480] {processor.py:641} INFO - Processing file /home/kai/Documents/airflowalura/venv/lib/python3.9/site-packages/airflow/example_dags/example_latest_only.py for tasks to queue
[2024-08-12 22:53:18,481] {logging_mixin.py:115} INFO - [2024-08-12 22:53:18,481] {dagbag.py:507} INFO - Filling up the DagBag from /home/kai/Documents/airflowalura/venv/lib/python3.9/site-packages/airflow/example_dags/example_latest_only.py
[2024-08-12 22:53:18,486] {processor.py:651} INFO - DAG(s) dict_keys(['latest_only']) retrieved from /home/kai/Documents/airflowalura/venv/lib/python3.9/site-packages/airflow/example_dags/example_latest_only.py
[2024-08-12 22:53:18,502] {logging_mixin.py:115} INFO - [2024-08-12 22:53:18,502] {dag.py:2379} INFO - Sync 1 DAGs
[2024-08-12 22:53:18,519] {logging_mixin.py:115} INFO - [2024-08-12 22:53:18,519] {dag.py:2927} INFO - Setting next_dagrun for latest_only to 2024-08-12T21:53:18.519311+00:00, run_after=2024-08-13T01:53:18.519311+00:00
[2024-08-12 22:53:18,531] {processor.py:161} INFO - Processing /home/kai/Documents/airflowalura/venv/lib/python3.9/site-packages/airflow/example_dags/example_latest_only.py took 0.054 seconds
[2024-08-12 22:53:51,820] {processor.py:153} INFO - Started process (PID=11538) to work on /home/kai/Documents/airflowalura/venv/lib/python3.9/site-packages/airflow/example_dags/example_latest_only.py
[2024-08-12 22:53:51,821] {processor.py:641} INFO - Processing file /home/kai/Documents/airflowalura/venv/lib/python3.9/site-packages/airflow/example_dags/example_latest_only.py for tasks to queue
[2024-08-12 22:53:51,822] {logging_mixin.py:115} INFO - [2024-08-12 22:53:51,822] {dagbag.py:507} INFO - Filling up the DagBag from /home/kai/Documents/airflowalura/venv/lib/python3.9/site-packages/airflow/example_dags/example_latest_only.py
[2024-08-12 22:53:51,827] {processor.py:651} INFO - DAG(s) dict_keys(['latest_only']) retrieved from /home/kai/Documents/airflowalura/venv/lib/python3.9/site-packages/airflow/example_dags/example_latest_only.py
[2024-08-12 22:53:51,841] {logging_mixin.py:115} INFO - [2024-08-12 22:53:51,841] {dag.py:2379} INFO - Sync 1 DAGs
[2024-08-12 22:53:51,859] {logging_mixin.py:115} INFO - [2024-08-12 22:53:51,859] {dag.py:2927} INFO - Setting next_dagrun for latest_only to 2024-08-12T21:53:51.859110+00:00, run_after=2024-08-13T01:53:51.859110+00:00
[2024-08-12 22:53:51,868] {processor.py:161} INFO - Processing /home/kai/Documents/airflowalura/venv/lib/python3.9/site-packages/airflow/example_dags/example_latest_only.py took 0.050 seconds
[2024-08-12 22:54:27,710] {processor.py:153} INFO - Started process (PID=11741) to work on /home/kai/Documents/airflowalura/venv/lib/python3.9/site-packages/airflow/example_dags/example_latest_only.py
[2024-08-12 22:54:27,711] {processor.py:641} INFO - Processing file /home/kai/Documents/airflowalura/venv/lib/python3.9/site-packages/airflow/example_dags/example_latest_only.py for tasks to queue
[2024-08-12 22:54:27,711] {logging_mixin.py:115} INFO - [2024-08-12 22:54:27,711] {dagbag.py:507} INFO - Filling up the DagBag from /home/kai/Documents/airflowalura/venv/lib/python3.9/site-packages/airflow/example_dags/example_latest_only.py
[2024-08-12 22:54:27,715] {processor.py:651} INFO - DAG(s) dict_keys(['latest_only']) retrieved from /home/kai/Documents/airflowalura/venv/lib/python3.9/site-packages/airflow/example_dags/example_latest_only.py
[2024-08-12 22:54:27,728] {logging_mixin.py:115} INFO - [2024-08-12 22:54:27,728] {dag.py:2379} INFO - Sync 1 DAGs
[2024-08-12 22:54:27,744] {logging_mixin.py:115} INFO - [2024-08-12 22:54:27,744] {dag.py:2927} INFO - Setting next_dagrun for latest_only to 2024-08-12T21:54:27.744461+00:00, run_after=2024-08-13T01:54:27.744461+00:00
[2024-08-12 22:54:27,754] {processor.py:161} INFO - Processing /home/kai/Documents/airflowalura/venv/lib/python3.9/site-packages/airflow/example_dags/example_latest_only.py took 0.046 seconds
[2024-08-12 22:54:59,723] {processor.py:153} INFO - Started process (PID=11920) to work on /home/kai/Documents/airflowalura/venv/lib/python3.9/site-packages/airflow/example_dags/example_latest_only.py
[2024-08-12 22:54:59,723] {processor.py:641} INFO - Processing file /home/kai/Documents/airflowalura/venv/lib/python3.9/site-packages/airflow/example_dags/example_latest_only.py for tasks to queue
[2024-08-12 22:54:59,724] {logging_mixin.py:115} INFO - [2024-08-12 22:54:59,724] {dagbag.py:507} INFO - Filling up the DagBag from /home/kai/Documents/airflowalura/venv/lib/python3.9/site-packages/airflow/example_dags/example_latest_only.py
[2024-08-12 22:54:59,728] {processor.py:651} INFO - DAG(s) dict_keys(['latest_only']) retrieved from /home/kai/Documents/airflowalura/venv/lib/python3.9/site-packages/airflow/example_dags/example_latest_only.py
[2024-08-12 22:54:59,742] {logging_mixin.py:115} INFO - [2024-08-12 22:54:59,742] {dag.py:2379} INFO - Sync 1 DAGs
[2024-08-12 22:54:59,762] {logging_mixin.py:115} INFO - [2024-08-12 22:54:59,762] {dag.py:2927} INFO - Setting next_dagrun for latest_only to 2024-08-12T21:54:59.762497+00:00, run_after=2024-08-13T01:54:59.762497+00:00
[2024-08-12 22:54:59,772] {processor.py:161} INFO - Processing /home/kai/Documents/airflowalura/venv/lib/python3.9/site-packages/airflow/example_dags/example_latest_only.py took 0.052 seconds
[2024-08-12 22:55:36,660] {processor.py:153} INFO - Started process (PID=12167) to work on /home/kai/Documents/airflowalura/venv/lib/python3.9/site-packages/airflow/example_dags/example_latest_only.py
[2024-08-12 22:55:36,661] {processor.py:641} INFO - Processing file /home/kai/Documents/airflowalura/venv/lib/python3.9/site-packages/airflow/example_dags/example_latest_only.py for tasks to queue
[2024-08-12 22:55:36,662] {logging_mixin.py:115} INFO - [2024-08-12 22:55:36,662] {dagbag.py:507} INFO - Filling up the DagBag from /home/kai/Documents/airflowalura/venv/lib/python3.9/site-packages/airflow/example_dags/example_latest_only.py
[2024-08-12 22:55:36,666] {processor.py:651} INFO - DAG(s) dict_keys(['latest_only']) retrieved from /home/kai/Documents/airflowalura/venv/lib/python3.9/site-packages/airflow/example_dags/example_latest_only.py
[2024-08-12 22:55:36,682] {logging_mixin.py:115} INFO - [2024-08-12 22:55:36,682] {dag.py:2379} INFO - Sync 1 DAGs
[2024-08-12 22:55:36,699] {logging_mixin.py:115} INFO - [2024-08-12 22:55:36,699] {dag.py:2927} INFO - Setting next_dagrun for latest_only to 2024-08-12T21:55:36.698868+00:00, run_after=2024-08-13T01:55:36.698868+00:00
[2024-08-12 22:55:36,711] {processor.py:161} INFO - Processing /home/kai/Documents/airflowalura/venv/lib/python3.9/site-packages/airflow/example_dags/example_latest_only.py took 0.054 seconds
[2024-08-12 22:56:08,073] {processor.py:153} INFO - Started process (PID=12367) to work on /home/kai/Documents/airflowalura/venv/lib/python3.9/site-packages/airflow/example_dags/example_latest_only.py
[2024-08-12 22:56:08,074] {processor.py:641} INFO - Processing file /home/kai/Documents/airflowalura/venv/lib/python3.9/site-packages/airflow/example_dags/example_latest_only.py for tasks to queue
[2024-08-12 22:56:08,074] {logging_mixin.py:115} INFO - [2024-08-12 22:56:08,074] {dagbag.py:507} INFO - Filling up the DagBag from /home/kai/Documents/airflowalura/venv/lib/python3.9/site-packages/airflow/example_dags/example_latest_only.py
[2024-08-12 22:56:08,079] {processor.py:651} INFO - DAG(s) dict_keys(['latest_only']) retrieved from /home/kai/Documents/airflowalura/venv/lib/python3.9/site-packages/airflow/example_dags/example_latest_only.py
[2024-08-12 22:56:08,095] {logging_mixin.py:115} INFO - [2024-08-12 22:56:08,095] {dag.py:2379} INFO - Sync 1 DAGs
[2024-08-12 22:56:08,113] {logging_mixin.py:115} INFO - [2024-08-12 22:56:08,113] {dag.py:2927} INFO - Setting next_dagrun for latest_only to 2024-08-12T21:56:08.112801+00:00, run_after=2024-08-13T01:56:08.112801+00:00
[2024-08-12 22:56:08,124] {processor.py:161} INFO - Processing /home/kai/Documents/airflowalura/venv/lib/python3.9/site-packages/airflow/example_dags/example_latest_only.py took 0.054 seconds
[2024-08-12 22:56:44,009] {processor.py:153} INFO - Started process (PID=12585) to work on /home/kai/Documents/airflowalura/venv/lib/python3.9/site-packages/airflow/example_dags/example_latest_only.py
[2024-08-12 22:56:44,009] {processor.py:641} INFO - Processing file /home/kai/Documents/airflowalura/venv/lib/python3.9/site-packages/airflow/example_dags/example_latest_only.py for tasks to queue
[2024-08-12 22:56:44,010] {logging_mixin.py:115} INFO - [2024-08-12 22:56:44,010] {dagbag.py:507} INFO - Filling up the DagBag from /home/kai/Documents/airflowalura/venv/lib/python3.9/site-packages/airflow/example_dags/example_latest_only.py
[2024-08-12 22:56:44,014] {processor.py:651} INFO - DAG(s) dict_keys(['latest_only']) retrieved from /home/kai/Documents/airflowalura/venv/lib/python3.9/site-packages/airflow/example_dags/example_latest_only.py
[2024-08-12 22:56:44,029] {logging_mixin.py:115} INFO - [2024-08-12 22:56:44,029] {dag.py:2379} INFO - Sync 1 DAGs
[2024-08-12 22:56:44,044] {logging_mixin.py:115} INFO - [2024-08-12 22:56:44,044] {dag.py:2927} INFO - Setting next_dagrun for latest_only to 2024-08-12T21:56:44.044485+00:00, run_after=2024-08-13T01:56:44.044485+00:00
[2024-08-12 22:56:44,056] {processor.py:161} INFO - Processing /home/kai/Documents/airflowalura/venv/lib/python3.9/site-packages/airflow/example_dags/example_latest_only.py took 0.050 seconds
[2024-08-12 22:57:17,045] {processor.py:153} INFO - Started process (PID=12768) to work on /home/kai/Documents/airflowalura/venv/lib/python3.9/site-packages/airflow/example_dags/example_latest_only.py
[2024-08-12 22:57:17,046] {processor.py:641} INFO - Processing file /home/kai/Documents/airflowalura/venv/lib/python3.9/site-packages/airflow/example_dags/example_latest_only.py for tasks to queue
[2024-08-12 22:57:17,046] {logging_mixin.py:115} INFO - [2024-08-12 22:57:17,046] {dagbag.py:507} INFO - Filling up the DagBag from /home/kai/Documents/airflowalura/venv/lib/python3.9/site-packages/airflow/example_dags/example_latest_only.py
[2024-08-12 22:57:17,051] {processor.py:651} INFO - DAG(s) dict_keys(['latest_only']) retrieved from /home/kai/Documents/airflowalura/venv/lib/python3.9/site-packages/airflow/example_dags/example_latest_only.py
[2024-08-12 22:57:17,070] {logging_mixin.py:115} INFO - [2024-08-12 22:57:17,070] {dag.py:2379} INFO - Sync 1 DAGs
[2024-08-12 22:57:17,083] {logging_mixin.py:115} INFO - [2024-08-12 22:57:17,083] {dag.py:2927} INFO - Setting next_dagrun for latest_only to 2024-08-12T21:57:17.082935+00:00, run_after=2024-08-13T01:57:17.082935+00:00
[2024-08-12 22:57:17,091] {processor.py:161} INFO - Processing /home/kai/Documents/airflowalura/venv/lib/python3.9/site-packages/airflow/example_dags/example_latest_only.py took 0.049 seconds
[2024-08-12 22:57:51,591] {processor.py:153} INFO - Started process (PID=12958) to work on /home/kai/Documents/airflowalura/venv/lib/python3.9/site-packages/airflow/example_dags/example_latest_only.py
[2024-08-12 22:57:51,592] {processor.py:641} INFO - Processing file /home/kai/Documents/airflowalura/venv/lib/python3.9/site-packages/airflow/example_dags/example_latest_only.py for tasks to queue
[2024-08-12 22:57:51,592] {logging_mixin.py:115} INFO - [2024-08-12 22:57:51,592] {dagbag.py:507} INFO - Filling up the DagBag from /home/kai/Documents/airflowalura/venv/lib/python3.9/site-packages/airflow/example_dags/example_latest_only.py
[2024-08-12 22:57:51,597] {processor.py:651} INFO - DAG(s) dict_keys(['latest_only']) retrieved from /home/kai/Documents/airflowalura/venv/lib/python3.9/site-packages/airflow/example_dags/example_latest_only.py
[2024-08-12 22:57:51,612] {logging_mixin.py:115} INFO - [2024-08-12 22:57:51,612] {dag.py:2379} INFO - Sync 1 DAGs
[2024-08-12 22:57:51,625] {logging_mixin.py:115} INFO - [2024-08-12 22:57:51,625] {dag.py:2927} INFO - Setting next_dagrun for latest_only to 2024-08-12T21:57:51.624862+00:00, run_after=2024-08-13T01:57:51.624862+00:00
[2024-08-12 22:57:51,634] {processor.py:161} INFO - Processing /home/kai/Documents/airflowalura/venv/lib/python3.9/site-packages/airflow/example_dags/example_latest_only.py took 0.046 seconds
[2024-08-12 22:58:30,010] {processor.py:153} INFO - Started process (PID=13167) to work on /home/kai/Documents/airflowalura/venv/lib/python3.9/site-packages/airflow/example_dags/example_latest_only.py
[2024-08-12 22:58:30,011] {processor.py:641} INFO - Processing file /home/kai/Documents/airflowalura/venv/lib/python3.9/site-packages/airflow/example_dags/example_latest_only.py for tasks to queue
[2024-08-12 22:58:30,011] {logging_mixin.py:115} INFO - [2024-08-12 22:58:30,011] {dagbag.py:507} INFO - Filling up the DagBag from /home/kai/Documents/airflowalura/venv/lib/python3.9/site-packages/airflow/example_dags/example_latest_only.py
[2024-08-12 22:58:30,015] {processor.py:651} INFO - DAG(s) dict_keys(['latest_only']) retrieved from /home/kai/Documents/airflowalura/venv/lib/python3.9/site-packages/airflow/example_dags/example_latest_only.py
[2024-08-12 22:58:30,032] {logging_mixin.py:115} INFO - [2024-08-12 22:58:30,032] {dag.py:2379} INFO - Sync 1 DAGs
[2024-08-12 22:58:30,047] {logging_mixin.py:115} INFO - [2024-08-12 22:58:30,047] {dag.py:2927} INFO - Setting next_dagrun for latest_only to 2024-08-12T21:58:30.047634+00:00, run_after=2024-08-13T01:58:30.047634+00:00
[2024-08-12 22:58:30,056] {processor.py:161} INFO - Processing /home/kai/Documents/airflowalura/venv/lib/python3.9/site-packages/airflow/example_dags/example_latest_only.py took 0.048 seconds
[2024-08-12 22:59:02,431] {processor.py:153} INFO - Started process (PID=13348) to work on /home/kai/Documents/airflowalura/venv/lib/python3.9/site-packages/airflow/example_dags/example_latest_only.py
[2024-08-12 22:59:02,432] {processor.py:641} INFO - Processing file /home/kai/Documents/airflowalura/venv/lib/python3.9/site-packages/airflow/example_dags/example_latest_only.py for tasks to queue
[2024-08-12 22:59:02,432] {logging_mixin.py:115} INFO - [2024-08-12 22:59:02,432] {dagbag.py:507} INFO - Filling up the DagBag from /home/kai/Documents/airflowalura/venv/lib/python3.9/site-packages/airflow/example_dags/example_latest_only.py
[2024-08-12 22:59:02,437] {processor.py:651} INFO - DAG(s) dict_keys(['latest_only']) retrieved from /home/kai/Documents/airflowalura/venv/lib/python3.9/site-packages/airflow/example_dags/example_latest_only.py
[2024-08-12 22:59:02,458] {logging_mixin.py:115} INFO - [2024-08-12 22:59:02,458] {dag.py:2379} INFO - Sync 1 DAGs
[2024-08-12 22:59:02,472] {logging_mixin.py:115} INFO - [2024-08-12 22:59:02,472] {dag.py:2927} INFO - Setting next_dagrun for latest_only to 2024-08-12T21:59:02.471848+00:00, run_after=2024-08-13T01:59:02.471848+00:00
[2024-08-12 22:59:02,482] {processor.py:161} INFO - Processing /home/kai/Documents/airflowalura/venv/lib/python3.9/site-packages/airflow/example_dags/example_latest_only.py took 0.053 seconds
[2024-08-12 22:59:35,629] {processor.py:153} INFO - Started process (PID=13530) to work on /home/kai/Documents/airflowalura/venv/lib/python3.9/site-packages/airflow/example_dags/example_latest_only.py
[2024-08-12 22:59:35,629] {processor.py:641} INFO - Processing file /home/kai/Documents/airflowalura/venv/lib/python3.9/site-packages/airflow/example_dags/example_latest_only.py for tasks to queue
[2024-08-12 22:59:35,630] {logging_mixin.py:115} INFO - [2024-08-12 22:59:35,630] {dagbag.py:507} INFO - Filling up the DagBag from /home/kai/Documents/airflowalura/venv/lib/python3.9/site-packages/airflow/example_dags/example_latest_only.py
[2024-08-12 22:59:35,634] {processor.py:651} INFO - DAG(s) dict_keys(['latest_only']) retrieved from /home/kai/Documents/airflowalura/venv/lib/python3.9/site-packages/airflow/example_dags/example_latest_only.py
[2024-08-12 22:59:35,651] {logging_mixin.py:115} INFO - [2024-08-12 22:59:35,651] {dag.py:2379} INFO - Sync 1 DAGs
[2024-08-12 22:59:35,670] {logging_mixin.py:115} INFO - [2024-08-12 22:59:35,670] {dag.py:2927} INFO - Setting next_dagrun for latest_only to 2024-08-12T21:59:35.670185+00:00, run_after=2024-08-13T01:59:35.670185+00:00
[2024-08-12 22:59:35,683] {processor.py:161} INFO - Processing /home/kai/Documents/airflowalura/venv/lib/python3.9/site-packages/airflow/example_dags/example_latest_only.py took 0.057 seconds
[2024-08-12 23:00:12,321] {processor.py:153} INFO - Started process (PID=13745) to work on /home/kai/Documents/airflowalura/venv/lib/python3.9/site-packages/airflow/example_dags/example_latest_only.py
[2024-08-12 23:00:12,322] {processor.py:641} INFO - Processing file /home/kai/Documents/airflowalura/venv/lib/python3.9/site-packages/airflow/example_dags/example_latest_only.py for tasks to queue
[2024-08-12 23:00:12,322] {logging_mixin.py:115} INFO - [2024-08-12 23:00:12,322] {dagbag.py:507} INFO - Filling up the DagBag from /home/kai/Documents/airflowalura/venv/lib/python3.9/site-packages/airflow/example_dags/example_latest_only.py
[2024-08-12 23:00:12,327] {processor.py:651} INFO - DAG(s) dict_keys(['latest_only']) retrieved from /home/kai/Documents/airflowalura/venv/lib/python3.9/site-packages/airflow/example_dags/example_latest_only.py
[2024-08-12 23:00:12,341] {logging_mixin.py:115} INFO - [2024-08-12 23:00:12,341] {dag.py:2379} INFO - Sync 1 DAGs
[2024-08-12 23:00:12,354] {logging_mixin.py:115} INFO - [2024-08-12 23:00:12,354] {dag.py:2927} INFO - Setting next_dagrun for latest_only to 2024-08-12T22:00:12.354106+00:00, run_after=2024-08-13T02:00:12.354106+00:00
[2024-08-12 23:00:12,363] {processor.py:161} INFO - Processing /home/kai/Documents/airflowalura/venv/lib/python3.9/site-packages/airflow/example_dags/example_latest_only.py took 0.044 seconds
[2024-08-12 23:00:45,117] {processor.py:153} INFO - Started process (PID=13987) to work on /home/kai/Documents/airflowalura/venv/lib/python3.9/site-packages/airflow/example_dags/example_latest_only.py
[2024-08-12 23:00:45,118] {processor.py:641} INFO - Processing file /home/kai/Documents/airflowalura/venv/lib/python3.9/site-packages/airflow/example_dags/example_latest_only.py for tasks to queue
[2024-08-12 23:00:45,118] {logging_mixin.py:115} INFO - [2024-08-12 23:00:45,118] {dagbag.py:507} INFO - Filling up the DagBag from /home/kai/Documents/airflowalura/venv/lib/python3.9/site-packages/airflow/example_dags/example_latest_only.py
[2024-08-12 23:00:45,123] {processor.py:651} INFO - DAG(s) dict_keys(['latest_only']) retrieved from /home/kai/Documents/airflowalura/venv/lib/python3.9/site-packages/airflow/example_dags/example_latest_only.py
[2024-08-12 23:00:45,137] {logging_mixin.py:115} INFO - [2024-08-12 23:00:45,137] {dag.py:2379} INFO - Sync 1 DAGs
[2024-08-12 23:00:45,150] {logging_mixin.py:115} INFO - [2024-08-12 23:00:45,150] {dag.py:2927} INFO - Setting next_dagrun for latest_only to 2024-08-12T22:00:45.150377+00:00, run_after=2024-08-13T02:00:45.150377+00:00
[2024-08-12 23:00:45,161] {processor.py:161} INFO - Processing /home/kai/Documents/airflowalura/venv/lib/python3.9/site-packages/airflow/example_dags/example_latest_only.py took 0.046 seconds
[2024-08-12 23:01:19,338] {processor.py:153} INFO - Started process (PID=14183) to work on /home/kai/Documents/airflowalura/venv/lib/python3.9/site-packages/airflow/example_dags/example_latest_only.py
[2024-08-12 23:01:19,338] {processor.py:641} INFO - Processing file /home/kai/Documents/airflowalura/venv/lib/python3.9/site-packages/airflow/example_dags/example_latest_only.py for tasks to queue
[2024-08-12 23:01:19,339] {logging_mixin.py:115} INFO - [2024-08-12 23:01:19,339] {dagbag.py:507} INFO - Filling up the DagBag from /home/kai/Documents/airflowalura/venv/lib/python3.9/site-packages/airflow/example_dags/example_latest_only.py
[2024-08-12 23:01:19,343] {processor.py:651} INFO - DAG(s) dict_keys(['latest_only']) retrieved from /home/kai/Documents/airflowalura/venv/lib/python3.9/site-packages/airflow/example_dags/example_latest_only.py
[2024-08-12 23:01:19,358] {logging_mixin.py:115} INFO - [2024-08-12 23:01:19,358] {dag.py:2379} INFO - Sync 1 DAGs
[2024-08-12 23:01:19,371] {logging_mixin.py:115} INFO - [2024-08-12 23:01:19,371] {dag.py:2927} INFO - Setting next_dagrun for latest_only to 2024-08-12T22:01:19.371225+00:00, run_after=2024-08-13T02:01:19.371225+00:00
[2024-08-12 23:01:19,379] {processor.py:161} INFO - Processing /home/kai/Documents/airflowalura/venv/lib/python3.9/site-packages/airflow/example_dags/example_latest_only.py took 0.044 seconds
[2024-08-12 23:01:54,420] {processor.py:153} INFO - Started process (PID=14376) to work on /home/kai/Documents/airflowalura/venv/lib/python3.9/site-packages/airflow/example_dags/example_latest_only.py
[2024-08-12 23:01:54,421] {processor.py:641} INFO - Processing file /home/kai/Documents/airflowalura/venv/lib/python3.9/site-packages/airflow/example_dags/example_latest_only.py for tasks to queue
[2024-08-12 23:01:54,424] {logging_mixin.py:115} INFO - [2024-08-12 23:01:54,423] {dagbag.py:507} INFO - Filling up the DagBag from /home/kai/Documents/airflowalura/venv/lib/python3.9/site-packages/airflow/example_dags/example_latest_only.py
[2024-08-12 23:01:54,429] {processor.py:651} INFO - DAG(s) dict_keys(['latest_only']) retrieved from /home/kai/Documents/airflowalura/venv/lib/python3.9/site-packages/airflow/example_dags/example_latest_only.py
[2024-08-12 23:01:54,450] {logging_mixin.py:115} INFO - [2024-08-12 23:01:54,450] {dag.py:2379} INFO - Sync 1 DAGs
[2024-08-12 23:01:54,467] {logging_mixin.py:115} INFO - [2024-08-12 23:01:54,467] {dag.py:2927} INFO - Setting next_dagrun for latest_only to 2024-08-12T22:01:54.466820+00:00, run_after=2024-08-13T02:01:54.466820+00:00
[2024-08-12 23:01:54,479] {processor.py:161} INFO - Processing /home/kai/Documents/airflowalura/venv/lib/python3.9/site-packages/airflow/example_dags/example_latest_only.py took 0.062 seconds
[2024-08-12 23:02:29,483] {processor.py:153} INFO - Started process (PID=14565) to work on /home/kai/Documents/airflowalura/venv/lib/python3.9/site-packages/airflow/example_dags/example_latest_only.py
[2024-08-12 23:02:29,484] {processor.py:641} INFO - Processing file /home/kai/Documents/airflowalura/venv/lib/python3.9/site-packages/airflow/example_dags/example_latest_only.py for tasks to queue
[2024-08-12 23:02:29,484] {logging_mixin.py:115} INFO - [2024-08-12 23:02:29,484] {dagbag.py:507} INFO - Filling up the DagBag from /home/kai/Documents/airflowalura/venv/lib/python3.9/site-packages/airflow/example_dags/example_latest_only.py
[2024-08-12 23:02:29,489] {processor.py:651} INFO - DAG(s) dict_keys(['latest_only']) retrieved from /home/kai/Documents/airflowalura/venv/lib/python3.9/site-packages/airflow/example_dags/example_latest_only.py
[2024-08-12 23:02:29,504] {logging_mixin.py:115} INFO - [2024-08-12 23:02:29,504] {dag.py:2379} INFO - Sync 1 DAGs
[2024-08-12 23:02:29,518] {logging_mixin.py:115} INFO - [2024-08-12 23:02:29,517] {dag.py:2927} INFO - Setting next_dagrun for latest_only to 2024-08-12T22:02:29.517679+00:00, run_after=2024-08-13T02:02:29.517679+00:00
[2024-08-12 23:02:29,528] {processor.py:161} INFO - Processing /home/kai/Documents/airflowalura/venv/lib/python3.9/site-packages/airflow/example_dags/example_latest_only.py took 0.047 seconds
[2024-08-12 23:03:03,661] {processor.py:153} INFO - Started process (PID=14773) to work on /home/kai/Documents/airflowalura/venv/lib/python3.9/site-packages/airflow/example_dags/example_latest_only.py
[2024-08-12 23:03:03,662] {processor.py:641} INFO - Processing file /home/kai/Documents/airflowalura/venv/lib/python3.9/site-packages/airflow/example_dags/example_latest_only.py for tasks to queue
[2024-08-12 23:03:03,662] {logging_mixin.py:115} INFO - [2024-08-12 23:03:03,662] {dagbag.py:507} INFO - Filling up the DagBag from /home/kai/Documents/airflowalura/venv/lib/python3.9/site-packages/airflow/example_dags/example_latest_only.py
[2024-08-12 23:03:03,667] {processor.py:651} INFO - DAG(s) dict_keys(['latest_only']) retrieved from /home/kai/Documents/airflowalura/venv/lib/python3.9/site-packages/airflow/example_dags/example_latest_only.py
[2024-08-12 23:03:03,682] {logging_mixin.py:115} INFO - [2024-08-12 23:03:03,682] {dag.py:2379} INFO - Sync 1 DAGs
[2024-08-12 23:03:03,695] {logging_mixin.py:115} INFO - [2024-08-12 23:03:03,695] {dag.py:2927} INFO - Setting next_dagrun for latest_only to 2024-08-12T22:03:03.695124+00:00, run_after=2024-08-13T02:03:03.695124+00:00
[2024-08-12 23:03:03,704] {processor.py:161} INFO - Processing /home/kai/Documents/airflowalura/venv/lib/python3.9/site-packages/airflow/example_dags/example_latest_only.py took 0.045 seconds
[2024-08-12 23:03:36,843] {processor.py:153} INFO - Started process (PID=14953) to work on /home/kai/Documents/airflowalura/venv/lib/python3.9/site-packages/airflow/example_dags/example_latest_only.py
[2024-08-12 23:03:36,844] {processor.py:641} INFO - Processing file /home/kai/Documents/airflowalura/venv/lib/python3.9/site-packages/airflow/example_dags/example_latest_only.py for tasks to queue
[2024-08-12 23:03:36,845] {logging_mixin.py:115} INFO - [2024-08-12 23:03:36,845] {dagbag.py:507} INFO - Filling up the DagBag from /home/kai/Documents/airflowalura/venv/lib/python3.9/site-packages/airflow/example_dags/example_latest_only.py
[2024-08-12 23:03:36,850] {processor.py:651} INFO - DAG(s) dict_keys(['latest_only']) retrieved from /home/kai/Documents/airflowalura/venv/lib/python3.9/site-packages/airflow/example_dags/example_latest_only.py
[2024-08-12 23:03:36,867] {logging_mixin.py:115} INFO - [2024-08-12 23:03:36,867] {dag.py:2379} INFO - Sync 1 DAGs
[2024-08-12 23:03:36,882] {logging_mixin.py:115} INFO - [2024-08-12 23:03:36,882] {dag.py:2927} INFO - Setting next_dagrun for latest_only to 2024-08-12T22:03:36.882299+00:00, run_after=2024-08-13T02:03:36.882299+00:00
[2024-08-12 23:03:36,892] {processor.py:161} INFO - Processing /home/kai/Documents/airflowalura/venv/lib/python3.9/site-packages/airflow/example_dags/example_latest_only.py took 0.052 seconds
[2024-08-12 23:04:13,575] {processor.py:153} INFO - Started process (PID=15173) to work on /home/kai/Documents/airflowalura/venv/lib/python3.9/site-packages/airflow/example_dags/example_latest_only.py
[2024-08-12 23:04:13,576] {processor.py:641} INFO - Processing file /home/kai/Documents/airflowalura/venv/lib/python3.9/site-packages/airflow/example_dags/example_latest_only.py for tasks to queue
[2024-08-12 23:04:13,576] {logging_mixin.py:115} INFO - [2024-08-12 23:04:13,576] {dagbag.py:507} INFO - Filling up the DagBag from /home/kai/Documents/airflowalura/venv/lib/python3.9/site-packages/airflow/example_dags/example_latest_only.py
[2024-08-12 23:04:13,581] {processor.py:651} INFO - DAG(s) dict_keys(['latest_only']) retrieved from /home/kai/Documents/airflowalura/venv/lib/python3.9/site-packages/airflow/example_dags/example_latest_only.py
[2024-08-12 23:04:13,595] {logging_mixin.py:115} INFO - [2024-08-12 23:04:13,595] {dag.py:2379} INFO - Sync 1 DAGs
[2024-08-12 23:04:13,609] {logging_mixin.py:115} INFO - [2024-08-12 23:04:13,609] {dag.py:2927} INFO - Setting next_dagrun for latest_only to 2024-08-12T22:04:13.609253+00:00, run_after=2024-08-13T02:04:13.609253+00:00
[2024-08-12 23:04:13,620] {processor.py:161} INFO - Processing /home/kai/Documents/airflowalura/venv/lib/python3.9/site-packages/airflow/example_dags/example_latest_only.py took 0.047 seconds
[2024-08-12 23:04:46,559] {processor.py:153} INFO - Started process (PID=15357) to work on /home/kai/Documents/airflowalura/venv/lib/python3.9/site-packages/airflow/example_dags/example_latest_only.py
[2024-08-12 23:04:46,560] {processor.py:641} INFO - Processing file /home/kai/Documents/airflowalura/venv/lib/python3.9/site-packages/airflow/example_dags/example_latest_only.py for tasks to queue
[2024-08-12 23:04:46,560] {logging_mixin.py:115} INFO - [2024-08-12 23:04:46,560] {dagbag.py:507} INFO - Filling up the DagBag from /home/kai/Documents/airflowalura/venv/lib/python3.9/site-packages/airflow/example_dags/example_latest_only.py
[2024-08-12 23:04:46,564] {processor.py:651} INFO - DAG(s) dict_keys(['latest_only']) retrieved from /home/kai/Documents/airflowalura/venv/lib/python3.9/site-packages/airflow/example_dags/example_latest_only.py
[2024-08-12 23:04:46,579] {logging_mixin.py:115} INFO - [2024-08-12 23:04:46,579] {dag.py:2379} INFO - Sync 1 DAGs
[2024-08-12 23:04:46,593] {logging_mixin.py:115} INFO - [2024-08-12 23:04:46,593] {dag.py:2927} INFO - Setting next_dagrun for latest_only to 2024-08-12T22:04:46.593333+00:00, run_after=2024-08-13T02:04:46.593333+00:00
[2024-08-12 23:04:46,601] {processor.py:161} INFO - Processing /home/kai/Documents/airflowalura/venv/lib/python3.9/site-packages/airflow/example_dags/example_latest_only.py took 0.045 seconds
[2024-08-12 23:05:19,166] {processor.py:153} INFO - Started process (PID=15604) to work on /home/kai/Documents/airflowalura/venv/lib/python3.9/site-packages/airflow/example_dags/example_latest_only.py
[2024-08-12 23:05:19,166] {processor.py:641} INFO - Processing file /home/kai/Documents/airflowalura/venv/lib/python3.9/site-packages/airflow/example_dags/example_latest_only.py for tasks to queue
[2024-08-12 23:05:19,167] {logging_mixin.py:115} INFO - [2024-08-12 23:05:19,167] {dagbag.py:507} INFO - Filling up the DagBag from /home/kai/Documents/airflowalura/venv/lib/python3.9/site-packages/airflow/example_dags/example_latest_only.py
[2024-08-12 23:05:19,171] {processor.py:651} INFO - DAG(s) dict_keys(['latest_only']) retrieved from /home/kai/Documents/airflowalura/venv/lib/python3.9/site-packages/airflow/example_dags/example_latest_only.py
[2024-08-12 23:05:19,185] {logging_mixin.py:115} INFO - [2024-08-12 23:05:19,185] {dag.py:2379} INFO - Sync 1 DAGs
[2024-08-12 23:05:19,198] {logging_mixin.py:115} INFO - [2024-08-12 23:05:19,198] {dag.py:2927} INFO - Setting next_dagrun for latest_only to 2024-08-12T22:05:19.198012+00:00, run_after=2024-08-13T02:05:19.198012+00:00
[2024-08-12 23:05:19,207] {processor.py:161} INFO - Processing /home/kai/Documents/airflowalura/venv/lib/python3.9/site-packages/airflow/example_dags/example_latest_only.py took 0.044 seconds
[2024-08-12 23:05:51,103] {processor.py:153} INFO - Started process (PID=15785) to work on /home/kai/Documents/airflowalura/venv/lib/python3.9/site-packages/airflow/example_dags/example_latest_only.py
[2024-08-12 23:05:51,104] {processor.py:641} INFO - Processing file /home/kai/Documents/airflowalura/venv/lib/python3.9/site-packages/airflow/example_dags/example_latest_only.py for tasks to queue
[2024-08-12 23:05:51,104] {logging_mixin.py:115} INFO - [2024-08-12 23:05:51,104] {dagbag.py:507} INFO - Filling up the DagBag from /home/kai/Documents/airflowalura/venv/lib/python3.9/site-packages/airflow/example_dags/example_latest_only.py
[2024-08-12 23:05:51,109] {processor.py:651} INFO - DAG(s) dict_keys(['latest_only']) retrieved from /home/kai/Documents/airflowalura/venv/lib/python3.9/site-packages/airflow/example_dags/example_latest_only.py
[2024-08-12 23:05:51,124] {logging_mixin.py:115} INFO - [2024-08-12 23:05:51,124] {dag.py:2379} INFO - Sync 1 DAGs
[2024-08-12 23:05:51,137] {logging_mixin.py:115} INFO - [2024-08-12 23:05:51,137] {dag.py:2927} INFO - Setting next_dagrun for latest_only to 2024-08-12T22:05:51.137229+00:00, run_after=2024-08-13T02:05:51.137229+00:00
[2024-08-12 23:05:51,145] {processor.py:161} INFO - Processing /home/kai/Documents/airflowalura/venv/lib/python3.9/site-packages/airflow/example_dags/example_latest_only.py took 0.045 seconds
