[2024-08-12 22:17:23,672] {processor.py:153} INFO - Started process (PID=34917) to work on /home/kai/Documents/airflowalura/venv/lib/python3.9/site-packages/airflow/example_dags/tutorial.py
[2024-08-12 22:17:23,672] {processor.py:641} INFO - Processing file /home/kai/Documents/airflowalura/venv/lib/python3.9/site-packages/airflow/example_dags/tutorial.py for tasks to queue
[2024-08-12 22:17:23,673] {logging_mixin.py:115} INFO - [2024-08-12 22:17:23,673] {dagbag.py:507} INFO - Filling up the DagBag from /home/kai/Documents/airflowalura/venv/lib/python3.9/site-packages/airflow/example_dags/tutorial.py
[2024-08-12 22:17:23,703] {processor.py:651} INFO - DAG(s) dict_keys(['tutorial']) retrieved from /home/kai/Documents/airflowalura/venv/lib/python3.9/site-packages/airflow/example_dags/tutorial.py
[2024-08-12 22:17:23,855] {logging_mixin.py:115} INFO - [2024-08-12 22:17:23,855] {dag.py:2379} INFO - Sync 1 DAGs
[2024-08-12 22:17:23,869] {logging_mixin.py:115} INFO - [2024-08-12 22:17:23,869] {dag.py:2927} INFO - Setting next_dagrun for tutorial to 2024-08-12T01:17:23.869092+00:00, run_after=2024-08-13T01:17:23.869092+00:00
[2024-08-12 22:17:23,885] {processor.py:161} INFO - Processing /home/kai/Documents/airflowalura/venv/lib/python3.9/site-packages/airflow/example_dags/tutorial.py took 0.230 seconds
[2024-08-12 22:17:41,103] {processor.py:153} INFO - Started process (PID=35143) to work on /home/kai/Documents/airflowalura/venv/lib/python3.9/site-packages/airflow/example_dags/tutorial.py
[2024-08-12 22:17:41,115] {processor.py:641} INFO - Processing file /home/kai/Documents/airflowalura/venv/lib/python3.9/site-packages/airflow/example_dags/tutorial.py for tasks to queue
[2024-08-12 22:17:41,116] {logging_mixin.py:115} INFO - [2024-08-12 22:17:41,116] {dagbag.py:507} INFO - Filling up the DagBag from /home/kai/Documents/airflowalura/venv/lib/python3.9/site-packages/airflow/example_dags/tutorial.py
[2024-08-12 22:17:41,122] {processor.py:651} INFO - DAG(s) dict_keys(['tutorial']) retrieved from /home/kai/Documents/airflowalura/venv/lib/python3.9/site-packages/airflow/example_dags/tutorial.py
[2024-08-12 22:17:41,131] {logging_mixin.py:115} INFO - [2024-08-12 22:17:41,131] {dag.py:2379} INFO - Sync 1 DAGs
[2024-08-12 22:17:41,177] {logging_mixin.py:115} INFO - [2024-08-12 22:17:41,177] {dag.py:2927} INFO - Setting next_dagrun for tutorial to 2024-08-12T01:17:41.177575+00:00, run_after=2024-08-13T01:17:41.177575+00:00
[2024-08-12 22:17:41,200] {processor.py:161} INFO - Processing /home/kai/Documents/airflowalura/venv/lib/python3.9/site-packages/airflow/example_dags/tutorial.py took 0.105 seconds
[2024-08-12 22:18:24,211] {processor.py:153} INFO - Started process (PID=35878) to work on /home/kai/Documents/airflowalura/venv/lib/python3.9/site-packages/airflow/example_dags/tutorial.py
[2024-08-12 22:18:24,211] {processor.py:641} INFO - Processing file /home/kai/Documents/airflowalura/venv/lib/python3.9/site-packages/airflow/example_dags/tutorial.py for tasks to queue
[2024-08-12 22:18:24,212] {logging_mixin.py:115} INFO - [2024-08-12 22:18:24,212] {dagbag.py:507} INFO - Filling up the DagBag from /home/kai/Documents/airflowalura/venv/lib/python3.9/site-packages/airflow/example_dags/tutorial.py
[2024-08-12 22:18:24,220] {processor.py:651} INFO - DAG(s) dict_keys(['tutorial']) retrieved from /home/kai/Documents/airflowalura/venv/lib/python3.9/site-packages/airflow/example_dags/tutorial.py
[2024-08-12 22:18:24,237] {logging_mixin.py:115} INFO - [2024-08-12 22:18:24,237] {dag.py:2379} INFO - Sync 1 DAGs
[2024-08-12 22:18:24,255] {logging_mixin.py:115} INFO - [2024-08-12 22:18:24,255] {dag.py:2927} INFO - Setting next_dagrun for tutorial to 2024-08-12T01:18:24.255188+00:00, run_after=2024-08-13T01:18:24.255188+00:00
[2024-08-12 22:18:24,269] {processor.py:161} INFO - Processing /home/kai/Documents/airflowalura/venv/lib/python3.9/site-packages/airflow/example_dags/tutorial.py took 0.061 seconds
[2024-08-12 22:18:56,225] {processor.py:153} INFO - Started process (PID=36314) to work on /home/kai/Documents/airflowalura/venv/lib/python3.9/site-packages/airflow/example_dags/tutorial.py
[2024-08-12 22:18:56,225] {processor.py:641} INFO - Processing file /home/kai/Documents/airflowalura/venv/lib/python3.9/site-packages/airflow/example_dags/tutorial.py for tasks to queue
[2024-08-12 22:18:56,226] {logging_mixin.py:115} INFO - [2024-08-12 22:18:56,226] {dagbag.py:507} INFO - Filling up the DagBag from /home/kai/Documents/airflowalura/venv/lib/python3.9/site-packages/airflow/example_dags/tutorial.py
[2024-08-12 22:18:56,232] {processor.py:651} INFO - DAG(s) dict_keys(['tutorial']) retrieved from /home/kai/Documents/airflowalura/venv/lib/python3.9/site-packages/airflow/example_dags/tutorial.py
[2024-08-12 22:18:56,247] {logging_mixin.py:115} INFO - [2024-08-12 22:18:56,247] {dag.py:2379} INFO - Sync 1 DAGs
[2024-08-12 22:18:56,265] {logging_mixin.py:115} INFO - [2024-08-12 22:18:56,265] {dag.py:2927} INFO - Setting next_dagrun for tutorial to 2024-08-12T01:18:56.264966+00:00, run_after=2024-08-13T01:18:56.264966+00:00
[2024-08-12 22:18:56,274] {processor.py:161} INFO - Processing /home/kai/Documents/airflowalura/venv/lib/python3.9/site-packages/airflow/example_dags/tutorial.py took 0.053 seconds
[2024-08-12 22:19:30,018] {processor.py:153} INFO - Started process (PID=36531) to work on /home/kai/Documents/airflowalura/venv/lib/python3.9/site-packages/airflow/example_dags/tutorial.py
[2024-08-12 22:19:30,018] {processor.py:641} INFO - Processing file /home/kai/Documents/airflowalura/venv/lib/python3.9/site-packages/airflow/example_dags/tutorial.py for tasks to queue
[2024-08-12 22:19:30,019] {logging_mixin.py:115} INFO - [2024-08-12 22:19:30,019] {dagbag.py:507} INFO - Filling up the DagBag from /home/kai/Documents/airflowalura/venv/lib/python3.9/site-packages/airflow/example_dags/tutorial.py
[2024-08-12 22:19:30,024] {processor.py:651} INFO - DAG(s) dict_keys(['tutorial']) retrieved from /home/kai/Documents/airflowalura/venv/lib/python3.9/site-packages/airflow/example_dags/tutorial.py
[2024-08-12 22:19:30,037] {logging_mixin.py:115} INFO - [2024-08-12 22:19:30,037] {dag.py:2379} INFO - Sync 1 DAGs
[2024-08-12 22:19:30,055] {logging_mixin.py:115} INFO - [2024-08-12 22:19:30,055] {dag.py:2927} INFO - Setting next_dagrun for tutorial to 2024-08-12T01:19:30.054626+00:00, run_after=2024-08-13T01:19:30.054626+00:00
[2024-08-12 22:19:30,063] {processor.py:161} INFO - Processing /home/kai/Documents/airflowalura/venv/lib/python3.9/site-packages/airflow/example_dags/tutorial.py took 0.048 seconds
[2024-08-12 22:20:01,539] {processor.py:153} INFO - Started process (PID=36730) to work on /home/kai/Documents/airflowalura/venv/lib/python3.9/site-packages/airflow/example_dags/tutorial.py
[2024-08-12 22:20:01,539] {processor.py:641} INFO - Processing file /home/kai/Documents/airflowalura/venv/lib/python3.9/site-packages/airflow/example_dags/tutorial.py for tasks to queue
[2024-08-12 22:20:01,540] {logging_mixin.py:115} INFO - [2024-08-12 22:20:01,540] {dagbag.py:507} INFO - Filling up the DagBag from /home/kai/Documents/airflowalura/venv/lib/python3.9/site-packages/airflow/example_dags/tutorial.py
[2024-08-12 22:20:01,544] {processor.py:651} INFO - DAG(s) dict_keys(['tutorial']) retrieved from /home/kai/Documents/airflowalura/venv/lib/python3.9/site-packages/airflow/example_dags/tutorial.py
[2024-08-12 22:20:01,558] {logging_mixin.py:115} INFO - [2024-08-12 22:20:01,558] {dag.py:2379} INFO - Sync 1 DAGs
[2024-08-12 22:20:01,574] {logging_mixin.py:115} INFO - [2024-08-12 22:20:01,574] {dag.py:2927} INFO - Setting next_dagrun for tutorial to 2024-08-12T01:20:01.574369+00:00, run_after=2024-08-13T01:20:01.574369+00:00
[2024-08-12 22:20:01,583] {processor.py:161} INFO - Processing /home/kai/Documents/airflowalura/venv/lib/python3.9/site-packages/airflow/example_dags/tutorial.py took 0.047 seconds
[2024-08-12 22:20:34,923] {processor.py:153} INFO - Started process (PID=36950) to work on /home/kai/Documents/airflowalura/venv/lib/python3.9/site-packages/airflow/example_dags/tutorial.py
[2024-08-12 22:20:34,924] {processor.py:641} INFO - Processing file /home/kai/Documents/airflowalura/venv/lib/python3.9/site-packages/airflow/example_dags/tutorial.py for tasks to queue
[2024-08-12 22:20:34,925] {logging_mixin.py:115} INFO - [2024-08-12 22:20:34,925] {dagbag.py:507} INFO - Filling up the DagBag from /home/kai/Documents/airflowalura/venv/lib/python3.9/site-packages/airflow/example_dags/tutorial.py
[2024-08-12 22:20:34,933] {processor.py:651} INFO - DAG(s) dict_keys(['tutorial']) retrieved from /home/kai/Documents/airflowalura/venv/lib/python3.9/site-packages/airflow/example_dags/tutorial.py
[2024-08-12 22:20:34,947] {logging_mixin.py:115} INFO - [2024-08-12 22:20:34,947] {dag.py:2379} INFO - Sync 1 DAGs
[2024-08-12 22:20:34,966] {logging_mixin.py:115} INFO - [2024-08-12 22:20:34,966] {dag.py:2927} INFO - Setting next_dagrun for tutorial to 2024-08-12T01:20:34.965985+00:00, run_after=2024-08-13T01:20:34.965985+00:00
[2024-08-12 22:20:34,978] {processor.py:161} INFO - Processing /home/kai/Documents/airflowalura/venv/lib/python3.9/site-packages/airflow/example_dags/tutorial.py took 0.057 seconds
[2024-08-12 22:21:08,617] {processor.py:153} INFO - Started process (PID=37162) to work on /home/kai/Documents/airflowalura/venv/lib/python3.9/site-packages/airflow/example_dags/tutorial.py
[2024-08-12 22:21:08,618] {processor.py:641} INFO - Processing file /home/kai/Documents/airflowalura/venv/lib/python3.9/site-packages/airflow/example_dags/tutorial.py for tasks to queue
[2024-08-12 22:21:08,618] {logging_mixin.py:115} INFO - [2024-08-12 22:21:08,618] {dagbag.py:507} INFO - Filling up the DagBag from /home/kai/Documents/airflowalura/venv/lib/python3.9/site-packages/airflow/example_dags/tutorial.py
[2024-08-12 22:21:08,624] {processor.py:651} INFO - DAG(s) dict_keys(['tutorial']) retrieved from /home/kai/Documents/airflowalura/venv/lib/python3.9/site-packages/airflow/example_dags/tutorial.py
[2024-08-12 22:21:08,645] {logging_mixin.py:115} INFO - [2024-08-12 22:21:08,645] {dag.py:2379} INFO - Sync 1 DAGs
[2024-08-12 22:21:08,673] {logging_mixin.py:115} INFO - [2024-08-12 22:21:08,673] {dag.py:2927} INFO - Setting next_dagrun for tutorial to 2024-08-12T01:21:08.672953+00:00, run_after=2024-08-13T01:21:08.672953+00:00
[2024-08-12 22:21:08,690] {processor.py:161} INFO - Processing /home/kai/Documents/airflowalura/venv/lib/python3.9/site-packages/airflow/example_dags/tutorial.py took 0.075 seconds
[2024-08-12 22:21:41,794] {processor.py:153} INFO - Started process (PID=37541) to work on /home/kai/Documents/airflowalura/venv/lib/python3.9/site-packages/airflow/example_dags/tutorial.py
[2024-08-12 22:21:41,795] {processor.py:641} INFO - Processing file /home/kai/Documents/airflowalura/venv/lib/python3.9/site-packages/airflow/example_dags/tutorial.py for tasks to queue
[2024-08-12 22:21:41,796] {logging_mixin.py:115} INFO - [2024-08-12 22:21:41,795] {dagbag.py:507} INFO - Filling up the DagBag from /home/kai/Documents/airflowalura/venv/lib/python3.9/site-packages/airflow/example_dags/tutorial.py
[2024-08-12 22:21:41,801] {processor.py:651} INFO - DAG(s) dict_keys(['tutorial']) retrieved from /home/kai/Documents/airflowalura/venv/lib/python3.9/site-packages/airflow/example_dags/tutorial.py
[2024-08-12 22:21:41,815] {logging_mixin.py:115} INFO - [2024-08-12 22:21:41,815] {dag.py:2379} INFO - Sync 1 DAGs
[2024-08-12 22:21:41,830] {logging_mixin.py:115} INFO - [2024-08-12 22:21:41,830] {dag.py:2927} INFO - Setting next_dagrun for tutorial to 2024-08-12T01:21:41.830386+00:00, run_after=2024-08-13T01:21:41.830386+00:00
[2024-08-12 22:21:41,840] {processor.py:161} INFO - Processing /home/kai/Documents/airflowalura/venv/lib/python3.9/site-packages/airflow/example_dags/tutorial.py took 0.049 seconds
[2024-08-12 22:24:27,064] {processor.py:153} INFO - Started process (PID=38984) to work on /home/kai/Documents/airflowalura/venv/lib/python3.9/site-packages/airflow/example_dags/tutorial.py
[2024-08-12 22:24:27,065] {processor.py:641} INFO - Processing file /home/kai/Documents/airflowalura/venv/lib/python3.9/site-packages/airflow/example_dags/tutorial.py for tasks to queue
[2024-08-12 22:24:27,065] {logging_mixin.py:115} INFO - [2024-08-12 22:24:27,065] {dagbag.py:507} INFO - Filling up the DagBag from /home/kai/Documents/airflowalura/venv/lib/python3.9/site-packages/airflow/example_dags/tutorial.py
[2024-08-12 22:24:27,070] {processor.py:651} INFO - DAG(s) dict_keys(['tutorial']) retrieved from /home/kai/Documents/airflowalura/venv/lib/python3.9/site-packages/airflow/example_dags/tutorial.py
[2024-08-12 22:24:27,084] {logging_mixin.py:115} INFO - [2024-08-12 22:24:27,084] {dag.py:2379} INFO - Sync 1 DAGs
[2024-08-12 22:24:27,104] {logging_mixin.py:115} INFO - [2024-08-12 22:24:27,104] {dag.py:2927} INFO - Setting next_dagrun for tutorial to 2024-08-12T01:24:27.104384+00:00, run_after=2024-08-13T01:24:27.104384+00:00
[2024-08-12 22:24:27,115] {processor.py:161} INFO - Processing /home/kai/Documents/airflowalura/venv/lib/python3.9/site-packages/airflow/example_dags/tutorial.py took 0.053 seconds
[2024-08-12 22:25:02,059] {processor.py:153} INFO - Started process (PID=39331) to work on /home/kai/Documents/airflowalura/venv/lib/python3.9/site-packages/airflow/example_dags/tutorial.py
[2024-08-12 22:25:02,064] {processor.py:641} INFO - Processing file /home/kai/Documents/airflowalura/venv/lib/python3.9/site-packages/airflow/example_dags/tutorial.py for tasks to queue
[2024-08-12 22:25:02,065] {logging_mixin.py:115} INFO - [2024-08-12 22:25:02,064] {dagbag.py:507} INFO - Filling up the DagBag from /home/kai/Documents/airflowalura/venv/lib/python3.9/site-packages/airflow/example_dags/tutorial.py
[2024-08-12 22:25:02,071] {processor.py:651} INFO - DAG(s) dict_keys(['tutorial']) retrieved from /home/kai/Documents/airflowalura/venv/lib/python3.9/site-packages/airflow/example_dags/tutorial.py
[2024-08-12 22:25:02,094] {logging_mixin.py:115} INFO - [2024-08-12 22:25:02,094] {dag.py:2379} INFO - Sync 1 DAGs
[2024-08-12 22:25:02,123] {logging_mixin.py:115} INFO - [2024-08-12 22:25:02,123] {dag.py:2927} INFO - Setting next_dagrun for tutorial to 2024-08-12T01:25:02.123243+00:00, run_after=2024-08-13T01:25:02.123243+00:00
[2024-08-12 22:25:02,140] {processor.py:161} INFO - Processing /home/kai/Documents/airflowalura/venv/lib/python3.9/site-packages/airflow/example_dags/tutorial.py took 0.085 seconds
[2024-08-12 22:25:36,836] {processor.py:153} INFO - Started process (PID=39630) to work on /home/kai/Documents/airflowalura/venv/lib/python3.9/site-packages/airflow/example_dags/tutorial.py
[2024-08-12 22:25:36,837] {processor.py:641} INFO - Processing file /home/kai/Documents/airflowalura/venv/lib/python3.9/site-packages/airflow/example_dags/tutorial.py for tasks to queue
[2024-08-12 22:25:36,838] {logging_mixin.py:115} INFO - [2024-08-12 22:25:36,838] {dagbag.py:507} INFO - Filling up the DagBag from /home/kai/Documents/airflowalura/venv/lib/python3.9/site-packages/airflow/example_dags/tutorial.py
[2024-08-12 22:25:36,857] {processor.py:651} INFO - DAG(s) dict_keys(['tutorial']) retrieved from /home/kai/Documents/airflowalura/venv/lib/python3.9/site-packages/airflow/example_dags/tutorial.py
[2024-08-12 22:25:36,885] {logging_mixin.py:115} INFO - [2024-08-12 22:25:36,885] {dag.py:2379} INFO - Sync 1 DAGs
[2024-08-12 22:25:36,912] {logging_mixin.py:115} INFO - [2024-08-12 22:25:36,912] {dag.py:2927} INFO - Setting next_dagrun for tutorial to 2024-08-12T01:25:36.911614+00:00, run_after=2024-08-13T01:25:36.911614+00:00
[2024-08-12 22:25:36,934] {processor.py:161} INFO - Processing /home/kai/Documents/airflowalura/venv/lib/python3.9/site-packages/airflow/example_dags/tutorial.py took 0.101 seconds
[2024-08-12 22:26:11,975] {processor.py:153} INFO - Started process (PID=39956) to work on /home/kai/Documents/airflowalura/venv/lib/python3.9/site-packages/airflow/example_dags/tutorial.py
[2024-08-12 22:26:11,981] {processor.py:641} INFO - Processing file /home/kai/Documents/airflowalura/venv/lib/python3.9/site-packages/airflow/example_dags/tutorial.py for tasks to queue
[2024-08-12 22:26:11,982] {logging_mixin.py:115} INFO - [2024-08-12 22:26:11,982] {dagbag.py:507} INFO - Filling up the DagBag from /home/kai/Documents/airflowalura/venv/lib/python3.9/site-packages/airflow/example_dags/tutorial.py
[2024-08-12 22:26:11,993] {processor.py:651} INFO - DAG(s) dict_keys(['tutorial']) retrieved from /home/kai/Documents/airflowalura/venv/lib/python3.9/site-packages/airflow/example_dags/tutorial.py
[2024-08-12 22:26:12,021] {logging_mixin.py:115} INFO - [2024-08-12 22:26:12,020] {dag.py:2379} INFO - Sync 1 DAGs
[2024-08-12 22:26:12,048] {logging_mixin.py:115} INFO - [2024-08-12 22:26:12,048] {dag.py:2927} INFO - Setting next_dagrun for tutorial to 2024-08-12T01:26:12.048085+00:00, run_after=2024-08-13T01:26:12.048085+00:00
[2024-08-12 22:26:12,071] {processor.py:161} INFO - Processing /home/kai/Documents/airflowalura/venv/lib/python3.9/site-packages/airflow/example_dags/tutorial.py took 0.103 seconds
[2024-08-12 22:26:47,982] {processor.py:153} INFO - Started process (PID=40505) to work on /home/kai/Documents/airflowalura/venv/lib/python3.9/site-packages/airflow/example_dags/tutorial.py
[2024-08-12 22:26:47,983] {processor.py:641} INFO - Processing file /home/kai/Documents/airflowalura/venv/lib/python3.9/site-packages/airflow/example_dags/tutorial.py for tasks to queue
[2024-08-12 22:26:47,984] {logging_mixin.py:115} INFO - [2024-08-12 22:26:47,984] {dagbag.py:507} INFO - Filling up the DagBag from /home/kai/Documents/airflowalura/venv/lib/python3.9/site-packages/airflow/example_dags/tutorial.py
[2024-08-12 22:26:47,992] {processor.py:651} INFO - DAG(s) dict_keys(['tutorial']) retrieved from /home/kai/Documents/airflowalura/venv/lib/python3.9/site-packages/airflow/example_dags/tutorial.py
[2024-08-12 22:26:48,016] {logging_mixin.py:115} INFO - [2024-08-12 22:26:48,016] {dag.py:2379} INFO - Sync 1 DAGs
[2024-08-12 22:26:48,042] {logging_mixin.py:115} INFO - [2024-08-12 22:26:48,042] {dag.py:2927} INFO - Setting next_dagrun for tutorial to 2024-08-12T01:26:48.042227+00:00, run_after=2024-08-13T01:26:48.042227+00:00
[2024-08-12 22:26:48,056] {processor.py:161} INFO - Processing /home/kai/Documents/airflowalura/venv/lib/python3.9/site-packages/airflow/example_dags/tutorial.py took 0.088 seconds
[2024-08-12 22:27:22,145] {processor.py:153} INFO - Started process (PID=40789) to work on /home/kai/Documents/airflowalura/venv/lib/python3.9/site-packages/airflow/example_dags/tutorial.py
[2024-08-12 22:27:22,145] {processor.py:641} INFO - Processing file /home/kai/Documents/airflowalura/venv/lib/python3.9/site-packages/airflow/example_dags/tutorial.py for tasks to queue
[2024-08-12 22:27:22,146] {logging_mixin.py:115} INFO - [2024-08-12 22:27:22,146] {dagbag.py:507} INFO - Filling up the DagBag from /home/kai/Documents/airflowalura/venv/lib/python3.9/site-packages/airflow/example_dags/tutorial.py
[2024-08-12 22:27:22,165] {processor.py:651} INFO - DAG(s) dict_keys(['tutorial']) retrieved from /home/kai/Documents/airflowalura/venv/lib/python3.9/site-packages/airflow/example_dags/tutorial.py
[2024-08-12 22:27:22,179] {logging_mixin.py:115} INFO - [2024-08-12 22:27:22,179] {dag.py:2379} INFO - Sync 1 DAGs
[2024-08-12 22:27:22,217] {logging_mixin.py:115} INFO - [2024-08-12 22:27:22,217] {dag.py:2927} INFO - Setting next_dagrun for tutorial to 2024-08-12T01:27:22.217629+00:00, run_after=2024-08-13T01:27:22.217629+00:00
[2024-08-12 22:27:22,230] {processor.py:161} INFO - Processing /home/kai/Documents/airflowalura/venv/lib/python3.9/site-packages/airflow/example_dags/tutorial.py took 0.089 seconds
[2024-08-12 22:28:01,922] {processor.py:153} INFO - Started process (PID=41174) to work on /home/kai/Documents/airflowalura/venv/lib/python3.9/site-packages/airflow/example_dags/tutorial.py
[2024-08-12 22:28:01,925] {processor.py:641} INFO - Processing file /home/kai/Documents/airflowalura/venv/lib/python3.9/site-packages/airflow/example_dags/tutorial.py for tasks to queue
[2024-08-12 22:28:01,925] {logging_mixin.py:115} INFO - [2024-08-12 22:28:01,925] {dagbag.py:507} INFO - Filling up the DagBag from /home/kai/Documents/airflowalura/venv/lib/python3.9/site-packages/airflow/example_dags/tutorial.py
[2024-08-12 22:28:01,931] {processor.py:651} INFO - DAG(s) dict_keys(['tutorial']) retrieved from /home/kai/Documents/airflowalura/venv/lib/python3.9/site-packages/airflow/example_dags/tutorial.py
[2024-08-12 22:28:01,957] {logging_mixin.py:115} INFO - [2024-08-12 22:28:01,956] {dag.py:2379} INFO - Sync 1 DAGs
[2024-08-12 22:28:01,978] {logging_mixin.py:115} INFO - [2024-08-12 22:28:01,978] {dag.py:2927} INFO - Setting next_dagrun for tutorial to 2024-08-12T01:28:01.978465+00:00, run_after=2024-08-13T01:28:01.978465+00:00
[2024-08-12 22:28:01,993] {processor.py:161} INFO - Processing /home/kai/Documents/airflowalura/venv/lib/python3.9/site-packages/airflow/example_dags/tutorial.py took 0.075 seconds
[2024-08-12 22:28:24,917] {processor.py:153} INFO - Started process (PID=41493) to work on /home/kai/Documents/airflowalura/venv/lib/python3.9/site-packages/airflow/example_dags/tutorial.py
[2024-08-12 22:28:24,918] {processor.py:641} INFO - Processing file /home/kai/Documents/airflowalura/venv/lib/python3.9/site-packages/airflow/example_dags/tutorial.py for tasks to queue
[2024-08-12 22:28:24,918] {logging_mixin.py:115} INFO - [2024-08-12 22:28:24,918] {dagbag.py:507} INFO - Filling up the DagBag from /home/kai/Documents/airflowalura/venv/lib/python3.9/site-packages/airflow/example_dags/tutorial.py
[2024-08-12 22:28:24,926] {processor.py:651} INFO - DAG(s) dict_keys(['tutorial']) retrieved from /home/kai/Documents/airflowalura/venv/lib/python3.9/site-packages/airflow/example_dags/tutorial.py
[2024-08-12 22:28:24,970] {logging_mixin.py:115} INFO - [2024-08-12 22:28:24,970] {dag.py:2379} INFO - Sync 1 DAGs
[2024-08-12 22:28:25,000] {logging_mixin.py:115} INFO - [2024-08-12 22:28:25,000] {dag.py:2927} INFO - Setting next_dagrun for tutorial to 2024-08-12T01:28:24.999897+00:00, run_after=2024-08-13T01:28:24.999897+00:00
[2024-08-12 22:28:25,023] {processor.py:161} INFO - Processing /home/kai/Documents/airflowalura/venv/lib/python3.9/site-packages/airflow/example_dags/tutorial.py took 0.109 seconds
[2024-08-12 22:29:02,043] {processor.py:153} INFO - Started process (PID=41867) to work on /home/kai/Documents/airflowalura/venv/lib/python3.9/site-packages/airflow/example_dags/tutorial.py
[2024-08-12 22:29:02,047] {processor.py:641} INFO - Processing file /home/kai/Documents/airflowalura/venv/lib/python3.9/site-packages/airflow/example_dags/tutorial.py for tasks to queue
[2024-08-12 22:29:02,049] {logging_mixin.py:115} INFO - [2024-08-12 22:29:02,049] {dagbag.py:507} INFO - Filling up the DagBag from /home/kai/Documents/airflowalura/venv/lib/python3.9/site-packages/airflow/example_dags/tutorial.py
[2024-08-12 22:29:02,064] {processor.py:651} INFO - DAG(s) dict_keys(['tutorial']) retrieved from /home/kai/Documents/airflowalura/venv/lib/python3.9/site-packages/airflow/example_dags/tutorial.py
[2024-08-12 22:29:02,087] {logging_mixin.py:115} INFO - [2024-08-12 22:29:02,087] {dag.py:2379} INFO - Sync 1 DAGs
[2024-08-12 22:29:02,142] {logging_mixin.py:115} INFO - [2024-08-12 22:29:02,142] {dag.py:2927} INFO - Setting next_dagrun for tutorial to 2024-08-12T01:29:02.142190+00:00, run_after=2024-08-13T01:29:02.142190+00:00
[2024-08-12 22:29:02,174] {processor.py:161} INFO - Processing /home/kai/Documents/airflowalura/venv/lib/python3.9/site-packages/airflow/example_dags/tutorial.py took 0.134 seconds
[2024-08-12 22:35:17,310] {processor.py:153} INFO - Started process (PID=3167) to work on /home/kai/Documents/airflowalura/venv/lib/python3.9/site-packages/airflow/example_dags/tutorial.py
[2024-08-12 22:35:17,320] {processor.py:641} INFO - Processing file /home/kai/Documents/airflowalura/venv/lib/python3.9/site-packages/airflow/example_dags/tutorial.py for tasks to queue
[2024-08-12 22:35:17,321] {logging_mixin.py:115} INFO - [2024-08-12 22:35:17,321] {dagbag.py:507} INFO - Filling up the DagBag from /home/kai/Documents/airflowalura/venv/lib/python3.9/site-packages/airflow/example_dags/tutorial.py
[2024-08-12 22:35:17,331] {processor.py:651} INFO - DAG(s) dict_keys(['tutorial']) retrieved from /home/kai/Documents/airflowalura/venv/lib/python3.9/site-packages/airflow/example_dags/tutorial.py
[2024-08-12 22:35:17,370] {logging_mixin.py:115} INFO - [2024-08-12 22:35:17,370] {dag.py:2379} INFO - Sync 1 DAGs
[2024-08-12 22:35:17,412] {logging_mixin.py:115} INFO - [2024-08-12 22:35:17,412] {dag.py:2927} INFO - Setting next_dagrun for tutorial to 2024-08-12T01:35:17.412627+00:00, run_after=2024-08-13T01:35:17.412627+00:00
[2024-08-12 22:35:17,435] {processor.py:161} INFO - Processing /home/kai/Documents/airflowalura/venv/lib/python3.9/site-packages/airflow/example_dags/tutorial.py took 0.130 seconds
[2024-08-12 22:35:50,475] {processor.py:153} INFO - Started process (PID=3791) to work on /home/kai/Documents/airflowalura/venv/lib/python3.9/site-packages/airflow/example_dags/tutorial.py
[2024-08-12 22:35:50,476] {processor.py:641} INFO - Processing file /home/kai/Documents/airflowalura/venv/lib/python3.9/site-packages/airflow/example_dags/tutorial.py for tasks to queue
[2024-08-12 22:35:50,477] {logging_mixin.py:115} INFO - [2024-08-12 22:35:50,476] {dagbag.py:507} INFO - Filling up the DagBag from /home/kai/Documents/airflowalura/venv/lib/python3.9/site-packages/airflow/example_dags/tutorial.py
[2024-08-12 22:35:50,482] {processor.py:651} INFO - DAG(s) dict_keys(['tutorial']) retrieved from /home/kai/Documents/airflowalura/venv/lib/python3.9/site-packages/airflow/example_dags/tutorial.py
[2024-08-12 22:35:50,507] {logging_mixin.py:115} INFO - [2024-08-12 22:35:50,507] {dag.py:2379} INFO - Sync 1 DAGs
[2024-08-12 22:35:50,528] {logging_mixin.py:115} INFO - [2024-08-12 22:35:50,527] {dag.py:2927} INFO - Setting next_dagrun for tutorial to 2024-08-12T01:35:50.527563+00:00, run_after=2024-08-13T01:35:50.527563+00:00
[2024-08-12 22:35:50,540] {processor.py:161} INFO - Processing /home/kai/Documents/airflowalura/venv/lib/python3.9/site-packages/airflow/example_dags/tutorial.py took 0.067 seconds
[2024-08-12 22:36:22,461] {processor.py:153} INFO - Started process (PID=3979) to work on /home/kai/Documents/airflowalura/venv/lib/python3.9/site-packages/airflow/example_dags/tutorial.py
[2024-08-12 22:36:22,464] {processor.py:641} INFO - Processing file /home/kai/Documents/airflowalura/venv/lib/python3.9/site-packages/airflow/example_dags/tutorial.py for tasks to queue
[2024-08-12 22:36:22,464] {logging_mixin.py:115} INFO - [2024-08-12 22:36:22,464] {dagbag.py:507} INFO - Filling up the DagBag from /home/kai/Documents/airflowalura/venv/lib/python3.9/site-packages/airflow/example_dags/tutorial.py
[2024-08-12 22:36:22,469] {processor.py:651} INFO - DAG(s) dict_keys(['tutorial']) retrieved from /home/kai/Documents/airflowalura/venv/lib/python3.9/site-packages/airflow/example_dags/tutorial.py
[2024-08-12 22:36:22,485] {logging_mixin.py:115} INFO - [2024-08-12 22:36:22,485] {dag.py:2379} INFO - Sync 1 DAGs
[2024-08-12 22:36:22,503] {logging_mixin.py:115} INFO - [2024-08-12 22:36:22,503] {dag.py:2927} INFO - Setting next_dagrun for tutorial to 2024-08-12T01:36:22.503017+00:00, run_after=2024-08-13T01:36:22.503017+00:00
[2024-08-12 22:36:22,519] {processor.py:161} INFO - Processing /home/kai/Documents/airflowalura/venv/lib/python3.9/site-packages/airflow/example_dags/tutorial.py took 0.061 seconds
[2024-08-12 22:36:55,998] {processor.py:153} INFO - Started process (PID=4165) to work on /home/kai/Documents/airflowalura/venv/lib/python3.9/site-packages/airflow/example_dags/tutorial.py
[2024-08-12 22:36:55,999] {processor.py:641} INFO - Processing file /home/kai/Documents/airflowalura/venv/lib/python3.9/site-packages/airflow/example_dags/tutorial.py for tasks to queue
[2024-08-12 22:36:56,000] {logging_mixin.py:115} INFO - [2024-08-12 22:36:56,000] {dagbag.py:507} INFO - Filling up the DagBag from /home/kai/Documents/airflowalura/venv/lib/python3.9/site-packages/airflow/example_dags/tutorial.py
[2024-08-12 22:36:56,005] {processor.py:651} INFO - DAG(s) dict_keys(['tutorial']) retrieved from /home/kai/Documents/airflowalura/venv/lib/python3.9/site-packages/airflow/example_dags/tutorial.py
[2024-08-12 22:36:56,019] {logging_mixin.py:115} INFO - [2024-08-12 22:36:56,019] {dag.py:2379} INFO - Sync 1 DAGs
[2024-08-12 22:36:56,036] {logging_mixin.py:115} INFO - [2024-08-12 22:36:56,036] {dag.py:2927} INFO - Setting next_dagrun for tutorial to 2024-08-12T01:36:56.036310+00:00, run_after=2024-08-13T01:36:56.036310+00:00
[2024-08-12 22:36:56,051] {processor.py:161} INFO - Processing /home/kai/Documents/airflowalura/venv/lib/python3.9/site-packages/airflow/example_dags/tutorial.py took 0.055 seconds
[2024-08-12 22:37:26,331] {processor.py:153} INFO - Started process (PID=4497) to work on /home/kai/Documents/airflowalura/venv/lib/python3.9/site-packages/airflow/example_dags/tutorial.py
[2024-08-12 22:37:26,332] {processor.py:641} INFO - Processing file /home/kai/Documents/airflowalura/venv/lib/python3.9/site-packages/airflow/example_dags/tutorial.py for tasks to queue
[2024-08-12 22:37:26,333] {logging_mixin.py:115} INFO - [2024-08-12 22:37:26,333] {dagbag.py:507} INFO - Filling up the DagBag from /home/kai/Documents/airflowalura/venv/lib/python3.9/site-packages/airflow/example_dags/tutorial.py
[2024-08-12 22:37:26,337] {processor.py:651} INFO - DAG(s) dict_keys(['tutorial']) retrieved from /home/kai/Documents/airflowalura/venv/lib/python3.9/site-packages/airflow/example_dags/tutorial.py
[2024-08-12 22:37:26,350] {logging_mixin.py:115} INFO - [2024-08-12 22:37:26,350] {dag.py:2379} INFO - Sync 1 DAGs
[2024-08-12 22:37:26,365] {logging_mixin.py:115} INFO - [2024-08-12 22:37:26,365] {dag.py:2927} INFO - Setting next_dagrun for tutorial to 2024-08-12T01:37:26.365461+00:00, run_after=2024-08-13T01:37:26.365461+00:00
[2024-08-12 22:37:26,375] {processor.py:161} INFO - Processing /home/kai/Documents/airflowalura/venv/lib/python3.9/site-packages/airflow/example_dags/tutorial.py took 0.046 seconds
[2024-08-12 22:37:58,812] {processor.py:153} INFO - Started process (PID=4783) to work on /home/kai/Documents/airflowalura/venv/lib/python3.9/site-packages/airflow/example_dags/tutorial.py
[2024-08-12 22:37:58,812] {processor.py:641} INFO - Processing file /home/kai/Documents/airflowalura/venv/lib/python3.9/site-packages/airflow/example_dags/tutorial.py for tasks to queue
[2024-08-12 22:37:58,813] {logging_mixin.py:115} INFO - [2024-08-12 22:37:58,813] {dagbag.py:507} INFO - Filling up the DagBag from /home/kai/Documents/airflowalura/venv/lib/python3.9/site-packages/airflow/example_dags/tutorial.py
[2024-08-12 22:37:58,817] {processor.py:651} INFO - DAG(s) dict_keys(['tutorial']) retrieved from /home/kai/Documents/airflowalura/venv/lib/python3.9/site-packages/airflow/example_dags/tutorial.py
[2024-08-12 22:37:58,830] {logging_mixin.py:115} INFO - [2024-08-12 22:37:58,830] {dag.py:2379} INFO - Sync 1 DAGs
[2024-08-12 22:37:58,845] {logging_mixin.py:115} INFO - [2024-08-12 22:37:58,845] {dag.py:2927} INFO - Setting next_dagrun for tutorial to 2024-08-12T01:37:58.845463+00:00, run_after=2024-08-13T01:37:58.845463+00:00
[2024-08-12 22:37:58,854] {processor.py:161} INFO - Processing /home/kai/Documents/airflowalura/venv/lib/python3.9/site-packages/airflow/example_dags/tutorial.py took 0.045 seconds
[2024-08-12 22:38:30,854] {processor.py:153} INFO - Started process (PID=5077) to work on /home/kai/Documents/airflowalura/venv/lib/python3.9/site-packages/airflow/example_dags/tutorial.py
[2024-08-12 22:38:30,855] {processor.py:641} INFO - Processing file /home/kai/Documents/airflowalura/venv/lib/python3.9/site-packages/airflow/example_dags/tutorial.py for tasks to queue
[2024-08-12 22:38:30,855] {logging_mixin.py:115} INFO - [2024-08-12 22:38:30,855] {dagbag.py:507} INFO - Filling up the DagBag from /home/kai/Documents/airflowalura/venv/lib/python3.9/site-packages/airflow/example_dags/tutorial.py
[2024-08-12 22:38:30,860] {processor.py:651} INFO - DAG(s) dict_keys(['tutorial']) retrieved from /home/kai/Documents/airflowalura/venv/lib/python3.9/site-packages/airflow/example_dags/tutorial.py
[2024-08-12 22:38:30,873] {logging_mixin.py:115} INFO - [2024-08-12 22:38:30,873] {dag.py:2379} INFO - Sync 1 DAGs
[2024-08-12 22:38:30,888] {logging_mixin.py:115} INFO - [2024-08-12 22:38:30,888] {dag.py:2927} INFO - Setting next_dagrun for tutorial to 2024-08-12T01:38:30.887877+00:00, run_after=2024-08-13T01:38:30.887877+00:00
[2024-08-12 22:38:30,896] {processor.py:161} INFO - Processing /home/kai/Documents/airflowalura/venv/lib/python3.9/site-packages/airflow/example_dags/tutorial.py took 0.044 seconds
[2024-08-12 22:39:03,963] {processor.py:153} INFO - Started process (PID=5398) to work on /home/kai/Documents/airflowalura/venv/lib/python3.9/site-packages/airflow/example_dags/tutorial.py
[2024-08-12 22:39:03,966] {processor.py:641} INFO - Processing file /home/kai/Documents/airflowalura/venv/lib/python3.9/site-packages/airflow/example_dags/tutorial.py for tasks to queue
[2024-08-12 22:39:03,967] {logging_mixin.py:115} INFO - [2024-08-12 22:39:03,967] {dagbag.py:507} INFO - Filling up the DagBag from /home/kai/Documents/airflowalura/venv/lib/python3.9/site-packages/airflow/example_dags/tutorial.py
[2024-08-12 22:39:03,973] {processor.py:651} INFO - DAG(s) dict_keys(['tutorial']) retrieved from /home/kai/Documents/airflowalura/venv/lib/python3.9/site-packages/airflow/example_dags/tutorial.py
[2024-08-12 22:39:03,989] {logging_mixin.py:115} INFO - [2024-08-12 22:39:03,988] {dag.py:2379} INFO - Sync 1 DAGs
[2024-08-12 22:39:04,009] {logging_mixin.py:115} INFO - [2024-08-12 22:39:04,009] {dag.py:2927} INFO - Setting next_dagrun for tutorial to 2024-08-12T01:39:04.009211+00:00, run_after=2024-08-13T01:39:04.009211+00:00
[2024-08-12 22:39:04,019] {processor.py:161} INFO - Processing /home/kai/Documents/airflowalura/venv/lib/python3.9/site-packages/airflow/example_dags/tutorial.py took 0.059 seconds
[2024-08-12 22:39:36,466] {processor.py:153} INFO - Started process (PID=5653) to work on /home/kai/Documents/airflowalura/venv/lib/python3.9/site-packages/airflow/example_dags/tutorial.py
[2024-08-12 22:39:36,466] {processor.py:641} INFO - Processing file /home/kai/Documents/airflowalura/venv/lib/python3.9/site-packages/airflow/example_dags/tutorial.py for tasks to queue
[2024-08-12 22:39:36,467] {logging_mixin.py:115} INFO - [2024-08-12 22:39:36,467] {dagbag.py:507} INFO - Filling up the DagBag from /home/kai/Documents/airflowalura/venv/lib/python3.9/site-packages/airflow/example_dags/tutorial.py
[2024-08-12 22:39:36,471] {processor.py:651} INFO - DAG(s) dict_keys(['tutorial']) retrieved from /home/kai/Documents/airflowalura/venv/lib/python3.9/site-packages/airflow/example_dags/tutorial.py
[2024-08-12 22:39:36,485] {logging_mixin.py:115} INFO - [2024-08-12 22:39:36,485] {dag.py:2379} INFO - Sync 1 DAGs
[2024-08-12 22:39:36,502] {logging_mixin.py:115} INFO - [2024-08-12 22:39:36,502] {dag.py:2927} INFO - Setting next_dagrun for tutorial to 2024-08-12T01:39:36.502291+00:00, run_after=2024-08-13T01:39:36.502291+00:00
[2024-08-12 22:39:36,516] {processor.py:161} INFO - Processing /home/kai/Documents/airflowalura/venv/lib/python3.9/site-packages/airflow/example_dags/tutorial.py took 0.053 seconds
[2024-08-12 22:40:08,389] {processor.py:153} INFO - Started process (PID=5948) to work on /home/kai/Documents/airflowalura/venv/lib/python3.9/site-packages/airflow/example_dags/tutorial.py
[2024-08-12 22:40:08,389] {processor.py:641} INFO - Processing file /home/kai/Documents/airflowalura/venv/lib/python3.9/site-packages/airflow/example_dags/tutorial.py for tasks to queue
[2024-08-12 22:40:08,390] {logging_mixin.py:115} INFO - [2024-08-12 22:40:08,390] {dagbag.py:507} INFO - Filling up the DagBag from /home/kai/Documents/airflowalura/venv/lib/python3.9/site-packages/airflow/example_dags/tutorial.py
[2024-08-12 22:40:08,395] {processor.py:651} INFO - DAG(s) dict_keys(['tutorial']) retrieved from /home/kai/Documents/airflowalura/venv/lib/python3.9/site-packages/airflow/example_dags/tutorial.py
[2024-08-12 22:40:08,411] {logging_mixin.py:115} INFO - [2024-08-12 22:40:08,410] {dag.py:2379} INFO - Sync 1 DAGs
[2024-08-12 22:40:08,430] {logging_mixin.py:115} INFO - [2024-08-12 22:40:08,430] {dag.py:2927} INFO - Setting next_dagrun for tutorial to 2024-08-12T01:40:08.429977+00:00, run_after=2024-08-13T01:40:08.429977+00:00
[2024-08-12 22:40:08,442] {processor.py:161} INFO - Processing /home/kai/Documents/airflowalura/venv/lib/python3.9/site-packages/airflow/example_dags/tutorial.py took 0.057 seconds
[2024-08-12 22:40:38,779] {processor.py:153} INFO - Started process (PID=6273) to work on /home/kai/Documents/airflowalura/venv/lib/python3.9/site-packages/airflow/example_dags/tutorial.py
[2024-08-12 22:40:38,780] {processor.py:641} INFO - Processing file /home/kai/Documents/airflowalura/venv/lib/python3.9/site-packages/airflow/example_dags/tutorial.py for tasks to queue
[2024-08-12 22:40:38,781] {logging_mixin.py:115} INFO - [2024-08-12 22:40:38,781] {dagbag.py:507} INFO - Filling up the DagBag from /home/kai/Documents/airflowalura/venv/lib/python3.9/site-packages/airflow/example_dags/tutorial.py
[2024-08-12 22:40:38,786] {processor.py:651} INFO - DAG(s) dict_keys(['tutorial']) retrieved from /home/kai/Documents/airflowalura/venv/lib/python3.9/site-packages/airflow/example_dags/tutorial.py
[2024-08-12 22:40:38,799] {logging_mixin.py:115} INFO - [2024-08-12 22:40:38,799] {dag.py:2379} INFO - Sync 1 DAGs
[2024-08-12 22:40:38,816] {logging_mixin.py:115} INFO - [2024-08-12 22:40:38,816] {dag.py:2927} INFO - Setting next_dagrun for tutorial to 2024-08-12T01:40:38.815873+00:00, run_after=2024-08-13T01:40:38.815873+00:00
[2024-08-12 22:40:38,826] {processor.py:161} INFO - Processing /home/kai/Documents/airflowalura/venv/lib/python3.9/site-packages/airflow/example_dags/tutorial.py took 0.050 seconds
[2024-08-12 22:41:13,684] {processor.py:153} INFO - Started process (PID=6483) to work on /home/kai/Documents/airflowalura/venv/lib/python3.9/site-packages/airflow/example_dags/tutorial.py
[2024-08-12 22:41:13,686] {processor.py:641} INFO - Processing file /home/kai/Documents/airflowalura/venv/lib/python3.9/site-packages/airflow/example_dags/tutorial.py for tasks to queue
[2024-08-12 22:41:13,687] {logging_mixin.py:115} INFO - [2024-08-12 22:41:13,687] {dagbag.py:507} INFO - Filling up the DagBag from /home/kai/Documents/airflowalura/venv/lib/python3.9/site-packages/airflow/example_dags/tutorial.py
[2024-08-12 22:41:13,697] {processor.py:651} INFO - DAG(s) dict_keys(['tutorial']) retrieved from /home/kai/Documents/airflowalura/venv/lib/python3.9/site-packages/airflow/example_dags/tutorial.py
[2024-08-12 22:41:13,724] {logging_mixin.py:115} INFO - [2024-08-12 22:41:13,724] {dag.py:2379} INFO - Sync 1 DAGs
[2024-08-12 22:41:13,760] {logging_mixin.py:115} INFO - [2024-08-12 22:41:13,760] {dag.py:2927} INFO - Setting next_dagrun for tutorial to 2024-08-12T01:41:13.760380+00:00, run_after=2024-08-13T01:41:13.760380+00:00
[2024-08-12 22:41:13,774] {processor.py:161} INFO - Processing /home/kai/Documents/airflowalura/venv/lib/python3.9/site-packages/airflow/example_dags/tutorial.py took 0.093 seconds
[2024-08-12 22:41:48,153] {processor.py:153} INFO - Started process (PID=6943) to work on /home/kai/Documents/airflowalura/venv/lib/python3.9/site-packages/airflow/example_dags/tutorial.py
[2024-08-12 22:41:48,154] {processor.py:641} INFO - Processing file /home/kai/Documents/airflowalura/venv/lib/python3.9/site-packages/airflow/example_dags/tutorial.py for tasks to queue
[2024-08-12 22:41:48,154] {logging_mixin.py:115} INFO - [2024-08-12 22:41:48,154] {dagbag.py:507} INFO - Filling up the DagBag from /home/kai/Documents/airflowalura/venv/lib/python3.9/site-packages/airflow/example_dags/tutorial.py
[2024-08-12 22:41:48,161] {processor.py:651} INFO - DAG(s) dict_keys(['tutorial']) retrieved from /home/kai/Documents/airflowalura/venv/lib/python3.9/site-packages/airflow/example_dags/tutorial.py
[2024-08-12 22:41:48,184] {logging_mixin.py:115} INFO - [2024-08-12 22:41:48,184] {dag.py:2379} INFO - Sync 1 DAGs
[2024-08-12 22:41:48,209] {logging_mixin.py:115} INFO - [2024-08-12 22:41:48,209] {dag.py:2927} INFO - Setting next_dagrun for tutorial to 2024-08-12T01:41:48.209385+00:00, run_after=2024-08-13T01:41:48.209385+00:00
[2024-08-12 22:41:48,225] {processor.py:161} INFO - Processing /home/kai/Documents/airflowalura/venv/lib/python3.9/site-packages/airflow/example_dags/tutorial.py took 0.075 seconds
[2024-08-12 22:42:18,443] {processor.py:153} INFO - Started process (PID=7236) to work on /home/kai/Documents/airflowalura/venv/lib/python3.9/site-packages/airflow/example_dags/tutorial.py
[2024-08-12 22:42:18,444] {processor.py:641} INFO - Processing file /home/kai/Documents/airflowalura/venv/lib/python3.9/site-packages/airflow/example_dags/tutorial.py for tasks to queue
[2024-08-12 22:42:18,445] {logging_mixin.py:115} INFO - [2024-08-12 22:42:18,445] {dagbag.py:507} INFO - Filling up the DagBag from /home/kai/Documents/airflowalura/venv/lib/python3.9/site-packages/airflow/example_dags/tutorial.py
[2024-08-12 22:42:18,452] {processor.py:651} INFO - DAG(s) dict_keys(['tutorial']) retrieved from /home/kai/Documents/airflowalura/venv/lib/python3.9/site-packages/airflow/example_dags/tutorial.py
[2024-08-12 22:42:18,468] {logging_mixin.py:115} INFO - [2024-08-12 22:42:18,468] {dag.py:2379} INFO - Sync 1 DAGs
[2024-08-12 22:42:18,492] {logging_mixin.py:115} INFO - [2024-08-12 22:42:18,492] {dag.py:2927} INFO - Setting next_dagrun for tutorial to 2024-08-12T01:42:18.491446+00:00, run_after=2024-08-13T01:42:18.491446+00:00
[2024-08-12 22:42:18,504] {processor.py:161} INFO - Processing /home/kai/Documents/airflowalura/venv/lib/python3.9/site-packages/airflow/example_dags/tutorial.py took 0.065 seconds
[2024-08-12 22:42:51,754] {processor.py:153} INFO - Started process (PID=7520) to work on /home/kai/Documents/airflowalura/venv/lib/python3.9/site-packages/airflow/example_dags/tutorial.py
[2024-08-12 22:42:51,755] {processor.py:641} INFO - Processing file /home/kai/Documents/airflowalura/venv/lib/python3.9/site-packages/airflow/example_dags/tutorial.py for tasks to queue
[2024-08-12 22:42:51,756] {logging_mixin.py:115} INFO - [2024-08-12 22:42:51,756] {dagbag.py:507} INFO - Filling up the DagBag from /home/kai/Documents/airflowalura/venv/lib/python3.9/site-packages/airflow/example_dags/tutorial.py
[2024-08-12 22:42:51,767] {processor.py:651} INFO - DAG(s) dict_keys(['tutorial']) retrieved from /home/kai/Documents/airflowalura/venv/lib/python3.9/site-packages/airflow/example_dags/tutorial.py
[2024-08-12 22:42:51,799] {logging_mixin.py:115} INFO - [2024-08-12 22:42:51,799] {dag.py:2379} INFO - Sync 1 DAGs
[2024-08-12 22:42:51,835] {logging_mixin.py:115} INFO - [2024-08-12 22:42:51,835] {dag.py:2927} INFO - Setting next_dagrun for tutorial to 2024-08-12T01:42:51.834717+00:00, run_after=2024-08-13T01:42:51.834717+00:00
[2024-08-12 22:42:51,859] {processor.py:161} INFO - Processing /home/kai/Documents/airflowalura/venv/lib/python3.9/site-packages/airflow/example_dags/tutorial.py took 0.109 seconds
[2024-08-12 22:43:24,441] {processor.py:153} INFO - Started process (PID=7687) to work on /home/kai/Documents/airflowalura/venv/lib/python3.9/site-packages/airflow/example_dags/tutorial.py
[2024-08-12 22:43:24,443] {processor.py:641} INFO - Processing file /home/kai/Documents/airflowalura/venv/lib/python3.9/site-packages/airflow/example_dags/tutorial.py for tasks to queue
[2024-08-12 22:43:24,445] {logging_mixin.py:115} INFO - [2024-08-12 22:43:24,445] {dagbag.py:507} INFO - Filling up the DagBag from /home/kai/Documents/airflowalura/venv/lib/python3.9/site-packages/airflow/example_dags/tutorial.py
[2024-08-12 22:43:24,453] {processor.py:651} INFO - DAG(s) dict_keys(['tutorial']) retrieved from /home/kai/Documents/airflowalura/venv/lib/python3.9/site-packages/airflow/example_dags/tutorial.py
[2024-08-12 22:43:24,472] {logging_mixin.py:115} INFO - [2024-08-12 22:43:24,472] {dag.py:2379} INFO - Sync 1 DAGs
[2024-08-12 22:43:24,494] {logging_mixin.py:115} INFO - [2024-08-12 22:43:24,494] {dag.py:2927} INFO - Setting next_dagrun for tutorial to 2024-08-12T01:43:24.494266+00:00, run_after=2024-08-13T01:43:24.494266+00:00
[2024-08-12 22:43:24,509] {processor.py:161} INFO - Processing /home/kai/Documents/airflowalura/venv/lib/python3.9/site-packages/airflow/example_dags/tutorial.py took 0.071 seconds
[2024-08-12 22:43:58,751] {processor.py:153} INFO - Started process (PID=7979) to work on /home/kai/Documents/airflowalura/venv/lib/python3.9/site-packages/airflow/example_dags/tutorial.py
[2024-08-12 22:43:58,751] {processor.py:641} INFO - Processing file /home/kai/Documents/airflowalura/venv/lib/python3.9/site-packages/airflow/example_dags/tutorial.py for tasks to queue
[2024-08-12 22:43:58,752] {logging_mixin.py:115} INFO - [2024-08-12 22:43:58,752] {dagbag.py:507} INFO - Filling up the DagBag from /home/kai/Documents/airflowalura/venv/lib/python3.9/site-packages/airflow/example_dags/tutorial.py
[2024-08-12 22:43:58,757] {processor.py:651} INFO - DAG(s) dict_keys(['tutorial']) retrieved from /home/kai/Documents/airflowalura/venv/lib/python3.9/site-packages/airflow/example_dags/tutorial.py
[2024-08-12 22:43:58,772] {logging_mixin.py:115} INFO - [2024-08-12 22:43:58,772] {dag.py:2379} INFO - Sync 1 DAGs
[2024-08-12 22:43:58,788] {logging_mixin.py:115} INFO - [2024-08-12 22:43:58,788] {dag.py:2927} INFO - Setting next_dagrun for tutorial to 2024-08-12T01:43:58.787889+00:00, run_after=2024-08-13T01:43:58.787889+00:00
[2024-08-12 22:43:58,798] {processor.py:161} INFO - Processing /home/kai/Documents/airflowalura/venv/lib/python3.9/site-packages/airflow/example_dags/tutorial.py took 0.050 seconds
[2024-08-12 22:44:29,562] {processor.py:153} INFO - Started process (PID=8141) to work on /home/kai/Documents/airflowalura/venv/lib/python3.9/site-packages/airflow/example_dags/tutorial.py
[2024-08-12 22:44:29,562] {processor.py:641} INFO - Processing file /home/kai/Documents/airflowalura/venv/lib/python3.9/site-packages/airflow/example_dags/tutorial.py for tasks to queue
[2024-08-12 22:44:29,563] {logging_mixin.py:115} INFO - [2024-08-12 22:44:29,563] {dagbag.py:507} INFO - Filling up the DagBag from /home/kai/Documents/airflowalura/venv/lib/python3.9/site-packages/airflow/example_dags/tutorial.py
[2024-08-12 22:44:29,568] {processor.py:651} INFO - DAG(s) dict_keys(['tutorial']) retrieved from /home/kai/Documents/airflowalura/venv/lib/python3.9/site-packages/airflow/example_dags/tutorial.py
[2024-08-12 22:44:29,583] {logging_mixin.py:115} INFO - [2024-08-12 22:44:29,583] {dag.py:2379} INFO - Sync 1 DAGs
[2024-08-12 22:44:29,600] {logging_mixin.py:115} INFO - [2024-08-12 22:44:29,600] {dag.py:2927} INFO - Setting next_dagrun for tutorial to 2024-08-12T01:44:29.600080+00:00, run_after=2024-08-13T01:44:29.600080+00:00
[2024-08-12 22:44:29,610] {processor.py:161} INFO - Processing /home/kai/Documents/airflowalura/venv/lib/python3.9/site-packages/airflow/example_dags/tutorial.py took 0.051 seconds
[2024-08-12 22:45:00,947] {processor.py:153} INFO - Started process (PID=8379) to work on /home/kai/Documents/airflowalura/venv/lib/python3.9/site-packages/airflow/example_dags/tutorial.py
[2024-08-12 22:45:00,948] {processor.py:641} INFO - Processing file /home/kai/Documents/airflowalura/venv/lib/python3.9/site-packages/airflow/example_dags/tutorial.py for tasks to queue
[2024-08-12 22:45:00,949] {logging_mixin.py:115} INFO - [2024-08-12 22:45:00,948] {dagbag.py:507} INFO - Filling up the DagBag from /home/kai/Documents/airflowalura/venv/lib/python3.9/site-packages/airflow/example_dags/tutorial.py
[2024-08-12 22:45:00,953] {processor.py:651} INFO - DAG(s) dict_keys(['tutorial']) retrieved from /home/kai/Documents/airflowalura/venv/lib/python3.9/site-packages/airflow/example_dags/tutorial.py
[2024-08-12 22:45:00,967] {logging_mixin.py:115} INFO - [2024-08-12 22:45:00,967] {dag.py:2379} INFO - Sync 1 DAGs
[2024-08-12 22:45:00,986] {logging_mixin.py:115} INFO - [2024-08-12 22:45:00,986] {dag.py:2927} INFO - Setting next_dagrun for tutorial to 2024-08-12T01:45:00.986283+00:00, run_after=2024-08-13T01:45:00.986283+00:00
[2024-08-12 22:45:00,999] {processor.py:161} INFO - Processing /home/kai/Documents/airflowalura/venv/lib/python3.9/site-packages/airflow/example_dags/tutorial.py took 0.054 seconds
[2024-08-12 22:45:32,760] {processor.py:153} INFO - Started process (PID=8708) to work on /home/kai/Documents/airflowalura/venv/lib/python3.9/site-packages/airflow/example_dags/tutorial.py
[2024-08-12 22:45:32,761] {processor.py:641} INFO - Processing file /home/kai/Documents/airflowalura/venv/lib/python3.9/site-packages/airflow/example_dags/tutorial.py for tasks to queue
[2024-08-12 22:45:32,761] {logging_mixin.py:115} INFO - [2024-08-12 22:45:32,761] {dagbag.py:507} INFO - Filling up the DagBag from /home/kai/Documents/airflowalura/venv/lib/python3.9/site-packages/airflow/example_dags/tutorial.py
[2024-08-12 22:45:32,767] {processor.py:651} INFO - DAG(s) dict_keys(['tutorial']) retrieved from /home/kai/Documents/airflowalura/venv/lib/python3.9/site-packages/airflow/example_dags/tutorial.py
[2024-08-12 22:45:32,780] {logging_mixin.py:115} INFO - [2024-08-12 22:45:32,780] {dag.py:2379} INFO - Sync 1 DAGs
[2024-08-12 22:45:32,795] {logging_mixin.py:115} INFO - [2024-08-12 22:45:32,795] {dag.py:2927} INFO - Setting next_dagrun for tutorial to 2024-08-12T01:45:32.795509+00:00, run_after=2024-08-13T01:45:32.795509+00:00
[2024-08-12 22:45:32,805] {processor.py:161} INFO - Processing /home/kai/Documents/airflowalura/venv/lib/python3.9/site-packages/airflow/example_dags/tutorial.py took 0.048 seconds
[2024-08-12 22:46:06,673] {processor.py:153} INFO - Started process (PID=8893) to work on /home/kai/Documents/airflowalura/venv/lib/python3.9/site-packages/airflow/example_dags/tutorial.py
[2024-08-12 22:46:06,673] {processor.py:641} INFO - Processing file /home/kai/Documents/airflowalura/venv/lib/python3.9/site-packages/airflow/example_dags/tutorial.py for tasks to queue
[2024-08-12 22:46:06,674] {logging_mixin.py:115} INFO - [2024-08-12 22:46:06,674] {dagbag.py:507} INFO - Filling up the DagBag from /home/kai/Documents/airflowalura/venv/lib/python3.9/site-packages/airflow/example_dags/tutorial.py
[2024-08-12 22:46:06,679] {processor.py:651} INFO - DAG(s) dict_keys(['tutorial']) retrieved from /home/kai/Documents/airflowalura/venv/lib/python3.9/site-packages/airflow/example_dags/tutorial.py
[2024-08-12 22:46:06,692] {logging_mixin.py:115} INFO - [2024-08-12 22:46:06,692] {dag.py:2379} INFO - Sync 1 DAGs
[2024-08-12 22:46:06,707] {logging_mixin.py:115} INFO - [2024-08-12 22:46:06,707] {dag.py:2927} INFO - Setting next_dagrun for tutorial to 2024-08-12T01:46:06.707223+00:00, run_after=2024-08-13T01:46:06.707223+00:00
[2024-08-12 22:46:06,717] {processor.py:161} INFO - Processing /home/kai/Documents/airflowalura/venv/lib/python3.9/site-packages/airflow/example_dags/tutorial.py took 0.047 seconds
[2024-08-12 22:46:36,930] {processor.py:153} INFO - Started process (PID=9051) to work on /home/kai/Documents/airflowalura/venv/lib/python3.9/site-packages/airflow/example_dags/tutorial.py
[2024-08-12 22:46:36,931] {processor.py:641} INFO - Processing file /home/kai/Documents/airflowalura/venv/lib/python3.9/site-packages/airflow/example_dags/tutorial.py for tasks to queue
[2024-08-12 22:46:36,931] {logging_mixin.py:115} INFO - [2024-08-12 22:46:36,931] {dagbag.py:507} INFO - Filling up the DagBag from /home/kai/Documents/airflowalura/venv/lib/python3.9/site-packages/airflow/example_dags/tutorial.py
[2024-08-12 22:46:36,936] {processor.py:651} INFO - DAG(s) dict_keys(['tutorial']) retrieved from /home/kai/Documents/airflowalura/venv/lib/python3.9/site-packages/airflow/example_dags/tutorial.py
[2024-08-12 22:46:36,949] {logging_mixin.py:115} INFO - [2024-08-12 22:46:36,949] {dag.py:2379} INFO - Sync 1 DAGs
[2024-08-12 22:46:36,964] {logging_mixin.py:115} INFO - [2024-08-12 22:46:36,964] {dag.py:2927} INFO - Setting next_dagrun for tutorial to 2024-08-12T01:46:36.963803+00:00, run_after=2024-08-13T01:46:36.963803+00:00
[2024-08-12 22:46:36,972] {processor.py:161} INFO - Processing /home/kai/Documents/airflowalura/venv/lib/python3.9/site-packages/airflow/example_dags/tutorial.py took 0.046 seconds
[2024-08-12 22:47:08,312] {processor.py:153} INFO - Started process (PID=9233) to work on /home/kai/Documents/airflowalura/venv/lib/python3.9/site-packages/airflow/example_dags/tutorial.py
[2024-08-12 22:47:08,313] {processor.py:641} INFO - Processing file /home/kai/Documents/airflowalura/venv/lib/python3.9/site-packages/airflow/example_dags/tutorial.py for tasks to queue
[2024-08-12 22:47:08,314] {logging_mixin.py:115} INFO - [2024-08-12 22:47:08,314] {dagbag.py:507} INFO - Filling up the DagBag from /home/kai/Documents/airflowalura/venv/lib/python3.9/site-packages/airflow/example_dags/tutorial.py
[2024-08-12 22:47:08,318] {processor.py:651} INFO - DAG(s) dict_keys(['tutorial']) retrieved from /home/kai/Documents/airflowalura/venv/lib/python3.9/site-packages/airflow/example_dags/tutorial.py
[2024-08-12 22:47:08,331] {logging_mixin.py:115} INFO - [2024-08-12 22:47:08,331] {dag.py:2379} INFO - Sync 1 DAGs
[2024-08-12 22:47:08,346] {logging_mixin.py:115} INFO - [2024-08-12 22:47:08,346] {dag.py:2927} INFO - Setting next_dagrun for tutorial to 2024-08-12T01:47:08.346490+00:00, run_after=2024-08-13T01:47:08.346490+00:00
[2024-08-12 22:47:08,357] {processor.py:161} INFO - Processing /home/kai/Documents/airflowalura/venv/lib/python3.9/site-packages/airflow/example_dags/tutorial.py took 0.047 seconds
[2024-08-12 22:47:41,265] {processor.py:153} INFO - Started process (PID=9421) to work on /home/kai/Documents/airflowalura/venv/lib/python3.9/site-packages/airflow/example_dags/tutorial.py
[2024-08-12 22:47:41,266] {processor.py:641} INFO - Processing file /home/kai/Documents/airflowalura/venv/lib/python3.9/site-packages/airflow/example_dags/tutorial.py for tasks to queue
[2024-08-12 22:47:41,266] {logging_mixin.py:115} INFO - [2024-08-12 22:47:41,266] {dagbag.py:507} INFO - Filling up the DagBag from /home/kai/Documents/airflowalura/venv/lib/python3.9/site-packages/airflow/example_dags/tutorial.py
[2024-08-12 22:47:41,271] {processor.py:651} INFO - DAG(s) dict_keys(['tutorial']) retrieved from /home/kai/Documents/airflowalura/venv/lib/python3.9/site-packages/airflow/example_dags/tutorial.py
[2024-08-12 22:47:41,283] {logging_mixin.py:115} INFO - [2024-08-12 22:47:41,283] {dag.py:2379} INFO - Sync 1 DAGs
[2024-08-12 22:47:41,298] {logging_mixin.py:115} INFO - [2024-08-12 22:47:41,298] {dag.py:2927} INFO - Setting next_dagrun for tutorial to 2024-08-12T01:47:41.297882+00:00, run_after=2024-08-13T01:47:41.297882+00:00
[2024-08-12 22:47:41,307] {processor.py:161} INFO - Processing /home/kai/Documents/airflowalura/venv/lib/python3.9/site-packages/airflow/example_dags/tutorial.py took 0.044 seconds
[2024-08-12 22:48:14,359] {processor.py:153} INFO - Started process (PID=9603) to work on /home/kai/Documents/airflowalura/venv/lib/python3.9/site-packages/airflow/example_dags/tutorial.py
[2024-08-12 22:48:14,360] {processor.py:641} INFO - Processing file /home/kai/Documents/airflowalura/venv/lib/python3.9/site-packages/airflow/example_dags/tutorial.py for tasks to queue
[2024-08-12 22:48:14,360] {logging_mixin.py:115} INFO - [2024-08-12 22:48:14,360] {dagbag.py:507} INFO - Filling up the DagBag from /home/kai/Documents/airflowalura/venv/lib/python3.9/site-packages/airflow/example_dags/tutorial.py
[2024-08-12 22:48:14,365] {processor.py:651} INFO - DAG(s) dict_keys(['tutorial']) retrieved from /home/kai/Documents/airflowalura/venv/lib/python3.9/site-packages/airflow/example_dags/tutorial.py
[2024-08-12 22:48:14,378] {logging_mixin.py:115} INFO - [2024-08-12 22:48:14,378] {dag.py:2379} INFO - Sync 1 DAGs
[2024-08-12 22:48:14,394] {logging_mixin.py:115} INFO - [2024-08-12 22:48:14,394] {dag.py:2927} INFO - Setting next_dagrun for tutorial to 2024-08-12T01:48:14.394264+00:00, run_after=2024-08-13T01:48:14.394264+00:00
[2024-08-12 22:48:14,403] {processor.py:161} INFO - Processing /home/kai/Documents/airflowalura/venv/lib/python3.9/site-packages/airflow/example_dags/tutorial.py took 0.046 seconds
[2024-08-12 22:48:46,337] {processor.py:153} INFO - Started process (PID=9779) to work on /home/kai/Documents/airflowalura/venv/lib/python3.9/site-packages/airflow/example_dags/tutorial.py
[2024-08-12 22:48:46,337] {processor.py:641} INFO - Processing file /home/kai/Documents/airflowalura/venv/lib/python3.9/site-packages/airflow/example_dags/tutorial.py for tasks to queue
[2024-08-12 22:48:46,338] {logging_mixin.py:115} INFO - [2024-08-12 22:48:46,338] {dagbag.py:507} INFO - Filling up the DagBag from /home/kai/Documents/airflowalura/venv/lib/python3.9/site-packages/airflow/example_dags/tutorial.py
[2024-08-12 22:48:46,343] {processor.py:651} INFO - DAG(s) dict_keys(['tutorial']) retrieved from /home/kai/Documents/airflowalura/venv/lib/python3.9/site-packages/airflow/example_dags/tutorial.py
[2024-08-12 22:48:46,355] {logging_mixin.py:115} INFO - [2024-08-12 22:48:46,355] {dag.py:2379} INFO - Sync 1 DAGs
[2024-08-12 22:48:46,370] {logging_mixin.py:115} INFO - [2024-08-12 22:48:46,370] {dag.py:2927} INFO - Setting next_dagrun for tutorial to 2024-08-12T01:48:46.370034+00:00, run_after=2024-08-13T01:48:46.370034+00:00
[2024-08-12 22:48:46,380] {processor.py:161} INFO - Processing /home/kai/Documents/airflowalura/venv/lib/python3.9/site-packages/airflow/example_dags/tutorial.py took 0.046 seconds
[2024-08-12 22:49:17,591] {processor.py:153} INFO - Started process (PID=9958) to work on /home/kai/Documents/airflowalura/venv/lib/python3.9/site-packages/airflow/example_dags/tutorial.py
[2024-08-12 22:49:17,592] {processor.py:641} INFO - Processing file /home/kai/Documents/airflowalura/venv/lib/python3.9/site-packages/airflow/example_dags/tutorial.py for tasks to queue
[2024-08-12 22:49:17,592] {logging_mixin.py:115} INFO - [2024-08-12 22:49:17,592] {dagbag.py:507} INFO - Filling up the DagBag from /home/kai/Documents/airflowalura/venv/lib/python3.9/site-packages/airflow/example_dags/tutorial.py
[2024-08-12 22:49:17,597] {processor.py:651} INFO - DAG(s) dict_keys(['tutorial']) retrieved from /home/kai/Documents/airflowalura/venv/lib/python3.9/site-packages/airflow/example_dags/tutorial.py
[2024-08-12 22:49:17,610] {logging_mixin.py:115} INFO - [2024-08-12 22:49:17,610] {dag.py:2379} INFO - Sync 1 DAGs
[2024-08-12 22:49:17,625] {logging_mixin.py:115} INFO - [2024-08-12 22:49:17,624] {dag.py:2927} INFO - Setting next_dagrun for tutorial to 2024-08-12T01:49:17.624751+00:00, run_after=2024-08-13T01:49:17.624751+00:00
[2024-08-12 22:49:17,634] {processor.py:161} INFO - Processing /home/kai/Documents/airflowalura/venv/lib/python3.9/site-packages/airflow/example_dags/tutorial.py took 0.046 seconds
[2024-08-12 22:49:48,395] {processor.py:153} INFO - Started process (PID=10133) to work on /home/kai/Documents/airflowalura/venv/lib/python3.9/site-packages/airflow/example_dags/tutorial.py
[2024-08-12 22:49:48,396] {processor.py:641} INFO - Processing file /home/kai/Documents/airflowalura/venv/lib/python3.9/site-packages/airflow/example_dags/tutorial.py for tasks to queue
[2024-08-12 22:49:48,397] {logging_mixin.py:115} INFO - [2024-08-12 22:49:48,397] {dagbag.py:507} INFO - Filling up the DagBag from /home/kai/Documents/airflowalura/venv/lib/python3.9/site-packages/airflow/example_dags/tutorial.py
[2024-08-12 22:49:48,402] {processor.py:651} INFO - DAG(s) dict_keys(['tutorial']) retrieved from /home/kai/Documents/airflowalura/venv/lib/python3.9/site-packages/airflow/example_dags/tutorial.py
[2024-08-12 22:49:48,416] {logging_mixin.py:115} INFO - [2024-08-12 22:49:48,416] {dag.py:2379} INFO - Sync 1 DAGs
[2024-08-12 22:49:48,432] {logging_mixin.py:115} INFO - [2024-08-12 22:49:48,432] {dag.py:2927} INFO - Setting next_dagrun for tutorial to 2024-08-12T01:49:48.432342+00:00, run_after=2024-08-13T01:49:48.432342+00:00
[2024-08-12 22:49:48,442] {processor.py:161} INFO - Processing /home/kai/Documents/airflowalura/venv/lib/python3.9/site-packages/airflow/example_dags/tutorial.py took 0.049 seconds
[2024-08-12 22:50:19,147] {processor.py:153} INFO - Started process (PID=10358) to work on /home/kai/Documents/airflowalura/venv/lib/python3.9/site-packages/airflow/example_dags/tutorial.py
[2024-08-12 22:50:19,148] {processor.py:641} INFO - Processing file /home/kai/Documents/airflowalura/venv/lib/python3.9/site-packages/airflow/example_dags/tutorial.py for tasks to queue
[2024-08-12 22:50:19,148] {logging_mixin.py:115} INFO - [2024-08-12 22:50:19,148] {dagbag.py:507} INFO - Filling up the DagBag from /home/kai/Documents/airflowalura/venv/lib/python3.9/site-packages/airflow/example_dags/tutorial.py
[2024-08-12 22:50:19,154] {processor.py:651} INFO - DAG(s) dict_keys(['tutorial']) retrieved from /home/kai/Documents/airflowalura/venv/lib/python3.9/site-packages/airflow/example_dags/tutorial.py
[2024-08-12 22:50:19,167] {logging_mixin.py:115} INFO - [2024-08-12 22:50:19,167] {dag.py:2379} INFO - Sync 1 DAGs
[2024-08-12 22:50:19,182] {logging_mixin.py:115} INFO - [2024-08-12 22:50:19,182] {dag.py:2927} INFO - Setting next_dagrun for tutorial to 2024-08-12T01:50:19.182242+00:00, run_after=2024-08-13T01:50:19.182242+00:00
[2024-08-12 22:50:19,192] {processor.py:161} INFO - Processing /home/kai/Documents/airflowalura/venv/lib/python3.9/site-packages/airflow/example_dags/tutorial.py took 0.048 seconds
[2024-08-12 22:50:51,095] {processor.py:153} INFO - Started process (PID=10541) to work on /home/kai/Documents/airflowalura/venv/lib/python3.9/site-packages/airflow/example_dags/tutorial.py
[2024-08-12 22:50:51,096] {processor.py:641} INFO - Processing file /home/kai/Documents/airflowalura/venv/lib/python3.9/site-packages/airflow/example_dags/tutorial.py for tasks to queue
[2024-08-12 22:50:51,096] {logging_mixin.py:115} INFO - [2024-08-12 22:50:51,096] {dagbag.py:507} INFO - Filling up the DagBag from /home/kai/Documents/airflowalura/venv/lib/python3.9/site-packages/airflow/example_dags/tutorial.py
[2024-08-12 22:50:51,101] {processor.py:651} INFO - DAG(s) dict_keys(['tutorial']) retrieved from /home/kai/Documents/airflowalura/venv/lib/python3.9/site-packages/airflow/example_dags/tutorial.py
[2024-08-12 22:50:51,114] {logging_mixin.py:115} INFO - [2024-08-12 22:50:51,114] {dag.py:2379} INFO - Sync 1 DAGs
[2024-08-12 22:50:51,130] {logging_mixin.py:115} INFO - [2024-08-12 22:50:51,130] {dag.py:2927} INFO - Setting next_dagrun for tutorial to 2024-08-12T01:50:51.130042+00:00, run_after=2024-08-13T01:50:51.130042+00:00
[2024-08-12 22:50:51,139] {processor.py:161} INFO - Processing /home/kai/Documents/airflowalura/venv/lib/python3.9/site-packages/airflow/example_dags/tutorial.py took 0.047 seconds
[2024-08-12 22:51:24,144] {processor.py:153} INFO - Started process (PID=10717) to work on /home/kai/Documents/airflowalura/venv/lib/python3.9/site-packages/airflow/example_dags/tutorial.py
[2024-08-12 22:51:24,145] {processor.py:641} INFO - Processing file /home/kai/Documents/airflowalura/venv/lib/python3.9/site-packages/airflow/example_dags/tutorial.py for tasks to queue
[2024-08-12 22:51:24,146] {logging_mixin.py:115} INFO - [2024-08-12 22:51:24,146] {dagbag.py:507} INFO - Filling up the DagBag from /home/kai/Documents/airflowalura/venv/lib/python3.9/site-packages/airflow/example_dags/tutorial.py
[2024-08-12 22:51:24,152] {processor.py:651} INFO - DAG(s) dict_keys(['tutorial']) retrieved from /home/kai/Documents/airflowalura/venv/lib/python3.9/site-packages/airflow/example_dags/tutorial.py
[2024-08-12 22:51:24,168] {logging_mixin.py:115} INFO - [2024-08-12 22:51:24,168] {dag.py:2379} INFO - Sync 1 DAGs
[2024-08-12 22:51:24,184] {logging_mixin.py:115} INFO - [2024-08-12 22:51:24,184] {dag.py:2927} INFO - Setting next_dagrun for tutorial to 2024-08-12T01:51:24.184290+00:00, run_after=2024-08-13T01:51:24.184290+00:00
[2024-08-12 22:51:24,195] {processor.py:161} INFO - Processing /home/kai/Documents/airflowalura/venv/lib/python3.9/site-packages/airflow/example_dags/tutorial.py took 0.053 seconds
[2024-08-12 22:51:56,666] {processor.py:153} INFO - Started process (PID=10900) to work on /home/kai/Documents/airflowalura/venv/lib/python3.9/site-packages/airflow/example_dags/tutorial.py
[2024-08-12 22:51:56,667] {processor.py:641} INFO - Processing file /home/kai/Documents/airflowalura/venv/lib/python3.9/site-packages/airflow/example_dags/tutorial.py for tasks to queue
[2024-08-12 22:51:56,667] {logging_mixin.py:115} INFO - [2024-08-12 22:51:56,667] {dagbag.py:507} INFO - Filling up the DagBag from /home/kai/Documents/airflowalura/venv/lib/python3.9/site-packages/airflow/example_dags/tutorial.py
[2024-08-12 22:51:56,672] {processor.py:651} INFO - DAG(s) dict_keys(['tutorial']) retrieved from /home/kai/Documents/airflowalura/venv/lib/python3.9/site-packages/airflow/example_dags/tutorial.py
[2024-08-12 22:51:56,684] {logging_mixin.py:115} INFO - [2024-08-12 22:51:56,684] {dag.py:2379} INFO - Sync 1 DAGs
[2024-08-12 22:51:56,699] {logging_mixin.py:115} INFO - [2024-08-12 22:51:56,699] {dag.py:2927} INFO - Setting next_dagrun for tutorial to 2024-08-12T01:51:56.699131+00:00, run_after=2024-08-13T01:51:56.699131+00:00
[2024-08-12 22:51:56,708] {processor.py:161} INFO - Processing /home/kai/Documents/airflowalura/venv/lib/python3.9/site-packages/airflow/example_dags/tutorial.py took 0.044 seconds
[2024-08-12 22:52:27,923] {processor.py:153} INFO - Started process (PID=11076) to work on /home/kai/Documents/airflowalura/venv/lib/python3.9/site-packages/airflow/example_dags/tutorial.py
[2024-08-12 22:52:27,924] {processor.py:641} INFO - Processing file /home/kai/Documents/airflowalura/venv/lib/python3.9/site-packages/airflow/example_dags/tutorial.py for tasks to queue
[2024-08-12 22:52:27,924] {logging_mixin.py:115} INFO - [2024-08-12 22:52:27,924] {dagbag.py:507} INFO - Filling up the DagBag from /home/kai/Documents/airflowalura/venv/lib/python3.9/site-packages/airflow/example_dags/tutorial.py
[2024-08-12 22:52:27,929] {processor.py:651} INFO - DAG(s) dict_keys(['tutorial']) retrieved from /home/kai/Documents/airflowalura/venv/lib/python3.9/site-packages/airflow/example_dags/tutorial.py
[2024-08-12 22:52:27,942] {logging_mixin.py:115} INFO - [2024-08-12 22:52:27,942] {dag.py:2379} INFO - Sync 1 DAGs
[2024-08-12 22:52:27,958] {logging_mixin.py:115} INFO - [2024-08-12 22:52:27,958] {dag.py:2927} INFO - Setting next_dagrun for tutorial to 2024-08-12T01:52:27.958170+00:00, run_after=2024-08-13T01:52:27.958170+00:00
[2024-08-12 22:52:27,967] {processor.py:161} INFO - Processing /home/kai/Documents/airflowalura/venv/lib/python3.9/site-packages/airflow/example_dags/tutorial.py took 0.047 seconds
[2024-08-12 22:53:00,480] {processor.py:153} INFO - Started process (PID=11252) to work on /home/kai/Documents/airflowalura/venv/lib/python3.9/site-packages/airflow/example_dags/tutorial.py
[2024-08-12 22:53:00,481] {processor.py:641} INFO - Processing file /home/kai/Documents/airflowalura/venv/lib/python3.9/site-packages/airflow/example_dags/tutorial.py for tasks to queue
[2024-08-12 22:53:00,482] {logging_mixin.py:115} INFO - [2024-08-12 22:53:00,482] {dagbag.py:507} INFO - Filling up the DagBag from /home/kai/Documents/airflowalura/venv/lib/python3.9/site-packages/airflow/example_dags/tutorial.py
[2024-08-12 22:53:00,487] {processor.py:651} INFO - DAG(s) dict_keys(['tutorial']) retrieved from /home/kai/Documents/airflowalura/venv/lib/python3.9/site-packages/airflow/example_dags/tutorial.py
[2024-08-12 22:53:00,501] {logging_mixin.py:115} INFO - [2024-08-12 22:53:00,500] {dag.py:2379} INFO - Sync 1 DAGs
[2024-08-12 22:53:00,516] {logging_mixin.py:115} INFO - [2024-08-12 22:53:00,516] {dag.py:2927} INFO - Setting next_dagrun for tutorial to 2024-08-12T01:53:00.515963+00:00, run_after=2024-08-13T01:53:00.515963+00:00
[2024-08-12 22:53:00,526] {processor.py:161} INFO - Processing /home/kai/Documents/airflowalura/venv/lib/python3.9/site-packages/airflow/example_dags/tutorial.py took 0.048 seconds
[2024-08-12 22:53:32,411] {processor.py:153} INFO - Started process (PID=11428) to work on /home/kai/Documents/airflowalura/venv/lib/python3.9/site-packages/airflow/example_dags/tutorial.py
[2024-08-12 22:53:32,411] {processor.py:641} INFO - Processing file /home/kai/Documents/airflowalura/venv/lib/python3.9/site-packages/airflow/example_dags/tutorial.py for tasks to queue
[2024-08-12 22:53:32,412] {logging_mixin.py:115} INFO - [2024-08-12 22:53:32,412] {dagbag.py:507} INFO - Filling up the DagBag from /home/kai/Documents/airflowalura/venv/lib/python3.9/site-packages/airflow/example_dags/tutorial.py
[2024-08-12 22:53:32,416] {processor.py:651} INFO - DAG(s) dict_keys(['tutorial']) retrieved from /home/kai/Documents/airflowalura/venv/lib/python3.9/site-packages/airflow/example_dags/tutorial.py
[2024-08-12 22:53:32,429] {logging_mixin.py:115} INFO - [2024-08-12 22:53:32,429] {dag.py:2379} INFO - Sync 1 DAGs
[2024-08-12 22:53:32,447] {logging_mixin.py:115} INFO - [2024-08-12 22:53:32,447] {dag.py:2927} INFO - Setting next_dagrun for tutorial to 2024-08-12T01:53:32.446881+00:00, run_after=2024-08-13T01:53:32.446881+00:00
[2024-08-12 22:53:32,457] {processor.py:161} INFO - Processing /home/kai/Documents/airflowalura/venv/lib/python3.9/site-packages/airflow/example_dags/tutorial.py took 0.050 seconds
[2024-08-12 22:54:04,953] {processor.py:153} INFO - Started process (PID=11614) to work on /home/kai/Documents/airflowalura/venv/lib/python3.9/site-packages/airflow/example_dags/tutorial.py
[2024-08-12 22:54:04,954] {processor.py:641} INFO - Processing file /home/kai/Documents/airflowalura/venv/lib/python3.9/site-packages/airflow/example_dags/tutorial.py for tasks to queue
[2024-08-12 22:54:04,954] {logging_mixin.py:115} INFO - [2024-08-12 22:54:04,954] {dagbag.py:507} INFO - Filling up the DagBag from /home/kai/Documents/airflowalura/venv/lib/python3.9/site-packages/airflow/example_dags/tutorial.py
[2024-08-12 22:54:04,959] {processor.py:651} INFO - DAG(s) dict_keys(['tutorial']) retrieved from /home/kai/Documents/airflowalura/venv/lib/python3.9/site-packages/airflow/example_dags/tutorial.py
[2024-08-12 22:54:04,974] {logging_mixin.py:115} INFO - [2024-08-12 22:54:04,974] {dag.py:2379} INFO - Sync 1 DAGs
[2024-08-12 22:54:04,988] {logging_mixin.py:115} INFO - [2024-08-12 22:54:04,988] {dag.py:2927} INFO - Setting next_dagrun for tutorial to 2024-08-12T01:54:04.988347+00:00, run_after=2024-08-13T01:54:04.988347+00:00
[2024-08-12 22:54:04,997] {processor.py:161} INFO - Processing /home/kai/Documents/airflowalura/venv/lib/python3.9/site-packages/airflow/example_dags/tutorial.py took 0.046 seconds
[2024-08-12 22:54:36,757] {processor.py:153} INFO - Started process (PID=11789) to work on /home/kai/Documents/airflowalura/venv/lib/python3.9/site-packages/airflow/example_dags/tutorial.py
[2024-08-12 22:54:36,757] {processor.py:641} INFO - Processing file /home/kai/Documents/airflowalura/venv/lib/python3.9/site-packages/airflow/example_dags/tutorial.py for tasks to queue
[2024-08-12 22:54:36,758] {logging_mixin.py:115} INFO - [2024-08-12 22:54:36,758] {dagbag.py:507} INFO - Filling up the DagBag from /home/kai/Documents/airflowalura/venv/lib/python3.9/site-packages/airflow/example_dags/tutorial.py
[2024-08-12 22:54:36,763] {processor.py:651} INFO - DAG(s) dict_keys(['tutorial']) retrieved from /home/kai/Documents/airflowalura/venv/lib/python3.9/site-packages/airflow/example_dags/tutorial.py
[2024-08-12 22:54:36,776] {logging_mixin.py:115} INFO - [2024-08-12 22:54:36,776] {dag.py:2379} INFO - Sync 1 DAGs
[2024-08-12 22:54:36,791] {logging_mixin.py:115} INFO - [2024-08-12 22:54:36,791] {dag.py:2927} INFO - Setting next_dagrun for tutorial to 2024-08-12T01:54:36.791216+00:00, run_after=2024-08-13T01:54:36.791216+00:00
[2024-08-12 22:54:36,800] {processor.py:161} INFO - Processing /home/kai/Documents/airflowalura/venv/lib/python3.9/site-packages/airflow/example_dags/tutorial.py took 0.046 seconds
[2024-08-12 22:55:08,692] {processor.py:153} INFO - Started process (PID=11971) to work on /home/kai/Documents/airflowalura/venv/lib/python3.9/site-packages/airflow/example_dags/tutorial.py
[2024-08-12 22:55:08,693] {processor.py:641} INFO - Processing file /home/kai/Documents/airflowalura/venv/lib/python3.9/site-packages/airflow/example_dags/tutorial.py for tasks to queue
[2024-08-12 22:55:08,693] {logging_mixin.py:115} INFO - [2024-08-12 22:55:08,693] {dagbag.py:507} INFO - Filling up the DagBag from /home/kai/Documents/airflowalura/venv/lib/python3.9/site-packages/airflow/example_dags/tutorial.py
[2024-08-12 22:55:08,698] {processor.py:651} INFO - DAG(s) dict_keys(['tutorial']) retrieved from /home/kai/Documents/airflowalura/venv/lib/python3.9/site-packages/airflow/example_dags/tutorial.py
[2024-08-12 22:55:08,713] {logging_mixin.py:115} INFO - [2024-08-12 22:55:08,713] {dag.py:2379} INFO - Sync 1 DAGs
[2024-08-12 22:55:08,729] {logging_mixin.py:115} INFO - [2024-08-12 22:55:08,729] {dag.py:2927} INFO - Setting next_dagrun for tutorial to 2024-08-12T01:55:08.729057+00:00, run_after=2024-08-13T01:55:08.729057+00:00
[2024-08-12 22:55:08,739] {processor.py:161} INFO - Processing /home/kai/Documents/airflowalura/venv/lib/python3.9/site-packages/airflow/example_dags/tutorial.py took 0.049 seconds
[2024-08-12 22:55:39,984] {processor.py:153} INFO - Started process (PID=12190) to work on /home/kai/Documents/airflowalura/venv/lib/python3.9/site-packages/airflow/example_dags/tutorial.py
[2024-08-12 22:55:39,985] {processor.py:641} INFO - Processing file /home/kai/Documents/airflowalura/venv/lib/python3.9/site-packages/airflow/example_dags/tutorial.py for tasks to queue
[2024-08-12 22:55:39,986] {logging_mixin.py:115} INFO - [2024-08-12 22:55:39,986] {dagbag.py:507} INFO - Filling up the DagBag from /home/kai/Documents/airflowalura/venv/lib/python3.9/site-packages/airflow/example_dags/tutorial.py
[2024-08-12 22:55:39,991] {processor.py:651} INFO - DAG(s) dict_keys(['tutorial']) retrieved from /home/kai/Documents/airflowalura/venv/lib/python3.9/site-packages/airflow/example_dags/tutorial.py
[2024-08-12 22:55:40,005] {logging_mixin.py:115} INFO - [2024-08-12 22:55:40,005] {dag.py:2379} INFO - Sync 1 DAGs
[2024-08-12 22:55:40,018] {logging_mixin.py:115} INFO - [2024-08-12 22:55:40,018] {dag.py:2927} INFO - Setting next_dagrun for tutorial to 2024-08-12T01:55:40.018338+00:00, run_after=2024-08-13T01:55:40.018338+00:00
[2024-08-12 22:55:40,028] {processor.py:161} INFO - Processing /home/kai/Documents/airflowalura/venv/lib/python3.9/site-packages/airflow/example_dags/tutorial.py took 0.046 seconds
[2024-08-12 22:56:10,367] {processor.py:153} INFO - Started process (PID=12386) to work on /home/kai/Documents/airflowalura/venv/lib/python3.9/site-packages/airflow/example_dags/tutorial.py
[2024-08-12 22:56:10,368] {processor.py:641} INFO - Processing file /home/kai/Documents/airflowalura/venv/lib/python3.9/site-packages/airflow/example_dags/tutorial.py for tasks to queue
[2024-08-12 22:56:10,369] {logging_mixin.py:115} INFO - [2024-08-12 22:56:10,369] {dagbag.py:507} INFO - Filling up the DagBag from /home/kai/Documents/airflowalura/venv/lib/python3.9/site-packages/airflow/example_dags/tutorial.py
[2024-08-12 22:56:10,375] {processor.py:651} INFO - DAG(s) dict_keys(['tutorial']) retrieved from /home/kai/Documents/airflowalura/venv/lib/python3.9/site-packages/airflow/example_dags/tutorial.py
[2024-08-12 22:56:10,394] {logging_mixin.py:115} INFO - [2024-08-12 22:56:10,394] {dag.py:2379} INFO - Sync 1 DAGs
[2024-08-12 22:56:10,409] {logging_mixin.py:115} INFO - [2024-08-12 22:56:10,409] {dag.py:2927} INFO - Setting next_dagrun for tutorial to 2024-08-12T01:56:10.409196+00:00, run_after=2024-08-13T01:56:10.409196+00:00
[2024-08-12 22:56:10,419] {processor.py:161} INFO - Processing /home/kai/Documents/airflowalura/venv/lib/python3.9/site-packages/airflow/example_dags/tutorial.py took 0.054 seconds
[2024-08-12 22:56:40,746] {processor.py:153} INFO - Started process (PID=12564) to work on /home/kai/Documents/airflowalura/venv/lib/python3.9/site-packages/airflow/example_dags/tutorial.py
[2024-08-12 22:56:40,747] {processor.py:641} INFO - Processing file /home/kai/Documents/airflowalura/venv/lib/python3.9/site-packages/airflow/example_dags/tutorial.py for tasks to queue
[2024-08-12 22:56:40,747] {logging_mixin.py:115} INFO - [2024-08-12 22:56:40,747] {dagbag.py:507} INFO - Filling up the DagBag from /home/kai/Documents/airflowalura/venv/lib/python3.9/site-packages/airflow/example_dags/tutorial.py
[2024-08-12 22:56:40,752] {processor.py:651} INFO - DAG(s) dict_keys(['tutorial']) retrieved from /home/kai/Documents/airflowalura/venv/lib/python3.9/site-packages/airflow/example_dags/tutorial.py
[2024-08-12 22:56:40,768] {logging_mixin.py:115} INFO - [2024-08-12 22:56:40,768] {dag.py:2379} INFO - Sync 1 DAGs
[2024-08-12 22:56:40,786] {logging_mixin.py:115} INFO - [2024-08-12 22:56:40,786] {dag.py:2927} INFO - Setting next_dagrun for tutorial to 2024-08-12T01:56:40.786086+00:00, run_after=2024-08-13T01:56:40.786086+00:00
[2024-08-12 22:56:40,801] {processor.py:161} INFO - Processing /home/kai/Documents/airflowalura/venv/lib/python3.9/site-packages/airflow/example_dags/tutorial.py took 0.057 seconds
[2024-08-12 22:57:14,519] {processor.py:153} INFO - Started process (PID=12755) to work on /home/kai/Documents/airflowalura/venv/lib/python3.9/site-packages/airflow/example_dags/tutorial.py
[2024-08-12 22:57:14,520] {processor.py:641} INFO - Processing file /home/kai/Documents/airflowalura/venv/lib/python3.9/site-packages/airflow/example_dags/tutorial.py for tasks to queue
[2024-08-12 22:57:14,520] {logging_mixin.py:115} INFO - [2024-08-12 22:57:14,520] {dagbag.py:507} INFO - Filling up the DagBag from /home/kai/Documents/airflowalura/venv/lib/python3.9/site-packages/airflow/example_dags/tutorial.py
[2024-08-12 22:57:14,525] {processor.py:651} INFO - DAG(s) dict_keys(['tutorial']) retrieved from /home/kai/Documents/airflowalura/venv/lib/python3.9/site-packages/airflow/example_dags/tutorial.py
[2024-08-12 22:57:14,540] {logging_mixin.py:115} INFO - [2024-08-12 22:57:14,540] {dag.py:2379} INFO - Sync 1 DAGs
[2024-08-12 22:57:14,553] {logging_mixin.py:115} INFO - [2024-08-12 22:57:14,553] {dag.py:2927} INFO - Setting next_dagrun for tutorial to 2024-08-12T01:57:14.553081+00:00, run_after=2024-08-13T01:57:14.553081+00:00
[2024-08-12 22:57:14,562] {processor.py:161} INFO - Processing /home/kai/Documents/airflowalura/venv/lib/python3.9/site-packages/airflow/example_dags/tutorial.py took 0.045 seconds
[2024-08-12 22:57:44,845] {processor.py:153} INFO - Started process (PID=12918) to work on /home/kai/Documents/airflowalura/venv/lib/python3.9/site-packages/airflow/example_dags/tutorial.py
[2024-08-12 22:57:44,846] {processor.py:641} INFO - Processing file /home/kai/Documents/airflowalura/venv/lib/python3.9/site-packages/airflow/example_dags/tutorial.py for tasks to queue
[2024-08-12 22:57:44,846] {logging_mixin.py:115} INFO - [2024-08-12 22:57:44,846] {dagbag.py:507} INFO - Filling up the DagBag from /home/kai/Documents/airflowalura/venv/lib/python3.9/site-packages/airflow/example_dags/tutorial.py
[2024-08-12 22:57:44,852] {processor.py:651} INFO - DAG(s) dict_keys(['tutorial']) retrieved from /home/kai/Documents/airflowalura/venv/lib/python3.9/site-packages/airflow/example_dags/tutorial.py
[2024-08-12 22:57:44,868] {logging_mixin.py:115} INFO - [2024-08-12 22:57:44,867] {dag.py:2379} INFO - Sync 1 DAGs
[2024-08-12 22:57:44,880] {logging_mixin.py:115} INFO - [2024-08-12 22:57:44,880] {dag.py:2927} INFO - Setting next_dagrun for tutorial to 2024-08-12T01:57:44.880649+00:00, run_after=2024-08-13T01:57:44.880649+00:00
[2024-08-12 22:57:44,891] {processor.py:161} INFO - Processing /home/kai/Documents/airflowalura/venv/lib/python3.9/site-packages/airflow/example_dags/tutorial.py took 0.049 seconds
[2024-08-12 22:58:17,489] {processor.py:153} INFO - Started process (PID=13097) to work on /home/kai/Documents/airflowalura/venv/lib/python3.9/site-packages/airflow/example_dags/tutorial.py
[2024-08-12 22:58:17,489] {processor.py:641} INFO - Processing file /home/kai/Documents/airflowalura/venv/lib/python3.9/site-packages/airflow/example_dags/tutorial.py for tasks to queue
[2024-08-12 22:58:17,490] {logging_mixin.py:115} INFO - [2024-08-12 22:58:17,490] {dagbag.py:507} INFO - Filling up the DagBag from /home/kai/Documents/airflowalura/venv/lib/python3.9/site-packages/airflow/example_dags/tutorial.py
[2024-08-12 22:58:17,494] {processor.py:651} INFO - DAG(s) dict_keys(['tutorial']) retrieved from /home/kai/Documents/airflowalura/venv/lib/python3.9/site-packages/airflow/example_dags/tutorial.py
[2024-08-12 22:58:17,509] {logging_mixin.py:115} INFO - [2024-08-12 22:58:17,509] {dag.py:2379} INFO - Sync 1 DAGs
[2024-08-12 22:58:17,522] {logging_mixin.py:115} INFO - [2024-08-12 22:58:17,522] {dag.py:2927} INFO - Setting next_dagrun for tutorial to 2024-08-12T01:58:17.521809+00:00, run_after=2024-08-13T01:58:17.521809+00:00
[2024-08-12 22:58:17,530] {processor.py:161} INFO - Processing /home/kai/Documents/airflowalura/venv/lib/python3.9/site-packages/airflow/example_dags/tutorial.py took 0.044 seconds
[2024-08-12 22:58:49,424] {processor.py:153} INFO - Started process (PID=13277) to work on /home/kai/Documents/airflowalura/venv/lib/python3.9/site-packages/airflow/example_dags/tutorial.py
[2024-08-12 22:58:49,425] {processor.py:641} INFO - Processing file /home/kai/Documents/airflowalura/venv/lib/python3.9/site-packages/airflow/example_dags/tutorial.py for tasks to queue
[2024-08-12 22:58:49,425] {logging_mixin.py:115} INFO - [2024-08-12 22:58:49,425] {dagbag.py:507} INFO - Filling up the DagBag from /home/kai/Documents/airflowalura/venv/lib/python3.9/site-packages/airflow/example_dags/tutorial.py
[2024-08-12 22:58:49,430] {processor.py:651} INFO - DAG(s) dict_keys(['tutorial']) retrieved from /home/kai/Documents/airflowalura/venv/lib/python3.9/site-packages/airflow/example_dags/tutorial.py
[2024-08-12 22:58:49,446] {logging_mixin.py:115} INFO - [2024-08-12 22:58:49,446] {dag.py:2379} INFO - Sync 1 DAGs
[2024-08-12 22:58:49,461] {logging_mixin.py:115} INFO - [2024-08-12 22:58:49,461] {dag.py:2927} INFO - Setting next_dagrun for tutorial to 2024-08-12T01:58:49.460972+00:00, run_after=2024-08-13T01:58:49.460972+00:00
[2024-08-12 22:58:49,470] {processor.py:161} INFO - Processing /home/kai/Documents/airflowalura/venv/lib/python3.9/site-packages/airflow/example_dags/tutorial.py took 0.049 seconds
[2024-08-12 22:59:22,698] {processor.py:153} INFO - Started process (PID=13458) to work on /home/kai/Documents/airflowalura/venv/lib/python3.9/site-packages/airflow/example_dags/tutorial.py
[2024-08-12 22:59:22,699] {processor.py:641} INFO - Processing file /home/kai/Documents/airflowalura/venv/lib/python3.9/site-packages/airflow/example_dags/tutorial.py for tasks to queue
[2024-08-12 22:59:22,700] {logging_mixin.py:115} INFO - [2024-08-12 22:59:22,699] {dagbag.py:507} INFO - Filling up the DagBag from /home/kai/Documents/airflowalura/venv/lib/python3.9/site-packages/airflow/example_dags/tutorial.py
[2024-08-12 22:59:22,705] {processor.py:651} INFO - DAG(s) dict_keys(['tutorial']) retrieved from /home/kai/Documents/airflowalura/venv/lib/python3.9/site-packages/airflow/example_dags/tutorial.py
[2024-08-12 22:59:22,721] {logging_mixin.py:115} INFO - [2024-08-12 22:59:22,721] {dag.py:2379} INFO - Sync 1 DAGs
[2024-08-12 22:59:22,736] {logging_mixin.py:115} INFO - [2024-08-12 22:59:22,736] {dag.py:2927} INFO - Setting next_dagrun for tutorial to 2024-08-12T01:59:22.736648+00:00, run_after=2024-08-13T01:59:22.736648+00:00
[2024-08-12 22:59:22,745] {processor.py:161} INFO - Processing /home/kai/Documents/airflowalura/venv/lib/python3.9/site-packages/airflow/example_dags/tutorial.py took 0.049 seconds
[2024-08-12 22:59:55,050] {processor.py:153} INFO - Started process (PID=13643) to work on /home/kai/Documents/airflowalura/venv/lib/python3.9/site-packages/airflow/example_dags/tutorial.py
[2024-08-12 22:59:55,051] {processor.py:641} INFO - Processing file /home/kai/Documents/airflowalura/venv/lib/python3.9/site-packages/airflow/example_dags/tutorial.py for tasks to queue
[2024-08-12 22:59:55,051] {logging_mixin.py:115} INFO - [2024-08-12 22:59:55,051] {dagbag.py:507} INFO - Filling up the DagBag from /home/kai/Documents/airflowalura/venv/lib/python3.9/site-packages/airflow/example_dags/tutorial.py
[2024-08-12 22:59:55,056] {processor.py:651} INFO - DAG(s) dict_keys(['tutorial']) retrieved from /home/kai/Documents/airflowalura/venv/lib/python3.9/site-packages/airflow/example_dags/tutorial.py
[2024-08-12 22:59:55,073] {logging_mixin.py:115} INFO - [2024-08-12 22:59:55,073] {dag.py:2379} INFO - Sync 1 DAGs
[2024-08-12 22:59:55,087] {logging_mixin.py:115} INFO - [2024-08-12 22:59:55,087] {dag.py:2927} INFO - Setting next_dagrun for tutorial to 2024-08-12T01:59:55.087603+00:00, run_after=2024-08-13T01:59:55.087603+00:00
[2024-08-12 22:59:55,097] {processor.py:161} INFO - Processing /home/kai/Documents/airflowalura/venv/lib/python3.9/site-packages/airflow/example_dags/tutorial.py took 0.050 seconds
[2024-08-12 23:00:27,451] {processor.py:153} INFO - Started process (PID=13885) to work on /home/kai/Documents/airflowalura/venv/lib/python3.9/site-packages/airflow/example_dags/tutorial.py
[2024-08-12 23:00:27,452] {processor.py:641} INFO - Processing file /home/kai/Documents/airflowalura/venv/lib/python3.9/site-packages/airflow/example_dags/tutorial.py for tasks to queue
[2024-08-12 23:00:27,452] {logging_mixin.py:115} INFO - [2024-08-12 23:00:27,452] {dagbag.py:507} INFO - Filling up the DagBag from /home/kai/Documents/airflowalura/venv/lib/python3.9/site-packages/airflow/example_dags/tutorial.py
[2024-08-12 23:00:27,458] {processor.py:651} INFO - DAG(s) dict_keys(['tutorial']) retrieved from /home/kai/Documents/airflowalura/venv/lib/python3.9/site-packages/airflow/example_dags/tutorial.py
[2024-08-12 23:00:27,474] {logging_mixin.py:115} INFO - [2024-08-12 23:00:27,474] {dag.py:2379} INFO - Sync 1 DAGs
[2024-08-12 23:00:27,487] {logging_mixin.py:115} INFO - [2024-08-12 23:00:27,487] {dag.py:2927} INFO - Setting next_dagrun for tutorial to 2024-08-12T02:00:27.487376+00:00, run_after=2024-08-13T02:00:27.487376+00:00
[2024-08-12 23:00:27,496] {processor.py:161} INFO - Processing /home/kai/Documents/airflowalura/venv/lib/python3.9/site-packages/airflow/example_dags/tutorial.py took 0.048 seconds
[2024-08-12 23:01:00,515] {processor.py:153} INFO - Started process (PID=14082) to work on /home/kai/Documents/airflowalura/venv/lib/python3.9/site-packages/airflow/example_dags/tutorial.py
[2024-08-12 23:01:00,516] {processor.py:641} INFO - Processing file /home/kai/Documents/airflowalura/venv/lib/python3.9/site-packages/airflow/example_dags/tutorial.py for tasks to queue
[2024-08-12 23:01:00,517] {logging_mixin.py:115} INFO - [2024-08-12 23:01:00,516] {dagbag.py:507} INFO - Filling up the DagBag from /home/kai/Documents/airflowalura/venv/lib/python3.9/site-packages/airflow/example_dags/tutorial.py
[2024-08-12 23:01:00,522] {processor.py:651} INFO - DAG(s) dict_keys(['tutorial']) retrieved from /home/kai/Documents/airflowalura/venv/lib/python3.9/site-packages/airflow/example_dags/tutorial.py
[2024-08-12 23:01:00,537] {logging_mixin.py:115} INFO - [2024-08-12 23:01:00,536] {dag.py:2379} INFO - Sync 1 DAGs
[2024-08-12 23:01:00,550] {logging_mixin.py:115} INFO - [2024-08-12 23:01:00,550] {dag.py:2927} INFO - Setting next_dagrun for tutorial to 2024-08-12T02:01:00.550561+00:00, run_after=2024-08-13T02:01:00.550561+00:00
[2024-08-12 23:01:00,561] {processor.py:161} INFO - Processing /home/kai/Documents/airflowalura/venv/lib/python3.9/site-packages/airflow/example_dags/tutorial.py took 0.049 seconds
[2024-08-12 23:01:34,165] {processor.py:153} INFO - Started process (PID=14265) to work on /home/kai/Documents/airflowalura/venv/lib/python3.9/site-packages/airflow/example_dags/tutorial.py
[2024-08-12 23:01:34,165] {processor.py:641} INFO - Processing file /home/kai/Documents/airflowalura/venv/lib/python3.9/site-packages/airflow/example_dags/tutorial.py for tasks to queue
[2024-08-12 23:01:34,166] {logging_mixin.py:115} INFO - [2024-08-12 23:01:34,166] {dagbag.py:507} INFO - Filling up the DagBag from /home/kai/Documents/airflowalura/venv/lib/python3.9/site-packages/airflow/example_dags/tutorial.py
[2024-08-12 23:01:34,171] {processor.py:651} INFO - DAG(s) dict_keys(['tutorial']) retrieved from /home/kai/Documents/airflowalura/venv/lib/python3.9/site-packages/airflow/example_dags/tutorial.py
[2024-08-12 23:01:34,185] {logging_mixin.py:115} INFO - [2024-08-12 23:01:34,185] {dag.py:2379} INFO - Sync 1 DAGs
[2024-08-12 23:01:34,197] {logging_mixin.py:115} INFO - [2024-08-12 23:01:34,197] {dag.py:2927} INFO - Setting next_dagrun for tutorial to 2024-08-12T02:01:34.197482+00:00, run_after=2024-08-13T02:01:34.197482+00:00
[2024-08-12 23:01:34,206] {processor.py:161} INFO - Processing /home/kai/Documents/airflowalura/venv/lib/python3.9/site-packages/airflow/example_dags/tutorial.py took 0.044 seconds
[2024-08-12 23:02:05,687] {processor.py:153} INFO - Started process (PID=14438) to work on /home/kai/Documents/airflowalura/venv/lib/python3.9/site-packages/airflow/example_dags/tutorial.py
[2024-08-12 23:02:05,687] {processor.py:641} INFO - Processing file /home/kai/Documents/airflowalura/venv/lib/python3.9/site-packages/airflow/example_dags/tutorial.py for tasks to queue
[2024-08-12 23:02:05,688] {logging_mixin.py:115} INFO - [2024-08-12 23:02:05,688] {dagbag.py:507} INFO - Filling up the DagBag from /home/kai/Documents/airflowalura/venv/lib/python3.9/site-packages/airflow/example_dags/tutorial.py
[2024-08-12 23:02:05,692] {processor.py:651} INFO - DAG(s) dict_keys(['tutorial']) retrieved from /home/kai/Documents/airflowalura/venv/lib/python3.9/site-packages/airflow/example_dags/tutorial.py
[2024-08-12 23:02:05,707] {logging_mixin.py:115} INFO - [2024-08-12 23:02:05,707] {dag.py:2379} INFO - Sync 1 DAGs
[2024-08-12 23:02:05,719] {logging_mixin.py:115} INFO - [2024-08-12 23:02:05,719] {dag.py:2927} INFO - Setting next_dagrun for tutorial to 2024-08-12T02:02:05.719669+00:00, run_after=2024-08-13T02:02:05.719669+00:00
[2024-08-12 23:02:05,728] {processor.py:161} INFO - Processing /home/kai/Documents/airflowalura/venv/lib/python3.9/site-packages/airflow/example_dags/tutorial.py took 0.044 seconds
[2024-08-12 23:02:37,991] {processor.py:153} INFO - Started process (PID=14608) to work on /home/kai/Documents/airflowalura/venv/lib/python3.9/site-packages/airflow/example_dags/tutorial.py
[2024-08-12 23:02:37,992] {processor.py:641} INFO - Processing file /home/kai/Documents/airflowalura/venv/lib/python3.9/site-packages/airflow/example_dags/tutorial.py for tasks to queue
[2024-08-12 23:02:37,992] {logging_mixin.py:115} INFO - [2024-08-12 23:02:37,992] {dagbag.py:507} INFO - Filling up the DagBag from /home/kai/Documents/airflowalura/venv/lib/python3.9/site-packages/airflow/example_dags/tutorial.py
[2024-08-12 23:02:37,997] {processor.py:651} INFO - DAG(s) dict_keys(['tutorial']) retrieved from /home/kai/Documents/airflowalura/venv/lib/python3.9/site-packages/airflow/example_dags/tutorial.py
[2024-08-12 23:02:38,011] {logging_mixin.py:115} INFO - [2024-08-12 23:02:38,011] {dag.py:2379} INFO - Sync 1 DAGs
[2024-08-12 23:02:38,024] {logging_mixin.py:115} INFO - [2024-08-12 23:02:38,024] {dag.py:2927} INFO - Setting next_dagrun for tutorial to 2024-08-12T02:02:38.024269+00:00, run_after=2024-08-13T02:02:38.024269+00:00
[2024-08-12 23:02:38,034] {processor.py:161} INFO - Processing /home/kai/Documents/airflowalura/venv/lib/python3.9/site-packages/airflow/example_dags/tutorial.py took 0.045 seconds
[2024-08-12 23:03:13,222] {processor.py:153} INFO - Started process (PID=14823) to work on /home/kai/Documents/airflowalura/venv/lib/python3.9/site-packages/airflow/example_dags/tutorial.py
[2024-08-12 23:03:13,223] {processor.py:641} INFO - Processing file /home/kai/Documents/airflowalura/venv/lib/python3.9/site-packages/airflow/example_dags/tutorial.py for tasks to queue
[2024-08-12 23:03:13,223] {logging_mixin.py:115} INFO - [2024-08-12 23:03:13,223] {dagbag.py:507} INFO - Filling up the DagBag from /home/kai/Documents/airflowalura/venv/lib/python3.9/site-packages/airflow/example_dags/tutorial.py
[2024-08-12 23:03:13,228] {processor.py:651} INFO - DAG(s) dict_keys(['tutorial']) retrieved from /home/kai/Documents/airflowalura/venv/lib/python3.9/site-packages/airflow/example_dags/tutorial.py
[2024-08-12 23:03:13,243] {logging_mixin.py:115} INFO - [2024-08-12 23:03:13,243] {dag.py:2379} INFO - Sync 1 DAGs
[2024-08-12 23:03:13,256] {logging_mixin.py:115} INFO - [2024-08-12 23:03:13,256] {dag.py:2927} INFO - Setting next_dagrun for tutorial to 2024-08-12T02:03:13.256358+00:00, run_after=2024-08-13T02:03:13.256358+00:00
[2024-08-12 23:03:13,267] {processor.py:161} INFO - Processing /home/kai/Documents/airflowalura/venv/lib/python3.9/site-packages/airflow/example_dags/tutorial.py took 0.048 seconds
[2024-08-12 23:03:45,641] {processor.py:153} INFO - Started process (PID=14999) to work on /home/kai/Documents/airflowalura/venv/lib/python3.9/site-packages/airflow/example_dags/tutorial.py
[2024-08-12 23:03:45,642] {processor.py:641} INFO - Processing file /home/kai/Documents/airflowalura/venv/lib/python3.9/site-packages/airflow/example_dags/tutorial.py for tasks to queue
[2024-08-12 23:03:45,643] {logging_mixin.py:115} INFO - [2024-08-12 23:03:45,643] {dagbag.py:507} INFO - Filling up the DagBag from /home/kai/Documents/airflowalura/venv/lib/python3.9/site-packages/airflow/example_dags/tutorial.py
[2024-08-12 23:03:45,648] {processor.py:651} INFO - DAG(s) dict_keys(['tutorial']) retrieved from /home/kai/Documents/airflowalura/venv/lib/python3.9/site-packages/airflow/example_dags/tutorial.py
[2024-08-12 23:03:45,664] {logging_mixin.py:115} INFO - [2024-08-12 23:03:45,664] {dag.py:2379} INFO - Sync 1 DAGs
[2024-08-12 23:03:45,678] {logging_mixin.py:115} INFO - [2024-08-12 23:03:45,678] {dag.py:2927} INFO - Setting next_dagrun for tutorial to 2024-08-12T02:03:45.678645+00:00, run_after=2024-08-13T02:03:45.678645+00:00
[2024-08-12 23:03:45,688] {processor.py:161} INFO - Processing /home/kai/Documents/airflowalura/venv/lib/python3.9/site-packages/airflow/example_dags/tutorial.py took 0.049 seconds
[2024-08-12 23:04:17,309] {processor.py:153} INFO - Started process (PID=15193) to work on /home/kai/Documents/airflowalura/venv/lib/python3.9/site-packages/airflow/example_dags/tutorial.py
[2024-08-12 23:04:17,309] {processor.py:641} INFO - Processing file /home/kai/Documents/airflowalura/venv/lib/python3.9/site-packages/airflow/example_dags/tutorial.py for tasks to queue
[2024-08-12 23:04:17,310] {logging_mixin.py:115} INFO - [2024-08-12 23:04:17,310] {dagbag.py:507} INFO - Filling up the DagBag from /home/kai/Documents/airflowalura/venv/lib/python3.9/site-packages/airflow/example_dags/tutorial.py
[2024-08-12 23:04:17,315] {processor.py:651} INFO - DAG(s) dict_keys(['tutorial']) retrieved from /home/kai/Documents/airflowalura/venv/lib/python3.9/site-packages/airflow/example_dags/tutorial.py
[2024-08-12 23:04:17,329] {logging_mixin.py:115} INFO - [2024-08-12 23:04:17,329] {dag.py:2379} INFO - Sync 1 DAGs
[2024-08-12 23:04:17,341] {logging_mixin.py:115} INFO - [2024-08-12 23:04:17,341] {dag.py:2927} INFO - Setting next_dagrun for tutorial to 2024-08-12T02:04:17.341577+00:00, run_after=2024-08-13T02:04:17.341577+00:00
[2024-08-12 23:04:17,350] {processor.py:161} INFO - Processing /home/kai/Documents/airflowalura/venv/lib/python3.9/site-packages/airflow/example_dags/tutorial.py took 0.044 seconds
[2024-08-12 23:04:51,072] {processor.py:153} INFO - Started process (PID=15379) to work on /home/kai/Documents/airflowalura/venv/lib/python3.9/site-packages/airflow/example_dags/tutorial.py
[2024-08-12 23:04:51,073] {processor.py:641} INFO - Processing file /home/kai/Documents/airflowalura/venv/lib/python3.9/site-packages/airflow/example_dags/tutorial.py for tasks to queue
[2024-08-12 23:04:51,073] {logging_mixin.py:115} INFO - [2024-08-12 23:04:51,073] {dagbag.py:507} INFO - Filling up the DagBag from /home/kai/Documents/airflowalura/venv/lib/python3.9/site-packages/airflow/example_dags/tutorial.py
[2024-08-12 23:04:51,078] {processor.py:651} INFO - DAG(s) dict_keys(['tutorial']) retrieved from /home/kai/Documents/airflowalura/venv/lib/python3.9/site-packages/airflow/example_dags/tutorial.py
[2024-08-12 23:04:51,092] {logging_mixin.py:115} INFO - [2024-08-12 23:04:51,092] {dag.py:2379} INFO - Sync 1 DAGs
[2024-08-12 23:04:51,105] {logging_mixin.py:115} INFO - [2024-08-12 23:04:51,105] {dag.py:2927} INFO - Setting next_dagrun for tutorial to 2024-08-12T02:04:51.105661+00:00, run_after=2024-08-13T02:04:51.105661+00:00
[2024-08-12 23:04:51,115] {processor.py:161} INFO - Processing /home/kai/Documents/airflowalura/venv/lib/python3.9/site-packages/airflow/example_dags/tutorial.py took 0.045 seconds
[2024-08-12 23:05:23,171] {processor.py:153} INFO - Started process (PID=15625) to work on /home/kai/Documents/airflowalura/venv/lib/python3.9/site-packages/airflow/example_dags/tutorial.py
[2024-08-12 23:05:23,172] {processor.py:641} INFO - Processing file /home/kai/Documents/airflowalura/venv/lib/python3.9/site-packages/airflow/example_dags/tutorial.py for tasks to queue
[2024-08-12 23:05:23,173] {logging_mixin.py:115} INFO - [2024-08-12 23:05:23,173] {dagbag.py:507} INFO - Filling up the DagBag from /home/kai/Documents/airflowalura/venv/lib/python3.9/site-packages/airflow/example_dags/tutorial.py
[2024-08-12 23:05:23,178] {processor.py:651} INFO - DAG(s) dict_keys(['tutorial']) retrieved from /home/kai/Documents/airflowalura/venv/lib/python3.9/site-packages/airflow/example_dags/tutorial.py
[2024-08-12 23:05:23,193] {logging_mixin.py:115} INFO - [2024-08-12 23:05:23,193] {dag.py:2379} INFO - Sync 1 DAGs
[2024-08-12 23:05:23,206] {logging_mixin.py:115} INFO - [2024-08-12 23:05:23,206] {dag.py:2927} INFO - Setting next_dagrun for tutorial to 2024-08-12T02:05:23.206277+00:00, run_after=2024-08-13T02:05:23.206277+00:00
[2024-08-12 23:05:23,216] {processor.py:161} INFO - Processing /home/kai/Documents/airflowalura/venv/lib/python3.9/site-packages/airflow/example_dags/tutorial.py took 0.048 seconds
[2024-08-12 23:05:55,098] {processor.py:153} INFO - Started process (PID=15806) to work on /home/kai/Documents/airflowalura/venv/lib/python3.9/site-packages/airflow/example_dags/tutorial.py
[2024-08-12 23:05:55,098] {processor.py:641} INFO - Processing file /home/kai/Documents/airflowalura/venv/lib/python3.9/site-packages/airflow/example_dags/tutorial.py for tasks to queue
[2024-08-12 23:05:55,099] {logging_mixin.py:115} INFO - [2024-08-12 23:05:55,099] {dagbag.py:507} INFO - Filling up the DagBag from /home/kai/Documents/airflowalura/venv/lib/python3.9/site-packages/airflow/example_dags/tutorial.py
[2024-08-12 23:05:55,103] {processor.py:651} INFO - DAG(s) dict_keys(['tutorial']) retrieved from /home/kai/Documents/airflowalura/venv/lib/python3.9/site-packages/airflow/example_dags/tutorial.py
[2024-08-12 23:05:55,118] {logging_mixin.py:115} INFO - [2024-08-12 23:05:55,118] {dag.py:2379} INFO - Sync 1 DAGs
[2024-08-12 23:05:55,131] {logging_mixin.py:115} INFO - [2024-08-12 23:05:55,131] {dag.py:2927} INFO - Setting next_dagrun for tutorial to 2024-08-12T02:05:55.131405+00:00, run_after=2024-08-13T02:05:55.131405+00:00
[2024-08-12 23:05:55,140] {processor.py:161} INFO - Processing /home/kai/Documents/airflowalura/venv/lib/python3.9/site-packages/airflow/example_dags/tutorial.py took 0.046 seconds
