[2024-08-12 22:17:49,920] {processor.py:153} INFO - Started process (PID=35259) to work on /home/kai/Documents/airflowalura/venv/lib/python3.9/site-packages/airflow/example_dags/tutorial_etl_dag.py
[2024-08-12 22:17:49,922] {processor.py:641} INFO - Processing file /home/kai/Documents/airflowalura/venv/lib/python3.9/site-packages/airflow/example_dags/tutorial_etl_dag.py for tasks to queue
[2024-08-12 22:17:49,923] {logging_mixin.py:115} INFO - [2024-08-12 22:17:49,923] {dagbag.py:507} INFO - Filling up the DagBag from /home/kai/Documents/airflowalura/venv/lib/python3.9/site-packages/airflow/example_dags/tutorial_etl_dag.py
[2024-08-12 22:17:49,929] {processor.py:651} INFO - DAG(s) dict_keys(['tutorial_etl_dag']) retrieved from /home/kai/Documents/airflowalura/venv/lib/python3.9/site-packages/airflow/example_dags/tutorial_etl_dag.py
[2024-08-12 22:17:49,965] {logging_mixin.py:115} INFO - [2024-08-12 22:17:49,965] {dag.py:2379} INFO - Sync 1 DAGs
[2024-08-12 22:17:49,977] {logging_mixin.py:115} INFO - [2024-08-12 22:17:49,977] {dag.py:2927} INFO - Setting next_dagrun for tutorial_etl_dag to None, run_after=None
[2024-08-12 22:17:49,988] {processor.py:161} INFO - Processing /home/kai/Documents/airflowalura/venv/lib/python3.9/site-packages/airflow/example_dags/tutorial_etl_dag.py took 0.070 seconds
[2024-08-12 22:18:31,646] {processor.py:153} INFO - Started process (PID=35975) to work on /home/kai/Documents/airflowalura/venv/lib/python3.9/site-packages/airflow/example_dags/tutorial_etl_dag.py
[2024-08-12 22:18:31,647] {processor.py:641} INFO - Processing file /home/kai/Documents/airflowalura/venv/lib/python3.9/site-packages/airflow/example_dags/tutorial_etl_dag.py for tasks to queue
[2024-08-12 22:18:31,648] {logging_mixin.py:115} INFO - [2024-08-12 22:18:31,647] {dagbag.py:507} INFO - Filling up the DagBag from /home/kai/Documents/airflowalura/venv/lib/python3.9/site-packages/airflow/example_dags/tutorial_etl_dag.py
[2024-08-12 22:18:31,655] {processor.py:651} INFO - DAG(s) dict_keys(['tutorial_etl_dag']) retrieved from /home/kai/Documents/airflowalura/venv/lib/python3.9/site-packages/airflow/example_dags/tutorial_etl_dag.py
[2024-08-12 22:18:31,669] {logging_mixin.py:115} INFO - [2024-08-12 22:18:31,669] {dag.py:2379} INFO - Sync 1 DAGs
[2024-08-12 22:18:31,687] {logging_mixin.py:115} INFO - [2024-08-12 22:18:31,687] {dag.py:2927} INFO - Setting next_dagrun for tutorial_etl_dag to None, run_after=None
[2024-08-12 22:18:31,697] {processor.py:161} INFO - Processing /home/kai/Documents/airflowalura/venv/lib/python3.9/site-packages/airflow/example_dags/tutorial_etl_dag.py took 0.053 seconds
[2024-08-12 22:19:05,359] {processor.py:153} INFO - Started process (PID=36373) to work on /home/kai/Documents/airflowalura/venv/lib/python3.9/site-packages/airflow/example_dags/tutorial_etl_dag.py
[2024-08-12 22:19:05,360] {processor.py:641} INFO - Processing file /home/kai/Documents/airflowalura/venv/lib/python3.9/site-packages/airflow/example_dags/tutorial_etl_dag.py for tasks to queue
[2024-08-12 22:19:05,361] {logging_mixin.py:115} INFO - [2024-08-12 22:19:05,360] {dagbag.py:507} INFO - Filling up the DagBag from /home/kai/Documents/airflowalura/venv/lib/python3.9/site-packages/airflow/example_dags/tutorial_etl_dag.py
[2024-08-12 22:19:05,370] {processor.py:651} INFO - DAG(s) dict_keys(['tutorial_etl_dag']) retrieved from /home/kai/Documents/airflowalura/venv/lib/python3.9/site-packages/airflow/example_dags/tutorial_etl_dag.py
[2024-08-12 22:19:05,389] {logging_mixin.py:115} INFO - [2024-08-12 22:19:05,389] {dag.py:2379} INFO - Sync 1 DAGs
[2024-08-12 22:19:05,410] {logging_mixin.py:115} INFO - [2024-08-12 22:19:05,410] {dag.py:2927} INFO - Setting next_dagrun for tutorial_etl_dag to None, run_after=None
[2024-08-12 22:19:05,422] {processor.py:161} INFO - Processing /home/kai/Documents/airflowalura/venv/lib/python3.9/site-packages/airflow/example_dags/tutorial_etl_dag.py took 0.067 seconds
[2024-08-12 22:19:39,569] {processor.py:153} INFO - Started process (PID=36588) to work on /home/kai/Documents/airflowalura/venv/lib/python3.9/site-packages/airflow/example_dags/tutorial_etl_dag.py
[2024-08-12 22:19:39,569] {processor.py:641} INFO - Processing file /home/kai/Documents/airflowalura/venv/lib/python3.9/site-packages/airflow/example_dags/tutorial_etl_dag.py for tasks to queue
[2024-08-12 22:19:39,570] {logging_mixin.py:115} INFO - [2024-08-12 22:19:39,570] {dagbag.py:507} INFO - Filling up the DagBag from /home/kai/Documents/airflowalura/venv/lib/python3.9/site-packages/airflow/example_dags/tutorial_etl_dag.py
[2024-08-12 22:19:39,576] {processor.py:651} INFO - DAG(s) dict_keys(['tutorial_etl_dag']) retrieved from /home/kai/Documents/airflowalura/venv/lib/python3.9/site-packages/airflow/example_dags/tutorial_etl_dag.py
[2024-08-12 22:19:39,588] {logging_mixin.py:115} INFO - [2024-08-12 22:19:39,588] {dag.py:2379} INFO - Sync 1 DAGs
[2024-08-12 22:19:39,605] {logging_mixin.py:115} INFO - [2024-08-12 22:19:39,604] {dag.py:2927} INFO - Setting next_dagrun for tutorial_etl_dag to None, run_after=None
[2024-08-12 22:19:39,614] {processor.py:161} INFO - Processing /home/kai/Documents/airflowalura/venv/lib/python3.9/site-packages/airflow/example_dags/tutorial_etl_dag.py took 0.048 seconds
[2024-08-12 22:20:11,669] {processor.py:153} INFO - Started process (PID=36800) to work on /home/kai/Documents/airflowalura/venv/lib/python3.9/site-packages/airflow/example_dags/tutorial_etl_dag.py
[2024-08-12 22:20:11,670] {processor.py:641} INFO - Processing file /home/kai/Documents/airflowalura/venv/lib/python3.9/site-packages/airflow/example_dags/tutorial_etl_dag.py for tasks to queue
[2024-08-12 22:20:11,670] {logging_mixin.py:115} INFO - [2024-08-12 22:20:11,670] {dagbag.py:507} INFO - Filling up the DagBag from /home/kai/Documents/airflowalura/venv/lib/python3.9/site-packages/airflow/example_dags/tutorial_etl_dag.py
[2024-08-12 22:20:11,676] {processor.py:651} INFO - DAG(s) dict_keys(['tutorial_etl_dag']) retrieved from /home/kai/Documents/airflowalura/venv/lib/python3.9/site-packages/airflow/example_dags/tutorial_etl_dag.py
[2024-08-12 22:20:11,689] {logging_mixin.py:115} INFO - [2024-08-12 22:20:11,689] {dag.py:2379} INFO - Sync 1 DAGs
[2024-08-12 22:20:11,704] {logging_mixin.py:115} INFO - [2024-08-12 22:20:11,704] {dag.py:2927} INFO - Setting next_dagrun for tutorial_etl_dag to None, run_after=None
[2024-08-12 22:20:11,713] {processor.py:161} INFO - Processing /home/kai/Documents/airflowalura/venv/lib/python3.9/site-packages/airflow/example_dags/tutorial_etl_dag.py took 0.047 seconds
[2024-08-12 22:20:45,199] {processor.py:153} INFO - Started process (PID=37015) to work on /home/kai/Documents/airflowalura/venv/lib/python3.9/site-packages/airflow/example_dags/tutorial_etl_dag.py
[2024-08-12 22:20:45,199] {processor.py:641} INFO - Processing file /home/kai/Documents/airflowalura/venv/lib/python3.9/site-packages/airflow/example_dags/tutorial_etl_dag.py for tasks to queue
[2024-08-12 22:20:45,200] {logging_mixin.py:115} INFO - [2024-08-12 22:20:45,200] {dagbag.py:507} INFO - Filling up the DagBag from /home/kai/Documents/airflowalura/venv/lib/python3.9/site-packages/airflow/example_dags/tutorial_etl_dag.py
[2024-08-12 22:20:45,206] {processor.py:651} INFO - DAG(s) dict_keys(['tutorial_etl_dag']) retrieved from /home/kai/Documents/airflowalura/venv/lib/python3.9/site-packages/airflow/example_dags/tutorial_etl_dag.py
[2024-08-12 22:20:45,219] {logging_mixin.py:115} INFO - [2024-08-12 22:20:45,219] {dag.py:2379} INFO - Sync 1 DAGs
[2024-08-12 22:20:45,235] {logging_mixin.py:115} INFO - [2024-08-12 22:20:45,235] {dag.py:2927} INFO - Setting next_dagrun for tutorial_etl_dag to None, run_after=None
[2024-08-12 22:20:45,244] {processor.py:161} INFO - Processing /home/kai/Documents/airflowalura/venv/lib/python3.9/site-packages/airflow/example_dags/tutorial_etl_dag.py took 0.047 seconds
[2024-08-12 22:21:21,054] {processor.py:153} INFO - Started process (PID=37244) to work on /home/kai/Documents/airflowalura/venv/lib/python3.9/site-packages/airflow/example_dags/tutorial_etl_dag.py
[2024-08-12 22:21:21,055] {processor.py:641} INFO - Processing file /home/kai/Documents/airflowalura/venv/lib/python3.9/site-packages/airflow/example_dags/tutorial_etl_dag.py for tasks to queue
[2024-08-12 22:21:21,056] {logging_mixin.py:115} INFO - [2024-08-12 22:21:21,056] {dagbag.py:507} INFO - Filling up the DagBag from /home/kai/Documents/airflowalura/venv/lib/python3.9/site-packages/airflow/example_dags/tutorial_etl_dag.py
[2024-08-12 22:21:21,064] {processor.py:651} INFO - DAG(s) dict_keys(['tutorial_etl_dag']) retrieved from /home/kai/Documents/airflowalura/venv/lib/python3.9/site-packages/airflow/example_dags/tutorial_etl_dag.py
[2024-08-12 22:21:21,083] {logging_mixin.py:115} INFO - [2024-08-12 22:21:21,083] {dag.py:2379} INFO - Sync 1 DAGs
[2024-08-12 22:21:21,113] {logging_mixin.py:115} INFO - [2024-08-12 22:21:21,113] {dag.py:2927} INFO - Setting next_dagrun for tutorial_etl_dag to None, run_after=None
[2024-08-12 22:21:21,128] {processor.py:161} INFO - Processing /home/kai/Documents/airflowalura/venv/lib/python3.9/site-packages/airflow/example_dags/tutorial_etl_dag.py took 0.078 seconds
[2024-08-12 22:21:54,779] {processor.py:153} INFO - Started process (PID=37625) to work on /home/kai/Documents/airflowalura/venv/lib/python3.9/site-packages/airflow/example_dags/tutorial_etl_dag.py
[2024-08-12 22:21:54,780] {processor.py:641} INFO - Processing file /home/kai/Documents/airflowalura/venv/lib/python3.9/site-packages/airflow/example_dags/tutorial_etl_dag.py for tasks to queue
[2024-08-12 22:21:54,780] {logging_mixin.py:115} INFO - [2024-08-12 22:21:54,780] {dagbag.py:507} INFO - Filling up the DagBag from /home/kai/Documents/airflowalura/venv/lib/python3.9/site-packages/airflow/example_dags/tutorial_etl_dag.py
[2024-08-12 22:21:54,787] {processor.py:651} INFO - DAG(s) dict_keys(['tutorial_etl_dag']) retrieved from /home/kai/Documents/airflowalura/venv/lib/python3.9/site-packages/airflow/example_dags/tutorial_etl_dag.py
[2024-08-12 22:21:54,801] {logging_mixin.py:115} INFO - [2024-08-12 22:21:54,801] {dag.py:2379} INFO - Sync 1 DAGs
[2024-08-12 22:21:54,817] {logging_mixin.py:115} INFO - [2024-08-12 22:21:54,817] {dag.py:2927} INFO - Setting next_dagrun for tutorial_etl_dag to None, run_after=None
[2024-08-12 22:21:54,825] {processor.py:161} INFO - Processing /home/kai/Documents/airflowalura/venv/lib/python3.9/site-packages/airflow/example_dags/tutorial_etl_dag.py took 0.050 seconds
[2024-08-12 22:24:35,801] {processor.py:153} INFO - Started process (PID=39117) to work on /home/kai/Documents/airflowalura/venv/lib/python3.9/site-packages/airflow/example_dags/tutorial_etl_dag.py
[2024-08-12 22:24:35,804] {processor.py:641} INFO - Processing file /home/kai/Documents/airflowalura/venv/lib/python3.9/site-packages/airflow/example_dags/tutorial_etl_dag.py for tasks to queue
[2024-08-12 22:24:35,805] {logging_mixin.py:115} INFO - [2024-08-12 22:24:35,805] {dagbag.py:507} INFO - Filling up the DagBag from /home/kai/Documents/airflowalura/venv/lib/python3.9/site-packages/airflow/example_dags/tutorial_etl_dag.py
[2024-08-12 22:24:35,811] {processor.py:651} INFO - DAG(s) dict_keys(['tutorial_etl_dag']) retrieved from /home/kai/Documents/airflowalura/venv/lib/python3.9/site-packages/airflow/example_dags/tutorial_etl_dag.py
[2024-08-12 22:24:35,831] {logging_mixin.py:115} INFO - [2024-08-12 22:24:35,830] {dag.py:2379} INFO - Sync 1 DAGs
[2024-08-12 22:24:35,857] {logging_mixin.py:115} INFO - [2024-08-12 22:24:35,857] {dag.py:2927} INFO - Setting next_dagrun for tutorial_etl_dag to None, run_after=None
[2024-08-12 22:24:35,868] {processor.py:161} INFO - Processing /home/kai/Documents/airflowalura/venv/lib/python3.9/site-packages/airflow/example_dags/tutorial_etl_dag.py took 0.070 seconds
[2024-08-12 22:25:10,040] {processor.py:153} INFO - Started process (PID=39409) to work on /home/kai/Documents/airflowalura/venv/lib/python3.9/site-packages/airflow/example_dags/tutorial_etl_dag.py
[2024-08-12 22:25:10,044] {processor.py:641} INFO - Processing file /home/kai/Documents/airflowalura/venv/lib/python3.9/site-packages/airflow/example_dags/tutorial_etl_dag.py for tasks to queue
[2024-08-12 22:25:10,045] {logging_mixin.py:115} INFO - [2024-08-12 22:25:10,045] {dagbag.py:507} INFO - Filling up the DagBag from /home/kai/Documents/airflowalura/venv/lib/python3.9/site-packages/airflow/example_dags/tutorial_etl_dag.py
[2024-08-12 22:25:10,054] {processor.py:651} INFO - DAG(s) dict_keys(['tutorial_etl_dag']) retrieved from /home/kai/Documents/airflowalura/venv/lib/python3.9/site-packages/airflow/example_dags/tutorial_etl_dag.py
[2024-08-12 22:25:10,089] {logging_mixin.py:115} INFO - [2024-08-12 22:25:10,088] {dag.py:2379} INFO - Sync 1 DAGs
[2024-08-12 22:25:10,110] {logging_mixin.py:115} INFO - [2024-08-12 22:25:10,110] {dag.py:2927} INFO - Setting next_dagrun for tutorial_etl_dag to None, run_after=None
[2024-08-12 22:25:10,143] {processor.py:161} INFO - Processing /home/kai/Documents/airflowalura/venv/lib/python3.9/site-packages/airflow/example_dags/tutorial_etl_dag.py took 0.107 seconds
[2024-08-12 22:25:46,880] {processor.py:153} INFO - Started process (PID=39710) to work on /home/kai/Documents/airflowalura/venv/lib/python3.9/site-packages/airflow/example_dags/tutorial_etl_dag.py
[2024-08-12 22:25:46,880] {processor.py:641} INFO - Processing file /home/kai/Documents/airflowalura/venv/lib/python3.9/site-packages/airflow/example_dags/tutorial_etl_dag.py for tasks to queue
[2024-08-12 22:25:46,881] {logging_mixin.py:115} INFO - [2024-08-12 22:25:46,881] {dagbag.py:507} INFO - Filling up the DagBag from /home/kai/Documents/airflowalura/venv/lib/python3.9/site-packages/airflow/example_dags/tutorial_etl_dag.py
[2024-08-12 22:25:46,893] {processor.py:651} INFO - DAG(s) dict_keys(['tutorial_etl_dag']) retrieved from /home/kai/Documents/airflowalura/venv/lib/python3.9/site-packages/airflow/example_dags/tutorial_etl_dag.py
[2024-08-12 22:25:46,916] {logging_mixin.py:115} INFO - [2024-08-12 22:25:46,916] {dag.py:2379} INFO - Sync 1 DAGs
[2024-08-12 22:25:46,961] {logging_mixin.py:115} INFO - [2024-08-12 22:25:46,961] {dag.py:2927} INFO - Setting next_dagrun for tutorial_etl_dag to None, run_after=None
[2024-08-12 22:25:46,982] {processor.py:161} INFO - Processing /home/kai/Documents/airflowalura/venv/lib/python3.9/site-packages/airflow/example_dags/tutorial_etl_dag.py took 0.106 seconds
[2024-08-12 22:26:22,179] {processor.py:153} INFO - Started process (PID=40301) to work on /home/kai/Documents/airflowalura/venv/lib/python3.9/site-packages/airflow/example_dags/tutorial_etl_dag.py
[2024-08-12 22:26:22,185] {processor.py:641} INFO - Processing file /home/kai/Documents/airflowalura/venv/lib/python3.9/site-packages/airflow/example_dags/tutorial_etl_dag.py for tasks to queue
[2024-08-12 22:26:22,186] {logging_mixin.py:115} INFO - [2024-08-12 22:26:22,185] {dagbag.py:507} INFO - Filling up the DagBag from /home/kai/Documents/airflowalura/venv/lib/python3.9/site-packages/airflow/example_dags/tutorial_etl_dag.py
[2024-08-12 22:26:22,193] {processor.py:651} INFO - DAG(s) dict_keys(['tutorial_etl_dag']) retrieved from /home/kai/Documents/airflowalura/venv/lib/python3.9/site-packages/airflow/example_dags/tutorial_etl_dag.py
[2024-08-12 22:26:22,214] {logging_mixin.py:115} INFO - [2024-08-12 22:26:22,214] {dag.py:2379} INFO - Sync 1 DAGs
[2024-08-12 22:26:22,248] {logging_mixin.py:115} INFO - [2024-08-12 22:26:22,248] {dag.py:2927} INFO - Setting next_dagrun for tutorial_etl_dag to None, run_after=None
[2024-08-12 22:26:22,265] {processor.py:161} INFO - Processing /home/kai/Documents/airflowalura/venv/lib/python3.9/site-packages/airflow/example_dags/tutorial_etl_dag.py took 0.090 seconds
[2024-08-12 22:26:56,978] {processor.py:153} INFO - Started process (PID=40577) to work on /home/kai/Documents/airflowalura/venv/lib/python3.9/site-packages/airflow/example_dags/tutorial_etl_dag.py
[2024-08-12 22:26:56,978] {processor.py:641} INFO - Processing file /home/kai/Documents/airflowalura/venv/lib/python3.9/site-packages/airflow/example_dags/tutorial_etl_dag.py for tasks to queue
[2024-08-12 22:26:56,979] {logging_mixin.py:115} INFO - [2024-08-12 22:26:56,979] {dagbag.py:507} INFO - Filling up the DagBag from /home/kai/Documents/airflowalura/venv/lib/python3.9/site-packages/airflow/example_dags/tutorial_etl_dag.py
[2024-08-12 22:26:56,987] {processor.py:651} INFO - DAG(s) dict_keys(['tutorial_etl_dag']) retrieved from /home/kai/Documents/airflowalura/venv/lib/python3.9/site-packages/airflow/example_dags/tutorial_etl_dag.py
[2024-08-12 22:26:57,012] {logging_mixin.py:115} INFO - [2024-08-12 22:26:57,011] {dag.py:2379} INFO - Sync 1 DAGs
[2024-08-12 22:26:57,035] {logging_mixin.py:115} INFO - [2024-08-12 22:26:57,034] {dag.py:2927} INFO - Setting next_dagrun for tutorial_etl_dag to None, run_after=None
[2024-08-12 22:26:57,057] {processor.py:161} INFO - Processing /home/kai/Documents/airflowalura/venv/lib/python3.9/site-packages/airflow/example_dags/tutorial_etl_dag.py took 0.088 seconds
[2024-08-12 22:27:31,175] {processor.py:153} INFO - Started process (PID=40862) to work on /home/kai/Documents/airflowalura/venv/lib/python3.9/site-packages/airflow/example_dags/tutorial_etl_dag.py
[2024-08-12 22:27:31,178] {processor.py:641} INFO - Processing file /home/kai/Documents/airflowalura/venv/lib/python3.9/site-packages/airflow/example_dags/tutorial_etl_dag.py for tasks to queue
[2024-08-12 22:27:31,178] {logging_mixin.py:115} INFO - [2024-08-12 22:27:31,178] {dagbag.py:507} INFO - Filling up the DagBag from /home/kai/Documents/airflowalura/venv/lib/python3.9/site-packages/airflow/example_dags/tutorial_etl_dag.py
[2024-08-12 22:27:31,197] {processor.py:651} INFO - DAG(s) dict_keys(['tutorial_etl_dag']) retrieved from /home/kai/Documents/airflowalura/venv/lib/python3.9/site-packages/airflow/example_dags/tutorial_etl_dag.py
[2024-08-12 22:27:31,233] {logging_mixin.py:115} INFO - [2024-08-12 22:27:31,233] {dag.py:2379} INFO - Sync 1 DAGs
[2024-08-12 22:27:31,250] {logging_mixin.py:115} INFO - [2024-08-12 22:27:31,250] {dag.py:2927} INFO - Setting next_dagrun for tutorial_etl_dag to None, run_after=None
[2024-08-12 22:27:31,262] {processor.py:161} INFO - Processing /home/kai/Documents/airflowalura/venv/lib/python3.9/site-packages/airflow/example_dags/tutorial_etl_dag.py took 0.090 seconds
[2024-08-12 22:28:33,766] {processor.py:153} INFO - Started process (PID=41608) to work on /home/kai/Documents/airflowalura/venv/lib/python3.9/site-packages/airflow/example_dags/tutorial_etl_dag.py
[2024-08-12 22:28:33,771] {processor.py:641} INFO - Processing file /home/kai/Documents/airflowalura/venv/lib/python3.9/site-packages/airflow/example_dags/tutorial_etl_dag.py for tasks to queue
[2024-08-12 22:28:33,773] {logging_mixin.py:115} INFO - [2024-08-12 22:28:33,773] {dagbag.py:507} INFO - Filling up the DagBag from /home/kai/Documents/airflowalura/venv/lib/python3.9/site-packages/airflow/example_dags/tutorial_etl_dag.py
[2024-08-12 22:28:33,786] {processor.py:651} INFO - DAG(s) dict_keys(['tutorial_etl_dag']) retrieved from /home/kai/Documents/airflowalura/venv/lib/python3.9/site-packages/airflow/example_dags/tutorial_etl_dag.py
[2024-08-12 22:28:33,813] {logging_mixin.py:115} INFO - [2024-08-12 22:28:33,811] {dag.py:2379} INFO - Sync 1 DAGs
[2024-08-12 22:28:33,834] {logging_mixin.py:115} INFO - [2024-08-12 22:28:33,834] {dag.py:2927} INFO - Setting next_dagrun for tutorial_etl_dag to None, run_after=None
[2024-08-12 22:28:33,846] {processor.py:161} INFO - Processing /home/kai/Documents/airflowalura/venv/lib/python3.9/site-packages/airflow/example_dags/tutorial_etl_dag.py took 0.085 seconds
[2024-08-12 22:29:10,261] {processor.py:153} INFO - Started process (PID=41932) to work on /home/kai/Documents/airflowalura/venv/lib/python3.9/site-packages/airflow/example_dags/tutorial_etl_dag.py
[2024-08-12 22:29:10,266] {processor.py:641} INFO - Processing file /home/kai/Documents/airflowalura/venv/lib/python3.9/site-packages/airflow/example_dags/tutorial_etl_dag.py for tasks to queue
[2024-08-12 22:29:10,267] {logging_mixin.py:115} INFO - [2024-08-12 22:29:10,267] {dagbag.py:507} INFO - Filling up the DagBag from /home/kai/Documents/airflowalura/venv/lib/python3.9/site-packages/airflow/example_dags/tutorial_etl_dag.py
[2024-08-12 22:29:10,281] {processor.py:651} INFO - DAG(s) dict_keys(['tutorial_etl_dag']) retrieved from /home/kai/Documents/airflowalura/venv/lib/python3.9/site-packages/airflow/example_dags/tutorial_etl_dag.py
[2024-08-12 22:29:10,302] {logging_mixin.py:115} INFO - [2024-08-12 22:29:10,302] {dag.py:2379} INFO - Sync 1 DAGs
[2024-08-12 22:29:10,331] {logging_mixin.py:115} INFO - [2024-08-12 22:29:10,331] {dag.py:2927} INFO - Setting next_dagrun for tutorial_etl_dag to None, run_after=None
[2024-08-12 22:29:10,349] {processor.py:161} INFO - Processing /home/kai/Documents/airflowalura/venv/lib/python3.9/site-packages/airflow/example_dags/tutorial_etl_dag.py took 0.092 seconds
[2024-08-12 22:35:25,938] {processor.py:153} INFO - Started process (PID=3263) to work on /home/kai/Documents/airflowalura/venv/lib/python3.9/site-packages/airflow/example_dags/tutorial_etl_dag.py
[2024-08-12 22:35:25,939] {processor.py:641} INFO - Processing file /home/kai/Documents/airflowalura/venv/lib/python3.9/site-packages/airflow/example_dags/tutorial_etl_dag.py for tasks to queue
[2024-08-12 22:35:25,940] {logging_mixin.py:115} INFO - [2024-08-12 22:35:25,940] {dagbag.py:507} INFO - Filling up the DagBag from /home/kai/Documents/airflowalura/venv/lib/python3.9/site-packages/airflow/example_dags/tutorial_etl_dag.py
[2024-08-12 22:35:25,946] {processor.py:651} INFO - DAG(s) dict_keys(['tutorial_etl_dag']) retrieved from /home/kai/Documents/airflowalura/venv/lib/python3.9/site-packages/airflow/example_dags/tutorial_etl_dag.py
[2024-08-12 22:35:25,959] {logging_mixin.py:115} INFO - [2024-08-12 22:35:25,959] {dag.py:2379} INFO - Sync 1 DAGs
[2024-08-12 22:35:25,974] {logging_mixin.py:115} INFO - [2024-08-12 22:35:25,974] {dag.py:2927} INFO - Setting next_dagrun for tutorial_etl_dag to None, run_after=None
[2024-08-12 22:35:25,984] {processor.py:161} INFO - Processing /home/kai/Documents/airflowalura/venv/lib/python3.9/site-packages/airflow/example_dags/tutorial_etl_dag.py took 0.048 seconds
[2024-08-12 22:35:59,026] {processor.py:153} INFO - Started process (PID=3840) to work on /home/kai/Documents/airflowalura/venv/lib/python3.9/site-packages/airflow/example_dags/tutorial_etl_dag.py
[2024-08-12 22:35:59,027] {processor.py:641} INFO - Processing file /home/kai/Documents/airflowalura/venv/lib/python3.9/site-packages/airflow/example_dags/tutorial_etl_dag.py for tasks to queue
[2024-08-12 22:35:59,029] {logging_mixin.py:115} INFO - [2024-08-12 22:35:59,029] {dagbag.py:507} INFO - Filling up the DagBag from /home/kai/Documents/airflowalura/venv/lib/python3.9/site-packages/airflow/example_dags/tutorial_etl_dag.py
[2024-08-12 22:35:59,045] {processor.py:651} INFO - DAG(s) dict_keys(['tutorial_etl_dag']) retrieved from /home/kai/Documents/airflowalura/venv/lib/python3.9/site-packages/airflow/example_dags/tutorial_etl_dag.py
[2024-08-12 22:35:59,076] {logging_mixin.py:115} INFO - [2024-08-12 22:35:59,076] {dag.py:2379} INFO - Sync 1 DAGs
[2024-08-12 22:35:59,110] {logging_mixin.py:115} INFO - [2024-08-12 22:35:59,109] {dag.py:2927} INFO - Setting next_dagrun for tutorial_etl_dag to None, run_after=None
[2024-08-12 22:35:59,125] {processor.py:161} INFO - Processing /home/kai/Documents/airflowalura/venv/lib/python3.9/site-packages/airflow/example_dags/tutorial_etl_dag.py took 0.104 seconds
[2024-08-12 22:36:32,737] {processor.py:153} INFO - Started process (PID=4035) to work on /home/kai/Documents/airflowalura/venv/lib/python3.9/site-packages/airflow/example_dags/tutorial_etl_dag.py
[2024-08-12 22:36:32,738] {processor.py:641} INFO - Processing file /home/kai/Documents/airflowalura/venv/lib/python3.9/site-packages/airflow/example_dags/tutorial_etl_dag.py for tasks to queue
[2024-08-12 22:36:32,739] {logging_mixin.py:115} INFO - [2024-08-12 22:36:32,739] {dagbag.py:507} INFO - Filling up the DagBag from /home/kai/Documents/airflowalura/venv/lib/python3.9/site-packages/airflow/example_dags/tutorial_etl_dag.py
[2024-08-12 22:36:32,745] {processor.py:651} INFO - DAG(s) dict_keys(['tutorial_etl_dag']) retrieved from /home/kai/Documents/airflowalura/venv/lib/python3.9/site-packages/airflow/example_dags/tutorial_etl_dag.py
[2024-08-12 22:36:32,758] {logging_mixin.py:115} INFO - [2024-08-12 22:36:32,758] {dag.py:2379} INFO - Sync 1 DAGs
[2024-08-12 22:36:32,774] {logging_mixin.py:115} INFO - [2024-08-12 22:36:32,774] {dag.py:2927} INFO - Setting next_dagrun for tutorial_etl_dag to None, run_after=None
[2024-08-12 22:36:32,784] {processor.py:161} INFO - Processing /home/kai/Documents/airflowalura/venv/lib/python3.9/site-packages/airflow/example_dags/tutorial_etl_dag.py took 0.050 seconds
[2024-08-12 22:37:06,125] {processor.py:153} INFO - Started process (PID=4221) to work on /home/kai/Documents/airflowalura/venv/lib/python3.9/site-packages/airflow/example_dags/tutorial_etl_dag.py
[2024-08-12 22:37:06,126] {processor.py:641} INFO - Processing file /home/kai/Documents/airflowalura/venv/lib/python3.9/site-packages/airflow/example_dags/tutorial_etl_dag.py for tasks to queue
[2024-08-12 22:37:06,126] {logging_mixin.py:115} INFO - [2024-08-12 22:37:06,126] {dagbag.py:507} INFO - Filling up the DagBag from /home/kai/Documents/airflowalura/venv/lib/python3.9/site-packages/airflow/example_dags/tutorial_etl_dag.py
[2024-08-12 22:37:06,133] {processor.py:651} INFO - DAG(s) dict_keys(['tutorial_etl_dag']) retrieved from /home/kai/Documents/airflowalura/venv/lib/python3.9/site-packages/airflow/example_dags/tutorial_etl_dag.py
[2024-08-12 22:37:06,147] {logging_mixin.py:115} INFO - [2024-08-12 22:37:06,147] {dag.py:2379} INFO - Sync 1 DAGs
[2024-08-12 22:37:06,166] {logging_mixin.py:115} INFO - [2024-08-12 22:37:06,165] {dag.py:2927} INFO - Setting next_dagrun for tutorial_etl_dag to None, run_after=None
[2024-08-12 22:37:06,178] {processor.py:161} INFO - Processing /home/kai/Documents/airflowalura/venv/lib/python3.9/site-packages/airflow/example_dags/tutorial_etl_dag.py took 0.055 seconds
[2024-08-12 22:37:40,534] {processor.py:153} INFO - Started process (PID=4662) to work on /home/kai/Documents/airflowalura/venv/lib/python3.9/site-packages/airflow/example_dags/tutorial_etl_dag.py
[2024-08-12 22:37:40,535] {processor.py:641} INFO - Processing file /home/kai/Documents/airflowalura/venv/lib/python3.9/site-packages/airflow/example_dags/tutorial_etl_dag.py for tasks to queue
[2024-08-12 22:37:40,535] {logging_mixin.py:115} INFO - [2024-08-12 22:37:40,535] {dagbag.py:507} INFO - Filling up the DagBag from /home/kai/Documents/airflowalura/venv/lib/python3.9/site-packages/airflow/example_dags/tutorial_etl_dag.py
[2024-08-12 22:37:40,542] {processor.py:651} INFO - DAG(s) dict_keys(['tutorial_etl_dag']) retrieved from /home/kai/Documents/airflowalura/venv/lib/python3.9/site-packages/airflow/example_dags/tutorial_etl_dag.py
[2024-08-12 22:37:40,555] {logging_mixin.py:115} INFO - [2024-08-12 22:37:40,555] {dag.py:2379} INFO - Sync 1 DAGs
[2024-08-12 22:37:40,569] {logging_mixin.py:115} INFO - [2024-08-12 22:37:40,569] {dag.py:2927} INFO - Setting next_dagrun for tutorial_etl_dag to None, run_after=None
[2024-08-12 22:37:40,578] {processor.py:161} INFO - Processing /home/kai/Documents/airflowalura/venv/lib/python3.9/site-packages/airflow/example_dags/tutorial_etl_dag.py took 0.046 seconds
[2024-08-12 22:38:15,352] {processor.py:153} INFO - Started process (PID=4920) to work on /home/kai/Documents/airflowalura/venv/lib/python3.9/site-packages/airflow/example_dags/tutorial_etl_dag.py
[2024-08-12 22:38:15,353] {processor.py:641} INFO - Processing file /home/kai/Documents/airflowalura/venv/lib/python3.9/site-packages/airflow/example_dags/tutorial_etl_dag.py for tasks to queue
[2024-08-12 22:38:15,353] {logging_mixin.py:115} INFO - [2024-08-12 22:38:15,353] {dagbag.py:507} INFO - Filling up the DagBag from /home/kai/Documents/airflowalura/venv/lib/python3.9/site-packages/airflow/example_dags/tutorial_etl_dag.py
[2024-08-12 22:38:15,359] {processor.py:651} INFO - DAG(s) dict_keys(['tutorial_etl_dag']) retrieved from /home/kai/Documents/airflowalura/venv/lib/python3.9/site-packages/airflow/example_dags/tutorial_etl_dag.py
[2024-08-12 22:38:15,372] {logging_mixin.py:115} INFO - [2024-08-12 22:38:15,372] {dag.py:2379} INFO - Sync 1 DAGs
[2024-08-12 22:38:15,386] {logging_mixin.py:115} INFO - [2024-08-12 22:38:15,386] {dag.py:2927} INFO - Setting next_dagrun for tutorial_etl_dag to None, run_after=None
[2024-08-12 22:38:15,394] {processor.py:161} INFO - Processing /home/kai/Documents/airflowalura/venv/lib/python3.9/site-packages/airflow/example_dags/tutorial_etl_dag.py took 0.045 seconds
[2024-08-12 22:38:47,469] {processor.py:153} INFO - Started process (PID=5181) to work on /home/kai/Documents/airflowalura/venv/lib/python3.9/site-packages/airflow/example_dags/tutorial_etl_dag.py
[2024-08-12 22:38:47,470] {processor.py:641} INFO - Processing file /home/kai/Documents/airflowalura/venv/lib/python3.9/site-packages/airflow/example_dags/tutorial_etl_dag.py for tasks to queue
[2024-08-12 22:38:47,470] {logging_mixin.py:115} INFO - [2024-08-12 22:38:47,470] {dagbag.py:507} INFO - Filling up the DagBag from /home/kai/Documents/airflowalura/venv/lib/python3.9/site-packages/airflow/example_dags/tutorial_etl_dag.py
[2024-08-12 22:38:47,477] {processor.py:651} INFO - DAG(s) dict_keys(['tutorial_etl_dag']) retrieved from /home/kai/Documents/airflowalura/venv/lib/python3.9/site-packages/airflow/example_dags/tutorial_etl_dag.py
[2024-08-12 22:38:47,489] {logging_mixin.py:115} INFO - [2024-08-12 22:38:47,489] {dag.py:2379} INFO - Sync 1 DAGs
[2024-08-12 22:38:47,504] {logging_mixin.py:115} INFO - [2024-08-12 22:38:47,504] {dag.py:2927} INFO - Setting next_dagrun for tutorial_etl_dag to None, run_after=None
[2024-08-12 22:38:47,513] {processor.py:161} INFO - Processing /home/kai/Documents/airflowalura/venv/lib/python3.9/site-packages/airflow/example_dags/tutorial_etl_dag.py took 0.046 seconds
[2024-08-12 22:39:23,406] {processor.py:153} INFO - Started process (PID=5586) to work on /home/kai/Documents/airflowalura/venv/lib/python3.9/site-packages/airflow/example_dags/tutorial_etl_dag.py
[2024-08-12 22:39:23,407] {processor.py:641} INFO - Processing file /home/kai/Documents/airflowalura/venv/lib/python3.9/site-packages/airflow/example_dags/tutorial_etl_dag.py for tasks to queue
[2024-08-12 22:39:23,407] {logging_mixin.py:115} INFO - [2024-08-12 22:39:23,407] {dagbag.py:507} INFO - Filling up the DagBag from /home/kai/Documents/airflowalura/venv/lib/python3.9/site-packages/airflow/example_dags/tutorial_etl_dag.py
[2024-08-12 22:39:23,415] {processor.py:651} INFO - DAG(s) dict_keys(['tutorial_etl_dag']) retrieved from /home/kai/Documents/airflowalura/venv/lib/python3.9/site-packages/airflow/example_dags/tutorial_etl_dag.py
[2024-08-12 22:39:23,429] {logging_mixin.py:115} INFO - [2024-08-12 22:39:23,429] {dag.py:2379} INFO - Sync 1 DAGs
[2024-08-12 22:39:23,445] {logging_mixin.py:115} INFO - [2024-08-12 22:39:23,445] {dag.py:2927} INFO - Setting next_dagrun for tutorial_etl_dag to None, run_after=None
[2024-08-12 22:39:23,457] {processor.py:161} INFO - Processing /home/kai/Documents/airflowalura/venv/lib/python3.9/site-packages/airflow/example_dags/tutorial_etl_dag.py took 0.053 seconds
[2024-08-12 22:39:58,100] {processor.py:153} INFO - Started process (PID=5787) to work on /home/kai/Documents/airflowalura/venv/lib/python3.9/site-packages/airflow/example_dags/tutorial_etl_dag.py
[2024-08-12 22:39:58,101] {processor.py:641} INFO - Processing file /home/kai/Documents/airflowalura/venv/lib/python3.9/site-packages/airflow/example_dags/tutorial_etl_dag.py for tasks to queue
[2024-08-12 22:39:58,101] {logging_mixin.py:115} INFO - [2024-08-12 22:39:58,101] {dagbag.py:507} INFO - Filling up the DagBag from /home/kai/Documents/airflowalura/venv/lib/python3.9/site-packages/airflow/example_dags/tutorial_etl_dag.py
[2024-08-12 22:39:58,111] {processor.py:651} INFO - DAG(s) dict_keys(['tutorial_etl_dag']) retrieved from /home/kai/Documents/airflowalura/venv/lib/python3.9/site-packages/airflow/example_dags/tutorial_etl_dag.py
[2024-08-12 22:39:58,125] {logging_mixin.py:115} INFO - [2024-08-12 22:39:58,125] {dag.py:2379} INFO - Sync 1 DAGs
[2024-08-12 22:39:58,140] {logging_mixin.py:115} INFO - [2024-08-12 22:39:58,140] {dag.py:2927} INFO - Setting next_dagrun for tutorial_etl_dag to None, run_after=None
[2024-08-12 22:39:58,150] {processor.py:161} INFO - Processing /home/kai/Documents/airflowalura/venv/lib/python3.9/site-packages/airflow/example_dags/tutorial_etl_dag.py took 0.052 seconds
[2024-08-12 22:40:30,901] {processor.py:153} INFO - Started process (PID=6224) to work on /home/kai/Documents/airflowalura/venv/lib/python3.9/site-packages/airflow/example_dags/tutorial_etl_dag.py
[2024-08-12 22:40:30,902] {processor.py:641} INFO - Processing file /home/kai/Documents/airflowalura/venv/lib/python3.9/site-packages/airflow/example_dags/tutorial_etl_dag.py for tasks to queue
[2024-08-12 22:40:30,903] {logging_mixin.py:115} INFO - [2024-08-12 22:40:30,903] {dagbag.py:507} INFO - Filling up the DagBag from /home/kai/Documents/airflowalura/venv/lib/python3.9/site-packages/airflow/example_dags/tutorial_etl_dag.py
[2024-08-12 22:40:30,909] {processor.py:651} INFO - DAG(s) dict_keys(['tutorial_etl_dag']) retrieved from /home/kai/Documents/airflowalura/venv/lib/python3.9/site-packages/airflow/example_dags/tutorial_etl_dag.py
[2024-08-12 22:40:30,922] {logging_mixin.py:115} INFO - [2024-08-12 22:40:30,922] {dag.py:2379} INFO - Sync 1 DAGs
[2024-08-12 22:40:30,937] {logging_mixin.py:115} INFO - [2024-08-12 22:40:30,937] {dag.py:2927} INFO - Setting next_dagrun for tutorial_etl_dag to None, run_after=None
[2024-08-12 22:40:30,947] {processor.py:161} INFO - Processing /home/kai/Documents/airflowalura/venv/lib/python3.9/site-packages/airflow/example_dags/tutorial_etl_dag.py took 0.048 seconds
[2024-08-12 22:41:04,868] {processor.py:153} INFO - Started process (PID=6431) to work on /home/kai/Documents/airflowalura/venv/lib/python3.9/site-packages/airflow/example_dags/tutorial_etl_dag.py
[2024-08-12 22:41:04,869] {processor.py:641} INFO - Processing file /home/kai/Documents/airflowalura/venv/lib/python3.9/site-packages/airflow/example_dags/tutorial_etl_dag.py for tasks to queue
[2024-08-12 22:41:04,869] {logging_mixin.py:115} INFO - [2024-08-12 22:41:04,869] {dagbag.py:507} INFO - Filling up the DagBag from /home/kai/Documents/airflowalura/venv/lib/python3.9/site-packages/airflow/example_dags/tutorial_etl_dag.py
[2024-08-12 22:41:04,876] {processor.py:651} INFO - DAG(s) dict_keys(['tutorial_etl_dag']) retrieved from /home/kai/Documents/airflowalura/venv/lib/python3.9/site-packages/airflow/example_dags/tutorial_etl_dag.py
[2024-08-12 22:41:04,889] {logging_mixin.py:115} INFO - [2024-08-12 22:41:04,889] {dag.py:2379} INFO - Sync 1 DAGs
[2024-08-12 22:41:04,904] {logging_mixin.py:115} INFO - [2024-08-12 22:41:04,904] {dag.py:2927} INFO - Setting next_dagrun for tutorial_etl_dag to None, run_after=None
[2024-08-12 22:41:04,913] {processor.py:161} INFO - Processing /home/kai/Documents/airflowalura/venv/lib/python3.9/site-packages/airflow/example_dags/tutorial_etl_dag.py took 0.048 seconds
[2024-08-12 22:41:38,402] {processor.py:153} INFO - Started process (PID=6881) to work on /home/kai/Documents/airflowalura/venv/lib/python3.9/site-packages/airflow/example_dags/tutorial_etl_dag.py
[2024-08-12 22:41:38,403] {processor.py:641} INFO - Processing file /home/kai/Documents/airflowalura/venv/lib/python3.9/site-packages/airflow/example_dags/tutorial_etl_dag.py for tasks to queue
[2024-08-12 22:41:38,403] {logging_mixin.py:115} INFO - [2024-08-12 22:41:38,403] {dagbag.py:507} INFO - Filling up the DagBag from /home/kai/Documents/airflowalura/venv/lib/python3.9/site-packages/airflow/example_dags/tutorial_etl_dag.py
[2024-08-12 22:41:38,411] {processor.py:651} INFO - DAG(s) dict_keys(['tutorial_etl_dag']) retrieved from /home/kai/Documents/airflowalura/venv/lib/python3.9/site-packages/airflow/example_dags/tutorial_etl_dag.py
[2024-08-12 22:41:38,426] {logging_mixin.py:115} INFO - [2024-08-12 22:41:38,426] {dag.py:2379} INFO - Sync 1 DAGs
[2024-08-12 22:41:38,448] {logging_mixin.py:115} INFO - [2024-08-12 22:41:38,448] {dag.py:2927} INFO - Setting next_dagrun for tutorial_etl_dag to None, run_after=None
[2024-08-12 22:41:38,462] {processor.py:161} INFO - Processing /home/kai/Documents/airflowalura/venv/lib/python3.9/site-packages/airflow/example_dags/tutorial_etl_dag.py took 0.063 seconds
[2024-08-12 22:42:11,007] {processor.py:153} INFO - Started process (PID=7196) to work on /home/kai/Documents/airflowalura/venv/lib/python3.9/site-packages/airflow/example_dags/tutorial_etl_dag.py
[2024-08-12 22:42:11,008] {processor.py:641} INFO - Processing file /home/kai/Documents/airflowalura/venv/lib/python3.9/site-packages/airflow/example_dags/tutorial_etl_dag.py for tasks to queue
[2024-08-12 22:42:11,008] {logging_mixin.py:115} INFO - [2024-08-12 22:42:11,008] {dagbag.py:507} INFO - Filling up the DagBag from /home/kai/Documents/airflowalura/venv/lib/python3.9/site-packages/airflow/example_dags/tutorial_etl_dag.py
[2024-08-12 22:42:11,019] {processor.py:651} INFO - DAG(s) dict_keys(['tutorial_etl_dag']) retrieved from /home/kai/Documents/airflowalura/venv/lib/python3.9/site-packages/airflow/example_dags/tutorial_etl_dag.py
[2024-08-12 22:42:11,035] {logging_mixin.py:115} INFO - [2024-08-12 22:42:11,035] {dag.py:2379} INFO - Sync 1 DAGs
[2024-08-12 22:42:11,053] {logging_mixin.py:115} INFO - [2024-08-12 22:42:11,053] {dag.py:2927} INFO - Setting next_dagrun for tutorial_etl_dag to None, run_after=None
[2024-08-12 22:42:11,069] {processor.py:161} INFO - Processing /home/kai/Documents/airflowalura/venv/lib/python3.9/site-packages/airflow/example_dags/tutorial_etl_dag.py took 0.068 seconds
[2024-08-12 22:42:44,332] {processor.py:153} INFO - Started process (PID=7424) to work on /home/kai/Documents/airflowalura/venv/lib/python3.9/site-packages/airflow/example_dags/tutorial_etl_dag.py
[2024-08-12 22:42:44,335] {processor.py:641} INFO - Processing file /home/kai/Documents/airflowalura/venv/lib/python3.9/site-packages/airflow/example_dags/tutorial_etl_dag.py for tasks to queue
[2024-08-12 22:42:44,336] {logging_mixin.py:115} INFO - [2024-08-12 22:42:44,336] {dagbag.py:507} INFO - Filling up the DagBag from /home/kai/Documents/airflowalura/venv/lib/python3.9/site-packages/airflow/example_dags/tutorial_etl_dag.py
[2024-08-12 22:42:44,343] {processor.py:651} INFO - DAG(s) dict_keys(['tutorial_etl_dag']) retrieved from /home/kai/Documents/airflowalura/venv/lib/python3.9/site-packages/airflow/example_dags/tutorial_etl_dag.py
[2024-08-12 22:42:44,359] {logging_mixin.py:115} INFO - [2024-08-12 22:42:44,359] {dag.py:2379} INFO - Sync 1 DAGs
[2024-08-12 22:42:44,378] {logging_mixin.py:115} INFO - [2024-08-12 22:42:44,378] {dag.py:2927} INFO - Setting next_dagrun for tutorial_etl_dag to None, run_after=None
[2024-08-12 22:42:44,390] {processor.py:161} INFO - Processing /home/kai/Documents/airflowalura/venv/lib/python3.9/site-packages/airflow/example_dags/tutorial_etl_dag.py took 0.061 seconds
[2024-08-12 22:43:20,240] {processor.py:153} INFO - Started process (PID=7663) to work on /home/kai/Documents/airflowalura/venv/lib/python3.9/site-packages/airflow/example_dags/tutorial_etl_dag.py
[2024-08-12 22:43:20,240] {processor.py:641} INFO - Processing file /home/kai/Documents/airflowalura/venv/lib/python3.9/site-packages/airflow/example_dags/tutorial_etl_dag.py for tasks to queue
[2024-08-12 22:43:20,241] {logging_mixin.py:115} INFO - [2024-08-12 22:43:20,241] {dagbag.py:507} INFO - Filling up the DagBag from /home/kai/Documents/airflowalura/venv/lib/python3.9/site-packages/airflow/example_dags/tutorial_etl_dag.py
[2024-08-12 22:43:20,251] {processor.py:651} INFO - DAG(s) dict_keys(['tutorial_etl_dag']) retrieved from /home/kai/Documents/airflowalura/venv/lib/python3.9/site-packages/airflow/example_dags/tutorial_etl_dag.py
[2024-08-12 22:43:20,273] {logging_mixin.py:115} INFO - [2024-08-12 22:43:20,273] {dag.py:2379} INFO - Sync 1 DAGs
[2024-08-12 22:43:20,295] {logging_mixin.py:115} INFO - [2024-08-12 22:43:20,295] {dag.py:2927} INFO - Setting next_dagrun for tutorial_etl_dag to None, run_after=None
[2024-08-12 22:43:20,307] {processor.py:161} INFO - Processing /home/kai/Documents/airflowalura/venv/lib/python3.9/site-packages/airflow/example_dags/tutorial_etl_dag.py took 0.070 seconds
[2024-08-12 22:43:55,360] {processor.py:153} INFO - Started process (PID=7963) to work on /home/kai/Documents/airflowalura/venv/lib/python3.9/site-packages/airflow/example_dags/tutorial_etl_dag.py
[2024-08-12 22:43:55,360] {processor.py:641} INFO - Processing file /home/kai/Documents/airflowalura/venv/lib/python3.9/site-packages/airflow/example_dags/tutorial_etl_dag.py for tasks to queue
[2024-08-12 22:43:55,361] {logging_mixin.py:115} INFO - [2024-08-12 22:43:55,361] {dagbag.py:507} INFO - Filling up the DagBag from /home/kai/Documents/airflowalura/venv/lib/python3.9/site-packages/airflow/example_dags/tutorial_etl_dag.py
[2024-08-12 22:43:55,366] {processor.py:651} INFO - DAG(s) dict_keys(['tutorial_etl_dag']) retrieved from /home/kai/Documents/airflowalura/venv/lib/python3.9/site-packages/airflow/example_dags/tutorial_etl_dag.py
[2024-08-12 22:43:55,380] {logging_mixin.py:115} INFO - [2024-08-12 22:43:55,380] {dag.py:2379} INFO - Sync 1 DAGs
[2024-08-12 22:43:55,397] {logging_mixin.py:115} INFO - [2024-08-12 22:43:55,397] {dag.py:2927} INFO - Setting next_dagrun for tutorial_etl_dag to None, run_after=None
[2024-08-12 22:43:55,407] {processor.py:161} INFO - Processing /home/kai/Documents/airflowalura/venv/lib/python3.9/site-packages/airflow/example_dags/tutorial_etl_dag.py took 0.049 seconds
[2024-08-12 22:44:31,319] {processor.py:153} INFO - Started process (PID=8151) to work on /home/kai/Documents/airflowalura/venv/lib/python3.9/site-packages/airflow/example_dags/tutorial_etl_dag.py
[2024-08-12 22:44:31,320] {processor.py:641} INFO - Processing file /home/kai/Documents/airflowalura/venv/lib/python3.9/site-packages/airflow/example_dags/tutorial_etl_dag.py for tasks to queue
[2024-08-12 22:44:31,320] {logging_mixin.py:115} INFO - [2024-08-12 22:44:31,320] {dagbag.py:507} INFO - Filling up the DagBag from /home/kai/Documents/airflowalura/venv/lib/python3.9/site-packages/airflow/example_dags/tutorial_etl_dag.py
[2024-08-12 22:44:31,326] {processor.py:651} INFO - DAG(s) dict_keys(['tutorial_etl_dag']) retrieved from /home/kai/Documents/airflowalura/venv/lib/python3.9/site-packages/airflow/example_dags/tutorial_etl_dag.py
[2024-08-12 22:44:31,340] {logging_mixin.py:115} INFO - [2024-08-12 22:44:31,340] {dag.py:2379} INFO - Sync 1 DAGs
[2024-08-12 22:44:31,355] {logging_mixin.py:115} INFO - [2024-08-12 22:44:31,355] {dag.py:2927} INFO - Setting next_dagrun for tutorial_etl_dag to None, run_after=None
[2024-08-12 22:44:31,364] {processor.py:161} INFO - Processing /home/kai/Documents/airflowalura/venv/lib/python3.9/site-packages/airflow/example_dags/tutorial_etl_dag.py took 0.047 seconds
[2024-08-12 22:45:04,671] {processor.py:153} INFO - Started process (PID=8421) to work on /home/kai/Documents/airflowalura/venv/lib/python3.9/site-packages/airflow/example_dags/tutorial_etl_dag.py
[2024-08-12 22:45:04,672] {processor.py:641} INFO - Processing file /home/kai/Documents/airflowalura/venv/lib/python3.9/site-packages/airflow/example_dags/tutorial_etl_dag.py for tasks to queue
[2024-08-12 22:45:04,673] {logging_mixin.py:115} INFO - [2024-08-12 22:45:04,672] {dagbag.py:507} INFO - Filling up the DagBag from /home/kai/Documents/airflowalura/venv/lib/python3.9/site-packages/airflow/example_dags/tutorial_etl_dag.py
[2024-08-12 22:45:04,678] {processor.py:651} INFO - DAG(s) dict_keys(['tutorial_etl_dag']) retrieved from /home/kai/Documents/airflowalura/venv/lib/python3.9/site-packages/airflow/example_dags/tutorial_etl_dag.py
[2024-08-12 22:45:04,695] {logging_mixin.py:115} INFO - [2024-08-12 22:45:04,695] {dag.py:2379} INFO - Sync 1 DAGs
[2024-08-12 22:45:04,710] {logging_mixin.py:115} INFO - [2024-08-12 22:45:04,710] {dag.py:2927} INFO - Setting next_dagrun for tutorial_etl_dag to None, run_after=None
[2024-08-12 22:45:04,723] {processor.py:161} INFO - Processing /home/kai/Documents/airflowalura/venv/lib/python3.9/site-packages/airflow/example_dags/tutorial_etl_dag.py took 0.054 seconds
[2024-08-12 22:45:36,409] {processor.py:153} INFO - Started process (PID=8726) to work on /home/kai/Documents/airflowalura/venv/lib/python3.9/site-packages/airflow/example_dags/tutorial_etl_dag.py
[2024-08-12 22:45:36,410] {processor.py:641} INFO - Processing file /home/kai/Documents/airflowalura/venv/lib/python3.9/site-packages/airflow/example_dags/tutorial_etl_dag.py for tasks to queue
[2024-08-12 22:45:36,411] {logging_mixin.py:115} INFO - [2024-08-12 22:45:36,411] {dagbag.py:507} INFO - Filling up the DagBag from /home/kai/Documents/airflowalura/venv/lib/python3.9/site-packages/airflow/example_dags/tutorial_etl_dag.py
[2024-08-12 22:45:36,418] {processor.py:651} INFO - DAG(s) dict_keys(['tutorial_etl_dag']) retrieved from /home/kai/Documents/airflowalura/venv/lib/python3.9/site-packages/airflow/example_dags/tutorial_etl_dag.py
[2024-08-12 22:45:36,431] {logging_mixin.py:115} INFO - [2024-08-12 22:45:36,430] {dag.py:2379} INFO - Sync 1 DAGs
[2024-08-12 22:45:36,445] {logging_mixin.py:115} INFO - [2024-08-12 22:45:36,445] {dag.py:2927} INFO - Setting next_dagrun for tutorial_etl_dag to None, run_after=None
[2024-08-12 22:45:36,454] {processor.py:161} INFO - Processing /home/kai/Documents/airflowalura/venv/lib/python3.9/site-packages/airflow/example_dags/tutorial_etl_dag.py took 0.047 seconds
[2024-08-12 22:46:08,838] {processor.py:153} INFO - Started process (PID=8906) to work on /home/kai/Documents/airflowalura/venv/lib/python3.9/site-packages/airflow/example_dags/tutorial_etl_dag.py
[2024-08-12 22:46:08,839] {processor.py:641} INFO - Processing file /home/kai/Documents/airflowalura/venv/lib/python3.9/site-packages/airflow/example_dags/tutorial_etl_dag.py for tasks to queue
[2024-08-12 22:46:08,839] {logging_mixin.py:115} INFO - [2024-08-12 22:46:08,839] {dagbag.py:507} INFO - Filling up the DagBag from /home/kai/Documents/airflowalura/venv/lib/python3.9/site-packages/airflow/example_dags/tutorial_etl_dag.py
[2024-08-12 22:46:08,845] {processor.py:651} INFO - DAG(s) dict_keys(['tutorial_etl_dag']) retrieved from /home/kai/Documents/airflowalura/venv/lib/python3.9/site-packages/airflow/example_dags/tutorial_etl_dag.py
[2024-08-12 22:46:08,857] {logging_mixin.py:115} INFO - [2024-08-12 22:46:08,857] {dag.py:2379} INFO - Sync 1 DAGs
[2024-08-12 22:46:08,872] {logging_mixin.py:115} INFO - [2024-08-12 22:46:08,872] {dag.py:2927} INFO - Setting next_dagrun for tutorial_etl_dag to None, run_after=None
[2024-08-12 22:46:08,880] {processor.py:161} INFO - Processing /home/kai/Documents/airflowalura/venv/lib/python3.9/site-packages/airflow/example_dags/tutorial_etl_dag.py took 0.045 seconds
[2024-08-12 22:46:40,782] {processor.py:153} INFO - Started process (PID=9072) to work on /home/kai/Documents/airflowalura/venv/lib/python3.9/site-packages/airflow/example_dags/tutorial_etl_dag.py
[2024-08-12 22:46:40,783] {processor.py:641} INFO - Processing file /home/kai/Documents/airflowalura/venv/lib/python3.9/site-packages/airflow/example_dags/tutorial_etl_dag.py for tasks to queue
[2024-08-12 22:46:40,783] {logging_mixin.py:115} INFO - [2024-08-12 22:46:40,783] {dagbag.py:507} INFO - Filling up the DagBag from /home/kai/Documents/airflowalura/venv/lib/python3.9/site-packages/airflow/example_dags/tutorial_etl_dag.py
[2024-08-12 22:46:40,790] {processor.py:651} INFO - DAG(s) dict_keys(['tutorial_etl_dag']) retrieved from /home/kai/Documents/airflowalura/venv/lib/python3.9/site-packages/airflow/example_dags/tutorial_etl_dag.py
[2024-08-12 22:46:40,802] {logging_mixin.py:115} INFO - [2024-08-12 22:46:40,802] {dag.py:2379} INFO - Sync 1 DAGs
[2024-08-12 22:46:40,817] {logging_mixin.py:115} INFO - [2024-08-12 22:46:40,816] {dag.py:2927} INFO - Setting next_dagrun for tutorial_etl_dag to None, run_after=None
[2024-08-12 22:46:40,825] {processor.py:161} INFO - Processing /home/kai/Documents/airflowalura/venv/lib/python3.9/site-packages/airflow/example_dags/tutorial_etl_dag.py took 0.047 seconds
[2024-08-12 22:47:13,838] {processor.py:153} INFO - Started process (PID=9261) to work on /home/kai/Documents/airflowalura/venv/lib/python3.9/site-packages/airflow/example_dags/tutorial_etl_dag.py
[2024-08-12 22:47:13,839] {processor.py:641} INFO - Processing file /home/kai/Documents/airflowalura/venv/lib/python3.9/site-packages/airflow/example_dags/tutorial_etl_dag.py for tasks to queue
[2024-08-12 22:47:13,839] {logging_mixin.py:115} INFO - [2024-08-12 22:47:13,839] {dagbag.py:507} INFO - Filling up the DagBag from /home/kai/Documents/airflowalura/venv/lib/python3.9/site-packages/airflow/example_dags/tutorial_etl_dag.py
[2024-08-12 22:47:13,845] {processor.py:651} INFO - DAG(s) dict_keys(['tutorial_etl_dag']) retrieved from /home/kai/Documents/airflowalura/venv/lib/python3.9/site-packages/airflow/example_dags/tutorial_etl_dag.py
[2024-08-12 22:47:13,857] {logging_mixin.py:115} INFO - [2024-08-12 22:47:13,857] {dag.py:2379} INFO - Sync 1 DAGs
[2024-08-12 22:47:13,872] {logging_mixin.py:115} INFO - [2024-08-12 22:47:13,872] {dag.py:2927} INFO - Setting next_dagrun for tutorial_etl_dag to None, run_after=None
[2024-08-12 22:47:13,881] {processor.py:161} INFO - Processing /home/kai/Documents/airflowalura/venv/lib/python3.9/site-packages/airflow/example_dags/tutorial_etl_dag.py took 0.045 seconds
[2024-08-12 22:47:45,265] {processor.py:153} INFO - Started process (PID=9444) to work on /home/kai/Documents/airflowalura/venv/lib/python3.9/site-packages/airflow/example_dags/tutorial_etl_dag.py
[2024-08-12 22:47:45,266] {processor.py:641} INFO - Processing file /home/kai/Documents/airflowalura/venv/lib/python3.9/site-packages/airflow/example_dags/tutorial_etl_dag.py for tasks to queue
[2024-08-12 22:47:45,267] {logging_mixin.py:115} INFO - [2024-08-12 22:47:45,266] {dagbag.py:507} INFO - Filling up the DagBag from /home/kai/Documents/airflowalura/venv/lib/python3.9/site-packages/airflow/example_dags/tutorial_etl_dag.py
[2024-08-12 22:47:45,273] {processor.py:651} INFO - DAG(s) dict_keys(['tutorial_etl_dag']) retrieved from /home/kai/Documents/airflowalura/venv/lib/python3.9/site-packages/airflow/example_dags/tutorial_etl_dag.py
[2024-08-12 22:47:45,286] {logging_mixin.py:115} INFO - [2024-08-12 22:47:45,286] {dag.py:2379} INFO - Sync 1 DAGs
[2024-08-12 22:47:45,301] {logging_mixin.py:115} INFO - [2024-08-12 22:47:45,301] {dag.py:2927} INFO - Setting next_dagrun for tutorial_etl_dag to None, run_after=None
[2024-08-12 22:47:45,309] {processor.py:161} INFO - Processing /home/kai/Documents/airflowalura/venv/lib/python3.9/site-packages/airflow/example_dags/tutorial_etl_dag.py took 0.047 seconds
[2024-08-12 22:48:21,701] {processor.py:153} INFO - Started process (PID=9646) to work on /home/kai/Documents/airflowalura/venv/lib/python3.9/site-packages/airflow/example_dags/tutorial_etl_dag.py
[2024-08-12 22:48:21,702] {processor.py:641} INFO - Processing file /home/kai/Documents/airflowalura/venv/lib/python3.9/site-packages/airflow/example_dags/tutorial_etl_dag.py for tasks to queue
[2024-08-12 22:48:21,703] {logging_mixin.py:115} INFO - [2024-08-12 22:48:21,703] {dagbag.py:507} INFO - Filling up the DagBag from /home/kai/Documents/airflowalura/venv/lib/python3.9/site-packages/airflow/example_dags/tutorial_etl_dag.py
[2024-08-12 22:48:21,708] {processor.py:651} INFO - DAG(s) dict_keys(['tutorial_etl_dag']) retrieved from /home/kai/Documents/airflowalura/venv/lib/python3.9/site-packages/airflow/example_dags/tutorial_etl_dag.py
[2024-08-12 22:48:21,720] {logging_mixin.py:115} INFO - [2024-08-12 22:48:21,720] {dag.py:2379} INFO - Sync 1 DAGs
[2024-08-12 22:48:21,735] {logging_mixin.py:115} INFO - [2024-08-12 22:48:21,735] {dag.py:2927} INFO - Setting next_dagrun for tutorial_etl_dag to None, run_after=None
[2024-08-12 22:48:21,745] {processor.py:161} INFO - Processing /home/kai/Documents/airflowalura/venv/lib/python3.9/site-packages/airflow/example_dags/tutorial_etl_dag.py took 0.046 seconds
[2024-08-12 22:48:54,208] {processor.py:153} INFO - Started process (PID=9830) to work on /home/kai/Documents/airflowalura/venv/lib/python3.9/site-packages/airflow/example_dags/tutorial_etl_dag.py
[2024-08-12 22:48:54,209] {processor.py:641} INFO - Processing file /home/kai/Documents/airflowalura/venv/lib/python3.9/site-packages/airflow/example_dags/tutorial_etl_dag.py for tasks to queue
[2024-08-12 22:48:54,210] {logging_mixin.py:115} INFO - [2024-08-12 22:48:54,210] {dagbag.py:507} INFO - Filling up the DagBag from /home/kai/Documents/airflowalura/venv/lib/python3.9/site-packages/airflow/example_dags/tutorial_etl_dag.py
[2024-08-12 22:48:54,218] {processor.py:651} INFO - DAG(s) dict_keys(['tutorial_etl_dag']) retrieved from /home/kai/Documents/airflowalura/venv/lib/python3.9/site-packages/airflow/example_dags/tutorial_etl_dag.py
[2024-08-12 22:48:54,233] {logging_mixin.py:115} INFO - [2024-08-12 22:48:54,232] {dag.py:2379} INFO - Sync 1 DAGs
[2024-08-12 22:48:54,248] {logging_mixin.py:115} INFO - [2024-08-12 22:48:54,248] {dag.py:2927} INFO - Setting next_dagrun for tutorial_etl_dag to None, run_after=None
[2024-08-12 22:48:54,259] {processor.py:161} INFO - Processing /home/kai/Documents/airflowalura/venv/lib/python3.9/site-packages/airflow/example_dags/tutorial_etl_dag.py took 0.057 seconds
[2024-08-12 22:49:28,991] {processor.py:153} INFO - Started process (PID=10022) to work on /home/kai/Documents/airflowalura/venv/lib/python3.9/site-packages/airflow/example_dags/tutorial_etl_dag.py
[2024-08-12 22:49:28,992] {processor.py:641} INFO - Processing file /home/kai/Documents/airflowalura/venv/lib/python3.9/site-packages/airflow/example_dags/tutorial_etl_dag.py for tasks to queue
[2024-08-12 22:49:28,992] {logging_mixin.py:115} INFO - [2024-08-12 22:49:28,992] {dagbag.py:507} INFO - Filling up the DagBag from /home/kai/Documents/airflowalura/venv/lib/python3.9/site-packages/airflow/example_dags/tutorial_etl_dag.py
[2024-08-12 22:49:28,999] {processor.py:651} INFO - DAG(s) dict_keys(['tutorial_etl_dag']) retrieved from /home/kai/Documents/airflowalura/venv/lib/python3.9/site-packages/airflow/example_dags/tutorial_etl_dag.py
[2024-08-12 22:49:29,012] {logging_mixin.py:115} INFO - [2024-08-12 22:49:29,012] {dag.py:2379} INFO - Sync 1 DAGs
[2024-08-12 22:49:29,027] {logging_mixin.py:115} INFO - [2024-08-12 22:49:29,027] {dag.py:2927} INFO - Setting next_dagrun for tutorial_etl_dag to None, run_after=None
[2024-08-12 22:49:29,039] {processor.py:161} INFO - Processing /home/kai/Documents/airflowalura/venv/lib/python3.9/site-packages/airflow/example_dags/tutorial_etl_dag.py took 0.050 seconds
[2024-08-12 22:50:00,880] {processor.py:153} INFO - Started process (PID=10197) to work on /home/kai/Documents/airflowalura/venv/lib/python3.9/site-packages/airflow/example_dags/tutorial_etl_dag.py
[2024-08-12 22:50:00,881] {processor.py:641} INFO - Processing file /home/kai/Documents/airflowalura/venv/lib/python3.9/site-packages/airflow/example_dags/tutorial_etl_dag.py for tasks to queue
[2024-08-12 22:50:00,881] {logging_mixin.py:115} INFO - [2024-08-12 22:50:00,881] {dagbag.py:507} INFO - Filling up the DagBag from /home/kai/Documents/airflowalura/venv/lib/python3.9/site-packages/airflow/example_dags/tutorial_etl_dag.py
[2024-08-12 22:50:00,887] {processor.py:651} INFO - DAG(s) dict_keys(['tutorial_etl_dag']) retrieved from /home/kai/Documents/airflowalura/venv/lib/python3.9/site-packages/airflow/example_dags/tutorial_etl_dag.py
[2024-08-12 22:50:00,899] {logging_mixin.py:115} INFO - [2024-08-12 22:50:00,899] {dag.py:2379} INFO - Sync 1 DAGs
[2024-08-12 22:50:00,914] {logging_mixin.py:115} INFO - [2024-08-12 22:50:00,914] {dag.py:2927} INFO - Setting next_dagrun for tutorial_etl_dag to None, run_after=None
[2024-08-12 22:50:00,922] {processor.py:161} INFO - Processing /home/kai/Documents/airflowalura/venv/lib/python3.9/site-packages/airflow/example_dags/tutorial_etl_dag.py took 0.044 seconds
[2024-08-12 22:50:33,940] {processor.py:153} INFO - Started process (PID=10432) to work on /home/kai/Documents/airflowalura/venv/lib/python3.9/site-packages/airflow/example_dags/tutorial_etl_dag.py
[2024-08-12 22:50:33,941] {processor.py:641} INFO - Processing file /home/kai/Documents/airflowalura/venv/lib/python3.9/site-packages/airflow/example_dags/tutorial_etl_dag.py for tasks to queue
[2024-08-12 22:50:33,942] {logging_mixin.py:115} INFO - [2024-08-12 22:50:33,942] {dagbag.py:507} INFO - Filling up the DagBag from /home/kai/Documents/airflowalura/venv/lib/python3.9/site-packages/airflow/example_dags/tutorial_etl_dag.py
[2024-08-12 22:50:33,949] {processor.py:651} INFO - DAG(s) dict_keys(['tutorial_etl_dag']) retrieved from /home/kai/Documents/airflowalura/venv/lib/python3.9/site-packages/airflow/example_dags/tutorial_etl_dag.py
[2024-08-12 22:50:33,964] {logging_mixin.py:115} INFO - [2024-08-12 22:50:33,964] {dag.py:2379} INFO - Sync 1 DAGs
[2024-08-12 22:50:33,980] {logging_mixin.py:115} INFO - [2024-08-12 22:50:33,980] {dag.py:2927} INFO - Setting next_dagrun for tutorial_etl_dag to None, run_after=None
[2024-08-12 22:50:33,991] {processor.py:161} INFO - Processing /home/kai/Documents/airflowalura/venv/lib/python3.9/site-packages/airflow/example_dags/tutorial_etl_dag.py took 0.054 seconds
[2024-08-12 22:51:09,055] {processor.py:153} INFO - Started process (PID=10635) to work on /home/kai/Documents/airflowalura/venv/lib/python3.9/site-packages/airflow/example_dags/tutorial_etl_dag.py
[2024-08-12 22:51:09,056] {processor.py:641} INFO - Processing file /home/kai/Documents/airflowalura/venv/lib/python3.9/site-packages/airflow/example_dags/tutorial_etl_dag.py for tasks to queue
[2024-08-12 22:51:09,056] {logging_mixin.py:115} INFO - [2024-08-12 22:51:09,056] {dagbag.py:507} INFO - Filling up the DagBag from /home/kai/Documents/airflowalura/venv/lib/python3.9/site-packages/airflow/example_dags/tutorial_etl_dag.py
[2024-08-12 22:51:09,062] {processor.py:651} INFO - DAG(s) dict_keys(['tutorial_etl_dag']) retrieved from /home/kai/Documents/airflowalura/venv/lib/python3.9/site-packages/airflow/example_dags/tutorial_etl_dag.py
[2024-08-12 22:51:09,076] {logging_mixin.py:115} INFO - [2024-08-12 22:51:09,076] {dag.py:2379} INFO - Sync 1 DAGs
[2024-08-12 22:51:09,089] {logging_mixin.py:115} INFO - [2024-08-12 22:51:09,089] {dag.py:2927} INFO - Setting next_dagrun for tutorial_etl_dag to None, run_after=None
[2024-08-12 22:51:09,097] {processor.py:161} INFO - Processing /home/kai/Documents/airflowalura/venv/lib/python3.9/site-packages/airflow/example_dags/tutorial_etl_dag.py took 0.045 seconds
[2024-08-12 22:51:42,416] {processor.py:153} INFO - Started process (PID=10817) to work on /home/kai/Documents/airflowalura/venv/lib/python3.9/site-packages/airflow/example_dags/tutorial_etl_dag.py
[2024-08-12 22:51:42,417] {processor.py:641} INFO - Processing file /home/kai/Documents/airflowalura/venv/lib/python3.9/site-packages/airflow/example_dags/tutorial_etl_dag.py for tasks to queue
[2024-08-12 22:51:42,418] {logging_mixin.py:115} INFO - [2024-08-12 22:51:42,418] {dagbag.py:507} INFO - Filling up the DagBag from /home/kai/Documents/airflowalura/venv/lib/python3.9/site-packages/airflow/example_dags/tutorial_etl_dag.py
[2024-08-12 22:51:42,425] {processor.py:651} INFO - DAG(s) dict_keys(['tutorial_etl_dag']) retrieved from /home/kai/Documents/airflowalura/venv/lib/python3.9/site-packages/airflow/example_dags/tutorial_etl_dag.py
[2024-08-12 22:51:42,440] {logging_mixin.py:115} INFO - [2024-08-12 22:51:42,440] {dag.py:2379} INFO - Sync 1 DAGs
[2024-08-12 22:51:42,453] {logging_mixin.py:115} INFO - [2024-08-12 22:51:42,453] {dag.py:2927} INFO - Setting next_dagrun for tutorial_etl_dag to None, run_after=None
[2024-08-12 22:51:42,462] {processor.py:161} INFO - Processing /home/kai/Documents/airflowalura/venv/lib/python3.9/site-packages/airflow/example_dags/tutorial_etl_dag.py took 0.049 seconds
[2024-08-12 22:52:17,797] {processor.py:153} INFO - Started process (PID=11019) to work on /home/kai/Documents/airflowalura/venv/lib/python3.9/site-packages/airflow/example_dags/tutorial_etl_dag.py
[2024-08-12 22:52:17,798] {processor.py:641} INFO - Processing file /home/kai/Documents/airflowalura/venv/lib/python3.9/site-packages/airflow/example_dags/tutorial_etl_dag.py for tasks to queue
[2024-08-12 22:52:17,798] {logging_mixin.py:115} INFO - [2024-08-12 22:52:17,798] {dagbag.py:507} INFO - Filling up the DagBag from /home/kai/Documents/airflowalura/venv/lib/python3.9/site-packages/airflow/example_dags/tutorial_etl_dag.py
[2024-08-12 22:52:17,804] {processor.py:651} INFO - DAG(s) dict_keys(['tutorial_etl_dag']) retrieved from /home/kai/Documents/airflowalura/venv/lib/python3.9/site-packages/airflow/example_dags/tutorial_etl_dag.py
[2024-08-12 22:52:17,818] {logging_mixin.py:115} INFO - [2024-08-12 22:52:17,818] {dag.py:2379} INFO - Sync 1 DAGs
[2024-08-12 22:52:17,831] {logging_mixin.py:115} INFO - [2024-08-12 22:52:17,831] {dag.py:2927} INFO - Setting next_dagrun for tutorial_etl_dag to None, run_after=None
[2024-08-12 22:52:17,841] {processor.py:161} INFO - Processing /home/kai/Documents/airflowalura/venv/lib/python3.9/site-packages/airflow/example_dags/tutorial_etl_dag.py took 0.046 seconds
[2024-08-12 22:52:49,304] {processor.py:153} INFO - Started process (PID=11193) to work on /home/kai/Documents/airflowalura/venv/lib/python3.9/site-packages/airflow/example_dags/tutorial_etl_dag.py
[2024-08-12 22:52:49,305] {processor.py:641} INFO - Processing file /home/kai/Documents/airflowalura/venv/lib/python3.9/site-packages/airflow/example_dags/tutorial_etl_dag.py for tasks to queue
[2024-08-12 22:52:49,305] {logging_mixin.py:115} INFO - [2024-08-12 22:52:49,305] {dagbag.py:507} INFO - Filling up the DagBag from /home/kai/Documents/airflowalura/venv/lib/python3.9/site-packages/airflow/example_dags/tutorial_etl_dag.py
[2024-08-12 22:52:49,311] {processor.py:651} INFO - DAG(s) dict_keys(['tutorial_etl_dag']) retrieved from /home/kai/Documents/airflowalura/venv/lib/python3.9/site-packages/airflow/example_dags/tutorial_etl_dag.py
[2024-08-12 22:52:49,325] {logging_mixin.py:115} INFO - [2024-08-12 22:52:49,325] {dag.py:2379} INFO - Sync 1 DAGs
[2024-08-12 22:52:49,338] {logging_mixin.py:115} INFO - [2024-08-12 22:52:49,338] {dag.py:2927} INFO - Setting next_dagrun for tutorial_etl_dag to None, run_after=None
[2024-08-12 22:52:49,347] {processor.py:161} INFO - Processing /home/kai/Documents/airflowalura/venv/lib/python3.9/site-packages/airflow/example_dags/tutorial_etl_dag.py took 0.046 seconds
[2024-08-12 22:53:22,136] {processor.py:153} INFO - Started process (PID=11372) to work on /home/kai/Documents/airflowalura/venv/lib/python3.9/site-packages/airflow/example_dags/tutorial_etl_dag.py
[2024-08-12 22:53:22,136] {processor.py:641} INFO - Processing file /home/kai/Documents/airflowalura/venv/lib/python3.9/site-packages/airflow/example_dags/tutorial_etl_dag.py for tasks to queue
[2024-08-12 22:53:22,137] {logging_mixin.py:115} INFO - [2024-08-12 22:53:22,137] {dagbag.py:507} INFO - Filling up the DagBag from /home/kai/Documents/airflowalura/venv/lib/python3.9/site-packages/airflow/example_dags/tutorial_etl_dag.py
[2024-08-12 22:53:22,143] {processor.py:651} INFO - DAG(s) dict_keys(['tutorial_etl_dag']) retrieved from /home/kai/Documents/airflowalura/venv/lib/python3.9/site-packages/airflow/example_dags/tutorial_etl_dag.py
[2024-08-12 22:53:22,157] {logging_mixin.py:115} INFO - [2024-08-12 22:53:22,157] {dag.py:2379} INFO - Sync 1 DAGs
[2024-08-12 22:53:22,170] {logging_mixin.py:115} INFO - [2024-08-12 22:53:22,170] {dag.py:2927} INFO - Setting next_dagrun for tutorial_etl_dag to None, run_after=None
[2024-08-12 22:53:22,178] {processor.py:161} INFO - Processing /home/kai/Documents/airflowalura/venv/lib/python3.9/site-packages/airflow/example_dags/tutorial_etl_dag.py took 0.045 seconds
[2024-08-12 22:53:56,952] {processor.py:153} INFO - Started process (PID=11568) to work on /home/kai/Documents/airflowalura/venv/lib/python3.9/site-packages/airflow/example_dags/tutorial_etl_dag.py
[2024-08-12 22:53:56,952] {processor.py:641} INFO - Processing file /home/kai/Documents/airflowalura/venv/lib/python3.9/site-packages/airflow/example_dags/tutorial_etl_dag.py for tasks to queue
[2024-08-12 22:53:56,953] {logging_mixin.py:115} INFO - [2024-08-12 22:53:56,953] {dagbag.py:507} INFO - Filling up the DagBag from /home/kai/Documents/airflowalura/venv/lib/python3.9/site-packages/airflow/example_dags/tutorial_etl_dag.py
[2024-08-12 22:53:56,959] {processor.py:651} INFO - DAG(s) dict_keys(['tutorial_etl_dag']) retrieved from /home/kai/Documents/airflowalura/venv/lib/python3.9/site-packages/airflow/example_dags/tutorial_etl_dag.py
[2024-08-12 22:53:56,975] {logging_mixin.py:115} INFO - [2024-08-12 22:53:56,975] {dag.py:2379} INFO - Sync 1 DAGs
[2024-08-12 22:53:56,987] {logging_mixin.py:115} INFO - [2024-08-12 22:53:56,987] {dag.py:2927} INFO - Setting next_dagrun for tutorial_etl_dag to None, run_after=None
[2024-08-12 22:53:56,995] {processor.py:161} INFO - Processing /home/kai/Documents/airflowalura/venv/lib/python3.9/site-packages/airflow/example_dags/tutorial_etl_dag.py took 0.047 seconds
[2024-08-12 22:54:31,631] {processor.py:153} INFO - Started process (PID=11760) to work on /home/kai/Documents/airflowalura/venv/lib/python3.9/site-packages/airflow/example_dags/tutorial_etl_dag.py
[2024-08-12 22:54:31,632] {processor.py:641} INFO - Processing file /home/kai/Documents/airflowalura/venv/lib/python3.9/site-packages/airflow/example_dags/tutorial_etl_dag.py for tasks to queue
[2024-08-12 22:54:31,632] {logging_mixin.py:115} INFO - [2024-08-12 22:54:31,632] {dagbag.py:507} INFO - Filling up the DagBag from /home/kai/Documents/airflowalura/venv/lib/python3.9/site-packages/airflow/example_dags/tutorial_etl_dag.py
[2024-08-12 22:54:31,639] {processor.py:651} INFO - DAG(s) dict_keys(['tutorial_etl_dag']) retrieved from /home/kai/Documents/airflowalura/venv/lib/python3.9/site-packages/airflow/example_dags/tutorial_etl_dag.py
[2024-08-12 22:54:31,655] {logging_mixin.py:115} INFO - [2024-08-12 22:54:31,654] {dag.py:2379} INFO - Sync 1 DAGs
[2024-08-12 22:54:31,668] {logging_mixin.py:115} INFO - [2024-08-12 22:54:31,667] {dag.py:2927} INFO - Setting next_dagrun for tutorial_etl_dag to None, run_after=None
[2024-08-12 22:54:31,676] {processor.py:161} INFO - Processing /home/kai/Documents/airflowalura/venv/lib/python3.9/site-packages/airflow/example_dags/tutorial_etl_dag.py took 0.049 seconds
[2024-08-12 22:55:03,564] {processor.py:153} INFO - Started process (PID=11941) to work on /home/kai/Documents/airflowalura/venv/lib/python3.9/site-packages/airflow/example_dags/tutorial_etl_dag.py
[2024-08-12 22:55:03,565] {processor.py:641} INFO - Processing file /home/kai/Documents/airflowalura/venv/lib/python3.9/site-packages/airflow/example_dags/tutorial_etl_dag.py for tasks to queue
[2024-08-12 22:55:03,565] {logging_mixin.py:115} INFO - [2024-08-12 22:55:03,565] {dagbag.py:507} INFO - Filling up the DagBag from /home/kai/Documents/airflowalura/venv/lib/python3.9/site-packages/airflow/example_dags/tutorial_etl_dag.py
[2024-08-12 22:55:03,571] {processor.py:651} INFO - DAG(s) dict_keys(['tutorial_etl_dag']) retrieved from /home/kai/Documents/airflowalura/venv/lib/python3.9/site-packages/airflow/example_dags/tutorial_etl_dag.py
[2024-08-12 22:55:03,586] {logging_mixin.py:115} INFO - [2024-08-12 22:55:03,586] {dag.py:2379} INFO - Sync 1 DAGs
[2024-08-12 22:55:03,599] {logging_mixin.py:115} INFO - [2024-08-12 22:55:03,599] {dag.py:2927} INFO - Setting next_dagrun for tutorial_etl_dag to None, run_after=None
[2024-08-12 22:55:03,607] {processor.py:161} INFO - Processing /home/kai/Documents/airflowalura/venv/lib/python3.9/site-packages/airflow/example_dags/tutorial_etl_dag.py took 0.046 seconds
[2024-08-12 22:55:41,115] {processor.py:153} INFO - Started process (PID=12194) to work on /home/kai/Documents/airflowalura/venv/lib/python3.9/site-packages/airflow/example_dags/tutorial_etl_dag.py
[2024-08-12 22:55:41,116] {processor.py:641} INFO - Processing file /home/kai/Documents/airflowalura/venv/lib/python3.9/site-packages/airflow/example_dags/tutorial_etl_dag.py for tasks to queue
[2024-08-12 22:55:41,116] {logging_mixin.py:115} INFO - [2024-08-12 22:55:41,116] {dagbag.py:507} INFO - Filling up the DagBag from /home/kai/Documents/airflowalura/venv/lib/python3.9/site-packages/airflow/example_dags/tutorial_etl_dag.py
[2024-08-12 22:55:41,123] {processor.py:651} INFO - DAG(s) dict_keys(['tutorial_etl_dag']) retrieved from /home/kai/Documents/airflowalura/venv/lib/python3.9/site-packages/airflow/example_dags/tutorial_etl_dag.py
[2024-08-12 22:55:41,138] {logging_mixin.py:115} INFO - [2024-08-12 22:55:41,138] {dag.py:2379} INFO - Sync 1 DAGs
[2024-08-12 22:55:41,150] {logging_mixin.py:115} INFO - [2024-08-12 22:55:41,150] {dag.py:2927} INFO - Setting next_dagrun for tutorial_etl_dag to None, run_after=None
[2024-08-12 22:55:41,160] {processor.py:161} INFO - Processing /home/kai/Documents/airflowalura/venv/lib/python3.9/site-packages/airflow/example_dags/tutorial_etl_dag.py took 0.047 seconds
[2024-08-12 22:56:12,625] {processor.py:153} INFO - Started process (PID=12406) to work on /home/kai/Documents/airflowalura/venv/lib/python3.9/site-packages/airflow/example_dags/tutorial_etl_dag.py
[2024-08-12 22:56:12,626] {processor.py:641} INFO - Processing file /home/kai/Documents/airflowalura/venv/lib/python3.9/site-packages/airflow/example_dags/tutorial_etl_dag.py for tasks to queue
[2024-08-12 22:56:12,627] {logging_mixin.py:115} INFO - [2024-08-12 22:56:12,627] {dagbag.py:507} INFO - Filling up the DagBag from /home/kai/Documents/airflowalura/venv/lib/python3.9/site-packages/airflow/example_dags/tutorial_etl_dag.py
[2024-08-12 22:56:12,633] {processor.py:651} INFO - DAG(s) dict_keys(['tutorial_etl_dag']) retrieved from /home/kai/Documents/airflowalura/venv/lib/python3.9/site-packages/airflow/example_dags/tutorial_etl_dag.py
[2024-08-12 22:56:12,649] {logging_mixin.py:115} INFO - [2024-08-12 22:56:12,649] {dag.py:2379} INFO - Sync 1 DAGs
[2024-08-12 22:56:12,662] {logging_mixin.py:115} INFO - [2024-08-12 22:56:12,662] {dag.py:2927} INFO - Setting next_dagrun for tutorial_etl_dag to None, run_after=None
[2024-08-12 22:56:12,673] {processor.py:161} INFO - Processing /home/kai/Documents/airflowalura/venv/lib/python3.9/site-packages/airflow/example_dags/tutorial_etl_dag.py took 0.050 seconds
[2024-08-12 22:56:47,399] {processor.py:153} INFO - Started process (PID=12601) to work on /home/kai/Documents/airflowalura/venv/lib/python3.9/site-packages/airflow/example_dags/tutorial_etl_dag.py
[2024-08-12 22:56:47,399] {processor.py:641} INFO - Processing file /home/kai/Documents/airflowalura/venv/lib/python3.9/site-packages/airflow/example_dags/tutorial_etl_dag.py for tasks to queue
[2024-08-12 22:56:47,400] {logging_mixin.py:115} INFO - [2024-08-12 22:56:47,400] {dagbag.py:507} INFO - Filling up the DagBag from /home/kai/Documents/airflowalura/venv/lib/python3.9/site-packages/airflow/example_dags/tutorial_etl_dag.py
[2024-08-12 22:56:47,406] {processor.py:651} INFO - DAG(s) dict_keys(['tutorial_etl_dag']) retrieved from /home/kai/Documents/airflowalura/venv/lib/python3.9/site-packages/airflow/example_dags/tutorial_etl_dag.py
[2024-08-12 22:56:47,425] {logging_mixin.py:115} INFO - [2024-08-12 22:56:47,425] {dag.py:2379} INFO - Sync 1 DAGs
[2024-08-12 22:56:47,440] {logging_mixin.py:115} INFO - [2024-08-12 22:56:47,440] {dag.py:2927} INFO - Setting next_dagrun for tutorial_etl_dag to None, run_after=None
[2024-08-12 22:56:47,450] {processor.py:161} INFO - Processing /home/kai/Documents/airflowalura/venv/lib/python3.9/site-packages/airflow/example_dags/tutorial_etl_dag.py took 0.054 seconds
[2024-08-12 22:57:19,297] {processor.py:153} INFO - Started process (PID=12779) to work on /home/kai/Documents/airflowalura/venv/lib/python3.9/site-packages/airflow/example_dags/tutorial_etl_dag.py
[2024-08-12 22:57:19,298] {processor.py:641} INFO - Processing file /home/kai/Documents/airflowalura/venv/lib/python3.9/site-packages/airflow/example_dags/tutorial_etl_dag.py for tasks to queue
[2024-08-12 22:57:19,298] {logging_mixin.py:115} INFO - [2024-08-12 22:57:19,298] {dagbag.py:507} INFO - Filling up the DagBag from /home/kai/Documents/airflowalura/venv/lib/python3.9/site-packages/airflow/example_dags/tutorial_etl_dag.py
[2024-08-12 22:57:19,304] {processor.py:651} INFO - DAG(s) dict_keys(['tutorial_etl_dag']) retrieved from /home/kai/Documents/airflowalura/venv/lib/python3.9/site-packages/airflow/example_dags/tutorial_etl_dag.py
[2024-08-12 22:57:19,318] {logging_mixin.py:115} INFO - [2024-08-12 22:57:19,318] {dag.py:2379} INFO - Sync 1 DAGs
[2024-08-12 22:57:19,330] {logging_mixin.py:115} INFO - [2024-08-12 22:57:19,330] {dag.py:2927} INFO - Setting next_dagrun for tutorial_etl_dag to None, run_after=None
[2024-08-12 22:57:19,339] {processor.py:161} INFO - Processing /home/kai/Documents/airflowalura/venv/lib/python3.9/site-packages/airflow/example_dags/tutorial_etl_dag.py took 0.044 seconds
[2024-08-12 22:57:53,843] {processor.py:153} INFO - Started process (PID=12968) to work on /home/kai/Documents/airflowalura/venv/lib/python3.9/site-packages/airflow/example_dags/tutorial_etl_dag.py
[2024-08-12 22:57:53,843] {processor.py:641} INFO - Processing file /home/kai/Documents/airflowalura/venv/lib/python3.9/site-packages/airflow/example_dags/tutorial_etl_dag.py for tasks to queue
[2024-08-12 22:57:53,844] {logging_mixin.py:115} INFO - [2024-08-12 22:57:53,844] {dagbag.py:507} INFO - Filling up the DagBag from /home/kai/Documents/airflowalura/venv/lib/python3.9/site-packages/airflow/example_dags/tutorial_etl_dag.py
[2024-08-12 22:57:53,849] {processor.py:651} INFO - DAG(s) dict_keys(['tutorial_etl_dag']) retrieved from /home/kai/Documents/airflowalura/venv/lib/python3.9/site-packages/airflow/example_dags/tutorial_etl_dag.py
[2024-08-12 22:57:53,864] {logging_mixin.py:115} INFO - [2024-08-12 22:57:53,863] {dag.py:2379} INFO - Sync 1 DAGs
[2024-08-12 22:57:53,876] {logging_mixin.py:115} INFO - [2024-08-12 22:57:53,876] {dag.py:2927} INFO - Setting next_dagrun for tutorial_etl_dag to None, run_after=None
[2024-08-12 22:57:53,885] {processor.py:161} INFO - Processing /home/kai/Documents/airflowalura/venv/lib/python3.9/site-packages/airflow/example_dags/tutorial_etl_dag.py took 0.045 seconds
[2024-08-12 22:58:26,620] {processor.py:153} INFO - Started process (PID=13145) to work on /home/kai/Documents/airflowalura/venv/lib/python3.9/site-packages/airflow/example_dags/tutorial_etl_dag.py
[2024-08-12 22:58:26,620] {processor.py:641} INFO - Processing file /home/kai/Documents/airflowalura/venv/lib/python3.9/site-packages/airflow/example_dags/tutorial_etl_dag.py for tasks to queue
[2024-08-12 22:58:26,621] {logging_mixin.py:115} INFO - [2024-08-12 22:58:26,621] {dagbag.py:507} INFO - Filling up the DagBag from /home/kai/Documents/airflowalura/venv/lib/python3.9/site-packages/airflow/example_dags/tutorial_etl_dag.py
[2024-08-12 22:58:26,630] {processor.py:651} INFO - DAG(s) dict_keys(['tutorial_etl_dag']) retrieved from /home/kai/Documents/airflowalura/venv/lib/python3.9/site-packages/airflow/example_dags/tutorial_etl_dag.py
[2024-08-12 22:58:26,648] {logging_mixin.py:115} INFO - [2024-08-12 22:58:26,648] {dag.py:2379} INFO - Sync 1 DAGs
[2024-08-12 22:58:26,662] {logging_mixin.py:115} INFO - [2024-08-12 22:58:26,662] {dag.py:2927} INFO - Setting next_dagrun for tutorial_etl_dag to None, run_after=None
[2024-08-12 22:58:26,680] {processor.py:161} INFO - Processing /home/kai/Documents/airflowalura/venv/lib/python3.9/site-packages/airflow/example_dags/tutorial_etl_dag.py took 0.063 seconds
[2024-08-12 22:58:58,569] {processor.py:153} INFO - Started process (PID=13326) to work on /home/kai/Documents/airflowalura/venv/lib/python3.9/site-packages/airflow/example_dags/tutorial_etl_dag.py
[2024-08-12 22:58:58,570] {processor.py:641} INFO - Processing file /home/kai/Documents/airflowalura/venv/lib/python3.9/site-packages/airflow/example_dags/tutorial_etl_dag.py for tasks to queue
[2024-08-12 22:58:58,571] {logging_mixin.py:115} INFO - [2024-08-12 22:58:58,571] {dagbag.py:507} INFO - Filling up the DagBag from /home/kai/Documents/airflowalura/venv/lib/python3.9/site-packages/airflow/example_dags/tutorial_etl_dag.py
[2024-08-12 22:58:58,577] {processor.py:651} INFO - DAG(s) dict_keys(['tutorial_etl_dag']) retrieved from /home/kai/Documents/airflowalura/venv/lib/python3.9/site-packages/airflow/example_dags/tutorial_etl_dag.py
[2024-08-12 22:58:58,591] {logging_mixin.py:115} INFO - [2024-08-12 22:58:58,591] {dag.py:2379} INFO - Sync 1 DAGs
[2024-08-12 22:58:58,604] {logging_mixin.py:115} INFO - [2024-08-12 22:58:58,604] {dag.py:2927} INFO - Setting next_dagrun for tutorial_etl_dag to None, run_after=None
[2024-08-12 22:58:58,614] {processor.py:161} INFO - Processing /home/kai/Documents/airflowalura/venv/lib/python3.9/site-packages/airflow/example_dags/tutorial_etl_dag.py took 0.047 seconds
[2024-08-12 22:59:30,496] {processor.py:153} INFO - Started process (PID=13500) to work on /home/kai/Documents/airflowalura/venv/lib/python3.9/site-packages/airflow/example_dags/tutorial_etl_dag.py
[2024-08-12 22:59:30,497] {processor.py:641} INFO - Processing file /home/kai/Documents/airflowalura/venv/lib/python3.9/site-packages/airflow/example_dags/tutorial_etl_dag.py for tasks to queue
[2024-08-12 22:59:30,498] {logging_mixin.py:115} INFO - [2024-08-12 22:59:30,498] {dagbag.py:507} INFO - Filling up the DagBag from /home/kai/Documents/airflowalura/venv/lib/python3.9/site-packages/airflow/example_dags/tutorial_etl_dag.py
[2024-08-12 22:59:30,505] {processor.py:651} INFO - DAG(s) dict_keys(['tutorial_etl_dag']) retrieved from /home/kai/Documents/airflowalura/venv/lib/python3.9/site-packages/airflow/example_dags/tutorial_etl_dag.py
[2024-08-12 22:59:30,520] {logging_mixin.py:115} INFO - [2024-08-12 22:59:30,520] {dag.py:2379} INFO - Sync 1 DAGs
[2024-08-12 22:59:30,534] {logging_mixin.py:115} INFO - [2024-08-12 22:59:30,534] {dag.py:2927} INFO - Setting next_dagrun for tutorial_etl_dag to None, run_after=None
[2024-08-12 22:59:30,545] {processor.py:161} INFO - Processing /home/kai/Documents/airflowalura/venv/lib/python3.9/site-packages/airflow/example_dags/tutorial_etl_dag.py took 0.052 seconds
[2024-08-12 23:00:05,335] {processor.py:153} INFO - Started process (PID=13703) to work on /home/kai/Documents/airflowalura/venv/lib/python3.9/site-packages/airflow/example_dags/tutorial_etl_dag.py
[2024-08-12 23:00:05,336] {processor.py:641} INFO - Processing file /home/kai/Documents/airflowalura/venv/lib/python3.9/site-packages/airflow/example_dags/tutorial_etl_dag.py for tasks to queue
[2024-08-12 23:00:05,336] {logging_mixin.py:115} INFO - [2024-08-12 23:00:05,336] {dagbag.py:507} INFO - Filling up the DagBag from /home/kai/Documents/airflowalura/venv/lib/python3.9/site-packages/airflow/example_dags/tutorial_etl_dag.py
[2024-08-12 23:00:05,343] {processor.py:651} INFO - DAG(s) dict_keys(['tutorial_etl_dag']) retrieved from /home/kai/Documents/airflowalura/venv/lib/python3.9/site-packages/airflow/example_dags/tutorial_etl_dag.py
[2024-08-12 23:00:05,358] {logging_mixin.py:115} INFO - [2024-08-12 23:00:05,358] {dag.py:2379} INFO - Sync 1 DAGs
[2024-08-12 23:00:05,371] {logging_mixin.py:115} INFO - [2024-08-12 23:00:05,371] {dag.py:2927} INFO - Setting next_dagrun for tutorial_etl_dag to None, run_after=None
[2024-08-12 23:00:05,381] {processor.py:161} INFO - Processing /home/kai/Documents/airflowalura/venv/lib/python3.9/site-packages/airflow/example_dags/tutorial_etl_dag.py took 0.048 seconds
[2024-08-12 23:00:39,367] {processor.py:153} INFO - Started process (PID=13946) to work on /home/kai/Documents/airflowalura/venv/lib/python3.9/site-packages/airflow/example_dags/tutorial_etl_dag.py
[2024-08-12 23:00:39,368] {processor.py:641} INFO - Processing file /home/kai/Documents/airflowalura/venv/lib/python3.9/site-packages/airflow/example_dags/tutorial_etl_dag.py for tasks to queue
[2024-08-12 23:00:39,368] {logging_mixin.py:115} INFO - [2024-08-12 23:00:39,368] {dagbag.py:507} INFO - Filling up the DagBag from /home/kai/Documents/airflowalura/venv/lib/python3.9/site-packages/airflow/example_dags/tutorial_etl_dag.py
[2024-08-12 23:00:39,374] {processor.py:651} INFO - DAG(s) dict_keys(['tutorial_etl_dag']) retrieved from /home/kai/Documents/airflowalura/venv/lib/python3.9/site-packages/airflow/example_dags/tutorial_etl_dag.py
[2024-08-12 23:00:39,388] {logging_mixin.py:115} INFO - [2024-08-12 23:00:39,388] {dag.py:2379} INFO - Sync 1 DAGs
[2024-08-12 23:00:39,401] {logging_mixin.py:115} INFO - [2024-08-12 23:00:39,401] {dag.py:2927} INFO - Setting next_dagrun for tutorial_etl_dag to None, run_after=None
[2024-08-12 23:00:39,410] {processor.py:161} INFO - Processing /home/kai/Documents/airflowalura/venv/lib/python3.9/site-packages/airflow/example_dags/tutorial_etl_dag.py took 0.045 seconds
[2024-08-12 23:01:11,936] {processor.py:153} INFO - Started process (PID=14142) to work on /home/kai/Documents/airflowalura/venv/lib/python3.9/site-packages/airflow/example_dags/tutorial_etl_dag.py
[2024-08-12 23:01:11,936] {processor.py:641} INFO - Processing file /home/kai/Documents/airflowalura/venv/lib/python3.9/site-packages/airflow/example_dags/tutorial_etl_dag.py for tasks to queue
[2024-08-12 23:01:11,937] {logging_mixin.py:115} INFO - [2024-08-12 23:01:11,937] {dagbag.py:507} INFO - Filling up the DagBag from /home/kai/Documents/airflowalura/venv/lib/python3.9/site-packages/airflow/example_dags/tutorial_etl_dag.py
[2024-08-12 23:01:11,943] {processor.py:651} INFO - DAG(s) dict_keys(['tutorial_etl_dag']) retrieved from /home/kai/Documents/airflowalura/venv/lib/python3.9/site-packages/airflow/example_dags/tutorial_etl_dag.py
[2024-08-12 23:01:11,958] {logging_mixin.py:115} INFO - [2024-08-12 23:01:11,958] {dag.py:2379} INFO - Sync 1 DAGs
[2024-08-12 23:01:11,973] {logging_mixin.py:115} INFO - [2024-08-12 23:01:11,972] {dag.py:2927} INFO - Setting next_dagrun for tutorial_etl_dag to None, run_after=None
[2024-08-12 23:01:11,981] {processor.py:161} INFO - Processing /home/kai/Documents/airflowalura/venv/lib/python3.9/site-packages/airflow/example_dags/tutorial_etl_dag.py took 0.049 seconds
[2024-08-12 23:01:44,161] {processor.py:153} INFO - Started process (PID=14317) to work on /home/kai/Documents/airflowalura/venv/lib/python3.9/site-packages/airflow/example_dags/tutorial_etl_dag.py
[2024-08-12 23:01:44,162] {processor.py:641} INFO - Processing file /home/kai/Documents/airflowalura/venv/lib/python3.9/site-packages/airflow/example_dags/tutorial_etl_dag.py for tasks to queue
[2024-08-12 23:01:44,162] {logging_mixin.py:115} INFO - [2024-08-12 23:01:44,162] {dagbag.py:507} INFO - Filling up the DagBag from /home/kai/Documents/airflowalura/venv/lib/python3.9/site-packages/airflow/example_dags/tutorial_etl_dag.py
[2024-08-12 23:01:44,168] {processor.py:651} INFO - DAG(s) dict_keys(['tutorial_etl_dag']) retrieved from /home/kai/Documents/airflowalura/venv/lib/python3.9/site-packages/airflow/example_dags/tutorial_etl_dag.py
[2024-08-12 23:01:44,182] {logging_mixin.py:115} INFO - [2024-08-12 23:01:44,182] {dag.py:2379} INFO - Sync 1 DAGs
[2024-08-12 23:01:44,195] {logging_mixin.py:115} INFO - [2024-08-12 23:01:44,195] {dag.py:2927} INFO - Setting next_dagrun for tutorial_etl_dag to None, run_after=None
[2024-08-12 23:01:44,204] {processor.py:161} INFO - Processing /home/kai/Documents/airflowalura/venv/lib/python3.9/site-packages/airflow/example_dags/tutorial_etl_dag.py took 0.045 seconds
[2024-08-12 23:02:14,686] {processor.py:153} INFO - Started process (PID=14489) to work on /home/kai/Documents/airflowalura/venv/lib/python3.9/site-packages/airflow/example_dags/tutorial_etl_dag.py
[2024-08-12 23:02:14,687] {processor.py:641} INFO - Processing file /home/kai/Documents/airflowalura/venv/lib/python3.9/site-packages/airflow/example_dags/tutorial_etl_dag.py for tasks to queue
[2024-08-12 23:02:14,688] {logging_mixin.py:115} INFO - [2024-08-12 23:02:14,688] {dagbag.py:507} INFO - Filling up the DagBag from /home/kai/Documents/airflowalura/venv/lib/python3.9/site-packages/airflow/example_dags/tutorial_etl_dag.py
[2024-08-12 23:02:14,694] {processor.py:651} INFO - DAG(s) dict_keys(['tutorial_etl_dag']) retrieved from /home/kai/Documents/airflowalura/venv/lib/python3.9/site-packages/airflow/example_dags/tutorial_etl_dag.py
[2024-08-12 23:02:14,708] {logging_mixin.py:115} INFO - [2024-08-12 23:02:14,708] {dag.py:2379} INFO - Sync 1 DAGs
[2024-08-12 23:02:14,723] {logging_mixin.py:115} INFO - [2024-08-12 23:02:14,723] {dag.py:2927} INFO - Setting next_dagrun for tutorial_etl_dag to None, run_after=None
[2024-08-12 23:02:14,732] {processor.py:161} INFO - Processing /home/kai/Documents/airflowalura/venv/lib/python3.9/site-packages/airflow/example_dags/tutorial_etl_dag.py took 0.048 seconds
[2024-08-12 23:02:49,393] {processor.py:153} INFO - Started process (PID=14682) to work on /home/kai/Documents/airflowalura/venv/lib/python3.9/site-packages/airflow/example_dags/tutorial_etl_dag.py
[2024-08-12 23:02:49,394] {processor.py:641} INFO - Processing file /home/kai/Documents/airflowalura/venv/lib/python3.9/site-packages/airflow/example_dags/tutorial_etl_dag.py for tasks to queue
[2024-08-12 23:02:49,395] {logging_mixin.py:115} INFO - [2024-08-12 23:02:49,395] {dagbag.py:507} INFO - Filling up the DagBag from /home/kai/Documents/airflowalura/venv/lib/python3.9/site-packages/airflow/example_dags/tutorial_etl_dag.py
[2024-08-12 23:02:49,400] {processor.py:651} INFO - DAG(s) dict_keys(['tutorial_etl_dag']) retrieved from /home/kai/Documents/airflowalura/venv/lib/python3.9/site-packages/airflow/example_dags/tutorial_etl_dag.py
[2024-08-12 23:02:49,415] {logging_mixin.py:115} INFO - [2024-08-12 23:02:49,415] {dag.py:2379} INFO - Sync 1 DAGs
[2024-08-12 23:02:49,429] {logging_mixin.py:115} INFO - [2024-08-12 23:02:49,429] {dag.py:2927} INFO - Setting next_dagrun for tutorial_etl_dag to None, run_after=None
[2024-08-12 23:02:49,440] {processor.py:161} INFO - Processing /home/kai/Documents/airflowalura/venv/lib/python3.9/site-packages/airflow/example_dags/tutorial_etl_dag.py took 0.049 seconds
[2024-08-12 23:03:23,977] {processor.py:153} INFO - Started process (PID=14884) to work on /home/kai/Documents/airflowalura/venv/lib/python3.9/site-packages/airflow/example_dags/tutorial_etl_dag.py
[2024-08-12 23:03:23,978] {processor.py:641} INFO - Processing file /home/kai/Documents/airflowalura/venv/lib/python3.9/site-packages/airflow/example_dags/tutorial_etl_dag.py for tasks to queue
[2024-08-12 23:03:23,978] {logging_mixin.py:115} INFO - [2024-08-12 23:03:23,978] {dagbag.py:507} INFO - Filling up the DagBag from /home/kai/Documents/airflowalura/venv/lib/python3.9/site-packages/airflow/example_dags/tutorial_etl_dag.py
[2024-08-12 23:03:23,985] {processor.py:651} INFO - DAG(s) dict_keys(['tutorial_etl_dag']) retrieved from /home/kai/Documents/airflowalura/venv/lib/python3.9/site-packages/airflow/example_dags/tutorial_etl_dag.py
[2024-08-12 23:03:24,000] {logging_mixin.py:115} INFO - [2024-08-12 23:03:24,000] {dag.py:2379} INFO - Sync 1 DAGs
[2024-08-12 23:03:24,013] {logging_mixin.py:115} INFO - [2024-08-12 23:03:24,013] {dag.py:2927} INFO - Setting next_dagrun for tutorial_etl_dag to None, run_after=None
[2024-08-12 23:03:24,021] {processor.py:161} INFO - Processing /home/kai/Documents/airflowalura/venv/lib/python3.9/site-packages/airflow/example_dags/tutorial_etl_dag.py took 0.047 seconds
[2024-08-12 23:03:57,048] {processor.py:153} INFO - Started process (PID=15077) to work on /home/kai/Documents/airflowalura/venv/lib/python3.9/site-packages/airflow/example_dags/tutorial_etl_dag.py
[2024-08-12 23:03:57,049] {processor.py:641} INFO - Processing file /home/kai/Documents/airflowalura/venv/lib/python3.9/site-packages/airflow/example_dags/tutorial_etl_dag.py for tasks to queue
[2024-08-12 23:03:57,050] {logging_mixin.py:115} INFO - [2024-08-12 23:03:57,050] {dagbag.py:507} INFO - Filling up the DagBag from /home/kai/Documents/airflowalura/venv/lib/python3.9/site-packages/airflow/example_dags/tutorial_etl_dag.py
[2024-08-12 23:03:57,057] {processor.py:651} INFO - DAG(s) dict_keys(['tutorial_etl_dag']) retrieved from /home/kai/Documents/airflowalura/venv/lib/python3.9/site-packages/airflow/example_dags/tutorial_etl_dag.py
[2024-08-12 23:03:57,077] {logging_mixin.py:115} INFO - [2024-08-12 23:03:57,077] {dag.py:2379} INFO - Sync 1 DAGs
[2024-08-12 23:03:57,093] {logging_mixin.py:115} INFO - [2024-08-12 23:03:57,093] {dag.py:2927} INFO - Setting next_dagrun for tutorial_etl_dag to None, run_after=None
[2024-08-12 23:03:57,104] {processor.py:161} INFO - Processing /home/kai/Documents/airflowalura/venv/lib/python3.9/site-packages/airflow/example_dags/tutorial_etl_dag.py took 0.059 seconds
[2024-08-12 23:04:30,680] {processor.py:153} INFO - Started process (PID=15271) to work on /home/kai/Documents/airflowalura/venv/lib/python3.9/site-packages/airflow/example_dags/tutorial_etl_dag.py
[2024-08-12 23:04:30,680] {processor.py:641} INFO - Processing file /home/kai/Documents/airflowalura/venv/lib/python3.9/site-packages/airflow/example_dags/tutorial_etl_dag.py for tasks to queue
[2024-08-12 23:04:30,681] {logging_mixin.py:115} INFO - [2024-08-12 23:04:30,681] {dagbag.py:507} INFO - Filling up the DagBag from /home/kai/Documents/airflowalura/venv/lib/python3.9/site-packages/airflow/example_dags/tutorial_etl_dag.py
[2024-08-12 23:04:30,686] {processor.py:651} INFO - DAG(s) dict_keys(['tutorial_etl_dag']) retrieved from /home/kai/Documents/airflowalura/venv/lib/python3.9/site-packages/airflow/example_dags/tutorial_etl_dag.py
[2024-08-12 23:04:30,700] {logging_mixin.py:115} INFO - [2024-08-12 23:04:30,700] {dag.py:2379} INFO - Sync 1 DAGs
[2024-08-12 23:04:30,714] {logging_mixin.py:115} INFO - [2024-08-12 23:04:30,714] {dag.py:2927} INFO - Setting next_dagrun for tutorial_etl_dag to None, run_after=None
[2024-08-12 23:04:30,723] {processor.py:161} INFO - Processing /home/kai/Documents/airflowalura/venv/lib/python3.9/site-packages/airflow/example_dags/tutorial_etl_dag.py took 0.046 seconds
[2024-08-12 23:05:04,998] {processor.py:153} INFO - Started process (PID=15469) to work on /home/kai/Documents/airflowalura/venv/lib/python3.9/site-packages/airflow/example_dags/tutorial_etl_dag.py
[2024-08-12 23:05:04,999] {processor.py:641} INFO - Processing file /home/kai/Documents/airflowalura/venv/lib/python3.9/site-packages/airflow/example_dags/tutorial_etl_dag.py for tasks to queue
[2024-08-12 23:05:04,999] {logging_mixin.py:115} INFO - [2024-08-12 23:05:04,999] {dagbag.py:507} INFO - Filling up the DagBag from /home/kai/Documents/airflowalura/venv/lib/python3.9/site-packages/airflow/example_dags/tutorial_etl_dag.py
[2024-08-12 23:05:05,005] {processor.py:651} INFO - DAG(s) dict_keys(['tutorial_etl_dag']) retrieved from /home/kai/Documents/airflowalura/venv/lib/python3.9/site-packages/airflow/example_dags/tutorial_etl_dag.py
[2024-08-12 23:05:05,019] {logging_mixin.py:115} INFO - [2024-08-12 23:05:05,019] {dag.py:2379} INFO - Sync 1 DAGs
[2024-08-12 23:05:05,032] {logging_mixin.py:115} INFO - [2024-08-12 23:05:05,032] {dag.py:2927} INFO - Setting next_dagrun for tutorial_etl_dag to None, run_after=None
[2024-08-12 23:05:05,041] {processor.py:161} INFO - Processing /home/kai/Documents/airflowalura/venv/lib/python3.9/site-packages/airflow/example_dags/tutorial_etl_dag.py took 0.046 seconds
[2024-08-12 23:05:37,165] {processor.py:153} INFO - Started process (PID=15703) to work on /home/kai/Documents/airflowalura/venv/lib/python3.9/site-packages/airflow/example_dags/tutorial_etl_dag.py
[2024-08-12 23:05:37,166] {processor.py:641} INFO - Processing file /home/kai/Documents/airflowalura/venv/lib/python3.9/site-packages/airflow/example_dags/tutorial_etl_dag.py for tasks to queue
[2024-08-12 23:05:37,167] {logging_mixin.py:115} INFO - [2024-08-12 23:05:37,166] {dagbag.py:507} INFO - Filling up the DagBag from /home/kai/Documents/airflowalura/venv/lib/python3.9/site-packages/airflow/example_dags/tutorial_etl_dag.py
[2024-08-12 23:05:37,176] {processor.py:651} INFO - DAG(s) dict_keys(['tutorial_etl_dag']) retrieved from /home/kai/Documents/airflowalura/venv/lib/python3.9/site-packages/airflow/example_dags/tutorial_etl_dag.py
[2024-08-12 23:05:37,187] {logging_mixin.py:115} INFO - [2024-08-12 23:05:37,187] {dag.py:2379} INFO - Sync 1 DAGs
[2024-08-12 23:05:37,201] {logging_mixin.py:115} INFO - [2024-08-12 23:05:37,201] {dag.py:2927} INFO - Setting next_dagrun for tutorial_etl_dag to None, run_after=None
[2024-08-12 23:05:37,211] {processor.py:161} INFO - Processing /home/kai/Documents/airflowalura/venv/lib/python3.9/site-packages/airflow/example_dags/tutorial_etl_dag.py took 0.048 seconds
