[2024-08-12 22:17:58,681] {processor.py:153} INFO - Started process (PID=35373) to work on /home/kai/Documents/airflowalura/venv/lib/python3.9/site-packages/airflow/example_dags/plugins/workday.py
[2024-08-12 22:17:58,682] {processor.py:641} INFO - Processing file /home/kai/Documents/airflowalura/venv/lib/python3.9/site-packages/airflow/example_dags/plugins/workday.py for tasks to queue
[2024-08-12 22:17:58,682] {logging_mixin.py:115} INFO - [2024-08-12 22:17:58,682] {dagbag.py:507} INFO - Filling up the DagBag from /home/kai/Documents/airflowalura/venv/lib/python3.9/site-packages/airflow/example_dags/plugins/workday.py
[2024-08-12 22:17:58,684] {processor.py:653} WARNING - No viable dags retrieved from /home/kai/Documents/airflowalura/venv/lib/python3.9/site-packages/airflow/example_dags/plugins/workday.py
[2024-08-12 22:17:58,694] {processor.py:161} INFO - Processing /home/kai/Documents/airflowalura/venv/lib/python3.9/site-packages/airflow/example_dags/plugins/workday.py took 0.015 seconds
[2024-08-12 22:18:39,673] {processor.py:153} INFO - Started process (PID=36148) to work on /home/kai/Documents/airflowalura/venv/lib/python3.9/site-packages/airflow/example_dags/plugins/workday.py
[2024-08-12 22:18:39,673] {processor.py:641} INFO - Processing file /home/kai/Documents/airflowalura/venv/lib/python3.9/site-packages/airflow/example_dags/plugins/workday.py for tasks to queue
[2024-08-12 22:18:39,674] {logging_mixin.py:115} INFO - [2024-08-12 22:18:39,674] {dagbag.py:507} INFO - Filling up the DagBag from /home/kai/Documents/airflowalura/venv/lib/python3.9/site-packages/airflow/example_dags/plugins/workday.py
[2024-08-12 22:18:39,676] {processor.py:653} WARNING - No viable dags retrieved from /home/kai/Documents/airflowalura/venv/lib/python3.9/site-packages/airflow/example_dags/plugins/workday.py
[2024-08-12 22:18:39,685] {processor.py:161} INFO - Processing /home/kai/Documents/airflowalura/venv/lib/python3.9/site-packages/airflow/example_dags/plugins/workday.py took 0.015 seconds
[2024-08-12 22:19:13,902] {processor.py:153} INFO - Started process (PID=36431) to work on /home/kai/Documents/airflowalura/venv/lib/python3.9/site-packages/airflow/example_dags/plugins/workday.py
[2024-08-12 22:19:13,903] {processor.py:641} INFO - Processing file /home/kai/Documents/airflowalura/venv/lib/python3.9/site-packages/airflow/example_dags/plugins/workday.py for tasks to queue
[2024-08-12 22:19:13,903] {logging_mixin.py:115} INFO - [2024-08-12 22:19:13,903] {dagbag.py:507} INFO - Filling up the DagBag from /home/kai/Documents/airflowalura/venv/lib/python3.9/site-packages/airflow/example_dags/plugins/workday.py
[2024-08-12 22:19:13,905] {processor.py:653} WARNING - No viable dags retrieved from /home/kai/Documents/airflowalura/venv/lib/python3.9/site-packages/airflow/example_dags/plugins/workday.py
[2024-08-12 22:19:13,916] {processor.py:161} INFO - Processing /home/kai/Documents/airflowalura/venv/lib/python3.9/site-packages/airflow/example_dags/plugins/workday.py took 0.019 seconds
[2024-08-12 22:19:47,563] {processor.py:153} INFO - Started process (PID=36641) to work on /home/kai/Documents/airflowalura/venv/lib/python3.9/site-packages/airflow/example_dags/plugins/workday.py
[2024-08-12 22:19:47,564] {processor.py:641} INFO - Processing file /home/kai/Documents/airflowalura/venv/lib/python3.9/site-packages/airflow/example_dags/plugins/workday.py for tasks to queue
[2024-08-12 22:19:47,564] {logging_mixin.py:115} INFO - [2024-08-12 22:19:47,564] {dagbag.py:507} INFO - Filling up the DagBag from /home/kai/Documents/airflowalura/venv/lib/python3.9/site-packages/airflow/example_dags/plugins/workday.py
[2024-08-12 22:19:47,566] {processor.py:653} WARNING - No viable dags retrieved from /home/kai/Documents/airflowalura/venv/lib/python3.9/site-packages/airflow/example_dags/plugins/workday.py
[2024-08-12 22:19:47,577] {processor.py:161} INFO - Processing /home/kai/Documents/airflowalura/venv/lib/python3.9/site-packages/airflow/example_dags/plugins/workday.py took 0.017 seconds
[2024-08-12 22:20:20,634] {processor.py:153} INFO - Started process (PID=36857) to work on /home/kai/Documents/airflowalura/venv/lib/python3.9/site-packages/airflow/example_dags/plugins/workday.py
[2024-08-12 22:20:20,635] {processor.py:641} INFO - Processing file /home/kai/Documents/airflowalura/venv/lib/python3.9/site-packages/airflow/example_dags/plugins/workday.py for tasks to queue
[2024-08-12 22:20:20,636] {logging_mixin.py:115} INFO - [2024-08-12 22:20:20,636] {dagbag.py:507} INFO - Filling up the DagBag from /home/kai/Documents/airflowalura/venv/lib/python3.9/site-packages/airflow/example_dags/plugins/workday.py
[2024-08-12 22:20:20,639] {processor.py:653} WARNING - No viable dags retrieved from /home/kai/Documents/airflowalura/venv/lib/python3.9/site-packages/airflow/example_dags/plugins/workday.py
[2024-08-12 22:20:20,652] {processor.py:161} INFO - Processing /home/kai/Documents/airflowalura/venv/lib/python3.9/site-packages/airflow/example_dags/plugins/workday.py took 0.021 seconds
[2024-08-12 22:20:54,348] {processor.py:153} INFO - Started process (PID=37072) to work on /home/kai/Documents/airflowalura/venv/lib/python3.9/site-packages/airflow/example_dags/plugins/workday.py
[2024-08-12 22:20:54,349] {processor.py:641} INFO - Processing file /home/kai/Documents/airflowalura/venv/lib/python3.9/site-packages/airflow/example_dags/plugins/workday.py for tasks to queue
[2024-08-12 22:20:54,350] {logging_mixin.py:115} INFO - [2024-08-12 22:20:54,350] {dagbag.py:507} INFO - Filling up the DagBag from /home/kai/Documents/airflowalura/venv/lib/python3.9/site-packages/airflow/example_dags/plugins/workday.py
[2024-08-12 22:20:54,353] {processor.py:653} WARNING - No viable dags retrieved from /home/kai/Documents/airflowalura/venv/lib/python3.9/site-packages/airflow/example_dags/plugins/workday.py
[2024-08-12 22:20:54,365] {processor.py:161} INFO - Processing /home/kai/Documents/airflowalura/venv/lib/python3.9/site-packages/airflow/example_dags/plugins/workday.py took 0.019 seconds
[2024-08-12 22:21:30,238] {processor.py:153} INFO - Started process (PID=37417) to work on /home/kai/Documents/airflowalura/venv/lib/python3.9/site-packages/airflow/example_dags/plugins/workday.py
[2024-08-12 22:21:30,239] {processor.py:641} INFO - Processing file /home/kai/Documents/airflowalura/venv/lib/python3.9/site-packages/airflow/example_dags/plugins/workday.py for tasks to queue
[2024-08-12 22:21:30,240] {logging_mixin.py:115} INFO - [2024-08-12 22:21:30,239] {dagbag.py:507} INFO - Filling up the DagBag from /home/kai/Documents/airflowalura/venv/lib/python3.9/site-packages/airflow/example_dags/plugins/workday.py
[2024-08-12 22:21:30,241] {processor.py:653} WARNING - No viable dags retrieved from /home/kai/Documents/airflowalura/venv/lib/python3.9/site-packages/airflow/example_dags/plugins/workday.py
[2024-08-12 22:21:30,278] {processor.py:161} INFO - Processing /home/kai/Documents/airflowalura/venv/lib/python3.9/site-packages/airflow/example_dags/plugins/workday.py took 0.043 seconds
[2024-08-12 22:24:44,464] {processor.py:153} INFO - Started process (PID=39190) to work on /home/kai/Documents/airflowalura/venv/lib/python3.9/site-packages/airflow/example_dags/plugins/workday.py
[2024-08-12 22:24:44,465] {processor.py:641} INFO - Processing file /home/kai/Documents/airflowalura/venv/lib/python3.9/site-packages/airflow/example_dags/plugins/workday.py for tasks to queue
[2024-08-12 22:24:44,465] {logging_mixin.py:115} INFO - [2024-08-12 22:24:44,465] {dagbag.py:507} INFO - Filling up the DagBag from /home/kai/Documents/airflowalura/venv/lib/python3.9/site-packages/airflow/example_dags/plugins/workday.py
[2024-08-12 22:24:44,467] {processor.py:653} WARNING - No viable dags retrieved from /home/kai/Documents/airflowalura/venv/lib/python3.9/site-packages/airflow/example_dags/plugins/workday.py
[2024-08-12 22:24:44,486] {processor.py:161} INFO - Processing /home/kai/Documents/airflowalura/venv/lib/python3.9/site-packages/airflow/example_dags/plugins/workday.py took 0.025 seconds
[2024-08-12 22:25:19,887] {processor.py:153} INFO - Started process (PID=39492) to work on /home/kai/Documents/airflowalura/venv/lib/python3.9/site-packages/airflow/example_dags/plugins/workday.py
[2024-08-12 22:25:19,888] {processor.py:641} INFO - Processing file /home/kai/Documents/airflowalura/venv/lib/python3.9/site-packages/airflow/example_dags/plugins/workday.py for tasks to queue
[2024-08-12 22:25:19,889] {logging_mixin.py:115} INFO - [2024-08-12 22:25:19,889] {dagbag.py:507} INFO - Filling up the DagBag from /home/kai/Documents/airflowalura/venv/lib/python3.9/site-packages/airflow/example_dags/plugins/workday.py
[2024-08-12 22:25:19,892] {processor.py:653} WARNING - No viable dags retrieved from /home/kai/Documents/airflowalura/venv/lib/python3.9/site-packages/airflow/example_dags/plugins/workday.py
[2024-08-12 22:25:19,905] {processor.py:161} INFO - Processing /home/kai/Documents/airflowalura/venv/lib/python3.9/site-packages/airflow/example_dags/plugins/workday.py took 0.021 seconds
[2024-08-12 22:25:55,537] {processor.py:153} INFO - Started process (PID=39806) to work on /home/kai/Documents/airflowalura/venv/lib/python3.9/site-packages/airflow/example_dags/plugins/workday.py
[2024-08-12 22:25:55,542] {processor.py:641} INFO - Processing file /home/kai/Documents/airflowalura/venv/lib/python3.9/site-packages/airflow/example_dags/plugins/workday.py for tasks to queue
[2024-08-12 22:25:55,543] {logging_mixin.py:115} INFO - [2024-08-12 22:25:55,543] {dagbag.py:507} INFO - Filling up the DagBag from /home/kai/Documents/airflowalura/venv/lib/python3.9/site-packages/airflow/example_dags/plugins/workday.py
[2024-08-12 22:25:55,546] {processor.py:653} WARNING - No viable dags retrieved from /home/kai/Documents/airflowalura/venv/lib/python3.9/site-packages/airflow/example_dags/plugins/workday.py
[2024-08-12 22:25:55,564] {processor.py:161} INFO - Processing /home/kai/Documents/airflowalura/venv/lib/python3.9/site-packages/airflow/example_dags/plugins/workday.py took 0.030 seconds
[2024-08-12 22:26:31,310] {processor.py:153} INFO - Started process (PID=40374) to work on /home/kai/Documents/airflowalura/venv/lib/python3.9/site-packages/airflow/example_dags/plugins/workday.py
[2024-08-12 22:26:31,312] {processor.py:641} INFO - Processing file /home/kai/Documents/airflowalura/venv/lib/python3.9/site-packages/airflow/example_dags/plugins/workday.py for tasks to queue
[2024-08-12 22:26:31,313] {logging_mixin.py:115} INFO - [2024-08-12 22:26:31,313] {dagbag.py:507} INFO - Filling up the DagBag from /home/kai/Documents/airflowalura/venv/lib/python3.9/site-packages/airflow/example_dags/plugins/workday.py
[2024-08-12 22:26:31,315] {processor.py:653} WARNING - No viable dags retrieved from /home/kai/Documents/airflowalura/venv/lib/python3.9/site-packages/airflow/example_dags/plugins/workday.py
[2024-08-12 22:26:31,340] {processor.py:161} INFO - Processing /home/kai/Documents/airflowalura/venv/lib/python3.9/site-packages/airflow/example_dags/plugins/workday.py took 0.034 seconds
[2024-08-12 22:27:06,493] {processor.py:153} INFO - Started process (PID=40654) to work on /home/kai/Documents/airflowalura/venv/lib/python3.9/site-packages/airflow/example_dags/plugins/workday.py
[2024-08-12 22:27:06,494] {processor.py:641} INFO - Processing file /home/kai/Documents/airflowalura/venv/lib/python3.9/site-packages/airflow/example_dags/plugins/workday.py for tasks to queue
[2024-08-12 22:27:06,495] {logging_mixin.py:115} INFO - [2024-08-12 22:27:06,495] {dagbag.py:507} INFO - Filling up the DagBag from /home/kai/Documents/airflowalura/venv/lib/python3.9/site-packages/airflow/example_dags/plugins/workday.py
[2024-08-12 22:27:06,497] {processor.py:653} WARNING - No viable dags retrieved from /home/kai/Documents/airflowalura/venv/lib/python3.9/site-packages/airflow/example_dags/plugins/workday.py
[2024-08-12 22:27:06,513] {processor.py:161} INFO - Processing /home/kai/Documents/airflowalura/venv/lib/python3.9/site-packages/airflow/example_dags/plugins/workday.py took 0.025 seconds
[2024-08-12 22:27:41,952] {processor.py:153} INFO - Started process (PID=40945) to work on /home/kai/Documents/airflowalura/venv/lib/python3.9/site-packages/airflow/example_dags/plugins/workday.py
[2024-08-12 22:27:41,956] {processor.py:641} INFO - Processing file /home/kai/Documents/airflowalura/venv/lib/python3.9/site-packages/airflow/example_dags/plugins/workday.py for tasks to queue
[2024-08-12 22:27:41,958] {logging_mixin.py:115} INFO - [2024-08-12 22:27:41,958] {dagbag.py:507} INFO - Filling up the DagBag from /home/kai/Documents/airflowalura/venv/lib/python3.9/site-packages/airflow/example_dags/plugins/workday.py
[2024-08-12 22:27:41,960] {processor.py:653} WARNING - No viable dags retrieved from /home/kai/Documents/airflowalura/venv/lib/python3.9/site-packages/airflow/example_dags/plugins/workday.py
[2024-08-12 22:27:41,975] {processor.py:161} INFO - Processing /home/kai/Documents/airflowalura/venv/lib/python3.9/site-packages/airflow/example_dags/plugins/workday.py took 0.028 seconds
[2024-08-12 22:28:43,013] {processor.py:153} INFO - Started process (PID=41684) to work on /home/kai/Documents/airflowalura/venv/lib/python3.9/site-packages/airflow/example_dags/plugins/workday.py
[2024-08-12 22:28:43,013] {processor.py:641} INFO - Processing file /home/kai/Documents/airflowalura/venv/lib/python3.9/site-packages/airflow/example_dags/plugins/workday.py for tasks to queue
[2024-08-12 22:28:43,014] {logging_mixin.py:115} INFO - [2024-08-12 22:28:43,014] {dagbag.py:507} INFO - Filling up the DagBag from /home/kai/Documents/airflowalura/venv/lib/python3.9/site-packages/airflow/example_dags/plugins/workday.py
[2024-08-12 22:28:43,016] {processor.py:653} WARNING - No viable dags retrieved from /home/kai/Documents/airflowalura/venv/lib/python3.9/site-packages/airflow/example_dags/plugins/workday.py
[2024-08-12 22:28:43,031] {processor.py:161} INFO - Processing /home/kai/Documents/airflowalura/venv/lib/python3.9/site-packages/airflow/example_dags/plugins/workday.py took 0.021 seconds
[2024-08-12 22:35:34,559] {processor.py:153} INFO - Started process (PID=3306) to work on /home/kai/Documents/airflowalura/venv/lib/python3.9/site-packages/airflow/example_dags/plugins/workday.py
[2024-08-12 22:35:34,560] {processor.py:641} INFO - Processing file /home/kai/Documents/airflowalura/venv/lib/python3.9/site-packages/airflow/example_dags/plugins/workday.py for tasks to queue
[2024-08-12 22:35:34,560] {logging_mixin.py:115} INFO - [2024-08-12 22:35:34,560] {dagbag.py:507} INFO - Filling up the DagBag from /home/kai/Documents/airflowalura/venv/lib/python3.9/site-packages/airflow/example_dags/plugins/workday.py
[2024-08-12 22:35:34,562] {processor.py:653} WARNING - No viable dags retrieved from /home/kai/Documents/airflowalura/venv/lib/python3.9/site-packages/airflow/example_dags/plugins/workday.py
[2024-08-12 22:35:34,572] {processor.py:161} INFO - Processing /home/kai/Documents/airflowalura/venv/lib/python3.9/site-packages/airflow/example_dags/plugins/workday.py took 0.016 seconds
[2024-08-12 22:36:08,153] {processor.py:153} INFO - Started process (PID=3899) to work on /home/kai/Documents/airflowalura/venv/lib/python3.9/site-packages/airflow/example_dags/plugins/workday.py
[2024-08-12 22:36:08,153] {processor.py:641} INFO - Processing file /home/kai/Documents/airflowalura/venv/lib/python3.9/site-packages/airflow/example_dags/plugins/workday.py for tasks to queue
[2024-08-12 22:36:08,154] {logging_mixin.py:115} INFO - [2024-08-12 22:36:08,154] {dagbag.py:507} INFO - Filling up the DagBag from /home/kai/Documents/airflowalura/venv/lib/python3.9/site-packages/airflow/example_dags/plugins/workday.py
[2024-08-12 22:36:08,155] {processor.py:653} WARNING - No viable dags retrieved from /home/kai/Documents/airflowalura/venv/lib/python3.9/site-packages/airflow/example_dags/plugins/workday.py
[2024-08-12 22:36:08,164] {processor.py:161} INFO - Processing /home/kai/Documents/airflowalura/venv/lib/python3.9/site-packages/airflow/example_dags/plugins/workday.py took 0.014 seconds
[2024-08-12 22:36:41,874] {processor.py:153} INFO - Started process (PID=4083) to work on /home/kai/Documents/airflowalura/venv/lib/python3.9/site-packages/airflow/example_dags/plugins/workday.py
[2024-08-12 22:36:41,875] {processor.py:641} INFO - Processing file /home/kai/Documents/airflowalura/venv/lib/python3.9/site-packages/airflow/example_dags/plugins/workday.py for tasks to queue
[2024-08-12 22:36:41,875] {logging_mixin.py:115} INFO - [2024-08-12 22:36:41,875] {dagbag.py:507} INFO - Filling up the DagBag from /home/kai/Documents/airflowalura/venv/lib/python3.9/site-packages/airflow/example_dags/plugins/workday.py
[2024-08-12 22:36:41,877] {processor.py:653} WARNING - No viable dags retrieved from /home/kai/Documents/airflowalura/venv/lib/python3.9/site-packages/airflow/example_dags/plugins/workday.py
[2024-08-12 22:36:41,886] {processor.py:161} INFO - Processing /home/kai/Documents/airflowalura/venv/lib/python3.9/site-packages/airflow/example_dags/plugins/workday.py took 0.014 seconds
[2024-08-12 22:37:14,939] {processor.py:153} INFO - Started process (PID=4321) to work on /home/kai/Documents/airflowalura/venv/lib/python3.9/site-packages/airflow/example_dags/plugins/workday.py
[2024-08-12 22:37:14,940] {processor.py:641} INFO - Processing file /home/kai/Documents/airflowalura/venv/lib/python3.9/site-packages/airflow/example_dags/plugins/workday.py for tasks to queue
[2024-08-12 22:37:14,940] {logging_mixin.py:115} INFO - [2024-08-12 22:37:14,940] {dagbag.py:507} INFO - Filling up the DagBag from /home/kai/Documents/airflowalura/venv/lib/python3.9/site-packages/airflow/example_dags/plugins/workday.py
[2024-08-12 22:37:14,942] {processor.py:653} WARNING - No viable dags retrieved from /home/kai/Documents/airflowalura/venv/lib/python3.9/site-packages/airflow/example_dags/plugins/workday.py
[2024-08-12 22:37:14,952] {processor.py:161} INFO - Processing /home/kai/Documents/airflowalura/venv/lib/python3.9/site-packages/airflow/example_dags/plugins/workday.py took 0.015 seconds
[2024-08-12 22:37:48,546] {processor.py:153} INFO - Started process (PID=4735) to work on /home/kai/Documents/airflowalura/venv/lib/python3.9/site-packages/airflow/example_dags/plugins/workday.py
[2024-08-12 22:37:48,547] {processor.py:641} INFO - Processing file /home/kai/Documents/airflowalura/venv/lib/python3.9/site-packages/airflow/example_dags/plugins/workday.py for tasks to queue
[2024-08-12 22:37:48,548] {logging_mixin.py:115} INFO - [2024-08-12 22:37:48,547] {dagbag.py:507} INFO - Filling up the DagBag from /home/kai/Documents/airflowalura/venv/lib/python3.9/site-packages/airflow/example_dags/plugins/workday.py
[2024-08-12 22:37:48,549] {processor.py:653} WARNING - No viable dags retrieved from /home/kai/Documents/airflowalura/venv/lib/python3.9/site-packages/airflow/example_dags/plugins/workday.py
[2024-08-12 22:37:48,559] {processor.py:161} INFO - Processing /home/kai/Documents/airflowalura/venv/lib/python3.9/site-packages/airflow/example_dags/plugins/workday.py took 0.016 seconds
[2024-08-12 22:38:24,581] {processor.py:153} INFO - Started process (PID=5025) to work on /home/kai/Documents/airflowalura/venv/lib/python3.9/site-packages/airflow/example_dags/plugins/workday.py
[2024-08-12 22:38:24,582] {processor.py:641} INFO - Processing file /home/kai/Documents/airflowalura/venv/lib/python3.9/site-packages/airflow/example_dags/plugins/workday.py for tasks to queue
[2024-08-12 22:38:24,582] {logging_mixin.py:115} INFO - [2024-08-12 22:38:24,582] {dagbag.py:507} INFO - Filling up the DagBag from /home/kai/Documents/airflowalura/venv/lib/python3.9/site-packages/airflow/example_dags/plugins/workday.py
[2024-08-12 22:38:24,584] {processor.py:653} WARNING - No viable dags retrieved from /home/kai/Documents/airflowalura/venv/lib/python3.9/site-packages/airflow/example_dags/plugins/workday.py
[2024-08-12 22:38:24,593] {processor.py:161} INFO - Processing /home/kai/Documents/airflowalura/venv/lib/python3.9/site-packages/airflow/example_dags/plugins/workday.py took 0.014 seconds
[2024-08-12 22:38:56,551] {processor.py:153} INFO - Started process (PID=5279) to work on /home/kai/Documents/airflowalura/venv/lib/python3.9/site-packages/airflow/example_dags/plugins/workday.py
[2024-08-12 22:38:56,551] {processor.py:641} INFO - Processing file /home/kai/Documents/airflowalura/venv/lib/python3.9/site-packages/airflow/example_dags/plugins/workday.py for tasks to queue
[2024-08-12 22:38:56,552] {logging_mixin.py:115} INFO - [2024-08-12 22:38:56,552] {dagbag.py:507} INFO - Filling up the DagBag from /home/kai/Documents/airflowalura/venv/lib/python3.9/site-packages/airflow/example_dags/plugins/workday.py
[2024-08-12 22:38:56,553] {processor.py:653} WARNING - No viable dags retrieved from /home/kai/Documents/airflowalura/venv/lib/python3.9/site-packages/airflow/example_dags/plugins/workday.py
[2024-08-12 22:38:56,564] {processor.py:161} INFO - Processing /home/kai/Documents/airflowalura/venv/lib/python3.9/site-packages/airflow/example_dags/plugins/workday.py took 0.016 seconds
[2024-08-12 22:39:34,209] {processor.py:153} INFO - Started process (PID=5645) to work on /home/kai/Documents/airflowalura/venv/lib/python3.9/site-packages/airflow/example_dags/plugins/workday.py
[2024-08-12 22:39:34,210] {processor.py:641} INFO - Processing file /home/kai/Documents/airflowalura/venv/lib/python3.9/site-packages/airflow/example_dags/plugins/workday.py for tasks to queue
[2024-08-12 22:39:34,211] {logging_mixin.py:115} INFO - [2024-08-12 22:39:34,211] {dagbag.py:507} INFO - Filling up the DagBag from /home/kai/Documents/airflowalura/venv/lib/python3.9/site-packages/airflow/example_dags/plugins/workday.py
[2024-08-12 22:39:34,212] {processor.py:653} WARNING - No viable dags retrieved from /home/kai/Documents/airflowalura/venv/lib/python3.9/site-packages/airflow/example_dags/plugins/workday.py
[2024-08-12 22:39:34,223] {processor.py:161} INFO - Processing /home/kai/Documents/airflowalura/venv/lib/python3.9/site-packages/airflow/example_dags/plugins/workday.py took 0.018 seconds
[2024-08-12 22:40:09,524] {processor.py:153} INFO - Started process (PID=5953) to work on /home/kai/Documents/airflowalura/venv/lib/python3.9/site-packages/airflow/example_dags/plugins/workday.py
[2024-08-12 22:40:09,525] {processor.py:641} INFO - Processing file /home/kai/Documents/airflowalura/venv/lib/python3.9/site-packages/airflow/example_dags/plugins/workday.py for tasks to queue
[2024-08-12 22:40:09,526] {logging_mixin.py:115} INFO - [2024-08-12 22:40:09,526] {dagbag.py:507} INFO - Filling up the DagBag from /home/kai/Documents/airflowalura/venv/lib/python3.9/site-packages/airflow/example_dags/plugins/workday.py
[2024-08-12 22:40:09,528] {processor.py:653} WARNING - No viable dags retrieved from /home/kai/Documents/airflowalura/venv/lib/python3.9/site-packages/airflow/example_dags/plugins/workday.py
[2024-08-12 22:40:09,541] {processor.py:161} INFO - Processing /home/kai/Documents/airflowalura/venv/lib/python3.9/site-packages/airflow/example_dags/plugins/workday.py took 0.019 seconds
[2024-08-12 22:40:42,161] {processor.py:153} INFO - Started process (PID=6289) to work on /home/kai/Documents/airflowalura/venv/lib/python3.9/site-packages/airflow/example_dags/plugins/workday.py
[2024-08-12 22:40:42,162] {processor.py:641} INFO - Processing file /home/kai/Documents/airflowalura/venv/lib/python3.9/site-packages/airflow/example_dags/plugins/workday.py for tasks to queue
[2024-08-12 22:40:42,162] {logging_mixin.py:115} INFO - [2024-08-12 22:40:42,162] {dagbag.py:507} INFO - Filling up the DagBag from /home/kai/Documents/airflowalura/venv/lib/python3.9/site-packages/airflow/example_dags/plugins/workday.py
[2024-08-12 22:40:42,164] {processor.py:653} WARNING - No viable dags retrieved from /home/kai/Documents/airflowalura/venv/lib/python3.9/site-packages/airflow/example_dags/plugins/workday.py
[2024-08-12 22:40:42,173] {processor.py:161} INFO - Processing /home/kai/Documents/airflowalura/venv/lib/python3.9/site-packages/airflow/example_dags/plugins/workday.py took 0.015 seconds
[2024-08-12 22:41:16,403] {processor.py:153} INFO - Started process (PID=6551) to work on /home/kai/Documents/airflowalura/venv/lib/python3.9/site-packages/airflow/example_dags/plugins/workday.py
[2024-08-12 22:41:16,404] {processor.py:641} INFO - Processing file /home/kai/Documents/airflowalura/venv/lib/python3.9/site-packages/airflow/example_dags/plugins/workday.py for tasks to queue
[2024-08-12 22:41:16,405] {logging_mixin.py:115} INFO - [2024-08-12 22:41:16,405] {dagbag.py:507} INFO - Filling up the DagBag from /home/kai/Documents/airflowalura/venv/lib/python3.9/site-packages/airflow/example_dags/plugins/workday.py
[2024-08-12 22:41:16,407] {processor.py:653} WARNING - No viable dags retrieved from /home/kai/Documents/airflowalura/venv/lib/python3.9/site-packages/airflow/example_dags/plugins/workday.py
[2024-08-12 22:41:16,419] {processor.py:161} INFO - Processing /home/kai/Documents/airflowalura/venv/lib/python3.9/site-packages/airflow/example_dags/plugins/workday.py took 0.020 seconds
[2024-08-12 22:41:52,693] {processor.py:153} INFO - Started process (PID=7033) to work on /home/kai/Documents/airflowalura/venv/lib/python3.9/site-packages/airflow/example_dags/plugins/workday.py
[2024-08-12 22:41:52,694] {processor.py:641} INFO - Processing file /home/kai/Documents/airflowalura/venv/lib/python3.9/site-packages/airflow/example_dags/plugins/workday.py for tasks to queue
[2024-08-12 22:41:52,695] {logging_mixin.py:115} INFO - [2024-08-12 22:41:52,695] {dagbag.py:507} INFO - Filling up the DagBag from /home/kai/Documents/airflowalura/venv/lib/python3.9/site-packages/airflow/example_dags/plugins/workday.py
[2024-08-12 22:41:52,697] {processor.py:653} WARNING - No viable dags retrieved from /home/kai/Documents/airflowalura/venv/lib/python3.9/site-packages/airflow/example_dags/plugins/workday.py
[2024-08-12 22:41:52,711] {processor.py:161} INFO - Processing /home/kai/Documents/airflowalura/venv/lib/python3.9/site-packages/airflow/example_dags/plugins/workday.py took 0.022 seconds
[2024-08-12 22:42:27,528] {processor.py:153} INFO - Started process (PID=7283) to work on /home/kai/Documents/airflowalura/venv/lib/python3.9/site-packages/airflow/example_dags/plugins/workday.py
[2024-08-12 22:42:27,529] {processor.py:641} INFO - Processing file /home/kai/Documents/airflowalura/venv/lib/python3.9/site-packages/airflow/example_dags/plugins/workday.py for tasks to queue
[2024-08-12 22:42:27,529] {logging_mixin.py:115} INFO - [2024-08-12 22:42:27,529] {dagbag.py:507} INFO - Filling up the DagBag from /home/kai/Documents/airflowalura/venv/lib/python3.9/site-packages/airflow/example_dags/plugins/workday.py
[2024-08-12 22:42:27,531] {processor.py:653} WARNING - No viable dags retrieved from /home/kai/Documents/airflowalura/venv/lib/python3.9/site-packages/airflow/example_dags/plugins/workday.py
[2024-08-12 22:42:27,544] {processor.py:161} INFO - Processing /home/kai/Documents/airflowalura/venv/lib/python3.9/site-packages/airflow/example_dags/plugins/workday.py took 0.019 seconds
[2024-08-12 22:43:01,884] {processor.py:153} INFO - Started process (PID=7568) to work on /home/kai/Documents/airflowalura/venv/lib/python3.9/site-packages/airflow/example_dags/plugins/workday.py
[2024-08-12 22:43:01,885] {processor.py:641} INFO - Processing file /home/kai/Documents/airflowalura/venv/lib/python3.9/site-packages/airflow/example_dags/plugins/workday.py for tasks to queue
[2024-08-12 22:43:01,886] {logging_mixin.py:115} INFO - [2024-08-12 22:43:01,886] {dagbag.py:507} INFO - Filling up the DagBag from /home/kai/Documents/airflowalura/venv/lib/python3.9/site-packages/airflow/example_dags/plugins/workday.py
[2024-08-12 22:43:01,887] {processor.py:653} WARNING - No viable dags retrieved from /home/kai/Documents/airflowalura/venv/lib/python3.9/site-packages/airflow/example_dags/plugins/workday.py
[2024-08-12 22:43:01,898] {processor.py:161} INFO - Processing /home/kai/Documents/airflowalura/venv/lib/python3.9/site-packages/airflow/example_dags/plugins/workday.py took 0.016 seconds
[2024-08-12 22:43:37,770] {processor.py:153} INFO - Started process (PID=7754) to work on /home/kai/Documents/airflowalura/venv/lib/python3.9/site-packages/airflow/example_dags/plugins/workday.py
[2024-08-12 22:43:37,771] {processor.py:641} INFO - Processing file /home/kai/Documents/airflowalura/venv/lib/python3.9/site-packages/airflow/example_dags/plugins/workday.py for tasks to queue
[2024-08-12 22:43:37,772] {logging_mixin.py:115} INFO - [2024-08-12 22:43:37,772] {dagbag.py:507} INFO - Filling up the DagBag from /home/kai/Documents/airflowalura/venv/lib/python3.9/site-packages/airflow/example_dags/plugins/workday.py
[2024-08-12 22:43:37,774] {processor.py:653} WARNING - No viable dags retrieved from /home/kai/Documents/airflowalura/venv/lib/python3.9/site-packages/airflow/example_dags/plugins/workday.py
[2024-08-12 22:43:37,789] {processor.py:161} INFO - Processing /home/kai/Documents/airflowalura/venv/lib/python3.9/site-packages/airflow/example_dags/plugins/workday.py took 0.023 seconds
[2024-08-12 22:44:10,772] {processor.py:153} INFO - Started process (PID=8043) to work on /home/kai/Documents/airflowalura/venv/lib/python3.9/site-packages/airflow/example_dags/plugins/workday.py
[2024-08-12 22:44:10,773] {processor.py:641} INFO - Processing file /home/kai/Documents/airflowalura/venv/lib/python3.9/site-packages/airflow/example_dags/plugins/workday.py for tasks to queue
[2024-08-12 22:44:10,773] {logging_mixin.py:115} INFO - [2024-08-12 22:44:10,773] {dagbag.py:507} INFO - Filling up the DagBag from /home/kai/Documents/airflowalura/venv/lib/python3.9/site-packages/airflow/example_dags/plugins/workday.py
[2024-08-12 22:44:10,775] {processor.py:653} WARNING - No viable dags retrieved from /home/kai/Documents/airflowalura/venv/lib/python3.9/site-packages/airflow/example_dags/plugins/workday.py
[2024-08-12 22:44:10,786] {processor.py:161} INFO - Processing /home/kai/Documents/airflowalura/venv/lib/python3.9/site-packages/airflow/example_dags/plugins/workday.py took 0.016 seconds
[2024-08-12 22:44:45,543] {processor.py:153} INFO - Started process (PID=8235) to work on /home/kai/Documents/airflowalura/venv/lib/python3.9/site-packages/airflow/example_dags/plugins/workday.py
[2024-08-12 22:44:45,544] {processor.py:641} INFO - Processing file /home/kai/Documents/airflowalura/venv/lib/python3.9/site-packages/airflow/example_dags/plugins/workday.py for tasks to queue
[2024-08-12 22:44:45,545] {logging_mixin.py:115} INFO - [2024-08-12 22:44:45,545] {dagbag.py:507} INFO - Filling up the DagBag from /home/kai/Documents/airflowalura/venv/lib/python3.9/site-packages/airflow/example_dags/plugins/workday.py
[2024-08-12 22:44:45,546] {processor.py:653} WARNING - No viable dags retrieved from /home/kai/Documents/airflowalura/venv/lib/python3.9/site-packages/airflow/example_dags/plugins/workday.py
[2024-08-12 22:44:45,556] {processor.py:161} INFO - Processing /home/kai/Documents/airflowalura/venv/lib/python3.9/site-packages/airflow/example_dags/plugins/workday.py took 0.015 seconds
[2024-08-12 22:45:18,627] {processor.py:153} INFO - Started process (PID=8578) to work on /home/kai/Documents/airflowalura/venv/lib/python3.9/site-packages/airflow/example_dags/plugins/workday.py
[2024-08-12 22:45:18,628] {processor.py:641} INFO - Processing file /home/kai/Documents/airflowalura/venv/lib/python3.9/site-packages/airflow/example_dags/plugins/workday.py for tasks to queue
[2024-08-12 22:45:18,628] {logging_mixin.py:115} INFO - [2024-08-12 22:45:18,628] {dagbag.py:507} INFO - Filling up the DagBag from /home/kai/Documents/airflowalura/venv/lib/python3.9/site-packages/airflow/example_dags/plugins/workday.py
[2024-08-12 22:45:18,630] {processor.py:653} WARNING - No viable dags retrieved from /home/kai/Documents/airflowalura/venv/lib/python3.9/site-packages/airflow/example_dags/plugins/workday.py
[2024-08-12 22:45:18,639] {processor.py:161} INFO - Processing /home/kai/Documents/airflowalura/venv/lib/python3.9/site-packages/airflow/example_dags/plugins/workday.py took 0.015 seconds
[2024-08-12 22:45:53,036] {processor.py:153} INFO - Started process (PID=8825) to work on /home/kai/Documents/airflowalura/venv/lib/python3.9/site-packages/airflow/example_dags/plugins/workday.py
[2024-08-12 22:45:53,036] {processor.py:641} INFO - Processing file /home/kai/Documents/airflowalura/venv/lib/python3.9/site-packages/airflow/example_dags/plugins/workday.py for tasks to queue
[2024-08-12 22:45:53,037] {logging_mixin.py:115} INFO - [2024-08-12 22:45:53,037] {dagbag.py:507} INFO - Filling up the DagBag from /home/kai/Documents/airflowalura/venv/lib/python3.9/site-packages/airflow/example_dags/plugins/workday.py
[2024-08-12 22:45:53,039] {processor.py:653} WARNING - No viable dags retrieved from /home/kai/Documents/airflowalura/venv/lib/python3.9/site-packages/airflow/example_dags/plugins/workday.py
[2024-08-12 22:45:53,054] {processor.py:161} INFO - Processing /home/kai/Documents/airflowalura/venv/lib/python3.9/site-packages/airflow/example_dags/plugins/workday.py took 0.021 seconds
[2024-08-12 22:46:25,682] {processor.py:153} INFO - Started process (PID=8995) to work on /home/kai/Documents/airflowalura/venv/lib/python3.9/site-packages/airflow/example_dags/plugins/workday.py
[2024-08-12 22:46:25,683] {processor.py:641} INFO - Processing file /home/kai/Documents/airflowalura/venv/lib/python3.9/site-packages/airflow/example_dags/plugins/workday.py for tasks to queue
[2024-08-12 22:46:25,684] {logging_mixin.py:115} INFO - [2024-08-12 22:46:25,683] {dagbag.py:507} INFO - Filling up the DagBag from /home/kai/Documents/airflowalura/venv/lib/python3.9/site-packages/airflow/example_dags/plugins/workday.py
[2024-08-12 22:46:25,685] {processor.py:653} WARNING - No viable dags retrieved from /home/kai/Documents/airflowalura/venv/lib/python3.9/site-packages/airflow/example_dags/plugins/workday.py
[2024-08-12 22:46:25,695] {processor.py:161} INFO - Processing /home/kai/Documents/airflowalura/venv/lib/python3.9/site-packages/airflow/example_dags/plugins/workday.py took 0.015 seconds
[2024-08-12 22:46:58,440] {processor.py:153} INFO - Started process (PID=9180) to work on /home/kai/Documents/airflowalura/venv/lib/python3.9/site-packages/airflow/example_dags/plugins/workday.py
[2024-08-12 22:46:58,441] {processor.py:641} INFO - Processing file /home/kai/Documents/airflowalura/venv/lib/python3.9/site-packages/airflow/example_dags/plugins/workday.py for tasks to queue
[2024-08-12 22:46:58,441] {logging_mixin.py:115} INFO - [2024-08-12 22:46:58,441] {dagbag.py:507} INFO - Filling up the DagBag from /home/kai/Documents/airflowalura/venv/lib/python3.9/site-packages/airflow/example_dags/plugins/workday.py
[2024-08-12 22:46:58,443] {processor.py:653} WARNING - No viable dags retrieved from /home/kai/Documents/airflowalura/venv/lib/python3.9/site-packages/airflow/example_dags/plugins/workday.py
[2024-08-12 22:46:58,452] {processor.py:161} INFO - Processing /home/kai/Documents/airflowalura/venv/lib/python3.9/site-packages/airflow/example_dags/plugins/workday.py took 0.015 seconds
[2024-08-12 22:47:32,125] {processor.py:153} INFO - Started process (PID=9369) to work on /home/kai/Documents/airflowalura/venv/lib/python3.9/site-packages/airflow/example_dags/plugins/workday.py
[2024-08-12 22:47:32,126] {processor.py:641} INFO - Processing file /home/kai/Documents/airflowalura/venv/lib/python3.9/site-packages/airflow/example_dags/plugins/workday.py for tasks to queue
[2024-08-12 22:47:32,127] {logging_mixin.py:115} INFO - [2024-08-12 22:47:32,126] {dagbag.py:507} INFO - Filling up the DagBag from /home/kai/Documents/airflowalura/venv/lib/python3.9/site-packages/airflow/example_dags/plugins/workday.py
[2024-08-12 22:47:32,129] {processor.py:653} WARNING - No viable dags retrieved from /home/kai/Documents/airflowalura/venv/lib/python3.9/site-packages/airflow/example_dags/plugins/workday.py
[2024-08-12 22:47:32,139] {processor.py:161} INFO - Processing /home/kai/Documents/airflowalura/venv/lib/python3.9/site-packages/airflow/example_dags/plugins/workday.py took 0.017 seconds
[2024-08-12 22:48:05,814] {processor.py:153} INFO - Started process (PID=9558) to work on /home/kai/Documents/airflowalura/venv/lib/python3.9/site-packages/airflow/example_dags/plugins/workday.py
[2024-08-12 22:48:05,815] {processor.py:641} INFO - Processing file /home/kai/Documents/airflowalura/venv/lib/python3.9/site-packages/airflow/example_dags/plugins/workday.py for tasks to queue
[2024-08-12 22:48:05,816] {logging_mixin.py:115} INFO - [2024-08-12 22:48:05,816] {dagbag.py:507} INFO - Filling up the DagBag from /home/kai/Documents/airflowalura/venv/lib/python3.9/site-packages/airflow/example_dags/plugins/workday.py
[2024-08-12 22:48:05,818] {processor.py:653} WARNING - No viable dags retrieved from /home/kai/Documents/airflowalura/venv/lib/python3.9/site-packages/airflow/example_dags/plugins/workday.py
[2024-08-12 22:48:05,829] {processor.py:161} INFO - Processing /home/kai/Documents/airflowalura/venv/lib/python3.9/site-packages/airflow/example_dags/plugins/workday.py took 0.017 seconds
[2024-08-12 22:48:39,081] {processor.py:153} INFO - Started process (PID=9737) to work on /home/kai/Documents/airflowalura/venv/lib/python3.9/site-packages/airflow/example_dags/plugins/workday.py
[2024-08-12 22:48:39,082] {processor.py:641} INFO - Processing file /home/kai/Documents/airflowalura/venv/lib/python3.9/site-packages/airflow/example_dags/plugins/workday.py for tasks to queue
[2024-08-12 22:48:39,083] {logging_mixin.py:115} INFO - [2024-08-12 22:48:39,083] {dagbag.py:507} INFO - Filling up the DagBag from /home/kai/Documents/airflowalura/venv/lib/python3.9/site-packages/airflow/example_dags/plugins/workday.py
[2024-08-12 22:48:39,084] {processor.py:653} WARNING - No viable dags retrieved from /home/kai/Documents/airflowalura/venv/lib/python3.9/site-packages/airflow/example_dags/plugins/workday.py
[2024-08-12 22:48:39,094] {processor.py:161} INFO - Processing /home/kai/Documents/airflowalura/venv/lib/python3.9/site-packages/airflow/example_dags/plugins/workday.py took 0.015 seconds
[2024-08-12 22:49:12,458] {processor.py:153} INFO - Started process (PID=9929) to work on /home/kai/Documents/airflowalura/venv/lib/python3.9/site-packages/airflow/example_dags/plugins/workday.py
[2024-08-12 22:49:12,459] {processor.py:641} INFO - Processing file /home/kai/Documents/airflowalura/venv/lib/python3.9/site-packages/airflow/example_dags/plugins/workday.py for tasks to queue
[2024-08-12 22:49:12,459] {logging_mixin.py:115} INFO - [2024-08-12 22:49:12,459] {dagbag.py:507} INFO - Filling up the DagBag from /home/kai/Documents/airflowalura/venv/lib/python3.9/site-packages/airflow/example_dags/plugins/workday.py
[2024-08-12 22:49:12,461] {processor.py:653} WARNING - No viable dags retrieved from /home/kai/Documents/airflowalura/venv/lib/python3.9/site-packages/airflow/example_dags/plugins/workday.py
[2024-08-12 22:49:12,471] {processor.py:161} INFO - Processing /home/kai/Documents/airflowalura/venv/lib/python3.9/site-packages/airflow/example_dags/plugins/workday.py took 0.015 seconds
[2024-08-12 22:49:45,969] {processor.py:153} INFO - Started process (PID=10119) to work on /home/kai/Documents/airflowalura/venv/lib/python3.9/site-packages/airflow/example_dags/plugins/workday.py
[2024-08-12 22:49:45,970] {processor.py:641} INFO - Processing file /home/kai/Documents/airflowalura/venv/lib/python3.9/site-packages/airflow/example_dags/plugins/workday.py for tasks to queue
[2024-08-12 22:49:45,970] {logging_mixin.py:115} INFO - [2024-08-12 22:49:45,970] {dagbag.py:507} INFO - Filling up the DagBag from /home/kai/Documents/airflowalura/venv/lib/python3.9/site-packages/airflow/example_dags/plugins/workday.py
[2024-08-12 22:49:45,972] {processor.py:653} WARNING - No viable dags retrieved from /home/kai/Documents/airflowalura/venv/lib/python3.9/site-packages/airflow/example_dags/plugins/workday.py
[2024-08-12 22:49:45,982] {processor.py:161} INFO - Processing /home/kai/Documents/airflowalura/venv/lib/python3.9/site-packages/airflow/example_dags/plugins/workday.py took 0.015 seconds
[2024-08-12 22:50:17,488] {processor.py:153} INFO - Started process (PID=10348) to work on /home/kai/Documents/airflowalura/venv/lib/python3.9/site-packages/airflow/example_dags/plugins/workday.py
[2024-08-12 22:50:17,489] {processor.py:641} INFO - Processing file /home/kai/Documents/airflowalura/venv/lib/python3.9/site-packages/airflow/example_dags/plugins/workday.py for tasks to queue
[2024-08-12 22:50:17,489] {logging_mixin.py:115} INFO - [2024-08-12 22:50:17,489] {dagbag.py:507} INFO - Filling up the DagBag from /home/kai/Documents/airflowalura/venv/lib/python3.9/site-packages/airflow/example_dags/plugins/workday.py
[2024-08-12 22:50:17,491] {processor.py:653} WARNING - No viable dags retrieved from /home/kai/Documents/airflowalura/venv/lib/python3.9/site-packages/airflow/example_dags/plugins/workday.py
[2024-08-12 22:50:17,500] {processor.py:161} INFO - Processing /home/kai/Documents/airflowalura/venv/lib/python3.9/site-packages/airflow/example_dags/plugins/workday.py took 0.014 seconds
[2024-08-12 22:50:53,931] {processor.py:153} INFO - Started process (PID=10555) to work on /home/kai/Documents/airflowalura/venv/lib/python3.9/site-packages/airflow/example_dags/plugins/workday.py
[2024-08-12 22:50:53,932] {processor.py:641} INFO - Processing file /home/kai/Documents/airflowalura/venv/lib/python3.9/site-packages/airflow/example_dags/plugins/workday.py for tasks to queue
[2024-08-12 22:50:53,932] {logging_mixin.py:115} INFO - [2024-08-12 22:50:53,932] {dagbag.py:507} INFO - Filling up the DagBag from /home/kai/Documents/airflowalura/venv/lib/python3.9/site-packages/airflow/example_dags/plugins/workday.py
[2024-08-12 22:50:53,934] {processor.py:653} WARNING - No viable dags retrieved from /home/kai/Documents/airflowalura/venv/lib/python3.9/site-packages/airflow/example_dags/plugins/workday.py
[2024-08-12 22:50:53,944] {processor.py:161} INFO - Processing /home/kai/Documents/airflowalura/venv/lib/python3.9/site-packages/airflow/example_dags/plugins/workday.py took 0.017 seconds
[2024-08-12 22:51:29,523] {processor.py:153} INFO - Started process (PID=10747) to work on /home/kai/Documents/airflowalura/venv/lib/python3.9/site-packages/airflow/example_dags/plugins/workday.py
[2024-08-12 22:51:29,524] {processor.py:641} INFO - Processing file /home/kai/Documents/airflowalura/venv/lib/python3.9/site-packages/airflow/example_dags/plugins/workday.py for tasks to queue
[2024-08-12 22:51:29,524] {logging_mixin.py:115} INFO - [2024-08-12 22:51:29,524] {dagbag.py:507} INFO - Filling up the DagBag from /home/kai/Documents/airflowalura/venv/lib/python3.9/site-packages/airflow/example_dags/plugins/workday.py
[2024-08-12 22:51:29,526] {processor.py:653} WARNING - No viable dags retrieved from /home/kai/Documents/airflowalura/venv/lib/python3.9/site-packages/airflow/example_dags/plugins/workday.py
[2024-08-12 22:51:29,535] {processor.py:161} INFO - Processing /home/kai/Documents/airflowalura/venv/lib/python3.9/site-packages/airflow/example_dags/plugins/workday.py took 0.014 seconds
[2024-08-12 22:52:04,060] {processor.py:153} INFO - Started process (PID=10939) to work on /home/kai/Documents/airflowalura/venv/lib/python3.9/site-packages/airflow/example_dags/plugins/workday.py
[2024-08-12 22:52:04,061] {processor.py:641} INFO - Processing file /home/kai/Documents/airflowalura/venv/lib/python3.9/site-packages/airflow/example_dags/plugins/workday.py for tasks to queue
[2024-08-12 22:52:04,062] {logging_mixin.py:115} INFO - [2024-08-12 22:52:04,062] {dagbag.py:507} INFO - Filling up the DagBag from /home/kai/Documents/airflowalura/venv/lib/python3.9/site-packages/airflow/example_dags/plugins/workday.py
[2024-08-12 22:52:04,063] {processor.py:653} WARNING - No viable dags retrieved from /home/kai/Documents/airflowalura/venv/lib/python3.9/site-packages/airflow/example_dags/plugins/workday.py
[2024-08-12 22:52:04,072] {processor.py:161} INFO - Processing /home/kai/Documents/airflowalura/venv/lib/python3.9/site-packages/airflow/example_dags/plugins/workday.py took 0.015 seconds
[2024-08-12 22:52:38,049] {processor.py:153} INFO - Started process (PID=11126) to work on /home/kai/Documents/airflowalura/venv/lib/python3.9/site-packages/airflow/example_dags/plugins/workday.py
[2024-08-12 22:52:38,050] {processor.py:641} INFO - Processing file /home/kai/Documents/airflowalura/venv/lib/python3.9/site-packages/airflow/example_dags/plugins/workday.py for tasks to queue
[2024-08-12 22:52:38,051] {logging_mixin.py:115} INFO - [2024-08-12 22:52:38,050] {dagbag.py:507} INFO - Filling up the DagBag from /home/kai/Documents/airflowalura/venv/lib/python3.9/site-packages/airflow/example_dags/plugins/workday.py
[2024-08-12 22:52:38,052] {processor.py:653} WARNING - No viable dags retrieved from /home/kai/Documents/airflowalura/venv/lib/python3.9/site-packages/airflow/example_dags/plugins/workday.py
[2024-08-12 22:52:38,062] {processor.py:161} INFO - Processing /home/kai/Documents/airflowalura/venv/lib/python3.9/site-packages/airflow/example_dags/plugins/workday.py took 0.016 seconds
[2024-08-12 22:53:12,222] {processor.py:153} INFO - Started process (PID=11317) to work on /home/kai/Documents/airflowalura/venv/lib/python3.9/site-packages/airflow/example_dags/plugins/workday.py
[2024-08-12 22:53:12,223] {processor.py:641} INFO - Processing file /home/kai/Documents/airflowalura/venv/lib/python3.9/site-packages/airflow/example_dags/plugins/workday.py for tasks to queue
[2024-08-12 22:53:12,224] {logging_mixin.py:115} INFO - [2024-08-12 22:53:12,224] {dagbag.py:507} INFO - Filling up the DagBag from /home/kai/Documents/airflowalura/venv/lib/python3.9/site-packages/airflow/example_dags/plugins/workday.py
[2024-08-12 22:53:12,225] {processor.py:653} WARNING - No viable dags retrieved from /home/kai/Documents/airflowalura/venv/lib/python3.9/site-packages/airflow/example_dags/plugins/workday.py
[2024-08-12 22:53:12,234] {processor.py:161} INFO - Processing /home/kai/Documents/airflowalura/venv/lib/python3.9/site-packages/airflow/example_dags/plugins/workday.py took 0.014 seconds
[2024-08-12 22:53:44,421] {processor.py:153} INFO - Started process (PID=11497) to work on /home/kai/Documents/airflowalura/venv/lib/python3.9/site-packages/airflow/example_dags/plugins/workday.py
[2024-08-12 22:53:44,422] {processor.py:641} INFO - Processing file /home/kai/Documents/airflowalura/venv/lib/python3.9/site-packages/airflow/example_dags/plugins/workday.py for tasks to queue
[2024-08-12 22:53:44,422] {logging_mixin.py:115} INFO - [2024-08-12 22:53:44,422] {dagbag.py:507} INFO - Filling up the DagBag from /home/kai/Documents/airflowalura/venv/lib/python3.9/site-packages/airflow/example_dags/plugins/workday.py
[2024-08-12 22:53:44,424] {processor.py:653} WARNING - No viable dags retrieved from /home/kai/Documents/airflowalura/venv/lib/python3.9/site-packages/airflow/example_dags/plugins/workday.py
[2024-08-12 22:53:44,433] {processor.py:161} INFO - Processing /home/kai/Documents/airflowalura/venv/lib/python3.9/site-packages/airflow/example_dags/plugins/workday.py took 0.014 seconds
[2024-08-12 22:54:18,620] {processor.py:153} INFO - Started process (PID=11690) to work on /home/kai/Documents/airflowalura/venv/lib/python3.9/site-packages/airflow/example_dags/plugins/workday.py
[2024-08-12 22:54:18,621] {processor.py:641} INFO - Processing file /home/kai/Documents/airflowalura/venv/lib/python3.9/site-packages/airflow/example_dags/plugins/workday.py for tasks to queue
[2024-08-12 22:54:18,621] {logging_mixin.py:115} INFO - [2024-08-12 22:54:18,621] {dagbag.py:507} INFO - Filling up the DagBag from /home/kai/Documents/airflowalura/venv/lib/python3.9/site-packages/airflow/example_dags/plugins/workday.py
[2024-08-12 22:54:18,623] {processor.py:653} WARNING - No viable dags retrieved from /home/kai/Documents/airflowalura/venv/lib/python3.9/site-packages/airflow/example_dags/plugins/workday.py
[2024-08-12 22:54:18,633] {processor.py:161} INFO - Processing /home/kai/Documents/airflowalura/venv/lib/python3.9/site-packages/airflow/example_dags/plugins/workday.py took 0.016 seconds
[2024-08-12 22:54:53,297] {processor.py:153} INFO - Started process (PID=11884) to work on /home/kai/Documents/airflowalura/venv/lib/python3.9/site-packages/airflow/example_dags/plugins/workday.py
[2024-08-12 22:54:53,298] {processor.py:641} INFO - Processing file /home/kai/Documents/airflowalura/venv/lib/python3.9/site-packages/airflow/example_dags/plugins/workday.py for tasks to queue
[2024-08-12 22:54:53,298] {logging_mixin.py:115} INFO - [2024-08-12 22:54:53,298] {dagbag.py:507} INFO - Filling up the DagBag from /home/kai/Documents/airflowalura/venv/lib/python3.9/site-packages/airflow/example_dags/plugins/workday.py
[2024-08-12 22:54:53,299] {processor.py:653} WARNING - No viable dags retrieved from /home/kai/Documents/airflowalura/venv/lib/python3.9/site-packages/airflow/example_dags/plugins/workday.py
[2024-08-12 22:54:53,308] {processor.py:161} INFO - Processing /home/kai/Documents/airflowalura/venv/lib/python3.9/site-packages/airflow/example_dags/plugins/workday.py took 0.014 seconds
[2024-08-12 22:55:26,975] {processor.py:153} INFO - Started process (PID=12116) to work on /home/kai/Documents/airflowalura/venv/lib/python3.9/site-packages/airflow/example_dags/plugins/workday.py
[2024-08-12 22:55:26,976] {processor.py:641} INFO - Processing file /home/kai/Documents/airflowalura/venv/lib/python3.9/site-packages/airflow/example_dags/plugins/workday.py for tasks to queue
[2024-08-12 22:55:26,977] {logging_mixin.py:115} INFO - [2024-08-12 22:55:26,976] {dagbag.py:507} INFO - Filling up the DagBag from /home/kai/Documents/airflowalura/venv/lib/python3.9/site-packages/airflow/example_dags/plugins/workday.py
[2024-08-12 22:55:26,978] {processor.py:653} WARNING - No viable dags retrieved from /home/kai/Documents/airflowalura/venv/lib/python3.9/site-packages/airflow/example_dags/plugins/workday.py
[2024-08-12 22:55:26,987] {processor.py:161} INFO - Processing /home/kai/Documents/airflowalura/venv/lib/python3.9/site-packages/airflow/example_dags/plugins/workday.py took 0.015 seconds
[2024-08-12 22:56:00,066] {processor.py:153} INFO - Started process (PID=12308) to work on /home/kai/Documents/airflowalura/venv/lib/python3.9/site-packages/airflow/example_dags/plugins/workday.py
[2024-08-12 22:56:00,066] {processor.py:641} INFO - Processing file /home/kai/Documents/airflowalura/venv/lib/python3.9/site-packages/airflow/example_dags/plugins/workday.py for tasks to queue
[2024-08-12 22:56:00,067] {logging_mixin.py:115} INFO - [2024-08-12 22:56:00,067] {dagbag.py:507} INFO - Filling up the DagBag from /home/kai/Documents/airflowalura/venv/lib/python3.9/site-packages/airflow/example_dags/plugins/workday.py
[2024-08-12 22:56:00,069] {processor.py:653} WARNING - No viable dags retrieved from /home/kai/Documents/airflowalura/venv/lib/python3.9/site-packages/airflow/example_dags/plugins/workday.py
[2024-08-12 22:56:00,079] {processor.py:161} INFO - Processing /home/kai/Documents/airflowalura/venv/lib/python3.9/site-packages/airflow/example_dags/plugins/workday.py took 0.016 seconds
[2024-08-12 22:56:33,748] {processor.py:153} INFO - Started process (PID=12526) to work on /home/kai/Documents/airflowalura/venv/lib/python3.9/site-packages/airflow/example_dags/plugins/workday.py
[2024-08-12 22:56:33,749] {processor.py:641} INFO - Processing file /home/kai/Documents/airflowalura/venv/lib/python3.9/site-packages/airflow/example_dags/plugins/workday.py for tasks to queue
[2024-08-12 22:56:33,749] {logging_mixin.py:115} INFO - [2024-08-12 22:56:33,749] {dagbag.py:507} INFO - Filling up the DagBag from /home/kai/Documents/airflowalura/venv/lib/python3.9/site-packages/airflow/example_dags/plugins/workday.py
[2024-08-12 22:56:33,751] {processor.py:653} WARNING - No viable dags retrieved from /home/kai/Documents/airflowalura/venv/lib/python3.9/site-packages/airflow/example_dags/plugins/workday.py
[2024-08-12 22:56:33,761] {processor.py:161} INFO - Processing /home/kai/Documents/airflowalura/venv/lib/python3.9/site-packages/airflow/example_dags/plugins/workday.py took 0.016 seconds
[2024-08-12 22:57:06,786] {processor.py:153} INFO - Started process (PID=12711) to work on /home/kai/Documents/airflowalura/venv/lib/python3.9/site-packages/airflow/example_dags/plugins/workday.py
[2024-08-12 22:57:06,787] {processor.py:641} INFO - Processing file /home/kai/Documents/airflowalura/venv/lib/python3.9/site-packages/airflow/example_dags/plugins/workday.py for tasks to queue
[2024-08-12 22:57:06,788] {logging_mixin.py:115} INFO - [2024-08-12 22:57:06,787] {dagbag.py:507} INFO - Filling up the DagBag from /home/kai/Documents/airflowalura/venv/lib/python3.9/site-packages/airflow/example_dags/plugins/workday.py
[2024-08-12 22:57:06,789] {processor.py:653} WARNING - No viable dags retrieved from /home/kai/Documents/airflowalura/venv/lib/python3.9/site-packages/airflow/example_dags/plugins/workday.py
[2024-08-12 22:57:06,798] {processor.py:161} INFO - Processing /home/kai/Documents/airflowalura/venv/lib/python3.9/site-packages/airflow/example_dags/plugins/workday.py took 0.014 seconds
[2024-08-12 22:57:40,474] {processor.py:153} INFO - Started process (PID=12893) to work on /home/kai/Documents/airflowalura/venv/lib/python3.9/site-packages/airflow/example_dags/plugins/workday.py
[2024-08-12 22:57:40,475] {processor.py:641} INFO - Processing file /home/kai/Documents/airflowalura/venv/lib/python3.9/site-packages/airflow/example_dags/plugins/workday.py for tasks to queue
[2024-08-12 22:57:40,476] {logging_mixin.py:115} INFO - [2024-08-12 22:57:40,476] {dagbag.py:507} INFO - Filling up the DagBag from /home/kai/Documents/airflowalura/venv/lib/python3.9/site-packages/airflow/example_dags/plugins/workday.py
[2024-08-12 22:57:40,478] {processor.py:653} WARNING - No viable dags retrieved from /home/kai/Documents/airflowalura/venv/lib/python3.9/site-packages/airflow/example_dags/plugins/workday.py
[2024-08-12 22:57:40,487] {processor.py:161} INFO - Processing /home/kai/Documents/airflowalura/venv/lib/python3.9/site-packages/airflow/example_dags/plugins/workday.py took 0.015 seconds
[2024-08-12 22:58:12,975] {processor.py:153} INFO - Started process (PID=13075) to work on /home/kai/Documents/airflowalura/venv/lib/python3.9/site-packages/airflow/example_dags/plugins/workday.py
[2024-08-12 22:58:12,976] {processor.py:641} INFO - Processing file /home/kai/Documents/airflowalura/venv/lib/python3.9/site-packages/airflow/example_dags/plugins/workday.py for tasks to queue
[2024-08-12 22:58:12,976] {logging_mixin.py:115} INFO - [2024-08-12 22:58:12,976] {dagbag.py:507} INFO - Filling up the DagBag from /home/kai/Documents/airflowalura/venv/lib/python3.9/site-packages/airflow/example_dags/plugins/workday.py
[2024-08-12 22:58:12,978] {processor.py:653} WARNING - No viable dags retrieved from /home/kai/Documents/airflowalura/venv/lib/python3.9/site-packages/airflow/example_dags/plugins/workday.py
[2024-08-12 22:58:12,988] {processor.py:161} INFO - Processing /home/kai/Documents/airflowalura/venv/lib/python3.9/site-packages/airflow/example_dags/plugins/workday.py took 0.015 seconds
[2024-08-12 22:58:45,619] {processor.py:153} INFO - Started process (PID=13255) to work on /home/kai/Documents/airflowalura/venv/lib/python3.9/site-packages/airflow/example_dags/plugins/workday.py
[2024-08-12 22:58:45,620] {processor.py:641} INFO - Processing file /home/kai/Documents/airflowalura/venv/lib/python3.9/site-packages/airflow/example_dags/plugins/workday.py for tasks to queue
[2024-08-12 22:58:45,620] {logging_mixin.py:115} INFO - [2024-08-12 22:58:45,620] {dagbag.py:507} INFO - Filling up the DagBag from /home/kai/Documents/airflowalura/venv/lib/python3.9/site-packages/airflow/example_dags/plugins/workday.py
[2024-08-12 22:58:45,622] {processor.py:653} WARNING - No viable dags retrieved from /home/kai/Documents/airflowalura/venv/lib/python3.9/site-packages/airflow/example_dags/plugins/workday.py
[2024-08-12 22:58:45,632] {processor.py:161} INFO - Processing /home/kai/Documents/airflowalura/venv/lib/python3.9/site-packages/airflow/example_dags/plugins/workday.py took 0.015 seconds
[2024-08-12 22:59:21,363] {processor.py:153} INFO - Started process (PID=13451) to work on /home/kai/Documents/airflowalura/venv/lib/python3.9/site-packages/airflow/example_dags/plugins/workday.py
[2024-08-12 22:59:21,364] {processor.py:641} INFO - Processing file /home/kai/Documents/airflowalura/venv/lib/python3.9/site-packages/airflow/example_dags/plugins/workday.py for tasks to queue
[2024-08-12 22:59:21,365] {logging_mixin.py:115} INFO - [2024-08-12 22:59:21,365] {dagbag.py:507} INFO - Filling up the DagBag from /home/kai/Documents/airflowalura/venv/lib/python3.9/site-packages/airflow/example_dags/plugins/workday.py
[2024-08-12 22:59:21,366] {processor.py:653} WARNING - No viable dags retrieved from /home/kai/Documents/airflowalura/venv/lib/python3.9/site-packages/airflow/example_dags/plugins/workday.py
[2024-08-12 22:59:21,376] {processor.py:161} INFO - Processing /home/kai/Documents/airflowalura/venv/lib/python3.9/site-packages/airflow/example_dags/plugins/workday.py took 0.016 seconds
[2024-08-12 22:59:53,910] {processor.py:153} INFO - Started process (PID=13638) to work on /home/kai/Documents/airflowalura/venv/lib/python3.9/site-packages/airflow/example_dags/plugins/workday.py
[2024-08-12 22:59:53,911] {processor.py:641} INFO - Processing file /home/kai/Documents/airflowalura/venv/lib/python3.9/site-packages/airflow/example_dags/plugins/workday.py for tasks to queue
[2024-08-12 22:59:53,911] {logging_mixin.py:115} INFO - [2024-08-12 22:59:53,911] {dagbag.py:507} INFO - Filling up the DagBag from /home/kai/Documents/airflowalura/venv/lib/python3.9/site-packages/airflow/example_dags/plugins/workday.py
[2024-08-12 22:59:53,913] {processor.py:653} WARNING - No viable dags retrieved from /home/kai/Documents/airflowalura/venv/lib/python3.9/site-packages/airflow/example_dags/plugins/workday.py
[2024-08-12 22:59:53,923] {processor.py:161} INFO - Processing /home/kai/Documents/airflowalura/venv/lib/python3.9/site-packages/airflow/example_dags/plugins/workday.py took 0.015 seconds
[2024-08-12 23:00:28,586] {processor.py:153} INFO - Started process (PID=13889) to work on /home/kai/Documents/airflowalura/venv/lib/python3.9/site-packages/airflow/example_dags/plugins/workday.py
[2024-08-12 23:00:28,586] {processor.py:641} INFO - Processing file /home/kai/Documents/airflowalura/venv/lib/python3.9/site-packages/airflow/example_dags/plugins/workday.py for tasks to queue
[2024-08-12 23:00:28,587] {logging_mixin.py:115} INFO - [2024-08-12 23:00:28,587] {dagbag.py:507} INFO - Filling up the DagBag from /home/kai/Documents/airflowalura/venv/lib/python3.9/site-packages/airflow/example_dags/plugins/workday.py
[2024-08-12 23:00:28,588] {processor.py:653} WARNING - No viable dags retrieved from /home/kai/Documents/airflowalura/venv/lib/python3.9/site-packages/airflow/example_dags/plugins/workday.py
[2024-08-12 23:00:28,597] {processor.py:161} INFO - Processing /home/kai/Documents/airflowalura/venv/lib/python3.9/site-packages/airflow/example_dags/plugins/workday.py took 0.014 seconds
[2024-08-12 23:01:01,651] {processor.py:153} INFO - Started process (PID=14090) to work on /home/kai/Documents/airflowalura/venv/lib/python3.9/site-packages/airflow/example_dags/plugins/workday.py
[2024-08-12 23:01:01,652] {processor.py:641} INFO - Processing file /home/kai/Documents/airflowalura/venv/lib/python3.9/site-packages/airflow/example_dags/plugins/workday.py for tasks to queue
[2024-08-12 23:01:01,652] {logging_mixin.py:115} INFO - [2024-08-12 23:01:01,652] {dagbag.py:507} INFO - Filling up the DagBag from /home/kai/Documents/airflowalura/venv/lib/python3.9/site-packages/airflow/example_dags/plugins/workday.py
[2024-08-12 23:01:01,654] {processor.py:653} WARNING - No viable dags retrieved from /home/kai/Documents/airflowalura/venv/lib/python3.9/site-packages/airflow/example_dags/plugins/workday.py
[2024-08-12 23:01:01,663] {processor.py:161} INFO - Processing /home/kai/Documents/airflowalura/venv/lib/python3.9/site-packages/airflow/example_dags/plugins/workday.py took 0.014 seconds
[2024-08-12 23:01:35,293] {processor.py:153} INFO - Started process (PID=14270) to work on /home/kai/Documents/airflowalura/venv/lib/python3.9/site-packages/airflow/example_dags/plugins/workday.py
[2024-08-12 23:01:35,293] {processor.py:641} INFO - Processing file /home/kai/Documents/airflowalura/venv/lib/python3.9/site-packages/airflow/example_dags/plugins/workday.py for tasks to queue
[2024-08-12 23:01:35,294] {logging_mixin.py:115} INFO - [2024-08-12 23:01:35,294] {dagbag.py:507} INFO - Filling up the DagBag from /home/kai/Documents/airflowalura/venv/lib/python3.9/site-packages/airflow/example_dags/plugins/workday.py
[2024-08-12 23:01:35,295] {processor.py:653} WARNING - No viable dags retrieved from /home/kai/Documents/airflowalura/venv/lib/python3.9/site-packages/airflow/example_dags/plugins/workday.py
[2024-08-12 23:01:35,304] {processor.py:161} INFO - Processing /home/kai/Documents/airflowalura/venv/lib/python3.9/site-packages/airflow/example_dags/plugins/workday.py took 0.014 seconds
[2024-08-12 23:02:07,217] {processor.py:153} INFO - Started process (PID=14449) to work on /home/kai/Documents/airflowalura/venv/lib/python3.9/site-packages/airflow/example_dags/plugins/workday.py
[2024-08-12 23:02:07,218] {processor.py:641} INFO - Processing file /home/kai/Documents/airflowalura/venv/lib/python3.9/site-packages/airflow/example_dags/plugins/workday.py for tasks to queue
[2024-08-12 23:02:07,218] {logging_mixin.py:115} INFO - [2024-08-12 23:02:07,218] {dagbag.py:507} INFO - Filling up the DagBag from /home/kai/Documents/airflowalura/venv/lib/python3.9/site-packages/airflow/example_dags/plugins/workday.py
[2024-08-12 23:02:07,220] {processor.py:653} WARNING - No viable dags retrieved from /home/kai/Documents/airflowalura/venv/lib/python3.9/site-packages/airflow/example_dags/plugins/workday.py
[2024-08-12 23:02:07,229] {processor.py:161} INFO - Processing /home/kai/Documents/airflowalura/venv/lib/python3.9/site-packages/airflow/example_dags/plugins/workday.py took 0.014 seconds
[2024-08-12 23:02:42,528] {processor.py:153} INFO - Started process (PID=14629) to work on /home/kai/Documents/airflowalura/venv/lib/python3.9/site-packages/airflow/example_dags/plugins/workday.py
[2024-08-12 23:02:42,528] {processor.py:641} INFO - Processing file /home/kai/Documents/airflowalura/venv/lib/python3.9/site-packages/airflow/example_dags/plugins/workday.py for tasks to queue
[2024-08-12 23:02:42,529] {logging_mixin.py:115} INFO - [2024-08-12 23:02:42,529] {dagbag.py:507} INFO - Filling up the DagBag from /home/kai/Documents/airflowalura/venv/lib/python3.9/site-packages/airflow/example_dags/plugins/workday.py
[2024-08-12 23:02:42,530] {processor.py:653} WARNING - No viable dags retrieved from /home/kai/Documents/airflowalura/venv/lib/python3.9/site-packages/airflow/example_dags/plugins/workday.py
[2024-08-12 23:02:42,540] {processor.py:161} INFO - Processing /home/kai/Documents/airflowalura/venv/lib/python3.9/site-packages/airflow/example_dags/plugins/workday.py took 0.015 seconds
[2024-08-12 23:03:16,578] {processor.py:153} INFO - Started process (PID=14844) to work on /home/kai/Documents/airflowalura/venv/lib/python3.9/site-packages/airflow/example_dags/plugins/workday.py
[2024-08-12 23:03:16,579] {processor.py:641} INFO - Processing file /home/kai/Documents/airflowalura/venv/lib/python3.9/site-packages/airflow/example_dags/plugins/workday.py for tasks to queue
[2024-08-12 23:03:16,579] {logging_mixin.py:115} INFO - [2024-08-12 23:03:16,579] {dagbag.py:507} INFO - Filling up the DagBag from /home/kai/Documents/airflowalura/venv/lib/python3.9/site-packages/airflow/example_dags/plugins/workday.py
[2024-08-12 23:03:16,581] {processor.py:653} WARNING - No viable dags retrieved from /home/kai/Documents/airflowalura/venv/lib/python3.9/site-packages/airflow/example_dags/plugins/workday.py
[2024-08-12 23:03:16,590] {processor.py:161} INFO - Processing /home/kai/Documents/airflowalura/venv/lib/python3.9/site-packages/airflow/example_dags/plugins/workday.py took 0.014 seconds
[2024-08-12 23:03:49,221] {processor.py:153} INFO - Started process (PID=15019) to work on /home/kai/Documents/airflowalura/venv/lib/python3.9/site-packages/airflow/example_dags/plugins/workday.py
[2024-08-12 23:03:49,222] {processor.py:641} INFO - Processing file /home/kai/Documents/airflowalura/venv/lib/python3.9/site-packages/airflow/example_dags/plugins/workday.py for tasks to queue
[2024-08-12 23:03:49,222] {logging_mixin.py:115} INFO - [2024-08-12 23:03:49,222] {dagbag.py:507} INFO - Filling up the DagBag from /home/kai/Documents/airflowalura/venv/lib/python3.9/site-packages/airflow/example_dags/plugins/workday.py
[2024-08-12 23:03:49,224] {processor.py:653} WARNING - No viable dags retrieved from /home/kai/Documents/airflowalura/venv/lib/python3.9/site-packages/airflow/example_dags/plugins/workday.py
[2024-08-12 23:03:49,233] {processor.py:161} INFO - Processing /home/kai/Documents/airflowalura/venv/lib/python3.9/site-packages/airflow/example_dags/plugins/workday.py took 0.015 seconds
[2024-08-12 23:04:24,922] {processor.py:153} INFO - Started process (PID=15234) to work on /home/kai/Documents/airflowalura/venv/lib/python3.9/site-packages/airflow/example_dags/plugins/workday.py
[2024-08-12 23:04:24,923] {processor.py:641} INFO - Processing file /home/kai/Documents/airflowalura/venv/lib/python3.9/site-packages/airflow/example_dags/plugins/workday.py for tasks to queue
[2024-08-12 23:04:24,924] {logging_mixin.py:115} INFO - [2024-08-12 23:04:24,924] {dagbag.py:507} INFO - Filling up the DagBag from /home/kai/Documents/airflowalura/venv/lib/python3.9/site-packages/airflow/example_dags/plugins/workday.py
[2024-08-12 23:04:24,925] {processor.py:653} WARNING - No viable dags retrieved from /home/kai/Documents/airflowalura/venv/lib/python3.9/site-packages/airflow/example_dags/plugins/workday.py
[2024-08-12 23:04:24,935] {processor.py:161} INFO - Processing /home/kai/Documents/airflowalura/venv/lib/python3.9/site-packages/airflow/example_dags/plugins/workday.py took 0.015 seconds
[2024-08-12 23:04:57,819] {processor.py:153} INFO - Started process (PID=15420) to work on /home/kai/Documents/airflowalura/venv/lib/python3.9/site-packages/airflow/example_dags/plugins/workday.py
[2024-08-12 23:04:57,820] {processor.py:641} INFO - Processing file /home/kai/Documents/airflowalura/venv/lib/python3.9/site-packages/airflow/example_dags/plugins/workday.py for tasks to queue
[2024-08-12 23:04:57,820] {logging_mixin.py:115} INFO - [2024-08-12 23:04:57,820] {dagbag.py:507} INFO - Filling up the DagBag from /home/kai/Documents/airflowalura/venv/lib/python3.9/site-packages/airflow/example_dags/plugins/workday.py
[2024-08-12 23:04:57,822] {processor.py:653} WARNING - No viable dags retrieved from /home/kai/Documents/airflowalura/venv/lib/python3.9/site-packages/airflow/example_dags/plugins/workday.py
[2024-08-12 23:04:57,831] {processor.py:161} INFO - Processing /home/kai/Documents/airflowalura/venv/lib/python3.9/site-packages/airflow/example_dags/plugins/workday.py took 0.014 seconds
[2024-08-12 23:05:29,712] {processor.py:153} INFO - Started process (PID=15663) to work on /home/kai/Documents/airflowalura/venv/lib/python3.9/site-packages/airflow/example_dags/plugins/workday.py
[2024-08-12 23:05:29,713] {processor.py:641} INFO - Processing file /home/kai/Documents/airflowalura/venv/lib/python3.9/site-packages/airflow/example_dags/plugins/workday.py for tasks to queue
[2024-08-12 23:05:29,713] {logging_mixin.py:115} INFO - [2024-08-12 23:05:29,713] {dagbag.py:507} INFO - Filling up the DagBag from /home/kai/Documents/airflowalura/venv/lib/python3.9/site-packages/airflow/example_dags/plugins/workday.py
[2024-08-12 23:05:29,715] {processor.py:653} WARNING - No viable dags retrieved from /home/kai/Documents/airflowalura/venv/lib/python3.9/site-packages/airflow/example_dags/plugins/workday.py
[2024-08-12 23:05:29,725] {processor.py:161} INFO - Processing /home/kai/Documents/airflowalura/venv/lib/python3.9/site-packages/airflow/example_dags/plugins/workday.py took 0.016 seconds
[2024-08-12 23:06:01,096] {processor.py:153} INFO - Started process (PID=15893) to work on /home/kai/Documents/airflowalura/venv/lib/python3.9/site-packages/airflow/example_dags/plugins/workday.py
[2024-08-12 23:06:01,097] {processor.py:641} INFO - Processing file /home/kai/Documents/airflowalura/venv/lib/python3.9/site-packages/airflow/example_dags/plugins/workday.py for tasks to queue
[2024-08-12 23:06:01,097] {logging_mixin.py:115} INFO - [2024-08-12 23:06:01,097] {dagbag.py:507} INFO - Filling up the DagBag from /home/kai/Documents/airflowalura/venv/lib/python3.9/site-packages/airflow/example_dags/plugins/workday.py
[2024-08-12 23:06:01,099] {processor.py:653} WARNING - No viable dags retrieved from /home/kai/Documents/airflowalura/venv/lib/python3.9/site-packages/airflow/example_dags/plugins/workday.py
[2024-08-12 23:06:01,111] {processor.py:161} INFO - Processing /home/kai/Documents/airflowalura/venv/lib/python3.9/site-packages/airflow/example_dags/plugins/workday.py took 0.018 seconds
