[2024-08-12 22:18:12,839] {taskinstance.py:1159} INFO - Dependencies all met for <TaskInstance: example_bash_operator.runme_1 scheduled__2024-08-12T00:00:00+00:00 [queued]>
[2024-08-12 22:18:12,844] {taskinstance.py:1159} INFO - Dependencies all met for <TaskInstance: example_bash_operator.runme_1 scheduled__2024-08-12T00:00:00+00:00 [queued]>
[2024-08-12 22:18:12,844] {taskinstance.py:1356} INFO - 
--------------------------------------------------------------------------------
[2024-08-12 22:18:12,844] {taskinstance.py:1357} INFO - Starting attempt 1 of 1
[2024-08-12 22:18:12,844] {taskinstance.py:1358} INFO - 
--------------------------------------------------------------------------------
[2024-08-12 22:18:12,854] {taskinstance.py:1377} INFO - Executing <Task(BashOperator): runme_1> on 2024-08-12 00:00:00+00:00
[2024-08-12 22:18:12,856] {standard_task_runner.py:52} INFO - Started process 35667 to run task
[2024-08-12 22:18:12,859] {standard_task_runner.py:79} INFO - Running: ['airflow', 'tasks', 'run', 'example_bash_operator', 'runme_1', 'scheduled__2024-08-12T00:00:00+00:00', '--job-id', '16', '--raw', '--subdir', '/home/kai/Documents/airflowalura/venv/lib/python3.9/site-packages/airflow/example_dags/example_bash_operator.py', '--cfg-path', '/tmp/tmpzs3ldde8', '--error-file', '/tmp/tmp9hirwbke']
[2024-08-12 22:18:12,859] {standard_task_runner.py:80} INFO - Job 16: Subtask runme_1
[2024-08-12 22:18:12,900] {task_command.py:370} INFO - Running <TaskInstance: example_bash_operator.runme_1 scheduled__2024-08-12T00:00:00+00:00 [running]> on host kaiwangairflow
[2024-08-12 22:18:12,942] {taskinstance.py:1569} INFO - Exporting the following env vars:
AIRFLOW_CTX_DAG_OWNER=airflow
AIRFLOW_CTX_DAG_ID=example_bash_operator
AIRFLOW_CTX_TASK_ID=runme_1
AIRFLOW_CTX_EXECUTION_DATE=2024-08-12T00:00:00+00:00
AIRFLOW_CTX_TRY_NUMBER=1
AIRFLOW_CTX_DAG_RUN_ID=scheduled__2024-08-12T00:00:00+00:00
[2024-08-12 22:18:12,943] {subprocess.py:62} INFO - Tmp dir root location: 
 /tmp
[2024-08-12 22:18:12,944] {subprocess.py:74} INFO - Running command: ['bash', '-c', 'echo "example_bash_operator__runme_1__20240812" && sleep 1']
[2024-08-12 22:18:12,948] {subprocess.py:85} INFO - Output:
[2024-08-12 22:18:12,949] {subprocess.py:92} INFO - example_bash_operator__runme_1__20240812
[2024-08-12 22:18:13,951] {subprocess.py:96} INFO - Command exited with return code 0
[2024-08-12 22:18:13,965] {taskinstance.py:1395} INFO - Marking task as SUCCESS. dag_id=example_bash_operator, task_id=runme_1, execution_date=20240812T000000, start_date=20240813T011812, end_date=20240813T011813
[2024-08-12 22:18:14,008] {local_task_job.py:156} INFO - Task exited with return code 0
[2024-08-12 22:18:14,023] {local_task_job.py:273} INFO - 0 downstream tasks scheduled from follow-on schedule check
