[2024-08-12 16:46:47,166] {taskinstance.py:1159} INFO - Dependencies all met for <TaskInstance: example_bash_operator.runme_0 scheduled__2024-08-11T00:00:00+00:00 [queued]>
[2024-08-12 16:46:47,171] {taskinstance.py:1159} INFO - Dependencies all met for <TaskInstance: example_bash_operator.runme_0 scheduled__2024-08-11T00:00:00+00:00 [queued]>
[2024-08-12 16:46:47,171] {taskinstance.py:1356} INFO - 
--------------------------------------------------------------------------------
[2024-08-12 16:46:47,171] {taskinstance.py:1357} INFO - Starting attempt 1 of 1
[2024-08-12 16:46:47,171] {taskinstance.py:1358} INFO - 
--------------------------------------------------------------------------------
[2024-08-12 16:46:47,180] {taskinstance.py:1377} INFO - Executing <Task(BashOperator): runme_0> on 2024-08-11 00:00:00+00:00
[2024-08-12 16:46:47,182] {standard_task_runner.py:52} INFO - Started process 65229 to run task
[2024-08-12 16:46:47,185] {standard_task_runner.py:79} INFO - Running: ['airflow', 'tasks', 'run', 'example_bash_operator', 'runme_0', 'scheduled__2024-08-11T00:00:00+00:00', '--job-id', '5', '--raw', '--subdir', '/home/kai/Documents/PROJETOS/DATA_PIPELINE/airflow/venv/lib/python3.9/site-packages/airflow/example_dags/example_bash_operator.py', '--cfg-path', '/tmp/tmp8aj8i928', '--error-file', '/tmp/tmpvenpu5t1']
[2024-08-12 16:46:47,186] {standard_task_runner.py:80} INFO - Job 5: Subtask runme_0
[2024-08-12 16:46:47,220] {task_command.py:370} INFO - Running <TaskInstance: example_bash_operator.runme_0 scheduled__2024-08-11T00:00:00+00:00 [running]> on host kaiwangairflow
[2024-08-12 16:46:47,256] {taskinstance.py:1569} INFO - Exporting the following env vars:
AIRFLOW_CTX_DAG_OWNER=airflow
AIRFLOW_CTX_DAG_ID=example_bash_operator
AIRFLOW_CTX_TASK_ID=runme_0
AIRFLOW_CTX_EXECUTION_DATE=2024-08-11T00:00:00+00:00
AIRFLOW_CTX_TRY_NUMBER=1
AIRFLOW_CTX_DAG_RUN_ID=scheduled__2024-08-11T00:00:00+00:00
[2024-08-12 16:46:47,257] {subprocess.py:62} INFO - Tmp dir root location: 
 /tmp
[2024-08-12 16:46:47,257] {subprocess.py:74} INFO - Running command: ['bash', '-c', 'echo "example_bash_operator__runme_0__20240811" && sleep 1']
[2024-08-12 16:46:47,262] {subprocess.py:85} INFO - Output:
[2024-08-12 16:46:47,263] {subprocess.py:92} INFO - example_bash_operator__runme_0__20240811
[2024-08-12 16:46:48,264] {subprocess.py:96} INFO - Command exited with return code 0
[2024-08-12 16:46:48,282] {taskinstance.py:1395} INFO - Marking task as SUCCESS. dag_id=example_bash_operator, task_id=runme_0, execution_date=20240811T000000, start_date=20240812T194647, end_date=20240812T194648
[2024-08-12 16:46:48,332] {local_task_job.py:156} INFO - Task exited with return code 0
[2024-08-12 16:46:48,354] {local_task_job.py:273} INFO - 0 downstream tasks scheduled from follow-on schedule check
