[2024-08-12 16:46:57,101] {taskinstance.py:1159} INFO - Dependencies all met for <TaskInstance: example_bash_operator.run_after_loop scheduled__2024-08-11T00:00:00+00:00 [queued]>
[2024-08-12 16:46:57,108] {taskinstance.py:1159} INFO - Dependencies all met for <TaskInstance: example_bash_operator.run_after_loop scheduled__2024-08-11T00:00:00+00:00 [queued]>
[2024-08-12 16:46:57,108] {taskinstance.py:1356} INFO - 
--------------------------------------------------------------------------------
[2024-08-12 16:46:57,108] {taskinstance.py:1357} INFO - Starting attempt 1 of 1
[2024-08-12 16:46:57,108] {taskinstance.py:1358} INFO - 
--------------------------------------------------------------------------------
[2024-08-12 16:46:57,118] {taskinstance.py:1377} INFO - Executing <Task(BashOperator): run_after_loop> on 2024-08-11 00:00:00+00:00
[2024-08-12 16:46:57,121] {standard_task_runner.py:52} INFO - Started process 65246 to run task
[2024-08-12 16:46:57,127] {standard_task_runner.py:79} INFO - Running: ['airflow', 'tasks', 'run', 'example_bash_operator', 'run_after_loop', 'scheduled__2024-08-11T00:00:00+00:00', '--job-id', '10', '--raw', '--subdir', '/home/kai/Documents/PROJETOS/DATA_PIPELINE/airflow/venv/lib/python3.9/site-packages/airflow/example_dags/example_bash_operator.py', '--cfg-path', '/tmp/tmp1rid7ftx', '--error-file', '/tmp/tmpxzvvyhq2']
[2024-08-12 16:46:57,128] {standard_task_runner.py:80} INFO - Job 10: Subtask run_after_loop
[2024-08-12 16:46:57,194] {task_command.py:370} INFO - Running <TaskInstance: example_bash_operator.run_after_loop scheduled__2024-08-11T00:00:00+00:00 [running]> on host kaiwangairflow
[2024-08-12 16:46:57,252] {taskinstance.py:1569} INFO - Exporting the following env vars:
AIRFLOW_CTX_DAG_OWNER=airflow
AIRFLOW_CTX_DAG_ID=example_bash_operator
AIRFLOW_CTX_TASK_ID=run_after_loop
AIRFLOW_CTX_EXECUTION_DATE=2024-08-11T00:00:00+00:00
AIRFLOW_CTX_TRY_NUMBER=1
AIRFLOW_CTX_DAG_RUN_ID=scheduled__2024-08-11T00:00:00+00:00
[2024-08-12 16:46:57,253] {subprocess.py:62} INFO - Tmp dir root location: 
 /tmp
[2024-08-12 16:46:57,254] {subprocess.py:74} INFO - Running command: ['bash', '-c', 'echo 1']
[2024-08-12 16:46:57,262] {subprocess.py:85} INFO - Output:
[2024-08-12 16:46:57,263] {subprocess.py:92} INFO - 1
[2024-08-12 16:46:57,263] {subprocess.py:96} INFO - Command exited with return code 0
[2024-08-12 16:46:57,283] {taskinstance.py:1395} INFO - Marking task as SUCCESS. dag_id=example_bash_operator, task_id=run_after_loop, execution_date=20240811T000000, start_date=20240812T194657, end_date=20240812T194657
[2024-08-12 16:46:57,303] {local_task_job.py:156} INFO - Task exited with return code 0
[2024-08-12 16:46:57,318] {local_task_job.py:273} INFO - 0 downstream tasks scheduled from follow-on schedule check
