[2024-08-12 16:46:55,517] {taskinstance.py:1159} INFO - Dependencies all met for <TaskInstance: example_bash_operator.this_will_skip scheduled__2024-08-11T00:00:00+00:00 [queued]>
[2024-08-12 16:46:55,524] {taskinstance.py:1159} INFO - Dependencies all met for <TaskInstance: example_bash_operator.this_will_skip scheduled__2024-08-11T00:00:00+00:00 [queued]>
[2024-08-12 16:46:55,524] {taskinstance.py:1356} INFO - 
--------------------------------------------------------------------------------
[2024-08-12 16:46:55,524] {taskinstance.py:1357} INFO - Starting attempt 1 of 1
[2024-08-12 16:46:55,524] {taskinstance.py:1358} INFO - 
--------------------------------------------------------------------------------
[2024-08-12 16:46:55,534] {taskinstance.py:1377} INFO - Executing <Task(BashOperator): this_will_skip> on 2024-08-11 00:00:00+00:00
[2024-08-12 16:46:55,536] {standard_task_runner.py:52} INFO - Started process 65241 to run task
[2024-08-12 16:46:55,539] {standard_task_runner.py:79} INFO - Running: ['airflow', 'tasks', 'run', 'example_bash_operator', 'this_will_skip', 'scheduled__2024-08-11T00:00:00+00:00', '--job-id', '9', '--raw', '--subdir', '/home/kai/Documents/PROJETOS/DATA_PIPELINE/airflow/venv/lib/python3.9/site-packages/airflow/example_dags/example_bash_operator.py', '--cfg-path', '/tmp/tmpvec9hkv0', '--error-file', '/tmp/tmpxlgrezyp']
[2024-08-12 16:46:55,540] {standard_task_runner.py:80} INFO - Job 9: Subtask this_will_skip
[2024-08-12 16:46:55,578] {task_command.py:370} INFO - Running <TaskInstance: example_bash_operator.this_will_skip scheduled__2024-08-11T00:00:00+00:00 [running]> on host kaiwangairflow
[2024-08-12 16:46:55,617] {taskinstance.py:1569} INFO - Exporting the following env vars:
AIRFLOW_CTX_DAG_OWNER=airflow
AIRFLOW_CTX_DAG_ID=example_bash_operator
AIRFLOW_CTX_TASK_ID=this_will_skip
AIRFLOW_CTX_EXECUTION_DATE=2024-08-11T00:00:00+00:00
AIRFLOW_CTX_TRY_NUMBER=1
AIRFLOW_CTX_DAG_RUN_ID=scheduled__2024-08-11T00:00:00+00:00
[2024-08-12 16:46:55,617] {subprocess.py:62} INFO - Tmp dir root location: 
 /tmp
[2024-08-12 16:46:55,618] {subprocess.py:74} INFO - Running command: ['bash', '-c', 'echo "hello world"; exit 99;']
[2024-08-12 16:46:55,626] {subprocess.py:85} INFO - Output:
[2024-08-12 16:46:55,626] {subprocess.py:92} INFO - hello world
[2024-08-12 16:46:55,626] {subprocess.py:96} INFO - Command exited with return code 99
[2024-08-12 16:46:55,627] {taskinstance.py:1478} INFO - Bash command returned exit code 99. Skipping.
[2024-08-12 16:46:55,633] {taskinstance.py:1395} INFO - Marking task as SKIPPED. dag_id=example_bash_operator, task_id=this_will_skip, execution_date=20240811T000000, start_date=20240812T194655, end_date=20240812T194655
[2024-08-12 16:46:55,673] {local_task_job.py:156} INFO - Task exited with return code 0
[2024-08-12 16:46:55,694] {local_task_job.py:273} INFO - 0 downstream tasks scheduled from follow-on schedule check
