[2024-08-16 10:58:09,348] {taskinstance.py:1159} INFO - Dependencies all met for <TaskInstance: clima_process_extractor.Creator_folder_with_datetime scheduled__2024-07-22T00:00:00+00:00 [queued]>
[2024-08-16 10:58:09,361] {taskinstance.py:1159} INFO - Dependencies all met for <TaskInstance: clima_process_extractor.Creator_folder_with_datetime scheduled__2024-07-22T00:00:00+00:00 [queued]>
[2024-08-16 10:58:09,361] {taskinstance.py:1356} INFO - 
--------------------------------------------------------------------------------
[2024-08-16 10:58:09,361] {taskinstance.py:1357} INFO - Starting attempt 1 of 1
[2024-08-16 10:58:09,361] {taskinstance.py:1358} INFO - 
--------------------------------------------------------------------------------
[2024-08-16 10:58:09,386] {taskinstance.py:1377} INFO - Executing <Task(BashOperator): Creator_folder_with_datetime> on 2024-07-22 00:00:00+00:00
[2024-08-16 10:58:09,392] {standard_task_runner.py:52} INFO - Started process 59140 to run task
[2024-08-16 10:58:09,396] {standard_task_runner.py:79} INFO - Running: ['airflow', 'tasks', 'run', 'clima_process_extractor', 'Creator_folder_with_datetime', 'scheduled__2024-07-22T00:00:00+00:00', '--job-id', '200', '--raw', '--subdir', 'DAGS_FOLDER/my_first_dag.py', '--cfg-path', '/tmp/tmpt_p9md54', '--error-file', '/tmp/tmp4ij38d41']
[2024-08-16 10:58:09,397] {standard_task_runner.py:80} INFO - Job 200: Subtask Creator_folder_with_datetime
[2024-08-16 10:58:09,494] {task_command.py:370} INFO - Running <TaskInstance: clima_process_extractor.Creator_folder_with_datetime scheduled__2024-07-22T00:00:00+00:00 [running]> on host kaiwangairflow
[2024-08-16 10:58:09,573] {taskinstance.py:1569} INFO - Exporting the following env vars:
AIRFLOW_CTX_DAG_OWNER=airflow
AIRFLOW_CTX_DAG_ID=clima_process_extractor
AIRFLOW_CTX_TASK_ID=Creator_folder_with_datetime
AIRFLOW_CTX_EXECUTION_DATE=2024-07-22T00:00:00+00:00
AIRFLOW_CTX_TRY_NUMBER=1
AIRFLOW_CTX_DAG_RUN_ID=scheduled__2024-07-22T00:00:00+00:00
[2024-08-16 10:58:09,574] {subprocess.py:62} INFO - Tmp dir root location: 
 /tmp
[2024-08-16 10:58:09,574] {subprocess.py:74} INFO - Running command: ['bash', '-c', "mkdir -p '/home/kai/Documents/airflowalura/semana=2024-07-29/'"]
[2024-08-16 10:58:09,585] {subprocess.py:85} INFO - Output:
[2024-08-16 10:58:09,590] {subprocess.py:96} INFO - Command exited with return code 0
[2024-08-16 10:58:09,613] {taskinstance.py:1395} INFO - Marking task as SUCCESS. dag_id=clima_process_extractor, task_id=Creator_folder_with_datetime, execution_date=20240722T000000, start_date=20240816T135809, end_date=20240816T135809
[2024-08-16 10:58:09,655] {local_task_job.py:156} INFO - Task exited with return code 0
[2024-08-16 10:58:09,694] {local_task_job.py:273} INFO - 1 downstream tasks scheduled from follow-on schedule check
[2024-08-16 11:14:13,054] {taskinstance.py:1159} INFO - Dependencies all met for <TaskInstance: clima_process_extractor.Creator_folder_with_datetime scheduled__2024-07-22T00:00:00+00:00 [queued]>
[2024-08-16 11:14:13,060] {taskinstance.py:1159} INFO - Dependencies all met for <TaskInstance: clima_process_extractor.Creator_folder_with_datetime scheduled__2024-07-22T00:00:00+00:00 [queued]>
[2024-08-16 11:14:13,060] {taskinstance.py:1356} INFO - 
--------------------------------------------------------------------------------
[2024-08-16 11:14:13,060] {taskinstance.py:1357} INFO - Starting attempt 1 of 1
[2024-08-16 11:14:13,060] {taskinstance.py:1358} INFO - 
--------------------------------------------------------------------------------
[2024-08-16 11:14:13,071] {taskinstance.py:1377} INFO - Executing <Task(BashOperator): Creator_folder_with_datetime> on 2024-07-22 00:00:00+00:00
[2024-08-16 11:14:13,074] {standard_task_runner.py:52} INFO - Started process 66304 to run task
[2024-08-16 11:14:13,080] {standard_task_runner.py:79} INFO - Running: ['airflow', 'tasks', 'run', 'clima_process_extractor', 'Creator_folder_with_datetime', 'scheduled__2024-07-22T00:00:00+00:00', '--job-id', '222', '--raw', '--subdir', 'DAGS_FOLDER/my_first_dag.py', '--cfg-path', '/tmp/tmpuwswwy8q', '--error-file', '/tmp/tmpf3q1h3x3']
[2024-08-16 11:14:13,080] {standard_task_runner.py:80} INFO - Job 222: Subtask Creator_folder_with_datetime
[2024-08-16 11:14:13,115] {task_command.py:370} INFO - Running <TaskInstance: clima_process_extractor.Creator_folder_with_datetime scheduled__2024-07-22T00:00:00+00:00 [running]> on host kaiwangairflow
[2024-08-16 11:14:13,157] {taskinstance.py:1569} INFO - Exporting the following env vars:
AIRFLOW_CTX_DAG_OWNER=airflow
AIRFLOW_CTX_DAG_ID=clima_process_extractor
AIRFLOW_CTX_TASK_ID=Creator_folder_with_datetime
AIRFLOW_CTX_EXECUTION_DATE=2024-07-22T00:00:00+00:00
AIRFLOW_CTX_TRY_NUMBER=1
AIRFLOW_CTX_DAG_RUN_ID=scheduled__2024-07-22T00:00:00+00:00
[2024-08-16 11:14:13,158] {subprocess.py:62} INFO - Tmp dir root location: 
 /tmp
[2024-08-16 11:14:13,158] {subprocess.py:74} INFO - Running command: ['bash', '-c', "mkdir -p '/home/kai/Documents/airflowalura/semana=2024-07-29/'"]
[2024-08-16 11:14:13,169] {subprocess.py:85} INFO - Output:
[2024-08-16 11:14:13,170] {subprocess.py:96} INFO - Command exited with return code 0
[2024-08-16 11:14:13,185] {taskinstance.py:1395} INFO - Marking task as SUCCESS. dag_id=clima_process_extractor, task_id=Creator_folder_with_datetime, execution_date=20240722T000000, start_date=20240816T141413, end_date=20240816T141413
[2024-08-16 11:14:13,215] {local_task_job.py:156} INFO - Task exited with return code 0
[2024-08-16 11:14:13,255] {local_task_job.py:273} INFO - 1 downstream tasks scheduled from follow-on schedule check
[2024-08-16 11:19:17,037] {taskinstance.py:1159} INFO - Dependencies all met for <TaskInstance: clima_process_extractor.Creator_folder_with_datetime scheduled__2024-07-22T00:00:00+00:00 [queued]>
[2024-08-16 11:19:17,042] {taskinstance.py:1159} INFO - Dependencies all met for <TaskInstance: clima_process_extractor.Creator_folder_with_datetime scheduled__2024-07-22T00:00:00+00:00 [queued]>
[2024-08-16 11:19:17,042] {taskinstance.py:1356} INFO - 
--------------------------------------------------------------------------------
[2024-08-16 11:19:17,042] {taskinstance.py:1357} INFO - Starting attempt 1 of 1
[2024-08-16 11:19:17,042] {taskinstance.py:1358} INFO - 
--------------------------------------------------------------------------------
[2024-08-16 11:19:17,049] {taskinstance.py:1377} INFO - Executing <Task(BashOperator): Creator_folder_with_datetime> on 2024-07-22 00:00:00+00:00
[2024-08-16 11:19:17,052] {standard_task_runner.py:52} INFO - Started process 69331 to run task
[2024-08-16 11:19:17,054] {standard_task_runner.py:79} INFO - Running: ['airflow', 'tasks', 'run', 'clima_process_extractor', 'Creator_folder_with_datetime', 'scheduled__2024-07-22T00:00:00+00:00', '--job-id', '224', '--raw', '--subdir', 'DAGS_FOLDER/my_first_dag.py', '--cfg-path', '/tmp/tmpo4o94na9', '--error-file', '/tmp/tmprccoqd5i']
[2024-08-16 11:19:17,055] {standard_task_runner.py:80} INFO - Job 224: Subtask Creator_folder_with_datetime
[2024-08-16 11:19:17,085] {task_command.py:370} INFO - Running <TaskInstance: clima_process_extractor.Creator_folder_with_datetime scheduled__2024-07-22T00:00:00+00:00 [running]> on host kaiwangairflow
[2024-08-16 11:19:17,125] {taskinstance.py:1569} INFO - Exporting the following env vars:
AIRFLOW_CTX_DAG_OWNER=airflow
AIRFLOW_CTX_DAG_ID=clima_process_extractor
AIRFLOW_CTX_TASK_ID=Creator_folder_with_datetime
AIRFLOW_CTX_EXECUTION_DATE=2024-07-22T00:00:00+00:00
AIRFLOW_CTX_TRY_NUMBER=1
AIRFLOW_CTX_DAG_RUN_ID=scheduled__2024-07-22T00:00:00+00:00
[2024-08-16 11:19:17,126] {subprocess.py:62} INFO - Tmp dir root location: 
 /tmp
[2024-08-16 11:19:17,126] {subprocess.py:74} INFO - Running command: ['bash', '-c', "mkdir -p '/home/kai/Documents/airflowalura/semana=2024-07-29/'"]
[2024-08-16 11:19:17,134] {subprocess.py:85} INFO - Output:
[2024-08-16 11:19:17,137] {subprocess.py:96} INFO - Command exited with return code 0
[2024-08-16 11:19:17,150] {taskinstance.py:1395} INFO - Marking task as SUCCESS. dag_id=clima_process_extractor, task_id=Creator_folder_with_datetime, execution_date=20240722T000000, start_date=20240816T141917, end_date=20240816T141917
[2024-08-16 11:19:17,191] {local_task_job.py:156} INFO - Task exited with return code 0
[2024-08-16 11:19:17,209] {local_task_job.py:273} INFO - 1 downstream tasks scheduled from follow-on schedule check
[2024-08-16 11:22:18,275] {taskinstance.py:1159} INFO - Dependencies all met for <TaskInstance: clima_process_extractor.Creator_folder_with_datetime scheduled__2024-07-22T00:00:00+00:00 [queued]>
[2024-08-16 11:22:18,279] {taskinstance.py:1159} INFO - Dependencies all met for <TaskInstance: clima_process_extractor.Creator_folder_with_datetime scheduled__2024-07-22T00:00:00+00:00 [queued]>
[2024-08-16 11:22:18,279] {taskinstance.py:1356} INFO - 
--------------------------------------------------------------------------------
[2024-08-16 11:22:18,279] {taskinstance.py:1357} INFO - Starting attempt 1 of 1
[2024-08-16 11:22:18,279] {taskinstance.py:1358} INFO - 
--------------------------------------------------------------------------------
[2024-08-16 11:22:18,288] {taskinstance.py:1377} INFO - Executing <Task(BashOperator): Creator_folder_with_datetime> on 2024-07-22 00:00:00+00:00
[2024-08-16 11:22:18,290] {standard_task_runner.py:52} INFO - Started process 73119 to run task
[2024-08-16 11:22:18,294] {standard_task_runner.py:79} INFO - Running: ['airflow', 'tasks', 'run', 'clima_process_extractor', 'Creator_folder_with_datetime', 'scheduled__2024-07-22T00:00:00+00:00', '--job-id', '226', '--raw', '--subdir', 'DAGS_FOLDER/my_first_dag.py', '--cfg-path', '/tmp/tmp8h5lt7n3', '--error-file', '/tmp/tmpahk8kbvq']
[2024-08-16 11:22:18,294] {standard_task_runner.py:80} INFO - Job 226: Subtask Creator_folder_with_datetime
[2024-08-16 11:22:18,325] {task_command.py:370} INFO - Running <TaskInstance: clima_process_extractor.Creator_folder_with_datetime scheduled__2024-07-22T00:00:00+00:00 [running]> on host kaiwangairflow
[2024-08-16 11:22:18,359] {taskinstance.py:1569} INFO - Exporting the following env vars:
AIRFLOW_CTX_DAG_OWNER=airflow
AIRFLOW_CTX_DAG_ID=clima_process_extractor
AIRFLOW_CTX_TASK_ID=Creator_folder_with_datetime
AIRFLOW_CTX_EXECUTION_DATE=2024-07-22T00:00:00+00:00
AIRFLOW_CTX_TRY_NUMBER=1
AIRFLOW_CTX_DAG_RUN_ID=scheduled__2024-07-22T00:00:00+00:00
[2024-08-16 11:22:18,360] {subprocess.py:62} INFO - Tmp dir root location: 
 /tmp
[2024-08-16 11:22:18,360] {subprocess.py:74} INFO - Running command: ['bash', '-c', "mkdir -p '/home/kai/Documents/airflowalura/semana=2024-07-29/'"]
[2024-08-16 11:22:18,366] {subprocess.py:85} INFO - Output:
[2024-08-16 11:22:18,369] {subprocess.py:96} INFO - Command exited with return code 0
[2024-08-16 11:22:18,381] {taskinstance.py:1395} INFO - Marking task as SUCCESS. dag_id=clima_process_extractor, task_id=Creator_folder_with_datetime, execution_date=20240722T000000, start_date=20240816T142218, end_date=20240816T142218
[2024-08-16 11:22:18,427] {local_task_job.py:156} INFO - Task exited with return code 0
[2024-08-16 11:22:18,443] {local_task_job.py:273} INFO - 1 downstream tasks scheduled from follow-on schedule check
