[2024-08-16 10:39:54,456] {taskinstance.py:1159} INFO - Dependencies all met for <TaskInstance: clima_process_extractor.Creator_folder_with_datetime scheduled__2023-08-18T15:20:00+00:00 [queued]>
[2024-08-16 10:39:54,464] {taskinstance.py:1159} INFO - Dependencies all met for <TaskInstance: clima_process_extractor.Creator_folder_with_datetime scheduled__2023-08-18T15:20:00+00:00 [queued]>
[2024-08-16 10:39:54,465] {taskinstance.py:1356} INFO - 
--------------------------------------------------------------------------------
[2024-08-16 10:39:54,465] {taskinstance.py:1357} INFO - Starting attempt 1 of 1
[2024-08-16 10:39:54,465] {taskinstance.py:1358} INFO - 
--------------------------------------------------------------------------------
[2024-08-16 10:39:54,483] {taskinstance.py:1377} INFO - Executing <Task(BashOperator): Creator_folder_with_datetime> on 2023-08-18 15:20:00+00:00
[2024-08-16 10:39:54,490] {standard_task_runner.py:52} INFO - Started process 48219 to run task
[2024-08-16 10:39:54,494] {standard_task_runner.py:79} INFO - Running: ['airflow', 'tasks', 'run', 'clima_process_extractor', 'Creator_folder_with_datetime', 'scheduled__2023-08-18T15:20:00+00:00', '--job-id', '71', '--raw', '--subdir', 'DAGS_FOLDER/my_first_dag.py', '--cfg-path', '/tmp/tmp0pnw_2l5', '--error-file', '/tmp/tmpzzc9g4rt']
[2024-08-16 10:39:54,495] {standard_task_runner.py:80} INFO - Job 71: Subtask Creator_folder_with_datetime
[2024-08-16 10:39:54,546] {task_command.py:370} INFO - Running <TaskInstance: clima_process_extractor.Creator_folder_with_datetime scheduled__2023-08-18T15:20:00+00:00 [running]> on host kaiwangairflow
[2024-08-16 10:39:54,596] {taskinstance.py:1569} INFO - Exporting the following env vars:
AIRFLOW_CTX_DAG_OWNER=airflow
AIRFLOW_CTX_DAG_ID=clima_process_extractor
AIRFLOW_CTX_TASK_ID=Creator_folder_with_datetime
AIRFLOW_CTX_EXECUTION_DATE=2023-08-18T15:20:00+00:00
AIRFLOW_CTX_TRY_NUMBER=1
AIRFLOW_CTX_DAG_RUN_ID=scheduled__2023-08-18T15:20:00+00:00
[2024-08-16 10:39:54,597] {subprocess.py:62} INFO - Tmp dir root location: 
 /tmp
[2024-08-16 10:39:54,597] {subprocess.py:74} INFO - Running command: ['bash', '-c', "mkdir -p '/home/kai/Documents/airflowalura/semana={data_interval}/'"]
[2024-08-16 10:39:54,608] {subprocess.py:85} INFO - Output:
[2024-08-16 10:39:54,613] {subprocess.py:96} INFO - Command exited with return code 0
[2024-08-16 10:39:54,636] {taskinstance.py:1395} INFO - Marking task as SUCCESS. dag_id=clima_process_extractor, task_id=Creator_folder_with_datetime, execution_date=20230818T152000, start_date=20240816T133954, end_date=20240816T133954
[2024-08-16 10:39:54,669] {local_task_job.py:156} INFO - Task exited with return code 0
[2024-08-16 10:39:54,697] {local_task_job.py:273} INFO - 1 downstream tasks scheduled from follow-on schedule check
