[2024-08-16 10:58:02,002] {taskinstance.py:1159} INFO - Dependencies all met for <TaskInstance: clima_process_extractor.Creator_folder_with_datetime scheduled__2024-07-15T00:00:00+00:00 [queued]>
[2024-08-16 10:58:02,010] {taskinstance.py:1159} INFO - Dependencies all met for <TaskInstance: clima_process_extractor.Creator_folder_with_datetime scheduled__2024-07-15T00:00:00+00:00 [queued]>
[2024-08-16 10:58:02,010] {taskinstance.py:1356} INFO - 
--------------------------------------------------------------------------------
[2024-08-16 10:58:02,010] {taskinstance.py:1357} INFO - Starting attempt 1 of 1
[2024-08-16 10:58:02,011] {taskinstance.py:1358} INFO - 
--------------------------------------------------------------------------------
[2024-08-16 10:58:02,028] {taskinstance.py:1377} INFO - Executing <Task(BashOperator): Creator_folder_with_datetime> on 2024-07-15 00:00:00+00:00
[2024-08-16 10:58:02,031] {standard_task_runner.py:52} INFO - Started process 59029 to run task
[2024-08-16 10:58:02,035] {standard_task_runner.py:79} INFO - Running: ['airflow', 'tasks', 'run', 'clima_process_extractor', 'Creator_folder_with_datetime', 'scheduled__2024-07-15T00:00:00+00:00', '--job-id', '197', '--raw', '--subdir', 'DAGS_FOLDER/my_first_dag.py', '--cfg-path', '/tmp/tmpeek00_2k', '--error-file', '/tmp/tmpqkvw836k']
[2024-08-16 10:58:02,035] {standard_task_runner.py:80} INFO - Job 197: Subtask Creator_folder_with_datetime
[2024-08-16 10:58:02,100] {task_command.py:370} INFO - Running <TaskInstance: clima_process_extractor.Creator_folder_with_datetime scheduled__2024-07-15T00:00:00+00:00 [running]> on host kaiwangairflow
[2024-08-16 10:58:02,159] {taskinstance.py:1569} INFO - Exporting the following env vars:
AIRFLOW_CTX_DAG_OWNER=airflow
AIRFLOW_CTX_DAG_ID=clima_process_extractor
AIRFLOW_CTX_TASK_ID=Creator_folder_with_datetime
AIRFLOW_CTX_EXECUTION_DATE=2024-07-15T00:00:00+00:00
AIRFLOW_CTX_TRY_NUMBER=1
AIRFLOW_CTX_DAG_RUN_ID=scheduled__2024-07-15T00:00:00+00:00
[2024-08-16 10:58:02,160] {subprocess.py:62} INFO - Tmp dir root location: 
 /tmp
[2024-08-16 10:58:02,160] {subprocess.py:74} INFO - Running command: ['bash', '-c', "mkdir -p '/home/kai/Documents/airflowalura/semana=2024-07-22/'"]
[2024-08-16 10:58:02,168] {subprocess.py:85} INFO - Output:
[2024-08-16 10:58:02,171] {subprocess.py:96} INFO - Command exited with return code 0
[2024-08-16 10:58:02,196] {taskinstance.py:1395} INFO - Marking task as SUCCESS. dag_id=clima_process_extractor, task_id=Creator_folder_with_datetime, execution_date=20240715T000000, start_date=20240816T135802, end_date=20240816T135802
[2024-08-16 10:58:02,250] {local_task_job.py:156} INFO - Task exited with return code 0
[2024-08-16 10:58:02,278] {local_task_job.py:273} INFO - 1 downstream tasks scheduled from follow-on schedule check
[2024-08-16 11:14:06,743] {taskinstance.py:1159} INFO - Dependencies all met for <TaskInstance: clima_process_extractor.Creator_folder_with_datetime scheduled__2024-07-15T00:00:00+00:00 [queued]>
[2024-08-16 11:14:06,749] {taskinstance.py:1159} INFO - Dependencies all met for <TaskInstance: clima_process_extractor.Creator_folder_with_datetime scheduled__2024-07-15T00:00:00+00:00 [queued]>
[2024-08-16 11:14:06,749] {taskinstance.py:1356} INFO - 
--------------------------------------------------------------------------------
[2024-08-16 11:14:06,749] {taskinstance.py:1357} INFO - Starting attempt 1 of 1
[2024-08-16 11:14:06,749] {taskinstance.py:1358} INFO - 
--------------------------------------------------------------------------------
[2024-08-16 11:14:06,762] {taskinstance.py:1377} INFO - Executing <Task(BashOperator): Creator_folder_with_datetime> on 2024-07-15 00:00:00+00:00
[2024-08-16 11:14:06,766] {standard_task_runner.py:52} INFO - Started process 66179 to run task
[2024-08-16 11:14:06,769] {standard_task_runner.py:79} INFO - Running: ['airflow', 'tasks', 'run', 'clima_process_extractor', 'Creator_folder_with_datetime', 'scheduled__2024-07-15T00:00:00+00:00', '--job-id', '219', '--raw', '--subdir', 'DAGS_FOLDER/my_first_dag.py', '--cfg-path', '/tmp/tmpbys9jmiq', '--error-file', '/tmp/tmp5_7lg33c']
[2024-08-16 11:14:06,769] {standard_task_runner.py:80} INFO - Job 219: Subtask Creator_folder_with_datetime
[2024-08-16 11:14:06,809] {task_command.py:370} INFO - Running <TaskInstance: clima_process_extractor.Creator_folder_with_datetime scheduled__2024-07-15T00:00:00+00:00 [running]> on host kaiwangairflow
[2024-08-16 11:14:06,854] {taskinstance.py:1569} INFO - Exporting the following env vars:
AIRFLOW_CTX_DAG_OWNER=airflow
AIRFLOW_CTX_DAG_ID=clima_process_extractor
AIRFLOW_CTX_TASK_ID=Creator_folder_with_datetime
AIRFLOW_CTX_EXECUTION_DATE=2024-07-15T00:00:00+00:00
AIRFLOW_CTX_TRY_NUMBER=1
AIRFLOW_CTX_DAG_RUN_ID=scheduled__2024-07-15T00:00:00+00:00
[2024-08-16 11:14:06,855] {subprocess.py:62} INFO - Tmp dir root location: 
 /tmp
[2024-08-16 11:14:06,856] {subprocess.py:74} INFO - Running command: ['bash', '-c', "mkdir -p '/home/kai/Documents/airflowalura/semana=2024-07-22/'"]
[2024-08-16 11:14:06,866] {subprocess.py:85} INFO - Output:
[2024-08-16 11:14:06,867] {subprocess.py:96} INFO - Command exited with return code 0
[2024-08-16 11:14:06,884] {taskinstance.py:1395} INFO - Marking task as SUCCESS. dag_id=clima_process_extractor, task_id=Creator_folder_with_datetime, execution_date=20240715T000000, start_date=20240816T141406, end_date=20240816T141406
[2024-08-16 11:14:06,904] {local_task_job.py:156} INFO - Task exited with return code 0
[2024-08-16 11:14:06,933] {local_task_job.py:273} INFO - 1 downstream tasks scheduled from follow-on schedule check
[2024-08-16 11:19:09,006] {taskinstance.py:1159} INFO - Dependencies all met for <TaskInstance: clima_process_extractor.Creator_folder_with_datetime scheduled__2024-07-15T00:00:00+00:00 [queued]>
[2024-08-16 11:19:09,013] {taskinstance.py:1159} INFO - Dependencies all met for <TaskInstance: clima_process_extractor.Creator_folder_with_datetime scheduled__2024-07-15T00:00:00+00:00 [queued]>
[2024-08-16 11:19:09,013] {taskinstance.py:1356} INFO - 
--------------------------------------------------------------------------------
[2024-08-16 11:19:09,013] {taskinstance.py:1357} INFO - Starting attempt 1 of 1
[2024-08-16 11:19:09,013] {taskinstance.py:1358} INFO - 
--------------------------------------------------------------------------------
[2024-08-16 11:19:09,024] {taskinstance.py:1377} INFO - Executing <Task(BashOperator): Creator_folder_with_datetime> on 2024-07-15 00:00:00+00:00
[2024-08-16 11:19:09,027] {standard_task_runner.py:52} INFO - Started process 69193 to run task
[2024-08-16 11:19:09,031] {standard_task_runner.py:79} INFO - Running: ['airflow', 'tasks', 'run', 'clima_process_extractor', 'Creator_folder_with_datetime', 'scheduled__2024-07-15T00:00:00+00:00', '--job-id', '221', '--raw', '--subdir', 'DAGS_FOLDER/my_first_dag.py', '--cfg-path', '/tmp/tmpl0n_fjjm', '--error-file', '/tmp/tmppr238vsr']
[2024-08-16 11:19:09,033] {standard_task_runner.py:80} INFO - Job 221: Subtask Creator_folder_with_datetime
[2024-08-16 11:19:09,070] {task_command.py:370} INFO - Running <TaskInstance: clima_process_extractor.Creator_folder_with_datetime scheduled__2024-07-15T00:00:00+00:00 [running]> on host kaiwangairflow
[2024-08-16 11:19:09,154] {taskinstance.py:1569} INFO - Exporting the following env vars:
AIRFLOW_CTX_DAG_OWNER=airflow
AIRFLOW_CTX_DAG_ID=clima_process_extractor
AIRFLOW_CTX_TASK_ID=Creator_folder_with_datetime
AIRFLOW_CTX_EXECUTION_DATE=2024-07-15T00:00:00+00:00
AIRFLOW_CTX_TRY_NUMBER=1
AIRFLOW_CTX_DAG_RUN_ID=scheduled__2024-07-15T00:00:00+00:00
[2024-08-16 11:19:09,156] {subprocess.py:62} INFO - Tmp dir root location: 
 /tmp
[2024-08-16 11:19:09,156] {subprocess.py:74} INFO - Running command: ['bash', '-c', "mkdir -p '/home/kai/Documents/airflowalura/semana=2024-07-22/'"]
[2024-08-16 11:19:09,188] {subprocess.py:85} INFO - Output:
[2024-08-16 11:19:09,192] {subprocess.py:96} INFO - Command exited with return code 0
[2024-08-16 11:19:09,232] {taskinstance.py:1395} INFO - Marking task as SUCCESS. dag_id=clima_process_extractor, task_id=Creator_folder_with_datetime, execution_date=20240715T000000, start_date=20240816T141909, end_date=20240816T141909
[2024-08-16 11:19:09,291] {local_task_job.py:156} INFO - Task exited with return code 0
[2024-08-16 11:19:09,311] {local_task_job.py:273} INFO - 1 downstream tasks scheduled from follow-on schedule check
[2024-08-16 11:22:10,641] {taskinstance.py:1159} INFO - Dependencies all met for <TaskInstance: clima_process_extractor.Creator_folder_with_datetime scheduled__2024-07-15T00:00:00+00:00 [queued]>
[2024-08-16 11:22:10,646] {taskinstance.py:1159} INFO - Dependencies all met for <TaskInstance: clima_process_extractor.Creator_folder_with_datetime scheduled__2024-07-15T00:00:00+00:00 [queued]>
[2024-08-16 11:22:10,646] {taskinstance.py:1356} INFO - 
--------------------------------------------------------------------------------
[2024-08-16 11:22:10,646] {taskinstance.py:1357} INFO - Starting attempt 1 of 1
[2024-08-16 11:22:10,646] {taskinstance.py:1358} INFO - 
--------------------------------------------------------------------------------
[2024-08-16 11:22:10,654] {taskinstance.py:1377} INFO - Executing <Task(BashOperator): Creator_folder_with_datetime> on 2024-07-15 00:00:00+00:00
[2024-08-16 11:22:10,657] {standard_task_runner.py:52} INFO - Started process 72968 to run task
[2024-08-16 11:22:10,660] {standard_task_runner.py:79} INFO - Running: ['airflow', 'tasks', 'run', 'clima_process_extractor', 'Creator_folder_with_datetime', 'scheduled__2024-07-15T00:00:00+00:00', '--job-id', '223', '--raw', '--subdir', 'DAGS_FOLDER/my_first_dag.py', '--cfg-path', '/tmp/tmpi62c1gou', '--error-file', '/tmp/tmp268hsztd']
[2024-08-16 11:22:10,660] {standard_task_runner.py:80} INFO - Job 223: Subtask Creator_folder_with_datetime
[2024-08-16 11:22:10,694] {task_command.py:370} INFO - Running <TaskInstance: clima_process_extractor.Creator_folder_with_datetime scheduled__2024-07-15T00:00:00+00:00 [running]> on host kaiwangairflow
[2024-08-16 11:22:10,738] {taskinstance.py:1569} INFO - Exporting the following env vars:
AIRFLOW_CTX_DAG_OWNER=airflow
AIRFLOW_CTX_DAG_ID=clima_process_extractor
AIRFLOW_CTX_TASK_ID=Creator_folder_with_datetime
AIRFLOW_CTX_EXECUTION_DATE=2024-07-15T00:00:00+00:00
AIRFLOW_CTX_TRY_NUMBER=1
AIRFLOW_CTX_DAG_RUN_ID=scheduled__2024-07-15T00:00:00+00:00
[2024-08-16 11:22:10,739] {subprocess.py:62} INFO - Tmp dir root location: 
 /tmp
[2024-08-16 11:22:10,739] {subprocess.py:74} INFO - Running command: ['bash', '-c', "mkdir -p '/home/kai/Documents/airflowalura/semana=2024-07-22/'"]
[2024-08-16 11:22:10,756] {subprocess.py:85} INFO - Output:
[2024-08-16 11:22:10,762] {subprocess.py:96} INFO - Command exited with return code 0
[2024-08-16 11:22:10,785] {taskinstance.py:1395} INFO - Marking task as SUCCESS. dag_id=clima_process_extractor, task_id=Creator_folder_with_datetime, execution_date=20240715T000000, start_date=20240816T142210, end_date=20240816T142210
[2024-08-16 11:22:10,837] {local_task_job.py:156} INFO - Task exited with return code 0
[2024-08-16 11:22:10,878] {local_task_job.py:273} INFO - 1 downstream tasks scheduled from follow-on schedule check
