[2024-08-16 10:39:04,260] {taskinstance.py:1159} INFO - Dependencies all met for <TaskInstance: clima_process_extractor.Creator_folder_with_datetime scheduled__2023-08-17T08:30:00+00:00 [queued]>
[2024-08-16 10:39:04,269] {taskinstance.py:1159} INFO - Dependencies all met for <TaskInstance: clima_process_extractor.Creator_folder_with_datetime scheduled__2023-08-17T08:30:00+00:00 [queued]>
[2024-08-16 10:39:04,269] {taskinstance.py:1356} INFO - 
--------------------------------------------------------------------------------
[2024-08-16 10:39:04,269] {taskinstance.py:1357} INFO - Starting attempt 1 of 1
[2024-08-16 10:39:04,269] {taskinstance.py:1358} INFO - 
--------------------------------------------------------------------------------
[2024-08-16 10:39:04,283] {taskinstance.py:1377} INFO - Executing <Task(BashOperator): Creator_folder_with_datetime> on 2023-08-17 08:30:00+00:00
[2024-08-16 10:39:04,290] {standard_task_runner.py:52} INFO - Started process 47334 to run task
[2024-08-16 10:39:04,295] {standard_task_runner.py:79} INFO - Running: ['airflow', 'tasks', 'run', 'clima_process_extractor', 'Creator_folder_with_datetime', 'scheduled__2023-08-17T08:30:00+00:00', '--job-id', '52', '--raw', '--subdir', 'DAGS_FOLDER/my_first_dag.py', '--cfg-path', '/tmp/tmpqnr7hc1j', '--error-file', '/tmp/tmpy3gls2tu']
[2024-08-16 10:39:04,299] {standard_task_runner.py:80} INFO - Job 52: Subtask Creator_folder_with_datetime
[2024-08-16 10:39:04,428] {task_command.py:370} INFO - Running <TaskInstance: clima_process_extractor.Creator_folder_with_datetime scheduled__2023-08-17T08:30:00+00:00 [running]> on host kaiwangairflow
[2024-08-16 10:39:04,528] {taskinstance.py:1569} INFO - Exporting the following env vars:
AIRFLOW_CTX_DAG_OWNER=airflow
AIRFLOW_CTX_DAG_ID=clima_process_extractor
AIRFLOW_CTX_TASK_ID=Creator_folder_with_datetime
AIRFLOW_CTX_EXECUTION_DATE=2023-08-17T08:30:00+00:00
AIRFLOW_CTX_TRY_NUMBER=1
AIRFLOW_CTX_DAG_RUN_ID=scheduled__2023-08-17T08:30:00+00:00
[2024-08-16 10:39:04,529] {subprocess.py:62} INFO - Tmp dir root location: 
 /tmp
[2024-08-16 10:39:04,530] {subprocess.py:74} INFO - Running command: ['bash', '-c', "mkdir -p '/home/kai/Documents/airflowalura/semana={data_interval}/'"]
[2024-08-16 10:39:04,547] {subprocess.py:85} INFO - Output:
[2024-08-16 10:39:04,553] {subprocess.py:96} INFO - Command exited with return code 0
[2024-08-16 10:39:04,585] {taskinstance.py:1395} INFO - Marking task as SUCCESS. dag_id=clima_process_extractor, task_id=Creator_folder_with_datetime, execution_date=20230817T083000, start_date=20240816T133904, end_date=20240816T133904
[2024-08-16 10:39:04,646] {local_task_job.py:156} INFO - Task exited with return code 0
[2024-08-16 10:39:04,702] {local_task_job.py:273} INFO - 1 downstream tasks scheduled from follow-on schedule check
