[2024-08-16 10:40:42,809] {taskinstance.py:1159} INFO - Dependencies all met for <TaskInstance: clima_process_extractor.Creator_folder_with_datetime scheduled__2023-08-20T15:30:00+00:00 [queued]>
[2024-08-16 10:40:42,814] {taskinstance.py:1159} INFO - Dependencies all met for <TaskInstance: clima_process_extractor.Creator_folder_with_datetime scheduled__2023-08-20T15:30:00+00:00 [queued]>
[2024-08-16 10:40:42,814] {taskinstance.py:1356} INFO - 
--------------------------------------------------------------------------------
[2024-08-16 10:40:42,815] {taskinstance.py:1357} INFO - Starting attempt 1 of 1
[2024-08-16 10:40:42,815] {taskinstance.py:1358} INFO - 
--------------------------------------------------------------------------------
[2024-08-16 10:40:42,828] {taskinstance.py:1377} INFO - Executing <Task(BashOperator): Creator_folder_with_datetime> on 2023-08-20 15:30:00+00:00
[2024-08-16 10:40:42,832] {standard_task_runner.py:52} INFO - Started process 49150 to run task
[2024-08-16 10:40:42,835] {standard_task_runner.py:79} INFO - Running: ['airflow', 'tasks', 'run', 'clima_process_extractor', 'Creator_folder_with_datetime', 'scheduled__2023-08-20T15:30:00+00:00', '--job-id', '96', '--raw', '--subdir', 'DAGS_FOLDER/my_first_dag.py', '--cfg-path', '/tmp/tmpia6n_tw7', '--error-file', '/tmp/tmpi2ifnehe']
[2024-08-16 10:40:42,835] {standard_task_runner.py:80} INFO - Job 96: Subtask Creator_folder_with_datetime
[2024-08-16 10:40:42,869] {task_command.py:370} INFO - Running <TaskInstance: clima_process_extractor.Creator_folder_with_datetime scheduled__2023-08-20T15:30:00+00:00 [running]> on host kaiwangairflow
[2024-08-16 10:40:42,911] {taskinstance.py:1569} INFO - Exporting the following env vars:
AIRFLOW_CTX_DAG_OWNER=airflow
AIRFLOW_CTX_DAG_ID=clima_process_extractor
AIRFLOW_CTX_TASK_ID=Creator_folder_with_datetime
AIRFLOW_CTX_EXECUTION_DATE=2023-08-20T15:30:00+00:00
AIRFLOW_CTX_TRY_NUMBER=1
AIRFLOW_CTX_DAG_RUN_ID=scheduled__2023-08-20T15:30:00+00:00
[2024-08-16 10:40:42,912] {subprocess.py:62} INFO - Tmp dir root location: 
 /tmp
[2024-08-16 10:40:42,913] {subprocess.py:74} INFO - Running command: ['bash', '-c', "mkdir -p '/home/kai/Documents/airflowalura/semana={data_interval}/'"]
[2024-08-16 10:40:42,920] {subprocess.py:85} INFO - Output:
[2024-08-16 10:40:42,922] {subprocess.py:96} INFO - Command exited with return code 0
[2024-08-16 10:40:42,938] {taskinstance.py:1395} INFO - Marking task as SUCCESS. dag_id=clima_process_extractor, task_id=Creator_folder_with_datetime, execution_date=20230820T153000, start_date=20240816T134042, end_date=20240816T134042
[2024-08-16 10:40:42,970] {local_task_job.py:156} INFO - Task exited with return code 0
[2024-08-16 10:40:43,004] {local_task_job.py:273} INFO - 1 downstream tasks scheduled from follow-on schedule check
