[2024-08-16 10:57:55,271] {taskinstance.py:1159} INFO - Dependencies all met for <TaskInstance: clima_process_extractor.Creator_folder_with_datetime scheduled__2024-07-01T00:00:00+00:00 [queued]>
[2024-08-16 10:57:55,281] {taskinstance.py:1159} INFO - Dependencies all met for <TaskInstance: clima_process_extractor.Creator_folder_with_datetime scheduled__2024-07-01T00:00:00+00:00 [queued]>
[2024-08-16 10:57:55,281] {taskinstance.py:1356} INFO - 
--------------------------------------------------------------------------------
[2024-08-16 10:57:55,282] {taskinstance.py:1357} INFO - Starting attempt 1 of 1
[2024-08-16 10:57:55,282] {taskinstance.py:1358} INFO - 
--------------------------------------------------------------------------------
[2024-08-16 10:57:55,302] {taskinstance.py:1377} INFO - Executing <Task(BashOperator): Creator_folder_with_datetime> on 2024-07-01 00:00:00+00:00
[2024-08-16 10:57:55,306] {standard_task_runner.py:52} INFO - Started process 58872 to run task
[2024-08-16 10:57:55,310] {standard_task_runner.py:79} INFO - Running: ['airflow', 'tasks', 'run', 'clima_process_extractor', 'Creator_folder_with_datetime', 'scheduled__2024-07-01T00:00:00+00:00', '--job-id', '194', '--raw', '--subdir', 'DAGS_FOLDER/my_first_dag.py', '--cfg-path', '/tmp/tmp6sytp5ro', '--error-file', '/tmp/tmplx3vgrur']
[2024-08-16 10:57:55,310] {standard_task_runner.py:80} INFO - Job 194: Subtask Creator_folder_with_datetime
[2024-08-16 10:57:55,358] {task_command.py:370} INFO - Running <TaskInstance: clima_process_extractor.Creator_folder_with_datetime scheduled__2024-07-01T00:00:00+00:00 [running]> on host kaiwangairflow
[2024-08-16 10:57:55,402] {taskinstance.py:1569} INFO - Exporting the following env vars:
AIRFLOW_CTX_DAG_OWNER=airflow
AIRFLOW_CTX_DAG_ID=clima_process_extractor
AIRFLOW_CTX_TASK_ID=Creator_folder_with_datetime
AIRFLOW_CTX_EXECUTION_DATE=2024-07-01T00:00:00+00:00
AIRFLOW_CTX_TRY_NUMBER=1
AIRFLOW_CTX_DAG_RUN_ID=scheduled__2024-07-01T00:00:00+00:00
[2024-08-16 10:57:55,403] {subprocess.py:62} INFO - Tmp dir root location: 
 /tmp
[2024-08-16 10:57:55,404] {subprocess.py:74} INFO - Running command: ['bash', '-c', "mkdir -p '/home/kai/Documents/airflowalura/semana=2024-07-08/'"]
[2024-08-16 10:57:55,410] {subprocess.py:85} INFO - Output:
[2024-08-16 10:57:55,412] {subprocess.py:96} INFO - Command exited with return code 0
[2024-08-16 10:57:55,428] {taskinstance.py:1395} INFO - Marking task as SUCCESS. dag_id=clima_process_extractor, task_id=Creator_folder_with_datetime, execution_date=20240701T000000, start_date=20240816T135755, end_date=20240816T135755
[2024-08-16 10:57:55,445] {local_task_job.py:156} INFO - Task exited with return code 0
[2024-08-16 10:57:55,468] {local_task_job.py:273} INFO - 1 downstream tasks scheduled from follow-on schedule check
[2024-08-16 11:14:01,350] {taskinstance.py:1159} INFO - Dependencies all met for <TaskInstance: clima_process_extractor.Creator_folder_with_datetime scheduled__2024-07-01T00:00:00+00:00 [queued]>
[2024-08-16 11:14:01,354] {taskinstance.py:1159} INFO - Dependencies all met for <TaskInstance: clima_process_extractor.Creator_folder_with_datetime scheduled__2024-07-01T00:00:00+00:00 [queued]>
[2024-08-16 11:14:01,355] {taskinstance.py:1356} INFO - 
--------------------------------------------------------------------------------
[2024-08-16 11:14:01,355] {taskinstance.py:1357} INFO - Starting attempt 1 of 1
[2024-08-16 11:14:01,355] {taskinstance.py:1358} INFO - 
--------------------------------------------------------------------------------
[2024-08-16 11:14:01,367] {taskinstance.py:1377} INFO - Executing <Task(BashOperator): Creator_folder_with_datetime> on 2024-07-01 00:00:00+00:00
[2024-08-16 11:14:01,371] {standard_task_runner.py:52} INFO - Started process 66084 to run task
[2024-08-16 11:14:01,373] {standard_task_runner.py:79} INFO - Running: ['airflow', 'tasks', 'run', 'clima_process_extractor', 'Creator_folder_with_datetime', 'scheduled__2024-07-01T00:00:00+00:00', '--job-id', '216', '--raw', '--subdir', 'DAGS_FOLDER/my_first_dag.py', '--cfg-path', '/tmp/tmp63rw_wf2', '--error-file', '/tmp/tmpk1rre5ft']
[2024-08-16 11:14:01,374] {standard_task_runner.py:80} INFO - Job 216: Subtask Creator_folder_with_datetime
[2024-08-16 11:14:01,414] {task_command.py:370} INFO - Running <TaskInstance: clima_process_extractor.Creator_folder_with_datetime scheduled__2024-07-01T00:00:00+00:00 [running]> on host kaiwangairflow
[2024-08-16 11:14:01,462] {taskinstance.py:1569} INFO - Exporting the following env vars:
AIRFLOW_CTX_DAG_OWNER=airflow
AIRFLOW_CTX_DAG_ID=clima_process_extractor
AIRFLOW_CTX_TASK_ID=Creator_folder_with_datetime
AIRFLOW_CTX_EXECUTION_DATE=2024-07-01T00:00:00+00:00
AIRFLOW_CTX_TRY_NUMBER=1
AIRFLOW_CTX_DAG_RUN_ID=scheduled__2024-07-01T00:00:00+00:00
[2024-08-16 11:14:01,464] {subprocess.py:62} INFO - Tmp dir root location: 
 /tmp
[2024-08-16 11:14:01,465] {subprocess.py:74} INFO - Running command: ['bash', '-c', "mkdir -p '/home/kai/Documents/airflowalura/semana=2024-07-08/'"]
[2024-08-16 11:14:01,471] {subprocess.py:85} INFO - Output:
[2024-08-16 11:14:01,474] {subprocess.py:96} INFO - Command exited with return code 0
[2024-08-16 11:14:01,488] {taskinstance.py:1395} INFO - Marking task as SUCCESS. dag_id=clima_process_extractor, task_id=Creator_folder_with_datetime, execution_date=20240701T000000, start_date=20240816T141401, end_date=20240816T141401
[2024-08-16 11:14:01,508] {local_task_job.py:156} INFO - Task exited with return code 0
[2024-08-16 11:14:01,529] {local_task_job.py:273} INFO - 1 downstream tasks scheduled from follow-on schedule check
[2024-08-16 11:19:03,113] {taskinstance.py:1159} INFO - Dependencies all met for <TaskInstance: clima_process_extractor.Creator_folder_with_datetime scheduled__2024-07-01T00:00:00+00:00 [queued]>
[2024-08-16 11:19:03,121] {taskinstance.py:1159} INFO - Dependencies all met for <TaskInstance: clima_process_extractor.Creator_folder_with_datetime scheduled__2024-07-01T00:00:00+00:00 [queued]>
[2024-08-16 11:19:03,122] {taskinstance.py:1356} INFO - 
--------------------------------------------------------------------------------
[2024-08-16 11:19:03,122] {taskinstance.py:1357} INFO - Starting attempt 1 of 1
[2024-08-16 11:19:03,122] {taskinstance.py:1358} INFO - 
--------------------------------------------------------------------------------
[2024-08-16 11:19:03,134] {taskinstance.py:1377} INFO - Executing <Task(BashOperator): Creator_folder_with_datetime> on 2024-07-01 00:00:00+00:00
[2024-08-16 11:19:03,137] {standard_task_runner.py:52} INFO - Started process 69077 to run task
[2024-08-16 11:19:03,140] {standard_task_runner.py:79} INFO - Running: ['airflow', 'tasks', 'run', 'clima_process_extractor', 'Creator_folder_with_datetime', 'scheduled__2024-07-01T00:00:00+00:00', '--job-id', '218', '--raw', '--subdir', 'DAGS_FOLDER/my_first_dag.py', '--cfg-path', '/tmp/tmpx6jh_8uw', '--error-file', '/tmp/tmpzh3rju23']
[2024-08-16 11:19:03,141] {standard_task_runner.py:80} INFO - Job 218: Subtask Creator_folder_with_datetime
[2024-08-16 11:19:03,184] {task_command.py:370} INFO - Running <TaskInstance: clima_process_extractor.Creator_folder_with_datetime scheduled__2024-07-01T00:00:00+00:00 [running]> on host kaiwangairflow
[2024-08-16 11:19:03,246] {taskinstance.py:1569} INFO - Exporting the following env vars:
AIRFLOW_CTX_DAG_OWNER=airflow
AIRFLOW_CTX_DAG_ID=clima_process_extractor
AIRFLOW_CTX_TASK_ID=Creator_folder_with_datetime
AIRFLOW_CTX_EXECUTION_DATE=2024-07-01T00:00:00+00:00
AIRFLOW_CTX_TRY_NUMBER=1
AIRFLOW_CTX_DAG_RUN_ID=scheduled__2024-07-01T00:00:00+00:00
[2024-08-16 11:19:03,247] {subprocess.py:62} INFO - Tmp dir root location: 
 /tmp
[2024-08-16 11:19:03,247] {subprocess.py:74} INFO - Running command: ['bash', '-c', "mkdir -p '/home/kai/Documents/airflowalura/semana=2024-07-08/'"]
[2024-08-16 11:19:03,253] {subprocess.py:85} INFO - Output:
[2024-08-16 11:19:03,256] {subprocess.py:96} INFO - Command exited with return code 0
[2024-08-16 11:19:03,271] {taskinstance.py:1395} INFO - Marking task as SUCCESS. dag_id=clima_process_extractor, task_id=Creator_folder_with_datetime, execution_date=20240701T000000, start_date=20240816T141903, end_date=20240816T141903
[2024-08-16 11:19:03,316] {local_task_job.py:156} INFO - Task exited with return code 0
[2024-08-16 11:19:03,338] {local_task_job.py:273} INFO - 1 downstream tasks scheduled from follow-on schedule check
[2024-08-16 11:22:04,573] {taskinstance.py:1159} INFO - Dependencies all met for <TaskInstance: clima_process_extractor.Creator_folder_with_datetime scheduled__2024-07-01T00:00:00+00:00 [queued]>
[2024-08-16 11:22:04,579] {taskinstance.py:1159} INFO - Dependencies all met for <TaskInstance: clima_process_extractor.Creator_folder_with_datetime scheduled__2024-07-01T00:00:00+00:00 [queued]>
[2024-08-16 11:22:04,579] {taskinstance.py:1356} INFO - 
--------------------------------------------------------------------------------
[2024-08-16 11:22:04,579] {taskinstance.py:1357} INFO - Starting attempt 1 of 1
[2024-08-16 11:22:04,579] {taskinstance.py:1358} INFO - 
--------------------------------------------------------------------------------
[2024-08-16 11:22:04,591] {taskinstance.py:1377} INFO - Executing <Task(BashOperator): Creator_folder_with_datetime> on 2024-07-01 00:00:00+00:00
[2024-08-16 11:22:04,596] {standard_task_runner.py:52} INFO - Started process 72870 to run task
[2024-08-16 11:22:04,604] {standard_task_runner.py:79} INFO - Running: ['airflow', 'tasks', 'run', 'clima_process_extractor', 'Creator_folder_with_datetime', 'scheduled__2024-07-01T00:00:00+00:00', '--job-id', '220', '--raw', '--subdir', 'DAGS_FOLDER/my_first_dag.py', '--cfg-path', '/tmp/tmp2egt23qs', '--error-file', '/tmp/tmpkw_mbero']
[2024-08-16 11:22:04,605] {standard_task_runner.py:80} INFO - Job 220: Subtask Creator_folder_with_datetime
[2024-08-16 11:22:04,655] {task_command.py:370} INFO - Running <TaskInstance: clima_process_extractor.Creator_folder_with_datetime scheduled__2024-07-01T00:00:00+00:00 [running]> on host kaiwangairflow
[2024-08-16 11:22:04,724] {taskinstance.py:1569} INFO - Exporting the following env vars:
AIRFLOW_CTX_DAG_OWNER=airflow
AIRFLOW_CTX_DAG_ID=clima_process_extractor
AIRFLOW_CTX_TASK_ID=Creator_folder_with_datetime
AIRFLOW_CTX_EXECUTION_DATE=2024-07-01T00:00:00+00:00
AIRFLOW_CTX_TRY_NUMBER=1
AIRFLOW_CTX_DAG_RUN_ID=scheduled__2024-07-01T00:00:00+00:00
[2024-08-16 11:22:04,725] {subprocess.py:62} INFO - Tmp dir root location: 
 /tmp
[2024-08-16 11:22:04,726] {subprocess.py:74} INFO - Running command: ['bash', '-c', "mkdir -p '/home/kai/Documents/airflowalura/semana=2024-07-08/'"]
[2024-08-16 11:22:04,733] {subprocess.py:85} INFO - Output:
[2024-08-16 11:22:04,738] {subprocess.py:96} INFO - Command exited with return code 0
[2024-08-16 11:22:04,756] {taskinstance.py:1395} INFO - Marking task as SUCCESS. dag_id=clima_process_extractor, task_id=Creator_folder_with_datetime, execution_date=20240701T000000, start_date=20240816T142204, end_date=20240816T142204
[2024-08-16 11:22:04,782] {local_task_job.py:156} INFO - Task exited with return code 0
[2024-08-16 11:22:04,816] {local_task_job.py:273} INFO - 1 downstream tasks scheduled from follow-on schedule check
