[2024-08-12 22:17:21,047] {processor.py:153} INFO - Started process (PID=34870) to work on /home/kai/Documents/airflowalura/dags/my_first_dag.py
[2024-08-12 22:17:21,047] {processor.py:641} INFO - Processing file /home/kai/Documents/airflowalura/dags/my_first_dag.py for tasks to queue
[2024-08-12 22:17:21,059] {logging_mixin.py:115} INFO - [2024-08-12 22:17:21,059] {dagbag.py:507} INFO - Filling up the DagBag from /home/kai/Documents/airflowalura/dags/my_first_dag.py
[2024-08-12 22:17:21,068] {logging_mixin.py:115} INFO - [2024-08-12 22:17:21,067] {dagbag.py:320} ERROR - Failed to import: /home/kai/Documents/airflowalura/dags/my_first_dag.py
Traceback (most recent call last):
  File "/home/kai/Documents/airflowalura/venv/lib/python3.9/site-packages/airflow/models/dagbag.py", line 317, in parse
    loader.exec_module(new_module)
  File "<frozen importlib._bootstrap_external>", line 850, in exec_module
  File "<frozen importlib._bootstrap>", line 228, in _call_with_frames_removed
  File "/home/kai/Documents/airflowalura/dags/my_first_dag.py", line 6, in <module>
    with DAG(
TypeError: __init__() got an unexpected keyword argument 'descripton'
[2024-08-12 22:17:21,069] {processor.py:653} WARNING - No viable dags retrieved from /home/kai/Documents/airflowalura/dags/my_first_dag.py
[2024-08-12 22:17:21,091] {processor.py:161} INFO - Processing /home/kai/Documents/airflowalura/dags/my_first_dag.py took 0.046 seconds
[2024-08-12 22:17:38,692] {processor.py:153} INFO - Started process (PID=35068) to work on /home/kai/Documents/airflowalura/dags/my_first_dag.py
[2024-08-12 22:17:38,693] {processor.py:641} INFO - Processing file /home/kai/Documents/airflowalura/dags/my_first_dag.py for tasks to queue
[2024-08-12 22:17:38,697] {logging_mixin.py:115} INFO - [2024-08-12 22:17:38,697] {dagbag.py:507} INFO - Filling up the DagBag from /home/kai/Documents/airflowalura/dags/my_first_dag.py
[2024-08-12 22:17:38,703] {logging_mixin.py:115} INFO - [2024-08-12 22:17:38,703] {dagbag.py:320} ERROR - Failed to import: /home/kai/Documents/airflowalura/dags/my_first_dag.py
Traceback (most recent call last):
  File "/home/kai/Documents/airflowalura/venv/lib/python3.9/site-packages/airflow/models/dagbag.py", line 317, in parse
    loader.exec_module(new_module)
  File "<frozen importlib._bootstrap_external>", line 850, in exec_module
  File "<frozen importlib._bootstrap>", line 228, in _call_with_frames_removed
  File "/home/kai/Documents/airflowalura/dags/my_first_dag.py", line 6, in <module>
    with DAG(
TypeError: __init__() got an unexpected keyword argument 'descripton'
[2024-08-12 22:17:38,704] {processor.py:653} WARNING - No viable dags retrieved from /home/kai/Documents/airflowalura/dags/my_first_dag.py
[2024-08-12 22:17:38,720] {processor.py:161} INFO - Processing /home/kai/Documents/airflowalura/dags/my_first_dag.py took 0.033 seconds
[2024-08-12 22:18:23,271] {processor.py:153} INFO - Started process (PID=35868) to work on /home/kai/Documents/airflowalura/dags/my_first_dag.py
[2024-08-12 22:18:23,273] {processor.py:641} INFO - Processing file /home/kai/Documents/airflowalura/dags/my_first_dag.py for tasks to queue
[2024-08-12 22:18:23,274] {logging_mixin.py:115} INFO - [2024-08-12 22:18:23,274] {dagbag.py:507} INFO - Filling up the DagBag from /home/kai/Documents/airflowalura/dags/my_first_dag.py
[2024-08-12 22:18:23,282] {logging_mixin.py:115} INFO - [2024-08-12 22:18:23,281] {dagbag.py:320} ERROR - Failed to import: /home/kai/Documents/airflowalura/dags/my_first_dag.py
Traceback (most recent call last):
  File "/home/kai/Documents/airflowalura/venv/lib/python3.9/site-packages/airflow/models/dagbag.py", line 317, in parse
    loader.exec_module(new_module)
  File "<frozen importlib._bootstrap_external>", line 850, in exec_module
  File "<frozen importlib._bootstrap>", line 228, in _call_with_frames_removed
  File "/home/kai/Documents/airflowalura/dags/my_first_dag.py", line 6, in <module>
    with DAG(
TypeError: __init__() got an unexpected keyword argument 'descripton'
[2024-08-12 22:18:23,282] {processor.py:653} WARNING - No viable dags retrieved from /home/kai/Documents/airflowalura/dags/my_first_dag.py
[2024-08-12 22:18:23,309] {processor.py:161} INFO - Processing /home/kai/Documents/airflowalura/dags/my_first_dag.py took 0.042 seconds
[2024-08-12 22:18:54,337] {processor.py:153} INFO - Started process (PID=36300) to work on /home/kai/Documents/airflowalura/dags/my_first_dag.py
[2024-08-12 22:18:54,338] {processor.py:641} INFO - Processing file /home/kai/Documents/airflowalura/dags/my_first_dag.py for tasks to queue
[2024-08-12 22:18:54,340] {logging_mixin.py:115} INFO - [2024-08-12 22:18:54,340] {dagbag.py:507} INFO - Filling up the DagBag from /home/kai/Documents/airflowalura/dags/my_first_dag.py
[2024-08-12 22:18:54,346] {logging_mixin.py:115} INFO - [2024-08-12 22:18:54,345] {dagbag.py:320} ERROR - Failed to import: /home/kai/Documents/airflowalura/dags/my_first_dag.py
Traceback (most recent call last):
  File "/home/kai/Documents/airflowalura/venv/lib/python3.9/site-packages/airflow/models/dagbag.py", line 317, in parse
    loader.exec_module(new_module)
  File "<frozen importlib._bootstrap_external>", line 850, in exec_module
  File "<frozen importlib._bootstrap>", line 228, in _call_with_frames_removed
  File "/home/kai/Documents/airflowalura/dags/my_first_dag.py", line 6, in <module>
    with DAG(
TypeError: __init__() got an unexpected keyword argument 'descripton'
[2024-08-12 22:18:54,346] {processor.py:653} WARNING - No viable dags retrieved from /home/kai/Documents/airflowalura/dags/my_first_dag.py
[2024-08-12 22:18:54,363] {processor.py:161} INFO - Processing /home/kai/Documents/airflowalura/dags/my_first_dag.py took 0.029 seconds
[2024-08-12 22:19:25,904] {processor.py:153} INFO - Started process (PID=36506) to work on /home/kai/Documents/airflowalura/dags/my_first_dag.py
[2024-08-12 22:19:25,905] {processor.py:641} INFO - Processing file /home/kai/Documents/airflowalura/dags/my_first_dag.py for tasks to queue
[2024-08-12 22:19:25,905] {logging_mixin.py:115} INFO - [2024-08-12 22:19:25,905] {dagbag.py:507} INFO - Filling up the DagBag from /home/kai/Documents/airflowalura/dags/my_first_dag.py
[2024-08-12 22:19:25,910] {logging_mixin.py:115} INFO - [2024-08-12 22:19:25,909] {dagbag.py:320} ERROR - Failed to import: /home/kai/Documents/airflowalura/dags/my_first_dag.py
Traceback (most recent call last):
  File "/home/kai/Documents/airflowalura/venv/lib/python3.9/site-packages/airflow/models/dagbag.py", line 317, in parse
    loader.exec_module(new_module)
  File "<frozen importlib._bootstrap_external>", line 850, in exec_module
  File "<frozen importlib._bootstrap>", line 228, in _call_with_frames_removed
  File "/home/kai/Documents/airflowalura/dags/my_first_dag.py", line 6, in <module>
    with DAG(
TypeError: __init__() got an unexpected keyword argument 'descripton'
[2024-08-12 22:19:25,910] {processor.py:653} WARNING - No viable dags retrieved from /home/kai/Documents/airflowalura/dags/my_first_dag.py
[2024-08-12 22:19:25,926] {processor.py:161} INFO - Processing /home/kai/Documents/airflowalura/dags/my_first_dag.py took 0.027 seconds
[2024-08-12 22:19:56,701] {processor.py:153} INFO - Started process (PID=36696) to work on /home/kai/Documents/airflowalura/dags/my_first_dag.py
[2024-08-12 22:19:56,701] {processor.py:641} INFO - Processing file /home/kai/Documents/airflowalura/dags/my_first_dag.py for tasks to queue
[2024-08-12 22:19:56,702] {logging_mixin.py:115} INFO - [2024-08-12 22:19:56,702] {dagbag.py:507} INFO - Filling up the DagBag from /home/kai/Documents/airflowalura/dags/my_first_dag.py
[2024-08-12 22:19:56,705] {logging_mixin.py:115} INFO - [2024-08-12 22:19:56,705] {dagbag.py:320} ERROR - Failed to import: /home/kai/Documents/airflowalura/dags/my_first_dag.py
Traceback (most recent call last):
  File "/home/kai/Documents/airflowalura/venv/lib/python3.9/site-packages/airflow/models/dagbag.py", line 317, in parse
    loader.exec_module(new_module)
  File "<frozen importlib._bootstrap_external>", line 850, in exec_module
  File "<frozen importlib._bootstrap>", line 228, in _call_with_frames_removed
  File "/home/kai/Documents/airflowalura/dags/my_first_dag.py", line 6, in <module>
    with DAG(
TypeError: __init__() got an unexpected keyword argument 'descripton'
[2024-08-12 22:19:56,706] {processor.py:653} WARNING - No viable dags retrieved from /home/kai/Documents/airflowalura/dags/my_first_dag.py
[2024-08-12 22:19:56,719] {processor.py:161} INFO - Processing /home/kai/Documents/airflowalura/dags/my_first_dag.py took 0.021 seconds
[2024-08-12 22:20:27,513] {processor.py:153} INFO - Started process (PID=36903) to work on /home/kai/Documents/airflowalura/dags/my_first_dag.py
[2024-08-12 22:20:27,514] {processor.py:641} INFO - Processing file /home/kai/Documents/airflowalura/dags/my_first_dag.py for tasks to queue
[2024-08-12 22:20:27,515] {logging_mixin.py:115} INFO - [2024-08-12 22:20:27,515] {dagbag.py:507} INFO - Filling up the DagBag from /home/kai/Documents/airflowalura/dags/my_first_dag.py
[2024-08-12 22:20:27,520] {logging_mixin.py:115} INFO - [2024-08-12 22:20:27,519] {dagbag.py:320} ERROR - Failed to import: /home/kai/Documents/airflowalura/dags/my_first_dag.py
Traceback (most recent call last):
  File "/home/kai/Documents/airflowalura/venv/lib/python3.9/site-packages/airflow/models/dagbag.py", line 317, in parse
    loader.exec_module(new_module)
  File "<frozen importlib._bootstrap_external>", line 850, in exec_module
  File "<frozen importlib._bootstrap>", line 228, in _call_with_frames_removed
  File "/home/kai/Documents/airflowalura/dags/my_first_dag.py", line 6, in <module>
    with DAG(
TypeError: __init__() got an unexpected keyword argument 'descripton'
[2024-08-12 22:20:27,521] {processor.py:653} WARNING - No viable dags retrieved from /home/kai/Documents/airflowalura/dags/my_first_dag.py
[2024-08-12 22:20:27,543] {processor.py:161} INFO - Processing /home/kai/Documents/airflowalura/dags/my_first_dag.py took 0.032 seconds
[2024-08-12 22:20:58,346] {processor.py:153} INFO - Started process (PID=37094) to work on /home/kai/Documents/airflowalura/dags/my_first_dag.py
[2024-08-12 22:20:58,347] {processor.py:641} INFO - Processing file /home/kai/Documents/airflowalura/dags/my_first_dag.py for tasks to queue
[2024-08-12 22:20:58,348] {logging_mixin.py:115} INFO - [2024-08-12 22:20:58,348] {dagbag.py:507} INFO - Filling up the DagBag from /home/kai/Documents/airflowalura/dags/my_first_dag.py
[2024-08-12 22:20:58,352] {logging_mixin.py:115} INFO - [2024-08-12 22:20:58,352] {dagbag.py:320} ERROR - Failed to import: /home/kai/Documents/airflowalura/dags/my_first_dag.py
Traceback (most recent call last):
  File "/home/kai/Documents/airflowalura/venv/lib/python3.9/site-packages/airflow/models/dagbag.py", line 317, in parse
    loader.exec_module(new_module)
  File "<frozen importlib._bootstrap_external>", line 850, in exec_module
  File "<frozen importlib._bootstrap>", line 228, in _call_with_frames_removed
  File "/home/kai/Documents/airflowalura/dags/my_first_dag.py", line 6, in <module>
    with DAG(
TypeError: __init__() got an unexpected keyword argument 'descripton'
[2024-08-12 22:20:58,353] {processor.py:653} WARNING - No viable dags retrieved from /home/kai/Documents/airflowalura/dags/my_first_dag.py
[2024-08-12 22:20:58,369] {processor.py:161} INFO - Processing /home/kai/Documents/airflowalura/dags/my_first_dag.py took 0.026 seconds
[2024-08-12 22:21:31,654] {processor.py:153} INFO - Started process (PID=37428) to work on /home/kai/Documents/airflowalura/dags/my_first_dag.py
[2024-08-12 22:21:31,655] {processor.py:641} INFO - Processing file /home/kai/Documents/airflowalura/dags/my_first_dag.py for tasks to queue
[2024-08-12 22:21:31,655] {logging_mixin.py:115} INFO - [2024-08-12 22:21:31,655] {dagbag.py:507} INFO - Filling up the DagBag from /home/kai/Documents/airflowalura/dags/my_first_dag.py
[2024-08-12 22:21:31,659] {logging_mixin.py:115} INFO - [2024-08-12 22:21:31,659] {dagbag.py:320} ERROR - Failed to import: /home/kai/Documents/airflowalura/dags/my_first_dag.py
Traceback (most recent call last):
  File "/home/kai/Documents/airflowalura/venv/lib/python3.9/site-packages/airflow/models/dagbag.py", line 317, in parse
    loader.exec_module(new_module)
  File "<frozen importlib._bootstrap_external>", line 850, in exec_module
  File "<frozen importlib._bootstrap>", line 228, in _call_with_frames_removed
  File "/home/kai/Documents/airflowalura/dags/my_first_dag.py", line 6, in <module>
    with DAG(
TypeError: __init__() got an unexpected keyword argument 'descripton'
[2024-08-12 22:21:31,659] {processor.py:653} WARNING - No viable dags retrieved from /home/kai/Documents/airflowalura/dags/my_first_dag.py
[2024-08-12 22:21:31,676] {processor.py:161} INFO - Processing /home/kai/Documents/airflowalura/dags/my_first_dag.py took 0.025 seconds
[2024-08-12 22:24:24,583] {processor.py:153} INFO - Started process (PID=38941) to work on /home/kai/Documents/airflowalura/dags/my_first_dag.py
[2024-08-12 22:24:24,585] {processor.py:641} INFO - Processing file /home/kai/Documents/airflowalura/dags/my_first_dag.py for tasks to queue
[2024-08-12 22:24:24,585] {logging_mixin.py:115} INFO - [2024-08-12 22:24:24,585] {dagbag.py:507} INFO - Filling up the DagBag from /home/kai/Documents/airflowalura/dags/my_first_dag.py
[2024-08-12 22:24:24,590] {logging_mixin.py:115} INFO - [2024-08-12 22:24:24,589] {dagbag.py:320} ERROR - Failed to import: /home/kai/Documents/airflowalura/dags/my_first_dag.py
Traceback (most recent call last):
  File "/home/kai/Documents/airflowalura/venv/lib/python3.9/site-packages/airflow/models/dagbag.py", line 317, in parse
    loader.exec_module(new_module)
  File "<frozen importlib._bootstrap_external>", line 850, in exec_module
  File "<frozen importlib._bootstrap>", line 228, in _call_with_frames_removed
  File "/home/kai/Documents/airflowalura/dags/my_first_dag.py", line 6, in <module>
    with DAG(
TypeError: __init__() got an unexpected keyword argument 'descripton'
[2024-08-12 22:24:24,592] {processor.py:653} WARNING - No viable dags retrieved from /home/kai/Documents/airflowalura/dags/my_first_dag.py
[2024-08-12 22:24:24,612] {processor.py:161} INFO - Processing /home/kai/Documents/airflowalura/dags/my_first_dag.py took 0.032 seconds
[2024-08-12 22:25:00,459] {processor.py:153} INFO - Started process (PID=39312) to work on /home/kai/Documents/airflowalura/dags/my_first_dag.py
[2024-08-12 22:25:00,460] {processor.py:641} INFO - Processing file /home/kai/Documents/airflowalura/dags/my_first_dag.py for tasks to queue
[2024-08-12 22:25:00,460] {logging_mixin.py:115} INFO - [2024-08-12 22:25:00,460] {dagbag.py:507} INFO - Filling up the DagBag from /home/kai/Documents/airflowalura/dags/my_first_dag.py
[2024-08-12 22:25:00,465] {logging_mixin.py:115} INFO - [2024-08-12 22:25:00,464] {dagbag.py:320} ERROR - Failed to import: /home/kai/Documents/airflowalura/dags/my_first_dag.py
Traceback (most recent call last):
  File "/home/kai/Documents/airflowalura/venv/lib/python3.9/site-packages/airflow/models/dagbag.py", line 317, in parse
    loader.exec_module(new_module)
  File "<frozen importlib._bootstrap_external>", line 850, in exec_module
  File "<frozen importlib._bootstrap>", line 228, in _call_with_frames_removed
  File "/home/kai/Documents/airflowalura/dags/my_first_dag.py", line 6, in <module>
    with DAG(
TypeError: __init__() got an unexpected keyword argument 'descripton'
[2024-08-12 22:25:00,465] {processor.py:653} WARNING - No viable dags retrieved from /home/kai/Documents/airflowalura/dags/my_first_dag.py
[2024-08-12 22:25:00,506] {processor.py:161} INFO - Processing /home/kai/Documents/airflowalura/dags/my_first_dag.py took 0.050 seconds
[2024-08-12 22:25:35,363] {processor.py:153} INFO - Started process (PID=39617) to work on /home/kai/Documents/airflowalura/dags/my_first_dag.py
[2024-08-12 22:25:35,364] {processor.py:641} INFO - Processing file /home/kai/Documents/airflowalura/dags/my_first_dag.py for tasks to queue
[2024-08-12 22:25:35,365] {logging_mixin.py:115} INFO - [2024-08-12 22:25:35,364] {dagbag.py:507} INFO - Filling up the DagBag from /home/kai/Documents/airflowalura/dags/my_first_dag.py
[2024-08-12 22:25:35,373] {logging_mixin.py:115} INFO - [2024-08-12 22:25:35,370] {dagbag.py:320} ERROR - Failed to import: /home/kai/Documents/airflowalura/dags/my_first_dag.py
Traceback (most recent call last):
  File "/home/kai/Documents/airflowalura/venv/lib/python3.9/site-packages/airflow/models/dagbag.py", line 317, in parse
    loader.exec_module(new_module)
  File "<frozen importlib._bootstrap_external>", line 850, in exec_module
  File "<frozen importlib._bootstrap>", line 228, in _call_with_frames_removed
  File "/home/kai/Documents/airflowalura/dags/my_first_dag.py", line 6, in <module>
    with DAG(
TypeError: __init__() got an unexpected keyword argument 'descripton'
[2024-08-12 22:25:35,374] {processor.py:653} WARNING - No viable dags retrieved from /home/kai/Documents/airflowalura/dags/my_first_dag.py
[2024-08-12 22:25:35,401] {processor.py:161} INFO - Processing /home/kai/Documents/airflowalura/dags/my_first_dag.py took 0.042 seconds
[2024-08-12 22:26:10,451] {processor.py:153} INFO - Started process (PID=39932) to work on /home/kai/Documents/airflowalura/dags/my_first_dag.py
[2024-08-12 22:26:10,464] {processor.py:641} INFO - Processing file /home/kai/Documents/airflowalura/dags/my_first_dag.py for tasks to queue
[2024-08-12 22:26:10,466] {logging_mixin.py:115} INFO - [2024-08-12 22:26:10,465] {dagbag.py:507} INFO - Filling up the DagBag from /home/kai/Documents/airflowalura/dags/my_first_dag.py
[2024-08-12 22:26:10,470] {logging_mixin.py:115} INFO - [2024-08-12 22:26:10,469] {dagbag.py:320} ERROR - Failed to import: /home/kai/Documents/airflowalura/dags/my_first_dag.py
Traceback (most recent call last):
  File "/home/kai/Documents/airflowalura/venv/lib/python3.9/site-packages/airflow/models/dagbag.py", line 317, in parse
    loader.exec_module(new_module)
  File "<frozen importlib._bootstrap_external>", line 850, in exec_module
  File "<frozen importlib._bootstrap>", line 228, in _call_with_frames_removed
  File "/home/kai/Documents/airflowalura/dags/my_first_dag.py", line 6, in <module>
    with DAG(
TypeError: __init__() got an unexpected keyword argument 'descripton'
[2024-08-12 22:26:10,470] {processor.py:653} WARNING - No viable dags retrieved from /home/kai/Documents/airflowalura/dags/my_first_dag.py
[2024-08-12 22:26:10,503] {processor.py:161} INFO - Processing /home/kai/Documents/airflowalura/dags/my_first_dag.py took 0.055 seconds
[2024-08-12 22:26:45,759] {processor.py:153} INFO - Started process (PID=40489) to work on /home/kai/Documents/airflowalura/dags/my_first_dag.py
[2024-08-12 22:26:45,761] {processor.py:641} INFO - Processing file /home/kai/Documents/airflowalura/dags/my_first_dag.py for tasks to queue
[2024-08-12 22:26:45,761] {logging_mixin.py:115} INFO - [2024-08-12 22:26:45,761] {dagbag.py:507} INFO - Filling up the DagBag from /home/kai/Documents/airflowalura/dags/my_first_dag.py
[2024-08-12 22:26:45,766] {logging_mixin.py:115} INFO - [2024-08-12 22:26:45,766] {dagbag.py:320} ERROR - Failed to import: /home/kai/Documents/airflowalura/dags/my_first_dag.py
Traceback (most recent call last):
  File "/home/kai/Documents/airflowalura/venv/lib/python3.9/site-packages/airflow/models/dagbag.py", line 317, in parse
    loader.exec_module(new_module)
  File "<frozen importlib._bootstrap_external>", line 850, in exec_module
  File "<frozen importlib._bootstrap>", line 228, in _call_with_frames_removed
  File "/home/kai/Documents/airflowalura/dags/my_first_dag.py", line 6, in <module>
    with DAG(
TypeError: __init__() got an unexpected keyword argument 'descripton'
[2024-08-12 22:26:45,767] {processor.py:653} WARNING - No viable dags retrieved from /home/kai/Documents/airflowalura/dags/my_first_dag.py
[2024-08-12 22:26:45,785] {processor.py:161} INFO - Processing /home/kai/Documents/airflowalura/dags/my_first_dag.py took 0.029 seconds
[2024-08-12 22:27:20,669] {processor.py:153} INFO - Started process (PID=40774) to work on /home/kai/Documents/airflowalura/dags/my_first_dag.py
[2024-08-12 22:27:20,672] {processor.py:641} INFO - Processing file /home/kai/Documents/airflowalura/dags/my_first_dag.py for tasks to queue
[2024-08-12 22:27:20,672] {logging_mixin.py:115} INFO - [2024-08-12 22:27:20,672] {dagbag.py:507} INFO - Filling up the DagBag from /home/kai/Documents/airflowalura/dags/my_first_dag.py
[2024-08-12 22:27:20,676] {logging_mixin.py:115} INFO - [2024-08-12 22:27:20,676] {dagbag.py:320} ERROR - Failed to import: /home/kai/Documents/airflowalura/dags/my_first_dag.py
Traceback (most recent call last):
  File "/home/kai/Documents/airflowalura/venv/lib/python3.9/site-packages/airflow/models/dagbag.py", line 317, in parse
    loader.exec_module(new_module)
  File "<frozen importlib._bootstrap_external>", line 850, in exec_module
  File "<frozen importlib._bootstrap>", line 228, in _call_with_frames_removed
  File "/home/kai/Documents/airflowalura/dags/my_first_dag.py", line 6, in <module>
    with DAG(
TypeError: __init__() got an unexpected keyword argument 'descripton'
[2024-08-12 22:27:20,678] {processor.py:653} WARNING - No viable dags retrieved from /home/kai/Documents/airflowalura/dags/my_first_dag.py
[2024-08-12 22:27:20,707] {processor.py:161} INFO - Processing /home/kai/Documents/airflowalura/dags/my_first_dag.py took 0.041 seconds
[2024-08-12 22:27:59,608] {processor.py:153} INFO - Started process (PID=41126) to work on /home/kai/Documents/airflowalura/dags/my_first_dag.py
[2024-08-12 22:27:59,612] {processor.py:641} INFO - Processing file /home/kai/Documents/airflowalura/dags/my_first_dag.py for tasks to queue
[2024-08-12 22:27:59,613] {logging_mixin.py:115} INFO - [2024-08-12 22:27:59,613] {dagbag.py:507} INFO - Filling up the DagBag from /home/kai/Documents/airflowalura/dags/my_first_dag.py
[2024-08-12 22:27:59,618] {logging_mixin.py:115} INFO - [2024-08-12 22:27:59,617] {dagbag.py:320} ERROR - Failed to import: /home/kai/Documents/airflowalura/dags/my_first_dag.py
Traceback (most recent call last):
  File "/home/kai/Documents/airflowalura/venv/lib/python3.9/site-packages/airflow/models/dagbag.py", line 317, in parse
    loader.exec_module(new_module)
  File "<frozen importlib._bootstrap_external>", line 850, in exec_module
  File "<frozen importlib._bootstrap>", line 228, in _call_with_frames_removed
  File "/home/kai/Documents/airflowalura/dags/my_first_dag.py", line 6, in <module>
    with DAG(
TypeError: __init__() got an unexpected keyword argument 'descripton'
[2024-08-12 22:27:59,618] {processor.py:653} WARNING - No viable dags retrieved from /home/kai/Documents/airflowalura/dags/my_first_dag.py
[2024-08-12 22:27:59,654] {processor.py:161} INFO - Processing /home/kai/Documents/airflowalura/dags/my_first_dag.py took 0.049 seconds
[2024-08-12 22:28:22,581] {processor.py:153} INFO - Started process (PID=41443) to work on /home/kai/Documents/airflowalura/dags/my_first_dag.py
[2024-08-12 22:28:22,581] {processor.py:641} INFO - Processing file /home/kai/Documents/airflowalura/dags/my_first_dag.py for tasks to queue
[2024-08-12 22:28:22,582] {logging_mixin.py:115} INFO - [2024-08-12 22:28:22,582] {dagbag.py:507} INFO - Filling up the DagBag from /home/kai/Documents/airflowalura/dags/my_first_dag.py
[2024-08-12 22:28:22,594] {logging_mixin.py:115} INFO - [2024-08-12 22:28:22,593] {dagbag.py:320} ERROR - Failed to import: /home/kai/Documents/airflowalura/dags/my_first_dag.py
Traceback (most recent call last):
  File "/home/kai/Documents/airflowalura/venv/lib/python3.9/site-packages/airflow/models/dagbag.py", line 317, in parse
    loader.exec_module(new_module)
  File "<frozen importlib._bootstrap_external>", line 850, in exec_module
  File "<frozen importlib._bootstrap>", line 228, in _call_with_frames_removed
  File "/home/kai/Documents/airflowalura/dags/my_first_dag.py", line 6, in <module>
    with DAG(
TypeError: __init__() got an unexpected keyword argument 'descripton'
[2024-08-12 22:28:22,594] {processor.py:653} WARNING - No viable dags retrieved from /home/kai/Documents/airflowalura/dags/my_first_dag.py
[2024-08-12 22:28:22,629] {processor.py:161} INFO - Processing /home/kai/Documents/airflowalura/dags/my_first_dag.py took 0.060 seconds
[2024-08-12 22:28:59,751] {processor.py:153} INFO - Started process (PID=41852) to work on /home/kai/Documents/airflowalura/dags/my_first_dag.py
[2024-08-12 22:28:59,755] {processor.py:641} INFO - Processing file /home/kai/Documents/airflowalura/dags/my_first_dag.py for tasks to queue
[2024-08-12 22:28:59,756] {logging_mixin.py:115} INFO - [2024-08-12 22:28:59,756] {dagbag.py:507} INFO - Filling up the DagBag from /home/kai/Documents/airflowalura/dags/my_first_dag.py
[2024-08-12 22:28:59,761] {logging_mixin.py:115} INFO - [2024-08-12 22:28:59,760] {dagbag.py:320} ERROR - Failed to import: /home/kai/Documents/airflowalura/dags/my_first_dag.py
Traceback (most recent call last):
  File "/home/kai/Documents/airflowalura/venv/lib/python3.9/site-packages/airflow/models/dagbag.py", line 317, in parse
    loader.exec_module(new_module)
  File "<frozen importlib._bootstrap_external>", line 850, in exec_module
  File "<frozen importlib._bootstrap>", line 228, in _call_with_frames_removed
  File "/home/kai/Documents/airflowalura/dags/my_first_dag.py", line 6, in <module>
    with DAG(
TypeError: __init__() got an unexpected keyword argument 'descripton'
[2024-08-12 22:28:59,761] {processor.py:653} WARNING - No viable dags retrieved from /home/kai/Documents/airflowalura/dags/my_first_dag.py
[2024-08-12 22:28:59,788] {processor.py:161} INFO - Processing /home/kai/Documents/airflowalura/dags/my_first_dag.py took 0.041 seconds
[2024-08-12 22:35:14,877] {processor.py:153} INFO - Started process (PID=3088) to work on /home/kai/Documents/airflowalura/dags/my_first_dag.py
[2024-08-12 22:35:14,878] {processor.py:641} INFO - Processing file /home/kai/Documents/airflowalura/dags/my_first_dag.py for tasks to queue
[2024-08-12 22:35:14,879] {logging_mixin.py:115} INFO - [2024-08-12 22:35:14,879] {dagbag.py:507} INFO - Filling up the DagBag from /home/kai/Documents/airflowalura/dags/my_first_dag.py
[2024-08-12 22:35:14,887] {logging_mixin.py:115} INFO - [2024-08-12 22:35:14,885] {dagbag.py:320} ERROR - Failed to import: /home/kai/Documents/airflowalura/dags/my_first_dag.py
Traceback (most recent call last):
  File "/home/kai/Documents/airflowalura/venv/lib/python3.9/site-packages/airflow/models/dagbag.py", line 317, in parse
    loader.exec_module(new_module)
  File "<frozen importlib._bootstrap_external>", line 850, in exec_module
  File "<frozen importlib._bootstrap>", line 228, in _call_with_frames_removed
  File "/home/kai/Documents/airflowalura/dags/my_first_dag.py", line 6, in <module>
    with DAG(
TypeError: __init__() got an unexpected keyword argument 'descripton'
[2024-08-12 22:35:14,891] {processor.py:653} WARNING - No viable dags retrieved from /home/kai/Documents/airflowalura/dags/my_first_dag.py
[2024-08-12 22:35:14,914] {processor.py:161} INFO - Processing /home/kai/Documents/airflowalura/dags/my_first_dag.py took 0.042 seconds
[2024-08-12 22:35:48,831] {processor.py:153} INFO - Started process (PID=3751) to work on /home/kai/Documents/airflowalura/dags/my_first_dag.py
[2024-08-12 22:35:48,831] {processor.py:641} INFO - Processing file /home/kai/Documents/airflowalura/dags/my_first_dag.py for tasks to queue
[2024-08-12 22:35:48,832] {logging_mixin.py:115} INFO - [2024-08-12 22:35:48,832] {dagbag.py:507} INFO - Filling up the DagBag from /home/kai/Documents/airflowalura/dags/my_first_dag.py
[2024-08-12 22:35:48,835] {logging_mixin.py:115} INFO - [2024-08-12 22:35:48,835] {dagbag.py:320} ERROR - Failed to import: /home/kai/Documents/airflowalura/dags/my_first_dag.py
Traceback (most recent call last):
  File "/home/kai/Documents/airflowalura/venv/lib/python3.9/site-packages/airflow/models/dagbag.py", line 317, in parse
    loader.exec_module(new_module)
  File "<frozen importlib._bootstrap_external>", line 850, in exec_module
  File "<frozen importlib._bootstrap>", line 228, in _call_with_frames_removed
  File "/home/kai/Documents/airflowalura/dags/my_first_dag.py", line 6, in <module>
    with DAG(
TypeError: __init__() got an unexpected keyword argument 'descripton'
[2024-08-12 22:35:48,836] {processor.py:653} WARNING - No viable dags retrieved from /home/kai/Documents/airflowalura/dags/my_first_dag.py
[2024-08-12 22:35:48,849] {processor.py:161} INFO - Processing /home/kai/Documents/airflowalura/dags/my_first_dag.py took 0.021 seconds
[2024-08-12 22:36:20,729] {processor.py:153} INFO - Started process (PID=3970) to work on /home/kai/Documents/airflowalura/dags/my_first_dag.py
[2024-08-12 22:36:20,729] {processor.py:641} INFO - Processing file /home/kai/Documents/airflowalura/dags/my_first_dag.py for tasks to queue
[2024-08-12 22:36:20,730] {logging_mixin.py:115} INFO - [2024-08-12 22:36:20,730] {dagbag.py:507} INFO - Filling up the DagBag from /home/kai/Documents/airflowalura/dags/my_first_dag.py
[2024-08-12 22:36:20,734] {logging_mixin.py:115} INFO - [2024-08-12 22:36:20,734] {dagbag.py:320} ERROR - Failed to import: /home/kai/Documents/airflowalura/dags/my_first_dag.py
Traceback (most recent call last):
  File "/home/kai/Documents/airflowalura/venv/lib/python3.9/site-packages/airflow/models/dagbag.py", line 317, in parse
    loader.exec_module(new_module)
  File "<frozen importlib._bootstrap_external>", line 850, in exec_module
  File "<frozen importlib._bootstrap>", line 228, in _call_with_frames_removed
  File "/home/kai/Documents/airflowalura/dags/my_first_dag.py", line 6, in <module>
    with DAG(
TypeError: __init__() got an unexpected keyword argument 'descripton'
[2024-08-12 22:36:20,734] {processor.py:653} WARNING - No viable dags retrieved from /home/kai/Documents/airflowalura/dags/my_first_dag.py
[2024-08-12 22:36:20,751] {processor.py:161} INFO - Processing /home/kai/Documents/airflowalura/dags/my_first_dag.py took 0.024 seconds
[2024-08-12 22:36:51,513] {processor.py:153} INFO - Started process (PID=4140) to work on /home/kai/Documents/airflowalura/dags/my_first_dag.py
[2024-08-12 22:36:51,514] {processor.py:641} INFO - Processing file /home/kai/Documents/airflowalura/dags/my_first_dag.py for tasks to queue
[2024-08-12 22:36:51,514] {logging_mixin.py:115} INFO - [2024-08-12 22:36:51,514] {dagbag.py:507} INFO - Filling up the DagBag from /home/kai/Documents/airflowalura/dags/my_first_dag.py
[2024-08-12 22:36:51,520] {logging_mixin.py:115} INFO - [2024-08-12 22:36:51,519] {dagbag.py:320} ERROR - Failed to import: /home/kai/Documents/airflowalura/dags/my_first_dag.py
Traceback (most recent call last):
  File "/home/kai/Documents/airflowalura/venv/lib/python3.9/site-packages/airflow/models/dagbag.py", line 317, in parse
    loader.exec_module(new_module)
  File "<frozen importlib._bootstrap_external>", line 850, in exec_module
  File "<frozen importlib._bootstrap>", line 228, in _call_with_frames_removed
  File "/home/kai/Documents/airflowalura/dags/my_first_dag.py", line 6, in <module>
    with DAG(
TypeError: __init__() got an unexpected keyword argument 'descripton'
[2024-08-12 22:36:51,520] {processor.py:653} WARNING - No viable dags retrieved from /home/kai/Documents/airflowalura/dags/my_first_dag.py
[2024-08-12 22:36:51,537] {processor.py:161} INFO - Processing /home/kai/Documents/airflowalura/dags/my_first_dag.py took 0.028 seconds
[2024-08-12 22:37:22,332] {processor.py:153} INFO - Started process (PID=4440) to work on /home/kai/Documents/airflowalura/dags/my_first_dag.py
[2024-08-12 22:37:22,333] {processor.py:641} INFO - Processing file /home/kai/Documents/airflowalura/dags/my_first_dag.py for tasks to queue
[2024-08-12 22:37:22,333] {logging_mixin.py:115} INFO - [2024-08-12 22:37:22,333] {dagbag.py:507} INFO - Filling up the DagBag from /home/kai/Documents/airflowalura/dags/my_first_dag.py
[2024-08-12 22:37:22,337] {logging_mixin.py:115} INFO - [2024-08-12 22:37:22,336] {dagbag.py:320} ERROR - Failed to import: /home/kai/Documents/airflowalura/dags/my_first_dag.py
Traceback (most recent call last):
  File "/home/kai/Documents/airflowalura/venv/lib/python3.9/site-packages/airflow/models/dagbag.py", line 317, in parse
    loader.exec_module(new_module)
  File "<frozen importlib._bootstrap_external>", line 850, in exec_module
  File "<frozen importlib._bootstrap>", line 228, in _call_with_frames_removed
  File "/home/kai/Documents/airflowalura/dags/my_first_dag.py", line 6, in <module>
    with DAG(
TypeError: __init__() got an unexpected keyword argument 'descripton'
[2024-08-12 22:37:22,337] {processor.py:653} WARNING - No viable dags retrieved from /home/kai/Documents/airflowalura/dags/my_first_dag.py
[2024-08-12 22:37:22,350] {processor.py:161} INFO - Processing /home/kai/Documents/airflowalura/dags/my_first_dag.py took 0.020 seconds
[2024-08-12 22:37:53,057] {processor.py:153} INFO - Started process (PID=4755) to work on /home/kai/Documents/airflowalura/dags/my_first_dag.py
[2024-08-12 22:37:53,058] {processor.py:641} INFO - Processing file /home/kai/Documents/airflowalura/dags/my_first_dag.py for tasks to queue
[2024-08-12 22:37:53,058] {logging_mixin.py:115} INFO - [2024-08-12 22:37:53,058] {dagbag.py:507} INFO - Filling up the DagBag from /home/kai/Documents/airflowalura/dags/my_first_dag.py
[2024-08-12 22:37:53,064] {logging_mixin.py:115} INFO - [2024-08-12 22:37:53,063] {dagbag.py:320} ERROR - Failed to import: /home/kai/Documents/airflowalura/dags/my_first_dag.py
Traceback (most recent call last):
  File "/home/kai/Documents/airflowalura/venv/lib/python3.9/site-packages/airflow/models/dagbag.py", line 317, in parse
    loader.exec_module(new_module)
  File "<frozen importlib._bootstrap_external>", line 850, in exec_module
  File "<frozen importlib._bootstrap>", line 228, in _call_with_frames_removed
  File "/home/kai/Documents/airflowalura/dags/my_first_dag.py", line 6, in <module>
    with DAG(
TypeError: __init__() got an unexpected keyword argument 'descripton'
[2024-08-12 22:37:53,064] {processor.py:653} WARNING - No viable dags retrieved from /home/kai/Documents/airflowalura/dags/my_first_dag.py
[2024-08-12 22:37:53,081] {processor.py:161} INFO - Processing /home/kai/Documents/airflowalura/dags/my_first_dag.py took 0.026 seconds
[2024-08-12 22:38:25,723] {processor.py:153} INFO - Started process (PID=5041) to work on /home/kai/Documents/airflowalura/dags/my_first_dag.py
[2024-08-12 22:38:25,724] {processor.py:641} INFO - Processing file /home/kai/Documents/airflowalura/dags/my_first_dag.py for tasks to queue
[2024-08-12 22:38:25,725] {logging_mixin.py:115} INFO - [2024-08-12 22:38:25,725] {dagbag.py:507} INFO - Filling up the DagBag from /home/kai/Documents/airflowalura/dags/my_first_dag.py
[2024-08-12 22:38:25,736] {logging_mixin.py:115} INFO - [2024-08-12 22:38:25,734] {dagbag.py:320} ERROR - Failed to import: /home/kai/Documents/airflowalura/dags/my_first_dag.py
Traceback (most recent call last):
  File "/home/kai/Documents/airflowalura/venv/lib/python3.9/site-packages/airflow/models/dagbag.py", line 317, in parse
    loader.exec_module(new_module)
  File "<frozen importlib._bootstrap_external>", line 850, in exec_module
  File "<frozen importlib._bootstrap>", line 228, in _call_with_frames_removed
  File "/home/kai/Documents/airflowalura/dags/my_first_dag.py", line 6, in <module>
    with DAG(
TypeError: __init__() got an unexpected keyword argument 'descripton'
[2024-08-12 22:38:25,736] {processor.py:653} WARNING - No viable dags retrieved from /home/kai/Documents/airflowalura/dags/my_first_dag.py
[2024-08-12 22:38:25,756] {processor.py:161} INFO - Processing /home/kai/Documents/airflowalura/dags/my_first_dag.py took 0.037 seconds
[2024-08-12 22:38:57,641] {processor.py:153} INFO - Started process (PID=5283) to work on /home/kai/Documents/airflowalura/dags/my_first_dag.py
[2024-08-12 22:38:57,642] {processor.py:641} INFO - Processing file /home/kai/Documents/airflowalura/dags/my_first_dag.py for tasks to queue
[2024-08-12 22:38:57,643] {logging_mixin.py:115} INFO - [2024-08-12 22:38:57,643] {dagbag.py:507} INFO - Filling up the DagBag from /home/kai/Documents/airflowalura/dags/my_first_dag.py
[2024-08-12 22:38:57,648] {logging_mixin.py:115} INFO - [2024-08-12 22:38:57,648] {dagbag.py:320} ERROR - Failed to import: /home/kai/Documents/airflowalura/dags/my_first_dag.py
Traceback (most recent call last):
  File "/home/kai/Documents/airflowalura/venv/lib/python3.9/site-packages/airflow/models/dagbag.py", line 317, in parse
    loader.exec_module(new_module)
  File "<frozen importlib._bootstrap_external>", line 850, in exec_module
  File "<frozen importlib._bootstrap>", line 228, in _call_with_frames_removed
  File "/home/kai/Documents/airflowalura/dags/my_first_dag.py", line 6, in <module>
    with DAG(
TypeError: __init__() got an unexpected keyword argument 'descripton'
[2024-08-12 22:38:57,649] {processor.py:653} WARNING - No viable dags retrieved from /home/kai/Documents/airflowalura/dags/my_first_dag.py
[2024-08-12 22:38:57,667] {processor.py:161} INFO - Processing /home/kai/Documents/airflowalura/dags/my_first_dag.py took 0.028 seconds
[2024-08-12 22:39:30,288] {processor.py:153} INFO - Started process (PID=5624) to work on /home/kai/Documents/airflowalura/dags/my_first_dag.py
[2024-08-12 22:39:30,289] {processor.py:641} INFO - Processing file /home/kai/Documents/airflowalura/dags/my_first_dag.py for tasks to queue
[2024-08-12 22:39:30,290] {logging_mixin.py:115} INFO - [2024-08-12 22:39:30,290] {dagbag.py:507} INFO - Filling up the DagBag from /home/kai/Documents/airflowalura/dags/my_first_dag.py
[2024-08-12 22:39:30,295] {logging_mixin.py:115} INFO - [2024-08-12 22:39:30,294] {dagbag.py:320} ERROR - Failed to import: /home/kai/Documents/airflowalura/dags/my_first_dag.py
Traceback (most recent call last):
  File "/home/kai/Documents/airflowalura/venv/lib/python3.9/site-packages/airflow/models/dagbag.py", line 317, in parse
    loader.exec_module(new_module)
  File "<frozen importlib._bootstrap_external>", line 850, in exec_module
  File "<frozen importlib._bootstrap>", line 228, in _call_with_frames_removed
  File "/home/kai/Documents/airflowalura/dags/my_first_dag.py", line 6, in <module>
    with DAG(
TypeError: __init__() got an unexpected keyword argument 'descripton'
[2024-08-12 22:39:30,295] {processor.py:653} WARNING - No viable dags retrieved from /home/kai/Documents/airflowalura/dags/my_first_dag.py
[2024-08-12 22:39:30,310] {processor.py:161} INFO - Processing /home/kai/Documents/airflowalura/dags/my_first_dag.py took 0.024 seconds
[2024-08-12 22:40:03,249] {processor.py:153} INFO - Started process (PID=5872) to work on /home/kai/Documents/airflowalura/dags/my_first_dag.py
[2024-08-12 22:40:03,250] {processor.py:641} INFO - Processing file /home/kai/Documents/airflowalura/dags/my_first_dag.py for tasks to queue
[2024-08-12 22:40:03,250] {logging_mixin.py:115} INFO - [2024-08-12 22:40:03,250] {dagbag.py:507} INFO - Filling up the DagBag from /home/kai/Documents/airflowalura/dags/my_first_dag.py
[2024-08-12 22:40:03,256] {logging_mixin.py:115} INFO - [2024-08-12 22:40:03,255] {dagbag.py:320} ERROR - Failed to import: /home/kai/Documents/airflowalura/dags/my_first_dag.py
Traceback (most recent call last):
  File "/home/kai/Documents/airflowalura/venv/lib/python3.9/site-packages/airflow/models/dagbag.py", line 317, in parse
    loader.exec_module(new_module)
  File "<frozen importlib._bootstrap_external>", line 850, in exec_module
  File "<frozen importlib._bootstrap>", line 228, in _call_with_frames_removed
  File "/home/kai/Documents/airflowalura/dags/my_first_dag.py", line 6, in <module>
    with DAG(
TypeError: __init__() got an unexpected keyword argument 'descripton'
[2024-08-12 22:40:03,257] {processor.py:653} WARNING - No viable dags retrieved from /home/kai/Documents/airflowalura/dags/my_first_dag.py
[2024-08-12 22:40:03,271] {processor.py:161} INFO - Processing /home/kai/Documents/airflowalura/dags/my_first_dag.py took 0.025 seconds
[2024-08-12 22:40:36,314] {processor.py:153} INFO - Started process (PID=6254) to work on /home/kai/Documents/airflowalura/dags/my_first_dag.py
[2024-08-12 22:40:36,314] {processor.py:641} INFO - Processing file /home/kai/Documents/airflowalura/dags/my_first_dag.py for tasks to queue
[2024-08-12 22:40:36,315] {logging_mixin.py:115} INFO - [2024-08-12 22:40:36,314] {dagbag.py:507} INFO - Filling up the DagBag from /home/kai/Documents/airflowalura/dags/my_first_dag.py
[2024-08-12 22:40:36,318] {logging_mixin.py:115} INFO - [2024-08-12 22:40:36,318] {dagbag.py:320} ERROR - Failed to import: /home/kai/Documents/airflowalura/dags/my_first_dag.py
Traceback (most recent call last):
  File "/home/kai/Documents/airflowalura/venv/lib/python3.9/site-packages/airflow/models/dagbag.py", line 317, in parse
    loader.exec_module(new_module)
  File "<frozen importlib._bootstrap_external>", line 850, in exec_module
  File "<frozen importlib._bootstrap>", line 228, in _call_with_frames_removed
  File "/home/kai/Documents/airflowalura/dags/my_first_dag.py", line 6, in <module>
    with DAG(
TypeError: __init__() got an unexpected keyword argument 'descripton'
[2024-08-12 22:40:36,318] {processor.py:653} WARNING - No viable dags retrieved from /home/kai/Documents/airflowalura/dags/my_first_dag.py
[2024-08-12 22:40:36,333] {processor.py:161} INFO - Processing /home/kai/Documents/airflowalura/dags/my_first_dag.py took 0.021 seconds
[2024-08-12 22:41:08,871] {processor.py:153} INFO - Started process (PID=6451) to work on /home/kai/Documents/airflowalura/dags/my_first_dag.py
[2024-08-12 22:41:08,871] {processor.py:641} INFO - Processing file /home/kai/Documents/airflowalura/dags/my_first_dag.py for tasks to queue
[2024-08-12 22:41:08,872] {logging_mixin.py:115} INFO - [2024-08-12 22:41:08,872] {dagbag.py:507} INFO - Filling up the DagBag from /home/kai/Documents/airflowalura/dags/my_first_dag.py
[2024-08-12 22:41:08,884] {processor.py:651} INFO - DAG(s) dict_keys(['my_first_dag']) retrieved from /home/kai/Documents/airflowalura/dags/my_first_dag.py
[2024-08-12 22:41:08,947] {logging_mixin.py:115} INFO - [2024-08-12 22:41:08,947] {manager.py:508} INFO - Created Permission View: can read on DAG:my_first_dag
[2024-08-12 22:41:08,956] {logging_mixin.py:115} INFO - [2024-08-12 22:41:08,956] {manager.py:508} INFO - Created Permission View: can delete on DAG:my_first_dag
[2024-08-12 22:41:08,964] {logging_mixin.py:115} INFO - [2024-08-12 22:41:08,964] {manager.py:508} INFO - Created Permission View: can edit on DAG:my_first_dag
[2024-08-12 22:41:08,964] {logging_mixin.py:115} INFO - [2024-08-12 22:41:08,964] {dag.py:2379} INFO - Sync 1 DAGs
[2024-08-12 22:41:08,973] {logging_mixin.py:115} INFO - [2024-08-12 22:41:08,972] {dag.py:2398} INFO - Creating ORM DAG for my_first_dag
[2024-08-12 22:41:08,983] {logging_mixin.py:115} INFO - [2024-08-12 22:41:08,982] {dag.py:2927} INFO - Setting next_dagrun for my_first_dag to 2024-08-12T00:00:00+00:00, run_after=2024-08-13T00:00:00+00:00
[2024-08-12 22:41:08,993] {processor.py:161} INFO - Processing /home/kai/Documents/airflowalura/dags/my_first_dag.py took 0.127 seconds
[2024-08-12 22:41:42,299] {processor.py:153} INFO - Started process (PID=6905) to work on /home/kai/Documents/airflowalura/dags/my_first_dag.py
[2024-08-12 22:41:42,300] {processor.py:641} INFO - Processing file /home/kai/Documents/airflowalura/dags/my_first_dag.py for tasks to queue
[2024-08-12 22:41:42,301] {logging_mixin.py:115} INFO - [2024-08-12 22:41:42,301] {dagbag.py:507} INFO - Filling up the DagBag from /home/kai/Documents/airflowalura/dags/my_first_dag.py
[2024-08-12 22:41:42,308] {processor.py:651} INFO - DAG(s) dict_keys(['my_first_dag']) retrieved from /home/kai/Documents/airflowalura/dags/my_first_dag.py
[2024-08-12 22:41:42,325] {logging_mixin.py:115} INFO - [2024-08-12 22:41:42,325] {dag.py:2379} INFO - Sync 1 DAGs
[2024-08-12 22:41:42,349] {logging_mixin.py:115} INFO - [2024-08-12 22:41:42,349] {dag.py:2927} INFO - Setting next_dagrun for my_first_dag to 2024-08-13T00:00:00+00:00, run_after=2024-08-14T00:00:00+00:00
[2024-08-12 22:41:42,361] {processor.py:161} INFO - Processing /home/kai/Documents/airflowalura/dags/my_first_dag.py took 0.065 seconds
[2024-08-12 22:42:14,404] {processor.py:153} INFO - Started process (PID=7214) to work on /home/kai/Documents/airflowalura/dags/my_first_dag.py
[2024-08-12 22:42:14,406] {processor.py:641} INFO - Processing file /home/kai/Documents/airflowalura/dags/my_first_dag.py for tasks to queue
[2024-08-12 22:42:14,406] {logging_mixin.py:115} INFO - [2024-08-12 22:42:14,406] {dagbag.py:507} INFO - Filling up the DagBag from /home/kai/Documents/airflowalura/dags/my_first_dag.py
[2024-08-12 22:42:14,417] {processor.py:651} INFO - DAG(s) dict_keys(['my_first_dag']) retrieved from /home/kai/Documents/airflowalura/dags/my_first_dag.py
[2024-08-12 22:42:14,433] {logging_mixin.py:115} INFO - [2024-08-12 22:42:14,433] {dag.py:2379} INFO - Sync 1 DAGs
[2024-08-12 22:42:14,453] {logging_mixin.py:115} INFO - [2024-08-12 22:42:14,453] {dag.py:2927} INFO - Setting next_dagrun for my_first_dag to 2024-08-13T00:00:00+00:00, run_after=2024-08-14T00:00:00+00:00
[2024-08-12 22:42:14,464] {processor.py:161} INFO - Processing /home/kai/Documents/airflowalura/dags/my_first_dag.py took 0.064 seconds
[2024-08-12 22:42:47,202] {processor.py:153} INFO - Started process (PID=7462) to work on /home/kai/Documents/airflowalura/dags/my_first_dag.py
[2024-08-12 22:42:47,204] {processor.py:641} INFO - Processing file /home/kai/Documents/airflowalura/dags/my_first_dag.py for tasks to queue
[2024-08-12 22:42:47,204] {logging_mixin.py:115} INFO - [2024-08-12 22:42:47,204] {dagbag.py:507} INFO - Filling up the DagBag from /home/kai/Documents/airflowalura/dags/my_first_dag.py
[2024-08-12 22:42:47,219] {processor.py:651} INFO - DAG(s) dict_keys(['my_first_dag']) retrieved from /home/kai/Documents/airflowalura/dags/my_first_dag.py
[2024-08-12 22:42:47,243] {logging_mixin.py:115} INFO - [2024-08-12 22:42:47,243] {dag.py:2379} INFO - Sync 1 DAGs
[2024-08-12 22:42:47,270] {logging_mixin.py:115} INFO - [2024-08-12 22:42:47,270] {dag.py:2927} INFO - Setting next_dagrun for my_first_dag to 2024-08-13T00:00:00+00:00, run_after=2024-08-14T00:00:00+00:00
[2024-08-12 22:42:47,282] {processor.py:161} INFO - Processing /home/kai/Documents/airflowalura/dags/my_first_dag.py took 0.083 seconds
[2024-08-12 22:43:18,131] {processor.py:153} INFO - Started process (PID=7652) to work on /home/kai/Documents/airflowalura/dags/my_first_dag.py
[2024-08-12 22:43:18,132] {processor.py:641} INFO - Processing file /home/kai/Documents/airflowalura/dags/my_first_dag.py for tasks to queue
[2024-08-12 22:43:18,134] {logging_mixin.py:115} INFO - [2024-08-12 22:43:18,134] {dagbag.py:507} INFO - Filling up the DagBag from /home/kai/Documents/airflowalura/dags/my_first_dag.py
[2024-08-12 22:43:18,151] {processor.py:651} INFO - DAG(s) dict_keys(['my_first_dag']) retrieved from /home/kai/Documents/airflowalura/dags/my_first_dag.py
[2024-08-12 22:43:18,179] {logging_mixin.py:115} INFO - [2024-08-12 22:43:18,179] {dag.py:2379} INFO - Sync 1 DAGs
[2024-08-12 22:43:18,216] {logging_mixin.py:115} INFO - [2024-08-12 22:43:18,216] {dag.py:2927} INFO - Setting next_dagrun for my_first_dag to 2024-08-13T00:00:00+00:00, run_after=2024-08-14T00:00:00+00:00
[2024-08-12 22:43:18,230] {processor.py:161} INFO - Processing /home/kai/Documents/airflowalura/dags/my_first_dag.py took 0.104 seconds
[2024-08-12 22:43:48,480] {processor.py:153} INFO - Started process (PID=7894) to work on /home/kai/Documents/airflowalura/dags/my_first_dag.py
[2024-08-12 22:43:48,481] {processor.py:641} INFO - Processing file /home/kai/Documents/airflowalura/dags/my_first_dag.py for tasks to queue
[2024-08-12 22:43:48,482] {logging_mixin.py:115} INFO - [2024-08-12 22:43:48,482] {dagbag.py:507} INFO - Filling up the DagBag from /home/kai/Documents/airflowalura/dags/my_first_dag.py
[2024-08-12 22:43:48,489] {processor.py:651} INFO - DAG(s) dict_keys(['my_first_dag']) retrieved from /home/kai/Documents/airflowalura/dags/my_first_dag.py
[2024-08-12 22:43:48,505] {logging_mixin.py:115} INFO - [2024-08-12 22:43:48,504] {dag.py:2379} INFO - Sync 1 DAGs
[2024-08-12 22:43:48,522] {logging_mixin.py:115} INFO - [2024-08-12 22:43:48,522] {dag.py:2927} INFO - Setting next_dagrun for my_first_dag to 2024-08-13T00:00:00+00:00, run_after=2024-08-14T00:00:00+00:00
[2024-08-12 22:43:48,531] {processor.py:161} INFO - Processing /home/kai/Documents/airflowalura/dags/my_first_dag.py took 0.054 seconds
[2024-08-12 22:44:19,295] {processor.py:153} INFO - Started process (PID=8085) to work on /home/kai/Documents/airflowalura/dags/my_first_dag.py
[2024-08-12 22:44:19,296] {processor.py:641} INFO - Processing file /home/kai/Documents/airflowalura/dags/my_first_dag.py for tasks to queue
[2024-08-12 22:44:19,296] {logging_mixin.py:115} INFO - [2024-08-12 22:44:19,296] {dagbag.py:507} INFO - Filling up the DagBag from /home/kai/Documents/airflowalura/dags/my_first_dag.py
[2024-08-12 22:44:19,302] {processor.py:651} INFO - DAG(s) dict_keys(['my_first_dag']) retrieved from /home/kai/Documents/airflowalura/dags/my_first_dag.py
[2024-08-12 22:44:19,315] {logging_mixin.py:115} INFO - [2024-08-12 22:44:19,315] {dag.py:2379} INFO - Sync 1 DAGs
[2024-08-12 22:44:19,332] {logging_mixin.py:115} INFO - [2024-08-12 22:44:19,332] {dag.py:2927} INFO - Setting next_dagrun for my_first_dag to 2024-08-13T00:00:00+00:00, run_after=2024-08-14T00:00:00+00:00
[2024-08-12 22:44:19,341] {processor.py:161} INFO - Processing /home/kai/Documents/airflowalura/dags/my_first_dag.py took 0.049 seconds
[2024-08-12 22:44:52,283] {processor.py:153} INFO - Started process (PID=8279) to work on /home/kai/Documents/airflowalura/dags/my_first_dag.py
[2024-08-12 22:44:52,284] {processor.py:641} INFO - Processing file /home/kai/Documents/airflowalura/dags/my_first_dag.py for tasks to queue
[2024-08-12 22:44:52,285] {logging_mixin.py:115} INFO - [2024-08-12 22:44:52,285] {dagbag.py:507} INFO - Filling up the DagBag from /home/kai/Documents/airflowalura/dags/my_first_dag.py
[2024-08-12 22:44:52,292] {processor.py:651} INFO - DAG(s) dict_keys(['my_first_dag']) retrieved from /home/kai/Documents/airflowalura/dags/my_first_dag.py
[2024-08-12 22:44:52,308] {logging_mixin.py:115} INFO - [2024-08-12 22:44:52,308] {dag.py:2379} INFO - Sync 1 DAGs
[2024-08-12 22:44:52,329] {logging_mixin.py:115} INFO - [2024-08-12 22:44:52,329] {dag.py:2927} INFO - Setting next_dagrun for my_first_dag to 2024-08-13T00:00:00+00:00, run_after=2024-08-14T00:00:00+00:00
[2024-08-12 22:44:52,339] {processor.py:161} INFO - Processing /home/kai/Documents/airflowalura/dags/my_first_dag.py took 0.059 seconds
[2024-08-12 22:45:23,760] {processor.py:153} INFO - Started process (PID=8605) to work on /home/kai/Documents/airflowalura/dags/my_first_dag.py
[2024-08-12 22:45:23,761] {processor.py:641} INFO - Processing file /home/kai/Documents/airflowalura/dags/my_first_dag.py for tasks to queue
[2024-08-12 22:45:23,762] {logging_mixin.py:115} INFO - [2024-08-12 22:45:23,761] {dagbag.py:507} INFO - Filling up the DagBag from /home/kai/Documents/airflowalura/dags/my_first_dag.py
[2024-08-12 22:45:23,771] {processor.py:651} INFO - DAG(s) dict_keys(['my_first_dag']) retrieved from /home/kai/Documents/airflowalura/dags/my_first_dag.py
[2024-08-12 22:45:23,785] {logging_mixin.py:115} INFO - [2024-08-12 22:45:23,785] {dag.py:2379} INFO - Sync 1 DAGs
[2024-08-12 22:45:23,805] {logging_mixin.py:115} INFO - [2024-08-12 22:45:23,805] {dag.py:2927} INFO - Setting next_dagrun for my_first_dag to 2024-08-13T00:00:00+00:00, run_after=2024-08-14T00:00:00+00:00
[2024-08-12 22:45:23,815] {processor.py:161} INFO - Processing /home/kai/Documents/airflowalura/dags/my_first_dag.py took 0.058 seconds
[2024-08-12 22:45:56,413] {processor.py:153} INFO - Started process (PID=8838) to work on /home/kai/Documents/airflowalura/dags/my_first_dag.py
[2024-08-12 22:45:56,414] {processor.py:641} INFO - Processing file /home/kai/Documents/airflowalura/dags/my_first_dag.py for tasks to queue
[2024-08-12 22:45:56,415] {logging_mixin.py:115} INFO - [2024-08-12 22:45:56,415] {dagbag.py:507} INFO - Filling up the DagBag from /home/kai/Documents/airflowalura/dags/my_first_dag.py
[2024-08-12 22:45:56,421] {processor.py:651} INFO - DAG(s) dict_keys(['my_first_dag']) retrieved from /home/kai/Documents/airflowalura/dags/my_first_dag.py
[2024-08-12 22:45:56,434] {logging_mixin.py:115} INFO - [2024-08-12 22:45:56,434] {dag.py:2379} INFO - Sync 1 DAGs
[2024-08-12 22:45:56,450] {logging_mixin.py:115} INFO - [2024-08-12 22:45:56,450] {dag.py:2927} INFO - Setting next_dagrun for my_first_dag to 2024-08-13T00:00:00+00:00, run_after=2024-08-14T00:00:00+00:00
[2024-08-12 22:45:56,458] {processor.py:161} INFO - Processing /home/kai/Documents/airflowalura/dags/my_first_dag.py took 0.047 seconds
[2024-08-12 22:46:27,938] {processor.py:153} INFO - Started process (PID=9005) to work on /home/kai/Documents/airflowalura/dags/my_first_dag.py
[2024-08-12 22:46:27,939] {processor.py:641} INFO - Processing file /home/kai/Documents/airflowalura/dags/my_first_dag.py for tasks to queue
[2024-08-12 22:46:27,939] {logging_mixin.py:115} INFO - [2024-08-12 22:46:27,939] {dagbag.py:507} INFO - Filling up the DagBag from /home/kai/Documents/airflowalura/dags/my_first_dag.py
[2024-08-12 22:46:27,946] {processor.py:651} INFO - DAG(s) dict_keys(['my_first_dag']) retrieved from /home/kai/Documents/airflowalura/dags/my_first_dag.py
[2024-08-12 22:46:27,959] {logging_mixin.py:115} INFO - [2024-08-12 22:46:27,959] {dag.py:2379} INFO - Sync 1 DAGs
[2024-08-12 22:46:27,975] {logging_mixin.py:115} INFO - [2024-08-12 22:46:27,975] {dag.py:2927} INFO - Setting next_dagrun for my_first_dag to 2024-08-13T00:00:00+00:00, run_after=2024-08-14T00:00:00+00:00
[2024-08-12 22:46:27,984] {processor.py:161} INFO - Processing /home/kai/Documents/airflowalura/dags/my_first_dag.py took 0.049 seconds
[2024-08-12 22:47:00,192] {processor.py:153} INFO - Started process (PID=9188) to work on /home/kai/Documents/airflowalura/dags/my_first_dag.py
[2024-08-12 22:47:00,192] {processor.py:641} INFO - Processing file /home/kai/Documents/airflowalura/dags/my_first_dag.py for tasks to queue
[2024-08-12 22:47:00,193] {logging_mixin.py:115} INFO - [2024-08-12 22:47:00,193] {dagbag.py:507} INFO - Filling up the DagBag from /home/kai/Documents/airflowalura/dags/my_first_dag.py
[2024-08-12 22:47:00,199] {processor.py:651} INFO - DAG(s) dict_keys(['my_first_dag']) retrieved from /home/kai/Documents/airflowalura/dags/my_first_dag.py
[2024-08-12 22:47:00,211] {logging_mixin.py:115} INFO - [2024-08-12 22:47:00,211] {dag.py:2379} INFO - Sync 1 DAGs
[2024-08-12 22:47:00,227] {logging_mixin.py:115} INFO - [2024-08-12 22:47:00,227] {dag.py:2927} INFO - Setting next_dagrun for my_first_dag to 2024-08-13T00:00:00+00:00, run_after=2024-08-14T00:00:00+00:00
[2024-08-12 22:47:00,236] {processor.py:161} INFO - Processing /home/kai/Documents/airflowalura/dags/my_first_dag.py took 0.047 seconds
[2024-08-12 22:47:30,999] {processor.py:153} INFO - Started process (PID=9363) to work on /home/kai/Documents/airflowalura/dags/my_first_dag.py
[2024-08-12 22:47:31,000] {processor.py:641} INFO - Processing file /home/kai/Documents/airflowalura/dags/my_first_dag.py for tasks to queue
[2024-08-12 22:47:31,000] {logging_mixin.py:115} INFO - [2024-08-12 22:47:31,000] {dagbag.py:507} INFO - Filling up the DagBag from /home/kai/Documents/airflowalura/dags/my_first_dag.py
[2024-08-12 22:47:31,008] {processor.py:651} INFO - DAG(s) dict_keys(['my_first_dag']) retrieved from /home/kai/Documents/airflowalura/dags/my_first_dag.py
[2024-08-12 22:47:31,021] {logging_mixin.py:115} INFO - [2024-08-12 22:47:31,020] {dag.py:2379} INFO - Sync 1 DAGs
[2024-08-12 22:47:31,037] {logging_mixin.py:115} INFO - [2024-08-12 22:47:31,036] {dag.py:2927} INFO - Setting next_dagrun for my_first_dag to 2024-08-13T00:00:00+00:00, run_after=2024-08-14T00:00:00+00:00
[2024-08-12 22:47:31,045] {processor.py:161} INFO - Processing /home/kai/Documents/airflowalura/dags/my_first_dag.py took 0.049 seconds
[2024-08-12 22:48:02,960] {processor.py:153} INFO - Started process (PID=9545) to work on /home/kai/Documents/airflowalura/dags/my_first_dag.py
[2024-08-12 22:48:02,961] {processor.py:641} INFO - Processing file /home/kai/Documents/airflowalura/dags/my_first_dag.py for tasks to queue
[2024-08-12 22:48:02,961] {logging_mixin.py:115} INFO - [2024-08-12 22:48:02,961] {dagbag.py:507} INFO - Filling up the DagBag from /home/kai/Documents/airflowalura/dags/my_first_dag.py
[2024-08-12 22:48:02,968] {processor.py:651} INFO - DAG(s) dict_keys(['my_first_dag']) retrieved from /home/kai/Documents/airflowalura/dags/my_first_dag.py
[2024-08-12 22:48:02,980] {logging_mixin.py:115} INFO - [2024-08-12 22:48:02,980] {dag.py:2379} INFO - Sync 1 DAGs
[2024-08-12 22:48:02,996] {logging_mixin.py:115} INFO - [2024-08-12 22:48:02,996] {dag.py:2927} INFO - Setting next_dagrun for my_first_dag to 2024-08-13T00:00:00+00:00, run_after=2024-08-14T00:00:00+00:00
[2024-08-12 22:48:03,009] {processor.py:161} INFO - Processing /home/kai/Documents/airflowalura/dags/my_first_dag.py took 0.052 seconds
[2024-08-12 22:48:36,205] {processor.py:153} INFO - Started process (PID=9722) to work on /home/kai/Documents/airflowalura/dags/my_first_dag.py
[2024-08-12 22:48:36,206] {processor.py:641} INFO - Processing file /home/kai/Documents/airflowalura/dags/my_first_dag.py for tasks to queue
[2024-08-12 22:48:36,207] {logging_mixin.py:115} INFO - [2024-08-12 22:48:36,207] {dagbag.py:507} INFO - Filling up the DagBag from /home/kai/Documents/airflowalura/dags/my_first_dag.py
[2024-08-12 22:48:36,213] {processor.py:651} INFO - DAG(s) dict_keys(['my_first_dag']) retrieved from /home/kai/Documents/airflowalura/dags/my_first_dag.py
[2024-08-12 22:48:36,225] {logging_mixin.py:115} INFO - [2024-08-12 22:48:36,225] {dag.py:2379} INFO - Sync 1 DAGs
[2024-08-12 22:48:36,241] {logging_mixin.py:115} INFO - [2024-08-12 22:48:36,241] {dag.py:2927} INFO - Setting next_dagrun for my_first_dag to 2024-08-13T00:00:00+00:00, run_after=2024-08-14T00:00:00+00:00
[2024-08-12 22:48:36,251] {processor.py:161} INFO - Processing /home/kai/Documents/airflowalura/dags/my_first_dag.py took 0.048 seconds
[2024-08-12 22:49:06,579] {processor.py:153} INFO - Started process (PID=9896) to work on /home/kai/Documents/airflowalura/dags/my_first_dag.py
[2024-08-12 22:49:06,579] {processor.py:641} INFO - Processing file /home/kai/Documents/airflowalura/dags/my_first_dag.py for tasks to queue
[2024-08-12 22:49:06,580] {logging_mixin.py:115} INFO - [2024-08-12 22:49:06,580] {dagbag.py:507} INFO - Filling up the DagBag from /home/kai/Documents/airflowalura/dags/my_first_dag.py
[2024-08-12 22:49:06,586] {processor.py:651} INFO - DAG(s) dict_keys(['my_first_dag']) retrieved from /home/kai/Documents/airflowalura/dags/my_first_dag.py
[2024-08-12 22:49:06,599] {logging_mixin.py:115} INFO - [2024-08-12 22:49:06,599] {dag.py:2379} INFO - Sync 1 DAGs
[2024-08-12 22:49:06,614] {logging_mixin.py:115} INFO - [2024-08-12 22:49:06,614] {dag.py:2927} INFO - Setting next_dagrun for my_first_dag to 2024-08-13T00:00:00+00:00, run_after=2024-08-14T00:00:00+00:00
[2024-08-12 22:49:06,623] {processor.py:161} INFO - Processing /home/kai/Documents/airflowalura/dags/my_first_dag.py took 0.047 seconds
[2024-08-12 22:49:37,230] {processor.py:153} INFO - Started process (PID=10068) to work on /home/kai/Documents/airflowalura/dags/my_first_dag.py
[2024-08-12 22:49:37,231] {processor.py:641} INFO - Processing file /home/kai/Documents/airflowalura/dags/my_first_dag.py for tasks to queue
[2024-08-12 22:49:37,232] {logging_mixin.py:115} INFO - [2024-08-12 22:49:37,231] {dagbag.py:507} INFO - Filling up the DagBag from /home/kai/Documents/airflowalura/dags/my_first_dag.py
[2024-08-12 22:49:37,238] {processor.py:651} INFO - DAG(s) dict_keys(['my_first_dag']) retrieved from /home/kai/Documents/airflowalura/dags/my_first_dag.py
[2024-08-12 22:49:37,250] {logging_mixin.py:115} INFO - [2024-08-12 22:49:37,250] {dag.py:2379} INFO - Sync 1 DAGs
[2024-08-12 22:49:37,265] {logging_mixin.py:115} INFO - [2024-08-12 22:49:37,265] {dag.py:2927} INFO - Setting next_dagrun for my_first_dag to 2024-08-13T00:00:00+00:00, run_after=2024-08-14T00:00:00+00:00
[2024-08-12 22:49:37,273] {processor.py:161} INFO - Processing /home/kai/Documents/airflowalura/dags/my_first_dag.py took 0.045 seconds
[2024-08-12 22:50:08,619] {processor.py:153} INFO - Started process (PID=10242) to work on /home/kai/Documents/airflowalura/dags/my_first_dag.py
[2024-08-12 22:50:08,620] {processor.py:641} INFO - Processing file /home/kai/Documents/airflowalura/dags/my_first_dag.py for tasks to queue
[2024-08-12 22:50:08,621] {logging_mixin.py:115} INFO - [2024-08-12 22:50:08,621] {dagbag.py:507} INFO - Filling up the DagBag from /home/kai/Documents/airflowalura/dags/my_first_dag.py
[2024-08-12 22:50:08,628] {processor.py:651} INFO - DAG(s) dict_keys(['my_first_dag']) retrieved from /home/kai/Documents/airflowalura/dags/my_first_dag.py
[2024-08-12 22:50:08,642] {logging_mixin.py:115} INFO - [2024-08-12 22:50:08,642] {dag.py:2379} INFO - Sync 1 DAGs
[2024-08-12 22:50:08,658] {logging_mixin.py:115} INFO - [2024-08-12 22:50:08,657] {dag.py:2927} INFO - Setting next_dagrun for my_first_dag to 2024-08-13T00:00:00+00:00, run_after=2024-08-14T00:00:00+00:00
[2024-08-12 22:50:08,667] {processor.py:161} INFO - Processing /home/kai/Documents/airflowalura/dags/my_first_dag.py took 0.050 seconds
[2024-08-12 22:50:38,801] {processor.py:153} INFO - Started process (PID=10461) to work on /home/kai/Documents/airflowalura/dags/my_first_dag.py
[2024-08-12 22:50:38,802] {processor.py:641} INFO - Processing file /home/kai/Documents/airflowalura/dags/my_first_dag.py for tasks to queue
[2024-08-12 22:50:38,802] {logging_mixin.py:115} INFO - [2024-08-12 22:50:38,802] {dagbag.py:507} INFO - Filling up the DagBag from /home/kai/Documents/airflowalura/dags/my_first_dag.py
[2024-08-12 22:50:38,808] {processor.py:651} INFO - DAG(s) dict_keys(['my_first_dag']) retrieved from /home/kai/Documents/airflowalura/dags/my_first_dag.py
[2024-08-12 22:50:38,825] {logging_mixin.py:115} INFO - [2024-08-12 22:50:38,825] {dag.py:2379} INFO - Sync 1 DAGs
[2024-08-12 22:50:38,839] {logging_mixin.py:115} INFO - [2024-08-12 22:50:38,839] {dag.py:2927} INFO - Setting next_dagrun for my_first_dag to 2024-08-13T00:00:00+00:00, run_after=2024-08-14T00:00:00+00:00
[2024-08-12 22:50:38,848] {processor.py:161} INFO - Processing /home/kai/Documents/airflowalura/dags/my_first_dag.py took 0.049 seconds
[2024-08-12 22:51:13,872] {processor.py:153} INFO - Started process (PID=10662) to work on /home/kai/Documents/airflowalura/dags/my_first_dag.py
[2024-08-12 22:51:13,872] {processor.py:641} INFO - Processing file /home/kai/Documents/airflowalura/dags/my_first_dag.py for tasks to queue
[2024-08-12 22:51:13,873] {logging_mixin.py:115} INFO - [2024-08-12 22:51:13,873] {dagbag.py:507} INFO - Filling up the DagBag from /home/kai/Documents/airflowalura/dags/my_first_dag.py
[2024-08-12 22:51:13,879] {processor.py:651} INFO - DAG(s) dict_keys(['my_first_dag']) retrieved from /home/kai/Documents/airflowalura/dags/my_first_dag.py
[2024-08-12 22:51:13,894] {logging_mixin.py:115} INFO - [2024-08-12 22:51:13,894] {dag.py:2379} INFO - Sync 1 DAGs
[2024-08-12 22:51:13,908] {logging_mixin.py:115} INFO - [2024-08-12 22:51:13,908] {dag.py:2927} INFO - Setting next_dagrun for my_first_dag to 2024-08-13T00:00:00+00:00, run_after=2024-08-14T00:00:00+00:00
[2024-08-12 22:51:13,918] {processor.py:161} INFO - Processing /home/kai/Documents/airflowalura/dags/my_first_dag.py took 0.049 seconds
[2024-08-12 22:51:45,795] {processor.py:153} INFO - Started process (PID=10835) to work on /home/kai/Documents/airflowalura/dags/my_first_dag.py
[2024-08-12 22:51:45,796] {processor.py:641} INFO - Processing file /home/kai/Documents/airflowalura/dags/my_first_dag.py for tasks to queue
[2024-08-12 22:51:45,797] {logging_mixin.py:115} INFO - [2024-08-12 22:51:45,797] {dagbag.py:507} INFO - Filling up the DagBag from /home/kai/Documents/airflowalura/dags/my_first_dag.py
[2024-08-12 22:51:45,803] {processor.py:651} INFO - DAG(s) dict_keys(['my_first_dag']) retrieved from /home/kai/Documents/airflowalura/dags/my_first_dag.py
[2024-08-12 22:51:45,818] {logging_mixin.py:115} INFO - [2024-08-12 22:51:45,817] {dag.py:2379} INFO - Sync 1 DAGs
[2024-08-12 22:51:45,832] {logging_mixin.py:115} INFO - [2024-08-12 22:51:45,832] {dag.py:2927} INFO - Setting next_dagrun for my_first_dag to 2024-08-13T00:00:00+00:00, run_after=2024-08-14T00:00:00+00:00
[2024-08-12 22:51:45,843] {processor.py:161} INFO - Processing /home/kai/Documents/airflowalura/dags/my_first_dag.py took 0.050 seconds
[2024-08-12 22:52:17,218] {processor.py:153} INFO - Started process (PID=11014) to work on /home/kai/Documents/airflowalura/dags/my_first_dag.py
[2024-08-12 22:52:17,219] {processor.py:641} INFO - Processing file /home/kai/Documents/airflowalura/dags/my_first_dag.py for tasks to queue
[2024-08-12 22:52:17,219] {logging_mixin.py:115} INFO - [2024-08-12 22:52:17,219] {dagbag.py:507} INFO - Filling up the DagBag from /home/kai/Documents/airflowalura/dags/my_first_dag.py
[2024-08-12 22:52:17,225] {processor.py:651} INFO - DAG(s) dict_keys(['my_first_dag']) retrieved from /home/kai/Documents/airflowalura/dags/my_first_dag.py
[2024-08-12 22:52:17,239] {logging_mixin.py:115} INFO - [2024-08-12 22:52:17,239] {dag.py:2379} INFO - Sync 1 DAGs
[2024-08-12 22:52:17,253] {logging_mixin.py:115} INFO - [2024-08-12 22:52:17,253] {dag.py:2927} INFO - Setting next_dagrun for my_first_dag to 2024-08-13T00:00:00+00:00, run_after=2024-08-14T00:00:00+00:00
[2024-08-12 22:52:17,262] {processor.py:161} INFO - Processing /home/kai/Documents/airflowalura/dags/my_first_dag.py took 0.047 seconds
[2024-08-12 22:52:48,177] {processor.py:153} INFO - Started process (PID=11186) to work on /home/kai/Documents/airflowalura/dags/my_first_dag.py
[2024-08-12 22:52:48,178] {processor.py:641} INFO - Processing file /home/kai/Documents/airflowalura/dags/my_first_dag.py for tasks to queue
[2024-08-12 22:52:48,178] {logging_mixin.py:115} INFO - [2024-08-12 22:52:48,178] {dagbag.py:507} INFO - Filling up the DagBag from /home/kai/Documents/airflowalura/dags/my_first_dag.py
[2024-08-12 22:52:48,184] {processor.py:651} INFO - DAG(s) dict_keys(['my_first_dag']) retrieved from /home/kai/Documents/airflowalura/dags/my_first_dag.py
[2024-08-12 22:52:48,199] {logging_mixin.py:115} INFO - [2024-08-12 22:52:48,199] {dag.py:2379} INFO - Sync 1 DAGs
[2024-08-12 22:52:48,213] {logging_mixin.py:115} INFO - [2024-08-12 22:52:48,213] {dag.py:2927} INFO - Setting next_dagrun for my_first_dag to 2024-08-13T00:00:00+00:00, run_after=2024-08-14T00:00:00+00:00
[2024-08-12 22:52:48,222] {processor.py:161} INFO - Processing /home/kai/Documents/airflowalura/dags/my_first_dag.py took 0.047 seconds
[2024-08-12 22:53:21,011] {processor.py:153} INFO - Started process (PID=11364) to work on /home/kai/Documents/airflowalura/dags/my_first_dag.py
[2024-08-12 22:53:21,012] {processor.py:641} INFO - Processing file /home/kai/Documents/airflowalura/dags/my_first_dag.py for tasks to queue
[2024-08-12 22:53:21,013] {logging_mixin.py:115} INFO - [2024-08-12 22:53:21,013] {dagbag.py:507} INFO - Filling up the DagBag from /home/kai/Documents/airflowalura/dags/my_first_dag.py
[2024-08-12 22:53:21,019] {processor.py:651} INFO - DAG(s) dict_keys(['my_first_dag']) retrieved from /home/kai/Documents/airflowalura/dags/my_first_dag.py
[2024-08-12 22:53:21,033] {logging_mixin.py:115} INFO - [2024-08-12 22:53:21,033] {dag.py:2379} INFO - Sync 1 DAGs
[2024-08-12 22:53:21,048] {logging_mixin.py:115} INFO - [2024-08-12 22:53:21,048] {dag.py:2927} INFO - Setting next_dagrun for my_first_dag to 2024-08-13T00:00:00+00:00, run_after=2024-08-14T00:00:00+00:00
[2024-08-12 22:53:21,057] {processor.py:161} INFO - Processing /home/kai/Documents/airflowalura/dags/my_first_dag.py took 0.048 seconds
[2024-08-12 22:53:54,688] {processor.py:153} INFO - Started process (PID=11557) to work on /home/kai/Documents/airflowalura/dags/my_first_dag.py
[2024-08-12 22:53:54,689] {processor.py:641} INFO - Processing file /home/kai/Documents/airflowalura/dags/my_first_dag.py for tasks to queue
[2024-08-12 22:53:54,689] {logging_mixin.py:115} INFO - [2024-08-12 22:53:54,689] {dagbag.py:507} INFO - Filling up the DagBag from /home/kai/Documents/airflowalura/dags/my_first_dag.py
[2024-08-12 22:53:54,695] {processor.py:651} INFO - DAG(s) dict_keys(['my_first_dag']) retrieved from /home/kai/Documents/airflowalura/dags/my_first_dag.py
[2024-08-12 22:53:54,710] {logging_mixin.py:115} INFO - [2024-08-12 22:53:54,709] {dag.py:2379} INFO - Sync 1 DAGs
[2024-08-12 22:53:54,723] {logging_mixin.py:115} INFO - [2024-08-12 22:53:54,723] {dag.py:2927} INFO - Setting next_dagrun for my_first_dag to 2024-08-13T00:00:00+00:00, run_after=2024-08-14T00:00:00+00:00
[2024-08-12 22:53:54,732] {processor.py:161} INFO - Processing /home/kai/Documents/airflowalura/dags/my_first_dag.py took 0.046 seconds
[2024-08-12 22:54:25,450] {processor.py:153} INFO - Started process (PID=11726) to work on /home/kai/Documents/airflowalura/dags/my_first_dag.py
[2024-08-12 22:54:25,451] {processor.py:641} INFO - Processing file /home/kai/Documents/airflowalura/dags/my_first_dag.py for tasks to queue
[2024-08-12 22:54:25,451] {logging_mixin.py:115} INFO - [2024-08-12 22:54:25,451] {dagbag.py:507} INFO - Filling up the DagBag from /home/kai/Documents/airflowalura/dags/my_first_dag.py
[2024-08-12 22:54:25,457] {processor.py:651} INFO - DAG(s) dict_keys(['my_first_dag']) retrieved from /home/kai/Documents/airflowalura/dags/my_first_dag.py
[2024-08-12 22:54:25,473] {logging_mixin.py:115} INFO - [2024-08-12 22:54:25,473] {dag.py:2379} INFO - Sync 1 DAGs
[2024-08-12 22:54:25,487] {logging_mixin.py:115} INFO - [2024-08-12 22:54:25,487] {dag.py:2927} INFO - Setting next_dagrun for my_first_dag to 2024-08-13T00:00:00+00:00, run_after=2024-08-14T00:00:00+00:00
[2024-08-12 22:54:25,495] {processor.py:161} INFO - Processing /home/kai/Documents/airflowalura/dags/my_first_dag.py took 0.048 seconds
[2024-08-12 22:54:58,427] {processor.py:153} INFO - Started process (PID=11912) to work on /home/kai/Documents/airflowalura/dags/my_first_dag.py
[2024-08-12 22:54:58,427] {processor.py:641} INFO - Processing file /home/kai/Documents/airflowalura/dags/my_first_dag.py for tasks to queue
[2024-08-12 22:54:58,428] {logging_mixin.py:115} INFO - [2024-08-12 22:54:58,428] {dagbag.py:507} INFO - Filling up the DagBag from /home/kai/Documents/airflowalura/dags/my_first_dag.py
[2024-08-12 22:54:58,434] {processor.py:651} INFO - DAG(s) dict_keys(['my_first_dag']) retrieved from /home/kai/Documents/airflowalura/dags/my_first_dag.py
[2024-08-12 22:54:58,448] {logging_mixin.py:115} INFO - [2024-08-12 22:54:58,448] {dag.py:2379} INFO - Sync 1 DAGs
[2024-08-12 22:54:58,462] {logging_mixin.py:115} INFO - [2024-08-12 22:54:58,462] {dag.py:2927} INFO - Setting next_dagrun for my_first_dag to 2024-08-13T00:00:00+00:00, run_after=2024-08-14T00:00:00+00:00
[2024-08-12 22:54:58,470] {processor.py:161} INFO - Processing /home/kai/Documents/airflowalura/dags/my_first_dag.py took 0.046 seconds
[2024-08-12 22:55:33,261] {processor.py:153} INFO - Started process (PID=12154) to work on /home/kai/Documents/airflowalura/dags/my_first_dag.py
[2024-08-12 22:55:33,262] {processor.py:641} INFO - Processing file /home/kai/Documents/airflowalura/dags/my_first_dag.py for tasks to queue
[2024-08-12 22:55:33,262] {logging_mixin.py:115} INFO - [2024-08-12 22:55:33,262] {dagbag.py:507} INFO - Filling up the DagBag from /home/kai/Documents/airflowalura/dags/my_first_dag.py
[2024-08-12 22:55:33,270] {processor.py:651} INFO - DAG(s) dict_keys(['my_first_dag']) retrieved from /home/kai/Documents/airflowalura/dags/my_first_dag.py
[2024-08-12 22:55:33,289] {logging_mixin.py:115} INFO - [2024-08-12 22:55:33,289] {dag.py:2379} INFO - Sync 1 DAGs
[2024-08-12 22:55:33,306] {logging_mixin.py:115} INFO - [2024-08-12 22:55:33,306] {dag.py:2927} INFO - Setting next_dagrun for my_first_dag to 2024-08-13T00:00:00+00:00, run_after=2024-08-14T00:00:00+00:00
[2024-08-12 22:55:33,316] {processor.py:161} INFO - Processing /home/kai/Documents/airflowalura/dags/my_first_dag.py took 0.057 seconds
[2024-08-12 22:56:05,200] {processor.py:153} INFO - Started process (PID=12350) to work on /home/kai/Documents/airflowalura/dags/my_first_dag.py
[2024-08-12 22:56:05,201] {processor.py:641} INFO - Processing file /home/kai/Documents/airflowalura/dags/my_first_dag.py for tasks to queue
[2024-08-12 22:56:05,201] {logging_mixin.py:115} INFO - [2024-08-12 22:56:05,201] {dagbag.py:507} INFO - Filling up the DagBag from /home/kai/Documents/airflowalura/dags/my_first_dag.py
[2024-08-12 22:56:05,208] {processor.py:651} INFO - DAG(s) dict_keys(['my_first_dag']) retrieved from /home/kai/Documents/airflowalura/dags/my_first_dag.py
[2024-08-12 22:56:05,222] {logging_mixin.py:115} INFO - [2024-08-12 22:56:05,222] {dag.py:2379} INFO - Sync 1 DAGs
[2024-08-12 22:56:05,236] {logging_mixin.py:115} INFO - [2024-08-12 22:56:05,235] {dag.py:2927} INFO - Setting next_dagrun for my_first_dag to 2024-08-13T00:00:00+00:00, run_after=2024-08-14T00:00:00+00:00
[2024-08-12 22:56:05,244] {processor.py:161} INFO - Processing /home/kai/Documents/airflowalura/dags/my_first_dag.py took 0.047 seconds
[2024-08-12 22:56:36,010] {processor.py:153} INFO - Started process (PID=12536) to work on /home/kai/Documents/airflowalura/dags/my_first_dag.py
[2024-08-12 22:56:36,010] {processor.py:641} INFO - Processing file /home/kai/Documents/airflowalura/dags/my_first_dag.py for tasks to queue
[2024-08-12 22:56:36,011] {logging_mixin.py:115} INFO - [2024-08-12 22:56:36,011] {dagbag.py:507} INFO - Filling up the DagBag from /home/kai/Documents/airflowalura/dags/my_first_dag.py
[2024-08-12 22:56:36,017] {processor.py:651} INFO - DAG(s) dict_keys(['my_first_dag']) retrieved from /home/kai/Documents/airflowalura/dags/my_first_dag.py
[2024-08-12 22:56:36,033] {logging_mixin.py:115} INFO - [2024-08-12 22:56:36,033] {dag.py:2379} INFO - Sync 1 DAGs
[2024-08-12 22:56:36,047] {logging_mixin.py:115} INFO - [2024-08-12 22:56:36,047] {dag.py:2927} INFO - Setting next_dagrun for my_first_dag to 2024-08-13T00:00:00+00:00, run_after=2024-08-14T00:00:00+00:00
[2024-08-12 22:56:36,056] {processor.py:161} INFO - Processing /home/kai/Documents/airflowalura/dags/my_first_dag.py took 0.049 seconds
[2024-08-12 22:57:07,913] {processor.py:153} INFO - Started process (PID=12714) to work on /home/kai/Documents/airflowalura/dags/my_first_dag.py
[2024-08-12 22:57:07,914] {processor.py:641} INFO - Processing file /home/kai/Documents/airflowalura/dags/my_first_dag.py for tasks to queue
[2024-08-12 22:57:07,914] {logging_mixin.py:115} INFO - [2024-08-12 22:57:07,914] {dagbag.py:507} INFO - Filling up the DagBag from /home/kai/Documents/airflowalura/dags/my_first_dag.py
[2024-08-12 22:57:07,921] {processor.py:651} INFO - DAG(s) dict_keys(['my_first_dag']) retrieved from /home/kai/Documents/airflowalura/dags/my_first_dag.py
[2024-08-12 22:57:07,937] {logging_mixin.py:115} INFO - [2024-08-12 22:57:07,937] {dag.py:2379} INFO - Sync 1 DAGs
[2024-08-12 22:57:07,953] {logging_mixin.py:115} INFO - [2024-08-12 22:57:07,953] {dag.py:2927} INFO - Setting next_dagrun for my_first_dag to 2024-08-13T00:00:00+00:00, run_after=2024-08-14T00:00:00+00:00
[2024-08-12 22:57:07,964] {processor.py:161} INFO - Processing /home/kai/Documents/airflowalura/dags/my_first_dag.py took 0.053 seconds
[2024-08-12 22:57:41,011] {processor.py:153} INFO - Started process (PID=12899) to work on /home/kai/Documents/airflowalura/dags/my_first_dag.py
[2024-08-12 22:57:41,011] {processor.py:641} INFO - Processing file /home/kai/Documents/airflowalura/dags/my_first_dag.py for tasks to queue
[2024-08-12 22:57:41,012] {logging_mixin.py:115} INFO - [2024-08-12 22:57:41,012] {dagbag.py:507} INFO - Filling up the DagBag from /home/kai/Documents/airflowalura/dags/my_first_dag.py
[2024-08-12 22:57:41,019] {processor.py:651} INFO - DAG(s) dict_keys(['my_first_dag']) retrieved from /home/kai/Documents/airflowalura/dags/my_first_dag.py
[2024-08-12 22:57:41,034] {logging_mixin.py:115} INFO - [2024-08-12 22:57:41,034] {dag.py:2379} INFO - Sync 1 DAGs
[2024-08-12 22:57:41,052] {logging_mixin.py:115} INFO - [2024-08-12 22:57:41,052] {dag.py:2927} INFO - Setting next_dagrun for my_first_dag to 2024-08-13T00:00:00+00:00, run_after=2024-08-14T00:00:00+00:00
[2024-08-12 22:57:41,061] {processor.py:161} INFO - Processing /home/kai/Documents/airflowalura/dags/my_first_dag.py took 0.053 seconds
[2024-08-12 22:58:15,229] {processor.py:153} INFO - Started process (PID=13085) to work on /home/kai/Documents/airflowalura/dags/my_first_dag.py
[2024-08-12 22:58:15,229] {processor.py:641} INFO - Processing file /home/kai/Documents/airflowalura/dags/my_first_dag.py for tasks to queue
[2024-08-12 22:58:15,230] {logging_mixin.py:115} INFO - [2024-08-12 22:58:15,230] {dagbag.py:507} INFO - Filling up the DagBag from /home/kai/Documents/airflowalura/dags/my_first_dag.py
[2024-08-12 22:58:15,238] {processor.py:651} INFO - DAG(s) dict_keys(['my_first_dag']) retrieved from /home/kai/Documents/airflowalura/dags/my_first_dag.py
[2024-08-12 22:58:15,253] {logging_mixin.py:115} INFO - [2024-08-12 22:58:15,253] {dag.py:2379} INFO - Sync 1 DAGs
[2024-08-12 22:58:15,272] {logging_mixin.py:115} INFO - [2024-08-12 22:58:15,272] {dag.py:2927} INFO - Setting next_dagrun for my_first_dag to 2024-08-13T00:00:00+00:00, run_after=2024-08-14T00:00:00+00:00
[2024-08-12 22:58:15,281] {processor.py:161} INFO - Processing /home/kai/Documents/airflowalura/dags/my_first_dag.py took 0.056 seconds
[2024-08-12 22:58:47,168] {processor.py:153} INFO - Started process (PID=13264) to work on /home/kai/Documents/airflowalura/dags/my_first_dag.py
[2024-08-12 22:58:47,168] {processor.py:641} INFO - Processing file /home/kai/Documents/airflowalura/dags/my_first_dag.py for tasks to queue
[2024-08-12 22:58:47,169] {logging_mixin.py:115} INFO - [2024-08-12 22:58:47,169] {dagbag.py:507} INFO - Filling up the DagBag from /home/kai/Documents/airflowalura/dags/my_first_dag.py
[2024-08-12 22:58:47,177] {processor.py:651} INFO - DAG(s) dict_keys(['my_first_dag']) retrieved from /home/kai/Documents/airflowalura/dags/my_first_dag.py
[2024-08-12 22:58:47,193] {logging_mixin.py:115} INFO - [2024-08-12 22:58:47,193] {dag.py:2379} INFO - Sync 1 DAGs
[2024-08-12 22:58:47,207] {logging_mixin.py:115} INFO - [2024-08-12 22:58:47,207] {dag.py:2927} INFO - Setting next_dagrun for my_first_dag to 2024-08-13T00:00:00+00:00, run_after=2024-08-14T00:00:00+00:00
[2024-08-12 22:58:47,216] {processor.py:161} INFO - Processing /home/kai/Documents/airflowalura/dags/my_first_dag.py took 0.051 seconds
[2024-08-12 22:59:19,107] {processor.py:153} INFO - Started process (PID=13440) to work on /home/kai/Documents/airflowalura/dags/my_first_dag.py
[2024-08-12 22:59:19,108] {processor.py:641} INFO - Processing file /home/kai/Documents/airflowalura/dags/my_first_dag.py for tasks to queue
[2024-08-12 22:59:19,108] {logging_mixin.py:115} INFO - [2024-08-12 22:59:19,108] {dagbag.py:507} INFO - Filling up the DagBag from /home/kai/Documents/airflowalura/dags/my_first_dag.py
[2024-08-12 22:59:19,115] {processor.py:651} INFO - DAG(s) dict_keys(['my_first_dag']) retrieved from /home/kai/Documents/airflowalura/dags/my_first_dag.py
[2024-08-12 22:59:19,130] {logging_mixin.py:115} INFO - [2024-08-12 22:59:19,130] {dag.py:2379} INFO - Sync 1 DAGs
[2024-08-12 22:59:19,144] {logging_mixin.py:115} INFO - [2024-08-12 22:59:19,144] {dag.py:2927} INFO - Setting next_dagrun for my_first_dag to 2024-08-13T00:00:00+00:00, run_after=2024-08-14T00:00:00+00:00
[2024-08-12 22:59:19,153] {processor.py:161} INFO - Processing /home/kai/Documents/airflowalura/dags/my_first_dag.py took 0.049 seconds
[2024-08-12 22:59:52,198] {processor.py:153} INFO - Started process (PID=13629) to work on /home/kai/Documents/airflowalura/dags/my_first_dag.py
[2024-08-12 22:59:52,199] {processor.py:641} INFO - Processing file /home/kai/Documents/airflowalura/dags/my_first_dag.py for tasks to queue
[2024-08-12 22:59:52,199] {logging_mixin.py:115} INFO - [2024-08-12 22:59:52,199] {dagbag.py:507} INFO - Filling up the DagBag from /home/kai/Documents/airflowalura/dags/my_first_dag.py
[2024-08-12 22:59:52,207] {processor.py:651} INFO - DAG(s) dict_keys(['my_first_dag']) retrieved from /home/kai/Documents/airflowalura/dags/my_first_dag.py
[2024-08-12 22:59:52,223] {logging_mixin.py:115} INFO - [2024-08-12 22:59:52,222] {dag.py:2379} INFO - Sync 1 DAGs
[2024-08-12 22:59:52,241] {logging_mixin.py:115} INFO - [2024-08-12 22:59:52,241] {dag.py:2927} INFO - Setting next_dagrun for my_first_dag to 2024-08-13T00:00:00+00:00, run_after=2024-08-14T00:00:00+00:00
[2024-08-12 22:59:52,251] {processor.py:161} INFO - Processing /home/kai/Documents/airflowalura/dags/my_first_dag.py took 0.057 seconds
[2024-08-12 23:00:25,801] {processor.py:153} INFO - Started process (PID=13874) to work on /home/kai/Documents/airflowalura/dags/my_first_dag.py
[2024-08-12 23:00:25,802] {processor.py:641} INFO - Processing file /home/kai/Documents/airflowalura/dags/my_first_dag.py for tasks to queue
[2024-08-12 23:00:25,802] {logging_mixin.py:115} INFO - [2024-08-12 23:00:25,802] {dagbag.py:507} INFO - Filling up the DagBag from /home/kai/Documents/airflowalura/dags/my_first_dag.py
[2024-08-12 23:00:25,808] {processor.py:651} INFO - DAG(s) dict_keys(['my_first_dag']) retrieved from /home/kai/Documents/airflowalura/dags/my_first_dag.py
[2024-08-12 23:00:25,822] {logging_mixin.py:115} INFO - [2024-08-12 23:00:25,822] {dag.py:2379} INFO - Sync 1 DAGs
[2024-08-12 23:00:25,835] {logging_mixin.py:115} INFO - [2024-08-12 23:00:25,835] {dag.py:2927} INFO - Setting next_dagrun for my_first_dag to 2024-08-13T00:00:00+00:00, run_after=2024-08-14T00:00:00+00:00
[2024-08-12 23:00:25,843] {processor.py:161} INFO - Processing /home/kai/Documents/airflowalura/dags/my_first_dag.py took 0.045 seconds
[2024-08-12 23:00:56,516] {processor.py:153} INFO - Started process (PID=14054) to work on /home/kai/Documents/airflowalura/dags/my_first_dag.py
[2024-08-12 23:00:56,516] {processor.py:641} INFO - Processing file /home/kai/Documents/airflowalura/dags/my_first_dag.py for tasks to queue
[2024-08-12 23:00:56,517] {logging_mixin.py:115} INFO - [2024-08-12 23:00:56,517] {dagbag.py:507} INFO - Filling up the DagBag from /home/kai/Documents/airflowalura/dags/my_first_dag.py
[2024-08-12 23:00:56,523] {processor.py:651} INFO - DAG(s) dict_keys(['my_first_dag']) retrieved from /home/kai/Documents/airflowalura/dags/my_first_dag.py
[2024-08-12 23:00:56,539] {logging_mixin.py:115} INFO - [2024-08-12 23:00:56,539] {dag.py:2379} INFO - Sync 1 DAGs
[2024-08-12 23:00:56,553] {logging_mixin.py:115} INFO - [2024-08-12 23:00:56,553] {dag.py:2927} INFO - Setting next_dagrun for my_first_dag to 2024-08-13T00:00:00+00:00, run_after=2024-08-14T00:00:00+00:00
[2024-08-12 23:00:56,562] {processor.py:161} INFO - Processing /home/kai/Documents/airflowalura/dags/my_first_dag.py took 0.049 seconds
[2024-08-12 23:01:32,437] {processor.py:153} INFO - Started process (PID=14254) to work on /home/kai/Documents/airflowalura/dags/my_first_dag.py
[2024-08-12 23:01:32,437] {processor.py:641} INFO - Processing file /home/kai/Documents/airflowalura/dags/my_first_dag.py for tasks to queue
[2024-08-12 23:01:32,438] {logging_mixin.py:115} INFO - [2024-08-12 23:01:32,438] {dagbag.py:507} INFO - Filling up the DagBag from /home/kai/Documents/airflowalura/dags/my_first_dag.py
[2024-08-12 23:01:32,444] {processor.py:651} INFO - DAG(s) dict_keys(['my_first_dag']) retrieved from /home/kai/Documents/airflowalura/dags/my_first_dag.py
[2024-08-12 23:01:32,461] {logging_mixin.py:115} INFO - [2024-08-12 23:01:32,460] {dag.py:2379} INFO - Sync 1 DAGs
[2024-08-12 23:01:32,475] {logging_mixin.py:115} INFO - [2024-08-12 23:01:32,475] {dag.py:2927} INFO - Setting next_dagrun for my_first_dag to 2024-08-13T00:00:00+00:00, run_after=2024-08-14T00:00:00+00:00
[2024-08-12 23:01:32,482] {processor.py:161} INFO - Processing /home/kai/Documents/airflowalura/dags/my_first_dag.py took 0.048 seconds
[2024-08-12 23:02:04,354] {processor.py:153} INFO - Started process (PID=14429) to work on /home/kai/Documents/airflowalura/dags/my_first_dag.py
[2024-08-12 23:02:04,355] {processor.py:641} INFO - Processing file /home/kai/Documents/airflowalura/dags/my_first_dag.py for tasks to queue
[2024-08-12 23:02:04,356] {logging_mixin.py:115} INFO - [2024-08-12 23:02:04,356] {dagbag.py:507} INFO - Filling up the DagBag from /home/kai/Documents/airflowalura/dags/my_first_dag.py
[2024-08-12 23:02:04,363] {processor.py:651} INFO - DAG(s) dict_keys(['my_first_dag']) retrieved from /home/kai/Documents/airflowalura/dags/my_first_dag.py
[2024-08-12 23:02:04,379] {logging_mixin.py:115} INFO - [2024-08-12 23:02:04,379] {dag.py:2379} INFO - Sync 1 DAGs
[2024-08-12 23:02:04,394] {logging_mixin.py:115} INFO - [2024-08-12 23:02:04,394] {dag.py:2927} INFO - Setting next_dagrun for my_first_dag to 2024-08-13T00:00:00+00:00, run_after=2024-08-14T00:00:00+00:00
[2024-08-12 23:02:04,404] {processor.py:161} INFO - Processing /home/kai/Documents/airflowalura/dags/my_first_dag.py took 0.053 seconds
[2024-08-12 23:02:36,071] {processor.py:153} INFO - Started process (PID=14598) to work on /home/kai/Documents/airflowalura/dags/my_first_dag.py
[2024-08-12 23:02:36,072] {processor.py:641} INFO - Processing file /home/kai/Documents/airflowalura/dags/my_first_dag.py for tasks to queue
[2024-08-12 23:02:36,072] {logging_mixin.py:115} INFO - [2024-08-12 23:02:36,072] {dagbag.py:507} INFO - Filling up the DagBag from /home/kai/Documents/airflowalura/dags/my_first_dag.py
[2024-08-12 23:02:36,079] {processor.py:651} INFO - DAG(s) dict_keys(['my_first_dag']) retrieved from /home/kai/Documents/airflowalura/dags/my_first_dag.py
[2024-08-12 23:02:36,093] {logging_mixin.py:115} INFO - [2024-08-12 23:02:36,093] {dag.py:2379} INFO - Sync 1 DAGs
[2024-08-12 23:02:36,106] {logging_mixin.py:115} INFO - [2024-08-12 23:02:36,106] {dag.py:2927} INFO - Setting next_dagrun for my_first_dag to 2024-08-13T00:00:00+00:00, run_after=2024-08-14T00:00:00+00:00
[2024-08-12 23:02:36,115] {processor.py:161} INFO - Processing /home/kai/Documents/airflowalura/dags/my_first_dag.py took 0.047 seconds
[2024-08-12 23:03:06,452] {processor.py:153} INFO - Started process (PID=14787) to work on /home/kai/Documents/airflowalura/dags/my_first_dag.py
[2024-08-12 23:03:06,453] {processor.py:641} INFO - Processing file /home/kai/Documents/airflowalura/dags/my_first_dag.py for tasks to queue
[2024-08-12 23:03:06,453] {logging_mixin.py:115} INFO - [2024-08-12 23:03:06,453] {dagbag.py:507} INFO - Filling up the DagBag from /home/kai/Documents/airflowalura/dags/my_first_dag.py
[2024-08-12 23:03:06,461] {processor.py:651} INFO - DAG(s) dict_keys(['my_first_dag']) retrieved from /home/kai/Documents/airflowalura/dags/my_first_dag.py
[2024-08-12 23:03:06,476] {logging_mixin.py:115} INFO - [2024-08-12 23:03:06,476] {dag.py:2379} INFO - Sync 1 DAGs
[2024-08-12 23:03:06,490] {logging_mixin.py:115} INFO - [2024-08-12 23:03:06,490] {dag.py:2927} INFO - Setting next_dagrun for my_first_dag to 2024-08-13T00:00:00+00:00, run_after=2024-08-14T00:00:00+00:00
[2024-08-12 23:03:06,499] {processor.py:161} INFO - Processing /home/kai/Documents/airflowalura/dags/my_first_dag.py took 0.050 seconds
[2024-08-12 23:03:37,970] {processor.py:153} INFO - Started process (PID=14957) to work on /home/kai/Documents/airflowalura/dags/my_first_dag.py
[2024-08-12 23:03:37,971] {processor.py:641} INFO - Processing file /home/kai/Documents/airflowalura/dags/my_first_dag.py for tasks to queue
[2024-08-12 23:03:37,971] {logging_mixin.py:115} INFO - [2024-08-12 23:03:37,971] {dagbag.py:507} INFO - Filling up the DagBag from /home/kai/Documents/airflowalura/dags/my_first_dag.py
[2024-08-12 23:03:37,979] {processor.py:651} INFO - DAG(s) dict_keys(['my_first_dag']) retrieved from /home/kai/Documents/airflowalura/dags/my_first_dag.py
[2024-08-12 23:03:37,995] {logging_mixin.py:115} INFO - [2024-08-12 23:03:37,995] {dag.py:2379} INFO - Sync 1 DAGs
[2024-08-12 23:03:38,010] {logging_mixin.py:115} INFO - [2024-08-12 23:03:38,010] {dag.py:2927} INFO - Setting next_dagrun for my_first_dag to 2024-08-13T00:00:00+00:00, run_after=2024-08-14T00:00:00+00:00
[2024-08-12 23:03:38,019] {processor.py:161} INFO - Processing /home/kai/Documents/airflowalura/dags/my_first_dag.py took 0.053 seconds
[2024-08-12 23:04:11,326] {processor.py:153} INFO - Started process (PID=15160) to work on /home/kai/Documents/airflowalura/dags/my_first_dag.py
[2024-08-12 23:04:11,327] {processor.py:641} INFO - Processing file /home/kai/Documents/airflowalura/dags/my_first_dag.py for tasks to queue
[2024-08-12 23:04:11,328] {logging_mixin.py:115} INFO - [2024-08-12 23:04:11,328] {dagbag.py:507} INFO - Filling up the DagBag from /home/kai/Documents/airflowalura/dags/my_first_dag.py
[2024-08-12 23:04:11,334] {processor.py:651} INFO - DAG(s) dict_keys(['my_first_dag']) retrieved from /home/kai/Documents/airflowalura/dags/my_first_dag.py
[2024-08-12 23:04:11,348] {logging_mixin.py:115} INFO - [2024-08-12 23:04:11,348] {dag.py:2379} INFO - Sync 1 DAGs
[2024-08-12 23:04:11,361] {logging_mixin.py:115} INFO - [2024-08-12 23:04:11,361] {dag.py:2927} INFO - Setting next_dagrun for my_first_dag to 2024-08-13T00:00:00+00:00, run_after=2024-08-14T00:00:00+00:00
[2024-08-12 23:04:11,370] {processor.py:161} INFO - Processing /home/kai/Documents/airflowalura/dags/my_first_dag.py took 0.046 seconds
[2024-08-12 23:04:44,326] {processor.py:153} INFO - Started process (PID=15342) to work on /home/kai/Documents/airflowalura/dags/my_first_dag.py
[2024-08-12 23:04:44,327] {processor.py:641} INFO - Processing file /home/kai/Documents/airflowalura/dags/my_first_dag.py for tasks to queue
[2024-08-12 23:04:44,328] {logging_mixin.py:115} INFO - [2024-08-12 23:04:44,328] {dagbag.py:507} INFO - Filling up the DagBag from /home/kai/Documents/airflowalura/dags/my_first_dag.py
[2024-08-12 23:04:44,334] {processor.py:651} INFO - DAG(s) dict_keys(['my_first_dag']) retrieved from /home/kai/Documents/airflowalura/dags/my_first_dag.py
[2024-08-12 23:04:44,349] {logging_mixin.py:115} INFO - [2024-08-12 23:04:44,349] {dag.py:2379} INFO - Sync 1 DAGs
[2024-08-12 23:04:44,362] {logging_mixin.py:115} INFO - [2024-08-12 23:04:44,362] {dag.py:2927} INFO - Setting next_dagrun for my_first_dag to 2024-08-13T00:00:00+00:00, run_after=2024-08-14T00:00:00+00:00
[2024-08-12 23:04:44,372] {processor.py:161} INFO - Processing /home/kai/Documents/airflowalura/dags/my_first_dag.py took 0.048 seconds
[2024-08-12 23:05:16,374] {processor.py:153} INFO - Started process (PID=15540) to work on /home/kai/Documents/airflowalura/dags/my_first_dag.py
[2024-08-12 23:05:16,375] {processor.py:641} INFO - Processing file /home/kai/Documents/airflowalura/dags/my_first_dag.py for tasks to queue
[2024-08-12 23:05:16,376] {logging_mixin.py:115} INFO - [2024-08-12 23:05:16,375] {dagbag.py:507} INFO - Filling up the DagBag from /home/kai/Documents/airflowalura/dags/my_first_dag.py
[2024-08-12 23:05:16,388] {processor.py:651} INFO - DAG(s) dict_keys(['my_first_dag']) retrieved from /home/kai/Documents/airflowalura/dags/my_first_dag.py
[2024-08-12 23:05:16,405] {logging_mixin.py:115} INFO - [2024-08-12 23:05:16,405] {dag.py:2379} INFO - Sync 1 DAGs
[2024-08-12 23:05:16,424] {logging_mixin.py:115} INFO - [2024-08-12 23:05:16,424] {dag.py:2927} INFO - Setting next_dagrun for my_first_dag to 2024-08-13T00:00:00+00:00, run_after=2024-08-14T00:00:00+00:00
[2024-08-12 23:05:16,436] {processor.py:161} INFO - Processing /home/kai/Documents/airflowalura/dags/my_first_dag.py took 0.066 seconds
[2024-08-12 23:05:47,309] {processor.py:153} INFO - Started process (PID=15763) to work on /home/kai/Documents/airflowalura/dags/my_first_dag.py
[2024-08-12 23:05:47,311] {processor.py:641} INFO - Processing file /home/kai/Documents/airflowalura/dags/my_first_dag.py for tasks to queue
[2024-08-12 23:05:47,312] {logging_mixin.py:115} INFO - [2024-08-12 23:05:47,312] {dagbag.py:507} INFO - Filling up the DagBag from /home/kai/Documents/airflowalura/dags/my_first_dag.py
[2024-08-12 23:05:47,321] {processor.py:651} INFO - DAG(s) dict_keys(['my_first_dag']) retrieved from /home/kai/Documents/airflowalura/dags/my_first_dag.py
[2024-08-12 23:05:47,345] {logging_mixin.py:115} INFO - [2024-08-12 23:05:47,345] {dag.py:2379} INFO - Sync 1 DAGs
[2024-08-12 23:05:47,360] {logging_mixin.py:115} INFO - [2024-08-12 23:05:47,360] {dag.py:2927} INFO - Setting next_dagrun for my_first_dag to 2024-08-13T00:00:00+00:00, run_after=2024-08-14T00:00:00+00:00
[2024-08-12 23:05:47,372] {processor.py:161} INFO - Processing /home/kai/Documents/airflowalura/dags/my_first_dag.py took 0.066 seconds
