[2024-08-16 10:58:16,490] {taskinstance.py:1159} INFO - Dependencies all met for <TaskInstance: clima_process_extractor.Creator_folder_with_datetime scheduled__2024-08-05T00:00:00+00:00 [queued]>
[2024-08-16 10:58:16,502] {taskinstance.py:1159} INFO - Dependencies all met for <TaskInstance: clima_process_extractor.Creator_folder_with_datetime scheduled__2024-08-05T00:00:00+00:00 [queued]>
[2024-08-16 10:58:16,503] {taskinstance.py:1356} INFO - 
--------------------------------------------------------------------------------
[2024-08-16 10:58:16,503] {taskinstance.py:1357} INFO - Starting attempt 1 of 1
[2024-08-16 10:58:16,503] {taskinstance.py:1358} INFO - 
--------------------------------------------------------------------------------
[2024-08-16 10:58:16,527] {taskinstance.py:1377} INFO - Executing <Task(BashOperator): Creator_folder_with_datetime> on 2024-08-05 00:00:00+00:00
[2024-08-16 10:58:16,532] {standard_task_runner.py:52} INFO - Started process 59275 to run task
[2024-08-16 10:58:16,536] {standard_task_runner.py:79} INFO - Running: ['airflow', 'tasks', 'run', 'clima_process_extractor', 'Creator_folder_with_datetime', 'scheduled__2024-08-05T00:00:00+00:00', '--job-id', '203', '--raw', '--subdir', 'DAGS_FOLDER/my_first_dag.py', '--cfg-path', '/tmp/tmpxj40hme6', '--error-file', '/tmp/tmp8fsgcx1j']
[2024-08-16 10:58:16,537] {standard_task_runner.py:80} INFO - Job 203: Subtask Creator_folder_with_datetime
[2024-08-16 10:58:16,608] {task_command.py:370} INFO - Running <TaskInstance: clima_process_extractor.Creator_folder_with_datetime scheduled__2024-08-05T00:00:00+00:00 [running]> on host kaiwangairflow
[2024-08-16 10:58:16,700] {taskinstance.py:1569} INFO - Exporting the following env vars:
AIRFLOW_CTX_DAG_OWNER=airflow
AIRFLOW_CTX_DAG_ID=clima_process_extractor
AIRFLOW_CTX_TASK_ID=Creator_folder_with_datetime
AIRFLOW_CTX_EXECUTION_DATE=2024-08-05T00:00:00+00:00
AIRFLOW_CTX_TRY_NUMBER=1
AIRFLOW_CTX_DAG_RUN_ID=scheduled__2024-08-05T00:00:00+00:00
[2024-08-16 10:58:16,701] {subprocess.py:62} INFO - Tmp dir root location: 
 /tmp
[2024-08-16 10:58:16,709] {subprocess.py:74} INFO - Running command: ['bash', '-c', "mkdir -p '/home/kai/Documents/airflowalura/semana=2024-08-12/'"]
[2024-08-16 10:58:16,721] {subprocess.py:85} INFO - Output:
[2024-08-16 10:58:16,724] {subprocess.py:96} INFO - Command exited with return code 0
[2024-08-16 10:58:16,765] {taskinstance.py:1395} INFO - Marking task as SUCCESS. dag_id=clima_process_extractor, task_id=Creator_folder_with_datetime, execution_date=20240805T000000, start_date=20240816T135816, end_date=20240816T135816
[2024-08-16 10:58:16,797] {local_task_job.py:156} INFO - Task exited with return code 0
[2024-08-16 10:58:16,825] {local_task_job.py:273} INFO - 1 downstream tasks scheduled from follow-on schedule check
[2024-08-16 11:14:18,240] {taskinstance.py:1159} INFO - Dependencies all met for <TaskInstance: clima_process_extractor.Creator_folder_with_datetime scheduled__2024-08-05T00:00:00+00:00 [queued]>
[2024-08-16 11:14:18,246] {taskinstance.py:1159} INFO - Dependencies all met for <TaskInstance: clima_process_extractor.Creator_folder_with_datetime scheduled__2024-08-05T00:00:00+00:00 [queued]>
[2024-08-16 11:14:18,246] {taskinstance.py:1356} INFO - 
--------------------------------------------------------------------------------
[2024-08-16 11:14:18,246] {taskinstance.py:1357} INFO - Starting attempt 1 of 1
[2024-08-16 11:14:18,247] {taskinstance.py:1358} INFO - 
--------------------------------------------------------------------------------
[2024-08-16 11:14:18,259] {taskinstance.py:1377} INFO - Executing <Task(BashOperator): Creator_folder_with_datetime> on 2024-08-05 00:00:00+00:00
[2024-08-16 11:14:18,261] {standard_task_runner.py:52} INFO - Started process 66407 to run task
[2024-08-16 11:14:18,264] {standard_task_runner.py:79} INFO - Running: ['airflow', 'tasks', 'run', 'clima_process_extractor', 'Creator_folder_with_datetime', 'scheduled__2024-08-05T00:00:00+00:00', '--job-id', '225', '--raw', '--subdir', 'DAGS_FOLDER/my_first_dag.py', '--cfg-path', '/tmp/tmp5cbk6439', '--error-file', '/tmp/tmp70aol327']
[2024-08-16 11:14:18,265] {standard_task_runner.py:80} INFO - Job 225: Subtask Creator_folder_with_datetime
[2024-08-16 11:14:18,305] {task_command.py:370} INFO - Running <TaskInstance: clima_process_extractor.Creator_folder_with_datetime scheduled__2024-08-05T00:00:00+00:00 [running]> on host kaiwangairflow
[2024-08-16 11:14:18,348] {taskinstance.py:1569} INFO - Exporting the following env vars:
AIRFLOW_CTX_DAG_OWNER=airflow
AIRFLOW_CTX_DAG_ID=clima_process_extractor
AIRFLOW_CTX_TASK_ID=Creator_folder_with_datetime
AIRFLOW_CTX_EXECUTION_DATE=2024-08-05T00:00:00+00:00
AIRFLOW_CTX_TRY_NUMBER=1
AIRFLOW_CTX_DAG_RUN_ID=scheduled__2024-08-05T00:00:00+00:00
[2024-08-16 11:14:18,349] {subprocess.py:62} INFO - Tmp dir root location: 
 /tmp
[2024-08-16 11:14:18,349] {subprocess.py:74} INFO - Running command: ['bash', '-c', "mkdir -p '/home/kai/Documents/airflowalura/semana=2024-08-12/'"]
[2024-08-16 11:14:18,357] {subprocess.py:85} INFO - Output:
[2024-08-16 11:14:18,359] {subprocess.py:96} INFO - Command exited with return code 0
[2024-08-16 11:14:18,378] {taskinstance.py:1395} INFO - Marking task as SUCCESS. dag_id=clima_process_extractor, task_id=Creator_folder_with_datetime, execution_date=20240805T000000, start_date=20240816T141418, end_date=20240816T141418
[2024-08-16 11:14:18,400] {local_task_job.py:156} INFO - Task exited with return code 0
[2024-08-16 11:14:18,420] {local_task_job.py:273} INFO - 1 downstream tasks scheduled from follow-on schedule check
[2024-08-16 11:19:22,814] {taskinstance.py:1159} INFO - Dependencies all met for <TaskInstance: clima_process_extractor.Creator_folder_with_datetime scheduled__2024-08-05T00:00:00+00:00 [queued]>
[2024-08-16 11:19:22,820] {taskinstance.py:1159} INFO - Dependencies all met for <TaskInstance: clima_process_extractor.Creator_folder_with_datetime scheduled__2024-08-05T00:00:00+00:00 [queued]>
[2024-08-16 11:19:22,821] {taskinstance.py:1356} INFO - 
--------------------------------------------------------------------------------
[2024-08-16 11:19:22,821] {taskinstance.py:1357} INFO - Starting attempt 1 of 1
[2024-08-16 11:19:22,821] {taskinstance.py:1358} INFO - 
--------------------------------------------------------------------------------
[2024-08-16 11:19:22,835] {taskinstance.py:1377} INFO - Executing <Task(BashOperator): Creator_folder_with_datetime> on 2024-08-05 00:00:00+00:00
[2024-08-16 11:19:22,837] {standard_task_runner.py:52} INFO - Started process 69427 to run task
[2024-08-16 11:19:22,840] {standard_task_runner.py:79} INFO - Running: ['airflow', 'tasks', 'run', 'clima_process_extractor', 'Creator_folder_with_datetime', 'scheduled__2024-08-05T00:00:00+00:00', '--job-id', '227', '--raw', '--subdir', 'DAGS_FOLDER/my_first_dag.py', '--cfg-path', '/tmp/tmpmnjgaflh', '--error-file', '/tmp/tmpfqolrml5']
[2024-08-16 11:19:22,841] {standard_task_runner.py:80} INFO - Job 227: Subtask Creator_folder_with_datetime
[2024-08-16 11:19:22,915] {task_command.py:370} INFO - Running <TaskInstance: clima_process_extractor.Creator_folder_with_datetime scheduled__2024-08-05T00:00:00+00:00 [running]> on host kaiwangairflow
[2024-08-16 11:19:22,979] {taskinstance.py:1569} INFO - Exporting the following env vars:
AIRFLOW_CTX_DAG_OWNER=airflow
AIRFLOW_CTX_DAG_ID=clima_process_extractor
AIRFLOW_CTX_TASK_ID=Creator_folder_with_datetime
AIRFLOW_CTX_EXECUTION_DATE=2024-08-05T00:00:00+00:00
AIRFLOW_CTX_TRY_NUMBER=1
AIRFLOW_CTX_DAG_RUN_ID=scheduled__2024-08-05T00:00:00+00:00
[2024-08-16 11:19:22,980] {subprocess.py:62} INFO - Tmp dir root location: 
 /tmp
[2024-08-16 11:19:22,981] {subprocess.py:74} INFO - Running command: ['bash', '-c', "mkdir -p '/home/kai/Documents/airflowalura/semana=2024-08-12/'"]
[2024-08-16 11:19:22,989] {subprocess.py:85} INFO - Output:
[2024-08-16 11:19:22,992] {subprocess.py:96} INFO - Command exited with return code 0
[2024-08-16 11:19:23,013] {taskinstance.py:1395} INFO - Marking task as SUCCESS. dag_id=clima_process_extractor, task_id=Creator_folder_with_datetime, execution_date=20240805T000000, start_date=20240816T141922, end_date=20240816T141923
[2024-08-16 11:19:23,056] {local_task_job.py:156} INFO - Task exited with return code 0
[2024-08-16 11:19:23,078] {local_task_job.py:273} INFO - 1 downstream tasks scheduled from follow-on schedule check
[2024-08-16 11:22:23,911] {taskinstance.py:1159} INFO - Dependencies all met for <TaskInstance: clima_process_extractor.Creator_folder_with_datetime scheduled__2024-08-05T00:00:00+00:00 [queued]>
[2024-08-16 11:22:23,915] {taskinstance.py:1159} INFO - Dependencies all met for <TaskInstance: clima_process_extractor.Creator_folder_with_datetime scheduled__2024-08-05T00:00:00+00:00 [queued]>
[2024-08-16 11:22:23,916] {taskinstance.py:1356} INFO - 
--------------------------------------------------------------------------------
[2024-08-16 11:22:23,916] {taskinstance.py:1357} INFO - Starting attempt 1 of 1
[2024-08-16 11:22:23,916] {taskinstance.py:1358} INFO - 
--------------------------------------------------------------------------------
[2024-08-16 11:22:23,927] {taskinstance.py:1377} INFO - Executing <Task(BashOperator): Creator_folder_with_datetime> on 2024-08-05 00:00:00+00:00
[2024-08-16 11:22:23,929] {standard_task_runner.py:52} INFO - Started process 73231 to run task
[2024-08-16 11:22:23,932] {standard_task_runner.py:79} INFO - Running: ['airflow', 'tasks', 'run', 'clima_process_extractor', 'Creator_folder_with_datetime', 'scheduled__2024-08-05T00:00:00+00:00', '--job-id', '229', '--raw', '--subdir', 'DAGS_FOLDER/my_first_dag.py', '--cfg-path', '/tmp/tmpn_4qwx93', '--error-file', '/tmp/tmp9ca_j0eq']
[2024-08-16 11:22:23,932] {standard_task_runner.py:80} INFO - Job 229: Subtask Creator_folder_with_datetime
[2024-08-16 11:22:23,969] {task_command.py:370} INFO - Running <TaskInstance: clima_process_extractor.Creator_folder_with_datetime scheduled__2024-08-05T00:00:00+00:00 [running]> on host kaiwangairflow
[2024-08-16 11:22:24,000] {taskinstance.py:1569} INFO - Exporting the following env vars:
AIRFLOW_CTX_DAG_OWNER=airflow
AIRFLOW_CTX_DAG_ID=clima_process_extractor
AIRFLOW_CTX_TASK_ID=Creator_folder_with_datetime
AIRFLOW_CTX_EXECUTION_DATE=2024-08-05T00:00:00+00:00
AIRFLOW_CTX_TRY_NUMBER=1
AIRFLOW_CTX_DAG_RUN_ID=scheduled__2024-08-05T00:00:00+00:00
[2024-08-16 11:22:24,001] {subprocess.py:62} INFO - Tmp dir root location: 
 /tmp
[2024-08-16 11:22:24,001] {subprocess.py:74} INFO - Running command: ['bash', '-c', "mkdir -p '/home/kai/Documents/airflowalura/semana=2024-08-12/'"]
[2024-08-16 11:22:24,010] {subprocess.py:85} INFO - Output:
[2024-08-16 11:22:24,012] {subprocess.py:96} INFO - Command exited with return code 0
[2024-08-16 11:22:24,028] {taskinstance.py:1395} INFO - Marking task as SUCCESS. dag_id=clima_process_extractor, task_id=Creator_folder_with_datetime, execution_date=20240805T000000, start_date=20240816T142223, end_date=20240816T142224
[2024-08-16 11:22:24,070] {local_task_job.py:156} INFO - Task exited with return code 0
[2024-08-16 11:22:24,089] {local_task_job.py:273} INFO - 1 downstream tasks scheduled from follow-on schedule check
