[2024-08-12 22:17:58,917] {processor.py:153} INFO - Started process (PID=35384) to work on /home/kai/Documents/airflowalura/venv/lib/python3.9/site-packages/airflow/example_dags/subdags/subdag.py
[2024-08-12 22:17:58,917] {processor.py:641} INFO - Processing file /home/kai/Documents/airflowalura/venv/lib/python3.9/site-packages/airflow/example_dags/subdags/subdag.py for tasks to queue
[2024-08-12 22:17:58,918] {logging_mixin.py:115} INFO - [2024-08-12 22:17:58,918] {dagbag.py:507} INFO - Filling up the DagBag from /home/kai/Documents/airflowalura/venv/lib/python3.9/site-packages/airflow/example_dags/subdags/subdag.py
[2024-08-12 22:17:58,920] {processor.py:653} WARNING - No viable dags retrieved from /home/kai/Documents/airflowalura/venv/lib/python3.9/site-packages/airflow/example_dags/subdags/subdag.py
[2024-08-12 22:17:58,932] {processor.py:161} INFO - Processing /home/kai/Documents/airflowalura/venv/lib/python3.9/site-packages/airflow/example_dags/subdags/subdag.py took 0.018 seconds
[2024-08-12 22:18:40,811] {processor.py:153} INFO - Started process (PID=36159) to work on /home/kai/Documents/airflowalura/venv/lib/python3.9/site-packages/airflow/example_dags/subdags/subdag.py
[2024-08-12 22:18:40,812] {processor.py:641} INFO - Processing file /home/kai/Documents/airflowalura/venv/lib/python3.9/site-packages/airflow/example_dags/subdags/subdag.py for tasks to queue
[2024-08-12 22:18:40,813] {logging_mixin.py:115} INFO - [2024-08-12 22:18:40,813] {dagbag.py:507} INFO - Filling up the DagBag from /home/kai/Documents/airflowalura/venv/lib/python3.9/site-packages/airflow/example_dags/subdags/subdag.py
[2024-08-12 22:18:40,814] {processor.py:653} WARNING - No viable dags retrieved from /home/kai/Documents/airflowalura/venv/lib/python3.9/site-packages/airflow/example_dags/subdags/subdag.py
[2024-08-12 22:18:40,825] {processor.py:161} INFO - Processing /home/kai/Documents/airflowalura/venv/lib/python3.9/site-packages/airflow/example_dags/subdags/subdag.py took 0.016 seconds
[2024-08-12 22:19:15,024] {processor.py:153} INFO - Started process (PID=36436) to work on /home/kai/Documents/airflowalura/venv/lib/python3.9/site-packages/airflow/example_dags/subdags/subdag.py
[2024-08-12 22:19:15,025] {processor.py:641} INFO - Processing file /home/kai/Documents/airflowalura/venv/lib/python3.9/site-packages/airflow/example_dags/subdags/subdag.py for tasks to queue
[2024-08-12 22:19:15,026] {logging_mixin.py:115} INFO - [2024-08-12 22:19:15,025] {dagbag.py:507} INFO - Filling up the DagBag from /home/kai/Documents/airflowalura/venv/lib/python3.9/site-packages/airflow/example_dags/subdags/subdag.py
[2024-08-12 22:19:15,027] {processor.py:653} WARNING - No viable dags retrieved from /home/kai/Documents/airflowalura/venv/lib/python3.9/site-packages/airflow/example_dags/subdags/subdag.py
[2024-08-12 22:19:15,038] {processor.py:161} INFO - Processing /home/kai/Documents/airflowalura/venv/lib/python3.9/site-packages/airflow/example_dags/subdags/subdag.py took 0.017 seconds
[2024-08-12 22:19:48,693] {processor.py:153} INFO - Started process (PID=36646) to work on /home/kai/Documents/airflowalura/venv/lib/python3.9/site-packages/airflow/example_dags/subdags/subdag.py
[2024-08-12 22:19:48,693] {processor.py:641} INFO - Processing file /home/kai/Documents/airflowalura/venv/lib/python3.9/site-packages/airflow/example_dags/subdags/subdag.py for tasks to queue
[2024-08-12 22:19:48,694] {logging_mixin.py:115} INFO - [2024-08-12 22:19:48,694] {dagbag.py:507} INFO - Filling up the DagBag from /home/kai/Documents/airflowalura/venv/lib/python3.9/site-packages/airflow/example_dags/subdags/subdag.py
[2024-08-12 22:19:48,696] {processor.py:653} WARNING - No viable dags retrieved from /home/kai/Documents/airflowalura/venv/lib/python3.9/site-packages/airflow/example_dags/subdags/subdag.py
[2024-08-12 22:19:48,706] {processor.py:161} INFO - Processing /home/kai/Documents/airflowalura/venv/lib/python3.9/site-packages/airflow/example_dags/subdags/subdag.py took 0.016 seconds
[2024-08-12 22:20:21,765] {processor.py:153} INFO - Started process (PID=36863) to work on /home/kai/Documents/airflowalura/venv/lib/python3.9/site-packages/airflow/example_dags/subdags/subdag.py
[2024-08-12 22:20:21,766] {processor.py:641} INFO - Processing file /home/kai/Documents/airflowalura/venv/lib/python3.9/site-packages/airflow/example_dags/subdags/subdag.py for tasks to queue
[2024-08-12 22:20:21,767] {logging_mixin.py:115} INFO - [2024-08-12 22:20:21,766] {dagbag.py:507} INFO - Filling up the DagBag from /home/kai/Documents/airflowalura/venv/lib/python3.9/site-packages/airflow/example_dags/subdags/subdag.py
[2024-08-12 22:20:21,768] {processor.py:653} WARNING - No viable dags retrieved from /home/kai/Documents/airflowalura/venv/lib/python3.9/site-packages/airflow/example_dags/subdags/subdag.py
[2024-08-12 22:20:21,777] {processor.py:161} INFO - Processing /home/kai/Documents/airflowalura/venv/lib/python3.9/site-packages/airflow/example_dags/subdags/subdag.py took 0.014 seconds
[2024-08-12 22:20:55,386] {processor.py:153} INFO - Started process (PID=37076) to work on /home/kai/Documents/airflowalura/venv/lib/python3.9/site-packages/airflow/example_dags/subdags/subdag.py
[2024-08-12 22:20:55,387] {processor.py:641} INFO - Processing file /home/kai/Documents/airflowalura/venv/lib/python3.9/site-packages/airflow/example_dags/subdags/subdag.py for tasks to queue
[2024-08-12 22:20:55,387] {logging_mixin.py:115} INFO - [2024-08-12 22:20:55,387] {dagbag.py:507} INFO - Filling up the DagBag from /home/kai/Documents/airflowalura/venv/lib/python3.9/site-packages/airflow/example_dags/subdags/subdag.py
[2024-08-12 22:20:55,389] {processor.py:653} WARNING - No viable dags retrieved from /home/kai/Documents/airflowalura/venv/lib/python3.9/site-packages/airflow/example_dags/subdags/subdag.py
[2024-08-12 22:20:55,399] {processor.py:161} INFO - Processing /home/kai/Documents/airflowalura/venv/lib/python3.9/site-packages/airflow/example_dags/subdags/subdag.py took 0.016 seconds
[2024-08-12 22:21:31,375] {processor.py:153} INFO - Started process (PID=37422) to work on /home/kai/Documents/airflowalura/venv/lib/python3.9/site-packages/airflow/example_dags/subdags/subdag.py
[2024-08-12 22:21:31,378] {processor.py:641} INFO - Processing file /home/kai/Documents/airflowalura/venv/lib/python3.9/site-packages/airflow/example_dags/subdags/subdag.py for tasks to queue
[2024-08-12 22:21:31,380] {logging_mixin.py:115} INFO - [2024-08-12 22:21:31,380] {dagbag.py:507} INFO - Filling up the DagBag from /home/kai/Documents/airflowalura/venv/lib/python3.9/site-packages/airflow/example_dags/subdags/subdag.py
[2024-08-12 22:21:31,387] {processor.py:653} WARNING - No viable dags retrieved from /home/kai/Documents/airflowalura/venv/lib/python3.9/site-packages/airflow/example_dags/subdags/subdag.py
[2024-08-12 22:21:31,399] {processor.py:161} INFO - Processing /home/kai/Documents/airflowalura/venv/lib/python3.9/site-packages/airflow/example_dags/subdags/subdag.py took 0.032 seconds
[2024-08-12 22:24:44,801] {processor.py:153} INFO - Started process (PID=39195) to work on /home/kai/Documents/airflowalura/venv/lib/python3.9/site-packages/airflow/example_dags/subdags/subdag.py
[2024-08-12 22:24:44,805] {processor.py:641} INFO - Processing file /home/kai/Documents/airflowalura/venv/lib/python3.9/site-packages/airflow/example_dags/subdags/subdag.py for tasks to queue
[2024-08-12 22:24:44,806] {logging_mixin.py:115} INFO - [2024-08-12 22:24:44,805] {dagbag.py:507} INFO - Filling up the DagBag from /home/kai/Documents/airflowalura/venv/lib/python3.9/site-packages/airflow/example_dags/subdags/subdag.py
[2024-08-12 22:24:44,809] {processor.py:653} WARNING - No viable dags retrieved from /home/kai/Documents/airflowalura/venv/lib/python3.9/site-packages/airflow/example_dags/subdags/subdag.py
[2024-08-12 22:24:44,831] {processor.py:161} INFO - Processing /home/kai/Documents/airflowalura/venv/lib/python3.9/site-packages/airflow/example_dags/subdags/subdag.py took 0.035 seconds
[2024-08-12 22:25:21,041] {processor.py:153} INFO - Started process (PID=39499) to work on /home/kai/Documents/airflowalura/venv/lib/python3.9/site-packages/airflow/example_dags/subdags/subdag.py
[2024-08-12 22:25:21,045] {processor.py:641} INFO - Processing file /home/kai/Documents/airflowalura/venv/lib/python3.9/site-packages/airflow/example_dags/subdags/subdag.py for tasks to queue
[2024-08-12 22:25:21,046] {logging_mixin.py:115} INFO - [2024-08-12 22:25:21,046] {dagbag.py:507} INFO - Filling up the DagBag from /home/kai/Documents/airflowalura/venv/lib/python3.9/site-packages/airflow/example_dags/subdags/subdag.py
[2024-08-12 22:25:21,048] {processor.py:653} WARNING - No viable dags retrieved from /home/kai/Documents/airflowalura/venv/lib/python3.9/site-packages/airflow/example_dags/subdags/subdag.py
[2024-08-12 22:25:21,069] {processor.py:161} INFO - Processing /home/kai/Documents/airflowalura/venv/lib/python3.9/site-packages/airflow/example_dags/subdags/subdag.py took 0.030 seconds
[2024-08-12 22:25:55,872] {processor.py:153} INFO - Started process (PID=39812) to work on /home/kai/Documents/airflowalura/venv/lib/python3.9/site-packages/airflow/example_dags/subdags/subdag.py
[2024-08-12 22:25:55,876] {processor.py:641} INFO - Processing file /home/kai/Documents/airflowalura/venv/lib/python3.9/site-packages/airflow/example_dags/subdags/subdag.py for tasks to queue
[2024-08-12 22:25:55,877] {logging_mixin.py:115} INFO - [2024-08-12 22:25:55,877] {dagbag.py:507} INFO - Filling up the DagBag from /home/kai/Documents/airflowalura/venv/lib/python3.9/site-packages/airflow/example_dags/subdags/subdag.py
[2024-08-12 22:25:55,878] {processor.py:653} WARNING - No viable dags retrieved from /home/kai/Documents/airflowalura/venv/lib/python3.9/site-packages/airflow/example_dags/subdags/subdag.py
[2024-08-12 22:25:55,887] {processor.py:161} INFO - Processing /home/kai/Documents/airflowalura/venv/lib/python3.9/site-packages/airflow/example_dags/subdags/subdag.py took 0.018 seconds
[2024-08-12 22:26:32,461] {processor.py:153} INFO - Started process (PID=40384) to work on /home/kai/Documents/airflowalura/venv/lib/python3.9/site-packages/airflow/example_dags/subdags/subdag.py
[2024-08-12 22:26:32,462] {processor.py:641} INFO - Processing file /home/kai/Documents/airflowalura/venv/lib/python3.9/site-packages/airflow/example_dags/subdags/subdag.py for tasks to queue
[2024-08-12 22:26:32,462] {logging_mixin.py:115} INFO - [2024-08-12 22:26:32,462] {dagbag.py:507} INFO - Filling up the DagBag from /home/kai/Documents/airflowalura/venv/lib/python3.9/site-packages/airflow/example_dags/subdags/subdag.py
[2024-08-12 22:26:32,464] {processor.py:653} WARNING - No viable dags retrieved from /home/kai/Documents/airflowalura/venv/lib/python3.9/site-packages/airflow/example_dags/subdags/subdag.py
[2024-08-12 22:26:32,475] {processor.py:161} INFO - Processing /home/kai/Documents/airflowalura/venv/lib/python3.9/site-packages/airflow/example_dags/subdags/subdag.py took 0.017 seconds
[2024-08-12 22:27:07,117] {processor.py:153} INFO - Started process (PID=40658) to work on /home/kai/Documents/airflowalura/venv/lib/python3.9/site-packages/airflow/example_dags/subdags/subdag.py
[2024-08-12 22:27:07,118] {processor.py:641} INFO - Processing file /home/kai/Documents/airflowalura/venv/lib/python3.9/site-packages/airflow/example_dags/subdags/subdag.py for tasks to queue
[2024-08-12 22:27:07,119] {logging_mixin.py:115} INFO - [2024-08-12 22:27:07,119] {dagbag.py:507} INFO - Filling up the DagBag from /home/kai/Documents/airflowalura/venv/lib/python3.9/site-packages/airflow/example_dags/subdags/subdag.py
[2024-08-12 22:27:07,122] {processor.py:653} WARNING - No viable dags retrieved from /home/kai/Documents/airflowalura/venv/lib/python3.9/site-packages/airflow/example_dags/subdags/subdag.py
[2024-08-12 22:27:07,138] {processor.py:161} INFO - Processing /home/kai/Documents/airflowalura/venv/lib/python3.9/site-packages/airflow/example_dags/subdags/subdag.py took 0.027 seconds
[2024-08-12 22:27:43,132] {processor.py:153} INFO - Started process (PID=40954) to work on /home/kai/Documents/airflowalura/venv/lib/python3.9/site-packages/airflow/example_dags/subdags/subdag.py
[2024-08-12 22:27:43,133] {processor.py:641} INFO - Processing file /home/kai/Documents/airflowalura/venv/lib/python3.9/site-packages/airflow/example_dags/subdags/subdag.py for tasks to queue
[2024-08-12 22:27:43,133] {logging_mixin.py:115} INFO - [2024-08-12 22:27:43,133] {dagbag.py:507} INFO - Filling up the DagBag from /home/kai/Documents/airflowalura/venv/lib/python3.9/site-packages/airflow/example_dags/subdags/subdag.py
[2024-08-12 22:27:43,134] {processor.py:653} WARNING - No viable dags retrieved from /home/kai/Documents/airflowalura/venv/lib/python3.9/site-packages/airflow/example_dags/subdags/subdag.py
[2024-08-12 22:27:43,154] {processor.py:161} INFO - Processing /home/kai/Documents/airflowalura/venv/lib/python3.9/site-packages/airflow/example_dags/subdags/subdag.py took 0.025 seconds
[2024-08-12 22:28:44,160] {processor.py:153} INFO - Started process (PID=41690) to work on /home/kai/Documents/airflowalura/venv/lib/python3.9/site-packages/airflow/example_dags/subdags/subdag.py
[2024-08-12 22:28:44,161] {processor.py:641} INFO - Processing file /home/kai/Documents/airflowalura/venv/lib/python3.9/site-packages/airflow/example_dags/subdags/subdag.py for tasks to queue
[2024-08-12 22:28:44,162] {logging_mixin.py:115} INFO - [2024-08-12 22:28:44,162] {dagbag.py:507} INFO - Filling up the DagBag from /home/kai/Documents/airflowalura/venv/lib/python3.9/site-packages/airflow/example_dags/subdags/subdag.py
[2024-08-12 22:28:44,163] {processor.py:653} WARNING - No viable dags retrieved from /home/kai/Documents/airflowalura/venv/lib/python3.9/site-packages/airflow/example_dags/subdags/subdag.py
[2024-08-12 22:28:44,176] {processor.py:161} INFO - Processing /home/kai/Documents/airflowalura/venv/lib/python3.9/site-packages/airflow/example_dags/subdags/subdag.py took 0.018 seconds
[2024-08-12 22:35:34,941] {processor.py:153} INFO - Started process (PID=3310) to work on /home/kai/Documents/airflowalura/venv/lib/python3.9/site-packages/airflow/example_dags/subdags/subdag.py
[2024-08-12 22:35:34,942] {processor.py:641} INFO - Processing file /home/kai/Documents/airflowalura/venv/lib/python3.9/site-packages/airflow/example_dags/subdags/subdag.py for tasks to queue
[2024-08-12 22:35:34,943] {logging_mixin.py:115} INFO - [2024-08-12 22:35:34,943] {dagbag.py:507} INFO - Filling up the DagBag from /home/kai/Documents/airflowalura/venv/lib/python3.9/site-packages/airflow/example_dags/subdags/subdag.py
[2024-08-12 22:35:34,945] {processor.py:653} WARNING - No viable dags retrieved from /home/kai/Documents/airflowalura/venv/lib/python3.9/site-packages/airflow/example_dags/subdags/subdag.py
[2024-08-12 22:35:34,960] {processor.py:161} INFO - Processing /home/kai/Documents/airflowalura/venv/lib/python3.9/site-packages/airflow/example_dags/subdags/subdag.py took 0.025 seconds
[2024-08-12 22:36:09,277] {processor.py:153} INFO - Started process (PID=3903) to work on /home/kai/Documents/airflowalura/venv/lib/python3.9/site-packages/airflow/example_dags/subdags/subdag.py
[2024-08-12 22:36:09,278] {processor.py:641} INFO - Processing file /home/kai/Documents/airflowalura/venv/lib/python3.9/site-packages/airflow/example_dags/subdags/subdag.py for tasks to queue
[2024-08-12 22:36:09,279] {logging_mixin.py:115} INFO - [2024-08-12 22:36:09,279] {dagbag.py:507} INFO - Filling up the DagBag from /home/kai/Documents/airflowalura/venv/lib/python3.9/site-packages/airflow/example_dags/subdags/subdag.py
[2024-08-12 22:36:09,280] {processor.py:653} WARNING - No viable dags retrieved from /home/kai/Documents/airflowalura/venv/lib/python3.9/site-packages/airflow/example_dags/subdags/subdag.py
[2024-08-12 22:36:09,289] {processor.py:161} INFO - Processing /home/kai/Documents/airflowalura/venv/lib/python3.9/site-packages/airflow/example_dags/subdags/subdag.py took 0.013 seconds
[2024-08-12 22:36:43,008] {processor.py:153} INFO - Started process (PID=4091) to work on /home/kai/Documents/airflowalura/venv/lib/python3.9/site-packages/airflow/example_dags/subdags/subdag.py
[2024-08-12 22:36:43,010] {processor.py:641} INFO - Processing file /home/kai/Documents/airflowalura/venv/lib/python3.9/site-packages/airflow/example_dags/subdags/subdag.py for tasks to queue
[2024-08-12 22:36:43,012] {logging_mixin.py:115} INFO - [2024-08-12 22:36:43,012] {dagbag.py:507} INFO - Filling up the DagBag from /home/kai/Documents/airflowalura/venv/lib/python3.9/site-packages/airflow/example_dags/subdags/subdag.py
[2024-08-12 22:36:43,013] {processor.py:653} WARNING - No viable dags retrieved from /home/kai/Documents/airflowalura/venv/lib/python3.9/site-packages/airflow/example_dags/subdags/subdag.py
[2024-08-12 22:36:43,022] {processor.py:161} INFO - Processing /home/kai/Documents/airflowalura/venv/lib/python3.9/site-packages/airflow/example_dags/subdags/subdag.py took 0.016 seconds
[2024-08-12 22:37:15,735] {processor.py:153} INFO - Started process (PID=4325) to work on /home/kai/Documents/airflowalura/venv/lib/python3.9/site-packages/airflow/example_dags/subdags/subdag.py
[2024-08-12 22:37:15,736] {processor.py:641} INFO - Processing file /home/kai/Documents/airflowalura/venv/lib/python3.9/site-packages/airflow/example_dags/subdags/subdag.py for tasks to queue
[2024-08-12 22:37:15,737] {logging_mixin.py:115} INFO - [2024-08-12 22:37:15,737] {dagbag.py:507} INFO - Filling up the DagBag from /home/kai/Documents/airflowalura/venv/lib/python3.9/site-packages/airflow/example_dags/subdags/subdag.py
[2024-08-12 22:37:15,738] {processor.py:653} WARNING - No viable dags retrieved from /home/kai/Documents/airflowalura/venv/lib/python3.9/site-packages/airflow/example_dags/subdags/subdag.py
[2024-08-12 22:37:15,751] {processor.py:161} INFO - Processing /home/kai/Documents/airflowalura/venv/lib/python3.9/site-packages/airflow/example_dags/subdags/subdag.py took 0.018 seconds
[2024-08-12 22:37:49,682] {processor.py:153} INFO - Started process (PID=4741) to work on /home/kai/Documents/airflowalura/venv/lib/python3.9/site-packages/airflow/example_dags/subdags/subdag.py
[2024-08-12 22:37:49,682] {processor.py:641} INFO - Processing file /home/kai/Documents/airflowalura/venv/lib/python3.9/site-packages/airflow/example_dags/subdags/subdag.py for tasks to queue
[2024-08-12 22:37:49,683] {logging_mixin.py:115} INFO - [2024-08-12 22:37:49,682] {dagbag.py:507} INFO - Filling up the DagBag from /home/kai/Documents/airflowalura/venv/lib/python3.9/site-packages/airflow/example_dags/subdags/subdag.py
[2024-08-12 22:37:49,684] {processor.py:653} WARNING - No viable dags retrieved from /home/kai/Documents/airflowalura/venv/lib/python3.9/site-packages/airflow/example_dags/subdags/subdag.py
[2024-08-12 22:37:49,695] {processor.py:161} INFO - Processing /home/kai/Documents/airflowalura/venv/lib/python3.9/site-packages/airflow/example_dags/subdags/subdag.py took 0.016 seconds
[2024-08-12 22:38:27,211] {processor.py:153} INFO - Started process (PID=5057) to work on /home/kai/Documents/airflowalura/venv/lib/python3.9/site-packages/airflow/example_dags/subdags/subdag.py
[2024-08-12 22:38:27,214] {processor.py:641} INFO - Processing file /home/kai/Documents/airflowalura/venv/lib/python3.9/site-packages/airflow/example_dags/subdags/subdag.py for tasks to queue
[2024-08-12 22:38:27,215] {logging_mixin.py:115} INFO - [2024-08-12 22:38:27,215] {dagbag.py:507} INFO - Filling up the DagBag from /home/kai/Documents/airflowalura/venv/lib/python3.9/site-packages/airflow/example_dags/subdags/subdag.py
[2024-08-12 22:38:27,216] {processor.py:653} WARNING - No viable dags retrieved from /home/kai/Documents/airflowalura/venv/lib/python3.9/site-packages/airflow/example_dags/subdags/subdag.py
[2024-08-12 22:38:27,229] {processor.py:161} INFO - Processing /home/kai/Documents/airflowalura/venv/lib/python3.9/site-packages/airflow/example_dags/subdags/subdag.py took 0.021 seconds
[2024-08-12 22:38:59,906] {processor.py:153} INFO - Started process (PID=5348) to work on /home/kai/Documents/airflowalura/venv/lib/python3.9/site-packages/airflow/example_dags/subdags/subdag.py
[2024-08-12 22:38:59,907] {processor.py:641} INFO - Processing file /home/kai/Documents/airflowalura/venv/lib/python3.9/site-packages/airflow/example_dags/subdags/subdag.py for tasks to queue
[2024-08-12 22:38:59,907] {logging_mixin.py:115} INFO - [2024-08-12 22:38:59,907] {dagbag.py:507} INFO - Filling up the DagBag from /home/kai/Documents/airflowalura/venv/lib/python3.9/site-packages/airflow/example_dags/subdags/subdag.py
[2024-08-12 22:38:59,908] {processor.py:653} WARNING - No viable dags retrieved from /home/kai/Documents/airflowalura/venv/lib/python3.9/site-packages/airflow/example_dags/subdags/subdag.py
[2024-08-12 22:38:59,921] {processor.py:161} INFO - Processing /home/kai/Documents/airflowalura/venv/lib/python3.9/site-packages/airflow/example_dags/subdags/subdag.py took 0.018 seconds
[2024-08-12 22:39:35,335] {processor.py:153} INFO - Started process (PID=5649) to work on /home/kai/Documents/airflowalura/venv/lib/python3.9/site-packages/airflow/example_dags/subdags/subdag.py
[2024-08-12 22:39:35,336] {processor.py:641} INFO - Processing file /home/kai/Documents/airflowalura/venv/lib/python3.9/site-packages/airflow/example_dags/subdags/subdag.py for tasks to queue
[2024-08-12 22:39:35,337] {logging_mixin.py:115} INFO - [2024-08-12 22:39:35,336] {dagbag.py:507} INFO - Filling up the DagBag from /home/kai/Documents/airflowalura/venv/lib/python3.9/site-packages/airflow/example_dags/subdags/subdag.py
[2024-08-12 22:39:35,338] {processor.py:653} WARNING - No viable dags retrieved from /home/kai/Documents/airflowalura/venv/lib/python3.9/site-packages/airflow/example_dags/subdags/subdag.py
[2024-08-12 22:39:35,349] {processor.py:161} INFO - Processing /home/kai/Documents/airflowalura/venv/lib/python3.9/site-packages/airflow/example_dags/subdags/subdag.py took 0.017 seconds
[2024-08-12 22:40:10,663] {processor.py:153} INFO - Started process (PID=5979) to work on /home/kai/Documents/airflowalura/venv/lib/python3.9/site-packages/airflow/example_dags/subdags/subdag.py
[2024-08-12 22:40:10,664] {processor.py:641} INFO - Processing file /home/kai/Documents/airflowalura/venv/lib/python3.9/site-packages/airflow/example_dags/subdags/subdag.py for tasks to queue
[2024-08-12 22:40:10,665] {logging_mixin.py:115} INFO - [2024-08-12 22:40:10,665] {dagbag.py:507} INFO - Filling up the DagBag from /home/kai/Documents/airflowalura/venv/lib/python3.9/site-packages/airflow/example_dags/subdags/subdag.py
[2024-08-12 22:40:10,666] {processor.py:653} WARNING - No viable dags retrieved from /home/kai/Documents/airflowalura/venv/lib/python3.9/site-packages/airflow/example_dags/subdags/subdag.py
[2024-08-12 22:40:10,677] {processor.py:161} INFO - Processing /home/kai/Documents/airflowalura/venv/lib/python3.9/site-packages/airflow/example_dags/subdags/subdag.py took 0.016 seconds
[2024-08-12 22:40:43,199] {processor.py:153} INFO - Started process (PID=6293) to work on /home/kai/Documents/airflowalura/venv/lib/python3.9/site-packages/airflow/example_dags/subdags/subdag.py
[2024-08-12 22:40:43,199] {processor.py:641} INFO - Processing file /home/kai/Documents/airflowalura/venv/lib/python3.9/site-packages/airflow/example_dags/subdags/subdag.py for tasks to queue
[2024-08-12 22:40:43,200] {logging_mixin.py:115} INFO - [2024-08-12 22:40:43,200] {dagbag.py:507} INFO - Filling up the DagBag from /home/kai/Documents/airflowalura/venv/lib/python3.9/site-packages/airflow/example_dags/subdags/subdag.py
[2024-08-12 22:40:43,201] {processor.py:653} WARNING - No viable dags retrieved from /home/kai/Documents/airflowalura/venv/lib/python3.9/site-packages/airflow/example_dags/subdags/subdag.py
[2024-08-12 22:40:43,211] {processor.py:161} INFO - Processing /home/kai/Documents/airflowalura/venv/lib/python3.9/site-packages/airflow/example_dags/subdags/subdag.py took 0.015 seconds
[2024-08-12 22:41:17,541] {processor.py:153} INFO - Started process (PID=6555) to work on /home/kai/Documents/airflowalura/venv/lib/python3.9/site-packages/airflow/example_dags/subdags/subdag.py
[2024-08-12 22:41:17,541] {processor.py:641} INFO - Processing file /home/kai/Documents/airflowalura/venv/lib/python3.9/site-packages/airflow/example_dags/subdags/subdag.py for tasks to queue
[2024-08-12 22:41:17,542] {logging_mixin.py:115} INFO - [2024-08-12 22:41:17,542] {dagbag.py:507} INFO - Filling up the DagBag from /home/kai/Documents/airflowalura/venv/lib/python3.9/site-packages/airflow/example_dags/subdags/subdag.py
[2024-08-12 22:41:17,543] {processor.py:653} WARNING - No viable dags retrieved from /home/kai/Documents/airflowalura/venv/lib/python3.9/site-packages/airflow/example_dags/subdags/subdag.py
[2024-08-12 22:41:17,554] {processor.py:161} INFO - Processing /home/kai/Documents/airflowalura/venv/lib/python3.9/site-packages/airflow/example_dags/subdags/subdag.py took 0.015 seconds
[2024-08-12 22:41:53,832] {processor.py:153} INFO - Started process (PID=7037) to work on /home/kai/Documents/airflowalura/venv/lib/python3.9/site-packages/airflow/example_dags/subdags/subdag.py
[2024-08-12 22:41:53,833] {processor.py:641} INFO - Processing file /home/kai/Documents/airflowalura/venv/lib/python3.9/site-packages/airflow/example_dags/subdags/subdag.py for tasks to queue
[2024-08-12 22:41:53,834] {logging_mixin.py:115} INFO - [2024-08-12 22:41:53,834] {dagbag.py:507} INFO - Filling up the DagBag from /home/kai/Documents/airflowalura/venv/lib/python3.9/site-packages/airflow/example_dags/subdags/subdag.py
[2024-08-12 22:41:53,835] {processor.py:653} WARNING - No viable dags retrieved from /home/kai/Documents/airflowalura/venv/lib/python3.9/site-packages/airflow/example_dags/subdags/subdag.py
[2024-08-12 22:41:53,847] {processor.py:161} INFO - Processing /home/kai/Documents/airflowalura/venv/lib/python3.9/site-packages/airflow/example_dags/subdags/subdag.py took 0.017 seconds
[2024-08-12 22:42:28,657] {processor.py:153} INFO - Started process (PID=7287) to work on /home/kai/Documents/airflowalura/venv/lib/python3.9/site-packages/airflow/example_dags/subdags/subdag.py
[2024-08-12 22:42:28,658] {processor.py:641} INFO - Processing file /home/kai/Documents/airflowalura/venv/lib/python3.9/site-packages/airflow/example_dags/subdags/subdag.py for tasks to queue
[2024-08-12 22:42:28,658] {logging_mixin.py:115} INFO - [2024-08-12 22:42:28,658] {dagbag.py:507} INFO - Filling up the DagBag from /home/kai/Documents/airflowalura/venv/lib/python3.9/site-packages/airflow/example_dags/subdags/subdag.py
[2024-08-12 22:42:28,660] {processor.py:653} WARNING - No viable dags retrieved from /home/kai/Documents/airflowalura/venv/lib/python3.9/site-packages/airflow/example_dags/subdags/subdag.py
[2024-08-12 22:42:28,671] {processor.py:161} INFO - Processing /home/kai/Documents/airflowalura/venv/lib/python3.9/site-packages/airflow/example_dags/subdags/subdag.py took 0.016 seconds
[2024-08-12 22:43:02,673] {processor.py:153} INFO - Started process (PID=7572) to work on /home/kai/Documents/airflowalura/venv/lib/python3.9/site-packages/airflow/example_dags/subdags/subdag.py
[2024-08-12 22:43:02,674] {processor.py:641} INFO - Processing file /home/kai/Documents/airflowalura/venv/lib/python3.9/site-packages/airflow/example_dags/subdags/subdag.py for tasks to queue
[2024-08-12 22:43:02,675] {logging_mixin.py:115} INFO - [2024-08-12 22:43:02,675] {dagbag.py:507} INFO - Filling up the DagBag from /home/kai/Documents/airflowalura/venv/lib/python3.9/site-packages/airflow/example_dags/subdags/subdag.py
[2024-08-12 22:43:02,677] {processor.py:653} WARNING - No viable dags retrieved from /home/kai/Documents/airflowalura/venv/lib/python3.9/site-packages/airflow/example_dags/subdags/subdag.py
[2024-08-12 22:43:02,691] {processor.py:161} INFO - Processing /home/kai/Documents/airflowalura/venv/lib/python3.9/site-packages/airflow/example_dags/subdags/subdag.py took 0.022 seconds
[2024-08-12 22:43:38,800] {processor.py:153} INFO - Started process (PID=7758) to work on /home/kai/Documents/airflowalura/venv/lib/python3.9/site-packages/airflow/example_dags/subdags/subdag.py
[2024-08-12 22:43:38,801] {processor.py:641} INFO - Processing file /home/kai/Documents/airflowalura/venv/lib/python3.9/site-packages/airflow/example_dags/subdags/subdag.py for tasks to queue
[2024-08-12 22:43:38,802] {logging_mixin.py:115} INFO - [2024-08-12 22:43:38,802] {dagbag.py:507} INFO - Filling up the DagBag from /home/kai/Documents/airflowalura/venv/lib/python3.9/site-packages/airflow/example_dags/subdags/subdag.py
[2024-08-12 22:43:38,804] {processor.py:653} WARNING - No viable dags retrieved from /home/kai/Documents/airflowalura/venv/lib/python3.9/site-packages/airflow/example_dags/subdags/subdag.py
[2024-08-12 22:43:38,815] {processor.py:161} INFO - Processing /home/kai/Documents/airflowalura/venv/lib/python3.9/site-packages/airflow/example_dags/subdags/subdag.py took 0.018 seconds
[2024-08-12 22:44:11,757] {processor.py:153} INFO - Started process (PID=8047) to work on /home/kai/Documents/airflowalura/venv/lib/python3.9/site-packages/airflow/example_dags/subdags/subdag.py
[2024-08-12 22:44:11,758] {processor.py:641} INFO - Processing file /home/kai/Documents/airflowalura/venv/lib/python3.9/site-packages/airflow/example_dags/subdags/subdag.py for tasks to queue
[2024-08-12 22:44:11,759] {logging_mixin.py:115} INFO - [2024-08-12 22:44:11,759] {dagbag.py:507} INFO - Filling up the DagBag from /home/kai/Documents/airflowalura/venv/lib/python3.9/site-packages/airflow/example_dags/subdags/subdag.py
[2024-08-12 22:44:11,760] {processor.py:653} WARNING - No viable dags retrieved from /home/kai/Documents/airflowalura/venv/lib/python3.9/site-packages/airflow/example_dags/subdags/subdag.py
[2024-08-12 22:44:11,772] {processor.py:161} INFO - Processing /home/kai/Documents/airflowalura/venv/lib/python3.9/site-packages/airflow/example_dags/subdags/subdag.py took 0.018 seconds
[2024-08-12 22:44:46,681] {processor.py:153} INFO - Started process (PID=8241) to work on /home/kai/Documents/airflowalura/venv/lib/python3.9/site-packages/airflow/example_dags/subdags/subdag.py
[2024-08-12 22:44:46,681] {processor.py:641} INFO - Processing file /home/kai/Documents/airflowalura/venv/lib/python3.9/site-packages/airflow/example_dags/subdags/subdag.py for tasks to queue
[2024-08-12 22:44:46,682] {logging_mixin.py:115} INFO - [2024-08-12 22:44:46,682] {dagbag.py:507} INFO - Filling up the DagBag from /home/kai/Documents/airflowalura/venv/lib/python3.9/site-packages/airflow/example_dags/subdags/subdag.py
[2024-08-12 22:44:46,683] {processor.py:653} WARNING - No viable dags retrieved from /home/kai/Documents/airflowalura/venv/lib/python3.9/site-packages/airflow/example_dags/subdags/subdag.py
[2024-08-12 22:44:46,693] {processor.py:161} INFO - Processing /home/kai/Documents/airflowalura/venv/lib/python3.9/site-packages/airflow/example_dags/subdags/subdag.py took 0.015 seconds
[2024-08-12 22:45:20,155] {processor.py:153} INFO - Started process (PID=8589) to work on /home/kai/Documents/airflowalura/venv/lib/python3.9/site-packages/airflow/example_dags/subdags/subdag.py
[2024-08-12 22:45:20,156] {processor.py:641} INFO - Processing file /home/kai/Documents/airflowalura/venv/lib/python3.9/site-packages/airflow/example_dags/subdags/subdag.py for tasks to queue
[2024-08-12 22:45:20,156] {logging_mixin.py:115} INFO - [2024-08-12 22:45:20,156] {dagbag.py:507} INFO - Filling up the DagBag from /home/kai/Documents/airflowalura/venv/lib/python3.9/site-packages/airflow/example_dags/subdags/subdag.py
[2024-08-12 22:45:20,157] {processor.py:653} WARNING - No viable dags retrieved from /home/kai/Documents/airflowalura/venv/lib/python3.9/site-packages/airflow/example_dags/subdags/subdag.py
[2024-08-12 22:45:20,166] {processor.py:161} INFO - Processing /home/kai/Documents/airflowalura/venv/lib/python3.9/site-packages/airflow/example_dags/subdags/subdag.py took 0.014 seconds
[2024-08-12 22:45:54,162] {processor.py:153} INFO - Started process (PID=8829) to work on /home/kai/Documents/airflowalura/venv/lib/python3.9/site-packages/airflow/example_dags/subdags/subdag.py
[2024-08-12 22:45:54,163] {processor.py:641} INFO - Processing file /home/kai/Documents/airflowalura/venv/lib/python3.9/site-packages/airflow/example_dags/subdags/subdag.py for tasks to queue
[2024-08-12 22:45:54,163] {logging_mixin.py:115} INFO - [2024-08-12 22:45:54,163] {dagbag.py:507} INFO - Filling up the DagBag from /home/kai/Documents/airflowalura/venv/lib/python3.9/site-packages/airflow/example_dags/subdags/subdag.py
[2024-08-12 22:45:54,164] {processor.py:653} WARNING - No viable dags retrieved from /home/kai/Documents/airflowalura/venv/lib/python3.9/site-packages/airflow/example_dags/subdags/subdag.py
[2024-08-12 22:45:54,174] {processor.py:161} INFO - Processing /home/kai/Documents/airflowalura/venv/lib/python3.9/site-packages/airflow/example_dags/subdags/subdag.py took 0.015 seconds
[2024-08-12 22:46:26,811] {processor.py:153} INFO - Started process (PID=8999) to work on /home/kai/Documents/airflowalura/venv/lib/python3.9/site-packages/airflow/example_dags/subdags/subdag.py
[2024-08-12 22:46:26,812] {processor.py:641} INFO - Processing file /home/kai/Documents/airflowalura/venv/lib/python3.9/site-packages/airflow/example_dags/subdags/subdag.py for tasks to queue
[2024-08-12 22:46:26,813] {logging_mixin.py:115} INFO - [2024-08-12 22:46:26,813] {dagbag.py:507} INFO - Filling up the DagBag from /home/kai/Documents/airflowalura/venv/lib/python3.9/site-packages/airflow/example_dags/subdags/subdag.py
[2024-08-12 22:46:26,814] {processor.py:653} WARNING - No viable dags retrieved from /home/kai/Documents/airflowalura/venv/lib/python3.9/site-packages/airflow/example_dags/subdags/subdag.py
[2024-08-12 22:46:26,824] {processor.py:161} INFO - Processing /home/kai/Documents/airflowalura/venv/lib/python3.9/site-packages/airflow/example_dags/subdags/subdag.py took 0.015 seconds
[2024-08-12 22:47:02,443] {processor.py:153} INFO - Started process (PID=9199) to work on /home/kai/Documents/airflowalura/venv/lib/python3.9/site-packages/airflow/example_dags/subdags/subdag.py
[2024-08-12 22:47:02,444] {processor.py:641} INFO - Processing file /home/kai/Documents/airflowalura/venv/lib/python3.9/site-packages/airflow/example_dags/subdags/subdag.py for tasks to queue
[2024-08-12 22:47:02,444] {logging_mixin.py:115} INFO - [2024-08-12 22:47:02,444] {dagbag.py:507} INFO - Filling up the DagBag from /home/kai/Documents/airflowalura/venv/lib/python3.9/site-packages/airflow/example_dags/subdags/subdag.py
[2024-08-12 22:47:02,446] {processor.py:653} WARNING - No viable dags retrieved from /home/kai/Documents/airflowalura/venv/lib/python3.9/site-packages/airflow/example_dags/subdags/subdag.py
[2024-08-12 22:47:02,456] {processor.py:161} INFO - Processing /home/kai/Documents/airflowalura/venv/lib/python3.9/site-packages/airflow/example_dags/subdags/subdag.py took 0.016 seconds
[2024-08-12 22:47:36,134] {processor.py:153} INFO - Started process (PID=9390) to work on /home/kai/Documents/airflowalura/venv/lib/python3.9/site-packages/airflow/example_dags/subdags/subdag.py
[2024-08-12 22:47:36,134] {processor.py:641} INFO - Processing file /home/kai/Documents/airflowalura/venv/lib/python3.9/site-packages/airflow/example_dags/subdags/subdag.py for tasks to queue
[2024-08-12 22:47:36,135] {logging_mixin.py:115} INFO - [2024-08-12 22:47:36,135] {dagbag.py:507} INFO - Filling up the DagBag from /home/kai/Documents/airflowalura/venv/lib/python3.9/site-packages/airflow/example_dags/subdags/subdag.py
[2024-08-12 22:47:36,136] {processor.py:653} WARNING - No viable dags retrieved from /home/kai/Documents/airflowalura/venv/lib/python3.9/site-packages/airflow/example_dags/subdags/subdag.py
[2024-08-12 22:47:36,145] {processor.py:161} INFO - Processing /home/kai/Documents/airflowalura/venv/lib/python3.9/site-packages/airflow/example_dags/subdags/subdag.py took 0.014 seconds
[2024-08-12 22:48:10,952] {processor.py:153} INFO - Started process (PID=9586) to work on /home/kai/Documents/airflowalura/venv/lib/python3.9/site-packages/airflow/example_dags/subdags/subdag.py
[2024-08-12 22:48:10,952] {processor.py:641} INFO - Processing file /home/kai/Documents/airflowalura/venv/lib/python3.9/site-packages/airflow/example_dags/subdags/subdag.py for tasks to queue
[2024-08-12 22:48:10,953] {logging_mixin.py:115} INFO - [2024-08-12 22:48:10,953] {dagbag.py:507} INFO - Filling up the DagBag from /home/kai/Documents/airflowalura/venv/lib/python3.9/site-packages/airflow/example_dags/subdags/subdag.py
[2024-08-12 22:48:10,954] {processor.py:653} WARNING - No viable dags retrieved from /home/kai/Documents/airflowalura/venv/lib/python3.9/site-packages/airflow/example_dags/subdags/subdag.py
[2024-08-12 22:48:10,963] {processor.py:161} INFO - Processing /home/kai/Documents/airflowalura/venv/lib/python3.9/site-packages/airflow/example_dags/subdags/subdag.py took 0.013 seconds
[2024-08-12 22:48:43,924] {processor.py:153} INFO - Started process (PID=9764) to work on /home/kai/Documents/airflowalura/venv/lib/python3.9/site-packages/airflow/example_dags/subdags/subdag.py
[2024-08-12 22:48:43,924] {processor.py:641} INFO - Processing file /home/kai/Documents/airflowalura/venv/lib/python3.9/site-packages/airflow/example_dags/subdags/subdag.py for tasks to queue
[2024-08-12 22:48:43,925] {logging_mixin.py:115} INFO - [2024-08-12 22:48:43,925] {dagbag.py:507} INFO - Filling up the DagBag from /home/kai/Documents/airflowalura/venv/lib/python3.9/site-packages/airflow/example_dags/subdags/subdag.py
[2024-08-12 22:48:43,926] {processor.py:653} WARNING - No viable dags retrieved from /home/kai/Documents/airflowalura/venv/lib/python3.9/site-packages/airflow/example_dags/subdags/subdag.py
[2024-08-12 22:48:43,936] {processor.py:161} INFO - Processing /home/kai/Documents/airflowalura/venv/lib/python3.9/site-packages/airflow/example_dags/subdags/subdag.py took 0.015 seconds
[2024-08-12 22:49:19,849] {processor.py:153} INFO - Started process (PID=9971) to work on /home/kai/Documents/airflowalura/venv/lib/python3.9/site-packages/airflow/example_dags/subdags/subdag.py
[2024-08-12 22:49:19,850] {processor.py:641} INFO - Processing file /home/kai/Documents/airflowalura/venv/lib/python3.9/site-packages/airflow/example_dags/subdags/subdag.py for tasks to queue
[2024-08-12 22:49:19,850] {logging_mixin.py:115} INFO - [2024-08-12 22:49:19,850] {dagbag.py:507} INFO - Filling up the DagBag from /home/kai/Documents/airflowalura/venv/lib/python3.9/site-packages/airflow/example_dags/subdags/subdag.py
[2024-08-12 22:49:19,852] {processor.py:653} WARNING - No viable dags retrieved from /home/kai/Documents/airflowalura/venv/lib/python3.9/site-packages/airflow/example_dags/subdags/subdag.py
[2024-08-12 22:49:19,861] {processor.py:161} INFO - Processing /home/kai/Documents/airflowalura/venv/lib/python3.9/site-packages/airflow/example_dags/subdags/subdag.py took 0.015 seconds
[2024-08-12 22:49:53,485] {processor.py:153} INFO - Started process (PID=10159) to work on /home/kai/Documents/airflowalura/venv/lib/python3.9/site-packages/airflow/example_dags/subdags/subdag.py
[2024-08-12 22:49:53,486] {processor.py:641} INFO - Processing file /home/kai/Documents/airflowalura/venv/lib/python3.9/site-packages/airflow/example_dags/subdags/subdag.py for tasks to queue
[2024-08-12 22:49:53,486] {logging_mixin.py:115} INFO - [2024-08-12 22:49:53,486] {dagbag.py:507} INFO - Filling up the DagBag from /home/kai/Documents/airflowalura/venv/lib/python3.9/site-packages/airflow/example_dags/subdags/subdag.py
[2024-08-12 22:49:53,488] {processor.py:653} WARNING - No viable dags retrieved from /home/kai/Documents/airflowalura/venv/lib/python3.9/site-packages/airflow/example_dags/subdags/subdag.py
[2024-08-12 22:49:53,496] {processor.py:161} INFO - Processing /home/kai/Documents/airflowalura/venv/lib/python3.9/site-packages/airflow/example_dags/subdags/subdag.py took 0.014 seconds
[2024-08-12 22:50:24,284] {processor.py:153} INFO - Started process (PID=10384) to work on /home/kai/Documents/airflowalura/venv/lib/python3.9/site-packages/airflow/example_dags/subdags/subdag.py
[2024-08-12 22:50:24,284] {processor.py:641} INFO - Processing file /home/kai/Documents/airflowalura/venv/lib/python3.9/site-packages/airflow/example_dags/subdags/subdag.py for tasks to queue
[2024-08-12 22:50:24,285] {logging_mixin.py:115} INFO - [2024-08-12 22:50:24,285] {dagbag.py:507} INFO - Filling up the DagBag from /home/kai/Documents/airflowalura/venv/lib/python3.9/site-packages/airflow/example_dags/subdags/subdag.py
[2024-08-12 22:50:24,286] {processor.py:653} WARNING - No viable dags retrieved from /home/kai/Documents/airflowalura/venv/lib/python3.9/site-packages/airflow/example_dags/subdags/subdag.py
[2024-08-12 22:50:24,295] {processor.py:161} INFO - Processing /home/kai/Documents/airflowalura/venv/lib/python3.9/site-packages/airflow/example_dags/subdags/subdag.py took 0.014 seconds
[2024-08-12 22:50:59,135] {processor.py:153} INFO - Started process (PID=10582) to work on /home/kai/Documents/airflowalura/venv/lib/python3.9/site-packages/airflow/example_dags/subdags/subdag.py
[2024-08-12 22:50:59,136] {processor.py:641} INFO - Processing file /home/kai/Documents/airflowalura/venv/lib/python3.9/site-packages/airflow/example_dags/subdags/subdag.py for tasks to queue
[2024-08-12 22:50:59,136] {logging_mixin.py:115} INFO - [2024-08-12 22:50:59,136] {dagbag.py:507} INFO - Filling up the DagBag from /home/kai/Documents/airflowalura/venv/lib/python3.9/site-packages/airflow/example_dags/subdags/subdag.py
[2024-08-12 22:50:59,137] {processor.py:653} WARNING - No viable dags retrieved from /home/kai/Documents/airflowalura/venv/lib/python3.9/site-packages/airflow/example_dags/subdags/subdag.py
[2024-08-12 22:50:59,147] {processor.py:161} INFO - Processing /home/kai/Documents/airflowalura/venv/lib/python3.9/site-packages/airflow/example_dags/subdags/subdag.py took 0.014 seconds
[2024-08-12 22:51:32,159] {processor.py:153} INFO - Started process (PID=10760) to work on /home/kai/Documents/airflowalura/venv/lib/python3.9/site-packages/airflow/example_dags/subdags/subdag.py
[2024-08-12 22:51:32,160] {processor.py:641} INFO - Processing file /home/kai/Documents/airflowalura/venv/lib/python3.9/site-packages/airflow/example_dags/subdags/subdag.py for tasks to queue
[2024-08-12 22:51:32,160] {logging_mixin.py:115} INFO - [2024-08-12 22:51:32,160] {dagbag.py:507} INFO - Filling up the DagBag from /home/kai/Documents/airflowalura/venv/lib/python3.9/site-packages/airflow/example_dags/subdags/subdag.py
[2024-08-12 22:51:32,161] {processor.py:653} WARNING - No viable dags retrieved from /home/kai/Documents/airflowalura/venv/lib/python3.9/site-packages/airflow/example_dags/subdags/subdag.py
[2024-08-12 22:51:32,171] {processor.py:161} INFO - Processing /home/kai/Documents/airflowalura/venv/lib/python3.9/site-packages/airflow/example_dags/subdags/subdag.py took 0.015 seconds
[2024-08-12 22:52:09,535] {processor.py:153} INFO - Started process (PID=10971) to work on /home/kai/Documents/airflowalura/venv/lib/python3.9/site-packages/airflow/example_dags/subdags/subdag.py
[2024-08-12 22:52:09,536] {processor.py:641} INFO - Processing file /home/kai/Documents/airflowalura/venv/lib/python3.9/site-packages/airflow/example_dags/subdags/subdag.py for tasks to queue
[2024-08-12 22:52:09,536] {logging_mixin.py:115} INFO - [2024-08-12 22:52:09,536] {dagbag.py:507} INFO - Filling up the DagBag from /home/kai/Documents/airflowalura/venv/lib/python3.9/site-packages/airflow/example_dags/subdags/subdag.py
[2024-08-12 22:52:09,537] {processor.py:653} WARNING - No viable dags retrieved from /home/kai/Documents/airflowalura/venv/lib/python3.9/site-packages/airflow/example_dags/subdags/subdag.py
[2024-08-12 22:52:09,546] {processor.py:161} INFO - Processing /home/kai/Documents/airflowalura/venv/lib/python3.9/site-packages/airflow/example_dags/subdags/subdag.py took 0.013 seconds
[2024-08-12 22:52:42,853] {processor.py:153} INFO - Started process (PID=11152) to work on /home/kai/Documents/airflowalura/venv/lib/python3.9/site-packages/airflow/example_dags/subdags/subdag.py
[2024-08-12 22:52:42,854] {processor.py:641} INFO - Processing file /home/kai/Documents/airflowalura/venv/lib/python3.9/site-packages/airflow/example_dags/subdags/subdag.py for tasks to queue
[2024-08-12 22:52:42,854] {logging_mixin.py:115} INFO - [2024-08-12 22:52:42,854] {dagbag.py:507} INFO - Filling up the DagBag from /home/kai/Documents/airflowalura/venv/lib/python3.9/site-packages/airflow/example_dags/subdags/subdag.py
[2024-08-12 22:52:42,855] {processor.py:653} WARNING - No viable dags retrieved from /home/kai/Documents/airflowalura/venv/lib/python3.9/site-packages/airflow/example_dags/subdags/subdag.py
[2024-08-12 22:52:42,864] {processor.py:161} INFO - Processing /home/kai/Documents/airflowalura/venv/lib/python3.9/site-packages/airflow/example_dags/subdags/subdag.py took 0.013 seconds
[2024-08-12 22:53:15,882] {processor.py:153} INFO - Started process (PID=11335) to work on /home/kai/Documents/airflowalura/venv/lib/python3.9/site-packages/airflow/example_dags/subdags/subdag.py
[2024-08-12 22:53:15,883] {processor.py:641} INFO - Processing file /home/kai/Documents/airflowalura/venv/lib/python3.9/site-packages/airflow/example_dags/subdags/subdag.py for tasks to queue
[2024-08-12 22:53:15,884] {logging_mixin.py:115} INFO - [2024-08-12 22:53:15,884] {dagbag.py:507} INFO - Filling up the DagBag from /home/kai/Documents/airflowalura/venv/lib/python3.9/site-packages/airflow/example_dags/subdags/subdag.py
[2024-08-12 22:53:15,885] {processor.py:653} WARNING - No viable dags retrieved from /home/kai/Documents/airflowalura/venv/lib/python3.9/site-packages/airflow/example_dags/subdags/subdag.py
[2024-08-12 22:53:15,894] {processor.py:161} INFO - Processing /home/kai/Documents/airflowalura/venv/lib/python3.9/site-packages/airflow/example_dags/subdags/subdag.py took 0.014 seconds
[2024-08-12 22:53:48,800] {processor.py:153} INFO - Started process (PID=11524) to work on /home/kai/Documents/airflowalura/venv/lib/python3.9/site-packages/airflow/example_dags/subdags/subdag.py
[2024-08-12 22:53:48,801] {processor.py:641} INFO - Processing file /home/kai/Documents/airflowalura/venv/lib/python3.9/site-packages/airflow/example_dags/subdags/subdag.py for tasks to queue
[2024-08-12 22:53:48,801] {logging_mixin.py:115} INFO - [2024-08-12 22:53:48,801] {dagbag.py:507} INFO - Filling up the DagBag from /home/kai/Documents/airflowalura/venv/lib/python3.9/site-packages/airflow/example_dags/subdags/subdag.py
[2024-08-12 22:53:48,802] {processor.py:653} WARNING - No viable dags retrieved from /home/kai/Documents/airflowalura/venv/lib/python3.9/site-packages/airflow/example_dags/subdags/subdag.py
[2024-08-12 22:53:48,812] {processor.py:161} INFO - Processing /home/kai/Documents/airflowalura/venv/lib/python3.9/site-packages/airflow/example_dags/subdags/subdag.py took 0.014 seconds
[2024-08-12 22:54:21,449] {processor.py:153} INFO - Started process (PID=11705) to work on /home/kai/Documents/airflowalura/venv/lib/python3.9/site-packages/airflow/example_dags/subdags/subdag.py
[2024-08-12 22:54:21,450] {processor.py:641} INFO - Processing file /home/kai/Documents/airflowalura/venv/lib/python3.9/site-packages/airflow/example_dags/subdags/subdag.py for tasks to queue
[2024-08-12 22:54:21,451] {logging_mixin.py:115} INFO - [2024-08-12 22:54:21,450] {dagbag.py:507} INFO - Filling up the DagBag from /home/kai/Documents/airflowalura/venv/lib/python3.9/site-packages/airflow/example_dags/subdags/subdag.py
[2024-08-12 22:54:21,452] {processor.py:653} WARNING - No viable dags retrieved from /home/kai/Documents/airflowalura/venv/lib/python3.9/site-packages/airflow/example_dags/subdags/subdag.py
[2024-08-12 22:54:21,460] {processor.py:161} INFO - Processing /home/kai/Documents/airflowalura/venv/lib/python3.9/site-packages/airflow/example_dags/subdags/subdag.py took 0.014 seconds
[2024-08-12 22:54:54,598] {processor.py:153} INFO - Started process (PID=11891) to work on /home/kai/Documents/airflowalura/venv/lib/python3.9/site-packages/airflow/example_dags/subdags/subdag.py
[2024-08-12 22:54:54,599] {processor.py:641} INFO - Processing file /home/kai/Documents/airflowalura/venv/lib/python3.9/site-packages/airflow/example_dags/subdags/subdag.py for tasks to queue
[2024-08-12 22:54:54,600] {logging_mixin.py:115} INFO - [2024-08-12 22:54:54,600] {dagbag.py:507} INFO - Filling up the DagBag from /home/kai/Documents/airflowalura/venv/lib/python3.9/site-packages/airflow/example_dags/subdags/subdag.py
[2024-08-12 22:54:54,601] {processor.py:653} WARNING - No viable dags retrieved from /home/kai/Documents/airflowalura/venv/lib/python3.9/site-packages/airflow/example_dags/subdags/subdag.py
[2024-08-12 22:54:54,610] {processor.py:161} INFO - Processing /home/kai/Documents/airflowalura/venv/lib/python3.9/site-packages/airflow/example_dags/subdags/subdag.py took 0.014 seconds
[2024-08-12 22:55:28,109] {processor.py:153} INFO - Started process (PID=12123) to work on /home/kai/Documents/airflowalura/venv/lib/python3.9/site-packages/airflow/example_dags/subdags/subdag.py
[2024-08-12 22:55:28,110] {processor.py:641} INFO - Processing file /home/kai/Documents/airflowalura/venv/lib/python3.9/site-packages/airflow/example_dags/subdags/subdag.py for tasks to queue
[2024-08-12 22:55:28,110] {logging_mixin.py:115} INFO - [2024-08-12 22:55:28,110] {dagbag.py:507} INFO - Filling up the DagBag from /home/kai/Documents/airflowalura/venv/lib/python3.9/site-packages/airflow/example_dags/subdags/subdag.py
[2024-08-12 22:55:28,111] {processor.py:653} WARNING - No viable dags retrieved from /home/kai/Documents/airflowalura/venv/lib/python3.9/site-packages/airflow/example_dags/subdags/subdag.py
[2024-08-12 22:55:28,121] {processor.py:161} INFO - Processing /home/kai/Documents/airflowalura/venv/lib/python3.9/site-packages/airflow/example_dags/subdags/subdag.py took 0.015 seconds
[2024-08-12 22:56:00,239] {processor.py:153} INFO - Started process (PID=12311) to work on /home/kai/Documents/airflowalura/venv/lib/python3.9/site-packages/airflow/example_dags/subdags/subdag.py
[2024-08-12 22:56:00,240] {processor.py:641} INFO - Processing file /home/kai/Documents/airflowalura/venv/lib/python3.9/site-packages/airflow/example_dags/subdags/subdag.py for tasks to queue
[2024-08-12 22:56:00,241] {logging_mixin.py:115} INFO - [2024-08-12 22:56:00,241] {dagbag.py:507} INFO - Filling up the DagBag from /home/kai/Documents/airflowalura/venv/lib/python3.9/site-packages/airflow/example_dags/subdags/subdag.py
[2024-08-12 22:56:00,242] {processor.py:653} WARNING - No viable dags retrieved from /home/kai/Documents/airflowalura/venv/lib/python3.9/site-packages/airflow/example_dags/subdags/subdag.py
[2024-08-12 22:56:00,251] {processor.py:161} INFO - Processing /home/kai/Documents/airflowalura/venv/lib/python3.9/site-packages/airflow/example_dags/subdags/subdag.py took 0.014 seconds
[2024-08-12 22:56:34,879] {processor.py:153} INFO - Started process (PID=12533) to work on /home/kai/Documents/airflowalura/venv/lib/python3.9/site-packages/airflow/example_dags/subdags/subdag.py
[2024-08-12 22:56:34,880] {processor.py:641} INFO - Processing file /home/kai/Documents/airflowalura/venv/lib/python3.9/site-packages/airflow/example_dags/subdags/subdag.py for tasks to queue
[2024-08-12 22:56:34,880] {logging_mixin.py:115} INFO - [2024-08-12 22:56:34,880] {dagbag.py:507} INFO - Filling up the DagBag from /home/kai/Documents/airflowalura/venv/lib/python3.9/site-packages/airflow/example_dags/subdags/subdag.py
[2024-08-12 22:56:34,881] {processor.py:653} WARNING - No viable dags retrieved from /home/kai/Documents/airflowalura/venv/lib/python3.9/site-packages/airflow/example_dags/subdags/subdag.py
[2024-08-12 22:56:34,890] {processor.py:161} INFO - Processing /home/kai/Documents/airflowalura/venv/lib/python3.9/site-packages/airflow/example_dags/subdags/subdag.py took 0.013 seconds
[2024-08-12 22:57:09,038] {processor.py:153} INFO - Started process (PID=12721) to work on /home/kai/Documents/airflowalura/venv/lib/python3.9/site-packages/airflow/example_dags/subdags/subdag.py
[2024-08-12 22:57:09,039] {processor.py:641} INFO - Processing file /home/kai/Documents/airflowalura/venv/lib/python3.9/site-packages/airflow/example_dags/subdags/subdag.py for tasks to queue
[2024-08-12 22:57:09,039] {logging_mixin.py:115} INFO - [2024-08-12 22:57:09,039] {dagbag.py:507} INFO - Filling up the DagBag from /home/kai/Documents/airflowalura/venv/lib/python3.9/site-packages/airflow/example_dags/subdags/subdag.py
[2024-08-12 22:57:09,040] {processor.py:653} WARNING - No viable dags retrieved from /home/kai/Documents/airflowalura/venv/lib/python3.9/site-packages/airflow/example_dags/subdags/subdag.py
[2024-08-12 22:57:09,051] {processor.py:161} INFO - Processing /home/kai/Documents/airflowalura/venv/lib/python3.9/site-packages/airflow/example_dags/subdags/subdag.py took 0.015 seconds
[2024-08-12 22:57:42,592] {processor.py:153} INFO - Started process (PID=12906) to work on /home/kai/Documents/airflowalura/venv/lib/python3.9/site-packages/airflow/example_dags/subdags/subdag.py
[2024-08-12 22:57:42,592] {processor.py:641} INFO - Processing file /home/kai/Documents/airflowalura/venv/lib/python3.9/site-packages/airflow/example_dags/subdags/subdag.py for tasks to queue
[2024-08-12 22:57:42,593] {logging_mixin.py:115} INFO - [2024-08-12 22:57:42,593] {dagbag.py:507} INFO - Filling up the DagBag from /home/kai/Documents/airflowalura/venv/lib/python3.9/site-packages/airflow/example_dags/subdags/subdag.py
[2024-08-12 22:57:42,594] {processor.py:653} WARNING - No viable dags retrieved from /home/kai/Documents/airflowalura/venv/lib/python3.9/site-packages/airflow/example_dags/subdags/subdag.py
[2024-08-12 22:57:42,606] {processor.py:161} INFO - Processing /home/kai/Documents/airflowalura/venv/lib/python3.9/site-packages/airflow/example_dags/subdags/subdag.py took 0.017 seconds
[2024-08-12 22:58:18,614] {processor.py:153} INFO - Started process (PID=13101) to work on /home/kai/Documents/airflowalura/venv/lib/python3.9/site-packages/airflow/example_dags/subdags/subdag.py
[2024-08-12 22:58:18,615] {processor.py:641} INFO - Processing file /home/kai/Documents/airflowalura/venv/lib/python3.9/site-packages/airflow/example_dags/subdags/subdag.py for tasks to queue
[2024-08-12 22:58:18,615] {logging_mixin.py:115} INFO - [2024-08-12 22:58:18,615] {dagbag.py:507} INFO - Filling up the DagBag from /home/kai/Documents/airflowalura/venv/lib/python3.9/site-packages/airflow/example_dags/subdags/subdag.py
[2024-08-12 22:58:18,617] {processor.py:653} WARNING - No viable dags retrieved from /home/kai/Documents/airflowalura/venv/lib/python3.9/site-packages/airflow/example_dags/subdags/subdag.py
[2024-08-12 22:58:18,627] {processor.py:161} INFO - Processing /home/kai/Documents/airflowalura/venv/lib/python3.9/site-packages/airflow/example_dags/subdags/subdag.py took 0.015 seconds
[2024-08-12 22:58:50,549] {processor.py:153} INFO - Started process (PID=13283) to work on /home/kai/Documents/airflowalura/venv/lib/python3.9/site-packages/airflow/example_dags/subdags/subdag.py
[2024-08-12 22:58:50,550] {processor.py:641} INFO - Processing file /home/kai/Documents/airflowalura/venv/lib/python3.9/site-packages/airflow/example_dags/subdags/subdag.py for tasks to queue
[2024-08-12 22:58:50,551] {logging_mixin.py:115} INFO - [2024-08-12 22:58:50,550] {dagbag.py:507} INFO - Filling up the DagBag from /home/kai/Documents/airflowalura/venv/lib/python3.9/site-packages/airflow/example_dags/subdags/subdag.py
[2024-08-12 22:58:50,552] {processor.py:653} WARNING - No viable dags retrieved from /home/kai/Documents/airflowalura/venv/lib/python3.9/site-packages/airflow/example_dags/subdags/subdag.py
[2024-08-12 22:58:50,561] {processor.py:161} INFO - Processing /home/kai/Documents/airflowalura/venv/lib/python3.9/site-packages/airflow/example_dags/subdags/subdag.py took 0.015 seconds
[2024-08-12 22:59:25,364] {processor.py:153} INFO - Started process (PID=13471) to work on /home/kai/Documents/airflowalura/venv/lib/python3.9/site-packages/airflow/example_dags/subdags/subdag.py
[2024-08-12 22:59:25,364] {processor.py:641} INFO - Processing file /home/kai/Documents/airflowalura/venv/lib/python3.9/site-packages/airflow/example_dags/subdags/subdag.py for tasks to queue
[2024-08-12 22:59:25,365] {logging_mixin.py:115} INFO - [2024-08-12 22:59:25,365] {dagbag.py:507} INFO - Filling up the DagBag from /home/kai/Documents/airflowalura/venv/lib/python3.9/site-packages/airflow/example_dags/subdags/subdag.py
[2024-08-12 22:59:25,366] {processor.py:653} WARNING - No viable dags retrieved from /home/kai/Documents/airflowalura/venv/lib/python3.9/site-packages/airflow/example_dags/subdags/subdag.py
[2024-08-12 22:59:25,375] {processor.py:161} INFO - Processing /home/kai/Documents/airflowalura/venv/lib/python3.9/site-packages/airflow/example_dags/subdags/subdag.py took 0.014 seconds
[2024-08-12 23:00:01,315] {processor.py:153} INFO - Started process (PID=13680) to work on /home/kai/Documents/airflowalura/venv/lib/python3.9/site-packages/airflow/example_dags/subdags/subdag.py
[2024-08-12 23:00:01,316] {processor.py:641} INFO - Processing file /home/kai/Documents/airflowalura/venv/lib/python3.9/site-packages/airflow/example_dags/subdags/subdag.py for tasks to queue
[2024-08-12 23:00:01,317] {logging_mixin.py:115} INFO - [2024-08-12 23:00:01,316] {dagbag.py:507} INFO - Filling up the DagBag from /home/kai/Documents/airflowalura/venv/lib/python3.9/site-packages/airflow/example_dags/subdags/subdag.py
[2024-08-12 23:00:01,318] {processor.py:653} WARNING - No viable dags retrieved from /home/kai/Documents/airflowalura/venv/lib/python3.9/site-packages/airflow/example_dags/subdags/subdag.py
[2024-08-12 23:00:01,327] {processor.py:161} INFO - Processing /home/kai/Documents/airflowalura/venv/lib/python3.9/site-packages/airflow/example_dags/subdags/subdag.py took 0.015 seconds
[2024-08-12 23:00:35,986] {processor.py:153} INFO - Started process (PID=13931) to work on /home/kai/Documents/airflowalura/venv/lib/python3.9/site-packages/airflow/example_dags/subdags/subdag.py
[2024-08-12 23:00:35,986] {processor.py:641} INFO - Processing file /home/kai/Documents/airflowalura/venv/lib/python3.9/site-packages/airflow/example_dags/subdags/subdag.py for tasks to queue
[2024-08-12 23:00:35,987] {logging_mixin.py:115} INFO - [2024-08-12 23:00:35,987] {dagbag.py:507} INFO - Filling up the DagBag from /home/kai/Documents/airflowalura/venv/lib/python3.9/site-packages/airflow/example_dags/subdags/subdag.py
[2024-08-12 23:00:35,988] {processor.py:653} WARNING - No viable dags retrieved from /home/kai/Documents/airflowalura/venv/lib/python3.9/site-packages/airflow/example_dags/subdags/subdag.py
[2024-08-12 23:00:35,997] {processor.py:161} INFO - Processing /home/kai/Documents/airflowalura/venv/lib/python3.9/site-packages/airflow/example_dags/subdags/subdag.py took 0.014 seconds
[2024-08-12 23:01:09,049] {processor.py:153} INFO - Started process (PID=14125) to work on /home/kai/Documents/airflowalura/venv/lib/python3.9/site-packages/airflow/example_dags/subdags/subdag.py
[2024-08-12 23:01:09,049] {processor.py:641} INFO - Processing file /home/kai/Documents/airflowalura/venv/lib/python3.9/site-packages/airflow/example_dags/subdags/subdag.py for tasks to queue
[2024-08-12 23:01:09,050] {logging_mixin.py:115} INFO - [2024-08-12 23:01:09,050] {dagbag.py:507} INFO - Filling up the DagBag from /home/kai/Documents/airflowalura/venv/lib/python3.9/site-packages/airflow/example_dags/subdags/subdag.py
[2024-08-12 23:01:09,051] {processor.py:653} WARNING - No viable dags retrieved from /home/kai/Documents/airflowalura/venv/lib/python3.9/site-packages/airflow/example_dags/subdags/subdag.py
[2024-08-12 23:01:09,059] {processor.py:161} INFO - Processing /home/kai/Documents/airflowalura/venv/lib/python3.9/site-packages/airflow/example_dags/subdags/subdag.py took 0.013 seconds
[2024-08-12 23:01:45,419] {processor.py:153} INFO - Started process (PID=14325) to work on /home/kai/Documents/airflowalura/venv/lib/python3.9/site-packages/airflow/example_dags/subdags/subdag.py
[2024-08-12 23:01:45,420] {processor.py:641} INFO - Processing file /home/kai/Documents/airflowalura/venv/lib/python3.9/site-packages/airflow/example_dags/subdags/subdag.py for tasks to queue
[2024-08-12 23:01:45,420] {logging_mixin.py:115} INFO - [2024-08-12 23:01:45,420] {dagbag.py:507} INFO - Filling up the DagBag from /home/kai/Documents/airflowalura/venv/lib/python3.9/site-packages/airflow/example_dags/subdags/subdag.py
[2024-08-12 23:01:45,422] {processor.py:653} WARNING - No viable dags retrieved from /home/kai/Documents/airflowalura/venv/lib/python3.9/site-packages/airflow/example_dags/subdags/subdag.py
[2024-08-12 23:01:45,431] {processor.py:161} INFO - Processing /home/kai/Documents/airflowalura/venv/lib/python3.9/site-packages/airflow/example_dags/subdags/subdag.py took 0.015 seconds
[2024-08-12 23:02:17,481] {processor.py:153} INFO - Started process (PID=14504) to work on /home/kai/Documents/airflowalura/venv/lib/python3.9/site-packages/airflow/example_dags/subdags/subdag.py
[2024-08-12 23:02:17,481] {processor.py:641} INFO - Processing file /home/kai/Documents/airflowalura/venv/lib/python3.9/site-packages/airflow/example_dags/subdags/subdag.py for tasks to queue
[2024-08-12 23:02:17,482] {logging_mixin.py:115} INFO - [2024-08-12 23:02:17,482] {dagbag.py:507} INFO - Filling up the DagBag from /home/kai/Documents/airflowalura/venv/lib/python3.9/site-packages/airflow/example_dags/subdags/subdag.py
[2024-08-12 23:02:17,483] {processor.py:653} WARNING - No viable dags retrieved from /home/kai/Documents/airflowalura/venv/lib/python3.9/site-packages/airflow/example_dags/subdags/subdag.py
[2024-08-12 23:02:17,492] {processor.py:161} INFO - Processing /home/kai/Documents/airflowalura/venv/lib/python3.9/site-packages/airflow/example_dags/subdags/subdag.py took 0.013 seconds
[2024-08-12 23:02:51,653] {processor.py:153} INFO - Started process (PID=14694) to work on /home/kai/Documents/airflowalura/venv/lib/python3.9/site-packages/airflow/example_dags/subdags/subdag.py
[2024-08-12 23:02:51,654] {processor.py:641} INFO - Processing file /home/kai/Documents/airflowalura/venv/lib/python3.9/site-packages/airflow/example_dags/subdags/subdag.py for tasks to queue
[2024-08-12 23:02:51,654] {logging_mixin.py:115} INFO - [2024-08-12 23:02:51,654] {dagbag.py:507} INFO - Filling up the DagBag from /home/kai/Documents/airflowalura/venv/lib/python3.9/site-packages/airflow/example_dags/subdags/subdag.py
[2024-08-12 23:02:51,656] {processor.py:653} WARNING - No viable dags retrieved from /home/kai/Documents/airflowalura/venv/lib/python3.9/site-packages/airflow/example_dags/subdags/subdag.py
[2024-08-12 23:02:51,665] {processor.py:161} INFO - Processing /home/kai/Documents/airflowalura/venv/lib/python3.9/site-packages/airflow/example_dags/subdags/subdag.py took 0.014 seconds
[2024-08-12 23:03:26,715] {processor.py:153} INFO - Started process (PID=14899) to work on /home/kai/Documents/airflowalura/venv/lib/python3.9/site-packages/airflow/example_dags/subdags/subdag.py
[2024-08-12 23:03:26,715] {processor.py:641} INFO - Processing file /home/kai/Documents/airflowalura/venv/lib/python3.9/site-packages/airflow/example_dags/subdags/subdag.py for tasks to queue
[2024-08-12 23:03:26,716] {logging_mixin.py:115} INFO - [2024-08-12 23:03:26,716] {dagbag.py:507} INFO - Filling up the DagBag from /home/kai/Documents/airflowalura/venv/lib/python3.9/site-packages/airflow/example_dags/subdags/subdag.py
[2024-08-12 23:03:26,717] {processor.py:653} WARNING - No viable dags retrieved from /home/kai/Documents/airflowalura/venv/lib/python3.9/site-packages/airflow/example_dags/subdags/subdag.py
[2024-08-12 23:03:26,728] {processor.py:161} INFO - Processing /home/kai/Documents/airflowalura/venv/lib/python3.9/site-packages/airflow/example_dags/subdags/subdag.py took 0.016 seconds
[2024-08-12 23:03:59,922] {processor.py:153} INFO - Started process (PID=15094) to work on /home/kai/Documents/airflowalura/venv/lib/python3.9/site-packages/airflow/example_dags/subdags/subdag.py
[2024-08-12 23:03:59,922] {processor.py:641} INFO - Processing file /home/kai/Documents/airflowalura/venv/lib/python3.9/site-packages/airflow/example_dags/subdags/subdag.py for tasks to queue
[2024-08-12 23:03:59,923] {logging_mixin.py:115} INFO - [2024-08-12 23:03:59,923] {dagbag.py:507} INFO - Filling up the DagBag from /home/kai/Documents/airflowalura/venv/lib/python3.9/site-packages/airflow/example_dags/subdags/subdag.py
[2024-08-12 23:03:59,924] {processor.py:653} WARNING - No viable dags retrieved from /home/kai/Documents/airflowalura/venv/lib/python3.9/site-packages/airflow/example_dags/subdags/subdag.py
[2024-08-12 23:03:59,934] {processor.py:161} INFO - Processing /home/kai/Documents/airflowalura/venv/lib/python3.9/site-packages/airflow/example_dags/subdags/subdag.py took 0.015 seconds
[2024-08-12 23:04:36,435] {processor.py:153} INFO - Started process (PID=15302) to work on /home/kai/Documents/airflowalura/venv/lib/python3.9/site-packages/airflow/example_dags/subdags/subdag.py
[2024-08-12 23:04:36,435] {processor.py:641} INFO - Processing file /home/kai/Documents/airflowalura/venv/lib/python3.9/site-packages/airflow/example_dags/subdags/subdag.py for tasks to queue
[2024-08-12 23:04:36,436] {logging_mixin.py:115} INFO - [2024-08-12 23:04:36,436] {dagbag.py:507} INFO - Filling up the DagBag from /home/kai/Documents/airflowalura/venv/lib/python3.9/site-packages/airflow/example_dags/subdags/subdag.py
[2024-08-12 23:04:36,437] {processor.py:653} WARNING - No viable dags retrieved from /home/kai/Documents/airflowalura/venv/lib/python3.9/site-packages/airflow/example_dags/subdags/subdag.py
[2024-08-12 23:04:36,449] {processor.py:161} INFO - Processing /home/kai/Documents/airflowalura/venv/lib/python3.9/site-packages/airflow/example_dags/subdags/subdag.py took 0.018 seconds
[2024-08-12 23:05:11,761] {processor.py:153} INFO - Started process (PID=15511) to work on /home/kai/Documents/airflowalura/venv/lib/python3.9/site-packages/airflow/example_dags/subdags/subdag.py
[2024-08-12 23:05:11,762] {processor.py:641} INFO - Processing file /home/kai/Documents/airflowalura/venv/lib/python3.9/site-packages/airflow/example_dags/subdags/subdag.py for tasks to queue
[2024-08-12 23:05:11,762] {logging_mixin.py:115} INFO - [2024-08-12 23:05:11,762] {dagbag.py:507} INFO - Filling up the DagBag from /home/kai/Documents/airflowalura/venv/lib/python3.9/site-packages/airflow/example_dags/subdags/subdag.py
[2024-08-12 23:05:11,763] {processor.py:653} WARNING - No viable dags retrieved from /home/kai/Documents/airflowalura/venv/lib/python3.9/site-packages/airflow/example_dags/subdags/subdag.py
[2024-08-12 23:05:11,772] {processor.py:161} INFO - Processing /home/kai/Documents/airflowalura/venv/lib/python3.9/site-packages/airflow/example_dags/subdags/subdag.py took 0.013 seconds
[2024-08-12 23:05:43,706] {processor.py:153} INFO - Started process (PID=15741) to work on /home/kai/Documents/airflowalura/venv/lib/python3.9/site-packages/airflow/example_dags/subdags/subdag.py
[2024-08-12 23:05:43,707] {processor.py:641} INFO - Processing file /home/kai/Documents/airflowalura/venv/lib/python3.9/site-packages/airflow/example_dags/subdags/subdag.py for tasks to queue
[2024-08-12 23:05:43,707] {logging_mixin.py:115} INFO - [2024-08-12 23:05:43,707] {dagbag.py:507} INFO - Filling up the DagBag from /home/kai/Documents/airflowalura/venv/lib/python3.9/site-packages/airflow/example_dags/subdags/subdag.py
[2024-08-12 23:05:43,708] {processor.py:653} WARNING - No viable dags retrieved from /home/kai/Documents/airflowalura/venv/lib/python3.9/site-packages/airflow/example_dags/subdags/subdag.py
[2024-08-12 23:05:43,720] {processor.py:161} INFO - Processing /home/kai/Documents/airflowalura/venv/lib/python3.9/site-packages/airflow/example_dags/subdags/subdag.py took 0.017 seconds
